<?xml version="1.0" encoding="UTF-8"?>
<testsuite xmlns:xsi="http://www.w3.org/2001/XMLSchema-instance" xsi:noNamespaceSchemaLocation="https://maven.apache.org/surefire/maven-failsafe-plugin/xsd/failsafe-test-report-3.0.xsd" version="3.0" name="starter.CucumberTestSuite" time="18.854" tests="50" errors="0" skipped="0" failures="0">
  <properties>
    <property name="java.specification.version" value="17"/>
    <property name="sun.jnu.encoding" value="UTF-8"/>
    <property name="java.class.path" value="/Users/macbookpro/Documents/Capstone_API_CI/target/test-classes:/Users/macbookpro/.m2/repository/net/serenity-bdd/serenity-core/3.5.1/serenity-core-3.5.1.jar:/Users/macbookpro/.m2/repository/net/serenity-bdd/serenity-model/3.5.1/serenity-model-3.5.1.jar:/Users/macbookpro/.m2/repository/org/apache/commons/commons-text/1.10.0/commons-text-1.10.0.jar:/Users/macbookpro/.m2/repository/commons-net/commons-net/3.8.0/commons-net-3.8.0.jar:/Users/macbookpro/.m2/repository/com/google/guava/guava/31.1-jre/guava-31.1-jre.jar:/Users/macbookpro/.m2/repository/com/google/guava/failureaccess/1.0.1/failureaccess-1.0.1.jar:/Users/macbookpro/.m2/repository/com/google/guava/listenablefuture/9999.0-empty-to-avoid-conflict-with-guava/listenablefuture-9999.0-empty-to-avoid-conflict-with-guava.jar:/Users/macbookpro/.m2/repository/com/google/code/findbugs/jsr305/3.0.2/jsr305-3.0.2.jar:/Users/macbookpro/.m2/repository/org/checkerframework/checker-qual/3.12.0/checker-qual-3.12.0.jar:/Users/macbookpro/.m2/repository/com/google/errorprone/error_prone_annotations/2.11.0/error_prone_annotations-2.11.0.jar:/Users/macbookpro/.m2/repository/com/google/j2objc/j2objc-annotations/1.3/j2objc-annotations-1.3.jar:/Users/macbookpro/.m2/repository/com/google/inject/guice/5.1.0/guice-5.1.0.jar:/Users/macbookpro/.m2/repository/javax/inject/javax.inject/1/javax.inject-1.jar:/Users/macbookpro/.m2/repository/aopalliance/aopalliance/1.0/aopalliance-1.0.jar:/Users/macbookpro/.m2/repository/org/jsoup/jsoup/1.14.3/jsoup-1.14.3.jar:/Users/macbookpro/.m2/repository/com/thoughtworks/xstream/xstream/1.4.19/xstream-1.4.19.jar:/Users/macbookpro/.m2/repository/io/github/x-stream/mxparser/1.2.2/mxparser-1.2.2.jar:/Users/macbookpro/.m2/repository/xmlpull/xmlpull/1.1.3.1/xmlpull-1.1.3.1.jar:/Users/macbookpro/.m2/repository/com/typesafe/config/1.4.2/config-1.4.2.jar:/Users/macbookpro/.m2/repository/org/imgscalr/imgscalr-lib/4.2/imgscalr-lib-4.2.jar:/Users/macbookpro/.m2/repository/org/awaitility/awaitility/4.2.0/awaitility-4.2.0.jar:/Users/macbookpro/.m2/repository/org/freemarker/freemarker/2.3.31/freemarker-2.3.31.jar:/Users/macbookpro/.m2/repository/io/github/classgraph/classgraph/4.8.138/classgraph-4.8.138.jar:/Users/macbookpro/.m2/repository/net/sourceforge/jexcelapi/jxl/2.6.12/jxl-2.6.12.jar:/Users/macbookpro/.m2/repository/net/bytebuddy/byte-buddy-agent/1.12.18/byte-buddy-agent-1.12.18.jar:/Users/macbookpro/.m2/repository/org/objenesis/objenesis/3.1/objenesis-3.1.jar:/Users/macbookpro/.m2/repository/net/serenity-bdd/serenity-reports/3.5.1/serenity-reports-3.5.1.jar:/Users/macbookpro/.m2/repository/net/serenity-bdd/serenity-stats/3.5.1/serenity-stats-3.5.1.jar:/Users/macbookpro/.m2/repository/net/serenity-bdd/serenity-reports-configuration/3.5.1/serenity-reports-configuration-3.5.1.jar:/Users/macbookpro/.m2/repository/com/vladsch/flexmark/flexmark-all/0.34.30/flexmark-all-0.34.30.jar:/Users/macbookpro/.m2/repository/com/vladsch/flexmark/flexmark/0.34.30/flexmark-0.34.30.jar:/Users/macbookpro/.m2/repository/com/vladsch/flexmark/flexmark-ext-abbreviation/0.34.30/flexmark-ext-abbreviation-0.34.30.jar:/Users/macbookpro/.m2/repository/com/vladsch/flexmark/flexmark-ext-admonition/0.34.30/flexmark-ext-admonition-0.34.30.jar:/Users/macbookpro/.m2/repository/com/vladsch/flexmark/flexmark-ext-anchorlink/0.34.30/flexmark-ext-anchorlink-0.34.30.jar:/Users/macbookpro/.m2/repository/com/vladsch/flexmark/flexmark-ext-aside/0.34.30/flexmark-ext-aside-0.34.30.jar:/Users/macbookpro/.m2/repository/com/vladsch/flexmark/flexmark-ext-attributes/0.34.30/flexmark-ext-attributes-0.34.30.jar:/Users/macbookpro/.m2/repository/com/vladsch/flexmark/flexmark-ext-autolink/0.34.30/flexmark-ext-autolink-0.34.30.jar:/Users/macbookpro/.m2/repository/org/nibor/autolink/autolink/0.6.0/autolink-0.6.0.jar:/Users/macbookpro/.m2/repository/com/vladsch/flexmark/flexmark-ext-definition/0.34.30/flexmark-ext-definition-0.34.30.jar:/Users/macbookpro/.m2/repository/com/vladsch/flexmark/flexmark-ext-emoji/0.34.30/flexmark-ext-emoji-0.34.30.jar:/Users/macbookpro/.m2/repository/com/vladsch/flexmark/flexmark-ext-enumerated-reference/0.34.30/flexmark-ext-enumerated-reference-0.34.30.jar:/Users/macbookpro/.m2/repository/com/vladsch/flexmark/flexmark-ext-escaped-character/0.34.30/flexmark-ext-escaped-character-0.34.30.jar:/Users/macbookpro/.m2/repository/com/vladsch/flexmark/flexmark-ext-footnotes/0.34.30/flexmark-ext-footnotes-0.34.30.jar:/Users/macbookpro/.m2/repository/com/vladsch/flexmark/flexmark-ext-gfm-issues/0.34.30/flexmark-ext-gfm-issues-0.34.30.jar:/Users/macbookpro/.m2/repository/com/vladsch/flexmark/flexmark-ext-gfm-strikethrough/0.34.30/flexmark-ext-gfm-strikethrough-0.34.30.jar:/Users/macbookpro/.m2/repository/com/vladsch/flexmark/flexmark-ext-gfm-tables/0.34.30/flexmark-ext-gfm-tables-0.34.30.jar:/Users/macbookpro/.m2/repository/com/vladsch/flexmark/flexmark-ext-gfm-tasklist/0.34.30/flexmark-ext-gfm-tasklist-0.34.30.jar:/Users/macbookpro/.m2/repository/com/vladsch/flexmark/flexmark-ext-gfm-users/0.34.30/flexmark-ext-gfm-users-0.34.30.jar:/Users/macbookpro/.m2/repository/com/vladsch/flexmark/flexmark-ext-gitlab/0.34.30/flexmark-ext-gitlab-0.34.30.jar:/Users/macbookpro/.m2/repository/com/vladsch/flexmark/flexmark-ext-jekyll-front-matter/0.34.30/flexmark-ext-jekyll-front-matter-0.34.30.jar:/Users/macbookpro/.m2/repository/com/vladsch/flexmark/flexmark-ext-jekyll-tag/0.34.30/flexmark-ext-jekyll-tag-0.34.30.jar:/Users/macbookpro/.m2/repository/com/vladsch/flexmark/flexmark-ext-media-tags/0.34.30/flexmark-ext-media-tags-0.34.30.jar:/Users/macbookpro/.m2/repository/com/vladsch/flexmark/flexmark-test-util/0.34.30/flexmark-test-util-0.34.30.jar:/Users/macbookpro/.m2/repository/com/vladsch/flexmark/flexmark-ext-ins/0.34.30/flexmark-ext-ins-0.34.30.jar:/Users/macbookpro/.m2/repository/com/vladsch/flexmark/flexmark-ext-xwiki-macros/0.34.30/flexmark-ext-xwiki-macros-0.34.30.jar:/Users/macbookpro/.m2/repository/com/vladsch/flexmark/flexmark-ext-superscript/0.34.30/flexmark-ext-superscript-0.34.30.jar:/Users/macbookpro/.m2/repository/com/vladsch/flexmark/flexmark-ext-tables/0.34.30/flexmark-ext-tables-0.34.30.jar:/Users/macbookpro/.m2/repository/com/vladsch/flexmark/flexmark-ext-toc/0.34.30/flexmark-ext-toc-0.34.30.jar:/Users/macbookpro/.m2/repository/com/vladsch/flexmark/flexmark-ext-typographic/0.34.30/flexmark-ext-typographic-0.34.30.jar:/Users/macbookpro/.m2/repository/com/vladsch/flexmark/flexmark-ext-wikilink/0.34.30/flexmark-ext-wikilink-0.34.30.jar:/Users/macbookpro/.m2/repository/com/vladsch/flexmark/flexmark-ext-yaml-front-matter/0.34.30/flexmark-ext-yaml-front-matter-0.34.30.jar:/Users/macbookpro/.m2/repository/com/vladsch/flexmark/flexmark-ext-youtube-embedded/0.34.30/flexmark-ext-youtube-embedded-0.34.30.jar:/Users/macbookpro/.m2/repository/com/vladsch/flexmark/flexmark-formatter/0.34.30/flexmark-formatter-0.34.30.jar:/Users/macbookpro/.m2/repository/com/vladsch/flexmark/flexmark-html-parser/0.34.30/flexmark-html-parser-0.34.30.jar:/Users/macbookpro/.m2/repository/com/vladsch/flexmark/flexmark-jira-converter/0.34.30/flexmark-jira-converter-0.34.30.jar:/Users/macbookpro/.m2/repository/com/vladsch/flexmark/flexmark-pdf-converter/0.34.30/flexmark-pdf-converter-0.34.30.jar:/Users/macbookpro/.m2/repository/com/openhtmltopdf/openhtmltopdf-core/0.0.1-RC13/openhtmltopdf-core-0.0.1-RC13.jar:/Users/macbookpro/.m2/repository/com/openhtmltopdf/openhtmltopdf-pdfbox/0.0.1-RC13/openhtmltopdf-pdfbox-0.0.1-RC13.jar:/Users/macbookpro/.m2/repository/org/apache/pdfbox/pdfbox/2.0.8/pdfbox-2.0.8.jar:/Users/macbookpro/.m2/repository/org/apache/pdfbox/fontbox/2.0.8/fontbox-2.0.8.jar:/Users/macbookpro/.m2/repository/org/apache/pdfbox/xmpbox/2.0.8/xmpbox-2.0.8.jar:/Users/macbookpro/.m2/repository/de/rototor/pdfbox/graphics2d/0.12/graphics2d-0.12.jar:/Users/macbookpro/.m2/repository/com/openhtmltopdf/openhtmltopdf-rtl-support/0.0.1-RC13/openhtmltopdf-rtl-support-0.0.1-RC13.jar:/Users/macbookpro/.m2/repository/com/ibm/icu/icu4j/59.1/icu4j-59.1.jar:/Users/macbookpro/.m2/repository/com/openhtmltopdf/openhtmltopdf-jsoup-dom-converter/0.0.1-RC13/openhtmltopdf-jsoup-dom-converter-0.0.1-RC13.jar:/Users/macbookpro/.m2/repository/com/vladsch/flexmark/flexmark-profile-pegdown/0.34.30/flexmark-profile-pegdown-0.34.30.jar:/Users/macbookpro/.m2/repository/com/vladsch/flexmark/flexmark-util/0.34.30/flexmark-util-0.34.30.jar:/Users/macbookpro/.m2/repository/com/vladsch/flexmark/flexmark-youtrack-converter/0.34.30/flexmark-youtrack-converter-0.34.30.jar:/Users/macbookpro/.m2/repository/es/nitaur/markdown/txtmark/0.16/txtmark-0.16.jar:/Users/macbookpro/.m2/repository/net/serenity-bdd/serenity-report-resources/3.5.1/serenity-report-resources-3.5.1.jar:/Users/macbookpro/.m2/repository/com/google/code/gson/gson/2.9.0/gson-2.9.0.jar:/Users/macbookpro/.m2/repository/com/fasterxml/jackson/core/jackson-core/2.13.4/jackson-core-2.13.4.jar:/Users/macbookpro/.m2/repository/com/fasterxml/jackson/core/jackson-databind/2.13.4/jackson-databind-2.13.4.jar:/Users/macbookpro/.m2/repository/com/fasterxml/jackson/core/jackson-annotations/2.13.4/jackson-annotations-2.13.4.jar:/Users/macbookpro/.m2/repository/commons-codec/commons-codec/1.15/commons-codec-1.15.jar:/Users/macbookpro/.m2/repository/commons-io/commons-io/2.11.0/commons-io-2.11.0.jar:/Users/macbookpro/.m2/repository/org/apache/httpcomponents/httpclient/4.5.13/httpclient-4.5.13.jar:/Users/macbookpro/.m2/repository/org/apache/httpcomponents/httpcore/4.4.13/httpcore-4.4.13.jar:/Users/macbookpro/.m2/repository/commons-logging/commons-logging/1.2/commons-logging-1.2.jar:/Users/macbookpro/.m2/repository/org/seleniumhq/selenium/selenium-java/4.7.1/selenium-java-4.7.1.jar:/Users/macbookpro/.m2/repository/org/seleniumhq/selenium/selenium-devtools-v106/4.7.1/selenium-devtools-v106-4.7.1.jar:/Users/macbookpro/.m2/repository/org/seleniumhq/selenium/selenium-devtools-v107/4.7.1/selenium-devtools-v107-4.7.1.jar:/Users/macbookpro/.m2/repository/org/seleniumhq/selenium/selenium-devtools-v108/4.7.1/selenium-devtools-v108-4.7.1.jar:/Users/macbookpro/.m2/repository/org/seleniumhq/selenium/selenium-devtools-v85/4.7.1/selenium-devtools-v85-4.7.1.jar:/Users/macbookpro/.m2/repository/org/seleniumhq/selenium/selenium-remote-driver/4.7.1/selenium-remote-driver-4.7.1.jar:/Users/macbookpro/.m2/repository/com/beust/jcommander/1.82/jcommander-1.82.jar:/Users/macbookpro/.m2/repository/io/netty/netty-buffer/4.1.84.Final/netty-buffer-4.1.84.Final.jar:/Users/macbookpro/.m2/repository/io/netty/netty-codec-http/4.1.84.Final/netty-codec-http-4.1.84.Final.jar:/Users/macbookpro/.m2/repository/io/netty/netty-codec/4.1.84.Final/netty-codec-4.1.84.Final.jar:/Users/macbookpro/.m2/repository/io/netty/netty-handler/4.1.84.Final/netty-handler-4.1.84.Final.jar:/Users/macbookpro/.m2/repository/io/netty/netty-common/4.1.84.Final/netty-common-4.1.84.Final.jar:/Users/macbookpro/.m2/repository/io/netty/netty-transport-classes-epoll/4.1.84.Final/netty-transport-classes-epoll-4.1.84.Final.jar:/Users/macbookpro/.m2/repository/io/netty/netty-transport-classes-kqueue/4.1.84.Final/netty-transport-classes-kqueue-4.1.84.Final.jar:/Users/macbookpro/.m2/repository/io/netty/netty-transport-native-epoll/4.1.84.Final/netty-transport-native-epoll-4.1.84.Final.jar:/Users/macbookpro/.m2/repository/io/netty/netty-transport-native-kqueue/4.1.84.Final/netty-transport-native-kqueue-4.1.84.Final.jar:/Users/macbookpro/.m2/repository/io/netty/netty-transport-native-unix-common/4.1.84.Final/netty-transport-native-unix-common-4.1.84.Final.jar:/Users/macbookpro/.m2/repository/io/netty/netty-transport/4.1.84.Final/netty-transport-4.1.84.Final.jar:/Users/macbookpro/.m2/repository/io/netty/netty-resolver/4.1.84.Final/netty-resolver-4.1.84.Final.jar:/Users/macbookpro/.m2/repository/io/opentelemetry/opentelemetry-api/1.19.0/opentelemetry-api-1.19.0.jar:/Users/macbookpro/.m2/repository/io/opentelemetry/opentelemetry-context/1.19.0/opentelemetry-context-1.19.0.jar:/Users/macbookpro/.m2/repository/io/opentelemetry/opentelemetry-exporter-logging/1.19.0/opentelemetry-exporter-logging-1.19.0.jar:/Users/macbookpro/.m2/repository/io/opentelemetry/opentelemetry-sdk-metrics/1.19.0/opentelemetry-sdk-metrics-1.19.0.jar:/Users/macbookpro/.m2/repository/io/opentelemetry/opentelemetry-sdk-logs/1.19.0-alpha/opentelemetry-sdk-logs-1.19.0-alpha.jar:/Users/macbookpro/.m2/repository/io/opentelemetry/opentelemetry-api-logs/1.19.0-alpha/opentelemetry-api-logs-1.19.0-alpha.jar:/Users/macbookpro/.m2/repository/io/opentelemetry/opentelemetry-sdk-common/1.19.0/opentelemetry-sdk-common-1.19.0.jar:/Users/macbookpro/.m2/repository/io/opentelemetry/opentelemetry-sdk-extension-autoconfigure-spi/1.19.0/opentelemetry-sdk-extension-autoconfigure-spi-1.19.0.jar:/Users/macbookpro/.m2/repository/io/opentelemetry/opentelemetry-sdk-extension-autoconfigure/1.19.0-alpha/opentelemetry-sdk-extension-autoconfigure-1.19.0-alpha.jar:/Users/macbookpro/.m2/repository/io/opentelemetry/opentelemetry-exporter-common/1.19.0/opentelemetry-exporter-common-1.19.0.jar:/Users/macbookpro/.m2/repository/io/opentelemetry/opentelemetry-sdk-trace/1.19.0/opentelemetry-sdk-trace-1.19.0.jar:/Users/macbookpro/.m2/repository/io/opentelemetry/opentelemetry-sdk/1.19.0/opentelemetry-sdk-1.19.0.jar:/Users/macbookpro/.m2/repository/io/opentelemetry/opentelemetry-semconv/1.19.0-alpha/opentelemetry-semconv-1.19.0-alpha.jar:/Users/macbookpro/.m2/repository/io/ous/jtoml/2.0.0/jtoml-2.0.0.jar:/Users/macbookpro/.m2/repository/org/apache/commons/commons-exec/1.3/commons-exec-1.3.jar:/Users/macbookpro/.m2/repository/org/asynchttpclient/async-http-client/2.12.3/async-http-client-2.12.3.jar:/Users/macbookpro/.m2/repository/org/asynchttpclient/async-http-client-netty-utils/2.12.3/async-http-client-netty-utils-2.12.3.jar:/Users/macbookpro/.m2/repository/io/netty/netty-codec-socks/4.1.60.Final/netty-codec-socks-4.1.60.Final.jar:/Users/macbookpro/.m2/repository/io/netty/netty-handler-proxy/4.1.60.Final/netty-handler-proxy-4.1.60.Final.jar:/Users/macbookpro/.m2/repository/io/netty/netty-transport-native-epoll/4.1.60.Final/netty-transport-native-epoll-4.1.60.Final-linux-x86_64.jar:/Users/macbookpro/.m2/repository/io/netty/netty-transport-native-kqueue/4.1.60.Final/netty-transport-native-kqueue-4.1.60.Final-osx-x86_64.jar:/Users/macbookpro/.m2/repository/org/reactivestreams/reactive-streams/1.0.3/reactive-streams-1.0.3.jar:/Users/macbookpro/.m2/repository/com/typesafe/netty/netty-reactive-streams/2.0.4/netty-reactive-streams-2.0.4.jar:/Users/macbookpro/.m2/repository/org/seleniumhq/selenium/selenium-manager/4.7.1/selenium-manager-4.7.1.jar:/Users/macbookpro/.m2/repository/org/seleniumhq/selenium/selenium-safari-driver/4.7.1/selenium-safari-driver-4.7.1.jar:/Users/macbookpro/.m2/repository/org/seleniumhq/selenium/selenium-api/4.7.1/selenium-api-4.7.1.jar:/Users/macbookpro/.m2/repository/org/seleniumhq/selenium/selenium-support/4.7.1/selenium-support-4.7.1.jar:/Users/macbookpro/.m2/repository/com/google/auto/service/auto-service-annotations/1.0.1/auto-service-annotations-1.0.1.jar:/Users/macbookpro/.m2/repository/com/google/auto/service/auto-service/1.0.1/auto-service-1.0.1.jar:/Users/macbookpro/.m2/repository/com/google/auto/auto-common/1.2/auto-common-1.2.jar:/Users/macbookpro/.m2/repository/org/seleniumhq/selenium/selenium-json/4.7.1/selenium-json-4.7.1.jar:/Users/macbookpro/.m2/repository/org/seleniumhq/selenium/selenium-chrome-driver/4.7.1/selenium-chrome-driver-4.7.1.jar:/Users/macbookpro/.m2/repository/org/seleniumhq/selenium/selenium-chromium-driver/4.7.1/selenium-chromium-driver-4.7.1.jar:/Users/macbookpro/.m2/repository/org/seleniumhq/selenium/selenium-firefox-driver/4.7.1/selenium-firefox-driver-4.7.1.jar:/Users/macbookpro/.m2/repository/org/seleniumhq/selenium/selenium-http/4.7.1/selenium-http-4.7.1.jar:/Users/macbookpro/.m2/repository/dev/failsafe/failsafe/3.3.0/failsafe-3.3.0.jar:/Users/macbookpro/.m2/repository/org/seleniumhq/selenium/selenium-edge-driver/4.7.1/selenium-edge-driver-4.7.1.jar:/Users/macbookpro/.m2/repository/org/seleniumhq/selenium/selenium-ie-driver/4.7.1/selenium-ie-driver-4.7.1.jar:/Users/macbookpro/.m2/repository/org/projectlombok/lombok/1.18.20/lombok-1.18.20.jar:/Users/macbookpro/.m2/repository/io/appium/java-client/8.3.0/java-client-8.3.0.jar:/Users/macbookpro/.m2/repository/commons-validator/commons-validator/1.7/commons-validator-1.7.jar:/Users/macbookpro/.m2/repository/commons-digester/commons-digester/2.1/commons-digester-2.1.jar:/Users/macbookpro/.m2/repository/org/apache/groovy/groovy/4.0.6/groovy-4.0.6.jar:/Users/macbookpro/.m2/repository/net/sf/opencsv/opencsv/2.0/opencsv-2.0.jar:/Users/macbookpro/.m2/repository/commons-beanutils/commons-beanutils/1.9.4/commons-beanutils-1.9.4.jar:/Users/macbookpro/.m2/repository/org/apache/commons/commons-lang3/3.12.0/commons-lang3-3.12.0.jar:/Users/macbookpro/.m2/repository/commons-collections/commons-collections/3.2.2/commons-collections-3.2.2.jar:/Users/macbookpro/.m2/repository/org/fluentlenium/fluentlenium-core/0.10.2/fluentlenium-core-0.10.2.jar:/Users/macbookpro/.m2/repository/io/github/bonigarcia/webdrivermanager/5.3.0/webdrivermanager-5.3.0.jar:/Users/macbookpro/.m2/repository/com/github/docker-java/docker-java/3.2.13/docker-java-3.2.13.jar:/Users/macbookpro/.m2/repository/com/github/docker-java/docker-java-core/3.2.13/docker-java-core-3.2.13.jar:/Users/macbookpro/.m2/repository/com/github/docker-java/docker-java-api/3.2.13/docker-java-api-3.2.13.jar:/Users/macbookpro/.m2/repository/org/apache/commons/commons-compress/1.21/commons-compress-1.21.jar:/Users/macbookpro/.m2/repository/org/bouncycastle/bcpkix-jdk15on/1.64/bcpkix-jdk15on-1.64.jar:/Users/macbookpro/.m2/repository/org/bouncycastle/bcprov-jdk15on/1.64/bcprov-jdk15on-1.64.jar:/Users/macbookpro/.m2/repository/org/slf4j/jcl-over-slf4j/1.7.30/jcl-over-slf4j-1.7.30.jar:/Users/macbookpro/.m2/repository/com/github/docker-java/docker-java-transport-httpclient5/3.2.13/docker-java-transport-httpclient5-3.2.13.jar:/Users/macbookpro/.m2/repository/com/github/docker-java/docker-java-transport/3.2.13/docker-java-transport-3.2.13.jar:/Users/macbookpro/.m2/repository/net/java/dev/jna/jna/5.8.0/jna-5.8.0.jar:/Users/macbookpro/.m2/repository/org/brotli/dec/0.1.2/dec-0.1.2.jar:/Users/macbookpro/.m2/repository/org/apache/httpcomponents/client5/httpclient5/5.1.3/httpclient5-5.1.3.jar:/Users/macbookpro/.m2/repository/org/apache/httpcomponents/core5/httpcore5/5.1.3/httpcore5-5.1.3.jar:/Users/macbookpro/.m2/repository/org/apache/httpcomponents/core5/httpcore5-h2/5.1.3/httpcore5-h2-5.1.3.jar:/Users/macbookpro/.m2/repository/com/jhlabs/filters/2.0.235/filters-2.0.235.jar:/Users/macbookpro/.m2/repository/com/paulhammant/ngwebdriver/1.1.6/ngwebdriver-1.1.6.jar:/Users/macbookpro/.m2/repository/joda-time/joda-time/2.8.2/joda-time-2.8.2.jar:/Users/macbookpro/.m2/repository/org/hamcrest/hamcrest/2.2/hamcrest-2.2.jar:/Users/macbookpro/.m2/repository/com/google/jimfs/jimfs/1.2/jimfs-1.2.jar:/Users/macbookpro/.m2/repository/org/mockito/mockito-core/3.3.3/mockito-core-3.3.3.jar:/Users/macbookpro/.m2/repository/javax/xml/bind/jaxb-api/2.3.1/jaxb-api-2.3.1.jar:/Users/macbookpro/.m2/repository/javax/activation/javax.activation-api/1.2.0/javax.activation-api-1.2.0.jar:/Users/macbookpro/.m2/repository/com/sun/xml/bind/jaxb-core/2.3.0.1/jaxb-core-2.3.0.1.jar:/Users/macbookpro/.m2/repository/com/sun/xml/bind/jaxb-impl/2.3.3/jaxb-impl-2.3.3.jar:/Users/macbookpro/.m2/repository/jakarta/xml/bind/jakarta.xml.bind-api/2.3.3/jakarta.xml.bind-api-2.3.3.jar:/Users/macbookpro/.m2/repository/com/sun/activation/jakarta.activation/1.2.2/jakarta.activation-1.2.2.jar:/Users/macbookpro/.m2/repository/javax/activation/activation/1.1.1/activation-1.1.1.jar:/Users/macbookpro/.m2/repository/net/serenity-bdd/serenity-cucumber/3.5.1/serenity-cucumber-3.5.1.jar:/Users/macbookpro/.m2/repository/io/cucumber/cucumber-core/7.8.1/cucumber-core-7.8.1.jar:/Users/macbookpro/.m2/repository/io/cucumber/cucumber-gherkin/7.8.1/cucumber-gherkin-7.8.1.jar:/Users/macbookpro/.m2/repository/io/cucumber/cucumber-gherkin-messages/7.8.1/cucumber-gherkin-messages-7.8.1.jar:/Users/macbookpro/.m2/repository/io/cucumber/gherkin/24.0.0/gherkin-24.0.0.jar:/Users/macbookpro/.m2/repository/io/cucumber/messages/19.1.4/messages-19.1.4.jar:/Users/macbookpro/.m2/repository/io/cucumber/tag-expressions/4.1.0/tag-expressions-4.1.0.jar:/Users/macbookpro/.m2/repository/io/cucumber/cucumber-expressions/16.0.0/cucumber-expressions-16.0.0.jar:/Users/macbookpro/.m2/repository/io/cucumber/datatable/7.8.1/datatable-7.8.1.jar:/Users/macbookpro/.m2/repository/io/cucumber/cucumber-plugin/7.8.1/cucumber-plugin-7.8.1.jar:/Users/macbookpro/.m2/repository/io/cucumber/docstring/7.8.1/docstring-7.8.1.jar:/Users/macbookpro/.m2/repository/io/cucumber/html-formatter/20.1.0/html-formatter-20.1.0.jar:/Users/macbookpro/.m2/repository/io/cucumber/ci-environment/9.1.0/ci-environment-9.1.0.jar:/Users/macbookpro/.m2/repository/io/cucumber/cucumber-java/7.8.1/cucumber-java-7.8.1.jar:/Users/macbookpro/.m2/repository/io/cucumber/cucumber-junit/7.8.1/cucumber-junit-7.8.1.jar:/Users/macbookpro/.m2/repository/org/apache/commons/commons-csv/1.5/commons-csv-1.5.jar:/Users/macbookpro/.m2/repository/net/serenity-bdd/serenity-screenplay/3.5.1/serenity-screenplay-3.5.1.jar:/Users/macbookpro/.m2/repository/net/serenity-bdd/serenity-screenplay-webdriver/3.5.1/serenity-screenplay-webdriver-3.5.1.jar:/Users/macbookpro/.m2/repository/net/serenity-bdd/serenity-ensure/3.5.1/serenity-ensure-3.5.1.jar:/Users/macbookpro/.m2/repository/net/serenity-bdd/serenity-junit/3.5.1/serenity-junit-3.5.1.jar:/Users/macbookpro/.m2/repository/org/jetbrains/kotlin/kotlin-stdlib/1.7.21/kotlin-stdlib-1.7.21.jar:/Users/macbookpro/.m2/repository/org/jetbrains/kotlin/kotlin-stdlib-common/1.7.21/kotlin-stdlib-common-1.7.21.jar:/Users/macbookpro/.m2/repository/org/jetbrains/annotations/13.0/annotations-13.0.jar:/Users/macbookpro/.m2/repository/org/junit/platform/junit-platform-launcher/1.8.2/junit-platform-launcher-1.8.2.jar:/Users/macbookpro/.m2/repository/org/junit/platform/junit-platform-engine/1.8.2/junit-platform-engine-1.8.2.jar:/Users/macbookpro/.m2/repository/org/junit/platform/junit-platform-commons/1.8.2/junit-platform-commons-1.8.2.jar:/Users/macbookpro/.m2/repository/org/apiguardian/apiguardian-api/1.1.2/apiguardian-api-1.1.2.jar:/Users/macbookpro/.m2/repository/org/junit/jupiter/junit-jupiter-engine/5.8.2/junit-jupiter-engine-5.8.2.jar:/Users/macbookpro/.m2/repository/org/junit/jupiter/junit-jupiter-api/5.8.2/junit-jupiter-api-5.8.2.jar:/Users/macbookpro/.m2/repository/org/junit/vintage/junit-vintage-engine/5.8.2/junit-vintage-engine-5.8.2.jar:/Users/macbookpro/.m2/repository/junit/junit/4.13.2/junit-4.13.2.jar:/Users/macbookpro/.m2/repository/org/hamcrest/hamcrest-core/1.3/hamcrest-core-1.3.jar:/Users/macbookpro/.m2/repository/ch/qos/logback/logback-classic/1.2.10/logback-classic-1.2.10.jar:/Users/macbookpro/.m2/repository/ch/qos/logback/logback-core/1.2.10/logback-core-1.2.10.jar:/Users/macbookpro/.m2/repository/org/slf4j/slf4j-api/1.7.32/slf4j-api-1.7.32.jar:/Users/macbookpro/.m2/repository/org/assertj/assertj-core/3.23.1/assertj-core-3.23.1.jar:/Users/macbookpro/.m2/repository/net/bytebuddy/byte-buddy/1.12.10/byte-buddy-1.12.10.jar:/Users/macbookpro/.m2/repository/net/serenity-bdd/serenity-rest-assured/3.5.1/serenity-rest-assured-3.5.1.jar:/Users/macbookpro/.m2/repository/org/apache/groovy/groovy-json/4.0.6/groovy-json-4.0.6.jar:/Users/macbookpro/.m2/repository/org/apache/groovy/groovy-xml/4.0.6/groovy-xml-4.0.6.jar:/Users/macbookpro/.m2/repository/org/opentest4j/opentest4j/1.2.0/opentest4j-1.2.0.jar:/Users/macbookpro/.m2/repository/io/rest-assured/rest-assured/5.2.0/rest-assured-5.2.0.jar:/Users/macbookpro/.m2/repository/org/apache/httpcomponents/httpmime/4.5.13/httpmime-4.5.13.jar:/Users/macbookpro/.m2/repository/org/ccil/cowan/tagsoup/tagsoup/1.2.1/tagsoup-1.2.1.jar:/Users/macbookpro/.m2/repository/io/rest-assured/json-path/5.2.0/json-path-5.2.0.jar:/Users/macbookpro/.m2/repository/io/rest-assured/rest-assured-common/5.2.0/rest-assured-common-5.2.0.jar:/Users/macbookpro/.m2/repository/io/rest-assured/xml-path/5.2.0/xml-path-5.2.0.jar:/Users/macbookpro/.m2/repository/org/json/json/20230227/json-20230227.jar:/Users/macbookpro/.m2/repository/com/github/javafaker/javafaker/0.15/javafaker-0.15.jar:/Users/macbookpro/.m2/repository/org/yaml/snakeyaml/1.20/snakeyaml-1.20-android.jar:/Users/macbookpro/.m2/repository/com/github/mifmif/generex/1.0.2/generex-1.0.2.jar:/Users/macbookpro/.m2/repository/dk/brics/automaton/automaton/1.11-8/automaton-1.11-8.jar:"/>
    <property name="java.vm.vendor" value="Amazon.com Inc."/>
    <property name="sun.arch.data.model" value="64"/>
    <property name="java.vendor.url" value="https://aws.amazon.com/corretto/"/>
    <property name="user.timezone" value="Asia/Jakarta"/>
    <property name="os.name" value="Mac OS X"/>
    <property name="java.vm.specification.version" value="17"/>
    <property name="sun.java.launcher" value="SUN_STANDARD"/>
    <property name="user.country" value="ID"/>
    <property name="sun.boot.library.path" value="/Users/macbookpro/Library/Java/JavaVirtualMachines/corretto-17.0.7/Contents/Home/lib"/>
    <property name="sun.java.command" value="org.apache.maven.surefire.booter.ForkedBooter /Users/macbookpro/Documents/Capstone_API_CI/target/surefire 2023-06-26T11-50-35_844-jvmRun1 surefire18182943479535002105tmp surefire_09506622245224148022tmp"/>
    <property name="http.nonProxyHosts" value="local|*.local|169.254/16|*.169.254/16"/>
    <property name="jdk.debug" value="release"/>
    <property name="surefire.test.class.path" value="/Users/macbookpro/Documents/Capstone_API_CI/target/test-classes:/Users/macbookpro/.m2/repository/net/serenity-bdd/serenity-core/3.5.1/serenity-core-3.5.1.jar:/Users/macbookpro/.m2/repository/net/serenity-bdd/serenity-model/3.5.1/serenity-model-3.5.1.jar:/Users/macbookpro/.m2/repository/org/apache/commons/commons-text/1.10.0/commons-text-1.10.0.jar:/Users/macbookpro/.m2/repository/commons-net/commons-net/3.8.0/commons-net-3.8.0.jar:/Users/macbookpro/.m2/repository/com/google/guava/guava/31.1-jre/guava-31.1-jre.jar:/Users/macbookpro/.m2/repository/com/google/guava/failureaccess/1.0.1/failureaccess-1.0.1.jar:/Users/macbookpro/.m2/repository/com/google/guava/listenablefuture/9999.0-empty-to-avoid-conflict-with-guava/listenablefuture-9999.0-empty-to-avoid-conflict-with-guava.jar:/Users/macbookpro/.m2/repository/com/google/code/findbugs/jsr305/3.0.2/jsr305-3.0.2.jar:/Users/macbookpro/.m2/repository/org/checkerframework/checker-qual/3.12.0/checker-qual-3.12.0.jar:/Users/macbookpro/.m2/repository/com/google/errorprone/error_prone_annotations/2.11.0/error_prone_annotations-2.11.0.jar:/Users/macbookpro/.m2/repository/com/google/j2objc/j2objc-annotations/1.3/j2objc-annotations-1.3.jar:/Users/macbookpro/.m2/repository/com/google/inject/guice/5.1.0/guice-5.1.0.jar:/Users/macbookpro/.m2/repository/javax/inject/javax.inject/1/javax.inject-1.jar:/Users/macbookpro/.m2/repository/aopalliance/aopalliance/1.0/aopalliance-1.0.jar:/Users/macbookpro/.m2/repository/org/jsoup/jsoup/1.14.3/jsoup-1.14.3.jar:/Users/macbookpro/.m2/repository/com/thoughtworks/xstream/xstream/1.4.19/xstream-1.4.19.jar:/Users/macbookpro/.m2/repository/io/github/x-stream/mxparser/1.2.2/mxparser-1.2.2.jar:/Users/macbookpro/.m2/repository/xmlpull/xmlpull/1.1.3.1/xmlpull-1.1.3.1.jar:/Users/macbookpro/.m2/repository/com/typesafe/config/1.4.2/config-1.4.2.jar:/Users/macbookpro/.m2/repository/org/imgscalr/imgscalr-lib/4.2/imgscalr-lib-4.2.jar:/Users/macbookpro/.m2/repository/org/awaitility/awaitility/4.2.0/awaitility-4.2.0.jar:/Users/macbookpro/.m2/repository/org/freemarker/freemarker/2.3.31/freemarker-2.3.31.jar:/Users/macbookpro/.m2/repository/io/github/classgraph/classgraph/4.8.138/classgraph-4.8.138.jar:/Users/macbookpro/.m2/repository/net/sourceforge/jexcelapi/jxl/2.6.12/jxl-2.6.12.jar:/Users/macbookpro/.m2/repository/net/bytebuddy/byte-buddy-agent/1.12.18/byte-buddy-agent-1.12.18.jar:/Users/macbookpro/.m2/repository/org/objenesis/objenesis/3.1/objenesis-3.1.jar:/Users/macbookpro/.m2/repository/net/serenity-bdd/serenity-reports/3.5.1/serenity-reports-3.5.1.jar:/Users/macbookpro/.m2/repository/net/serenity-bdd/serenity-stats/3.5.1/serenity-stats-3.5.1.jar:/Users/macbookpro/.m2/repository/net/serenity-bdd/serenity-reports-configuration/3.5.1/serenity-reports-configuration-3.5.1.jar:/Users/macbookpro/.m2/repository/com/vladsch/flexmark/flexmark-all/0.34.30/flexmark-all-0.34.30.jar:/Users/macbookpro/.m2/repository/com/vladsch/flexmark/flexmark/0.34.30/flexmark-0.34.30.jar:/Users/macbookpro/.m2/repository/com/vladsch/flexmark/flexmark-ext-abbreviation/0.34.30/flexmark-ext-abbreviation-0.34.30.jar:/Users/macbookpro/.m2/repository/com/vladsch/flexmark/flexmark-ext-admonition/0.34.30/flexmark-ext-admonition-0.34.30.jar:/Users/macbookpro/.m2/repository/com/vladsch/flexmark/flexmark-ext-anchorlink/0.34.30/flexmark-ext-anchorlink-0.34.30.jar:/Users/macbookpro/.m2/repository/com/vladsch/flexmark/flexmark-ext-aside/0.34.30/flexmark-ext-aside-0.34.30.jar:/Users/macbookpro/.m2/repository/com/vladsch/flexmark/flexmark-ext-attributes/0.34.30/flexmark-ext-attributes-0.34.30.jar:/Users/macbookpro/.m2/repository/com/vladsch/flexmark/flexmark-ext-autolink/0.34.30/flexmark-ext-autolink-0.34.30.jar:/Users/macbookpro/.m2/repository/org/nibor/autolink/autolink/0.6.0/autolink-0.6.0.jar:/Users/macbookpro/.m2/repository/com/vladsch/flexmark/flexmark-ext-definition/0.34.30/flexmark-ext-definition-0.34.30.jar:/Users/macbookpro/.m2/repository/com/vladsch/flexmark/flexmark-ext-emoji/0.34.30/flexmark-ext-emoji-0.34.30.jar:/Users/macbookpro/.m2/repository/com/vladsch/flexmark/flexmark-ext-enumerated-reference/0.34.30/flexmark-ext-enumerated-reference-0.34.30.jar:/Users/macbookpro/.m2/repository/com/vladsch/flexmark/flexmark-ext-escaped-character/0.34.30/flexmark-ext-escaped-character-0.34.30.jar:/Users/macbookpro/.m2/repository/com/vladsch/flexmark/flexmark-ext-footnotes/0.34.30/flexmark-ext-footnotes-0.34.30.jar:/Users/macbookpro/.m2/repository/com/vladsch/flexmark/flexmark-ext-gfm-issues/0.34.30/flexmark-ext-gfm-issues-0.34.30.jar:/Users/macbookpro/.m2/repository/com/vladsch/flexmark/flexmark-ext-gfm-strikethrough/0.34.30/flexmark-ext-gfm-strikethrough-0.34.30.jar:/Users/macbookpro/.m2/repository/com/vladsch/flexmark/flexmark-ext-gfm-tables/0.34.30/flexmark-ext-gfm-tables-0.34.30.jar:/Users/macbookpro/.m2/repository/com/vladsch/flexmark/flexmark-ext-gfm-tasklist/0.34.30/flexmark-ext-gfm-tasklist-0.34.30.jar:/Users/macbookpro/.m2/repository/com/vladsch/flexmark/flexmark-ext-gfm-users/0.34.30/flexmark-ext-gfm-users-0.34.30.jar:/Users/macbookpro/.m2/repository/com/vladsch/flexmark/flexmark-ext-gitlab/0.34.30/flexmark-ext-gitlab-0.34.30.jar:/Users/macbookpro/.m2/repository/com/vladsch/flexmark/flexmark-ext-jekyll-front-matter/0.34.30/flexmark-ext-jekyll-front-matter-0.34.30.jar:/Users/macbookpro/.m2/repository/com/vladsch/flexmark/flexmark-ext-jekyll-tag/0.34.30/flexmark-ext-jekyll-tag-0.34.30.jar:/Users/macbookpro/.m2/repository/com/vladsch/flexmark/flexmark-ext-media-tags/0.34.30/flexmark-ext-media-tags-0.34.30.jar:/Users/macbookpro/.m2/repository/com/vladsch/flexmark/flexmark-test-util/0.34.30/flexmark-test-util-0.34.30.jar:/Users/macbookpro/.m2/repository/com/vladsch/flexmark/flexmark-ext-ins/0.34.30/flexmark-ext-ins-0.34.30.jar:/Users/macbookpro/.m2/repository/com/vladsch/flexmark/flexmark-ext-xwiki-macros/0.34.30/flexmark-ext-xwiki-macros-0.34.30.jar:/Users/macbookpro/.m2/repository/com/vladsch/flexmark/flexmark-ext-superscript/0.34.30/flexmark-ext-superscript-0.34.30.jar:/Users/macbookpro/.m2/repository/com/vladsch/flexmark/flexmark-ext-tables/0.34.30/flexmark-ext-tables-0.34.30.jar:/Users/macbookpro/.m2/repository/com/vladsch/flexmark/flexmark-ext-toc/0.34.30/flexmark-ext-toc-0.34.30.jar:/Users/macbookpro/.m2/repository/com/vladsch/flexmark/flexmark-ext-typographic/0.34.30/flexmark-ext-typographic-0.34.30.jar:/Users/macbookpro/.m2/repository/com/vladsch/flexmark/flexmark-ext-wikilink/0.34.30/flexmark-ext-wikilink-0.34.30.jar:/Users/macbookpro/.m2/repository/com/vladsch/flexmark/flexmark-ext-yaml-front-matter/0.34.30/flexmark-ext-yaml-front-matter-0.34.30.jar:/Users/macbookpro/.m2/repository/com/vladsch/flexmark/flexmark-ext-youtube-embedded/0.34.30/flexmark-ext-youtube-embedded-0.34.30.jar:/Users/macbookpro/.m2/repository/com/vladsch/flexmark/flexmark-formatter/0.34.30/flexmark-formatter-0.34.30.jar:/Users/macbookpro/.m2/repository/com/vladsch/flexmark/flexmark-html-parser/0.34.30/flexmark-html-parser-0.34.30.jar:/Users/macbookpro/.m2/repository/com/vladsch/flexmark/flexmark-jira-converter/0.34.30/flexmark-jira-converter-0.34.30.jar:/Users/macbookpro/.m2/repository/com/vladsch/flexmark/flexmark-pdf-converter/0.34.30/flexmark-pdf-converter-0.34.30.jar:/Users/macbookpro/.m2/repository/com/openhtmltopdf/openhtmltopdf-core/0.0.1-RC13/openhtmltopdf-core-0.0.1-RC13.jar:/Users/macbookpro/.m2/repository/com/openhtmltopdf/openhtmltopdf-pdfbox/0.0.1-RC13/openhtmltopdf-pdfbox-0.0.1-RC13.jar:/Users/macbookpro/.m2/repository/org/apache/pdfbox/pdfbox/2.0.8/pdfbox-2.0.8.jar:/Users/macbookpro/.m2/repository/org/apache/pdfbox/fontbox/2.0.8/fontbox-2.0.8.jar:/Users/macbookpro/.m2/repository/org/apache/pdfbox/xmpbox/2.0.8/xmpbox-2.0.8.jar:/Users/macbookpro/.m2/repository/de/rototor/pdfbox/graphics2d/0.12/graphics2d-0.12.jar:/Users/macbookpro/.m2/repository/com/openhtmltopdf/openhtmltopdf-rtl-support/0.0.1-RC13/openhtmltopdf-rtl-support-0.0.1-RC13.jar:/Users/macbookpro/.m2/repository/com/ibm/icu/icu4j/59.1/icu4j-59.1.jar:/Users/macbookpro/.m2/repository/com/openhtmltopdf/openhtmltopdf-jsoup-dom-converter/0.0.1-RC13/openhtmltopdf-jsoup-dom-converter-0.0.1-RC13.jar:/Users/macbookpro/.m2/repository/com/vladsch/flexmark/flexmark-profile-pegdown/0.34.30/flexmark-profile-pegdown-0.34.30.jar:/Users/macbookpro/.m2/repository/com/vladsch/flexmark/flexmark-util/0.34.30/flexmark-util-0.34.30.jar:/Users/macbookpro/.m2/repository/com/vladsch/flexmark/flexmark-youtrack-converter/0.34.30/flexmark-youtrack-converter-0.34.30.jar:/Users/macbookpro/.m2/repository/es/nitaur/markdown/txtmark/0.16/txtmark-0.16.jar:/Users/macbookpro/.m2/repository/net/serenity-bdd/serenity-report-resources/3.5.1/serenity-report-resources-3.5.1.jar:/Users/macbookpro/.m2/repository/com/google/code/gson/gson/2.9.0/gson-2.9.0.jar:/Users/macbookpro/.m2/repository/com/fasterxml/jackson/core/jackson-core/2.13.4/jackson-core-2.13.4.jar:/Users/macbookpro/.m2/repository/com/fasterxml/jackson/core/jackson-databind/2.13.4/jackson-databind-2.13.4.jar:/Users/macbookpro/.m2/repository/com/fasterxml/jackson/core/jackson-annotations/2.13.4/jackson-annotations-2.13.4.jar:/Users/macbookpro/.m2/repository/commons-codec/commons-codec/1.15/commons-codec-1.15.jar:/Users/macbookpro/.m2/repository/commons-io/commons-io/2.11.0/commons-io-2.11.0.jar:/Users/macbookpro/.m2/repository/org/apache/httpcomponents/httpclient/4.5.13/httpclient-4.5.13.jar:/Users/macbookpro/.m2/repository/org/apache/httpcomponents/httpcore/4.4.13/httpcore-4.4.13.jar:/Users/macbookpro/.m2/repository/commons-logging/commons-logging/1.2/commons-logging-1.2.jar:/Users/macbookpro/.m2/repository/org/seleniumhq/selenium/selenium-java/4.7.1/selenium-java-4.7.1.jar:/Users/macbookpro/.m2/repository/org/seleniumhq/selenium/selenium-devtools-v106/4.7.1/selenium-devtools-v106-4.7.1.jar:/Users/macbookpro/.m2/repository/org/seleniumhq/selenium/selenium-devtools-v107/4.7.1/selenium-devtools-v107-4.7.1.jar:/Users/macbookpro/.m2/repository/org/seleniumhq/selenium/selenium-devtools-v108/4.7.1/selenium-devtools-v108-4.7.1.jar:/Users/macbookpro/.m2/repository/org/seleniumhq/selenium/selenium-devtools-v85/4.7.1/selenium-devtools-v85-4.7.1.jar:/Users/macbookpro/.m2/repository/org/seleniumhq/selenium/selenium-remote-driver/4.7.1/selenium-remote-driver-4.7.1.jar:/Users/macbookpro/.m2/repository/com/beust/jcommander/1.82/jcommander-1.82.jar:/Users/macbookpro/.m2/repository/io/netty/netty-buffer/4.1.84.Final/netty-buffer-4.1.84.Final.jar:/Users/macbookpro/.m2/repository/io/netty/netty-codec-http/4.1.84.Final/netty-codec-http-4.1.84.Final.jar:/Users/macbookpro/.m2/repository/io/netty/netty-codec/4.1.84.Final/netty-codec-4.1.84.Final.jar:/Users/macbookpro/.m2/repository/io/netty/netty-handler/4.1.84.Final/netty-handler-4.1.84.Final.jar:/Users/macbookpro/.m2/repository/io/netty/netty-common/4.1.84.Final/netty-common-4.1.84.Final.jar:/Users/macbookpro/.m2/repository/io/netty/netty-transport-classes-epoll/4.1.84.Final/netty-transport-classes-epoll-4.1.84.Final.jar:/Users/macbookpro/.m2/repository/io/netty/netty-transport-classes-kqueue/4.1.84.Final/netty-transport-classes-kqueue-4.1.84.Final.jar:/Users/macbookpro/.m2/repository/io/netty/netty-transport-native-epoll/4.1.84.Final/netty-transport-native-epoll-4.1.84.Final.jar:/Users/macbookpro/.m2/repository/io/netty/netty-transport-native-kqueue/4.1.84.Final/netty-transport-native-kqueue-4.1.84.Final.jar:/Users/macbookpro/.m2/repository/io/netty/netty-transport-native-unix-common/4.1.84.Final/netty-transport-native-unix-common-4.1.84.Final.jar:/Users/macbookpro/.m2/repository/io/netty/netty-transport/4.1.84.Final/netty-transport-4.1.84.Final.jar:/Users/macbookpro/.m2/repository/io/netty/netty-resolver/4.1.84.Final/netty-resolver-4.1.84.Final.jar:/Users/macbookpro/.m2/repository/io/opentelemetry/opentelemetry-api/1.19.0/opentelemetry-api-1.19.0.jar:/Users/macbookpro/.m2/repository/io/opentelemetry/opentelemetry-context/1.19.0/opentelemetry-context-1.19.0.jar:/Users/macbookpro/.m2/repository/io/opentelemetry/opentelemetry-exporter-logging/1.19.0/opentelemetry-exporter-logging-1.19.0.jar:/Users/macbookpro/.m2/repository/io/opentelemetry/opentelemetry-sdk-metrics/1.19.0/opentelemetry-sdk-metrics-1.19.0.jar:/Users/macbookpro/.m2/repository/io/opentelemetry/opentelemetry-sdk-logs/1.19.0-alpha/opentelemetry-sdk-logs-1.19.0-alpha.jar:/Users/macbookpro/.m2/repository/io/opentelemetry/opentelemetry-api-logs/1.19.0-alpha/opentelemetry-api-logs-1.19.0-alpha.jar:/Users/macbookpro/.m2/repository/io/opentelemetry/opentelemetry-sdk-common/1.19.0/opentelemetry-sdk-common-1.19.0.jar:/Users/macbookpro/.m2/repository/io/opentelemetry/opentelemetry-sdk-extension-autoconfigure-spi/1.19.0/opentelemetry-sdk-extension-autoconfigure-spi-1.19.0.jar:/Users/macbookpro/.m2/repository/io/opentelemetry/opentelemetry-sdk-extension-autoconfigure/1.19.0-alpha/opentelemetry-sdk-extension-autoconfigure-1.19.0-alpha.jar:/Users/macbookpro/.m2/repository/io/opentelemetry/opentelemetry-exporter-common/1.19.0/opentelemetry-exporter-common-1.19.0.jar:/Users/macbookpro/.m2/repository/io/opentelemetry/opentelemetry-sdk-trace/1.19.0/opentelemetry-sdk-trace-1.19.0.jar:/Users/macbookpro/.m2/repository/io/opentelemetry/opentelemetry-sdk/1.19.0/opentelemetry-sdk-1.19.0.jar:/Users/macbookpro/.m2/repository/io/opentelemetry/opentelemetry-semconv/1.19.0-alpha/opentelemetry-semconv-1.19.0-alpha.jar:/Users/macbookpro/.m2/repository/io/ous/jtoml/2.0.0/jtoml-2.0.0.jar:/Users/macbookpro/.m2/repository/org/apache/commons/commons-exec/1.3/commons-exec-1.3.jar:/Users/macbookpro/.m2/repository/org/asynchttpclient/async-http-client/2.12.3/async-http-client-2.12.3.jar:/Users/macbookpro/.m2/repository/org/asynchttpclient/async-http-client-netty-utils/2.12.3/async-http-client-netty-utils-2.12.3.jar:/Users/macbookpro/.m2/repository/io/netty/netty-codec-socks/4.1.60.Final/netty-codec-socks-4.1.60.Final.jar:/Users/macbookpro/.m2/repository/io/netty/netty-handler-proxy/4.1.60.Final/netty-handler-proxy-4.1.60.Final.jar:/Users/macbookpro/.m2/repository/io/netty/netty-transport-native-epoll/4.1.60.Final/netty-transport-native-epoll-4.1.60.Final-linux-x86_64.jar:/Users/macbookpro/.m2/repository/io/netty/netty-transport-native-kqueue/4.1.60.Final/netty-transport-native-kqueue-4.1.60.Final-osx-x86_64.jar:/Users/macbookpro/.m2/repository/org/reactivestreams/reactive-streams/1.0.3/reactive-streams-1.0.3.jar:/Users/macbookpro/.m2/repository/com/typesafe/netty/netty-reactive-streams/2.0.4/netty-reactive-streams-2.0.4.jar:/Users/macbookpro/.m2/repository/org/seleniumhq/selenium/selenium-manager/4.7.1/selenium-manager-4.7.1.jar:/Users/macbookpro/.m2/repository/org/seleniumhq/selenium/selenium-safari-driver/4.7.1/selenium-safari-driver-4.7.1.jar:/Users/macbookpro/.m2/repository/org/seleniumhq/selenium/selenium-api/4.7.1/selenium-api-4.7.1.jar:/Users/macbookpro/.m2/repository/org/seleniumhq/selenium/selenium-support/4.7.1/selenium-support-4.7.1.jar:/Users/macbookpro/.m2/repository/com/google/auto/service/auto-service-annotations/1.0.1/auto-service-annotations-1.0.1.jar:/Users/macbookpro/.m2/repository/com/google/auto/service/auto-service/1.0.1/auto-service-1.0.1.jar:/Users/macbookpro/.m2/repository/com/google/auto/auto-common/1.2/auto-common-1.2.jar:/Users/macbookpro/.m2/repository/org/seleniumhq/selenium/selenium-json/4.7.1/selenium-json-4.7.1.jar:/Users/macbookpro/.m2/repository/org/seleniumhq/selenium/selenium-chrome-driver/4.7.1/selenium-chrome-driver-4.7.1.jar:/Users/macbookpro/.m2/repository/org/seleniumhq/selenium/selenium-chromium-driver/4.7.1/selenium-chromium-driver-4.7.1.jar:/Users/macbookpro/.m2/repository/org/seleniumhq/selenium/selenium-firefox-driver/4.7.1/selenium-firefox-driver-4.7.1.jar:/Users/macbookpro/.m2/repository/org/seleniumhq/selenium/selenium-http/4.7.1/selenium-http-4.7.1.jar:/Users/macbookpro/.m2/repository/dev/failsafe/failsafe/3.3.0/failsafe-3.3.0.jar:/Users/macbookpro/.m2/repository/org/seleniumhq/selenium/selenium-edge-driver/4.7.1/selenium-edge-driver-4.7.1.jar:/Users/macbookpro/.m2/repository/org/seleniumhq/selenium/selenium-ie-driver/4.7.1/selenium-ie-driver-4.7.1.jar:/Users/macbookpro/.m2/repository/org/projectlombok/lombok/1.18.20/lombok-1.18.20.jar:/Users/macbookpro/.m2/repository/io/appium/java-client/8.3.0/java-client-8.3.0.jar:/Users/macbookpro/.m2/repository/commons-validator/commons-validator/1.7/commons-validator-1.7.jar:/Users/macbookpro/.m2/repository/commons-digester/commons-digester/2.1/commons-digester-2.1.jar:/Users/macbookpro/.m2/repository/org/apache/groovy/groovy/4.0.6/groovy-4.0.6.jar:/Users/macbookpro/.m2/repository/net/sf/opencsv/opencsv/2.0/opencsv-2.0.jar:/Users/macbookpro/.m2/repository/commons-beanutils/commons-beanutils/1.9.4/commons-beanutils-1.9.4.jar:/Users/macbookpro/.m2/repository/org/apache/commons/commons-lang3/3.12.0/commons-lang3-3.12.0.jar:/Users/macbookpro/.m2/repository/commons-collections/commons-collections/3.2.2/commons-collections-3.2.2.jar:/Users/macbookpro/.m2/repository/org/fluentlenium/fluentlenium-core/0.10.2/fluentlenium-core-0.10.2.jar:/Users/macbookpro/.m2/repository/io/github/bonigarcia/webdrivermanager/5.3.0/webdrivermanager-5.3.0.jar:/Users/macbookpro/.m2/repository/com/github/docker-java/docker-java/3.2.13/docker-java-3.2.13.jar:/Users/macbookpro/.m2/repository/com/github/docker-java/docker-java-core/3.2.13/docker-java-core-3.2.13.jar:/Users/macbookpro/.m2/repository/com/github/docker-java/docker-java-api/3.2.13/docker-java-api-3.2.13.jar:/Users/macbookpro/.m2/repository/org/apache/commons/commons-compress/1.21/commons-compress-1.21.jar:/Users/macbookpro/.m2/repository/org/bouncycastle/bcpkix-jdk15on/1.64/bcpkix-jdk15on-1.64.jar:/Users/macbookpro/.m2/repository/org/bouncycastle/bcprov-jdk15on/1.64/bcprov-jdk15on-1.64.jar:/Users/macbookpro/.m2/repository/org/slf4j/jcl-over-slf4j/1.7.30/jcl-over-slf4j-1.7.30.jar:/Users/macbookpro/.m2/repository/com/github/docker-java/docker-java-transport-httpclient5/3.2.13/docker-java-transport-httpclient5-3.2.13.jar:/Users/macbookpro/.m2/repository/com/github/docker-java/docker-java-transport/3.2.13/docker-java-transport-3.2.13.jar:/Users/macbookpro/.m2/repository/net/java/dev/jna/jna/5.8.0/jna-5.8.0.jar:/Users/macbookpro/.m2/repository/org/brotli/dec/0.1.2/dec-0.1.2.jar:/Users/macbookpro/.m2/repository/org/apache/httpcomponents/client5/httpclient5/5.1.3/httpclient5-5.1.3.jar:/Users/macbookpro/.m2/repository/org/apache/httpcomponents/core5/httpcore5/5.1.3/httpcore5-5.1.3.jar:/Users/macbookpro/.m2/repository/org/apache/httpcomponents/core5/httpcore5-h2/5.1.3/httpcore5-h2-5.1.3.jar:/Users/macbookpro/.m2/repository/com/jhlabs/filters/2.0.235/filters-2.0.235.jar:/Users/macbookpro/.m2/repository/com/paulhammant/ngwebdriver/1.1.6/ngwebdriver-1.1.6.jar:/Users/macbookpro/.m2/repository/joda-time/joda-time/2.8.2/joda-time-2.8.2.jar:/Users/macbookpro/.m2/repository/org/hamcrest/hamcrest/2.2/hamcrest-2.2.jar:/Users/macbookpro/.m2/repository/com/google/jimfs/jimfs/1.2/jimfs-1.2.jar:/Users/macbookpro/.m2/repository/org/mockito/mockito-core/3.3.3/mockito-core-3.3.3.jar:/Users/macbookpro/.m2/repository/javax/xml/bind/jaxb-api/2.3.1/jaxb-api-2.3.1.jar:/Users/macbookpro/.m2/repository/javax/activation/javax.activation-api/1.2.0/javax.activation-api-1.2.0.jar:/Users/macbookpro/.m2/repository/com/sun/xml/bind/jaxb-core/2.3.0.1/jaxb-core-2.3.0.1.jar:/Users/macbookpro/.m2/repository/com/sun/xml/bind/jaxb-impl/2.3.3/jaxb-impl-2.3.3.jar:/Users/macbookpro/.m2/repository/jakarta/xml/bind/jakarta.xml.bind-api/2.3.3/jakarta.xml.bind-api-2.3.3.jar:/Users/macbookpro/.m2/repository/com/sun/activation/jakarta.activation/1.2.2/jakarta.activation-1.2.2.jar:/Users/macbookpro/.m2/repository/javax/activation/activation/1.1.1/activation-1.1.1.jar:/Users/macbookpro/.m2/repository/net/serenity-bdd/serenity-cucumber/3.5.1/serenity-cucumber-3.5.1.jar:/Users/macbookpro/.m2/repository/io/cucumber/cucumber-core/7.8.1/cucumber-core-7.8.1.jar:/Users/macbookpro/.m2/repository/io/cucumber/cucumber-gherkin/7.8.1/cucumber-gherkin-7.8.1.jar:/Users/macbookpro/.m2/repository/io/cucumber/cucumber-gherkin-messages/7.8.1/cucumber-gherkin-messages-7.8.1.jar:/Users/macbookpro/.m2/repository/io/cucumber/gherkin/24.0.0/gherkin-24.0.0.jar:/Users/macbookpro/.m2/repository/io/cucumber/messages/19.1.4/messages-19.1.4.jar:/Users/macbookpro/.m2/repository/io/cucumber/tag-expressions/4.1.0/tag-expressions-4.1.0.jar:/Users/macbookpro/.m2/repository/io/cucumber/cucumber-expressions/16.0.0/cucumber-expressions-16.0.0.jar:/Users/macbookpro/.m2/repository/io/cucumber/datatable/7.8.1/datatable-7.8.1.jar:/Users/macbookpro/.m2/repository/io/cucumber/cucumber-plugin/7.8.1/cucumber-plugin-7.8.1.jar:/Users/macbookpro/.m2/repository/io/cucumber/docstring/7.8.1/docstring-7.8.1.jar:/Users/macbookpro/.m2/repository/io/cucumber/html-formatter/20.1.0/html-formatter-20.1.0.jar:/Users/macbookpro/.m2/repository/io/cucumber/ci-environment/9.1.0/ci-environment-9.1.0.jar:/Users/macbookpro/.m2/repository/io/cucumber/cucumber-java/7.8.1/cucumber-java-7.8.1.jar:/Users/macbookpro/.m2/repository/io/cucumber/cucumber-junit/7.8.1/cucumber-junit-7.8.1.jar:/Users/macbookpro/.m2/repository/org/apache/commons/commons-csv/1.5/commons-csv-1.5.jar:/Users/macbookpro/.m2/repository/net/serenity-bdd/serenity-screenplay/3.5.1/serenity-screenplay-3.5.1.jar:/Users/macbookpro/.m2/repository/net/serenity-bdd/serenity-screenplay-webdriver/3.5.1/serenity-screenplay-webdriver-3.5.1.jar:/Users/macbookpro/.m2/repository/net/serenity-bdd/serenity-ensure/3.5.1/serenity-ensure-3.5.1.jar:/Users/macbookpro/.m2/repository/net/serenity-bdd/serenity-junit/3.5.1/serenity-junit-3.5.1.jar:/Users/macbookpro/.m2/repository/org/jetbrains/kotlin/kotlin-stdlib/1.7.21/kotlin-stdlib-1.7.21.jar:/Users/macbookpro/.m2/repository/org/jetbrains/kotlin/kotlin-stdlib-common/1.7.21/kotlin-stdlib-common-1.7.21.jar:/Users/macbookpro/.m2/repository/org/jetbrains/annotations/13.0/annotations-13.0.jar:/Users/macbookpro/.m2/repository/org/junit/platform/junit-platform-launcher/1.8.2/junit-platform-launcher-1.8.2.jar:/Users/macbookpro/.m2/repository/org/junit/platform/junit-platform-engine/1.8.2/junit-platform-engine-1.8.2.jar:/Users/macbookpro/.m2/repository/org/junit/platform/junit-platform-commons/1.8.2/junit-platform-commons-1.8.2.jar:/Users/macbookpro/.m2/repository/org/apiguardian/apiguardian-api/1.1.2/apiguardian-api-1.1.2.jar:/Users/macbookpro/.m2/repository/org/junit/jupiter/junit-jupiter-engine/5.8.2/junit-jupiter-engine-5.8.2.jar:/Users/macbookpro/.m2/repository/org/junit/jupiter/junit-jupiter-api/5.8.2/junit-jupiter-api-5.8.2.jar:/Users/macbookpro/.m2/repository/org/junit/vintage/junit-vintage-engine/5.8.2/junit-vintage-engine-5.8.2.jar:/Users/macbookpro/.m2/repository/junit/junit/4.13.2/junit-4.13.2.jar:/Users/macbookpro/.m2/repository/org/hamcrest/hamcrest-core/1.3/hamcrest-core-1.3.jar:/Users/macbookpro/.m2/repository/ch/qos/logback/logback-classic/1.2.10/logback-classic-1.2.10.jar:/Users/macbookpro/.m2/repository/ch/qos/logback/logback-core/1.2.10/logback-core-1.2.10.jar:/Users/macbookpro/.m2/repository/org/slf4j/slf4j-api/1.7.32/slf4j-api-1.7.32.jar:/Users/macbookpro/.m2/repository/org/assertj/assertj-core/3.23.1/assertj-core-3.23.1.jar:/Users/macbookpro/.m2/repository/net/bytebuddy/byte-buddy/1.12.10/byte-buddy-1.12.10.jar:/Users/macbookpro/.m2/repository/net/serenity-bdd/serenity-rest-assured/3.5.1/serenity-rest-assured-3.5.1.jar:/Users/macbookpro/.m2/repository/org/apache/groovy/groovy-json/4.0.6/groovy-json-4.0.6.jar:/Users/macbookpro/.m2/repository/org/apache/groovy/groovy-xml/4.0.6/groovy-xml-4.0.6.jar:/Users/macbookpro/.m2/repository/org/opentest4j/opentest4j/1.2.0/opentest4j-1.2.0.jar:/Users/macbookpro/.m2/repository/io/rest-assured/rest-assured/5.2.0/rest-assured-5.2.0.jar:/Users/macbookpro/.m2/repository/org/apache/httpcomponents/httpmime/4.5.13/httpmime-4.5.13.jar:/Users/macbookpro/.m2/repository/org/ccil/cowan/tagsoup/tagsoup/1.2.1/tagsoup-1.2.1.jar:/Users/macbookpro/.m2/repository/io/rest-assured/json-path/5.2.0/json-path-5.2.0.jar:/Users/macbookpro/.m2/repository/io/rest-assured/rest-assured-common/5.2.0/rest-assured-common-5.2.0.jar:/Users/macbookpro/.m2/repository/io/rest-assured/xml-path/5.2.0/xml-path-5.2.0.jar:/Users/macbookpro/.m2/repository/org/json/json/20230227/json-20230227.jar:/Users/macbookpro/.m2/repository/com/github/javafaker/javafaker/0.15/javafaker-0.15.jar:/Users/macbookpro/.m2/repository/org/yaml/snakeyaml/1.20/snakeyaml-1.20-android.jar:/Users/macbookpro/.m2/repository/com/github/mifmif/generex/1.0.2/generex-1.0.2.jar:/Users/macbookpro/.m2/repository/dk/brics/automaton/automaton/1.11-8/automaton-1.11-8.jar:"/>
    <property name="sun.cpu.endian" value="little"/>
    <property name="user.home" value="/Users/macbookpro"/>
    <property name="user.language" value="en"/>
    <property name="java.specification.vendor" value="Oracle Corporation"/>
    <property name="jdk.module.path" value="/Users/macbookpro/Documents/Capstone_API_CI/target/API_REST-1.0-SNAPSHOT.jar"/>
    <property name="java.version.date" value="2023-04-18"/>
    <property name="java.home" value="/Users/macbookpro/Library/Java/JavaVirtualMachines/corretto-17.0.7/Contents/Home"/>
    <property name="file.separator" value="/"/>
    <property name="basedir" value="/Users/macbookpro/Documents/Capstone_API_CI"/>
    <property name="java.vm.compressedOopsMode" value="Zero based"/>
    <property name="line.separator" value="&#10;"/>
    <property name="java.vm.specification.vendor" value="Oracle Corporation"/>
    <property name="java.specification.name" value="Java Platform API Specification"/>
    <property name="surefire.real.class.path" value="/Users/macbookpro/.m2/repository/org/apache/maven/surefire/surefire-booter/3.0.0-M5/surefire-booter-3.0.0-M5.jar:/Users/macbookpro/.m2/repository/org/apache/maven/surefire/surefire-api/3.0.0-M5/surefire-api-3.0.0-M5.jar:/Users/macbookpro/.m2/repository/org/apache/maven/surefire/surefire-logger-api/3.0.0-M5/surefire-logger-api-3.0.0-M5.jar:/Users/macbookpro/.m2/repository/org/apache/maven/surefire/surefire-shared-utils/3.0.0-M4/surefire-shared-utils-3.0.0-M4.jar:/Users/macbookpro/.m2/repository/org/apache/maven/surefire/surefire-extensions-spi/3.0.0-M5/surefire-extensions-spi-3.0.0-M5.jar:/Users/macbookpro/Documents/Capstone_API_CI/target/test-classes:/Users/macbookpro/.m2/repository/net/serenity-bdd/serenity-core/3.5.1/serenity-core-3.5.1.jar:/Users/macbookpro/.m2/repository/net/serenity-bdd/serenity-model/3.5.1/serenity-model-3.5.1.jar:/Users/macbookpro/.m2/repository/org/apache/commons/commons-text/1.10.0/commons-text-1.10.0.jar:/Users/macbookpro/.m2/repository/commons-net/commons-net/3.8.0/commons-net-3.8.0.jar:/Users/macbookpro/.m2/repository/com/google/guava/guava/31.1-jre/guava-31.1-jre.jar:/Users/macbookpro/.m2/repository/com/google/guava/failureaccess/1.0.1/failureaccess-1.0.1.jar:/Users/macbookpro/.m2/repository/com/google/guava/listenablefuture/9999.0-empty-to-avoid-conflict-with-guava/listenablefuture-9999.0-empty-to-avoid-conflict-with-guava.jar:/Users/macbookpro/.m2/repository/com/google/code/findbugs/jsr305/3.0.2/jsr305-3.0.2.jar:/Users/macbookpro/.m2/repository/org/checkerframework/checker-qual/3.12.0/checker-qual-3.12.0.jar:/Users/macbookpro/.m2/repository/com/google/errorprone/error_prone_annotations/2.11.0/error_prone_annotations-2.11.0.jar:/Users/macbookpro/.m2/repository/com/google/j2objc/j2objc-annotations/1.3/j2objc-annotations-1.3.jar:/Users/macbookpro/.m2/repository/com/google/inject/guice/5.1.0/guice-5.1.0.jar:/Users/macbookpro/.m2/repository/javax/inject/javax.inject/1/javax.inject-1.jar:/Users/macbookpro/.m2/repository/aopalliance/aopalliance/1.0/aopalliance-1.0.jar:/Users/macbookpro/.m2/repository/org/jsoup/jsoup/1.14.3/jsoup-1.14.3.jar:/Users/macbookpro/.m2/repository/com/thoughtworks/xstream/xstream/1.4.19/xstream-1.4.19.jar:/Users/macbookpro/.m2/repository/io/github/x-stream/mxparser/1.2.2/mxparser-1.2.2.jar:/Users/macbookpro/.m2/repository/xmlpull/xmlpull/1.1.3.1/xmlpull-1.1.3.1.jar:/Users/macbookpro/.m2/repository/com/typesafe/config/1.4.2/config-1.4.2.jar:/Users/macbookpro/.m2/repository/org/imgscalr/imgscalr-lib/4.2/imgscalr-lib-4.2.jar:/Users/macbookpro/.m2/repository/org/awaitility/awaitility/4.2.0/awaitility-4.2.0.jar:/Users/macbookpro/.m2/repository/org/freemarker/freemarker/2.3.31/freemarker-2.3.31.jar:/Users/macbookpro/.m2/repository/io/github/classgraph/classgraph/4.8.138/classgraph-4.8.138.jar:/Users/macbookpro/.m2/repository/net/sourceforge/jexcelapi/jxl/2.6.12/jxl-2.6.12.jar:/Users/macbookpro/.m2/repository/net/bytebuddy/byte-buddy-agent/1.12.18/byte-buddy-agent-1.12.18.jar:/Users/macbookpro/.m2/repository/org/objenesis/objenesis/3.1/objenesis-3.1.jar:/Users/macbookpro/.m2/repository/net/serenity-bdd/serenity-reports/3.5.1/serenity-reports-3.5.1.jar:/Users/macbookpro/.m2/repository/net/serenity-bdd/serenity-stats/3.5.1/serenity-stats-3.5.1.jar:/Users/macbookpro/.m2/repository/net/serenity-bdd/serenity-reports-configuration/3.5.1/serenity-reports-configuration-3.5.1.jar:/Users/macbookpro/.m2/repository/com/vladsch/flexmark/flexmark-all/0.34.30/flexmark-all-0.34.30.jar:/Users/macbookpro/.m2/repository/com/vladsch/flexmark/flexmark/0.34.30/flexmark-0.34.30.jar:/Users/macbookpro/.m2/repository/com/vladsch/flexmark/flexmark-ext-abbreviation/0.34.30/flexmark-ext-abbreviation-0.34.30.jar:/Users/macbookpro/.m2/repository/com/vladsch/flexmark/flexmark-ext-admonition/0.34.30/flexmark-ext-admonition-0.34.30.jar:/Users/macbookpro/.m2/repository/com/vladsch/flexmark/flexmark-ext-anchorlink/0.34.30/flexmark-ext-anchorlink-0.34.30.jar:/Users/macbookpro/.m2/repository/com/vladsch/flexmark/flexmark-ext-aside/0.34.30/flexmark-ext-aside-0.34.30.jar:/Users/macbookpro/.m2/repository/com/vladsch/flexmark/flexmark-ext-attributes/0.34.30/flexmark-ext-attributes-0.34.30.jar:/Users/macbookpro/.m2/repository/com/vladsch/flexmark/flexmark-ext-autolink/0.34.30/flexmark-ext-autolink-0.34.30.jar:/Users/macbookpro/.m2/repository/org/nibor/autolink/autolink/0.6.0/autolink-0.6.0.jar:/Users/macbookpro/.m2/repository/com/vladsch/flexmark/flexmark-ext-definition/0.34.30/flexmark-ext-definition-0.34.30.jar:/Users/macbookpro/.m2/repository/com/vladsch/flexmark/flexmark-ext-emoji/0.34.30/flexmark-ext-emoji-0.34.30.jar:/Users/macbookpro/.m2/repository/com/vladsch/flexmark/flexmark-ext-enumerated-reference/0.34.30/flexmark-ext-enumerated-reference-0.34.30.jar:/Users/macbookpro/.m2/repository/com/vladsch/flexmark/flexmark-ext-escaped-character/0.34.30/flexmark-ext-escaped-character-0.34.30.jar:/Users/macbookpro/.m2/repository/com/vladsch/flexmark/flexmark-ext-footnotes/0.34.30/flexmark-ext-footnotes-0.34.30.jar:/Users/macbookpro/.m2/repository/com/vladsch/flexmark/flexmark-ext-gfm-issues/0.34.30/flexmark-ext-gfm-issues-0.34.30.jar:/Users/macbookpro/.m2/repository/com/vladsch/flexmark/flexmark-ext-gfm-strikethrough/0.34.30/flexmark-ext-gfm-strikethrough-0.34.30.jar:/Users/macbookpro/.m2/repository/com/vladsch/flexmark/flexmark-ext-gfm-tables/0.34.30/flexmark-ext-gfm-tables-0.34.30.jar:/Users/macbookpro/.m2/repository/com/vladsch/flexmark/flexmark-ext-gfm-tasklist/0.34.30/flexmark-ext-gfm-tasklist-0.34.30.jar:/Users/macbookpro/.m2/repository/com/vladsch/flexmark/flexmark-ext-gfm-users/0.34.30/flexmark-ext-gfm-users-0.34.30.jar:/Users/macbookpro/.m2/repository/com/vladsch/flexmark/flexmark-ext-gitlab/0.34.30/flexmark-ext-gitlab-0.34.30.jar:/Users/macbookpro/.m2/repository/com/vladsch/flexmark/flexmark-ext-jekyll-front-matter/0.34.30/flexmark-ext-jekyll-front-matter-0.34.30.jar:/Users/macbookpro/.m2/repository/com/vladsch/flexmark/flexmark-ext-jekyll-tag/0.34.30/flexmark-ext-jekyll-tag-0.34.30.jar:/Users/macbookpro/.m2/repository/com/vladsch/flexmark/flexmark-ext-media-tags/0.34.30/flexmark-ext-media-tags-0.34.30.jar:/Users/macbookpro/.m2/repository/com/vladsch/flexmark/flexmark-test-util/0.34.30/flexmark-test-util-0.34.30.jar:/Users/macbookpro/.m2/repository/com/vladsch/flexmark/flexmark-ext-ins/0.34.30/flexmark-ext-ins-0.34.30.jar:/Users/macbookpro/.m2/repository/com/vladsch/flexmark/flexmark-ext-xwiki-macros/0.34.30/flexmark-ext-xwiki-macros-0.34.30.jar:/Users/macbookpro/.m2/repository/com/vladsch/flexmark/flexmark-ext-superscript/0.34.30/flexmark-ext-superscript-0.34.30.jar:/Users/macbookpro/.m2/repository/com/vladsch/flexmark/flexmark-ext-tables/0.34.30/flexmark-ext-tables-0.34.30.jar:/Users/macbookpro/.m2/repository/com/vladsch/flexmark/flexmark-ext-toc/0.34.30/flexmark-ext-toc-0.34.30.jar:/Users/macbookpro/.m2/repository/com/vladsch/flexmark/flexmark-ext-typographic/0.34.30/flexmark-ext-typographic-0.34.30.jar:/Users/macbookpro/.m2/repository/com/vladsch/flexmark/flexmark-ext-wikilink/0.34.30/flexmark-ext-wikilink-0.34.30.jar:/Users/macbookpro/.m2/repository/com/vladsch/flexmark/flexmark-ext-yaml-front-matter/0.34.30/flexmark-ext-yaml-front-matter-0.34.30.jar:/Users/macbookpro/.m2/repository/com/vladsch/flexmark/flexmark-ext-youtube-embedded/0.34.30/flexmark-ext-youtube-embedded-0.34.30.jar:/Users/macbookpro/.m2/repository/com/vladsch/flexmark/flexmark-formatter/0.34.30/flexmark-formatter-0.34.30.jar:/Users/macbookpro/.m2/repository/com/vladsch/flexmark/flexmark-html-parser/0.34.30/flexmark-html-parser-0.34.30.jar:/Users/macbookpro/.m2/repository/com/vladsch/flexmark/flexmark-jira-converter/0.34.30/flexmark-jira-converter-0.34.30.jar:/Users/macbookpro/.m2/repository/com/vladsch/flexmark/flexmark-pdf-converter/0.34.30/flexmark-pdf-converter-0.34.30.jar:/Users/macbookpro/.m2/repository/com/openhtmltopdf/openhtmltopdf-core/0.0.1-RC13/openhtmltopdf-core-0.0.1-RC13.jar:/Users/macbookpro/.m2/repository/com/openhtmltopdf/openhtmltopdf-pdfbox/0.0.1-RC13/openhtmltopdf-pdfbox-0.0.1-RC13.jar:/Users/macbookpro/.m2/repository/org/apache/pdfbox/pdfbox/2.0.8/pdfbox-2.0.8.jar:/Users/macbookpro/.m2/repository/org/apache/pdfbox/fontbox/2.0.8/fontbox-2.0.8.jar:/Users/macbookpro/.m2/repository/org/apache/pdfbox/xmpbox/2.0.8/xmpbox-2.0.8.jar:/Users/macbookpro/.m2/repository/de/rototor/pdfbox/graphics2d/0.12/graphics2d-0.12.jar:/Users/macbookpro/.m2/repository/com/openhtmltopdf/openhtmltopdf-rtl-support/0.0.1-RC13/openhtmltopdf-rtl-support-0.0.1-RC13.jar:/Users/macbookpro/.m2/repository/com/ibm/icu/icu4j/59.1/icu4j-59.1.jar:/Users/macbookpro/.m2/repository/com/openhtmltopdf/openhtmltopdf-jsoup-dom-converter/0.0.1-RC13/openhtmltopdf-jsoup-dom-converter-0.0.1-RC13.jar:/Users/macbookpro/.m2/repository/com/vladsch/flexmark/flexmark-profile-pegdown/0.34.30/flexmark-profile-pegdown-0.34.30.jar:/Users/macbookpro/.m2/repository/com/vladsch/flexmark/flexmark-util/0.34.30/flexmark-util-0.34.30.jar:/Users/macbookpro/.m2/repository/com/vladsch/flexmark/flexmark-youtrack-converter/0.34.30/flexmark-youtrack-converter-0.34.30.jar:/Users/macbookpro/.m2/repository/es/nitaur/markdown/txtmark/0.16/txtmark-0.16.jar:/Users/macbookpro/.m2/repository/net/serenity-bdd/serenity-report-resources/3.5.1/serenity-report-resources-3.5.1.jar:/Users/macbookpro/.m2/repository/com/google/code/gson/gson/2.9.0/gson-2.9.0.jar:/Users/macbookpro/.m2/repository/com/fasterxml/jackson/core/jackson-core/2.13.4/jackson-core-2.13.4.jar:/Users/macbookpro/.m2/repository/com/fasterxml/jackson/core/jackson-databind/2.13.4/jackson-databind-2.13.4.jar:/Users/macbookpro/.m2/repository/com/fasterxml/jackson/core/jackson-annotations/2.13.4/jackson-annotations-2.13.4.jar:/Users/macbookpro/.m2/repository/commons-codec/commons-codec/1.15/commons-codec-1.15.jar:/Users/macbookpro/.m2/repository/commons-io/commons-io/2.11.0/commons-io-2.11.0.jar:/Users/macbookpro/.m2/repository/org/apache/httpcomponents/httpclient/4.5.13/httpclient-4.5.13.jar:/Users/macbookpro/.m2/repository/org/apache/httpcomponents/httpcore/4.4.13/httpcore-4.4.13.jar:/Users/macbookpro/.m2/repository/commons-logging/commons-logging/1.2/commons-logging-1.2.jar:/Users/macbookpro/.m2/repository/org/seleniumhq/selenium/selenium-java/4.7.1/selenium-java-4.7.1.jar:/Users/macbookpro/.m2/repository/org/seleniumhq/selenium/selenium-devtools-v106/4.7.1/selenium-devtools-v106-4.7.1.jar:/Users/macbookpro/.m2/repository/org/seleniumhq/selenium/selenium-devtools-v107/4.7.1/selenium-devtools-v107-4.7.1.jar:/Users/macbookpro/.m2/repository/org/seleniumhq/selenium/selenium-devtools-v108/4.7.1/selenium-devtools-v108-4.7.1.jar:/Users/macbookpro/.m2/repository/org/seleniumhq/selenium/selenium-devtools-v85/4.7.1/selenium-devtools-v85-4.7.1.jar:/Users/macbookpro/.m2/repository/org/seleniumhq/selenium/selenium-remote-driver/4.7.1/selenium-remote-driver-4.7.1.jar:/Users/macbookpro/.m2/repository/com/beust/jcommander/1.82/jcommander-1.82.jar:/Users/macbookpro/.m2/repository/io/netty/netty-buffer/4.1.84.Final/netty-buffer-4.1.84.Final.jar:/Users/macbookpro/.m2/repository/io/netty/netty-codec-http/4.1.84.Final/netty-codec-http-4.1.84.Final.jar:/Users/macbookpro/.m2/repository/io/netty/netty-codec/4.1.84.Final/netty-codec-4.1.84.Final.jar:/Users/macbookpro/.m2/repository/io/netty/netty-handler/4.1.84.Final/netty-handler-4.1.84.Final.jar:/Users/macbookpro/.m2/repository/io/netty/netty-common/4.1.84.Final/netty-common-4.1.84.Final.jar:/Users/macbookpro/.m2/repository/io/netty/netty-transport-classes-epoll/4.1.84.Final/netty-transport-classes-epoll-4.1.84.Final.jar:/Users/macbookpro/.m2/repository/io/netty/netty-transport-classes-kqueue/4.1.84.Final/netty-transport-classes-kqueue-4.1.84.Final.jar:/Users/macbookpro/.m2/repository/io/netty/netty-transport-native-epoll/4.1.84.Final/netty-transport-native-epoll-4.1.84.Final.jar:/Users/macbookpro/.m2/repository/io/netty/netty-transport-native-kqueue/4.1.84.Final/netty-transport-native-kqueue-4.1.84.Final.jar:/Users/macbookpro/.m2/repository/io/netty/netty-transport-native-unix-common/4.1.84.Final/netty-transport-native-unix-common-4.1.84.Final.jar:/Users/macbookpro/.m2/repository/io/netty/netty-transport/4.1.84.Final/netty-transport-4.1.84.Final.jar:/Users/macbookpro/.m2/repository/io/netty/netty-resolver/4.1.84.Final/netty-resolver-4.1.84.Final.jar:/Users/macbookpro/.m2/repository/io/opentelemetry/opentelemetry-api/1.19.0/opentelemetry-api-1.19.0.jar:/Users/macbookpro/.m2/repository/io/opentelemetry/opentelemetry-context/1.19.0/opentelemetry-context-1.19.0.jar:/Users/macbookpro/.m2/repository/io/opentelemetry/opentelemetry-exporter-logging/1.19.0/opentelemetry-exporter-logging-1.19.0.jar:/Users/macbookpro/.m2/repository/io/opentelemetry/opentelemetry-sdk-metrics/1.19.0/opentelemetry-sdk-metrics-1.19.0.jar:/Users/macbookpro/.m2/repository/io/opentelemetry/opentelemetry-sdk-logs/1.19.0-alpha/opentelemetry-sdk-logs-1.19.0-alpha.jar:/Users/macbookpro/.m2/repository/io/opentelemetry/opentelemetry-api-logs/1.19.0-alpha/opentelemetry-api-logs-1.19.0-alpha.jar:/Users/macbookpro/.m2/repository/io/opentelemetry/opentelemetry-sdk-common/1.19.0/opentelemetry-sdk-common-1.19.0.jar:/Users/macbookpro/.m2/repository/io/opentelemetry/opentelemetry-sdk-extension-autoconfigure-spi/1.19.0/opentelemetry-sdk-extension-autoconfigure-spi-1.19.0.jar:/Users/macbookpro/.m2/repository/io/opentelemetry/opentelemetry-sdk-extension-autoconfigure/1.19.0-alpha/opentelemetry-sdk-extension-autoconfigure-1.19.0-alpha.jar:/Users/macbookpro/.m2/repository/io/opentelemetry/opentelemetry-exporter-common/1.19.0/opentelemetry-exporter-common-1.19.0.jar:/Users/macbookpro/.m2/repository/io/opentelemetry/opentelemetry-sdk-trace/1.19.0/opentelemetry-sdk-trace-1.19.0.jar:/Users/macbookpro/.m2/repository/io/opentelemetry/opentelemetry-sdk/1.19.0/opentelemetry-sdk-1.19.0.jar:/Users/macbookpro/.m2/repository/io/opentelemetry/opentelemetry-semconv/1.19.0-alpha/opentelemetry-semconv-1.19.0-alpha.jar:/Users/macbookpro/.m2/repository/io/ous/jtoml/2.0.0/jtoml-2.0.0.jar:/Users/macbookpro/.m2/repository/org/apache/commons/commons-exec/1.3/commons-exec-1.3.jar:/Users/macbookpro/.m2/repository/org/asynchttpclient/async-http-client/2.12.3/async-http-client-2.12.3.jar:/Users/macbookpro/.m2/repository/org/asynchttpclient/async-http-client-netty-utils/2.12.3/async-http-client-netty-utils-2.12.3.jar:/Users/macbookpro/.m2/repository/io/netty/netty-codec-socks/4.1.60.Final/netty-codec-socks-4.1.60.Final.jar:/Users/macbookpro/.m2/repository/io/netty/netty-handler-proxy/4.1.60.Final/netty-handler-proxy-4.1.60.Final.jar:/Users/macbookpro/.m2/repository/io/netty/netty-transport-native-epoll/4.1.60.Final/netty-transport-native-epoll-4.1.60.Final-linux-x86_64.jar:/Users/macbookpro/.m2/repository/io/netty/netty-transport-native-kqueue/4.1.60.Final/netty-transport-native-kqueue-4.1.60.Final-osx-x86_64.jar:/Users/macbookpro/.m2/repository/org/reactivestreams/reactive-streams/1.0.3/reactive-streams-1.0.3.jar:/Users/macbookpro/.m2/repository/com/typesafe/netty/netty-reactive-streams/2.0.4/netty-reactive-streams-2.0.4.jar:/Users/macbookpro/.m2/repository/org/seleniumhq/selenium/selenium-manager/4.7.1/selenium-manager-4.7.1.jar:/Users/macbookpro/.m2/repository/org/seleniumhq/selenium/selenium-safari-driver/4.7.1/selenium-safari-driver-4.7.1.jar:/Users/macbookpro/.m2/repository/org/seleniumhq/selenium/selenium-api/4.7.1/selenium-api-4.7.1.jar:/Users/macbookpro/.m2/repository/org/seleniumhq/selenium/selenium-support/4.7.1/selenium-support-4.7.1.jar:/Users/macbookpro/.m2/repository/com/google/auto/service/auto-service-annotations/1.0.1/auto-service-annotations-1.0.1.jar:/Users/macbookpro/.m2/repository/com/google/auto/service/auto-service/1.0.1/auto-service-1.0.1.jar:/Users/macbookpro/.m2/repository/com/google/auto/auto-common/1.2/auto-common-1.2.jar:/Users/macbookpro/.m2/repository/org/seleniumhq/selenium/selenium-json/4.7.1/selenium-json-4.7.1.jar:/Users/macbookpro/.m2/repository/org/seleniumhq/selenium/selenium-chrome-driver/4.7.1/selenium-chrome-driver-4.7.1.jar:/Users/macbookpro/.m2/repository/org/seleniumhq/selenium/selenium-chromium-driver/4.7.1/selenium-chromium-driver-4.7.1.jar:/Users/macbookpro/.m2/repository/org/seleniumhq/selenium/selenium-firefox-driver/4.7.1/selenium-firefox-driver-4.7.1.jar:/Users/macbookpro/.m2/repository/org/seleniumhq/selenium/selenium-http/4.7.1/selenium-http-4.7.1.jar:/Users/macbookpro/.m2/repository/dev/failsafe/failsafe/3.3.0/failsafe-3.3.0.jar:/Users/macbookpro/.m2/repository/org/seleniumhq/selenium/selenium-edge-driver/4.7.1/selenium-edge-driver-4.7.1.jar:/Users/macbookpro/.m2/repository/org/seleniumhq/selenium/selenium-ie-driver/4.7.1/selenium-ie-driver-4.7.1.jar:/Users/macbookpro/.m2/repository/org/projectlombok/lombok/1.18.20/lombok-1.18.20.jar:/Users/macbookpro/.m2/repository/io/appium/java-client/8.3.0/java-client-8.3.0.jar:/Users/macbookpro/.m2/repository/commons-validator/commons-validator/1.7/commons-validator-1.7.jar:/Users/macbookpro/.m2/repository/commons-digester/commons-digester/2.1/commons-digester-2.1.jar:/Users/macbookpro/.m2/repository/org/apache/groovy/groovy/4.0.6/groovy-4.0.6.jar:/Users/macbookpro/.m2/repository/net/sf/opencsv/opencsv/2.0/opencsv-2.0.jar:/Users/macbookpro/.m2/repository/commons-beanutils/commons-beanutils/1.9.4/commons-beanutils-1.9.4.jar:/Users/macbookpro/.m2/repository/org/apache/commons/commons-lang3/3.12.0/commons-lang3-3.12.0.jar:/Users/macbookpro/.m2/repository/commons-collections/commons-collections/3.2.2/commons-collections-3.2.2.jar:/Users/macbookpro/.m2/repository/org/fluentlenium/fluentlenium-core/0.10.2/fluentlenium-core-0.10.2.jar:/Users/macbookpro/.m2/repository/io/github/bonigarcia/webdrivermanager/5.3.0/webdrivermanager-5.3.0.jar:/Users/macbookpro/.m2/repository/com/github/docker-java/docker-java/3.2.13/docker-java-3.2.13.jar:/Users/macbookpro/.m2/repository/com/github/docker-java/docker-java-core/3.2.13/docker-java-core-3.2.13.jar:/Users/macbookpro/.m2/repository/com/github/docker-java/docker-java-api/3.2.13/docker-java-api-3.2.13.jar:/Users/macbookpro/.m2/repository/org/apache/commons/commons-compress/1.21/commons-compress-1.21.jar:/Users/macbookpro/.m2/repository/org/bouncycastle/bcpkix-jdk15on/1.64/bcpkix-jdk15on-1.64.jar:/Users/macbookpro/.m2/repository/org/bouncycastle/bcprov-jdk15on/1.64/bcprov-jdk15on-1.64.jar:/Users/macbookpro/.m2/repository/org/slf4j/jcl-over-slf4j/1.7.30/jcl-over-slf4j-1.7.30.jar:/Users/macbookpro/.m2/repository/com/github/docker-java/docker-java-transport-httpclient5/3.2.13/docker-java-transport-httpclient5-3.2.13.jar:/Users/macbookpro/.m2/repository/com/github/docker-java/docker-java-transport/3.2.13/docker-java-transport-3.2.13.jar:/Users/macbookpro/.m2/repository/net/java/dev/jna/jna/5.8.0/jna-5.8.0.jar:/Users/macbookpro/.m2/repository/org/brotli/dec/0.1.2/dec-0.1.2.jar:/Users/macbookpro/.m2/repository/org/apache/httpcomponents/client5/httpclient5/5.1.3/httpclient5-5.1.3.jar:/Users/macbookpro/.m2/repository/org/apache/httpcomponents/core5/httpcore5/5.1.3/httpcore5-5.1.3.jar:/Users/macbookpro/.m2/repository/org/apache/httpcomponents/core5/httpcore5-h2/5.1.3/httpcore5-h2-5.1.3.jar:/Users/macbookpro/.m2/repository/com/jhlabs/filters/2.0.235/filters-2.0.235.jar:/Users/macbookpro/.m2/repository/com/paulhammant/ngwebdriver/1.1.6/ngwebdriver-1.1.6.jar:/Users/macbookpro/.m2/repository/joda-time/joda-time/2.8.2/joda-time-2.8.2.jar:/Users/macbookpro/.m2/repository/org/hamcrest/hamcrest/2.2/hamcrest-2.2.jar:/Users/macbookpro/.m2/repository/com/google/jimfs/jimfs/1.2/jimfs-1.2.jar:/Users/macbookpro/.m2/repository/org/mockito/mockito-core/3.3.3/mockito-core-3.3.3.jar:/Users/macbookpro/.m2/repository/javax/xml/bind/jaxb-api/2.3.1/jaxb-api-2.3.1.jar:/Users/macbookpro/.m2/repository/javax/activation/javax.activation-api/1.2.0/javax.activation-api-1.2.0.jar:/Users/macbookpro/.m2/repository/com/sun/xml/bind/jaxb-core/2.3.0.1/jaxb-core-2.3.0.1.jar:/Users/macbookpro/.m2/repository/com/sun/xml/bind/jaxb-impl/2.3.3/jaxb-impl-2.3.3.jar:/Users/macbookpro/.m2/repository/jakarta/xml/bind/jakarta.xml.bind-api/2.3.3/jakarta.xml.bind-api-2.3.3.jar:/Users/macbookpro/.m2/repository/com/sun/activation/jakarta.activation/1.2.2/jakarta.activation-1.2.2.jar:/Users/macbookpro/.m2/repository/javax/activation/activation/1.1.1/activation-1.1.1.jar:/Users/macbookpro/.m2/repository/net/serenity-bdd/serenity-cucumber/3.5.1/serenity-cucumber-3.5.1.jar:/Users/macbookpro/.m2/repository/io/cucumber/cucumber-core/7.8.1/cucumber-core-7.8.1.jar:/Users/macbookpro/.m2/repository/io/cucumber/cucumber-gherkin/7.8.1/cucumber-gherkin-7.8.1.jar:/Users/macbookpro/.m2/repository/io/cucumber/cucumber-gherkin-messages/7.8.1/cucumber-gherkin-messages-7.8.1.jar:/Users/macbookpro/.m2/repository/io/cucumber/gherkin/24.0.0/gherkin-24.0.0.jar:/Users/macbookpro/.m2/repository/io/cucumber/messages/19.1.4/messages-19.1.4.jar:/Users/macbookpro/.m2/repository/io/cucumber/tag-expressions/4.1.0/tag-expressions-4.1.0.jar:/Users/macbookpro/.m2/repository/io/cucumber/cucumber-expressions/16.0.0/cucumber-expressions-16.0.0.jar:/Users/macbookpro/.m2/repository/io/cucumber/datatable/7.8.1/datatable-7.8.1.jar:/Users/macbookpro/.m2/repository/io/cucumber/cucumber-plugin/7.8.1/cucumber-plugin-7.8.1.jar:/Users/macbookpro/.m2/repository/io/cucumber/docstring/7.8.1/docstring-7.8.1.jar:/Users/macbookpro/.m2/repository/io/cucumber/html-formatter/20.1.0/html-formatter-20.1.0.jar:/Users/macbookpro/.m2/repository/io/cucumber/ci-environment/9.1.0/ci-environment-9.1.0.jar:/Users/macbookpro/.m2/repository/io/cucumber/cucumber-java/7.8.1/cucumber-java-7.8.1.jar:/Users/macbookpro/.m2/repository/io/cucumber/cucumber-junit/7.8.1/cucumber-junit-7.8.1.jar:/Users/macbookpro/.m2/repository/org/apache/commons/commons-csv/1.5/commons-csv-1.5.jar:/Users/macbookpro/.m2/repository/net/serenity-bdd/serenity-screenplay/3.5.1/serenity-screenplay-3.5.1.jar:/Users/macbookpro/.m2/repository/net/serenity-bdd/serenity-screenplay-webdriver/3.5.1/serenity-screenplay-webdriver-3.5.1.jar:/Users/macbookpro/.m2/repository/net/serenity-bdd/serenity-ensure/3.5.1/serenity-ensure-3.5.1.jar:/Users/macbookpro/.m2/repository/net/serenity-bdd/serenity-junit/3.5.1/serenity-junit-3.5.1.jar:/Users/macbookpro/.m2/repository/org/jetbrains/kotlin/kotlin-stdlib/1.7.21/kotlin-stdlib-1.7.21.jar:/Users/macbookpro/.m2/repository/org/jetbrains/kotlin/kotlin-stdlib-common/1.7.21/kotlin-stdlib-common-1.7.21.jar:/Users/macbookpro/.m2/repository/org/jetbrains/annotations/13.0/annotations-13.0.jar:/Users/macbookpro/.m2/repository/org/junit/platform/junit-platform-launcher/1.8.2/junit-platform-launcher-1.8.2.jar:/Users/macbookpro/.m2/repository/org/junit/platform/junit-platform-engine/1.8.2/junit-platform-engine-1.8.2.jar:/Users/macbookpro/.m2/repository/org/junit/platform/junit-platform-commons/1.8.2/junit-platform-commons-1.8.2.jar:/Users/macbookpro/.m2/repository/org/apiguardian/apiguardian-api/1.1.2/apiguardian-api-1.1.2.jar:/Users/macbookpro/.m2/repository/org/junit/jupiter/junit-jupiter-engine/5.8.2/junit-jupiter-engine-5.8.2.jar:/Users/macbookpro/.m2/repository/org/junit/jupiter/junit-jupiter-api/5.8.2/junit-jupiter-api-5.8.2.jar:/Users/macbookpro/.m2/repository/org/junit/vintage/junit-vintage-engine/5.8.2/junit-vintage-engine-5.8.2.jar:/Users/macbookpro/.m2/repository/junit/junit/4.13.2/junit-4.13.2.jar:/Users/macbookpro/.m2/repository/org/hamcrest/hamcrest-core/1.3/hamcrest-core-1.3.jar:/Users/macbookpro/.m2/repository/ch/qos/logback/logback-classic/1.2.10/logback-classic-1.2.10.jar:/Users/macbookpro/.m2/repository/ch/qos/logback/logback-core/1.2.10/logback-core-1.2.10.jar:/Users/macbookpro/.m2/repository/org/slf4j/slf4j-api/1.7.32/slf4j-api-1.7.32.jar:/Users/macbookpro/.m2/repository/org/assertj/assertj-core/3.23.1/assertj-core-3.23.1.jar:/Users/macbookpro/.m2/repository/net/bytebuddy/byte-buddy/1.12.10/byte-buddy-1.12.10.jar:/Users/macbookpro/.m2/repository/net/serenity-bdd/serenity-rest-assured/3.5.1/serenity-rest-assured-3.5.1.jar:/Users/macbookpro/.m2/repository/org/apache/groovy/groovy-json/4.0.6/groovy-json-4.0.6.jar:/Users/macbookpro/.m2/repository/org/apache/groovy/groovy-xml/4.0.6/groovy-xml-4.0.6.jar:/Users/macbookpro/.m2/repository/org/opentest4j/opentest4j/1.2.0/opentest4j-1.2.0.jar:/Users/macbookpro/.m2/repository/io/rest-assured/rest-assured/5.2.0/rest-assured-5.2.0.jar:/Users/macbookpro/.m2/repository/org/apache/httpcomponents/httpmime/4.5.13/httpmime-4.5.13.jar:/Users/macbookpro/.m2/repository/org/ccil/cowan/tagsoup/tagsoup/1.2.1/tagsoup-1.2.1.jar:/Users/macbookpro/.m2/repository/io/rest-assured/json-path/5.2.0/json-path-5.2.0.jar:/Users/macbookpro/.m2/repository/io/rest-assured/rest-assured-common/5.2.0/rest-assured-common-5.2.0.jar:/Users/macbookpro/.m2/repository/io/rest-assured/xml-path/5.2.0/xml-path-5.2.0.jar:/Users/macbookpro/.m2/repository/org/json/json/20230227/json-20230227.jar:/Users/macbookpro/.m2/repository/com/github/javafaker/javafaker/0.15/javafaker-0.15.jar:/Users/macbookpro/.m2/repository/org/yaml/snakeyaml/1.20/snakeyaml-1.20-android.jar:/Users/macbookpro/.m2/repository/com/github/mifmif/generex/1.0.2/generex-1.0.2.jar:/Users/macbookpro/.m2/repository/dk/brics/automaton/automaton/1.11-8/automaton-1.11-8.jar:/Users/macbookpro/.m2/repository/org/apache/maven/surefire/surefire-junit-platform/3.0.0-M5/surefire-junit-platform-3.0.0-M5.jar:/Users/macbookpro/.m2/repository/org/apache/maven/surefire/common-java5/3.0.0-M5/common-java5-3.0.0-M5.jar"/>
    <property name="sun.management.compiler" value="HotSpot 64-Bit Tiered Compilers"/>
    <property name="ftp.nonProxyHosts" value="local|*.local|169.254/16|*.169.254/16"/>
    <property name="java.runtime.version" value="17.0.7+7-LTS"/>
    <property name="user.name" value="macbookpro"/>
    <property name="path.separator" value=":"/>
    <property name="os.version" value="13.2.1"/>
    <property name="java.runtime.name" value="OpenJDK Runtime Environment"/>
    <property name="file.encoding" value="UTF-8"/>
    <property name="java.vm.name" value="OpenJDK 64-Bit Server VM"/>
    <property name="java.vendor.version" value="Corretto-17.0.7.7.1"/>
    <property name="localRepository" value="/Users/macbookpro/.m2/repository"/>
    <property name="java.vendor.url.bug" value="https://github.com/corretto/corretto-17/issues/"/>
    <property name="java.io.tmpdir" value="/var/folders/mr/213m53kn7fgbgf9w4jq5w48m0000gn/T/"/>
    <property name="java.version" value="17.0.7"/>
    <property name="user.dir" value="/Users/macbookpro/Documents/Capstone_API_CI"/>
    <property name="os.arch" value="aarch64"/>
    <property name="java.vm.specification.name" value="Java Virtual Machine Specification"/>
    <property name="native.encoding" value="UTF-8"/>
    <property name="java.library.path" value="/Users/macbookpro/Library/Java/Extensions:/Library/Java/Extensions:/Network/Library/Java/Extensions:/System/Library/Java/Extensions:/usr/lib/java:."/>
    <property name="java.vm.info" value="mixed mode"/>
    <property name="java.vendor" value="Amazon.com Inc."/>
    <property name="java.vm.version" value="17.0.7+7-LTS"/>
    <property name="sun.io.unicode.encoding" value="UnicodeBig"/>
    <property name="socksNonProxyHosts" value="local|*.local|169.254/16|*.169.254/16"/>
    <property name="java.class.version" value="61.0"/>
  </properties>
  <testcase name="As user I want to create new artikel" classname="As user, I want to create, put, delete and get artikel and artikel by ID" time="1.716">
    <system-out><![CDATA[11:50:36.632 [main] DEBUG net.thucydides.core.guice.Injectors - Created injector for module net.thucydides.core.guice.ThucydidesModule
11:50:36.737 [main] INFO io.cucumber.core.plugin.SerenityReporter - Running feature from file:///Users/macbookpro/Documents/Capstone_API_CI/src/test/resources/Feature/Api/Mobile/Artikel.feature
11:50:36.737 [main] WARN io.cucumber.core.plugin.SerenityReporter - Feature from file:///Users/macbookpro/Documents/Capstone_API_CI/src/test/resources/Feature/Api/Mobile/Artikel.feature is not under the 'features' directory. Requirements report will not be correctly generated!
11:50:36.781 [main] DEBUG net.thucydides.core.guice.Injectors - Created injector for module net.thucydides.core.guice.webdriver.WebDriverModule
11:50:36.786 [main] INFO  - 

-------------------------------------------------------------------------------------
     _______. _______ .______       _______ .__   __.  __  .___________.____    ____ 
    /       ||   ____||   _  \     |   ____||  \ |  | |  | |           |\   \  /   / 
   |   (----`|  |__   |  |_)  |    |  |__   |   \|  | |  | `---|  |----` \   \/   /  
    \   \    |   __|  |      /     |   __|  |  . `  | |  |     |  |       \_    _/   
.----)   |   |  |____ |  |\  \----.|  |____ |  |\   | |  |     |  |         |  |     
|_______/    |_______|| _| `._____||_______||__| \__| |__|     |__|         |__|    
                                                                                     
 News and tutorials at http://www.serenity-bdd.info                                  
 Documentation at https://wakaleo.gitbooks.io/the-serenity-book/content/             
 Join the Serenity Community on Gitter: https://gitter.im/serenity-bdd/serenity-core 
 Serenity BDD Support and Training at http://serenity-bdd.info/#/trainingandsupport  
-------------------------------------------------------------------------------------

11:50:36.787 [main] DEBUG net.thucydides.core.steps.StepEventBus - Test suite started for story net.thucydides.core.model.Story@8bb7122
11:50:36.789 [main] INFO  - Test Suite Started: As user, I want to create, put, delete and get artikel and artikel by ID
11:50:36.794 [main] INFO io.cucumber.core.plugin.SerenityReporter - Running feature from file:///Users/macbookpro/Documents/Capstone_API_CI/src/test/resources/Feature/Api/Mobile/Cart.feature
11:50:36.794 [main] WARN io.cucumber.core.plugin.SerenityReporter - Feature from file:///Users/macbookpro/Documents/Capstone_API_CI/src/test/resources/Feature/Api/Mobile/Cart.feature is not under the 'features' directory. Requirements report will not be correctly generated!
11:50:36.795 [main] DEBUG net.thucydides.core.steps.StepEventBus - Test suite started for story net.thucydides.core.model.Story@c2db0891
11:50:36.796 [main] INFO  - Test Suite Started: As user, I want to manage Shop features
11:50:36.796 [main] INFO io.cucumber.core.plugin.SerenityReporter - Running feature from file:///Users/macbookpro/Documents/Capstone_API_CI/src/test/resources/Feature/Api/Mobile/Category.feature
11:50:36.796 [main] WARN io.cucumber.core.plugin.SerenityReporter - Feature from file:///Users/macbookpro/Documents/Capstone_API_CI/src/test/resources/Feature/Api/Mobile/Category.feature is not under the 'features' directory. Requirements report will not be correctly generated!
11:50:36.797 [main] DEBUG net.thucydides.core.steps.StepEventBus - Test suite started for story net.thucydides.core.model.Story@8a241bce
11:50:36.797 [main] INFO  - Test Suite Started: As user, I want to create, put, delete and get category and category by ID
11:50:36.797 [main] INFO io.cucumber.core.plugin.SerenityReporter - Running feature from file:///Users/macbookpro/Documents/Capstone_API_CI/src/test/resources/Feature/Api/Mobile/Event.feature
11:50:36.797 [main] WARN io.cucumber.core.plugin.SerenityReporter - Feature from file:///Users/macbookpro/Documents/Capstone_API_CI/src/test/resources/Feature/Api/Mobile/Event.feature is not under the 'features' directory. Requirements report will not be correctly generated!
11:50:36.798 [main] DEBUG net.thucydides.core.steps.StepEventBus - Test suite started for story net.thucydides.core.model.Story@3b0468d0
11:50:36.798 [main] INFO  - Test Suite Started: As user, I want to manage the event feature
11:50:36.798 [main] INFO io.cucumber.core.plugin.SerenityReporter - Running feature from file:///Users/macbookpro/Documents/Capstone_API_CI/src/test/resources/Feature/Api/Mobile/Login.feature
11:50:36.798 [main] WARN io.cucumber.core.plugin.SerenityReporter - Feature from file:///Users/macbookpro/Documents/Capstone_API_CI/src/test/resources/Feature/Api/Mobile/Login.feature is not under the 'features' directory. Requirements report will not be correctly generated!
11:50:36.799 [main] DEBUG net.thucydides.core.steps.StepEventBus - Test suite started for story net.thucydides.core.model.Story@fe096f43
11:50:36.799 [main] INFO  - Test Suite Started: As a user, I logged in successfully
11:50:36.799 [main] INFO io.cucumber.core.plugin.SerenityReporter - Running feature from file:///Users/macbookpro/Documents/Capstone_API_CI/src/test/resources/Feature/Api/Mobile/Profile.feature
11:50:36.799 [main] WARN io.cucumber.core.plugin.SerenityReporter - Feature from file:///Users/macbookpro/Documents/Capstone_API_CI/src/test/resources/Feature/Api/Mobile/Profile.feature is not under the 'features' directory. Requirements report will not be correctly generated!
11:50:36.800 [main] DEBUG net.thucydides.core.steps.StepEventBus - Test suite started for story net.thucydides.core.model.Story@f8e22531
11:50:36.800 [main] INFO  - Test Suite Started: As Admin, I want to manage the event feature
11:50:36.800 [main] INFO io.cucumber.core.plugin.SerenityReporter - Running feature from file:///Users/macbookpro/Documents/Capstone_API_CI/src/test/resources/Feature/Api/Mobile/Register.feature
11:50:36.800 [main] WARN io.cucumber.core.plugin.SerenityReporter - Feature from file:///Users/macbookpro/Documents/Capstone_API_CI/src/test/resources/Feature/Api/Mobile/Register.feature is not under the 'features' directory. Requirements report will not be correctly generated!
11:50:36.801 [main] DEBUG net.thucydides.core.steps.StepEventBus - Test suite started for story net.thucydides.core.model.Story@2f453a90
11:50:36.801 [main] INFO  - Test Suite Started: As User, I register in successfully
11:50:36.801 [main] INFO io.cucumber.core.plugin.SerenityReporter - Running feature from file:///Users/macbookpro/Documents/Capstone_API_CI/src/test/resources/Feature/Api/Website/Account.feature
11:50:36.801 [main] WARN io.cucumber.core.plugin.SerenityReporter - Feature from file:///Users/macbookpro/Documents/Capstone_API_CI/src/test/resources/Feature/Api/Website/Account.feature is not under the 'features' directory. Requirements report will not be correctly generated!
11:50:36.802 [main] DEBUG net.thucydides.core.steps.StepEventBus - Test suite started for story net.thucydides.core.model.Story@1a3ba132
11:50:36.802 [main] INFO  - Test Suite Started: As Admin, I want to manage promo features
11:50:36.802 [main] INFO io.cucumber.core.plugin.SerenityReporter - Running feature from file:///Users/macbookpro/Documents/Capstone_API_CI/src/test/resources/Feature/Api/Website/Artikel.feature
11:50:36.802 [main] WARN io.cucumber.core.plugin.SerenityReporter - Feature from file:///Users/macbookpro/Documents/Capstone_API_CI/src/test/resources/Feature/Api/Website/Artikel.feature is not under the 'features' directory. Requirements report will not be correctly generated!
11:50:36.803 [main] DEBUG net.thucydides.core.steps.StepEventBus - Test suite started for story net.thucydides.core.model.Story@e896f677
11:50:36.803 [main] INFO  - Test Suite Started: As admin, I want to create, put, delete and get artikel and artikel by ID
11:50:36.803 [main] INFO io.cucumber.core.plugin.SerenityReporter - Running feature from file:///Users/macbookpro/Documents/Capstone_API_CI/src/test/resources/Feature/Api/Website/Cart.feature
11:50:36.803 [main] WARN io.cucumber.core.plugin.SerenityReporter - Feature from file:///Users/macbookpro/Documents/Capstone_API_CI/src/test/resources/Feature/Api/Website/Cart.feature is not under the 'features' directory. Requirements report will not be correctly generated!
11:50:36.804 [main] DEBUG net.thucydides.core.steps.StepEventBus - Test suite started for story net.thucydides.core.model.Story@a08466dc
11:50:36.804 [main] INFO  - Test Suite Started: As Admin, I want to manage Shop features
11:50:36.804 [main] INFO io.cucumber.core.plugin.SerenityReporter - Running feature from file:///Users/macbookpro/Documents/Capstone_API_CI/src/test/resources/Feature/Api/Website/Category.feature
11:50:36.804 [main] WARN io.cucumber.core.plugin.SerenityReporter - Feature from file:///Users/macbookpro/Documents/Capstone_API_CI/src/test/resources/Feature/Api/Website/Category.feature is not under the 'features' directory. Requirements report will not be correctly generated!
11:50:36.805 [main] DEBUG net.thucydides.core.steps.StepEventBus - Test suite started for story net.thucydides.core.model.Story@4745e3b5
11:50:36.805 [main] INFO  - Test Suite Started: As admin, I want to create, put, delete and get category and category by ID
11:50:36.806 [main] INFO io.cucumber.core.plugin.SerenityReporter - Running feature from file:///Users/macbookpro/Documents/Capstone_API_CI/src/test/resources/Feature/Api/Website/Event.feature
11:50:36.806 [main] WARN io.cucumber.core.plugin.SerenityReporter - Feature from file:///Users/macbookpro/Documents/Capstone_API_CI/src/test/resources/Feature/Api/Website/Event.feature is not under the 'features' directory. Requirements report will not be correctly generated!
11:50:36.807 [main] DEBUG net.thucydides.core.steps.StepEventBus - Test suite started for story net.thucydides.core.model.Story@70505149
11:50:36.807 [main] INFO  - Test Suite Started: As Admin, I want to manage the event feature
11:50:36.807 [main] INFO io.cucumber.core.plugin.SerenityReporter - Running feature from file:///Users/macbookpro/Documents/Capstone_API_CI/src/test/resources/Feature/Api/Website/Login.feature
11:50:36.807 [main] WARN io.cucumber.core.plugin.SerenityReporter - Feature from file:///Users/macbookpro/Documents/Capstone_API_CI/src/test/resources/Feature/Api/Website/Login.feature is not under the 'features' directory. Requirements report will not be correctly generated!
11:50:36.808 [main] DEBUG net.thucydides.core.steps.StepEventBus - Test suite started for story net.thucydides.core.model.Story@586c3e14
11:50:36.808 [main] INFO  - Test Suite Started: As a admin, I logged in successfully
11:50:36.808 [main] INFO io.cucumber.core.plugin.SerenityReporter - Running feature from file:///Users/macbookpro/Documents/Capstone_API_CI/src/test/resources/Feature/Api/Website/Product.feature
11:50:36.808 [main] WARN io.cucumber.core.plugin.SerenityReporter - Feature from file:///Users/macbookpro/Documents/Capstone_API_CI/src/test/resources/Feature/Api/Website/Product.feature is not under the 'features' directory. Requirements report will not be correctly generated!
11:50:36.809 [main] DEBUG net.thucydides.core.steps.StepEventBus - Test suite started for story net.thucydides.core.model.Story@a144b894
11:50:36.809 [main] INFO  - Test Suite Started: As Admin, I want to manage Product features
11:50:36.809 [main] INFO io.cucumber.core.plugin.SerenityReporter - Running feature from file:///Users/macbookpro/Documents/Capstone_API_CI/src/test/resources/Feature/Api/Website/Profile.feature
11:50:36.809 [main] WARN io.cucumber.core.plugin.SerenityReporter - Feature from file:///Users/macbookpro/Documents/Capstone_API_CI/src/test/resources/Feature/Api/Website/Profile.feature is not under the 'features' directory. Requirements report will not be correctly generated!
11:50:36.810 [main] DEBUG net.thucydides.core.steps.StepEventBus - Test suite started for story net.thucydides.core.model.Story@bcc3d898
11:50:36.810 [main] INFO  - Test Suite Started: As Admin, I want to manage the event feature
11:50:36.810 [main] INFO io.cucumber.core.plugin.SerenityReporter - Running feature from file:///Users/macbookpro/Documents/Capstone_API_CI/src/test/resources/Feature/Api/Website/Promo.feature
11:50:36.810 [main] WARN io.cucumber.core.plugin.SerenityReporter - Feature from file:///Users/macbookpro/Documents/Capstone_API_CI/src/test/resources/Feature/Api/Website/Promo.feature is not under the 'features' directory. Requirements report will not be correctly generated!
11:50:36.811 [main] DEBUG net.thucydides.core.steps.StepEventBus - Test suite started for story net.thucydides.core.model.Story@887a62be
11:50:36.811 [main] INFO  - Test Suite Started: As Admin, I want to manage the event feature
11:50:36.811 [main] INFO io.cucumber.core.plugin.SerenityReporter - Running feature from file:///Users/macbookpro/Documents/Capstone_API_CI/src/test/resources/Feature/Api/Mobile/Artikel.feature
11:50:36.811 [main] WARN io.cucumber.core.plugin.SerenityReporter - Feature from file:///Users/macbookpro/Documents/Capstone_API_CI/src/test/resources/Feature/Api/Mobile/Artikel.feature is not under the 'features' directory. Requirements report will not be correctly generated!
11:50:36.812 [main] DEBUG net.thucydides.core.steps.StepEventBus - Test suite started for story net.thucydides.core.model.Story@8bb7122
11:50:36.812 [main] INFO  - Test Suite Started: As user, I want to create, put, delete and get artikel and artikel by ID

@TCartikel01
Scenario: As user I want to create new artikel                       &amp#27;[90m# src/test/resources/Feature/Api/Mobile/Artikel.feature:4&amp#27;[0m
11:50:36.849 [main] INFO io.cucumber.core.plugin.SerenityReporter - Running feature from file:///Users/macbookpro/Documents/Capstone_API_CI/src/test/resources/Feature/Api/Mobile/Artikel.feature
11:50:36.849 [main] WARN io.cucumber.core.plugin.SerenityReporter - Feature from file:///Users/macbookpro/Documents/Capstone_API_CI/src/test/resources/Feature/Api/Mobile/Artikel.feature is not under the 'features' directory. Requirements report will not be correctly generated!
11:50:36.882 [main] INFO  - 
  _____   ___   ___   _____     ___   _____     _     ___   _____   ___   ___  
 |_   _| | __| / __| |_   _|   / __| |_   _|   /_\   | _ \ |_   _| | __| |   \ 
   | |   | _|  \__ \   | |     \__ \   | |    / _ \  |   /   | |   | _|  | |) |
   |_|   |___| |___/   |_|     |___/   |_|   /_/ \_\ |_|_\   |_|   |___| |___/ 

As user I want to create new artikel(as-user--i-want-to-create--put--delete-and-get-artikel-and-artikel-by-id;as-user-i-want-to-create-new-artikel)
--------------------------------------------------------------------------------
11:50:37.002 [main] DEBUG net.thucydides.core.steps.StepInterceptor - STARTING STEP: ArtikelSteps.userSetUpApiEndpointLoginInArtikelInWebsite - user set up api endpoint login in Artikel in website
11:50:37.003 [main] DEBUG net.thucydides.core.steps.StepInterceptor - STEP DONE: user set up api endpoint login in Artikel in website
  &amp#27;[32mGiven &amp#27;[0m&amp#27;[32muser set up api endpoint login in artikel in website&amp#27;[0m         &amp#27;[90m# starter.stepdefinitions.Mobile.ArtikelSteps.userSetUpApiEndpointLoginInArtikelInWebsite()&amp#27;[0m
11:50:37.005 [main] DEBUG net.thucydides.core.steps.StepInterceptor - STARTING STEP: ArtikelSteps.userSendAHTTPRequestLoginInArtikelInWebsite - user send a HTTP request login in Artikel in website
11:50:37.692 [main] DEBUG net.thucydides.core.steps.StepInterceptor - STARTING STEP: Artikel.userSendAHTTPRequestLoginInArtikelInWebsite - user set up api endpoint login in Artikel in website
11:50:37.692 [main] DEBUG net.thucydides.core.steps.StepInterceptor - STEP DONE: user set up api endpoint login in Artikel in website
11:50:37.904 [main] DEBUG org.apache.http.impl.conn.BasicClientConnectionManager - Get connection for route {}->http://167.172.66.247:8002
11:50:37.909 [main] DEBUG org.apache.http.impl.conn.DefaultClientConnectionOperator - Connecting to 167.172.66.247:8002
11:50:37.982 [main] DEBUG org.apache.http.client.protocol.RequestAddCookies - CookieSpec selected: ignoreCookies
11:50:37.983 [main] DEBUG org.apache.http.client.protocol.RequestAuthCache - Auth cache not set in the context
11:50:37.983 [main] DEBUG org.apache.http.client.protocol.RequestTargetAuthentication - Target auth state: UNCHALLENGED
11:50:37.983 [main] DEBUG org.apache.http.client.protocol.RequestProxyAuthentication - Proxy auth state: UNCHALLENGED
11:50:37.983 [main] DEBUG org.apache.http.impl.client.DefaultHttpClient - Attempt 1 to execute request
11:50:37.983 [main] DEBUG org.apache.http.impl.conn.DefaultClientConnection - Sending request: POST /user_login HTTP/1.1
11:50:37.983 [main] DEBUG org.apache.http.wire -  >> "POST /user_login HTTP/1.1[\r][\n]"
11:50:37.983 [main] DEBUG org.apache.http.wire -  >> "Accept: */*[\r][\n]"
11:50:37.983 [main] DEBUG org.apache.http.wire -  >> "Content-Type: application/json[\r][\n]"
11:50:37.983 [main] DEBUG org.apache.http.wire -  >> "Content-Length: 47[\r][\n]"
11:50:37.983 [main] DEBUG org.apache.http.wire -  >> "Host: 167.172.66.247:8002[\r][\n]"
11:50:37.983 [main] DEBUG org.apache.http.wire -  >> "Connection: Keep-Alive[\r][\n]"
11:50:37.983 [main] DEBUG org.apache.http.wire -  >> "User-Agent: Apache-HttpClient/4.5.13 (Java/17.0.7)[\r][\n]"
11:50:37.983 [main] DEBUG org.apache.http.wire -  >> "Accept-Encoding: gzip,deflate[\r][\n]"
11:50:37.983 [main] DEBUG org.apache.http.wire -  >> "[\r][\n]"
11:50:37.983 [main] DEBUG org.apache.http.headers - >> POST /user_login HTTP/1.1
11:50:37.983 [main] DEBUG org.apache.http.headers - >> Accept: */*
11:50:37.983 [main] DEBUG org.apache.http.headers - >> Content-Type: application/json
11:50:37.983 [main] DEBUG org.apache.http.headers - >> Content-Length: 47
11:50:37.983 [main] DEBUG org.apache.http.headers - >> Host: 167.172.66.247:8002
11:50:37.983 [main] DEBUG org.apache.http.headers - >> Connection: Keep-Alive
11:50:37.983 [main] DEBUG org.apache.http.headers - >> User-Agent: Apache-HttpClient/4.5.13 (Java/17.0.7)
11:50:37.983 [main] DEBUG org.apache.http.headers - >> Accept-Encoding: gzip,deflate
11:50:37.983 [main] DEBUG org.apache.http.wire -  >> "{"password":"123456","email":"sean1@gmail.com"}"
11:50:38.037 [main] DEBUG org.apache.http.wire -  << "HTTP/1.1 200 OK[\r][\n]"
11:50:38.037 [main] DEBUG org.apache.http.wire -  << "Content-Type: application/json; charset=UTF-8[\r][\n]"
11:50:38.037 [main] DEBUG org.apache.http.wire -  << "Vary: Origin[\r][\n]"
11:50:38.037 [main] DEBUG org.apache.http.wire -  << "Date: Mon, 26 Jun 2023 04:50:38 GMT[\r][\n]"
11:50:38.037 [main] DEBUG org.apache.http.wire -  << "Content-Length: 462[\r][\n]"
11:50:38.037 [main] DEBUG org.apache.http.wire -  << "[\r][\n]"
11:50:38.037 [main] DEBUG org.apache.http.impl.conn.DefaultClientConnection - Receiving response: HTTP/1.1 200 OK
11:50:38.037 [main] DEBUG org.apache.http.headers - << HTTP/1.1 200 OK
11:50:38.037 [main] DEBUG org.apache.http.headers - << Content-Type: application/json; charset=UTF-8
11:50:38.037 [main] DEBUG org.apache.http.headers - << Vary: Origin
11:50:38.037 [main] DEBUG org.apache.http.headers - << Date: Mon, 26 Jun 2023 04:50:38 GMT
11:50:38.037 [main] DEBUG org.apache.http.headers - << Content-Length: 462
11:50:38.038 [main] DEBUG org.apache.http.impl.client.DefaultHttpClient - Connection can be kept alive indefinitely
11:50:38.040 [main] DEBUG io.restassured.internal.RestAssuredHttpBuilder - Parsing response as: application/json; charset=UTF-8
11:50:38.040 [main] DEBUG io.restassured.internal.RestAssuredHttpBuilder - Parsed data to instance of: class org.apache.http.conn.EofSensorInputStream
11:50:38.054 [main] DEBUG org.apache.http.wire -  << "{"data":{"user":{"ID":96,"CreatedAt":"2023-06-25T14:27:36.534Z","UpdatedAt":"2023-06-25T14:27:36.534Z","DeletedAt":null,"nama":"Sean 1","foto_profile":"123","email":"sean1@gmail.com","password":"123456","no_telepon":"0811111111111","alamat":"Jl. 123"},"token":"eyJhbGciOiJIUzI1NiIsInR5cCI6IkpXVCJ9.eyJleHAiOjE2ODc3NzMwMzgsImlkIjo5NiwiaXNzIjoicXdlcnR5IiwibmFtZSI6IlNlYW4gMSJ9.9BuAEpsVSqPwevDV7Ylk_Hz4yjBU_UlCa9jv8eJ8OQY"},"message":"Login success","status":true}[\n]"
11:50:38.054 [main] DEBUG org.apache.http.impl.conn.BasicClientConnectionManager - Releasing connection org.apache.http.impl.conn.ManagedClientConnectionImpl@22604c7e
11:50:38.054 [main] DEBUG org.apache.http.impl.conn.BasicClientConnectionManager - Connection can be kept alive indefinitely
11:50:38.218 [main] DEBUG net.thucydides.core.steps.StepInterceptor - STEP DONE: user send a HTTP request login in Artikel in website
  &amp#27;[32mWhen &amp#27;[0m&amp#27;[32muser send a HTTP request login in artikel in website&amp#27;[0m          &amp#27;[90m# starter.stepdefinitions.Mobile.ArtikelSteps.userSendAHTTPRequestLoginInArtikelInWebsite()&amp#27;[0m
11:50:38.220 [main] DEBUG net.thucydides.core.steps.StepInterceptor - STARTING STEP: ArtikelSteps.userSetThePOSTApiEndpointArtikel - user set the POST api endpoint Artikel
11:50:38.220 [main] DEBUG net.thucydides.core.steps.StepInterceptor - STEP DONE: user set the POST api endpoint Artikel
  &amp#27;[32mAnd &amp#27;[0m&amp#27;[32muser set the POST api endpoint artikel&amp#27;[0m                         &amp#27;[90m# starter.stepdefinitions.Mobile.ArtikelSteps.userSetThePOSTApiEndpointArtikel()&amp#27;[0m
11:50:38.221 [main] DEBUG net.thucydides.core.steps.StepInterceptor - STARTING STEP: ArtikelSteps.userSentHTTPPOSTRequestPostArtikel - user sent HTTP POST request post Artikel
11:50:38.222 [main] DEBUG net.thucydides.core.steps.StepInterceptor - STARTING STEP: Artikel.userSentHTTPPOSTRequestPostArtikel - user set the POST api endpoint Artikel
11:50:38.222 [main] DEBUG net.thucydides.core.steps.StepInterceptor - STEP DONE: user set the POST api endpoint Artikel
11:50:38.228 [main] DEBUG org.apache.http.impl.conn.BasicClientConnectionManager - Get connection for route {}->http://167.172.66.247:8002
11:50:38.228 [main] DEBUG org.apache.http.impl.conn.DefaultClientConnectionOperator - Connecting to 167.172.66.247:8002
11:50:38.277 [main] DEBUG org.apache.http.client.protocol.RequestAddCookies - CookieSpec selected: ignoreCookies
11:50:38.277 [main] DEBUG org.apache.http.client.protocol.RequestAuthCache - Auth cache not set in the context
11:50:38.277 [main] DEBUG org.apache.http.client.protocol.RequestTargetAuthentication - Target auth state: UNCHALLENGED
11:50:38.277 [main] DEBUG org.apache.http.client.protocol.RequestProxyAuthentication - Proxy auth state: UNCHALLENGED
11:50:38.277 [main] DEBUG org.apache.http.impl.client.DefaultHttpClient - Attempt 1 to execute request
11:50:38.277 [main] DEBUG org.apache.http.impl.conn.DefaultClientConnection - Sending request: POST /artikel HTTP/1.1
11:50:38.277 [main] DEBUG org.apache.http.wire -  >> "POST /artikel HTTP/1.1[\r][\n]"
11:50:38.277 [main] DEBUG org.apache.http.wire -  >> "Accept: */*[\r][\n]"
11:50:38.277 [main] DEBUG org.apache.http.wire -  >> "Content-Type: application/json[\r][\n]"
11:50:38.277 [main] DEBUG org.apache.http.wire -  >> "Content-Length: 46[\r][\n]"
11:50:38.277 [main] DEBUG org.apache.http.wire -  >> "Host: 167.172.66.247:8002[\r][\n]"
11:50:38.277 [main] DEBUG org.apache.http.wire -  >> "Connection: Keep-Alive[\r][\n]"
11:50:38.277 [main] DEBUG org.apache.http.wire -  >> "User-Agent: Apache-HttpClient/4.5.13 (Java/17.0.7)[\r][\n]"
11:50:38.277 [main] DEBUG org.apache.http.wire -  >> "Accept-Encoding: gzip,deflate[\r][\n]"
11:50:38.277 [main] DEBUG org.apache.http.wire -  >> "[\r][\n]"
11:50:38.277 [main] DEBUG org.apache.http.headers - >> POST /artikel HTTP/1.1
11:50:38.277 [main] DEBUG org.apache.http.headers - >> Accept: */*
11:50:38.277 [main] DEBUG org.apache.http.headers - >> Content-Type: application/json
11:50:38.277 [main] DEBUG org.apache.http.headers - >> Content-Length: 46
11:50:38.277 [main] DEBUG org.apache.http.headers - >> Host: 167.172.66.247:8002
11:50:38.277 [main] DEBUG org.apache.http.headers - >> Connection: Keep-Alive
11:50:38.277 [main] DEBUG org.apache.http.headers - >> User-Agent: Apache-HttpClient/4.5.13 (Java/17.0.7)
11:50:38.277 [main] DEBUG org.apache.http.headers - >> Accept-Encoding: gzip,deflate
11:50:38.277 [main] DEBUG org.apache.http.wire -  >> "{"judul":"Kecak 4","gambar":"123","isi":"abc"}"
11:50:38.337 [main] DEBUG org.apache.http.wire -  << "HTTP/1.1 400 Bad Request[\r][\n]"
11:50:38.337 [main] DEBUG org.apache.http.wire -  << "Content-Type: application/json; charset=UTF-8[\r][\n]"
11:50:38.337 [main] DEBUG org.apache.http.wire -  << "Vary: Origin[\r][\n]"
11:50:38.337 [main] DEBUG org.apache.http.wire -  << "Date: Mon, 26 Jun 2023 04:50:38 GMT[\r][\n]"
11:50:38.337 [main] DEBUG org.apache.http.wire -  << "Content-Length: 39[\r][\n]"
11:50:38.337 [main] DEBUG org.apache.http.wire -  << "[\r][\n]"
11:50:38.337 [main] DEBUG org.apache.http.impl.conn.DefaultClientConnection - Receiving response: HTTP/1.1 400 Bad Request
11:50:38.337 [main] DEBUG org.apache.http.headers - << HTTP/1.1 400 Bad Request
11:50:38.337 [main] DEBUG org.apache.http.headers - << Content-Type: application/json; charset=UTF-8
11:50:38.337 [main] DEBUG org.apache.http.headers - << Vary: Origin
11:50:38.337 [main] DEBUG org.apache.http.headers - << Date: Mon, 26 Jun 2023 04:50:38 GMT
11:50:38.337 [main] DEBUG org.apache.http.headers - << Content-Length: 39
11:50:38.337 [main] DEBUG org.apache.http.impl.client.DefaultHttpClient - Connection can be kept alive indefinitely
11:50:38.337 [main] DEBUG io.restassured.internal.RestAssuredHttpBuilder - Parsing response as: application/json; charset=UTF-8
11:50:38.337 [main] DEBUG io.restassured.internal.RestAssuredHttpBuilder - Parsed data to instance of: class org.apache.http.conn.EofSensorInputStream
11:50:38.338 [main] DEBUG org.apache.http.wire -  << "{"message":"missing or malformed jwt"}[\n]"
11:50:38.338 [main] DEBUG org.apache.http.impl.conn.BasicClientConnectionManager - Releasing connection org.apache.http.impl.conn.ManagedClientConnectionImpl@6f430ea8
11:50:38.338 [main] DEBUG org.apache.http.impl.conn.BasicClientConnectionManager - Connection can be kept alive indefinitely
11:50:38.338 [main] DEBUG net.thucydides.core.steps.StepInterceptor - STEP DONE: user sent HTTP POST request post Artikel
  &amp#27;[32mAnd &amp#27;[0m&amp#27;[32muser sent HTTP POST request post artikel&amp#27;[0m                       &amp#27;[90m# starter.stepdefinitions.Mobile.ArtikelSteps.userSentHTTPPOSTRequestPostArtikel()&amp#27;[0m
11:50:38.340 [main] DEBUG net.thucydides.core.steps.StepInterceptor - STARTING STEP: ArtikelSteps.userReceiveAValidLoginAndArtikelHTTPResponseCode - user receive a valid login and Artikel HTTP response code 200
11:50:38.341 [main] DEBUG net.thucydides.core.steps.StepInterceptor - STARTING STEP: Artikel.userReceiveAValidLoginAndArtikelHTTPResponseCode200 - user set the POST api endpoint Artikel
11:50:38.341 [main] DEBUG net.thucydides.core.steps.StepInterceptor - STEP DONE: user set the POST api endpoint Artikel
11:50:38.349 [main] DEBUG org.apache.http.impl.conn.BasicClientConnectionManager - Get connection for route {}->http://167.172.66.247:8002
11:50:38.350 [main] DEBUG org.apache.http.impl.conn.DefaultClientConnectionOperator - Connecting to 167.172.66.247:8002
11:50:38.387 [main] DEBUG org.apache.http.client.protocol.RequestAddCookies - CookieSpec selected: ignoreCookies
11:50:38.387 [main] DEBUG org.apache.http.client.protocol.RequestAuthCache - Auth cache not set in the context
11:50:38.387 [main] DEBUG org.apache.http.client.protocol.RequestProxyAuthentication - Proxy auth state: UNCHALLENGED
11:50:38.387 [main] DEBUG org.apache.http.impl.client.DefaultHttpClient - Attempt 1 to execute request
11:50:38.387 [main] DEBUG org.apache.http.impl.conn.DefaultClientConnection - Sending request: GET /artikel HTTP/1.1
11:50:38.387 [main] DEBUG org.apache.http.wire -  >> "GET /artikel HTTP/1.1[\r][\n]"
11:50:38.387 [main] DEBUG org.apache.http.wire -  >> "Authorization: Bearer eyJhbGciOiJIUzI1NiIsInR5cCI6IkpXVCJ9.eyJleHAiOjE2ODc3NzMwMzgsImlkIjo5NiwiaXNzIjoicXdlcnR5IiwibmFtZSI6IlNlYW4gMSJ9.9BuAEpsVSqPwevDV7Ylk_Hz4yjBU_UlCa9jv8eJ8OQY[\r][\n]"
11:50:38.387 [main] DEBUG org.apache.http.wire -  >> "Accept: */*[\r][\n]"
11:50:38.387 [main] DEBUG org.apache.http.wire -  >> "Host: 167.172.66.247:8002[\r][\n]"
11:50:38.387 [main] DEBUG org.apache.http.wire -  >> "Connection: Keep-Alive[\r][\n]"
11:50:38.387 [main] DEBUG org.apache.http.wire -  >> "User-Agent: Apache-HttpClient/4.5.13 (Java/17.0.7)[\r][\n]"
11:50:38.387 [main] DEBUG org.apache.http.wire -  >> "Accept-Encoding: gzip,deflate[\r][\n]"
11:50:38.387 [main] DEBUG org.apache.http.wire -  >> "[\r][\n]"
11:50:38.387 [main] DEBUG org.apache.http.headers - >> GET /artikel HTTP/1.1
11:50:38.387 [main] DEBUG org.apache.http.headers - >> Authorization: Bearer eyJhbGciOiJIUzI1NiIsInR5cCI6IkpXVCJ9.eyJleHAiOjE2ODc3NzMwMzgsImlkIjo5NiwiaXNzIjoicXdlcnR5IiwibmFtZSI6IlNlYW4gMSJ9.9BuAEpsVSqPwevDV7Ylk_Hz4yjBU_UlCa9jv8eJ8OQY
11:50:38.387 [main] DEBUG org.apache.http.headers - >> Accept: */*
11:50:38.387 [main] DEBUG org.apache.http.headers - >> Host: 167.172.66.247:8002
11:50:38.387 [main] DEBUG org.apache.http.headers - >> Connection: Keep-Alive
11:50:38.387 [main] DEBUG org.apache.http.headers - >> User-Agent: Apache-HttpClient/4.5.13 (Java/17.0.7)
11:50:38.387 [main] DEBUG org.apache.http.headers - >> Accept-Encoding: gzip,deflate
11:50:38.446 [main] DEBUG org.apache.http.wire -  << "HTTP/1.1 200 OK[\r][\n]"
11:50:38.446 [main] DEBUG org.apache.http.wire -  << "Content-Type: application/json; charset=UTF-8[\r][\n]"
11:50:38.446 [main] DEBUG org.apache.http.wire -  << "Vary: Origin[\r][\n]"
11:50:38.446 [main] DEBUG org.apache.http.wire -  << "Date: Mon, 26 Jun 2023 04:50:38 GMT[\r][\n]"
11:50:38.446 [main] DEBUG org.apache.http.wire -  << "Transfer-Encoding: chunked[\r][\n]"
11:50:38.446 [main] DEBUG org.apache.http.wire -  << "[\r][\n]"
11:50:38.446 [main] DEBUG org.apache.http.impl.conn.DefaultClientConnection - Receiving response: HTTP/1.1 200 OK
11:50:38.446 [main] DEBUG org.apache.http.headers - << HTTP/1.1 200 OK
11:50:38.446 [main] DEBUG org.apache.http.headers - << Content-Type: application/json; charset=UTF-8
11:50:38.446 [main] DEBUG org.apache.http.headers - << Vary: Origin
11:50:38.446 [main] DEBUG org.apache.http.headers - << Date: Mon, 26 Jun 2023 04:50:38 GMT
11:50:38.446 [main] DEBUG org.apache.http.headers - << Transfer-Encoding: chunked
11:50:38.447 [main] DEBUG org.apache.http.impl.client.DefaultHttpClient - Connection can be kept alive indefinitely
11:50:38.447 [main] DEBUG io.restassured.internal.RestAssuredHttpBuilder - Parsing response as: application/json; charset=UTF-8
11:50:38.447 [main] DEBUG io.restassured.internal.RestAssuredHttpBuilder - Parsed data to instance of: class org.apache.http.conn.EofSensorInputStream
11:50:38.448 [main] DEBUG org.apache.http.wire -  << "2304[\r][\n]"
11:50:38.448 [main] DEBUG org.apache.http.wire -  << "{"data":{"data":[{"ID":93,"CreatedAt":"2023-06-25T13:36:05.866Z","UpdatedAt":"2023-06-25T16:56:31.644Z","DeletedAt":null,"gambar":"C:\\fakepath\\wisata.png","judul":"article234","deskripsi":"description article"},{"ID":94,"CreatedAt":"2023-06-25T13:36:34.256Z","UpdatedAt":"2023-06-25T13:55:00.169Z","DeletedAt":null,"gambar":"C:\\fakepath\\wisata.png","judul":"Wayang Kulit Bali","deskripsi":"Wayang kulit merupakan kesenian yang ada di banyak daerah di Indonesia, tak terkecuali juga menjadi kesenian tradisional khas Bali. Pertunjukan Wayang Kulit Bali digelar dengan dua tema cerita, yakni tema hiburan dengan banyolan komedi lucu, dan tema spiritual yang sangat sakral bagi umat Hindu. Karena penyampaian cerita yang ringan dan dekat dengan masyarakat, penggemar pertunjukan ini masih menarik perhatian hingga kini. Masyarakat kelas bawah, menengah, maupun kelas atas menyukainya. Wayang Kulit Bali dimainkan oleh dalang profesional yang bercerita sambil menyenandungkan tembang khas Bali. Iringan musik dari alat-alat musik tradisional Bali membuat pertunjukan makin menarik."},{"ID":95,"CreatedAt":"2023-06-25T13:36:56.983Z","UpdatedAt":"2023-06-25T13:55:11.473Z","DeletedAt":null,"gambar":"C:\\fakepath\\wisata.png","judul":"Tari Legong","deskripsi":"Tari Legong ini biasa kita kenal dengan sebutan tari Bali. Ternyata, Tari Legong sudah ada sejak abad ke-19. Secara etimologis, kata [0xe2][0x80][0x98]Leg[0xe2][0x80][0x99] berarti luwes, sedangkan kata [0xe2][0x80][0x98]Gong[0xe2][0x80][0x99] berarti gamelan. Kesenian tradisional khas Bali ini bercerita tentang kisah cinta Raja Lasem. Gerakan luwes namun tetap dinamis dengan power yang mantap dan gerakan bola mata menjadi ciri khasnya. Penari Tari Legong menggunakan baju adat khas Bali berwarna emas dengan sentuhan warna merah, serta lengkap dengan sanggul di kepala yang berhiaskan bunga kamboja dan aksesoris kipas."},{"ID":97,"CreatedAt":"2023-06-25T13:37:22.041Z","UpdatedAt":"2023-06-25T13:55:27.599Z","DeletedAt":null,"gambar":"C:\\fakepath\\wisata.png","judul":"Tari Barong","deskripsi":"Kesenian tradisional khas Bali yang populer lainnya adalah Tari Barong. Tarian ini sangat identik dengan kebudayaan Pra-Hindu. Kostum penari dan setiap gerakannya merepresentasikan pertarungan Adharma (sifat tidak terpuji) dan Dharma (sifat terpuji). Dharma digambarkan degan kostum binatang berkaki empat. Sedangkan Adharma digambarkan dengan kostum yang memiliki dua taring runcing."},{"ID":98,"CreatedAt":"2023-06-25T13:37:42.275Z","UpdatedAt":"2023-06-25T13:55:36.208Z","DeletedAt":null,"gambar":"C:\\fakepath\\wisata.png","judul":"Drama Gong","deskripsi":"Drama Gong yang merupakan drama tradisional yang pertunjukannya"
11:50:38.448 [main] DEBUG org.apache.http.wire -  << " diiringi oleh instrument alat musik gong alias gamelan. Munculnya kesenian tradisional khas Bali ini dipengaruhi karena adanya perpaduan budaya tradisional Bali dengan budaya modern barat. Keduanya bersatu menampilkan pertunjukan bergaya klasik kontemporer. Ditambah dengan bahasa dialog yang digunakan umumnya adalah bahasa sansekerta, atau bahasa Bali klasik. Drama Gong mengambil cerita sejarah bertemakan cinta, kisah heroik, dan lain sebagainya. Hanya di hari-hari tertentu dan upacara spesial yang menyertakan pertunjukan Drama Gong ini."},{"ID":99,"CreatedAt":"2023-06-25T13:38:58.267Z","UpdatedAt":"2023-06-25T13:55:47.078Z","DeletedAt":null,"gambar":"C:\\fakepath\\wisata.png","judul":"Omed-Omedan","deskripsi":"Omed-omedan adalah salah satu tradisi masyarakat Hindu di Bali yang dilaksanakan satu hari setelah hari raya Nyepi, Ngembak Geni dimana masyarakat Bali sudah dapat beraktivitas kembali seperti biasa. Dalam bahasa Indonesia, istilah omed-omedan berarti saling tarik menarik. Acara ini dimulai dengan persembahyangan di Pura. Kemudian muda-mudi lajang dibagi menjadi pria dan wanita diarak dan dihadapkan untuk saling tarik menarik, berpelukan (gelut), cium kening, pipi ataupun bibir (diman) dan disirami air (siam).  Tradisi ini diperkirakan telah berlangsung sejak abad ke-17 yang berawal dari mas"
11:50:38.467 [main] DEBUG org.apache.http.wire -  << "yarakat kerajaan Puri Oka, Denpasar Selatan. Pada saat itu, masyarakat membuat permainan tarik menarik yang berubah menjadi saling rangkul. Tradisi ini semakin seru hingga saling cium dan siraman air dimulai. Saat ini, hanya masyarakat desa adat Sesetan yang masih menjalankan tradisi ini. Muda mudi berusia 17-30 tahun lajang yang berpartisipasi dalam acara ini menyanyikan lagu omed-omedan secara serentak diiringi oleh lenting gamelan."},{"ID":100,"CreatedAt":"2023-06-25T13:40:14.589Z","UpdatedAt":"2023-06-25T13:55:59.713Z","DeletedAt":null,"gambar":"C:\\fakepath\\wisata.png","judul":"Drama Tari Calonarang","deskripsi":"Cerita Calonarang adalah tema atau judul dalam sebuah pementasan seni tari, pementasan kesenian rakyat ini berbau magis atau mistis, Calonarang adalah tokoh yang berwajah seram dan memiliki sifat menyakiti. Cerita-cerita calonarang ini tidak tergolong hal baru, hampirs semua masyarakat luas pernah mendengar cerita tersebut. Pementasan Calonarang selain sebagai hiburan yang cukup populer dan menarik di pulau Dewata Bali. Kesenian rakyat tradisional ini bertemakan horor, tarian inipun tidak dipentaskan di sembarang tempat, dipentaskan saat-saat ada upacara pujawali, seperti dipentaskan di sebuah pura Dalem dalam sebuah desa Pakraman, pura Dalem sendiri diyakini sebagai tempat berstananya Dewa Siwa dan juga Dewi Durga sebagai yang menaungi kekuatan baik "
11:50:38.477 [main] DEBUG org.apache.http.wire -  << "dan jahat, tarian tersebut dipentaskan dan dikemas dalam pementasan Drama Calonarang pada sebuah pura Dalem dekat kuburan dan pada tengah malam, sehingga aura mistis akan terasa sangat kental."},{"ID":101,"CreatedAt":"2023-06-25T13:41:37.735Z","UpdatedAt":"2023-06-25T13:41:37.735Z","DeletedAt":null,"gambar":"C:\\fakepath\\wisata.png","judul":"Rumah Adat Bali","deskripsi":"Rumah adat Bali dibangun dengan prinsip filosofi yang tinggi. Filosofi yang dianut disebut dengan Tri Hita Karana yaitu Parahyangan, Palemahan, dan Pawongan. Tiga aspek ini memiliki arti hubungan dengan Tuhan (Parahyangan), hubungan dengan alam / lingkungan (Palemahan) dan hubungan antar sesama manusia (Pawongan). Makanya, setiap rumah adat Bali pasti mempunyai beberapa bangunan yang berguna untuk sembahyang, tempat beristirahat dan juga tempat bercengkrama dengan sesama. Nama rumah adat Bali dibagi berdasarkan bangunan dalam rumah tersebut, di antaranya angkul-angkul, aling-aling, pura keluarga, bale manten, bale dauh, bale sekapat, bale dangin/gede, pawaragen/paon dan lumbung. Rumah adat Bali dibangun dengan menggunakan aturan asta kosala kosali. Aturan ini kurang lebih hampir sama dengan penggunaan fengsui dalam budaya Tionghoa."},{"ID":102,"CreatedAt":"2023-06-25T13:43:23.557Z","UpdatedAt":"2023-06-25T13:56:19.597Z","DeletedAt":null,"gambar":"C:\\fakepath\\wisata.png","judul":"Tari Pendet","deskripsi":"Dari berbagai jenis tari daerah yang berasal dari Bali, tari pendet merupakan tarian tertua di Pulau Dewata. Tarian ini diperkirakan ada sejak tahun 1950. Awalnya tarian pendet adalah tari sembahan yang dilakukan di pura-pura umat Hindu sebagai bentuk ucapan selamat datang atas turunnya dewa ke bumi. Tarian ini merupakan hasil gubahan maestro seni tari Bali yang bernama I Wayan Rindi. I Wayang Rindi adalah seniman tari yang memiliki penguasaan gerak tari yang luar biasa. Oleh sebab itu, perkembangan dan sebaran tarian ini merupakan jasa dari beliau. Gerakan tari diambil dari pakem-pakem gerakan tarian pendet dewa atau tari pendet asli yang ditujukan untuk persembahan. Tanpa menghilangkan nilai sakral, religi dan keindahannya, I Wayan Rindi bersama rekannya bernama Ni Ketut Reneng berhasil memasukkan unsur tarian pendet dewa ke dalam tari pendet yang kita kenal saat ini. Sehingga seiring berkembangnya zaman turut pula merubah fungsi asli tari pendet. Kini tarian ini juga digunakan sebagai sarana pertunjukkan serta tarian ucapan selamat datang."},{"ID":103,"CreatedAt":"2023-06-25T13:44:32.318Z","UpdatedAt":"2023-06-25T13:56:36.042Z","DeletedAt":null,"gambar":"C:\\fakepath\\wisata.png","judul":"Ogoh-ogoh","deskripsi":"Ogoh-ogoh adalah boneka raksasa yang merupakan manifestasi Bhutakala. Dalam ajaran Hindu Dharma, Bhutakala adalah kekuatan Bhu atau alam semesta"
11:50:38.507 [main] DEBUG org.apache.http.wire -  << " dan Kala (waktu) yang tak terukur dan tak terbantahkan. Dikutip dari laman resmi Pemerintah Kabupaten Buleleng, ogoh-ogoh sendiri diambil dari sebutan ogah-ogah dari bahasa Bali yang artinya sesuatu yang digoyang-goyangkan.  Sejarah tradisi ogoh-ogoh sendiri dimulai pada tahun 1983. Tahun tersebut merupakan bagian penting dalam sejarah ogoh-ogoh di Bali, pasalnya pada tahun itu mulai dibuat wujud-wujud bhuta kala berkenaan dengan ritual Nyepi di Bali. Ketika itu ada keputusan presiden yang menyatakan Nyepi sebagai hari libur nasional. Semenjak itu masyarakat mulai membuat perwujudan onggokan yang kemudian disebut ogoh-ogoh, di beberapa tempat di Denpasar. Budaya baru ini semakin menyebar ketika ogoh-ogoh diikutkan dalam Pesta Kesenian Bali ke XII."}],"data_shown":10,"page":1,"total_data":11},"message":"Get all Artikel success","status":true}[\n]"
11:50:38.507 [main] DEBUG org.apache.http.wire -  << "[\r][\n]"
11:50:38.507 [main] DEBUG org.apache.http.wire -  << "0[\r][\n]"
11:50:38.507 [main] DEBUG org.apache.http.wire -  << "[\r][\n]"
11:50:38.507 [main] DEBUG org.apache.http.impl.conn.BasicClientConnectionManager - Releasing connection org.apache.http.impl.conn.ManagedClientConnectionImpl@ba87c11
11:50:38.507 [main] DEBUG org.apache.http.impl.conn.BasicClientConnectionManager - Connection can be kept alive indefinitely
11:50:38.525 [main] DEBUG net.thucydides.core.steps.StepInterceptor - STEP DONE: user receive a valid login and Artikel HTTP response code 200
  &amp#27;[32mThen &amp#27;[0m&amp#27;[32muser receive a valid login and artikel HTTP response code &amp#27;[0m&amp#27;[32m&amp#27;[1m200&amp#27;[0m &amp#27;[90m# starter.stepdefinitions.Mobile.ArtikelSteps.userReceiveAValidLoginAndArtikelHTTPResponseCode(int)&amp#27;[0m
11:50:38.527 [main] INFO  - 
  _____   ___   ___   _____     ___     _     ___   ___   ___   ___  
 |_   _| | __| / __| |_   _|   | _ \   /_\   / __| / __| | __| |   \ 
   | |   | _|  \__ \   | |     |  _/  / _ \  \__ \ \__ \ | _|  | |) |
   |_|   |___| |___/   |_|     |_|   /_/ \_\ |___/ |___/ |___| |___/ 

As user I want to create new artikel
----------------------------------------------------------------------
]]></system-out>
  </testcase>
  <testcase name="As user I can get all artikel data" classname="As user, I want to create, put, delete and get artikel and artikel by ID" time="0.394">
    <system-out><![CDATA[
@TCartikel02
Scenario: As user I can get all artikel data                         &amp#27;[90m# src/test/resources/Feature/Api/Mobile/Artikel.feature:13&amp#27;[0m
11:50:38.540 [main] INFO io.cucumber.core.plugin.SerenityReporter - Running feature from file:///Users/macbookpro/Documents/Capstone_API_CI/src/test/resources/Feature/Api/Mobile/Artikel.feature
11:50:38.540 [main] WARN io.cucumber.core.plugin.SerenityReporter - Feature from file:///Users/macbookpro/Documents/Capstone_API_CI/src/test/resources/Feature/Api/Mobile/Artikel.feature is not under the 'features' directory. Requirements report will not be correctly generated!
11:50:38.541 [main] INFO  - 
  _____   ___   ___   _____     ___   _____     _     ___   _____   ___   ___  
 |_   _| | __| / __| |_   _|   / __| |_   _|   /_\   | _ \ |_   _| | __| |   \ 
   | |   | _|  \__ \   | |     \__ \   | |    / _ \  |   /   | |   | _|  | |) |
   |_|   |___| |___/   |_|     |___/   |_|   /_/ \_\ |_|_\   |_|   |___| |___/ 

As user I can get all artikel data(as-user--i-want-to-create--put--delete-and-get-artikel-and-artikel-by-id;as-user-i-can-get-all-artikel-data)
--------------------------------------------------------------------------------
11:50:38.543 [main] DEBUG net.thucydides.core.steps.StepInterceptor - STARTING STEP: ArtikelSteps.userSetUpApiEndpointLoginInArtikelInWebsite - user set up api endpoint login in Artikel in website
11:50:38.544 [main] DEBUG net.thucydides.core.steps.StepInterceptor - STEP DONE: user set up api endpoint login in Artikel in website
  &amp#27;[32mGiven &amp#27;[0m&amp#27;[32muser set up api endpoint login in artikel in website&amp#27;[0m         &amp#27;[90m# starter.stepdefinitions.Mobile.ArtikelSteps.userSetUpApiEndpointLoginInArtikelInWebsite()&amp#27;[0m
11:50:38.544 [main] DEBUG net.thucydides.core.steps.StepInterceptor - STARTING STEP: ArtikelSteps.userSendAHTTPRequestLoginInArtikelInWebsite - user send a HTTP request login in Artikel in website
11:50:38.545 [main] DEBUG net.thucydides.core.steps.StepInterceptor - STARTING STEP: Artikel.userSendAHTTPRequestLoginInArtikelInWebsite - user set up api endpoint login in Artikel in website
11:50:38.545 [main] DEBUG net.thucydides.core.steps.StepInterceptor - STEP DONE: user set up api endpoint login in Artikel in website
11:50:38.550 [main] DEBUG org.apache.http.impl.conn.BasicClientConnectionManager - Get connection for route {}->http://167.172.66.247:8002
11:50:38.551 [main] DEBUG org.apache.http.impl.conn.DefaultClientConnectionOperator - Connecting to 167.172.66.247:8002
11:50:38.587 [main] DEBUG org.apache.http.client.protocol.RequestAddCookies - CookieSpec selected: ignoreCookies
11:50:38.587 [main] DEBUG org.apache.http.client.protocol.RequestAuthCache - Auth cache not set in the context
11:50:38.587 [main] DEBUG org.apache.http.client.protocol.RequestTargetAuthentication - Target auth state: UNCHALLENGED
11:50:38.587 [main] DEBUG org.apache.http.client.protocol.RequestProxyAuthentication - Proxy auth state: UNCHALLENGED
11:50:38.587 [main] DEBUG org.apache.http.impl.client.DefaultHttpClient - Attempt 1 to execute request
11:50:38.587 [main] DEBUG org.apache.http.impl.conn.DefaultClientConnection - Sending request: POST /user_login HTTP/1.1
11:50:38.587 [main] DEBUG org.apache.http.wire -  >> "POST /user_login HTTP/1.1[\r][\n]"
11:50:38.587 [main] DEBUG org.apache.http.wire -  >> "Accept: */*[\r][\n]"
11:50:38.587 [main] DEBUG org.apache.http.wire -  >> "Content-Type: application/json[\r][\n]"
11:50:38.587 [main] DEBUG org.apache.http.wire -  >> "Content-Length: 47[\r][\n]"
11:50:38.587 [main] DEBUG org.apache.http.wire -  >> "Host: 167.172.66.247:8002[\r][\n]"
11:50:38.587 [main] DEBUG org.apache.http.wire -  >> "Connection: Keep-Alive[\r][\n]"
11:50:38.587 [main] DEBUG org.apache.http.wire -  >> "User-Agent: Apache-HttpClient/4.5.13 (Java/17.0.7)[\r][\n]"
11:50:38.587 [main] DEBUG org.apache.http.wire -  >> "Accept-Encoding: gzip,deflate[\r][\n]"
11:50:38.587 [main] DEBUG org.apache.http.wire -  >> "[\r][\n]"
11:50:38.587 [main] DEBUG org.apache.http.headers - >> POST /user_login HTTP/1.1
11:50:38.587 [main] DEBUG org.apache.http.headers - >> Accept: */*
11:50:38.587 [main] DEBUG org.apache.http.headers - >> Content-Type: application/json
11:50:38.587 [main] DEBUG org.apache.http.headers - >> Content-Length: 47
11:50:38.587 [main] DEBUG org.apache.http.headers - >> Host: 167.172.66.247:8002
11:50:38.587 [main] DEBUG org.apache.http.headers - >> Connection: Keep-Alive
11:50:38.587 [main] DEBUG org.apache.http.headers - >> User-Agent: Apache-HttpClient/4.5.13 (Java/17.0.7)
11:50:38.587 [main] DEBUG org.apache.http.headers - >> Accept-Encoding: gzip,deflate
11:50:38.587 [main] DEBUG org.apache.http.wire -  >> "{"password":"123456","email":"sean1@gmail.com"}"
11:50:38.657 [main] DEBUG org.apache.http.wire -  << "HTTP/1.1 200 OK[\r][\n]"
11:50:38.657 [main] DEBUG org.apache.http.wire -  << "Content-Type: application/json; charset=UTF-8[\r][\n]"
11:50:38.657 [main] DEBUG org.apache.http.wire -  << "Vary: Origin[\r][\n]"
11:50:38.657 [main] DEBUG org.apache.http.wire -  << "Date: Mon, 26 Jun 2023 04:50:38 GMT[\r][\n]"
11:50:38.657 [main] DEBUG org.apache.http.wire -  << "Content-Length: 462[\r][\n]"
11:50:38.657 [main] DEBUG org.apache.http.wire -  << "[\r][\n]"
11:50:38.657 [main] DEBUG org.apache.http.impl.conn.DefaultClientConnection - Receiving response: HTTP/1.1 200 OK
11:50:38.657 [main] DEBUG org.apache.http.headers - << HTTP/1.1 200 OK
11:50:38.657 [main] DEBUG org.apache.http.headers - << Content-Type: application/json; charset=UTF-8
11:50:38.657 [main] DEBUG org.apache.http.headers - << Vary: Origin
11:50:38.657 [main] DEBUG org.apache.http.headers - << Date: Mon, 26 Jun 2023 04:50:38 GMT
11:50:38.657 [main] DEBUG org.apache.http.headers - << Content-Length: 462
11:50:38.657 [main] DEBUG org.apache.http.impl.client.DefaultHttpClient - Connection can be kept alive indefinitely
11:50:38.657 [main] DEBUG io.restassured.internal.RestAssuredHttpBuilder - Parsing response as: application/json; charset=UTF-8
11:50:38.657 [main] DEBUG io.restassured.internal.RestAssuredHttpBuilder - Parsed data to instance of: class org.apache.http.conn.EofSensorInputStream
11:50:38.658 [main] DEBUG org.apache.http.wire -  << "{"data":{"user":{"ID":96,"CreatedAt":"2023-06-25T14:27:36.534Z","UpdatedAt":"2023-06-25T14:27:36.534Z","DeletedAt":null,"nama":"Sean 1","foto_profile":"123","email":"sean1@gmail.com","password":"123456","no_telepon":"0811111111111","alamat":"Jl. 123"},"token":"eyJhbGciOiJIUzI1NiIsInR5cCI6IkpXVCJ9.eyJleHAiOjE2ODc3NzMwMzgsImlkIjo5NiwiaXNzIjoicXdlcnR5IiwibmFtZSI6IlNlYW4gMSJ9.9BuAEpsVSqPwevDV7Ylk_Hz4yjBU_UlCa9jv8eJ8OQY"},"message":"Login success","status":true}[\n]"
11:50:38.658 [main] DEBUG org.apache.http.impl.conn.BasicClientConnectionManager - Releasing connection org.apache.http.impl.conn.ManagedClientConnectionImpl@57e57dc5
11:50:38.658 [main] DEBUG org.apache.http.impl.conn.BasicClientConnectionManager - Connection can be kept alive indefinitely
11:50:38.663 [main] DEBUG net.thucydides.core.steps.StepInterceptor - STEP DONE: user send a HTTP request login in Artikel in website
  &amp#27;[32mWhen &amp#27;[0m&amp#27;[32muser send a HTTP request login in artikel in website&amp#27;[0m          &amp#27;[90m# starter.stepdefinitions.Mobile.ArtikelSteps.userSendAHTTPRequestLoginInArtikelInWebsite()&amp#27;[0m
11:50:38.665 [main] DEBUG net.thucydides.core.steps.StepInterceptor - STARTING STEP: ArtikelSteps.userSetTheGETApiEndpointArtikel - user set the GET api endpoint Artikel
11:50:38.665 [main] DEBUG net.thucydides.core.steps.StepInterceptor - STEP DONE: user set the GET api endpoint Artikel
  &amp#27;[32mAnd &amp#27;[0m&amp#27;[32muser set the GET api endpoint artikel&amp#27;[0m                          &amp#27;[90m# starter.stepdefinitions.Mobile.ArtikelSteps.userSetTheGETApiEndpointArtikel()&amp#27;[0m
11:50:38.671 [main] DEBUG net.thucydides.core.steps.StepInterceptor - STARTING STEP: ArtikelSteps.userSentHTTPGETRequestGetArtikelByID - user sent HTTP GET request get Artikel by ID
11:50:38.672 [main] DEBUG net.thucydides.core.steps.StepInterceptor - STARTING STEP: Artikel.userSentHTTPGETRequestGetArtikelByID - user set the GET api endpoint Artikel
11:50:38.672 [main] DEBUG net.thucydides.core.steps.StepInterceptor - STEP DONE: user set the GET api endpoint Artikel
11:50:38.672 [Finalizer] DEBUG org.apache.http.impl.conn.DefaultClientConnection - Connection 0.0.0.0:59704<->167.172.66.247:8002 closed
11:50:38.672 [Finalizer] DEBUG org.apache.http.impl.conn.DefaultClientConnection - Connection 0.0.0.0:59703<->167.172.66.247:8002 closed
11:50:38.679 [main] DEBUG org.apache.http.impl.conn.BasicClientConnectionManager - Get connection for route {}->http://167.172.66.247:8002
11:50:38.679 [main] DEBUG org.apache.http.impl.conn.DefaultClientConnectionOperator - Connecting to 167.172.66.247:8002
11:50:38.707 [main] DEBUG org.apache.http.client.protocol.RequestAddCookies - CookieSpec selected: ignoreCookies
11:50:38.707 [main] DEBUG org.apache.http.client.protocol.RequestAuthCache - Auth cache not set in the context
11:50:38.707 [main] DEBUG org.apache.http.client.protocol.RequestTargetAuthentication - Target auth state: UNCHALLENGED
11:50:38.707 [main] DEBUG org.apache.http.client.protocol.RequestProxyAuthentication - Proxy auth state: UNCHALLENGED
11:50:38.707 [main] DEBUG org.apache.http.impl.client.DefaultHttpClient - Attempt 1 to execute request
11:50:38.707 [main] DEBUG org.apache.http.impl.conn.DefaultClientConnection - Sending request: GET /artikel?page=1&limit=5&search=kecak HTTP/1.1
11:50:38.707 [main] DEBUG org.apache.http.wire -  >> "GET /artikel?page=1&limit=5&search=kecak HTTP/1.1[\r][\n]"
11:50:38.707 [main] DEBUG org.apache.http.wire -  >> "Accept: */*[\r][\n]"
11:50:38.707 [main] DEBUG org.apache.http.wire -  >> "Host: 167.172.66.247:8002[\r][\n]"
11:50:38.707 [main] DEBUG org.apache.http.wire -  >> "Connection: Keep-Alive[\r][\n]"
11:50:38.707 [main] DEBUG org.apache.http.wire -  >> "User-Agent: Apache-HttpClient/4.5.13 (Java/17.0.7)[\r][\n]"
11:50:38.707 [main] DEBUG org.apache.http.wire -  >> "Accept-Encoding: gzip,deflate[\r][\n]"
11:50:38.707 [main] DEBUG org.apache.http.wire -  >> "[\r][\n]"
11:50:38.707 [main] DEBUG org.apache.http.headers - >> GET /artikel?page=1&limit=5&search=kecak HTTP/1.1
11:50:38.707 [main] DEBUG org.apache.http.headers - >> Accept: */*
11:50:38.707 [main] DEBUG org.apache.http.headers - >> Host: 167.172.66.247:8002
11:50:38.707 [main] DEBUG org.apache.http.headers - >> Connection: Keep-Alive
11:50:38.707 [main] DEBUG org.apache.http.headers - >> User-Agent: Apache-HttpClient/4.5.13 (Java/17.0.7)
11:50:38.707 [main] DEBUG org.apache.http.headers - >> Accept-Encoding: gzip,deflate
11:50:38.767 [main] DEBUG org.apache.http.wire -  << "HTTP/1.1 400 Bad Request[\r][\n]"
11:50:38.767 [main] DEBUG org.apache.http.wire -  << "Content-Type: application/json; charset=UTF-8[\r][\n]"
11:50:38.767 [main] DEBUG org.apache.http.wire -  << "Vary: Origin[\r][\n]"
11:50:38.767 [main] DEBUG org.apache.http.wire -  << "Date: Mon, 26 Jun 2023 04:50:38 GMT[\r][\n]"
11:50:38.767 [main] DEBUG org.apache.http.wire -  << "Content-Length: 39[\r][\n]"
11:50:38.767 [main] DEBUG org.apache.http.wire -  << "[\r][\n]"
11:50:38.767 [main] DEBUG org.apache.http.impl.conn.DefaultClientConnection - Receiving response: HTTP/1.1 400 Bad Request
11:50:38.767 [main] DEBUG org.apache.http.headers - << HTTP/1.1 400 Bad Request
11:50:38.767 [main] DEBUG org.apache.http.headers - << Content-Type: application/json; charset=UTF-8
11:50:38.767 [main] DEBUG org.apache.http.headers - << Vary: Origin
11:50:38.767 [main] DEBUG org.apache.http.headers - << Date: Mon, 26 Jun 2023 04:50:38 GMT
11:50:38.767 [main] DEBUG org.apache.http.headers - << Content-Length: 39
11:50:38.767 [main] DEBUG org.apache.http.impl.client.DefaultHttpClient - Connection can be kept alive indefinitely
11:50:38.767 [main] DEBUG io.restassured.internal.RestAssuredHttpBuilder - Parsing response as: application/json; charset=UTF-8
11:50:38.767 [main] DEBUG io.restassured.internal.RestAssuredHttpBuilder - Parsed data to instance of: class org.apache.http.conn.EofSensorInputStream
11:50:38.768 [main] DEBUG org.apache.http.wire -  << "{"message":"missing or malformed jwt"}[\n]"
11:50:38.768 [main] DEBUG org.apache.http.impl.conn.BasicClientConnectionManager - Releasing connection org.apache.http.impl.conn.ManagedClientConnectionImpl@1a85e86e
11:50:38.768 [main] DEBUG org.apache.http.impl.conn.BasicClientConnectionManager - Connection can be kept alive indefinitely
11:50:38.768 [main] DEBUG net.thucydides.core.steps.StepInterceptor - STEP DONE: user sent HTTP GET request get Artikel by ID
  &amp#27;[32mAnd &amp#27;[0m&amp#27;[32muser sent HTTP GET request get artikel by ID&amp#27;[0m                   &amp#27;[90m# starter.stepdefinitions.Mobile.ArtikelSteps.userSentHTTPGETRequestGetArtikelByID()&amp#27;[0m
11:50:38.769 [main] DEBUG net.thucydides.core.steps.StepInterceptor - STARTING STEP: ArtikelSteps.userReceiveAValidLoginAndArtikelHTTPResponseCode - user receive a valid login and Artikel HTTP response code 200
11:50:38.770 [main] DEBUG net.thucydides.core.steps.StepInterceptor - STARTING STEP: Artikel.userReceiveAValidLoginAndArtikelHTTPResponseCode200 - user set the POST api endpoint Artikel
11:50:38.770 [main] DEBUG net.thucydides.core.steps.StepInterceptor - STEP DONE: user set the POST api endpoint Artikel
11:50:38.774 [main] DEBUG org.apache.http.impl.conn.BasicClientConnectionManager - Get connection for route {}->http://167.172.66.247:8002
11:50:38.774 [main] DEBUG org.apache.http.impl.conn.DefaultClientConnectionOperator - Connecting to 167.172.66.247:8002
11:50:38.807 [main] DEBUG org.apache.http.client.protocol.RequestAddCookies - CookieSpec selected: ignoreCookies
11:50:38.807 [main] DEBUG org.apache.http.client.protocol.RequestAuthCache - Auth cache not set in the context
11:50:38.807 [main] DEBUG org.apache.http.client.protocol.RequestProxyAuthentication - Proxy auth state: UNCHALLENGED
11:50:38.807 [main] DEBUG org.apache.http.impl.client.DefaultHttpClient - Attempt 1 to execute request
11:50:38.807 [main] DEBUG org.apache.http.impl.conn.DefaultClientConnection - Sending request: GET /artikel HTTP/1.1
11:50:38.807 [main] DEBUG org.apache.http.wire -  >> "GET /artikel HTTP/1.1[\r][\n]"
11:50:38.807 [main] DEBUG org.apache.http.wire -  >> "Authorization: Bearer eyJhbGciOiJIUzI1NiIsInR5cCI6IkpXVCJ9.eyJleHAiOjE2ODc3NzMwMzgsImlkIjo5NiwiaXNzIjoicXdlcnR5IiwibmFtZSI6IlNlYW4gMSJ9.9BuAEpsVSqPwevDV7Ylk_Hz4yjBU_UlCa9jv8eJ8OQY[\r][\n]"
11:50:38.807 [main] DEBUG org.apache.http.wire -  >> "Accept: */*[\r][\n]"
11:50:38.807 [main] DEBUG org.apache.http.wire -  >> "Host: 167.172.66.247:8002[\r][\n]"
11:50:38.807 [main] DEBUG org.apache.http.wire -  >> "Connection: Keep-Alive[\r][\n]"
11:50:38.807 [main] DEBUG org.apache.http.wire -  >> "User-Agent: Apache-HttpClient/4.5.13 (Java/17.0.7)[\r][\n]"
11:50:38.807 [main] DEBUG org.apache.http.wire -  >> "Accept-Encoding: gzip,deflate[\r][\n]"
11:50:38.807 [main] DEBUG org.apache.http.wire -  >> "[\r][\n]"
11:50:38.807 [main] DEBUG org.apache.http.headers - >> GET /artikel HTTP/1.1
11:50:38.807 [main] DEBUG org.apache.http.headers - >> Authorization: Bearer eyJhbGciOiJIUzI1NiIsInR5cCI6IkpXVCJ9.eyJleHAiOjE2ODc3NzMwMzgsImlkIjo5NiwiaXNzIjoicXdlcnR5IiwibmFtZSI6IlNlYW4gMSJ9.9BuAEpsVSqPwevDV7Ylk_Hz4yjBU_UlCa9jv8eJ8OQY
11:50:38.807 [main] DEBUG org.apache.http.headers - >> Accept: */*
11:50:38.807 [main] DEBUG org.apache.http.headers - >> Host: 167.172.66.247:8002
11:50:38.808 [main] DEBUG org.apache.http.headers - >> Connection: Keep-Alive
11:50:38.808 [main] DEBUG org.apache.http.headers - >> User-Agent: Apache-HttpClient/4.5.13 (Java/17.0.7)
11:50:38.808 [main] DEBUG org.apache.http.headers - >> Accept-Encoding: gzip,deflate
11:50:38.861 [main] DEBUG org.apache.http.wire -  << "HTTP/1.1 200 OK[\r][\n]"
11:50:38.861 [main] DEBUG org.apache.http.wire -  << "Content-Type: application/json; charset=UTF-8[\r][\n]"
11:50:38.861 [main] DEBUG org.apache.http.wire -  << "Vary: Origin[\r][\n]"
11:50:38.861 [main] DEBUG org.apache.http.wire -  << "Date: Mon, 26 Jun 2023 04:50:39 GMT[\r][\n]"
11:50:38.861 [main] DEBUG org.apache.http.wire -  << "Transfer-Encoding: chunked[\r][\n]"
11:50:38.861 [main] DEBUG org.apache.http.wire -  << "[\r][\n]"
11:50:38.861 [main] DEBUG org.apache.http.impl.conn.DefaultClientConnection - Receiving response: HTTP/1.1 200 OK
11:50:38.861 [main] DEBUG org.apache.http.headers - << HTTP/1.1 200 OK
11:50:38.861 [main] DEBUG org.apache.http.headers - << Content-Type: application/json; charset=UTF-8
11:50:38.861 [main] DEBUG org.apache.http.headers - << Vary: Origin
11:50:38.861 [main] DEBUG org.apache.http.headers - << Date: Mon, 26 Jun 2023 04:50:39 GMT
11:50:38.861 [main] DEBUG org.apache.http.headers - << Transfer-Encoding: chunked
11:50:38.861 [main] DEBUG org.apache.http.impl.client.DefaultHttpClient - Connection can be kept alive indefinitely
11:50:38.861 [main] DEBUG io.restassured.internal.RestAssuredHttpBuilder - Parsing response as: application/json; charset=UTF-8
11:50:38.861 [main] DEBUG io.restassured.internal.RestAssuredHttpBuilder - Parsed data to instance of: class org.apache.http.conn.EofSensorInputStream
11:50:38.862 [main] DEBUG org.apache.http.wire -  << "2304[\r][\n]"
11:50:38.862 [main] DEBUG org.apache.http.wire -  << "{"data":{"data":[{"ID":93,"CreatedAt":"2023-06-25T13:36:05.866Z","UpdatedAt":"2023-06-25T16:56:31.644Z","DeletedAt":null,"gambar":"C:\\fakepath\\wisata.png","judul":"article234","deskripsi":"description article"},{"ID":94,"CreatedAt":"2023-06-25T13:36:34.256Z","UpdatedAt":"2023-06-25T13:55:00.169Z","DeletedAt":null,"gambar":"C:\\fakepath\\wisata.png","judul":"Wayang Kulit Bali","deskripsi":"Wayang kulit merupakan kesenian yang ada di banyak daerah di Indonesia, tak terkecuali juga menjadi kesenian tradisional khas Bali. Pertunjukan Wayang Kulit Bali digelar dengan dua tema cerita, yakni tema hiburan dengan banyolan komedi lucu, dan tema spiritual yang sangat sakral bagi umat Hindu. Karena penyampaian cerita yang ringan dan dekat dengan masyarakat, penggemar pertunjukan ini masih menarik perhatian hingga kini. Masyarakat kelas bawah, menengah, maupun kelas atas menyukainya. Wayang Kulit Bali dimainkan oleh dalang profesional yang bercerita sambil menyenandungkan tembang khas Bali. Iringan musik dari alat-alat musik tradisional Bali membuat pertunjukan makin menarik."},{"ID":95,"CreatedAt":"2023-06-25T13:36:56.983Z","UpdatedAt":"2023-06-25T13:55:11.473Z","DeletedAt":null,"gambar":"C:\\fakepath\\wisata.png","judul":"Tari Legong","deskripsi":"Tari Legong ini biasa kita kenal dengan sebutan tari Bali. Ternyata, Tari Legong sudah ada sejak abad ke-19. Secara etimologis, kata [0xe2][0x80][0x98]Leg[0xe2][0x80][0x99] berarti luwes, sedangkan kata [0xe2][0x80][0x98]Gong[0xe2][0x80][0x99] berarti gamelan. Kesenian tradisional khas Bali ini bercerita tentang kisah cinta Raja Lasem. Gerakan luwes namun tetap dinamis dengan power yang mantap dan gerakan bola mata menjadi ciri khasnya. Penari Tari Legong menggunakan baju adat khas Bali berwarna emas dengan sentuhan warna merah, serta lengkap dengan sanggul di kepala yang berhiaskan bunga kamboja dan aksesoris kipas."},{"ID":97,"CreatedAt":"2023-06-25T13:37:22.041Z","UpdatedAt":"2023-06-25T13:55:27.599Z","DeletedAt":null,"gambar":"C:\\fakepath\\wisata.png","judul":"Tari Barong","deskripsi":"Kesenian tradisional khas Bali yang populer lainnya adalah Tari Barong. Tarian ini sangat identik dengan kebudayaan Pra-Hindu. Kostum penari dan setiap gerakannya merepresentasikan pertarungan Adharma (sifat tidak terpuji) dan Dharma (sifat terpuji). Dharma digambarkan degan kostum binatang berkaki empat. Sedangkan Adharma digambarkan dengan kostum yang memiliki dua taring runcing."},{"ID":98,"CreatedAt":"2023-06-25T13:37:42.275Z","UpdatedAt":"2023-06-25T13:55:36.208Z","DeletedAt":null,"gambar":"C:\\fakepath\\wisata.png","judul":"Drama Gong","deskripsi":"Drama Gong yang merupakan drama tradisional yang pertunjukannya"
11:50:38.867 [main] DEBUG org.apache.http.wire -  << " diiringi oleh instrument alat musik gong alias gamelan. Munculnya kesenian tradisional khas Bali ini dipengaruhi karena adanya perpaduan budaya tradisional Bali dengan budaya modern barat. Keduanya bersatu menampilkan pertunjukan bergaya klasik kontemporer. Ditambah dengan bahasa dialog yang digunakan umumnya adalah bahasa sansekerta, atau bahasa Bali klasik. Drama Gong mengambil cerita sejarah bertemakan cinta, kisah heroik, dan lain sebagainya. Hanya di hari-hari tertentu dan upacara spesial yang menyertakan pertunjukan Drama Gong ini."},{"ID":99,"CreatedAt":"2023-06-25T13:38:58.267Z","UpdatedAt":"2023-06-25T13:55:47.078Z","DeletedAt":null,"gambar":"C:\\fakepath\\wisata.png","judul":"Omed-Omedan","deskripsi":"Omed-omedan adalah salah satu tradisi masyarakat Hindu di Bali yang dilaksanakan satu hari setelah hari raya Nyepi, Ngembak Geni dimana masyarakat Bali sudah dapat beraktivitas kembali seperti biasa. Dalam bahasa Indonesia, istilah omed-omedan berarti saling tarik menarik. Acara ini dimulai dengan persembahyangan di Pura. Kemudian muda-mudi lajang dibagi menjadi pria dan wanita diarak dan dihadapkan untuk saling tarik menarik, berpelukan (gelut), cium kening, pipi ataupun bibir (diman) dan disirami air (siam).  Tradisi ini diperkirakan telah berlangsung sejak abad ke-17 yang berawal dari mas"
11:50:38.877 [main] DEBUG org.apache.http.wire -  << "yarakat kerajaan Puri Oka, Denpasar Selatan. Pada saat itu, masyarakat membuat permainan tarik menarik yang berubah menjadi saling rangkul. Tradisi ini semakin seru hingga saling cium dan siraman air dimulai. Saat ini, hanya masyarakat desa adat Sesetan yang masih menjalankan tradisi ini. Muda mudi berusia 17-30 tahun lajang yang berpartisipasi dalam acara ini menyanyikan lagu omed-omedan secara serentak diiringi oleh lenting gamelan."},{"ID":100,"CreatedAt":"2023-06-25T13:40:14.589Z","UpdatedAt":"2023-06-25T13:55:59.713Z","DeletedAt":null,"gambar":"C:\\fakepath\\wisata.png","judul":"Drama Tari Calonarang","deskripsi":"Cerita Calonarang adalah tema atau judul dalam sebuah pementasan seni tari, pementasan kesenian rakyat ini berbau magis atau mistis, Calonarang adalah tokoh yang berwajah seram dan memiliki sifat menyakiti. Cerita-cerita calonarang ini tidak tergolong hal baru, hampirs semua masyarakat luas pernah mendengar cerita tersebut. Pementasan Calonarang selain sebagai hiburan yang cukup populer dan menarik di pulau Dewata Bali. Kesenian rakyat tradisional ini bertemakan horor, tarian inipun tidak dipentaskan di sembarang tempat, dipentaskan saat-saat ada upacara pujawali, seperti dipentaskan di sebuah pura Dalem dalam sebuah desa Pakraman, pura Dalem sendiri diyakini sebagai tempat berstananya Dewa Siwa dan juga Dewi Durga sebagai yang menaungi kekuatan baik "
11:50:38.887 [main] DEBUG org.apache.http.wire -  << "dan jahat, tarian tersebut dipentaskan dan dikemas dalam pementasan Drama Calonarang pada sebuah pura Dalem dekat kuburan dan pada tengah malam, sehingga aura mistis akan terasa sangat kental."},{"ID":101,"CreatedAt":"2023-06-25T13:41:37.735Z","UpdatedAt":"2023-06-25T13:41:37.735Z","DeletedAt":null,"gambar":"C:\\fakepath\\wisata.png","judul":"Rumah Adat Bali","deskripsi":"Rumah adat Bali dibangun dengan prinsip filosofi yang tinggi. Filosofi yang dianut disebut dengan Tri Hita Karana yaitu Parahyangan, Palemahan, dan Pawongan. Tiga aspek ini memiliki arti hubungan dengan Tuhan (Parahyangan), hubungan dengan alam / lingkungan (Palemahan) dan hubungan antar sesama manusia (Pawongan). Makanya, setiap rumah adat Bali pasti mempunyai beberapa bangunan yang berguna untuk sembahyang, tempat beristirahat dan juga tempat bercengkrama dengan sesama. Nama rumah adat Bali dibagi berdasarkan bangunan dalam rumah tersebut, di antaranya angkul-angkul, aling-aling, pura keluarga, bale manten, bale dauh, bale sekapat, bale dangin/gede, pawaragen/paon dan lumbung. Rumah adat Bali dibangun dengan menggunakan aturan asta kosala kosali. Aturan ini kurang lebih hampir sama dengan penggunaan fengsui dalam budaya Tionghoa."},{"ID":102,"CreatedAt":"2023-06-25T13:43:23.557Z","UpdatedAt":"2023-06-25T13:56:19.597Z","DeletedAt":null,"gambar":"C:\\fakepath\\wisata.png","judul":"Tari Pendet","deskripsi":"Dari berbagai jenis tari daerah yang berasal dari Bali, tari pendet merupakan tarian tertua di Pulau Dewata. Tarian ini diperkirakan ada sejak tahun 1950. Awalnya tarian pendet adalah tari sembahan yang dilakukan di pura-pura umat Hindu sebagai bentuk ucapan selamat datang atas turunnya dewa ke bumi. Tarian ini merupakan hasil gubahan maestro seni tari Bali yang bernama I Wayan Rindi. I Wayang Rindi adalah seniman tari yang memiliki penguasaan gerak tari yang luar biasa. Oleh sebab itu, perkembangan dan sebaran tarian ini merupakan jasa dari beliau. Gerakan tari diambil dari pakem-pakem gerakan tarian pendet dewa atau tari pendet asli yang ditujukan untuk persembahan. Tanpa menghilangkan nilai sakral, religi dan keindahannya, I Wayan Rindi bersama rekannya bernama Ni Ketut Reneng berhasil memasukkan unsur tarian pendet dewa ke dalam tari pendet yang kita kenal saat ini. Sehingga seiring berkembangnya zaman turut pula merubah fungsi asli tari pendet. Kini tarian ini juga digunakan sebagai sarana pertunjukkan serta tarian ucapan selamat datang."},{"ID":103,"CreatedAt":"2023-06-25T13:44:32.318Z","UpdatedAt":"2023-06-25T13:56:36.042Z","DeletedAt":null,"gambar":"C:\\fakepath\\wisata.png","judul":"Ogoh-ogoh","deskripsi":"Ogoh-ogoh adalah boneka raksasa yang merupakan manifestasi Bhutakala. Dalam ajaran Hindu Dharma, Bhutakala adalah kekuatan Bhu atau alam semesta"
11:50:38.917 [main] DEBUG org.apache.http.wire -  << " dan Kala (waktu) yang tak terukur dan tak terbantahkan. Dikutip dari laman resmi Pemerintah Kabupaten Buleleng, ogoh-ogoh sendiri diambil dari sebutan ogah-ogah dari bahasa Bali yang artinya sesuatu yang digoyang-goyangkan.  Sejarah tradisi ogoh-ogoh sendiri dimulai pada tahun 1983. Tahun tersebut merupakan bagian penting dalam sejarah ogoh-ogoh di Bali, pasalnya pada tahun itu mulai dibuat wujud-wujud bhuta kala berkenaan dengan ritual Nyepi di Bali. Ketika itu ada keputusan presiden yang menyatakan Nyepi sebagai hari libur nasional. Semenjak itu masyarakat mulai membuat perwujudan onggokan yang kemudian disebut ogoh-ogoh, di beberapa tempat di Denpasar. Budaya baru ini semakin menyebar ketika ogoh-ogoh diikutkan dalam Pesta Kesenian Bali ke XII."}],"data_shown":10,"page":1,"total_data":11},"message":"Get all Artikel success","status":true}[\n]"
11:50:38.917 [main] DEBUG org.apache.http.wire -  << "[\r][\n]"
11:50:38.917 [main] DEBUG org.apache.http.wire -  << "0[\r][\n]"
11:50:38.917 [main] DEBUG org.apache.http.wire -  << "[\r][\n]"
11:50:38.917 [main] DEBUG org.apache.http.impl.conn.BasicClientConnectionManager - Releasing connection org.apache.http.impl.conn.ManagedClientConnectionImpl@446a692f
11:50:38.917 [main] DEBUG org.apache.http.impl.conn.BasicClientConnectionManager - Connection can be kept alive indefinitely
11:50:38.921 [main] DEBUG net.thucydides.core.steps.StepInterceptor - STEP DONE: user receive a valid login and Artikel HTTP response code 200
  &amp#27;[32mThen &amp#27;[0m&amp#27;[32muser receive a valid login and artikel HTTP response code &amp#27;[0m&amp#27;[32m&amp#27;[1m200&amp#27;[0m &amp#27;[90m# starter.stepdefinitions.Mobile.ArtikelSteps.userReceiveAValidLoginAndArtikelHTTPResponseCode(int)&amp#27;[0m
11:50:38.923 [main] INFO  - 
  _____   ___   ___   _____     ___     _     ___   ___   ___   ___  
 |_   _| | __| / __| |_   _|   | _ \   /_\   / __| / __| | __| |   \ 
   | |   | _|  \__ \   | |     |  _/  / _ \  \__ \ \__ \ | _|  | |) |
   |_|   |___| |___/   |_|     |_|   /_/ \_\ |___/ |___/ |___| |___/ 

As user I can get all artikel data
----------------------------------------------------------------------
]]></system-out>
  </testcase>
  <testcase name="As user I can edit artikel data by ID" classname="As user, I want to create, put, delete and get artikel and artikel by ID" time="0.38">
    <system-out><![CDATA[
@TCartikel03
Scenario: As user I can edit artikel data by ID                      &amp#27;[90m# src/test/resources/Feature/Api/Mobile/Artikel.feature:22&amp#27;[0m
11:50:38.934 [main] INFO io.cucumber.core.plugin.SerenityReporter - Running feature from file:///Users/macbookpro/Documents/Capstone_API_CI/src/test/resources/Feature/Api/Mobile/Artikel.feature
11:50:38.934 [main] WARN io.cucumber.core.plugin.SerenityReporter - Feature from file:///Users/macbookpro/Documents/Capstone_API_CI/src/test/resources/Feature/Api/Mobile/Artikel.feature is not under the 'features' directory. Requirements report will not be correctly generated!
11:50:38.935 [main] INFO  - 
  _____   ___   ___   _____     ___   _____     _     ___   _____   ___   ___  
 |_   _| | __| / __| |_   _|   / __| |_   _|   /_\   | _ \ |_   _| | __| |   \ 
   | |   | _|  \__ \   | |     \__ \   | |    / _ \  |   /   | |   | _|  | |) |
   |_|   |___| |___/   |_|     |___/   |_|   /_/ \_\ |_|_\   |_|   |___| |___/ 

As user I can edit artikel data by ID(as-user--i-want-to-create--put--delete-and-get-artikel-and-artikel-by-id;as-user-i-can-edit-artikel-data-by-id)
--------------------------------------------------------------------------------
11:50:38.938 [main] DEBUG net.thucydides.core.steps.StepInterceptor - STARTING STEP: ArtikelSteps.userSetUpApiEndpointLoginInArtikelInWebsite - user set up api endpoint login in Artikel in website
11:50:38.938 [main] DEBUG net.thucydides.core.steps.StepInterceptor - STEP DONE: user set up api endpoint login in Artikel in website
  &amp#27;[32mGiven &amp#27;[0m&amp#27;[32muser set up api endpoint login in artikel in website&amp#27;[0m         &amp#27;[90m# starter.stepdefinitions.Mobile.ArtikelSteps.userSetUpApiEndpointLoginInArtikelInWebsite()&amp#27;[0m
11:50:38.939 [main] DEBUG net.thucydides.core.steps.StepInterceptor - STARTING STEP: ArtikelSteps.userSendAHTTPRequestLoginInArtikelInWebsite - user send a HTTP request login in Artikel in website
11:50:38.940 [main] DEBUG net.thucydides.core.steps.StepInterceptor - STARTING STEP: Artikel.userSendAHTTPRequestLoginInArtikelInWebsite - user set up api endpoint login in Artikel in website
11:50:38.940 [main] DEBUG net.thucydides.core.steps.StepInterceptor - STEP DONE: user set up api endpoint login in Artikel in website
11:50:38.944 [main] DEBUG org.apache.http.impl.conn.BasicClientConnectionManager - Get connection for route {}->http://167.172.66.247:8002
11:50:38.945 [main] DEBUG org.apache.http.impl.conn.DefaultClientConnectionOperator - Connecting to 167.172.66.247:8002
11:50:38.977 [main] DEBUG org.apache.http.client.protocol.RequestAddCookies - CookieSpec selected: ignoreCookies
11:50:38.977 [main] DEBUG org.apache.http.client.protocol.RequestAuthCache - Auth cache not set in the context
11:50:38.977 [main] DEBUG org.apache.http.client.protocol.RequestTargetAuthentication - Target auth state: UNCHALLENGED
11:50:38.977 [main] DEBUG org.apache.http.client.protocol.RequestProxyAuthentication - Proxy auth state: UNCHALLENGED
11:50:38.977 [main] DEBUG org.apache.http.impl.client.DefaultHttpClient - Attempt 1 to execute request
11:50:38.977 [main] DEBUG org.apache.http.impl.conn.DefaultClientConnection - Sending request: POST /user_login HTTP/1.1
11:50:38.977 [main] DEBUG org.apache.http.wire -  >> "POST /user_login HTTP/1.1[\r][\n]"
11:50:38.977 [main] DEBUG org.apache.http.wire -  >> "Accept: */*[\r][\n]"
11:50:38.977 [main] DEBUG org.apache.http.wire -  >> "Content-Type: application/json[\r][\n]"
11:50:38.977 [main] DEBUG org.apache.http.wire -  >> "Content-Length: 47[\r][\n]"
11:50:38.977 [main] DEBUG org.apache.http.wire -  >> "Host: 167.172.66.247:8002[\r][\n]"
11:50:38.977 [main] DEBUG org.apache.http.wire -  >> "Connection: Keep-Alive[\r][\n]"
11:50:38.977 [main] DEBUG org.apache.http.wire -  >> "User-Agent: Apache-HttpClient/4.5.13 (Java/17.0.7)[\r][\n]"
11:50:38.977 [main] DEBUG org.apache.http.wire -  >> "Accept-Encoding: gzip,deflate[\r][\n]"
11:50:38.977 [main] DEBUG org.apache.http.wire -  >> "[\r][\n]"
11:50:38.977 [main] DEBUG org.apache.http.headers - >> POST /user_login HTTP/1.1
11:50:38.977 [main] DEBUG org.apache.http.headers - >> Accept: */*
11:50:38.977 [main] DEBUG org.apache.http.headers - >> Content-Type: application/json
11:50:38.977 [main] DEBUG org.apache.http.headers - >> Content-Length: 47
11:50:38.977 [main] DEBUG org.apache.http.headers - >> Host: 167.172.66.247:8002
11:50:38.977 [main] DEBUG org.apache.http.headers - >> Connection: Keep-Alive
11:50:38.977 [main] DEBUG org.apache.http.headers - >> User-Agent: Apache-HttpClient/4.5.13 (Java/17.0.7)
11:50:38.977 [main] DEBUG org.apache.http.headers - >> Accept-Encoding: gzip,deflate
11:50:38.977 [main] DEBUG org.apache.http.wire -  >> "{"password":"123456","email":"sean1@gmail.com"}"
11:50:39.037 [main] DEBUG org.apache.http.wire -  << "HTTP/1.1 200 OK[\r][\n]"
11:50:39.037 [main] DEBUG org.apache.http.wire -  << "Content-Type: application/json; charset=UTF-8[\r][\n]"
11:50:39.037 [main] DEBUG org.apache.http.wire -  << "Vary: Origin[\r][\n]"
11:50:39.037 [main] DEBUG org.apache.http.wire -  << "Date: Mon, 26 Jun 2023 04:50:39 GMT[\r][\n]"
11:50:39.037 [main] DEBUG org.apache.http.wire -  << "Content-Length: 462[\r][\n]"
11:50:39.037 [main] DEBUG org.apache.http.wire -  << "[\r][\n]"
11:50:39.037 [main] DEBUG org.apache.http.impl.conn.DefaultClientConnection - Receiving response: HTTP/1.1 200 OK
11:50:39.037 [main] DEBUG org.apache.http.headers - << HTTP/1.1 200 OK
11:50:39.037 [main] DEBUG org.apache.http.headers - << Content-Type: application/json; charset=UTF-8
11:50:39.037 [main] DEBUG org.apache.http.headers - << Vary: Origin
11:50:39.037 [main] DEBUG org.apache.http.headers - << Date: Mon, 26 Jun 2023 04:50:39 GMT
11:50:39.037 [main] DEBUG org.apache.http.headers - << Content-Length: 462
11:50:39.037 [main] DEBUG org.apache.http.impl.client.DefaultHttpClient - Connection can be kept alive indefinitely
11:50:39.037 [main] DEBUG io.restassured.internal.RestAssuredHttpBuilder - Parsing response as: application/json; charset=UTF-8
11:50:39.037 [main] DEBUG io.restassured.internal.RestAssuredHttpBuilder - Parsed data to instance of: class org.apache.http.conn.EofSensorInputStream
11:50:39.038 [main] DEBUG org.apache.http.wire -  << "{"data":{"user":{"ID":96,"CreatedAt":"2023-06-25T14:27:36.534Z","UpdatedAt":"2023-06-25T14:27:36.534Z","DeletedAt":null,"nama":"Sean 1","foto_profile":"123","email":"sean1@gmail.com","password":"123456","no_telepon":"0811111111111","alamat":"Jl. 123"},"token":"eyJhbGciOiJIUzI1NiIsInR5cCI6IkpXVCJ9.eyJleHAiOjE2ODc3NzMwMzksImlkIjo5NiwiaXNzIjoicXdlcnR5IiwibmFtZSI6IlNlYW4gMSJ9.7Gehe4Z4c78bns83luzV3GVUdktSBC9S1Zmr_WnlYHg"},"message":"Login success","status":true}[\n]"
11:50:39.038 [main] DEBUG org.apache.http.impl.conn.BasicClientConnectionManager - Releasing connection org.apache.http.impl.conn.ManagedClientConnectionImpl@de63949
11:50:39.038 [main] DEBUG org.apache.http.impl.conn.BasicClientConnectionManager - Connection can be kept alive indefinitely
11:50:39.044 [main] DEBUG net.thucydides.core.steps.StepInterceptor - STEP DONE: user send a HTTP request login in Artikel in website
  &amp#27;[32mWhen &amp#27;[0m&amp#27;[32muser send a HTTP request login in artikel in website&amp#27;[0m          &amp#27;[90m# starter.stepdefinitions.Mobile.ArtikelSteps.userSendAHTTPRequestLoginInArtikelInWebsite()&amp#27;[0m
11:50:39.045 [main] DEBUG net.thucydides.core.steps.StepInterceptor - STARTING STEP: ArtikelSteps.userSetThePUTApiEndpointArtikel - user set the PUT api endpoint Artikel
11:50:39.045 [main] DEBUG net.thucydides.core.steps.StepInterceptor - STEP DONE: user set the PUT api endpoint Artikel
  &amp#27;[32mAnd &amp#27;[0m&amp#27;[32muser set the PUT api endpoint artikel&amp#27;[0m                          &amp#27;[90m# starter.stepdefinitions.Mobile.ArtikelSteps.userSetThePUTApiEndpointArtikel()&amp#27;[0m
11:50:39.045 [main] DEBUG net.thucydides.core.steps.StepInterceptor - STARTING STEP: ArtikelSteps.userSentHTTPPUTRequestArtikelByID - user sent HTTP PUT request Artikel by ID
11:50:39.046 [main] DEBUG net.thucydides.core.steps.StepInterceptor - STARTING STEP: Artikel.userSentHTTPPUTRequestArtikelByID - user set the PUT api endpoint Artikel
11:50:39.046 [main] DEBUG net.thucydides.core.steps.StepInterceptor - STEP DONE: user set the PUT api endpoint Artikel
11:50:39.051 [main] DEBUG org.apache.http.impl.conn.BasicClientConnectionManager - Get connection for route {}->http://167.172.66.247:8002
11:50:39.051 [main] DEBUG org.apache.http.impl.conn.DefaultClientConnectionOperator - Connecting to 167.172.66.247:8002
11:50:39.087 [main] DEBUG org.apache.http.client.protocol.RequestAddCookies - CookieSpec selected: ignoreCookies
11:50:39.087 [main] DEBUG org.apache.http.client.protocol.RequestAuthCache - Auth cache not set in the context
11:50:39.087 [main] DEBUG org.apache.http.client.protocol.RequestTargetAuthentication - Target auth state: UNCHALLENGED
11:50:39.087 [main] DEBUG org.apache.http.client.protocol.RequestProxyAuthentication - Proxy auth state: UNCHALLENGED
11:50:39.087 [main] DEBUG org.apache.http.impl.client.DefaultHttpClient - Attempt 1 to execute request
11:50:39.087 [main] DEBUG org.apache.http.impl.conn.DefaultClientConnection - Sending request: PUT /artikel/68 HTTP/1.1
11:50:39.087 [main] DEBUG org.apache.http.wire -  >> "PUT /artikel/68 HTTP/1.1[\r][\n]"
11:50:39.087 [main] DEBUG org.apache.http.wire -  >> "Accept: */*[\r][\n]"
11:50:39.087 [main] DEBUG org.apache.http.wire -  >> "Content-Type: application/json[\r][\n]"
11:50:39.087 [main] DEBUG org.apache.http.wire -  >> "Content-Length: 54[\r][\n]"
11:50:39.087 [main] DEBUG org.apache.http.wire -  >> "Host: 167.172.66.247:8002[\r][\n]"
11:50:39.087 [main] DEBUG org.apache.http.wire -  >> "Connection: Keep-Alive[\r][\n]"
11:50:39.087 [main] DEBUG org.apache.http.wire -  >> "User-Agent: Apache-HttpClient/4.5.13 (Java/17.0.7)[\r][\n]"
11:50:39.087 [main] DEBUG org.apache.http.wire -  >> "Accept-Encoding: gzip,deflate[\r][\n]"
11:50:39.087 [main] DEBUG org.apache.http.wire -  >> "[\r][\n]"
11:50:39.087 [main] DEBUG org.apache.http.headers - >> PUT /artikel/68 HTTP/1.1
11:50:39.087 [main] DEBUG org.apache.http.headers - >> Accept: */*
11:50:39.087 [main] DEBUG org.apache.http.headers - >> Content-Type: application/json
11:50:39.087 [main] DEBUG org.apache.http.headers - >> Content-Length: 54
11:50:39.087 [main] DEBUG org.apache.http.headers - >> Host: 167.172.66.247:8002
11:50:39.087 [main] DEBUG org.apache.http.headers - >> Connection: Keep-Alive
11:50:39.087 [main] DEBUG org.apache.http.headers - >> User-Agent: Apache-HttpClient/4.5.13 (Java/17.0.7)
11:50:39.087 [main] DEBUG org.apache.http.headers - >> Accept-Encoding: gzip,deflate
11:50:39.087 [main] DEBUG org.apache.http.wire -  >> "[[\n]"
11:50:39.087 [main] DEBUG org.apache.http.wire -  >> "{"judul":"Kecak 1.1 ","gambar":"123 ","isi":"abc"}[\n]"
11:50:39.087 [main] DEBUG org.apache.http.wire -  >> "]"
11:50:39.147 [main] DEBUG org.apache.http.wire -  << "HTTP/1.1 400 Bad Request[\r][\n]"
11:50:39.147 [main] DEBUG org.apache.http.wire -  << "Content-Type: application/json; charset=UTF-8[\r][\n]"
11:50:39.147 [main] DEBUG org.apache.http.wire -  << "Vary: Origin[\r][\n]"
11:50:39.147 [main] DEBUG org.apache.http.wire -  << "Date: Mon, 26 Jun 2023 04:50:39 GMT[\r][\n]"
11:50:39.147 [main] DEBUG org.apache.http.wire -  << "Content-Length: 39[\r][\n]"
11:50:39.147 [main] DEBUG org.apache.http.wire -  << "[\r][\n]"
11:50:39.147 [main] DEBUG org.apache.http.impl.conn.DefaultClientConnection - Receiving response: HTTP/1.1 400 Bad Request
11:50:39.147 [main] DEBUG org.apache.http.headers - << HTTP/1.1 400 Bad Request
11:50:39.147 [main] DEBUG org.apache.http.headers - << Content-Type: application/json; charset=UTF-8
11:50:39.147 [main] DEBUG org.apache.http.headers - << Vary: Origin
11:50:39.147 [main] DEBUG org.apache.http.headers - << Date: Mon, 26 Jun 2023 04:50:39 GMT
11:50:39.147 [main] DEBUG org.apache.http.headers - << Content-Length: 39
11:50:39.147 [main] DEBUG org.apache.http.impl.client.DefaultHttpClient - Connection can be kept alive indefinitely
11:50:39.147 [main] DEBUG io.restassured.internal.RestAssuredHttpBuilder - Parsing response as: application/json; charset=UTF-8
11:50:39.147 [main] DEBUG io.restassured.internal.RestAssuredHttpBuilder - Parsed data to instance of: class org.apache.http.conn.EofSensorInputStream
11:50:39.148 [main] DEBUG org.apache.http.wire -  << "{"message":"missing or malformed jwt"}[\n]"
11:50:39.148 [main] DEBUG org.apache.http.impl.conn.BasicClientConnectionManager - Releasing connection org.apache.http.impl.conn.ManagedClientConnectionImpl@4713b631
11:50:39.148 [main] DEBUG org.apache.http.impl.conn.BasicClientConnectionManager - Connection can be kept alive indefinitely
11:50:39.148 [main] DEBUG net.thucydides.core.steps.StepInterceptor - STEP DONE: user sent HTTP PUT request Artikel by ID
  &amp#27;[32mAnd &amp#27;[0m&amp#27;[32muser sent HTTP PUT request artikel by ID&amp#27;[0m                       &amp#27;[90m# starter.stepdefinitions.Mobile.ArtikelSteps.userSentHTTPPUTRequestArtikelByID()&amp#27;[0m
11:50:39.149 [main] DEBUG net.thucydides.core.steps.StepInterceptor - STARTING STEP: ArtikelSteps.userReceiveAValidLoginAndArtikelHTTPResponseCode - user receive a valid login and Artikel HTTP response code 200
11:50:39.150 [main] DEBUG net.thucydides.core.steps.StepInterceptor - STARTING STEP: Artikel.userReceiveAValidLoginAndArtikelHTTPResponseCode200 - user set the POST api endpoint Artikel
11:50:39.150 [main] DEBUG net.thucydides.core.steps.StepInterceptor - STEP DONE: user set the POST api endpoint Artikel
11:50:39.153 [main] DEBUG org.apache.http.impl.conn.BasicClientConnectionManager - Get connection for route {}->http://167.172.66.247:8002
11:50:39.153 [main] DEBUG org.apache.http.impl.conn.DefaultClientConnectionOperator - Connecting to 167.172.66.247:8002
11:50:39.187 [main] DEBUG org.apache.http.client.protocol.RequestAddCookies - CookieSpec selected: ignoreCookies
11:50:39.187 [main] DEBUG org.apache.http.client.protocol.RequestAuthCache - Auth cache not set in the context
11:50:39.187 [main] DEBUG org.apache.http.client.protocol.RequestProxyAuthentication - Proxy auth state: UNCHALLENGED
11:50:39.187 [main] DEBUG org.apache.http.impl.client.DefaultHttpClient - Attempt 1 to execute request
11:50:39.187 [main] DEBUG org.apache.http.impl.conn.DefaultClientConnection - Sending request: GET /artikel HTTP/1.1
11:50:39.187 [main] DEBUG org.apache.http.wire -  >> "GET /artikel HTTP/1.1[\r][\n]"
11:50:39.187 [main] DEBUG org.apache.http.wire -  >> "Authorization: Bearer eyJhbGciOiJIUzI1NiIsInR5cCI6IkpXVCJ9.eyJleHAiOjE2ODc3NzMwMzksImlkIjo5NiwiaXNzIjoicXdlcnR5IiwibmFtZSI6IlNlYW4gMSJ9.7Gehe4Z4c78bns83luzV3GVUdktSBC9S1Zmr_WnlYHg[\r][\n]"
11:50:39.187 [main] DEBUG org.apache.http.wire -  >> "Accept: */*[\r][\n]"
11:50:39.187 [main] DEBUG org.apache.http.wire -  >> "Host: 167.172.66.247:8002[\r][\n]"
11:50:39.187 [main] DEBUG org.apache.http.wire -  >> "Connection: Keep-Alive[\r][\n]"
11:50:39.187 [main] DEBUG org.apache.http.wire -  >> "User-Agent: Apache-HttpClient/4.5.13 (Java/17.0.7)[\r][\n]"
11:50:39.187 [main] DEBUG org.apache.http.wire -  >> "Accept-Encoding: gzip,deflate[\r][\n]"
11:50:39.187 [main] DEBUG org.apache.http.wire -  >> "[\r][\n]"
11:50:39.187 [main] DEBUG org.apache.http.headers - >> GET /artikel HTTP/1.1
11:50:39.187 [main] DEBUG org.apache.http.headers - >> Authorization: Bearer eyJhbGciOiJIUzI1NiIsInR5cCI6IkpXVCJ9.eyJleHAiOjE2ODc3NzMwMzksImlkIjo5NiwiaXNzIjoicXdlcnR5IiwibmFtZSI6IlNlYW4gMSJ9.7Gehe4Z4c78bns83luzV3GVUdktSBC9S1Zmr_WnlYHg
11:50:39.187 [main] DEBUG org.apache.http.headers - >> Accept: */*
11:50:39.187 [main] DEBUG org.apache.http.headers - >> Host: 167.172.66.247:8002
11:50:39.187 [main] DEBUG org.apache.http.headers - >> Connection: Keep-Alive
11:50:39.187 [main] DEBUG org.apache.http.headers - >> User-Agent: Apache-HttpClient/4.5.13 (Java/17.0.7)
11:50:39.187 [main] DEBUG org.apache.http.headers - >> Accept-Encoding: gzip,deflate
11:50:39.249 [main] DEBUG org.apache.http.wire -  << "HTTP/1.1 200 OK[\r][\n]"
11:50:39.249 [main] DEBUG org.apache.http.wire -  << "Content-Type: application/json; charset=UTF-8[\r][\n]"
11:50:39.249 [main] DEBUG org.apache.http.wire -  << "Vary: Origin[\r][\n]"
11:50:39.249 [main] DEBUG org.apache.http.wire -  << "Date: Mon, 26 Jun 2023 04:50:39 GMT[\r][\n]"
11:50:39.249 [main] DEBUG org.apache.http.wire -  << "Transfer-Encoding: chunked[\r][\n]"
11:50:39.249 [main] DEBUG org.apache.http.wire -  << "[\r][\n]"
11:50:39.249 [main] DEBUG org.apache.http.impl.conn.DefaultClientConnection - Receiving response: HTTP/1.1 200 OK
11:50:39.249 [main] DEBUG org.apache.http.headers - << HTTP/1.1 200 OK
11:50:39.249 [main] DEBUG org.apache.http.headers - << Content-Type: application/json; charset=UTF-8
11:50:39.249 [main] DEBUG org.apache.http.headers - << Vary: Origin
11:50:39.249 [main] DEBUG org.apache.http.headers - << Date: Mon, 26 Jun 2023 04:50:39 GMT
11:50:39.249 [main] DEBUG org.apache.http.headers - << Transfer-Encoding: chunked
11:50:39.249 [main] DEBUG org.apache.http.impl.client.DefaultHttpClient - Connection can be kept alive indefinitely
11:50:39.249 [main] DEBUG io.restassured.internal.RestAssuredHttpBuilder - Parsing response as: application/json; charset=UTF-8
11:50:39.249 [main] DEBUG io.restassured.internal.RestAssuredHttpBuilder - Parsed data to instance of: class org.apache.http.conn.EofSensorInputStream
11:50:39.250 [main] DEBUG org.apache.http.wire -  << "2304[\r][\n]"
11:50:39.250 [main] DEBUG org.apache.http.wire -  << "{"data":{"data":[{"ID":93,"CreatedAt":"2023-06-25T13:36:05.866Z","UpdatedAt":"2023-06-25T16:56:31.644Z","DeletedAt":null,"gambar":"C:\\fakepath\\wisata.png","judul":"article234","deskripsi":"description article"},{"ID":94,"CreatedAt":"2023-06-25T13:36:34.256Z","UpdatedAt":"2023-06-25T13:55:00.169Z","DeletedAt":null,"gambar":"C:\\fakepath\\wisata.png","judul":"Wayang Kulit Bali","deskripsi":"Wayang kulit merupakan kesenian yang ada di banyak daerah di Indonesia, tak terkecuali juga menjadi kesenian tradisional khas Bali. Pertunjukan Wayang Kulit Bali digelar dengan dua tema cerita, yakni tema hiburan dengan banyolan komedi lucu, dan tema spiritual yang sangat sakral bagi umat Hindu. Karena penyampaian cerita yang ringan dan dekat dengan masyarakat, penggemar pertunjukan ini masih menarik perhatian hingga kini. Masyarakat kelas bawah, menengah, maupun kelas atas menyukainya. Wayang Kulit Bali dimainkan oleh dalang profesional yang bercerita sambil menyenandungkan tembang khas Bali. Iringan musik dari alat-alat musik tradisional Bali membuat pertunjukan makin menarik."},{"ID":95,"CreatedAt":"2023-06-25T13:36:56.983Z","UpdatedAt":"2023-06-25T13:55:11.473Z","DeletedAt":null,"gambar":"C:\\fakepath\\wisata.png","judul":"Tari Legong","deskripsi":"Tari Legong ini biasa kita kenal dengan sebutan tari Bali. Ternyata, Tari Legong sudah ada sejak abad ke-19. Secara etimologis, kata [0xe2][0x80][0x98]Leg[0xe2][0x80][0x99] berarti luwes, sedangkan kata [0xe2][0x80][0x98]Gong[0xe2][0x80][0x99] berarti gamelan. Kesenian tradisional khas Bali ini bercerita tentang kisah cinta Raja Lasem. Gerakan luwes namun tetap dinamis dengan power yang mantap dan gerakan bola mata menjadi ciri khasnya. Penari Tari Legong menggunakan baju adat khas Bali berwarna emas dengan sentuhan warna merah, serta lengkap dengan sanggul di kepala yang berhiaskan bunga kamboja dan aksesoris kipas."},{"ID":97,"CreatedAt":"2023-06-25T13:37:22.041Z","UpdatedAt":"2023-06-25T13:55:27.599Z","DeletedAt":null,"gambar":"C:\\fakepath\\wisata.png","judul":"Tari Barong","deskripsi":"Kesenian tradisional khas Bali yang populer lainnya adalah Tari Barong. Tarian ini sangat identik dengan kebudayaan Pra-Hindu. Kostum penari dan setiap gerakannya merepresentasikan pertarungan Adharma (sifat tidak terpuji) dan Dharma (sifat terpuji). Dharma digambarkan degan kostum binatang berkaki empat. Sedangkan Adharma digambarkan dengan kostum yang memiliki dua taring runcing."},{"ID":98,"CreatedAt":"2023-06-25T13:37:42.275Z","UpdatedAt":"2023-06-25T13:55:36.208Z","DeletedAt":null,"gambar":"C:\\fakepath\\wisata.png","judul":"Drama Gong","deskripsi":"Drama Gong yang merupakan drama tradisional yang pertunjukannya"
11:50:39.257 [main] DEBUG org.apache.http.wire -  << " diiringi oleh instrument alat musik gong alias gamelan. Munculnya kesenian tradisional khas Bali ini dipengaruhi karena adanya perpaduan budaya tradisional Bali dengan budaya modern barat. Keduanya bersatu menampilkan pertunjukan bergaya klasik kontemporer. Ditambah dengan bahasa dialog yang digunakan umumnya adalah bahasa sansekerta, atau bahasa Bali klasik. Drama Gong mengambil cerita sejarah bertemakan cinta, kisah heroik, dan lain sebagainya. Hanya di hari-hari tertentu dan upacara spesial yang menyertakan pertunjukan Drama Gong ini."},{"ID":99,"CreatedAt":"2023-06-25T13:38:58.267Z","UpdatedAt":"2023-06-25T13:55:47.078Z","DeletedAt":null,"gambar":"C:\\fakepath\\wisata.png","judul":"Omed-Omedan","deskripsi":"Omed-omedan adalah salah satu tradisi masyarakat Hindu di Bali yang dilaksanakan satu hari setelah hari raya Nyepi, Ngembak Geni dimana masyarakat Bali sudah dapat beraktivitas kembali seperti biasa. Dalam bahasa Indonesia, istilah omed-omedan berarti saling tarik menarik. Acara ini dimulai dengan persembahyangan di Pura. Kemudian muda-mudi lajang dibagi menjadi pria dan wanita diarak dan dihadapkan untuk saling tarik menarik, berpelukan (gelut), cium kening, pipi ataupun bibir (diman) dan disirami air (siam).  Tradisi ini diperkirakan telah berlangsung sejak abad ke-17 yang berawal dari mas"
11:50:39.267 [main] DEBUG org.apache.http.wire -  << "yarakat kerajaan Puri Oka, Denpasar Selatan. Pada saat itu, masyarakat membuat permainan tarik menarik yang berubah menjadi saling rangkul. Tradisi ini semakin seru hingga saling cium dan siraman air dimulai. Saat ini, hanya masyarakat desa adat Sesetan yang masih menjalankan tradisi ini. Muda mudi berusia 17-30 tahun lajang yang berpartisipasi dalam acara ini menyanyikan lagu omed-omedan secara serentak diiringi oleh lenting gamelan."},{"ID":100,"CreatedAt":"2023-06-25T13:40:14.589Z","UpdatedAt":"2023-06-25T13:55:59.713Z","DeletedAt":null,"gambar":"C:\\fakepath\\wisata.png","judul":"Drama Tari Calonarang","deskripsi":"Cerita Calonarang adalah tema atau judul dalam sebuah pementasan seni tari, pementasan kesenian rakyat ini berbau magis atau mistis, Calonarang adalah tokoh yang berwajah seram dan memiliki sifat menyakiti. Cerita-cerita calonarang ini tidak tergolong hal baru, hampirs semua masyarakat luas pernah mendengar cerita tersebut. Pementasan Calonarang selain sebagai hiburan yang cukup populer dan menarik di pulau Dewata Bali. Kesenian rakyat tradisional ini bertemakan horor, tarian inipun tidak dipentaskan di sembarang tempat, dipentaskan saat-saat ada upacara pujawali, seperti dipentaskan di sebuah pura Dalem dalam sebuah desa Pakraman, pura Dalem sendiri diyakini sebagai tempat berstananya Dewa Siwa dan juga Dewi Durga sebagai yang menaungi kekuatan baik dan jahat, tarian tersebut dipentaskan dan dikemas dalam pementasan Drama Calonarang pada sebuah pura Dalem dekat kuburan dan pada tengah malam, sehingga aura mistis akan terasa sangat kental."},{"ID":101,"CreatedAt":"2023-06-25T13:41:37.735Z","UpdatedAt":"2023-06-25T13:41:37.735Z","DeletedAt":null,"gambar":"C:\\fakepath\\wisata.png","judul":"Rumah Adat Bali","deskripsi":"Rumah adat Bali dibangun dengan prinsip filosofi yang tinggi. Filosofi yang dianut disebut dengan Tri Hita Karana yaitu Parahyangan, Palemahan, dan Pawongan. Tiga aspek ini memiliki arti hubungan dengan Tuhan (Parahyangan), hubungan dengan alam / lingkungan (Palemahan) dan hubungan antar sesama manusia (Pawongan). Makanya, setiap rumah adat Bali pasti mempunyai beberapa bangunan yang berguna untuk sembahyang, tempat beristirahat dan juga tempat bercengkrama dengan sesama. Nama rumah adat Bali dibagi berdasarkan bangunan dalam rumah tersebut, di antaranya angkul-angkul, aling-aling, pura keluarga, bale manten, bale dauh, bale sekapat, bale dangin/gede, pawaragen/paon dan lumbung. Rumah adat Bali dibangun dengan menggunakan aturan asta kosala kosali. Aturan ini kurang lebih hampir sama dengan penggunaan fengsui dalam budaya Tionghoa."},{"ID":102,"CreatedAt":"2023-06-25T13:43:23.557Z","UpdatedAt":"2023-06-25T13:56:19.597Z","DeletedAt":null,"gambar":"C:\\fakepath\\wisata.png","judul":"Tari Pendet","deskripsi":"Dari berbagai jenis tari daerah yang berasal dari Bali, tari pendet merupakan tarian tertua di Pulau Dewata. Tarian ini diperkirakan ada sejak tahun 1950. Awalnya tarian pendet adalah tari sembahan yang dilakukan di pura-pura umat Hindu sebagai bentuk ucapan selamat datang atas turunnya dewa ke bumi. Tarian ini merupakan hasil gubahan maestro seni tari Bali yang bernama I Wayan Rindi. I Wayang Rindi adalah seniman tari yang memiliki penguasaan gerak tari yang luar biasa. Oleh sebab itu, perkembangan dan sebaran tarian ini merupakan jasa dari beliau. Gerakan tari diambil dari pakem-pakem gerakan tarian pendet dewa atau tari pendet asli yang ditujukan untuk persembahan. Tanpa menghilangkan nilai sakral, religi dan keindahannya, I Wayan Rindi bersama rekannya bernama Ni Ketut Reneng berhasil memasukkan unsur tarian pendet dewa ke dalam tari pendet yang kita kenal saat ini. Sehingga seiring berkembangnya zaman turut pula merubah fungsi asli tari pendet. Kini tarian ini juga digunakan sebagai sarana pertunjukkan serta tarian ucapan selamat datang."},{"ID":103,"CreatedAt":"2023-06-25T13:44:32.318Z","UpdatedAt":"2023-06-25T13:56:36.042Z","DeletedAt":null,"gambar":"C:\\fakepath\\wisata.png","judul":"Ogoh-ogoh","deskripsi":"Ogoh-ogoh adalah boneka raksasa yang merupakan manifestasi Bhutakala. Dalam ajaran Hindu Dharma, Bhutakala adalah kekuatan Bhu atau alam semesta"
11:50:39.297 [main] DEBUG org.apache.http.wire -  << " dan Kala (waktu) yang tak terukur dan tak terbantahkan. Dikutip dari laman resmi Pemerintah Kabupaten Buleleng, ogoh-ogoh sendiri diambil dari sebutan ogah-ogah dari bahasa Bali yang artinya sesuatu yang digoyang-goyangkan.  Sejarah tradisi ogoh-ogoh sendiri dimulai pada tahun 1983. Tahun tersebut merupakan bagian penting dalam sejarah ogoh-ogoh di Bali, pasalnya pada tahun itu mulai dibuat wujud-wujud bhuta kala berkenaan dengan ritual Nyepi di Bali. Ketika itu ada keputusan presiden yang menyatakan Nyepi sebagai hari libur nasional. Semenjak itu masyarakat mulai membuat perwujudan onggokan yang kemudian disebut ogoh-ogoh, di beberapa tempat di Denpasar. Budaya baru ini semakin menyebar ketika ogoh-ogoh diikutkan dalam Pesta Kesenian Bali ke XII."}],"data_shown":10,"page":1,"total_data":11},"message":"Get all Artikel success","status":true}[\n]"
11:50:39.297 [main] DEBUG org.apache.http.wire -  << "[\r][\n]"
11:50:39.297 [main] DEBUG org.apache.http.wire -  << "0[\r][\n]"
11:50:39.297 [main] DEBUG org.apache.http.wire -  << "[\r][\n]"
11:50:39.297 [main] DEBUG org.apache.http.impl.conn.BasicClientConnectionManager - Releasing connection org.apache.http.impl.conn.ManagedClientConnectionImpl@767d9b9
11:50:39.297 [main] DEBUG org.apache.http.impl.conn.BasicClientConnectionManager - Connection can be kept alive indefinitely
11:50:39.302 [main] DEBUG net.thucydides.core.steps.StepInterceptor - STEP DONE: user receive a valid login and Artikel HTTP response code 200
  &amp#27;[32mThen &amp#27;[0m&amp#27;[32muser receive a valid login and artikel HTTP response code &amp#27;[0m&amp#27;[32m&amp#27;[1m200&amp#27;[0m &amp#27;[90m# starter.stepdefinitions.Mobile.ArtikelSteps.userReceiveAValidLoginAndArtikelHTTPResponseCode(int)&amp#27;[0m
11:50:39.303 [main] INFO  - 
  _____   ___   ___   _____     ___     _     ___   ___   ___   ___  
 |_   _| | __| / __| |_   _|   | _ \   /_\   / __| / __| | __| |   \ 
   | |   | _|  \__ \   | |     |  _/  / _ \  \__ \ \__ \ | _|  | |) |
   |_|   |___| |___/   |_|     |_|   /_/ \_\ |___/ |___/ |___| |___/ 

As user I can edit artikel data by ID
----------------------------------------------------------------------
]]></system-out>
  </testcase>
  <testcase name="As user I can delete artikel data by ID" classname="As user, I want to create, put, delete and get artikel and artikel by ID" time="0.418">
    <system-out><![CDATA[
@TCartikel04
Scenario: As user I can delete artikel data by ID                    &amp#27;[90m# src/test/resources/Feature/Api/Mobile/Artikel.feature:31&amp#27;[0m
11:50:39.318 [main] INFO io.cucumber.core.plugin.SerenityReporter - Running feature from file:///Users/macbookpro/Documents/Capstone_API_CI/src/test/resources/Feature/Api/Mobile/Artikel.feature
11:50:39.318 [main] WARN io.cucumber.core.plugin.SerenityReporter - Feature from file:///Users/macbookpro/Documents/Capstone_API_CI/src/test/resources/Feature/Api/Mobile/Artikel.feature is not under the 'features' directory. Requirements report will not be correctly generated!
11:50:39.319 [main] INFO  - 
  _____   ___   ___   _____     ___   _____     _     ___   _____   ___   ___  
 |_   _| | __| / __| |_   _|   / __| |_   _|   /_\   | _ \ |_   _| | __| |   \ 
   | |   | _|  \__ \   | |     \__ \   | |    / _ \  |   /   | |   | _|  | |) |
   |_|   |___| |___/   |_|     |___/   |_|   /_/ \_\ |_|_\   |_|   |___| |___/ 

As user I can delete artikel data by ID(as-user--i-want-to-create--put--delete-and-get-artikel-and-artikel-by-id;as-user-i-can-delete-artikel-data-by-id)
--------------------------------------------------------------------------------
11:50:39.322 [main] DEBUG net.thucydides.core.steps.StepInterceptor - STARTING STEP: ArtikelSteps.userSetUpApiEndpointLoginInArtikelInWebsite - user set up api endpoint login in Artikel in website
11:50:39.322 [main] DEBUG net.thucydides.core.steps.StepInterceptor - STEP DONE: user set up api endpoint login in Artikel in website
  &amp#27;[32mGiven &amp#27;[0m&amp#27;[32muser set up api endpoint login in artikel in website&amp#27;[0m         &amp#27;[90m# starter.stepdefinitions.Mobile.ArtikelSteps.userSetUpApiEndpointLoginInArtikelInWebsite()&amp#27;[0m
11:50:39.323 [main] DEBUG net.thucydides.core.steps.StepInterceptor - STARTING STEP: ArtikelSteps.userSendAHTTPRequestLoginInArtikelInWebsite - user send a HTTP request login in Artikel in website
11:50:39.324 [main] DEBUG net.thucydides.core.steps.StepInterceptor - STARTING STEP: Artikel.userSendAHTTPRequestLoginInArtikelInWebsite - user set up api endpoint login in Artikel in website
11:50:39.324 [main] DEBUG net.thucydides.core.steps.StepInterceptor - STEP DONE: user set up api endpoint login in Artikel in website
11:50:39.328 [main] DEBUG org.apache.http.impl.conn.BasicClientConnectionManager - Get connection for route {}->http://167.172.66.247:8002
11:50:39.328 [main] DEBUG org.apache.http.impl.conn.DefaultClientConnectionOperator - Connecting to 167.172.66.247:8002
11:50:39.377 [main] DEBUG org.apache.http.client.protocol.RequestAddCookies - CookieSpec selected: ignoreCookies
11:50:39.377 [main] DEBUG org.apache.http.client.protocol.RequestAuthCache - Auth cache not set in the context
11:50:39.377 [main] DEBUG org.apache.http.client.protocol.RequestTargetAuthentication - Target auth state: UNCHALLENGED
11:50:39.377 [main] DEBUG org.apache.http.client.protocol.RequestProxyAuthentication - Proxy auth state: UNCHALLENGED
11:50:39.377 [main] DEBUG org.apache.http.impl.client.DefaultHttpClient - Attempt 1 to execute request
11:50:39.377 [main] DEBUG org.apache.http.impl.conn.DefaultClientConnection - Sending request: POST /user_login HTTP/1.1
11:50:39.377 [main] DEBUG org.apache.http.wire -  >> "POST /user_login HTTP/1.1[\r][\n]"
11:50:39.377 [main] DEBUG org.apache.http.wire -  >> "Accept: */*[\r][\n]"
11:50:39.377 [main] DEBUG org.apache.http.wire -  >> "Content-Type: application/json[\r][\n]"
11:50:39.377 [main] DEBUG org.apache.http.wire -  >> "Content-Length: 47[\r][\n]"
11:50:39.377 [main] DEBUG org.apache.http.wire -  >> "Host: 167.172.66.247:8002[\r][\n]"
11:50:39.377 [main] DEBUG org.apache.http.wire -  >> "Connection: Keep-Alive[\r][\n]"
11:50:39.377 [main] DEBUG org.apache.http.wire -  >> "User-Agent: Apache-HttpClient/4.5.13 (Java/17.0.7)[\r][\n]"
11:50:39.377 [main] DEBUG org.apache.http.wire -  >> "Accept-Encoding: gzip,deflate[\r][\n]"
11:50:39.377 [main] DEBUG org.apache.http.wire -  >> "[\r][\n]"
11:50:39.377 [main] DEBUG org.apache.http.headers - >> POST /user_login HTTP/1.1
11:50:39.377 [main] DEBUG org.apache.http.headers - >> Accept: */*
11:50:39.377 [main] DEBUG org.apache.http.headers - >> Content-Type: application/json
11:50:39.377 [main] DEBUG org.apache.http.headers - >> Content-Length: 47
11:50:39.377 [main] DEBUG org.apache.http.headers - >> Host: 167.172.66.247:8002
11:50:39.377 [main] DEBUG org.apache.http.headers - >> Connection: Keep-Alive
11:50:39.377 [main] DEBUG org.apache.http.headers - >> User-Agent: Apache-HttpClient/4.5.13 (Java/17.0.7)
11:50:39.377 [main] DEBUG org.apache.http.headers - >> Accept-Encoding: gzip,deflate
11:50:39.377 [main] DEBUG org.apache.http.wire -  >> "{"password":"123456","email":"sean1@gmail.com"}"
11:50:39.447 [main] DEBUG org.apache.http.wire -  << "HTTP/1.1 200 OK[\r][\n]"
11:50:39.447 [main] DEBUG org.apache.http.wire -  << "Content-Type: application/json; charset=UTF-8[\r][\n]"
11:50:39.447 [main] DEBUG org.apache.http.wire -  << "Vary: Origin[\r][\n]"
11:50:39.447 [main] DEBUG org.apache.http.wire -  << "Date: Mon, 26 Jun 2023 04:50:39 GMT[\r][\n]"
11:50:39.447 [main] DEBUG org.apache.http.wire -  << "Content-Length: 462[\r][\n]"
11:50:39.447 [main] DEBUG org.apache.http.wire -  << "[\r][\n]"
11:50:39.447 [main] DEBUG org.apache.http.impl.conn.DefaultClientConnection - Receiving response: HTTP/1.1 200 OK
11:50:39.447 [main] DEBUG org.apache.http.headers - << HTTP/1.1 200 OK
11:50:39.447 [main] DEBUG org.apache.http.headers - << Content-Type: application/json; charset=UTF-8
11:50:39.447 [main] DEBUG org.apache.http.headers - << Vary: Origin
11:50:39.447 [main] DEBUG org.apache.http.headers - << Date: Mon, 26 Jun 2023 04:50:39 GMT
11:50:39.447 [main] DEBUG org.apache.http.headers - << Content-Length: 462
11:50:39.447 [main] DEBUG org.apache.http.impl.client.DefaultHttpClient - Connection can be kept alive indefinitely
11:50:39.447 [main] DEBUG io.restassured.internal.RestAssuredHttpBuilder - Parsing response as: application/json; charset=UTF-8
11:50:39.447 [main] DEBUG io.restassured.internal.RestAssuredHttpBuilder - Parsed data to instance of: class org.apache.http.conn.EofSensorInputStream
11:50:39.448 [main] DEBUG org.apache.http.wire -  << "{"data":{"user":{"ID":96,"CreatedAt":"2023-06-25T14:27:36.534Z","UpdatedAt":"2023-06-25T14:27:36.534Z","DeletedAt":null,"nama":"Sean 1","foto_profile":"123","email":"sean1@gmail.com","password":"123456","no_telepon":"0811111111111","alamat":"Jl. 123"},"token":"eyJhbGciOiJIUzI1NiIsInR5cCI6IkpXVCJ9.eyJleHAiOjE2ODc3NzMwMzksImlkIjo5NiwiaXNzIjoicXdlcnR5IiwibmFtZSI6IlNlYW4gMSJ9.7Gehe4Z4c78bns83luzV3GVUdktSBC9S1Zmr_WnlYHg"},"message":"Login success","status":true}[\n]"
11:50:39.448 [main] DEBUG org.apache.http.impl.conn.BasicClientConnectionManager - Releasing connection org.apache.http.impl.conn.ManagedClientConnectionImpl@4ba402b5
11:50:39.448 [main] DEBUG org.apache.http.impl.conn.BasicClientConnectionManager - Connection can be kept alive indefinitely
11:50:39.453 [main] DEBUG net.thucydides.core.steps.StepInterceptor - STEP DONE: user send a HTTP request login in Artikel in website
  &amp#27;[32mWhen &amp#27;[0m&amp#27;[32muser send a HTTP request login in artikel in website&amp#27;[0m          &amp#27;[90m# starter.stepdefinitions.Mobile.ArtikelSteps.userSendAHTTPRequestLoginInArtikelInWebsite()&amp#27;[0m
11:50:39.454 [main] DEBUG net.thucydides.core.steps.StepInterceptor - STARTING STEP: ArtikelSteps.userSetTheDELETEApiEndpointArtikel - user set the DELETE api endpoint Artikel
11:50:39.454 [main] DEBUG net.thucydides.core.steps.StepInterceptor - STEP DONE: user set the DELETE api endpoint Artikel
  &amp#27;[32mAnd &amp#27;[0m&amp#27;[32muser set the DELETE api endpoint artikel&amp#27;[0m                       &amp#27;[90m# starter.stepdefinitions.Mobile.ArtikelSteps.userSetTheDELETEApiEndpointArtikel()&amp#27;[0m
11:50:39.455 [main] DEBUG net.thucydides.core.steps.StepInterceptor - STARTING STEP: ArtikelSteps.userSentHTTPDELETERequestArtikelByID - user sent HTTP DELETE request Artikel by ID
11:50:39.455 [main] DEBUG net.thucydides.core.steps.StepInterceptor - STARTING STEP: Artikel.userSentHTTPDELETERequestArtikelByID - user set the DELETE api endpoint Artikel
11:50:39.456 [main] DEBUG net.thucydides.core.steps.StepInterceptor - STEP DONE: user set the DELETE api endpoint Artikel
11:50:39.459 [main] DEBUG org.apache.http.impl.conn.BasicClientConnectionManager - Get connection for route {}->http://167.172.66.247:8002
11:50:39.459 [main] DEBUG org.apache.http.impl.conn.DefaultClientConnectionOperator - Connecting to 167.172.66.247:8002
11:50:39.497 [main] DEBUG org.apache.http.client.protocol.RequestAddCookies - CookieSpec selected: ignoreCookies
11:50:39.497 [main] DEBUG org.apache.http.client.protocol.RequestAuthCache - Auth cache not set in the context
11:50:39.497 [main] DEBUG org.apache.http.client.protocol.RequestTargetAuthentication - Target auth state: UNCHALLENGED
11:50:39.497 [main] DEBUG org.apache.http.client.protocol.RequestProxyAuthentication - Proxy auth state: UNCHALLENGED
11:50:39.497 [main] DEBUG org.apache.http.impl.client.DefaultHttpClient - Attempt 1 to execute request
11:50:39.497 [main] DEBUG org.apache.http.impl.conn.DefaultClientConnection - Sending request: DELETE /artikel/89 HTTP/1.1
11:50:39.497 [main] DEBUG org.apache.http.wire -  >> "DELETE /artikel/89 HTTP/1.1[\r][\n]"
11:50:39.497 [main] DEBUG org.apache.http.wire -  >> "Accept: */*[\r][\n]"
11:50:39.497 [main] DEBUG org.apache.http.wire -  >> "Host: 167.172.66.247:8002[\r][\n]"
11:50:39.497 [main] DEBUG org.apache.http.wire -  >> "Connection: Keep-Alive[\r][\n]"
11:50:39.497 [main] DEBUG org.apache.http.wire -  >> "User-Agent: Apache-HttpClient/4.5.13 (Java/17.0.7)[\r][\n]"
11:50:39.497 [main] DEBUG org.apache.http.wire -  >> "Accept-Encoding: gzip,deflate[\r][\n]"
11:50:39.497 [main] DEBUG org.apache.http.wire -  >> "[\r][\n]"
11:50:39.497 [main] DEBUG org.apache.http.headers - >> DELETE /artikel/89 HTTP/1.1
11:50:39.497 [main] DEBUG org.apache.http.headers - >> Accept: */*
11:50:39.497 [main] DEBUG org.apache.http.headers - >> Host: 167.172.66.247:8002
11:50:39.497 [main] DEBUG org.apache.http.headers - >> Connection: Keep-Alive
11:50:39.497 [main] DEBUG org.apache.http.headers - >> User-Agent: Apache-HttpClient/4.5.13 (Java/17.0.7)
11:50:39.497 [main] DEBUG org.apache.http.headers - >> Accept-Encoding: gzip,deflate
11:50:39.567 [main] DEBUG org.apache.http.wire -  << "HTTP/1.1 400 Bad Request[\r][\n]"
11:50:39.567 [main] DEBUG org.apache.http.wire -  << "Content-Type: application/json; charset=UTF-8[\r][\n]"
11:50:39.567 [main] DEBUG org.apache.http.wire -  << "Vary: Origin[\r][\n]"
11:50:39.567 [main] DEBUG org.apache.http.wire -  << "Date: Mon, 26 Jun 2023 04:50:39 GMT[\r][\n]"
11:50:39.567 [main] DEBUG org.apache.http.wire -  << "Content-Length: 39[\r][\n]"
11:50:39.567 [main] DEBUG org.apache.http.wire -  << "[\r][\n]"
11:50:39.567 [main] DEBUG org.apache.http.impl.conn.DefaultClientConnection - Receiving response: HTTP/1.1 400 Bad Request
11:50:39.567 [main] DEBUG org.apache.http.headers - << HTTP/1.1 400 Bad Request
11:50:39.567 [main] DEBUG org.apache.http.headers - << Content-Type: application/json; charset=UTF-8
11:50:39.567 [main] DEBUG org.apache.http.headers - << Vary: Origin
11:50:39.567 [main] DEBUG org.apache.http.headers - << Date: Mon, 26 Jun 2023 04:50:39 GMT
11:50:39.567 [main] DEBUG org.apache.http.headers - << Content-Length: 39
11:50:39.567 [main] DEBUG org.apache.http.impl.client.DefaultHttpClient - Connection can be kept alive indefinitely
11:50:39.567 [main] DEBUG io.restassured.internal.RestAssuredHttpBuilder - Parsing response as: application/json; charset=UTF-8
11:50:39.567 [main] DEBUG io.restassured.internal.RestAssuredHttpBuilder - Parsed data to instance of: class org.apache.http.conn.EofSensorInputStream
11:50:39.567 [main] DEBUG org.apache.http.wire -  << "{"message":"missing or malformed jwt"}[\n]"
11:50:39.567 [main] DEBUG org.apache.http.impl.conn.BasicClientConnectionManager - Releasing connection org.apache.http.impl.conn.ManagedClientConnectionImpl@141a10bf
11:50:39.567 [main] DEBUG org.apache.http.impl.conn.BasicClientConnectionManager - Connection can be kept alive indefinitely
11:50:39.568 [main] DEBUG net.thucydides.core.steps.StepInterceptor - STEP DONE: user sent HTTP DELETE request Artikel by ID
  &amp#27;[32mAnd &amp#27;[0m&amp#27;[32muser sent HTTP DELETE request artikel by ID&amp#27;[0m                    &amp#27;[90m# starter.stepdefinitions.Mobile.ArtikelSteps.userSentHTTPDELETERequestArtikelByID()&amp#27;[0m
11:50:39.569 [main] DEBUG net.thucydides.core.steps.StepInterceptor - STARTING STEP: ArtikelSteps.userReceiveAValidLoginAndArtikelHTTPResponseCode - user receive a valid login and Artikel HTTP response code 200
11:50:39.569 [main] DEBUG net.thucydides.core.steps.StepInterceptor - STARTING STEP: Artikel.userReceiveAValidLoginAndArtikelHTTPResponseCode200 - user set the POST api endpoint Artikel
11:50:39.569 [main] DEBUG net.thucydides.core.steps.StepInterceptor - STEP DONE: user set the POST api endpoint Artikel
11:50:39.572 [main] DEBUG org.apache.http.impl.conn.BasicClientConnectionManager - Get connection for route {}->http://167.172.66.247:8002
11:50:39.572 [main] DEBUG org.apache.http.impl.conn.DefaultClientConnectionOperator - Connecting to 167.172.66.247:8002
11:50:39.607 [main] DEBUG org.apache.http.client.protocol.RequestAddCookies - CookieSpec selected: ignoreCookies
11:50:39.607 [main] DEBUG org.apache.http.client.protocol.RequestAuthCache - Auth cache not set in the context
11:50:39.607 [main] DEBUG org.apache.http.client.protocol.RequestProxyAuthentication - Proxy auth state: UNCHALLENGED
11:50:39.607 [main] DEBUG org.apache.http.impl.client.DefaultHttpClient - Attempt 1 to execute request
11:50:39.607 [main] DEBUG org.apache.http.impl.conn.DefaultClientConnection - Sending request: GET /artikel HTTP/1.1
11:50:39.607 [main] DEBUG org.apache.http.wire -  >> "GET /artikel HTTP/1.1[\r][\n]"
11:50:39.607 [main] DEBUG org.apache.http.wire -  >> "Authorization: Bearer eyJhbGciOiJIUzI1NiIsInR5cCI6IkpXVCJ9.eyJleHAiOjE2ODc3NzMwMzksImlkIjo5NiwiaXNzIjoicXdlcnR5IiwibmFtZSI6IlNlYW4gMSJ9.7Gehe4Z4c78bns83luzV3GVUdktSBC9S1Zmr_WnlYHg[\r][\n]"
11:50:39.607 [main] DEBUG org.apache.http.wire -  >> "Accept: */*[\r][\n]"
11:50:39.607 [main] DEBUG org.apache.http.wire -  >> "Host: 167.172.66.247:8002[\r][\n]"
11:50:39.607 [main] DEBUG org.apache.http.wire -  >> "Connection: Keep-Alive[\r][\n]"
11:50:39.607 [main] DEBUG org.apache.http.wire -  >> "User-Agent: Apache-HttpClient/4.5.13 (Java/17.0.7)[\r][\n]"
11:50:39.607 [main] DEBUG org.apache.http.wire -  >> "Accept-Encoding: gzip,deflate[\r][\n]"
11:50:39.607 [main] DEBUG org.apache.http.wire -  >> "[\r][\n]"
11:50:39.607 [main] DEBUG org.apache.http.headers - >> GET /artikel HTTP/1.1
11:50:39.607 [main] DEBUG org.apache.http.headers - >> Authorization: Bearer eyJhbGciOiJIUzI1NiIsInR5cCI6IkpXVCJ9.eyJleHAiOjE2ODc3NzMwMzksImlkIjo5NiwiaXNzIjoicXdlcnR5IiwibmFtZSI6IlNlYW4gMSJ9.7Gehe4Z4c78bns83luzV3GVUdktSBC9S1Zmr_WnlYHg
11:50:39.607 [main] DEBUG org.apache.http.headers - >> Accept: */*
11:50:39.607 [main] DEBUG org.apache.http.headers - >> Host: 167.172.66.247:8002
11:50:39.607 [main] DEBUG org.apache.http.headers - >> Connection: Keep-Alive
11:50:39.607 [main] DEBUG org.apache.http.headers - >> User-Agent: Apache-HttpClient/4.5.13 (Java/17.0.7)
11:50:39.607 [main] DEBUG org.apache.http.headers - >> Accept-Encoding: gzip,deflate
11:50:39.667 [main] DEBUG org.apache.http.wire -  << "HTTP/1.1 200 OK[\r][\n]"
11:50:39.667 [main] DEBUG org.apache.http.wire -  << "Content-Type: application/json; charset=UTF-8[\r][\n]"
11:50:39.667 [main] DEBUG org.apache.http.wire -  << "Vary: Origin[\r][\n]"
11:50:39.667 [main] DEBUG org.apache.http.wire -  << "Date: Mon, 26 Jun 2023 04:50:39 GMT[\r][\n]"
11:50:39.667 [main] DEBUG org.apache.http.wire -  << "Transfer-Encoding: chunked[\r][\n]"
11:50:39.667 [main] DEBUG org.apache.http.wire -  << "[\r][\n]"
11:50:39.667 [main] DEBUG org.apache.http.impl.conn.DefaultClientConnection - Receiving response: HTTP/1.1 200 OK
11:50:39.667 [main] DEBUG org.apache.http.headers - << HTTP/1.1 200 OK
11:50:39.667 [main] DEBUG org.apache.http.headers - << Content-Type: application/json; charset=UTF-8
11:50:39.667 [main] DEBUG org.apache.http.headers - << Vary: Origin
11:50:39.667 [main] DEBUG org.apache.http.headers - << Date: Mon, 26 Jun 2023 04:50:39 GMT
11:50:39.667 [main] DEBUG org.apache.http.headers - << Transfer-Encoding: chunked
11:50:39.667 [main] DEBUG org.apache.http.impl.client.DefaultHttpClient - Connection can be kept alive indefinitely
11:50:39.667 [main] DEBUG io.restassured.internal.RestAssuredHttpBuilder - Parsing response as: application/json; charset=UTF-8
11:50:39.667 [main] DEBUG io.restassured.internal.RestAssuredHttpBuilder - Parsed data to instance of: class org.apache.http.conn.EofSensorInputStream
11:50:39.668 [main] DEBUG org.apache.http.wire -  << "2304[\r][\n]"
11:50:39.668 [main] DEBUG org.apache.http.wire -  << "{"data":{"data":[{"ID":93,"CreatedAt":"2023-06-25T13:36:05.866Z","UpdatedAt":"2023-06-25T16:56:31.644Z","DeletedAt":null,"gambar":"C:\\fakepath\\wisata.png","judul":"article234","deskripsi":"description article"},{"ID":94,"CreatedAt":"2023-06-25T13:36:34.256Z","UpdatedAt":"2023-06-25T13:55:00.169Z","DeletedAt":null,"gambar":"C:\\fakepath\\wisata.png","judul":"Wayang Kulit Bali","deskripsi":"Wayang kulit merupakan kesenian yang ada di banyak daerah di Indonesia, tak terkecuali juga menjadi kesenian tradisional khas Bali. Pertunjukan Wayang Kulit Bali digelar dengan dua tema cerita, yakni tema hiburan dengan banyolan komedi lucu, dan tema spiritual yang sangat sakral bagi umat Hindu. Karena penyampaian cerita yang ringan dan dekat dengan masyarakat, penggemar pertunjukan ini masih menarik perhatian hingga kini. Masyarakat kelas bawah, menengah, maupun kelas atas menyukainya. Wayang Kulit Bali dimainkan oleh dalang profesional yang bercerita sambil menyenandungkan tembang khas Bali. Iringan musik dari alat-alat musik tradisional Bali membuat pertunjukan makin menarik."},{"ID":95,"CreatedAt":"2023-06-25T13:36:56.983Z","UpdatedAt":"2023-06-25T13:55:11.473Z","DeletedAt":null,"gambar":"C:\\fakepath\\wisata.png","judul":"Tari Legong","deskripsi":"Tari Legong ini biasa kita kenal dengan sebutan tari Bali. Ternyata, Tari Legong sudah ada sejak abad ke-19. Secara etimologis, kata [0xe2][0x80][0x98]Leg[0xe2][0x80][0x99] berarti luwes, sedangkan kata [0xe2][0x80][0x98]Gong[0xe2][0x80][0x99] berarti gamelan. Kesenian tradisional khas Bali ini bercerita tentang kisah cinta Raja Lasem. Gerakan luwes namun tetap dinamis dengan power yang mantap dan gerakan bola mata menjadi ciri khasnya. Penari Tari Legong menggunakan baju adat khas Bali berwarna emas dengan sentuhan warna merah, serta lengkap dengan sanggul di kepala yang berhiaskan bunga kamboja dan aksesoris kipas."},{"ID":97,"CreatedAt":"2023-06-25T13:37:22.041Z","UpdatedAt":"2023-06-25T13:55:27.599Z","DeletedAt":null,"gambar":"C:\\fakepath\\wisata.png","judul":"Tari Barong","deskripsi":"Kesenian tradisional khas Bali yang populer lainnya adalah Tari Barong. Tarian ini sangat identik dengan kebudayaan Pra-Hindu. Kostum penari dan setiap gerakannya merepresentasikan pertarungan Adharma (sifat tidak terpuji) dan Dharma (sifat terpuji). Dharma digambarkan degan kostum binatang berkaki empat. Sedangkan Adharma digambarkan dengan kostum yang memiliki dua taring runcing."},{"ID":98,"CreatedAt":"2023-06-25T13:37:42.275Z","UpdatedAt":"2023-06-25T13:55:36.208Z","DeletedAt":null,"gambar":"C:\\fakepath\\wisata.png","judul":"Drama Gong","deskripsi":"Drama Gong yang merupakan drama tradisional yang pertunjukannya"
11:50:39.687 [main] DEBUG org.apache.http.wire -  << " diiringi oleh instrument alat musik gong alias gamelan. Munculnya kesenian tradisional khas Bali ini dipengaruhi karena adanya perpaduan budaya tradisional Bali dengan budaya modern barat. Keduanya bersatu menampilkan pertunjukan bergaya klasik kontemporer. Ditambah dengan bahasa dialog yang digunakan umumnya adalah bahasa sansekerta, atau bahasa Bali klasik. Drama Gong mengambil cerita sejarah bertemakan cinta, kisah heroik, dan lain sebagainya. Hanya di hari-hari tertentu dan upacara spesial yang menyertakan pertunjukan Drama Gong ini."},{"ID":99,"CreatedAt":"2023-06-25T13:38:58.267Z","UpdatedAt":"2023-06-25T13:55:47.078Z","DeletedAt":null,"gambar":"C:\\fakepath\\wisata.png","judul":"Omed-Omedan","deskripsi":"Omed-omedan adalah salah satu tradisi masyarakat Hindu di Bali yang dilaksanakan satu hari setelah hari raya Nyepi, Ngembak Geni dimana masyarakat Bali sudah dapat beraktivitas kembali seperti biasa. Dalam bahasa Indonesia, istilah omed-omedan berarti saling tarik menarik. Acara ini dimulai dengan persembahyangan di Pura. Kemudian muda-mudi lajang dibagi menjadi pria dan wanita diarak dan dihadapkan untuk saling tarik menarik, berpelukan (gelut), cium kening, pipi ataupun bibir (diman) dan disirami air (siam).  Tradisi ini diperkirakan telah berlangsung sejak abad ke-17 yang berawal dari masyarakat kerajaan Puri Oka, Denpasar Selatan. Pada saat itu, masyarak"
11:50:39.689 [main] DEBUG org.apache.http.wire -  << "at membuat permainan tarik menarik yang berubah menjadi saling rangkul. Tradisi ini semakin seru hingga saling cium dan siraman air dimulai. Saat ini, hanya masyarakat desa adat Sesetan yang masih menjalankan tradisi ini. Muda mudi berusia 17-30 tahun lajang yang berpartisipasi dalam acara ini menyanyikan lagu omed-omedan secara serentak diiringi oleh lenting gamelan."},{"ID":100,"CreatedAt":"2023-06-25T13:40:14.589Z","UpdatedAt":"2023-06-25T13:55:59.713Z","DeletedAt":null,"gambar":"C:\\fakepath\\wisata.png","judul":"Drama Tari Calonarang","deskripsi":"Cerita Calonarang adalah tema atau judul dalam sebuah pementasan seni tari, pementasan kesenian rakyat ini berbau magis atau mistis, Calonarang adalah tokoh yang berwajah seram dan memiliki sifat menyakiti. Cerita-cerita calonarang ini tidak tergolong hal baru, hampirs semua masyarakat luas pernah mendengar cerita tersebut. Pementasan Calonarang selain sebagai hiburan yang cukup populer dan menarik di pulau Dewata Bali. Kesenian rakyat tradisional ini bertemakan horor, tarian inipun tidak dipentaskan di sembarang tempat, dipentaskan saat-saat ada upacara pujawali, seperti dipentaskan di sebuah pura Dalem dalam sebuah desa Pakraman, pura Dalem sendiri diyakini sebagai tempat berstananya Dewa Siwa dan juga Dewi Durga sebagai yang menaungi kekuatan baik dan jahat, tarian tersebut dipentaskan dan dikemas dalam pementasan Drama Calonarang pada sebuah pura Dalem dekat kuburan dan pada tengah malam, sehingga aura mistis akan terasa sangat kental."},{"ID":101,"CreatedAt":"2023-06-25T13:41:37.735Z","UpdatedAt":"2023-06-25T13:41:37.735Z","DeletedAt":null,"gambar":"C:\\fakepath\\wisata.png","judul":"Rumah Adat Bali","deskripsi":"Rumah adat Bali dibangun dengan prinsip filosofi yang tinggi. Filosofi yang dianut disebut dengan Tri Hita Karana yaitu Parahyangan, Palemahan, dan Pawongan. Tiga aspek ini memiliki arti hubungan dengan Tuhan (Parahyangan), hubungan dengan alam / lingkungan (Palemahan) dan hubungan antar sesama manusia (Pawongan). Makanya, setiap rumah adat Bali pasti mempunyai beberapa bangunan yang berguna untuk sembahyang, tempat beristirahat dan juga tempat bercengkrama dengan sesama. Nama rumah adat Bali dibagi berdasarkan bangunan dalam rumah tersebut, di antaranya angkul-angkul, aling-aling, pura keluarga, bale manten, bale dauh, bale sekapat, bale dangin/gede, pawaragen/paon dan lumbung. Rumah adat Bali dibangun dengan menggunakan aturan asta kosala kosali. Aturan ini kurang lebih hampir sama dengan penggunaan fengsui dalam budaya Tionghoa."},{"ID":102,"CreatedAt":"2023-06-25T13:43:23.557Z","UpdatedAt":"2023-06-25T13:56:19.597Z","DeletedAt":null,"gambar":"C:\\fakepath\\wisata.png","judul":"Tari Pendet","des"
11:50:39.697 [main] DEBUG org.apache.http.wire -  << "kripsi":"Dari berbagai jenis tari daerah yang berasal dari Bali, tari pendet merupakan tarian tertua di Pulau Dewata. Tarian ini diperkirakan ada sejak tahun 1950. Awalnya tarian pendet adalah tari sembahan yang dilakukan di pura-pura umat Hindu sebagai bentuk ucapan selamat datang atas turunnya dewa ke bumi. Tarian ini merupakan hasil gubahan maestro seni tari Bali yang bernama I Wayan Rindi. I Wayang Rindi adalah seniman tari yang memiliki penguasaan gerak tari yang luar biasa. Oleh sebab itu, perkembangan dan sebaran tarian ini merupakan jasa dari beliau. Gerakan tari diambil dari pakem-pakem gerakan tarian pendet dewa atau tari pendet asli yang ditujukan untuk persembahan. Tanpa menghilangkan nilai sakral, religi dan keindahannya, I Wayan Rindi bersama rekannya bernama Ni Ketut Reneng berhasil memasukkan unsur tarian pendet dewa ke dalam tari pendet yang kita kenal saat ini. Sehingga seiring berkembangnya zaman turut pula merubah fungsi asli tari pendet. Kini tarian ini juga digunakan sebagai sarana pertunjukkan serta tarian ucapan selamat datang."},{"ID":103,"CreatedAt":"2023-06-25T13:44:32.318Z","UpdatedAt":"2023-06-25T13:56:36.042Z","DeletedAt":null,"gambar":"C:\\fakepath\\wisata.png","judul":"Ogoh-ogoh","deskripsi":"Ogoh-ogoh adalah boneka raksasa yang merupakan manifestasi Bhutakala. Dalam ajaran Hindu Dharma, Bhutakala adalah kekuatan Bhu atau alam semesta"
11:50:39.717 [main] DEBUG org.apache.http.wire -  << " dan Kala (waktu) yang tak terukur dan tak terbantahkan. Dikutip dari laman resmi Pemerintah Kabupaten Buleleng, ogoh-ogoh sendiri diambil dari sebutan ogah-ogah dari bahasa Bali yang artinya sesuatu yang digoyang-goyangkan.  Sejarah tradisi ogoh-ogoh sendiri dimulai pada tahun 1983. Tahun tersebut merupakan bagian penting dalam sejarah ogoh-ogoh di Bali, pasalnya pada tahun itu mulai dibuat wujud-wujud bhuta kala berkenaan dengan ritual Nyepi di Bali. Ketika itu ada keputusan presiden yang menyatakan Nyepi sebagai hari libur nasional. Semenjak itu masyarakat mulai membuat perwujudan onggokan yang kemudian disebut ogoh-ogoh, di beberapa tempat di Denpasar. Budaya baru ini semakin menyebar ketika ogoh-ogoh diikutkan dalam Pesta Kesenian Bali ke XII."}],"data_shown":10,"page":1,"total_data":11},"message":"Get all Artikel success","status":true}[\n]"
11:50:39.717 [main] DEBUG org.apache.http.wire -  << "[\r][\n]"
11:50:39.717 [main] DEBUG org.apache.http.wire -  << "0[\r][\n]"
11:50:39.717 [main] DEBUG org.apache.http.wire -  << "[\r][\n]"
11:50:39.717 [main] DEBUG org.apache.http.impl.conn.BasicClientConnectionManager - Releasing connection org.apache.http.impl.conn.ManagedClientConnectionImpl@38f63756
11:50:39.717 [main] DEBUG org.apache.http.impl.conn.BasicClientConnectionManager - Connection can be kept alive indefinitely
11:50:39.721 [main] DEBUG net.thucydides.core.steps.StepInterceptor - STEP DONE: user receive a valid login and Artikel HTTP response code 200
  &amp#27;[32mThen &amp#27;[0m&amp#27;[32muser receive a valid login and artikel HTTP response code &amp#27;[0m&amp#27;[32m&amp#27;[1m200&amp#27;[0m &amp#27;[90m# starter.stepdefinitions.Mobile.ArtikelSteps.userReceiveAValidLoginAndArtikelHTTPResponseCode(int)&amp#27;[0m
11:50:39.723 [main] INFO  - 
  _____   ___   ___   _____     ___     _     ___   ___   ___   ___  
 |_   _| | __| / __| |_   _|   | _ \   /_\   / __| / __| | __| |   \ 
   | |   | _|  \__ \   | |     |  _/  / _ \  \__ \ \__ \ | _|  | |) |
   |_|   |___| |___/   |_|     |_|   /_/ \_\ |___/ |___/ |___| |___/ 

As user I can delete artikel data by ID
----------------------------------------------------------------------
]]></system-out>
  </testcase>
  <testcase name="As user, I want to create new cart" classname="As user, I want to manage Shop features" time="0.346">
    <system-out><![CDATA[11:50:39.724 [main] INFO io.cucumber.core.plugin.SerenityReporter - Running feature from file:///Users/macbookpro/Documents/Capstone_API_CI/src/test/resources/Feature/Api/Mobile/Cart.feature
11:50:39.724 [main] WARN io.cucumber.core.plugin.SerenityReporter - Feature from file:///Users/macbookpro/Documents/Capstone_API_CI/src/test/resources/Feature/Api/Mobile/Cart.feature is not under the 'features' directory. Requirements report will not be correctly generated!
11:50:39.724 [main] DEBUG net.thucydides.core.steps.StepEventBus - Test suite started for story net.thucydides.core.model.Story@c2db0891
11:50:39.725 [main] INFO  - Test Suite Started: As user, I want to manage Shop features

@TCCART01
Scenario: As user, I want to create new cart                      &amp#27;[90m# src/test/resources/Feature/Api/Mobile/Cart.feature:4&amp#27;[0m
11:50:39.733 [main] INFO io.cucumber.core.plugin.SerenityReporter - Running feature from file:///Users/macbookpro/Documents/Capstone_API_CI/src/test/resources/Feature/Api/Mobile/Cart.feature
11:50:39.733 [main] WARN io.cucumber.core.plugin.SerenityReporter - Feature from file:///Users/macbookpro/Documents/Capstone_API_CI/src/test/resources/Feature/Api/Mobile/Cart.feature is not under the 'features' directory. Requirements report will not be correctly generated!
11:50:39.733 [main] INFO  - 
  _____   ___   ___   _____     ___   _____     _     ___   _____   ___   ___  
 |_   _| | __| / __| |_   _|   / __| |_   _|   /_\   | _ \ |_   _| | __| |   \ 
   | |   | _|  \__ \   | |     \__ \   | |    / _ \  |   /   | |   | _|  | |) |
   |_|   |___| |___/   |_|     |___/   |_|   /_/ \_\ |_|_\   |_|   |___| |___/ 

As user, I want to create new cart(as-user--i-want-to-manage-shop-features;as-user--i-want-to-create-new-cart)
--------------------------------------------------------------------------------
11:50:39.742 [main] DEBUG net.thucydides.core.steps.StepInterceptor - STARTING STEP: CartSteps.userSetUpApiEndpointLoginInCartInWebsite - user set up api endpoint login in Cart in website
11:50:39.742 [main] DEBUG net.thucydides.core.steps.StepInterceptor - STEP DONE: user set up api endpoint login in Cart in website
  &amp#27;[32mGiven &amp#27;[0m&amp#27;[32muser set up api endpoint login in cart in website&amp#27;[0m         &amp#27;[90m# starter.stepdefinitions.Mobile.CartSteps.userSetUpApiEndpointLoginInCartInWebsite()&amp#27;[0m
11:50:39.742 [main] DEBUG net.thucydides.core.steps.StepInterceptor - STARTING STEP: CartSteps.userSendAHTTPRequestLoginInCartInWebsite - user send a HTTP request login in Cart in website
11:50:39.743 [main] DEBUG net.thucydides.core.steps.StepInterceptor - STARTING STEP: Cart.userSendAHTTPRequestLoginInCartInWebsite - user set up api endpoint login in Cart in website
11:50:39.743 [main] DEBUG net.thucydides.core.steps.StepInterceptor - STEP DONE: user set up api endpoint login in Cart in website
11:50:39.746 [main] DEBUG org.apache.http.impl.conn.BasicClientConnectionManager - Get connection for route {}->http://167.172.66.247:8002
11:50:39.746 [main] DEBUG org.apache.http.impl.conn.DefaultClientConnectionOperator - Connecting to 167.172.66.247:8002
11:50:39.787 [main] DEBUG org.apache.http.client.protocol.RequestAddCookies - CookieSpec selected: ignoreCookies
11:50:39.787 [main] DEBUG org.apache.http.client.protocol.RequestAuthCache - Auth cache not set in the context
11:50:39.787 [main] DEBUG org.apache.http.client.protocol.RequestTargetAuthentication - Target auth state: UNCHALLENGED
11:50:39.787 [main] DEBUG org.apache.http.client.protocol.RequestProxyAuthentication - Proxy auth state: UNCHALLENGED
11:50:39.787 [main] DEBUG org.apache.http.impl.client.DefaultHttpClient - Attempt 1 to execute request
11:50:39.787 [main] DEBUG org.apache.http.impl.conn.DefaultClientConnection - Sending request: POST /user_login HTTP/1.1
11:50:39.787 [main] DEBUG org.apache.http.wire -  >> "POST /user_login HTTP/1.1[\r][\n]"
11:50:39.787 [main] DEBUG org.apache.http.wire -  >> "Accept: */*[\r][\n]"
11:50:39.787 [main] DEBUG org.apache.http.wire -  >> "Content-Type: application/json[\r][\n]"
11:50:39.787 [main] DEBUG org.apache.http.wire -  >> "Content-Length: 47[\r][\n]"
11:50:39.787 [main] DEBUG org.apache.http.wire -  >> "Host: 167.172.66.247:8002[\r][\n]"
11:50:39.787 [main] DEBUG org.apache.http.wire -  >> "Connection: Keep-Alive[\r][\n]"
11:50:39.787 [main] DEBUG org.apache.http.wire -  >> "User-Agent: Apache-HttpClient/4.5.13 (Java/17.0.7)[\r][\n]"
11:50:39.787 [main] DEBUG org.apache.http.wire -  >> "Accept-Encoding: gzip,deflate[\r][\n]"
11:50:39.787 [main] DEBUG org.apache.http.wire -  >> "[\r][\n]"
11:50:39.787 [main] DEBUG org.apache.http.headers - >> POST /user_login HTTP/1.1
11:50:39.787 [main] DEBUG org.apache.http.headers - >> Accept: */*
11:50:39.787 [main] DEBUG org.apache.http.headers - >> Content-Type: application/json
11:50:39.787 [main] DEBUG org.apache.http.headers - >> Content-Length: 47
11:50:39.787 [main] DEBUG org.apache.http.headers - >> Host: 167.172.66.247:8002
11:50:39.787 [main] DEBUG org.apache.http.headers - >> Connection: Keep-Alive
11:50:39.787 [main] DEBUG org.apache.http.headers - >> User-Agent: Apache-HttpClient/4.5.13 (Java/17.0.7)
11:50:39.787 [main] DEBUG org.apache.http.headers - >> Accept-Encoding: gzip,deflate
11:50:39.787 [main] DEBUG org.apache.http.wire -  >> "{"password":"123456","email":"sean1@gmail.com"}"
11:50:39.847 [main] DEBUG org.apache.http.wire -  << "HTTP/1.1 200 OK[\r][\n]"
11:50:39.847 [main] DEBUG org.apache.http.wire -  << "Content-Type: application/json; charset=UTF-8[\r][\n]"
11:50:39.847 [main] DEBUG org.apache.http.wire -  << "Vary: Origin[\r][\n]"
11:50:39.847 [main] DEBUG org.apache.http.wire -  << "Date: Mon, 26 Jun 2023 04:50:40 GMT[\r][\n]"
11:50:39.847 [main] DEBUG org.apache.http.wire -  << "Content-Length: 462[\r][\n]"
11:50:39.847 [main] DEBUG org.apache.http.wire -  << "[\r][\n]"
11:50:39.847 [main] DEBUG org.apache.http.impl.conn.DefaultClientConnection - Receiving response: HTTP/1.1 200 OK
11:50:39.847 [main] DEBUG org.apache.http.headers - << HTTP/1.1 200 OK
11:50:39.847 [main] DEBUG org.apache.http.headers - << Content-Type: application/json; charset=UTF-8
11:50:39.847 [main] DEBUG org.apache.http.headers - << Vary: Origin
11:50:39.847 [main] DEBUG org.apache.http.headers - << Date: Mon, 26 Jun 2023 04:50:40 GMT
11:50:39.847 [main] DEBUG org.apache.http.headers - << Content-Length: 462
11:50:39.847 [main] DEBUG org.apache.http.impl.client.DefaultHttpClient - Connection can be kept alive indefinitely
11:50:39.847 [main] DEBUG io.restassured.internal.RestAssuredHttpBuilder - Parsing response as: application/json; charset=UTF-8
11:50:39.847 [main] DEBUG io.restassured.internal.RestAssuredHttpBuilder - Parsed data to instance of: class org.apache.http.conn.EofSensorInputStream
11:50:39.847 [main] DEBUG org.apache.http.wire -  << "{"data":{"user":{"ID":96,"CreatedAt":"2023-06-25T14:27:36.534Z","UpdatedAt":"2023-06-25T14:27:36.534Z","DeletedAt":null,"nama":"Sean 1","foto_profile":"123","email":"sean1@gmail.com","password":"123456","no_telepon":"0811111111111","alamat":"Jl. 123"},"token":"eyJhbGciOiJIUzI1NiIsInR5cCI6IkpXVCJ9.eyJleHAiOjE2ODc3NzMwNDAsImlkIjo5NiwiaXNzIjoicXdlcnR5IiwibmFtZSI6IlNlYW4gMSJ9.-tBtsXgUW5q2mZ8PYmtbdbcTkLvKdyaXPL7WcStuLFQ"},"message":"Login success","status":true}[\n]"
11:50:39.847 [main] DEBUG org.apache.http.impl.conn.BasicClientConnectionManager - Releasing connection org.apache.http.impl.conn.ManagedClientConnectionImpl@614361fa
11:50:39.847 [main] DEBUG org.apache.http.impl.conn.BasicClientConnectionManager - Connection can be kept alive indefinitely
11:50:39.852 [main] DEBUG net.thucydides.core.steps.StepInterceptor - STEP DONE: user send a HTTP request login in Cart in website
  &amp#27;[32mWhen &amp#27;[0m&amp#27;[32muser send a HTTP request login in cart in website&amp#27;[0m          &amp#27;[90m# starter.stepdefinitions.Mobile.CartSteps.userSendAHTTPRequestLoginInCartInWebsite()&amp#27;[0m
11:50:39.852 [main] DEBUG net.thucydides.core.steps.StepInterceptor - STARTING STEP: CartSteps.userSetThePOSTApiEndpointCart - user set the POST api endpoint Cart
11:50:39.852 [main] DEBUG net.thucydides.core.steps.StepInterceptor - STEP DONE: user set the POST api endpoint Cart
  &amp#27;[32mAnd &amp#27;[0m&amp#27;[32muser set the POST api endpoint cart&amp#27;[0m                         &amp#27;[90m# starter.stepdefinitions.Mobile.CartSteps.userSetThePOSTApiEndpointCart()&amp#27;[0m
11:50:39.853 [main] DEBUG net.thucydides.core.steps.StepInterceptor - STARTING STEP: CartSteps.userSentHTTPPOSTRequestPostCart - user sent HTTP POST request post Cart
11:50:39.853 [main] DEBUG net.thucydides.core.steps.StepInterceptor - STARTING STEP: Cart.userSentHTTPPOSTRequestPostCart - user set the POST api endpoint Cart
11:50:39.853 [main] DEBUG net.thucydides.core.steps.StepInterceptor - STEP DONE: user set the POST api endpoint Cart
11:50:39.856 [main] DEBUG org.apache.http.impl.conn.BasicClientConnectionManager - Get connection for route {}->http://167.172.66.247:8002
11:50:39.856 [main] DEBUG org.apache.http.impl.conn.DefaultClientConnectionOperator - Connecting to 167.172.66.247:8002
11:50:39.887 [main] DEBUG org.apache.http.client.protocol.RequestAddCookies - CookieSpec selected: ignoreCookies
11:50:39.887 [main] DEBUG org.apache.http.client.protocol.RequestAuthCache - Auth cache not set in the context
11:50:39.887 [main] DEBUG org.apache.http.client.protocol.RequestTargetAuthentication - Target auth state: UNCHALLENGED
11:50:39.887 [main] DEBUG org.apache.http.client.protocol.RequestProxyAuthentication - Proxy auth state: UNCHALLENGED
11:50:39.887 [main] DEBUG org.apache.http.impl.client.DefaultHttpClient - Attempt 1 to execute request
11:50:39.887 [main] DEBUG org.apache.http.impl.conn.DefaultClientConnection - Sending request: POST /keranjang HTTP/1.1
11:50:39.887 [main] DEBUG org.apache.http.wire -  >> "POST /keranjang HTTP/1.1[\r][\n]"
11:50:39.887 [main] DEBUG org.apache.http.wire -  >> "Accept: */*[\r][\n]"
11:50:39.887 [main] DEBUG org.apache.http.wire -  >> "Content-Type: application/json[\r][\n]"
11:50:39.887 [main] DEBUG org.apache.http.wire -  >> "Content-Length: 44[\r][\n]"
11:50:39.887 [main] DEBUG org.apache.http.wire -  >> "Host: 167.172.66.247:8002[\r][\n]"
11:50:39.887 [main] DEBUG org.apache.http.wire -  >> "Connection: Keep-Alive[\r][\n]"
11:50:39.887 [main] DEBUG org.apache.http.wire -  >> "User-Agent: Apache-HttpClient/4.5.13 (Java/17.0.7)[\r][\n]"
11:50:39.887 [main] DEBUG org.apache.http.wire -  >> "Accept-Encoding: gzip,deflate[\r][\n]"
11:50:39.887 [main] DEBUG org.apache.http.wire -  >> "[\r][\n]"
11:50:39.887 [main] DEBUG org.apache.http.headers - >> POST /keranjang HTTP/1.1
11:50:39.887 [main] DEBUG org.apache.http.headers - >> Accept: */*
11:50:39.887 [main] DEBUG org.apache.http.headers - >> Content-Type: application/json
11:50:39.887 [main] DEBUG org.apache.http.headers - >> Content-Length: 44
11:50:39.887 [main] DEBUG org.apache.http.headers - >> Host: 167.172.66.247:8002
11:50:39.887 [main] DEBUG org.apache.http.headers - >> Connection: Keep-Alive
11:50:39.887 [main] DEBUG org.apache.http.headers - >> User-Agent: Apache-HttpClient/4.5.13 (Java/17.0.7)
11:50:39.887 [main] DEBUG org.apache.http.headers - >> Accept-Encoding: gzip,deflate
11:50:39.887 [main] DEBUG org.apache.http.wire -  >> "{"jumlah":"2","user_id":"2","produk_id":"1"}"
11:50:39.957 [main] DEBUG org.apache.http.wire -  << "HTTP/1.1 400 Bad Request[\r][\n]"
11:50:39.957 [main] DEBUG org.apache.http.wire -  << "Content-Type: application/json; charset=UTF-8[\r][\n]"
11:50:39.957 [main] DEBUG org.apache.http.wire -  << "Vary: Origin[\r][\n]"
11:50:39.957 [main] DEBUG org.apache.http.wire -  << "Date: Mon, 26 Jun 2023 04:50:40 GMT[\r][\n]"
11:50:39.957 [main] DEBUG org.apache.http.wire -  << "Content-Length: 39[\r][\n]"
11:50:39.957 [main] DEBUG org.apache.http.wire -  << "[\r][\n]"
11:50:39.957 [main] DEBUG org.apache.http.impl.conn.DefaultClientConnection - Receiving response: HTTP/1.1 400 Bad Request
11:50:39.957 [main] DEBUG org.apache.http.headers - << HTTP/1.1 400 Bad Request
11:50:39.957 [main] DEBUG org.apache.http.headers - << Content-Type: application/json; charset=UTF-8
11:50:39.957 [main] DEBUG org.apache.http.headers - << Vary: Origin
11:50:39.957 [main] DEBUG org.apache.http.headers - << Date: Mon, 26 Jun 2023 04:50:40 GMT
11:50:39.957 [main] DEBUG org.apache.http.headers - << Content-Length: 39
11:50:39.957 [main] DEBUG org.apache.http.impl.client.DefaultHttpClient - Connection can be kept alive indefinitely
11:50:39.957 [main] DEBUG io.restassured.internal.RestAssuredHttpBuilder - Parsing response as: application/json; charset=UTF-8
11:50:39.957 [main] DEBUG io.restassured.internal.RestAssuredHttpBuilder - Parsed data to instance of: class org.apache.http.conn.EofSensorInputStream
11:50:39.958 [main] DEBUG org.apache.http.wire -  << "{"message":"missing or malformed jwt"}[\n]"
11:50:39.958 [main] DEBUG org.apache.http.impl.conn.BasicClientConnectionManager - Releasing connection org.apache.http.impl.conn.ManagedClientConnectionImpl@7857cb1d
11:50:39.958 [main] DEBUG org.apache.http.impl.conn.BasicClientConnectionManager - Connection can be kept alive indefinitely
11:50:39.958 [main] DEBUG net.thucydides.core.steps.StepInterceptor - STEP DONE: user sent HTTP POST request post Cart
  &amp#27;[32mAnd &amp#27;[0m&amp#27;[32muser sent HTTP POST request post cart&amp#27;[0m                       &amp#27;[90m# starter.stepdefinitions.Mobile.CartSteps.userSentHTTPPOSTRequestPostCart()&amp#27;[0m
11:50:39.959 [main] DEBUG net.thucydides.core.steps.StepInterceptor - STARTING STEP: CartSteps.userReceiveAValidLoginAndCartHTTPResponseCode - user receive a valid login and Cart HTTP response code 200
11:50:39.960 [main] DEBUG net.thucydides.core.steps.StepInterceptor - STARTING STEP: Cart.userReceiveAValidLoginAndCartHTTPResponseCode200 - user set the POST api endpoint Cart
11:50:39.960 [main] DEBUG net.thucydides.core.steps.StepInterceptor - STEP DONE: user set the POST api endpoint Cart
11:50:39.962 [main] DEBUG org.apache.http.impl.conn.BasicClientConnectionManager - Get connection for route {}->http://167.172.66.247:8002
11:50:39.962 [main] DEBUG org.apache.http.impl.conn.DefaultClientConnectionOperator - Connecting to 167.172.66.247:8002
11:50:39.997 [main] DEBUG org.apache.http.client.protocol.RequestAddCookies - CookieSpec selected: ignoreCookies
11:50:39.997 [main] DEBUG org.apache.http.client.protocol.RequestAuthCache - Auth cache not set in the context
11:50:39.997 [main] DEBUG org.apache.http.client.protocol.RequestProxyAuthentication - Proxy auth state: UNCHALLENGED
11:50:39.997 [main] DEBUG org.apache.http.impl.client.DefaultHttpClient - Attempt 1 to execute request
11:50:39.997 [main] DEBUG org.apache.http.impl.conn.DefaultClientConnection - Sending request: GET /keranjang HTTP/1.1
11:50:39.997 [main] DEBUG org.apache.http.wire -  >> "GET /keranjang HTTP/1.1[\r][\n]"
11:50:39.997 [main] DEBUG org.apache.http.wire -  >> "Authorization: Bearer eyJhbGciOiJIUzI1NiIsInR5cCI6IkpXVCJ9.eyJleHAiOjE2ODc3NzMwNDAsImlkIjo5NiwiaXNzIjoicXdlcnR5IiwibmFtZSI6IlNlYW4gMSJ9.-tBtsXgUW5q2mZ8PYmtbdbcTkLvKdyaXPL7WcStuLFQ[\r][\n]"
11:50:39.997 [main] DEBUG org.apache.http.wire -  >> "Accept: */*[\r][\n]"
11:50:39.997 [main] DEBUG org.apache.http.wire -  >> "Host: 167.172.66.247:8002[\r][\n]"
11:50:39.997 [main] DEBUG org.apache.http.wire -  >> "Connection: Keep-Alive[\r][\n]"
11:50:39.997 [main] DEBUG org.apache.http.wire -  >> "User-Agent: Apache-HttpClient/4.5.13 (Java/17.0.7)[\r][\n]"
11:50:39.997 [main] DEBUG org.apache.http.wire -  >> "Accept-Encoding: gzip,deflate[\r][\n]"
11:50:39.997 [main] DEBUG org.apache.http.wire -  >> "[\r][\n]"
11:50:39.997 [main] DEBUG org.apache.http.headers - >> GET /keranjang HTTP/1.1
11:50:39.997 [main] DEBUG org.apache.http.headers - >> Authorization: Bearer eyJhbGciOiJIUzI1NiIsInR5cCI6IkpXVCJ9.eyJleHAiOjE2ODc3NzMwNDAsImlkIjo5NiwiaXNzIjoicXdlcnR5IiwibmFtZSI6IlNlYW4gMSJ9.-tBtsXgUW5q2mZ8PYmtbdbcTkLvKdyaXPL7WcStuLFQ
11:50:39.997 [main] DEBUG org.apache.http.headers - >> Accept: */*
11:50:39.997 [main] DEBUG org.apache.http.headers - >> Host: 167.172.66.247:8002
11:50:39.997 [main] DEBUG org.apache.http.headers - >> Connection: Keep-Alive
11:50:39.997 [main] DEBUG org.apache.http.headers - >> User-Agent: Apache-HttpClient/4.5.13 (Java/17.0.7)
11:50:39.997 [main] DEBUG org.apache.http.headers - >> Accept-Encoding: gzip,deflate
11:50:40.067 [main] DEBUG org.apache.http.wire -  << "HTTP/1.1 200 OK[\r][\n]"
11:50:40.067 [main] DEBUG org.apache.http.wire -  << "Content-Type: application/json; charset=UTF-8[\r][\n]"
11:50:40.067 [main] DEBUG org.apache.http.wire -  << "Vary: Origin[\r][\n]"
11:50:40.067 [main] DEBUG org.apache.http.wire -  << "Date: Mon, 26 Jun 2023 04:50:40 GMT[\r][\n]"
11:50:40.067 [main] DEBUG org.apache.http.wire -  << "Content-Length: 1409[\r][\n]"
11:50:40.067 [main] DEBUG org.apache.http.wire -  << "[\r][\n]"
11:50:40.067 [main] DEBUG org.apache.http.impl.conn.DefaultClientConnection - Receiving response: HTTP/1.1 200 OK
11:50:40.067 [main] DEBUG org.apache.http.headers - << HTTP/1.1 200 OK
11:50:40.067 [main] DEBUG org.apache.http.headers - << Content-Type: application/json; charset=UTF-8
11:50:40.067 [main] DEBUG org.apache.http.headers - << Vary: Origin
11:50:40.067 [main] DEBUG org.apache.http.headers - << Date: Mon, 26 Jun 2023 04:50:40 GMT
11:50:40.067 [main] DEBUG org.apache.http.headers - << Content-Length: 1409
11:50:40.067 [main] DEBUG org.apache.http.impl.client.DefaultHttpClient - Connection can be kept alive indefinitely
11:50:40.067 [main] DEBUG io.restassured.internal.RestAssuredHttpBuilder - Parsing response as: application/json; charset=UTF-8
11:50:40.067 [main] DEBUG io.restassured.internal.RestAssuredHttpBuilder - Parsed data to instance of: class org.apache.http.conn.EofSensorInputStream
11:50:40.068 [main] DEBUG org.apache.http.wire -  << "{"data":{"data":[{"ID":2,"CreatedAt":"2023-06-21T02:31:53.624Z","UpdatedAt":"2023-06-21T02:31:53.624Z","DeletedAt":null,"user_id":"2","produk_id":"1","jumlah":2},{"ID":3,"CreatedAt":"2023-06-21T02:32:55.069Z","UpdatedAt":"2023-06-21T02:32:55.069Z","DeletedAt":null,"user_id":"4","produk_id":"3","jumlah":1},{"ID":4,"CreatedAt":"2023-06-21T02:33:12.24Z","UpdatedAt":"2023-06-21T02:33:12.24Z","DeletedAt":null,"user_id":"4","produk_id":"7","jumlah":1},{"ID":5,"CreatedAt":"2023-06-21T02:33:26.618Z","UpdatedAt":"2023-06-21T02:33:26.618Z","DeletedAt":null,"user_id":"4","produk_id":"2","jumlah":1},{"ID":6,"CreatedAt":"2023-06-23T05:35:36.811Z","UpdatedAt":"2023-06-23T05:35:36.811Z","DeletedAt":null,"user_id":"2","produk_id":"1","jumlah":2},{"ID":7,"CreatedAt":"2023-06-23T06:16:25.785Z","UpdatedAt":"2023-06-23T06:16:25.785Z","DeletedAt":null,"user_id":"2","produk_id":"1","jumlah":2},{"ID":8,"CreatedAt":"2023-06-23T18:55:07.318Z","UpdatedAt":"2023-06-23T18:55:07.318Z","DeletedAt":null,"user_id":"2","produk_id":"1","jumlah":2},{"ID":9,"CreatedAt":"2023-06-24T06:00:36Z","UpdatedAt":"2023-06-24T06:00:36Z","DeletedAt":null,"user_id":"2","produk_id":"1","jumlah":2},{"ID":10,"CreatedAt":"2023-06-25T17:53:00.862Z","UpdatedAt":"2023-06-25T17:53:00.862Z","DeletedAt":null,"user_id":"101","produk_id":"5","jumlah":1}],"data_shown":9,"page":1,"total_data":9},"message":"Get all Keranjang success","status":true}[\n]"
11:50:40.068 [main] DEBUG org.apache.http.impl.conn.BasicClientConnectionManager - Releasing connection org.apache.http.impl.conn.ManagedClientConnectionImpl@34d11c92
11:50:40.068 [main] DEBUG org.apache.http.impl.conn.BasicClientConnectionManager - Connection can be kept alive indefinitely
11:50:40.070 [main] DEBUG net.thucydides.core.steps.StepInterceptor - STEP DONE: user receive a valid login and Cart HTTP response code 200
  &amp#27;[32mThen &amp#27;[0m&amp#27;[32muser receive a valid login and cart HTTP response code &amp#27;[0m&amp#27;[32m&amp#27;[1m200&amp#27;[0m &amp#27;[90m# starter.stepdefinitions.Mobile.CartSteps.userReceiveAValidLoginAndCartHTTPResponseCode(int)&amp#27;[0m
11:50:40.071 [main] INFO  - 
  _____   ___   ___   _____     ___     _     ___   ___   ___   ___  
 |_   _| | __| / __| |_   _|   | _ \   /_\   / __| / __| | __| |   \ 
   | |   | _|  \__ \   | |     |  _/  / _ \  \__ \ \__ \ | _|  | |) |
   |_|   |___| |___/   |_|     |_|   /_/ \_\ |___/ |___/ |___| |___/ 

As user, I want to create new cart
----------------------------------------------------------------------
]]></system-out>
  </testcase>
  <testcase name="As user, I can get all cart data" classname="As user, I want to manage Shop features" time="0.318">
    <system-out><![CDATA[
@TCCART02
Scenario: As user, I can get all cart data                        &amp#27;[90m# src/test/resources/Feature/Api/Mobile/Cart.feature:13&amp#27;[0m
11:50:40.079 [main] INFO io.cucumber.core.plugin.SerenityReporter - Running feature from file:///Users/macbookpro/Documents/Capstone_API_CI/src/test/resources/Feature/Api/Mobile/Cart.feature
11:50:40.079 [main] WARN io.cucumber.core.plugin.SerenityReporter - Feature from file:///Users/macbookpro/Documents/Capstone_API_CI/src/test/resources/Feature/Api/Mobile/Cart.feature is not under the 'features' directory. Requirements report will not be correctly generated!
11:50:40.079 [main] INFO  - 
  _____   ___   ___   _____     ___   _____     _     ___   _____   ___   ___  
 |_   _| | __| / __| |_   _|   / __| |_   _|   /_\   | _ \ |_   _| | __| |   \ 
   | |   | _|  \__ \   | |     \__ \   | |    / _ \  |   /   | |   | _|  | |) |
   |_|   |___| |___/   |_|     |___/   |_|   /_/ \_\ |_|_\   |_|   |___| |___/ 

As user, I can get all cart data(as-user--i-want-to-manage-shop-features;as-user--i-can-get-all-cart-data)
--------------------------------------------------------------------------------
11:50:40.081 [main] DEBUG net.thucydides.core.steps.StepInterceptor - STARTING STEP: CartSteps.userSetUpApiEndpointLoginInCartInWebsite - user set up api endpoint login in Cart in website
11:50:40.081 [main] DEBUG net.thucydides.core.steps.StepInterceptor - STEP DONE: user set up api endpoint login in Cart in website
  &amp#27;[32mGiven &amp#27;[0m&amp#27;[32muser set up api endpoint login in cart in website&amp#27;[0m         &amp#27;[90m# starter.stepdefinitions.Mobile.CartSteps.userSetUpApiEndpointLoginInCartInWebsite()&amp#27;[0m
11:50:40.081 [main] DEBUG net.thucydides.core.steps.StepInterceptor - STARTING STEP: CartSteps.userSendAHTTPRequestLoginInCartInWebsite - user send a HTTP request login in Cart in website
11:50:40.082 [main] DEBUG net.thucydides.core.steps.StepInterceptor - STARTING STEP: Cart.userSendAHTTPRequestLoginInCartInWebsite - user set up api endpoint login in Cart in website
11:50:40.082 [main] DEBUG net.thucydides.core.steps.StepInterceptor - STEP DONE: user set up api endpoint login in Cart in website
11:50:40.088 [main] DEBUG org.apache.http.impl.conn.BasicClientConnectionManager - Get connection for route {}->http://167.172.66.247:8002
11:50:40.088 [main] DEBUG org.apache.http.impl.conn.DefaultClientConnectionOperator - Connecting to 167.172.66.247:8002
11:50:40.127 [main] DEBUG org.apache.http.client.protocol.RequestAddCookies - CookieSpec selected: ignoreCookies
11:50:40.127 [main] DEBUG org.apache.http.client.protocol.RequestAuthCache - Auth cache not set in the context
11:50:40.127 [main] DEBUG org.apache.http.client.protocol.RequestTargetAuthentication - Target auth state: UNCHALLENGED
11:50:40.127 [main] DEBUG org.apache.http.client.protocol.RequestProxyAuthentication - Proxy auth state: UNCHALLENGED
11:50:40.127 [main] DEBUG org.apache.http.impl.client.DefaultHttpClient - Attempt 1 to execute request
11:50:40.127 [main] DEBUG org.apache.http.impl.conn.DefaultClientConnection - Sending request: POST /user_login HTTP/1.1
11:50:40.127 [main] DEBUG org.apache.http.wire -  >> "POST /user_login HTTP/1.1[\r][\n]"
11:50:40.127 [main] DEBUG org.apache.http.wire -  >> "Accept: */*[\r][\n]"
11:50:40.127 [main] DEBUG org.apache.http.wire -  >> "Content-Type: application/json[\r][\n]"
11:50:40.127 [main] DEBUG org.apache.http.wire -  >> "Content-Length: 47[\r][\n]"
11:50:40.127 [main] DEBUG org.apache.http.wire -  >> "Host: 167.172.66.247:8002[\r][\n]"
11:50:40.127 [main] DEBUG org.apache.http.wire -  >> "Connection: Keep-Alive[\r][\n]"
11:50:40.127 [main] DEBUG org.apache.http.wire -  >> "User-Agent: Apache-HttpClient/4.5.13 (Java/17.0.7)[\r][\n]"
11:50:40.127 [main] DEBUG org.apache.http.wire -  >> "Accept-Encoding: gzip,deflate[\r][\n]"
11:50:40.127 [main] DEBUG org.apache.http.wire -  >> "[\r][\n]"
11:50:40.127 [main] DEBUG org.apache.http.headers - >> POST /user_login HTTP/1.1
11:50:40.127 [main] DEBUG org.apache.http.headers - >> Accept: */*
11:50:40.127 [main] DEBUG org.apache.http.headers - >> Content-Type: application/json
11:50:40.127 [main] DEBUG org.apache.http.headers - >> Content-Length: 47
11:50:40.127 [main] DEBUG org.apache.http.headers - >> Host: 167.172.66.247:8002
11:50:40.127 [main] DEBUG org.apache.http.headers - >> Connection: Keep-Alive
11:50:40.127 [main] DEBUG org.apache.http.headers - >> User-Agent: Apache-HttpClient/4.5.13 (Java/17.0.7)
11:50:40.127 [main] DEBUG org.apache.http.headers - >> Accept-Encoding: gzip,deflate
11:50:40.127 [main] DEBUG org.apache.http.wire -  >> "{"password":"123456","email":"sean1@gmail.com"}"
11:50:40.187 [main] DEBUG org.apache.http.wire -  << "HTTP/1.1 200 OK[\r][\n]"
11:50:40.187 [main] DEBUG org.apache.http.wire -  << "Content-Type: application/json; charset=UTF-8[\r][\n]"
11:50:40.187 [main] DEBUG org.apache.http.wire -  << "Vary: Origin[\r][\n]"
11:50:40.187 [main] DEBUG org.apache.http.wire -  << "Date: Mon, 26 Jun 2023 04:50:40 GMT[\r][\n]"
11:50:40.187 [main] DEBUG org.apache.http.wire -  << "Content-Length: 462[\r][\n]"
11:50:40.187 [main] DEBUG org.apache.http.wire -  << "[\r][\n]"
11:50:40.187 [main] DEBUG org.apache.http.impl.conn.DefaultClientConnection - Receiving response: HTTP/1.1 200 OK
11:50:40.187 [main] DEBUG org.apache.http.headers - << HTTP/1.1 200 OK
11:50:40.187 [main] DEBUG org.apache.http.headers - << Content-Type: application/json; charset=UTF-8
11:50:40.187 [main] DEBUG org.apache.http.headers - << Vary: Origin
11:50:40.187 [main] DEBUG org.apache.http.headers - << Date: Mon, 26 Jun 2023 04:50:40 GMT
11:50:40.187 [main] DEBUG org.apache.http.headers - << Content-Length: 462
11:50:40.187 [main] DEBUG org.apache.http.impl.client.DefaultHttpClient - Connection can be kept alive indefinitely
11:50:40.188 [main] DEBUG io.restassured.internal.RestAssuredHttpBuilder - Parsing response as: application/json; charset=UTF-8
11:50:40.188 [main] DEBUG io.restassured.internal.RestAssuredHttpBuilder - Parsed data to instance of: class org.apache.http.conn.EofSensorInputStream
11:50:40.189 [main] DEBUG org.apache.http.wire -  << "{"data":{"user":{"ID":96,"CreatedAt":"2023-06-25T14:27:36.534Z","UpdatedAt":"2023-06-25T14:27:36.534Z","DeletedAt":null,"nama":"Sean 1","foto_profile":"123","email":"sean1@gmail.com","password":"123456","no_telepon":"0811111111111","alamat":"Jl. 123"},"token":"eyJhbGciOiJIUzI1NiIsInR5cCI6IkpXVCJ9.eyJleHAiOjE2ODc3NzMwNDAsImlkIjo5NiwiaXNzIjoicXdlcnR5IiwibmFtZSI6IlNlYW4gMSJ9.-tBtsXgUW5q2mZ8PYmtbdbcTkLvKdyaXPL7WcStuLFQ"},"message":"Login success","status":true}[\n]"
11:50:40.189 [main] DEBUG org.apache.http.impl.conn.BasicClientConnectionManager - Releasing connection org.apache.http.impl.conn.ManagedClientConnectionImpl@56554365
11:50:40.189 [main] DEBUG org.apache.http.impl.conn.BasicClientConnectionManager - Connection can be kept alive indefinitely
11:50:40.196 [main] DEBUG net.thucydides.core.steps.StepInterceptor - STEP DONE: user send a HTTP request login in Cart in website
  &amp#27;[32mWhen &amp#27;[0m&amp#27;[32muser send a HTTP request login in cart in website&amp#27;[0m          &amp#27;[90m# starter.stepdefinitions.Mobile.CartSteps.userSendAHTTPRequestLoginInCartInWebsite()&amp#27;[0m
11:50:40.197 [main] DEBUG net.thucydides.core.steps.StepInterceptor - STARTING STEP: CartSteps.userSetTheGETApiEndpointCart - user set the GET api endpoint Cart
11:50:40.197 [main] DEBUG net.thucydides.core.steps.StepInterceptor - STEP DONE: user set the GET api endpoint Cart
  &amp#27;[32mAnd &amp#27;[0m&amp#27;[32muser set the GET api endpoint cart&amp#27;[0m                          &amp#27;[90m# starter.stepdefinitions.Mobile.CartSteps.userSetTheGETApiEndpointCart()&amp#27;[0m
11:50:40.198 [main] DEBUG net.thucydides.core.steps.StepInterceptor - STARTING STEP: CartSteps.userSentHTTPGETRequestGetCartByID - user sent HTTP GET request get Cart by ID
11:50:40.199 [main] DEBUG net.thucydides.core.steps.StepInterceptor - STARTING STEP: Cart.userSentHTTPGETRequestGetCartByID - user set the GET api endpoint Cart
11:50:40.199 [main] DEBUG net.thucydides.core.steps.StepInterceptor - STEP DONE: user set the GET api endpoint Cart
11:50:40.204 [main] DEBUG org.apache.http.impl.conn.BasicClientConnectionManager - Get connection for route {}->http://167.172.66.247:8002
11:50:40.204 [main] DEBUG org.apache.http.impl.conn.DefaultClientConnectionOperator - Connecting to 167.172.66.247:8002
11:50:40.237 [main] DEBUG org.apache.http.client.protocol.RequestAddCookies - CookieSpec selected: ignoreCookies
11:50:40.237 [main] DEBUG org.apache.http.client.protocol.RequestAuthCache - Auth cache not set in the context
11:50:40.237 [main] DEBUG org.apache.http.client.protocol.RequestTargetAuthentication - Target auth state: UNCHALLENGED
11:50:40.237 [main] DEBUG org.apache.http.client.protocol.RequestProxyAuthentication - Proxy auth state: UNCHALLENGED
11:50:40.237 [main] DEBUG org.apache.http.impl.client.DefaultHttpClient - Attempt 1 to execute request
11:50:40.237 [main] DEBUG org.apache.http.impl.conn.DefaultClientConnection - Sending request: GET /keranjang?page=1&limit=5&order=desc HTTP/1.1
11:50:40.237 [main] DEBUG org.apache.http.wire -  >> "GET /keranjang?page=1&limit=5&order=desc HTTP/1.1[\r][\n]"
11:50:40.237 [main] DEBUG org.apache.http.wire -  >> "Accept: */*[\r][\n]"
11:50:40.237 [main] DEBUG org.apache.http.wire -  >> "Host: 167.172.66.247:8002[\r][\n]"
11:50:40.237 [main] DEBUG org.apache.http.wire -  >> "Connection: Keep-Alive[\r][\n]"
11:50:40.237 [main] DEBUG org.apache.http.wire -  >> "User-Agent: Apache-HttpClient/4.5.13 (Java/17.0.7)[\r][\n]"
11:50:40.237 [main] DEBUG org.apache.http.wire -  >> "Accept-Encoding: gzip,deflate[\r][\n]"
11:50:40.237 [main] DEBUG org.apache.http.wire -  >> "[\r][\n]"
11:50:40.237 [main] DEBUG org.apache.http.headers - >> GET /keranjang?page=1&limit=5&order=desc HTTP/1.1
11:50:40.237 [main] DEBUG org.apache.http.headers - >> Accept: */*
11:50:40.237 [main] DEBUG org.apache.http.headers - >> Host: 167.172.66.247:8002
11:50:40.237 [main] DEBUG org.apache.http.headers - >> Connection: Keep-Alive
11:50:40.242 [main] DEBUG org.apache.http.headers - >> User-Agent: Apache-HttpClient/4.5.13 (Java/17.0.7)
11:50:40.242 [main] DEBUG org.apache.http.headers - >> Accept-Encoding: gzip,deflate
11:50:40.242 [Finalizer] DEBUG org.apache.http.impl.conn.DefaultClientConnection - Connection 0.0.0.0:59711<->167.172.66.247:8002 closed
11:50:40.242 [Finalizer] DEBUG org.apache.http.impl.conn.DefaultClientConnection - Connection 0.0.0.0:59712<->167.172.66.247:8002 closed
11:50:40.242 [Finalizer] DEBUG org.apache.http.impl.conn.DefaultClientConnection - Connection 0.0.0.0:59713<->167.172.66.247:8002 closed
11:50:40.242 [Finalizer] DEBUG org.apache.http.impl.conn.DefaultClientConnection - Connection 0.0.0.0:59714<->167.172.66.247:8002 closed
11:50:40.242 [Finalizer] DEBUG org.apache.http.impl.conn.DefaultClientConnection - Connection 0.0.0.0:59715<->167.172.66.247:8002 closed
11:50:40.242 [Finalizer] DEBUG org.apache.http.impl.conn.DefaultClientConnection - Connection 0.0.0.0:59716<->167.172.66.247:8002 closed
11:50:40.242 [Finalizer] DEBUG org.apache.http.impl.conn.DefaultClientConnection - Connection 0.0.0.0:59717<->167.172.66.247:8002 closed
11:50:40.242 [Finalizer] DEBUG org.apache.http.impl.conn.DefaultClientConnection - Connection 0.0.0.0:59705<->167.172.66.247:8002 closed
11:50:40.242 [Finalizer] DEBUG org.apache.http.impl.conn.DefaultClientConnection - Connection 0.0.0.0:59706<->167.172.66.247:8002 closed
11:50:40.242 [Finalizer] DEBUG org.apache.http.impl.conn.DefaultClientConnection - Connection 0.0.0.0:59707<->167.172.66.247:8002 closed
11:50:40.242 [Finalizer] DEBUG org.apache.http.impl.conn.DefaultClientConnection - Connection 0.0.0.0:59708<->167.172.66.247:8002 closed
11:50:40.242 [Finalizer] DEBUG org.apache.http.impl.conn.DefaultClientConnection - Connection 0.0.0.0:59709<->167.172.66.247:8002 closed
11:50:40.242 [Finalizer] DEBUG org.apache.http.impl.conn.DefaultClientConnection - Connection 0.0.0.0:59710<->167.172.66.247:8002 closed
11:50:40.286 [main] DEBUG org.apache.http.wire -  << "HTTP/1.1 400 Bad Request[\r][\n]"
11:50:40.286 [main] DEBUG org.apache.http.wire -  << "Content-Type: application/json; charset=UTF-8[\r][\n]"
11:50:40.286 [main] DEBUG org.apache.http.wire -  << "Vary: Origin[\r][\n]"
11:50:40.286 [main] DEBUG org.apache.http.wire -  << "Date: Mon, 26 Jun 2023 04:50:40 GMT[\r][\n]"
11:50:40.286 [main] DEBUG org.apache.http.wire -  << "Content-Length: 39[\r][\n]"
11:50:40.286 [main] DEBUG org.apache.http.wire -  << "[\r][\n]"
11:50:40.286 [main] DEBUG org.apache.http.impl.conn.DefaultClientConnection - Receiving response: HTTP/1.1 400 Bad Request
11:50:40.286 [main] DEBUG org.apache.http.headers - << HTTP/1.1 400 Bad Request
11:50:40.286 [main] DEBUG org.apache.http.headers - << Content-Type: application/json; charset=UTF-8
11:50:40.286 [main] DEBUG org.apache.http.headers - << Vary: Origin
11:50:40.286 [main] DEBUG org.apache.http.headers - << Date: Mon, 26 Jun 2023 04:50:40 GMT
11:50:40.286 [main] DEBUG org.apache.http.headers - << Content-Length: 39
11:50:40.286 [main] DEBUG org.apache.http.impl.client.DefaultHttpClient - Connection can be kept alive indefinitely
11:50:40.286 [main] DEBUG io.restassured.internal.RestAssuredHttpBuilder - Parsing response as: application/json; charset=UTF-8
11:50:40.286 [main] DEBUG io.restassured.internal.RestAssuredHttpBuilder - Parsed data to instance of: class org.apache.http.conn.EofSensorInputStream
11:50:40.287 [main] DEBUG org.apache.http.wire -  << "{"message":"missing or malformed jwt"}[\n]"
11:50:40.287 [main] DEBUG org.apache.http.impl.conn.BasicClientConnectionManager - Releasing connection org.apache.http.impl.conn.ManagedClientConnectionImpl@4da9da6c
11:50:40.287 [main] DEBUG org.apache.http.impl.conn.BasicClientConnectionManager - Connection can be kept alive indefinitely
11:50:40.287 [main] DEBUG net.thucydides.core.steps.StepInterceptor - STEP DONE: user sent HTTP GET request get Cart by ID
  &amp#27;[32mAnd &amp#27;[0m&amp#27;[32muser sent HTTP GET request get cart by ID&amp#27;[0m                   &amp#27;[90m# starter.stepdefinitions.Mobile.CartSteps.userSentHTTPGETRequestGetCartByID()&amp#27;[0m
11:50:40.288 [main] DEBUG net.thucydides.core.steps.StepInterceptor - STARTING STEP: CartSteps.userReceiveAValidLoginAndCartHTTPResponseCode - user receive a valid login and Cart HTTP response code 200
11:50:40.288 [main] DEBUG net.thucydides.core.steps.StepInterceptor - STARTING STEP: Cart.userReceiveAValidLoginAndCartHTTPResponseCode200 - user set the POST api endpoint Cart
11:50:40.288 [main] DEBUG net.thucydides.core.steps.StepInterceptor - STEP DONE: user set the POST api endpoint Cart
11:50:40.290 [main] DEBUG org.apache.http.impl.conn.BasicClientConnectionManager - Get connection for route {}->http://167.172.66.247:8002
11:50:40.290 [main] DEBUG org.apache.http.impl.conn.DefaultClientConnectionOperator - Connecting to 167.172.66.247:8002
11:50:40.327 [main] DEBUG org.apache.http.client.protocol.RequestAddCookies - CookieSpec selected: ignoreCookies
11:50:40.327 [main] DEBUG org.apache.http.client.protocol.RequestAuthCache - Auth cache not set in the context
11:50:40.327 [main] DEBUG org.apache.http.client.protocol.RequestProxyAuthentication - Proxy auth state: UNCHALLENGED
11:50:40.327 [main] DEBUG org.apache.http.impl.client.DefaultHttpClient - Attempt 1 to execute request
11:50:40.327 [main] DEBUG org.apache.http.impl.conn.DefaultClientConnection - Sending request: GET /keranjang HTTP/1.1
11:50:40.327 [main] DEBUG org.apache.http.wire -  >> "GET /keranjang HTTP/1.1[\r][\n]"
11:50:40.327 [main] DEBUG org.apache.http.wire -  >> "Authorization: Bearer eyJhbGciOiJIUzI1NiIsInR5cCI6IkpXVCJ9.eyJleHAiOjE2ODc3NzMwNDAsImlkIjo5NiwiaXNzIjoicXdlcnR5IiwibmFtZSI6IlNlYW4gMSJ9.-tBtsXgUW5q2mZ8PYmtbdbcTkLvKdyaXPL7WcStuLFQ[\r][\n]"
11:50:40.327 [main] DEBUG org.apache.http.wire -  >> "Accept: */*[\r][\n]"
11:50:40.327 [main] DEBUG org.apache.http.wire -  >> "Host: 167.172.66.247:8002[\r][\n]"
11:50:40.327 [main] DEBUG org.apache.http.wire -  >> "Connection: Keep-Alive[\r][\n]"
11:50:40.327 [main] DEBUG org.apache.http.wire -  >> "User-Agent: Apache-HttpClient/4.5.13 (Java/17.0.7)[\r][\n]"
11:50:40.327 [main] DEBUG org.apache.http.wire -  >> "Accept-Encoding: gzip,deflate[\r][\n]"
11:50:40.327 [main] DEBUG org.apache.http.wire -  >> "[\r][\n]"
11:50:40.327 [main] DEBUG org.apache.http.headers - >> GET /keranjang HTTP/1.1
11:50:40.327 [main] DEBUG org.apache.http.headers - >> Authorization: Bearer eyJhbGciOiJIUzI1NiIsInR5cCI6IkpXVCJ9.eyJleHAiOjE2ODc3NzMwNDAsImlkIjo5NiwiaXNzIjoicXdlcnR5IiwibmFtZSI6IlNlYW4gMSJ9.-tBtsXgUW5q2mZ8PYmtbdbcTkLvKdyaXPL7WcStuLFQ
11:50:40.327 [main] DEBUG org.apache.http.headers - >> Accept: */*
11:50:40.327 [main] DEBUG org.apache.http.headers - >> Host: 167.172.66.247:8002
11:50:40.327 [main] DEBUG org.apache.http.headers - >> Connection: Keep-Alive
11:50:40.327 [main] DEBUG org.apache.http.headers - >> User-Agent: Apache-HttpClient/4.5.13 (Java/17.0.7)
11:50:40.327 [main] DEBUG org.apache.http.headers - >> Accept-Encoding: gzip,deflate
11:50:40.387 [main] DEBUG org.apache.http.wire -  << "HTTP/1.1 200 OK[\r][\n]"
11:50:40.387 [main] DEBUG org.apache.http.wire -  << "Content-Type: application/json; charset=UTF-8[\r][\n]"
11:50:40.387 [main] DEBUG org.apache.http.wire -  << "Vary: Origin[\r][\n]"
11:50:40.387 [main] DEBUG org.apache.http.wire -  << "Date: Mon, 26 Jun 2023 04:50:40 GMT[\r][\n]"
11:50:40.387 [main] DEBUG org.apache.http.wire -  << "Content-Length: 1409[\r][\n]"
11:50:40.387 [main] DEBUG org.apache.http.wire -  << "[\r][\n]"
11:50:40.387 [main] DEBUG org.apache.http.impl.conn.DefaultClientConnection - Receiving response: HTTP/1.1 200 OK
11:50:40.387 [main] DEBUG org.apache.http.headers - << HTTP/1.1 200 OK
11:50:40.387 [main] DEBUG org.apache.http.headers - << Content-Type: application/json; charset=UTF-8
11:50:40.387 [main] DEBUG org.apache.http.headers - << Vary: Origin
11:50:40.387 [main] DEBUG org.apache.http.headers - << Date: Mon, 26 Jun 2023 04:50:40 GMT
11:50:40.387 [main] DEBUG org.apache.http.headers - << Content-Length: 1409
11:50:40.387 [main] DEBUG org.apache.http.impl.client.DefaultHttpClient - Connection can be kept alive indefinitely
11:50:40.387 [main] DEBUG io.restassured.internal.RestAssuredHttpBuilder - Parsing response as: application/json; charset=UTF-8
11:50:40.387 [main] DEBUG io.restassured.internal.RestAssuredHttpBuilder - Parsed data to instance of: class org.apache.http.conn.EofSensorInputStream
11:50:40.388 [main] DEBUG org.apache.http.wire -  << "{"data":{"data":[{"ID":2,"CreatedAt":"2023-06-21T02:31:53.624Z","UpdatedAt":"2023-06-21T02:31:53.624Z","DeletedAt":null,"user_id":"2","produk_id":"1","jumlah":2},{"ID":3,"CreatedAt":"2023-06-21T02:32:55.069Z","UpdatedAt":"2023-06-21T02:32:55.069Z","DeletedAt":null,"user_id":"4","produk_id":"3","jumlah":1},{"ID":4,"CreatedAt":"2023-06-21T02:33:12.24Z","UpdatedAt":"2023-06-21T02:33:12.24Z","DeletedAt":null,"user_id":"4","produk_id":"7","jumlah":1},{"ID":5,"CreatedAt":"2023-06-21T02:33:26.618Z","UpdatedAt":"2023-06-21T02:33:26.618Z","DeletedAt":null,"user_id":"4","produk_id":"2","jumlah":1},{"ID":6,"CreatedAt":"2023-06-23T05:35:36.811Z","UpdatedAt":"2023-06-23T05:35:36.811Z","DeletedAt":null,"user_id":"2","produk_id":"1","jumlah":2},{"ID":7,"CreatedAt":"2023-06-23T06:16:25.785Z","UpdatedAt":"2023-06-23T06:16:25.785Z","DeletedAt":null,"user_id":"2","produk_id":"1","jumlah":2},{"ID":8,"CreatedAt":"2023-06-23T18:55:07.318Z","UpdatedAt":"2023-06-23T18:55:07.318Z","DeletedAt":null,"user_id":"2","produk_id":"1","jumlah":2},{"ID":9,"CreatedAt":"2023-06-24T06:00:36Z","UpdatedAt":"2023-06-24T06:00:36Z","DeletedAt":null,"user_id":"2","produk_id":"1","jumlah":2},{"ID":10,"CreatedAt":"2023-06-25T17:53:00.862Z","UpdatedAt":"2023-06-25T17:53:00.862Z","DeletedAt":null,"user_id":"101","produk_id":"5","jumlah":1}],"data_shown":9,"page":1,"total_data":9},"message":"Get all Keranjang success","status":true}[\n]"
11:50:40.388 [main] DEBUG org.apache.http.impl.conn.BasicClientConnectionManager - Releasing connection org.apache.http.impl.conn.ManagedClientConnectionImpl@355b53cc
11:50:40.388 [main] DEBUG org.apache.http.impl.conn.BasicClientConnectionManager - Connection can be kept alive indefinitely
11:50:40.389 [main] DEBUG net.thucydides.core.steps.StepInterceptor - STEP DONE: user receive a valid login and Cart HTTP response code 200
  &amp#27;[32mThen &amp#27;[0m&amp#27;[32muser receive a valid login and cart HTTP response code &amp#27;[0m&amp#27;[32m&amp#27;[1m200&amp#27;[0m &amp#27;[90m# starter.stepdefinitions.Mobile.CartSteps.userReceiveAValidLoginAndCartHTTPResponseCode(int)&amp#27;[0m
11:50:40.390 [main] INFO  - 
  _____   ___   ___   _____     ___     _     ___   ___   ___   ___  
 |_   _| | __| / __| |_   _|   | _ \   /_\   / __| / __| | __| |   \ 
   | |   | _|  \__ \   | |     |  _/  / _ \  \__ \ \__ \ | _|  | |) |
   |_|   |___| |___/   |_|     |_|   /_/ \_\ |___/ |___/ |___| |___/ 

As user, I can get all cart data
----------------------------------------------------------------------
]]></system-out>
  </testcase>
  <testcase name="As user, I can edit cart data by ID" classname="As user, I want to manage Shop features" time="0.319">
    <system-out><![CDATA[
@TCCART03
Scenario: As user, I can edit cart data by ID                     &amp#27;[90m# src/test/resources/Feature/Api/Mobile/Cart.feature:22&amp#27;[0m
11:50:40.397 [main] INFO io.cucumber.core.plugin.SerenityReporter - Running feature from file:///Users/macbookpro/Documents/Capstone_API_CI/src/test/resources/Feature/Api/Mobile/Cart.feature
11:50:40.397 [main] WARN io.cucumber.core.plugin.SerenityReporter - Feature from file:///Users/macbookpro/Documents/Capstone_API_CI/src/test/resources/Feature/Api/Mobile/Cart.feature is not under the 'features' directory. Requirements report will not be correctly generated!
11:50:40.398 [main] INFO  - 
  _____   ___   ___   _____     ___   _____     _     ___   _____   ___   ___  
 |_   _| | __| / __| |_   _|   / __| |_   _|   /_\   | _ \ |_   _| | __| |   \ 
   | |   | _|  \__ \   | |     \__ \   | |    / _ \  |   /   | |   | _|  | |) |
   |_|   |___| |___/   |_|     |___/   |_|   /_/ \_\ |_|_\   |_|   |___| |___/ 

As user, I can edit cart data by ID(as-user--i-want-to-manage-shop-features;as-user--i-can-edit-cart-data-by-id)
--------------------------------------------------------------------------------
11:50:40.400 [main] DEBUG net.thucydides.core.steps.StepInterceptor - STARTING STEP: CartSteps.userSetUpApiEndpointLoginInCartInWebsite - user set up api endpoint login in Cart in website
11:50:40.400 [main] DEBUG net.thucydides.core.steps.StepInterceptor - STEP DONE: user set up api endpoint login in Cart in website
  &amp#27;[32mGiven &amp#27;[0m&amp#27;[32muser set up api endpoint login in cart in website&amp#27;[0m         &amp#27;[90m# starter.stepdefinitions.Mobile.CartSteps.userSetUpApiEndpointLoginInCartInWebsite()&amp#27;[0m
11:50:40.401 [main] DEBUG net.thucydides.core.steps.StepInterceptor - STARTING STEP: CartSteps.userSendAHTTPRequestLoginInCartInWebsite - user send a HTTP request login in Cart in website
11:50:40.402 [main] DEBUG net.thucydides.core.steps.StepInterceptor - STARTING STEP: Cart.userSendAHTTPRequestLoginInCartInWebsite - user set up api endpoint login in Cart in website
11:50:40.402 [main] DEBUG net.thucydides.core.steps.StepInterceptor - STEP DONE: user set up api endpoint login in Cart in website
11:50:40.405 [main] DEBUG org.apache.http.impl.conn.BasicClientConnectionManager - Get connection for route {}->http://167.172.66.247:8002
11:50:40.405 [main] DEBUG org.apache.http.impl.conn.DefaultClientConnectionOperator - Connecting to 167.172.66.247:8002
11:50:40.437 [main] DEBUG org.apache.http.client.protocol.RequestAddCookies - CookieSpec selected: ignoreCookies
11:50:40.437 [main] DEBUG org.apache.http.client.protocol.RequestAuthCache - Auth cache not set in the context
11:50:40.437 [main] DEBUG org.apache.http.client.protocol.RequestTargetAuthentication - Target auth state: UNCHALLENGED
11:50:40.437 [main] DEBUG org.apache.http.client.protocol.RequestProxyAuthentication - Proxy auth state: UNCHALLENGED
11:50:40.437 [main] DEBUG org.apache.http.impl.client.DefaultHttpClient - Attempt 1 to execute request
11:50:40.437 [main] DEBUG org.apache.http.impl.conn.DefaultClientConnection - Sending request: POST /user_login HTTP/1.1
11:50:40.437 [main] DEBUG org.apache.http.wire -  >> "POST /user_login HTTP/1.1[\r][\n]"
11:50:40.437 [main] DEBUG org.apache.http.wire -  >> "Accept: */*[\r][\n]"
11:50:40.437 [main] DEBUG org.apache.http.wire -  >> "Content-Type: application/json[\r][\n]"
11:50:40.437 [main] DEBUG org.apache.http.wire -  >> "Content-Length: 47[\r][\n]"
11:50:40.437 [main] DEBUG org.apache.http.wire -  >> "Host: 167.172.66.247:8002[\r][\n]"
11:50:40.437 [main] DEBUG org.apache.http.wire -  >> "Connection: Keep-Alive[\r][\n]"
11:50:40.437 [main] DEBUG org.apache.http.wire -  >> "User-Agent: Apache-HttpClient/4.5.13 (Java/17.0.7)[\r][\n]"
11:50:40.437 [main] DEBUG org.apache.http.wire -  >> "Accept-Encoding: gzip,deflate[\r][\n]"
11:50:40.437 [main] DEBUG org.apache.http.wire -  >> "[\r][\n]"
11:50:40.437 [main] DEBUG org.apache.http.headers - >> POST /user_login HTTP/1.1
11:50:40.437 [main] DEBUG org.apache.http.headers - >> Accept: */*
11:50:40.437 [main] DEBUG org.apache.http.headers - >> Content-Type: application/json
11:50:40.437 [main] DEBUG org.apache.http.headers - >> Content-Length: 47
11:50:40.437 [main] DEBUG org.apache.http.headers - >> Host: 167.172.66.247:8002
11:50:40.437 [main] DEBUG org.apache.http.headers - >> Connection: Keep-Alive
11:50:40.437 [main] DEBUG org.apache.http.headers - >> User-Agent: Apache-HttpClient/4.5.13 (Java/17.0.7)
11:50:40.437 [main] DEBUG org.apache.http.headers - >> Accept-Encoding: gzip,deflate
11:50:40.437 [main] DEBUG org.apache.http.wire -  >> "{"password":"123456","email":"sean1@gmail.com"}"
11:50:40.507 [main] DEBUG org.apache.http.wire -  << "HTTP/1.1 200 OK[\r][\n]"
11:50:40.507 [main] DEBUG org.apache.http.wire -  << "Content-Type: application/json; charset=UTF-8[\r][\n]"
11:50:40.507 [main] DEBUG org.apache.http.wire -  << "Vary: Origin[\r][\n]"
11:50:40.507 [main] DEBUG org.apache.http.wire -  << "Date: Mon, 26 Jun 2023 04:50:40 GMT[\r][\n]"
11:50:40.507 [main] DEBUG org.apache.http.wire -  << "Content-Length: 462[\r][\n]"
11:50:40.507 [main] DEBUG org.apache.http.wire -  << "[\r][\n]"
11:50:40.507 [main] DEBUG org.apache.http.impl.conn.DefaultClientConnection - Receiving response: HTTP/1.1 200 OK
11:50:40.507 [main] DEBUG org.apache.http.headers - << HTTP/1.1 200 OK
11:50:40.507 [main] DEBUG org.apache.http.headers - << Content-Type: application/json; charset=UTF-8
11:50:40.507 [main] DEBUG org.apache.http.headers - << Vary: Origin
11:50:40.507 [main] DEBUG org.apache.http.headers - << Date: Mon, 26 Jun 2023 04:50:40 GMT
11:50:40.507 [main] DEBUG org.apache.http.headers - << Content-Length: 462
11:50:40.507 [main] DEBUG org.apache.http.impl.client.DefaultHttpClient - Connection can be kept alive indefinitely
11:50:40.507 [main] DEBUG io.restassured.internal.RestAssuredHttpBuilder - Parsing response as: application/json; charset=UTF-8
11:50:40.507 [main] DEBUG io.restassured.internal.RestAssuredHttpBuilder - Parsed data to instance of: class org.apache.http.conn.EofSensorInputStream
11:50:40.508 [main] DEBUG org.apache.http.wire -  << "{"data":{"user":{"ID":96,"CreatedAt":"2023-06-25T14:27:36.534Z","UpdatedAt":"2023-06-25T14:27:36.534Z","DeletedAt":null,"nama":"Sean 1","foto_profile":"123","email":"sean1@gmail.com","password":"123456","no_telepon":"0811111111111","alamat":"Jl. 123"},"token":"eyJhbGciOiJIUzI1NiIsInR5cCI6IkpXVCJ9.eyJleHAiOjE2ODc3NzMwNDAsImlkIjo5NiwiaXNzIjoicXdlcnR5IiwibmFtZSI6IlNlYW4gMSJ9.-tBtsXgUW5q2mZ8PYmtbdbcTkLvKdyaXPL7WcStuLFQ"},"message":"Login success","status":true}[\n]"
11:50:40.508 [main] DEBUG org.apache.http.impl.conn.BasicClientConnectionManager - Releasing connection org.apache.http.impl.conn.ManagedClientConnectionImpl@560be8c0
11:50:40.508 [main] DEBUG org.apache.http.impl.conn.BasicClientConnectionManager - Connection can be kept alive indefinitely
11:50:40.515 [main] DEBUG net.thucydides.core.steps.StepInterceptor - STEP DONE: user send a HTTP request login in Cart in website
  &amp#27;[32mWhen &amp#27;[0m&amp#27;[32muser send a HTTP request login in cart in website&amp#27;[0m          &amp#27;[90m# starter.stepdefinitions.Mobile.CartSteps.userSendAHTTPRequestLoginInCartInWebsite()&amp#27;[0m
11:50:40.516 [main] DEBUG net.thucydides.core.steps.StepInterceptor - STARTING STEP: CartSteps.userSetThePUTApiEndpointCart - user set the PUT api endpoint Cart
11:50:40.516 [main] DEBUG net.thucydides.core.steps.StepInterceptor - STEP DONE: user set the PUT api endpoint Cart
  &amp#27;[32mAnd &amp#27;[0m&amp#27;[32muser set the PUT api endpoint cart&amp#27;[0m                          &amp#27;[90m# starter.stepdefinitions.Mobile.CartSteps.userSetThePUTApiEndpointCart()&amp#27;[0m
11:50:40.517 [main] DEBUG net.thucydides.core.steps.StepInterceptor - STARTING STEP: CartSteps.userSentHTTPPUTRequestCartByID - user sent HTTP PUT request Cart by ID
11:50:40.518 [main] DEBUG net.thucydides.core.steps.StepInterceptor - STARTING STEP: Cart.userSentHTTPPUTRequestCartByID - user set the PUT api endpoint Cart
11:50:40.518 [main] DEBUG net.thucydides.core.steps.StepInterceptor - STEP DONE: user set the PUT api endpoint Cart
11:50:40.522 [main] DEBUG org.apache.http.impl.conn.BasicClientConnectionManager - Get connection for route {}->http://167.172.66.247:8002
11:50:40.522 [main] DEBUG org.apache.http.impl.conn.DefaultClientConnectionOperator - Connecting to 167.172.66.247:8002
11:50:40.547 [main] DEBUG org.apache.http.client.protocol.RequestAddCookies - CookieSpec selected: ignoreCookies
11:50:40.547 [main] DEBUG org.apache.http.client.protocol.RequestAuthCache - Auth cache not set in the context
11:50:40.547 [main] DEBUG org.apache.http.client.protocol.RequestTargetAuthentication - Target auth state: UNCHALLENGED
11:50:40.547 [main] DEBUG org.apache.http.client.protocol.RequestProxyAuthentication - Proxy auth state: UNCHALLENGED
11:50:40.547 [main] DEBUG org.apache.http.impl.client.DefaultHttpClient - Attempt 1 to execute request
11:50:40.547 [main] DEBUG org.apache.http.impl.conn.DefaultClientConnection - Sending request: PUT /keranjang/1 HTTP/1.1
11:50:40.547 [main] DEBUG org.apache.http.wire -  >> "PUT /keranjang/1 HTTP/1.1[\r][\n]"
11:50:40.547 [main] DEBUG org.apache.http.wire -  >> "Accept: */*[\r][\n]"
11:50:40.547 [main] DEBUG org.apache.http.wire -  >> "Content-Type: application/json[\r][\n]"
11:50:40.547 [main] DEBUG org.apache.http.wire -  >> "Content-Length: 81[\r][\n]"
11:50:40.547 [main] DEBUG org.apache.http.wire -  >> "Host: 167.172.66.247:8002[\r][\n]"
11:50:40.547 [main] DEBUG org.apache.http.wire -  >> "Connection: Keep-Alive[\r][\n]"
11:50:40.547 [main] DEBUG org.apache.http.wire -  >> "User-Agent: Apache-HttpClient/4.5.13 (Java/17.0.7)[\r][\n]"
11:50:40.547 [main] DEBUG org.apache.http.wire -  >> "Accept-Encoding: gzip,deflate[\r][\n]"
11:50:40.547 [main] DEBUG org.apache.http.wire -  >> "[\r][\n]"
11:50:40.547 [main] DEBUG org.apache.http.headers - >> PUT /keranjang/1 HTTP/1.1
11:50:40.547 [main] DEBUG org.apache.http.headers - >> Accept: */*
11:50:40.547 [main] DEBUG org.apache.http.headers - >> Content-Type: application/json
11:50:40.547 [main] DEBUG org.apache.http.headers - >> Content-Length: 81
11:50:40.547 [main] DEBUG org.apache.http.headers - >> Host: 167.172.66.247:8002
11:50:40.547 [main] DEBUG org.apache.http.headers - >> Connection: Keep-Alive
11:50:40.547 [main] DEBUG org.apache.http.headers - >> User-Agent: Apache-HttpClient/4.5.13 (Java/17.0.7)
11:50:40.547 [main] DEBUG org.apache.http.headers - >> Accept-Encoding: gzip,deflate
11:50:40.547 [main] DEBUG org.apache.http.wire -  >> "[[\n]"
11:50:40.547 [main] DEBUG org.apache.http.wire -  >> "{"nama":"Perhiasan 2","deskripsi":"Aksessoris Cantik dan berkualitas tinggi"}[\n]"
11:50:40.547 [main] DEBUG org.apache.http.wire -  >> "]"
11:50:40.607 [main] DEBUG org.apache.http.wire -  << "HTTP/1.1 400 Bad Request[\r][\n]"
11:50:40.607 [main] DEBUG org.apache.http.wire -  << "Content-Type: application/json; charset=UTF-8[\r][\n]"
11:50:40.607 [main] DEBUG org.apache.http.wire -  << "Vary: Origin[\r][\n]"
11:50:40.607 [main] DEBUG org.apache.http.wire -  << "Date: Mon, 26 Jun 2023 04:50:40 GMT[\r][\n]"
11:50:40.607 [main] DEBUG org.apache.http.wire -  << "Content-Length: 39[\r][\n]"
11:50:40.607 [main] DEBUG org.apache.http.wire -  << "[\r][\n]"
11:50:40.607 [main] DEBUG org.apache.http.impl.conn.DefaultClientConnection - Receiving response: HTTP/1.1 400 Bad Request
11:50:40.607 [main] DEBUG org.apache.http.headers - << HTTP/1.1 400 Bad Request
11:50:40.607 [main] DEBUG org.apache.http.headers - << Content-Type: application/json; charset=UTF-8
11:50:40.607 [main] DEBUG org.apache.http.headers - << Vary: Origin
11:50:40.607 [main] DEBUG org.apache.http.headers - << Date: Mon, 26 Jun 2023 04:50:40 GMT
11:50:40.607 [main] DEBUG org.apache.http.headers - << Content-Length: 39
11:50:40.607 [main] DEBUG org.apache.http.impl.client.DefaultHttpClient - Connection can be kept alive indefinitely
11:50:40.607 [main] DEBUG io.restassured.internal.RestAssuredHttpBuilder - Parsing response as: application/json; charset=UTF-8
11:50:40.607 [main] DEBUG io.restassured.internal.RestAssuredHttpBuilder - Parsed data to instance of: class org.apache.http.conn.EofSensorInputStream
11:50:40.608 [main] DEBUG org.apache.http.wire -  << "{"message":"missing or malformed jwt"}[\n]"
11:50:40.608 [main] DEBUG org.apache.http.impl.conn.BasicClientConnectionManager - Releasing connection org.apache.http.impl.conn.ManagedClientConnectionImpl@656302c
11:50:40.608 [main] DEBUG org.apache.http.impl.conn.BasicClientConnectionManager - Connection can be kept alive indefinitely
11:50:40.608 [main] DEBUG net.thucydides.core.steps.StepInterceptor - STEP DONE: user sent HTTP PUT request Cart by ID
  &amp#27;[32mAnd &amp#27;[0m&amp#27;[32muser sent HTTP PUT request cart by ID&amp#27;[0m                       &amp#27;[90m# starter.stepdefinitions.Mobile.CartSteps.userSentHTTPPUTRequestCartByID()&amp#27;[0m
11:50:40.610 [main] DEBUG net.thucydides.core.steps.StepInterceptor - STARTING STEP: CartSteps.userReceiveAValidLoginAndCartHTTPResponseCode - user receive a valid login and Cart HTTP response code 200
11:50:40.610 [main] DEBUG net.thucydides.core.steps.StepInterceptor - STARTING STEP: Cart.userReceiveAValidLoginAndCartHTTPResponseCode200 - user set the POST api endpoint Cart
11:50:40.610 [main] DEBUG net.thucydides.core.steps.StepInterceptor - STEP DONE: user set the POST api endpoint Cart
11:50:40.613 [main] DEBUG org.apache.http.impl.conn.BasicClientConnectionManager - Get connection for route {}->http://167.172.66.247:8002
11:50:40.613 [main] DEBUG org.apache.http.impl.conn.DefaultClientConnectionOperator - Connecting to 167.172.66.247:8002
11:50:40.647 [main] DEBUG org.apache.http.client.protocol.RequestAddCookies - CookieSpec selected: ignoreCookies
11:50:40.647 [main] DEBUG org.apache.http.client.protocol.RequestAuthCache - Auth cache not set in the context
11:50:40.647 [main] DEBUG org.apache.http.client.protocol.RequestProxyAuthentication - Proxy auth state: UNCHALLENGED
11:50:40.647 [main] DEBUG org.apache.http.impl.client.DefaultHttpClient - Attempt 1 to execute request
11:50:40.647 [main] DEBUG org.apache.http.impl.conn.DefaultClientConnection - Sending request: GET /keranjang HTTP/1.1
11:50:40.647 [main] DEBUG org.apache.http.wire -  >> "GET /keranjang HTTP/1.1[\r][\n]"
11:50:40.647 [main] DEBUG org.apache.http.wire -  >> "Authorization: Bearer eyJhbGciOiJIUzI1NiIsInR5cCI6IkpXVCJ9.eyJleHAiOjE2ODc3NzMwNDAsImlkIjo5NiwiaXNzIjoicXdlcnR5IiwibmFtZSI6IlNlYW4gMSJ9.-tBtsXgUW5q2mZ8PYmtbdbcTkLvKdyaXPL7WcStuLFQ[\r][\n]"
11:50:40.647 [main] DEBUG org.apache.http.wire -  >> "Accept: */*[\r][\n]"
11:50:40.647 [main] DEBUG org.apache.http.wire -  >> "Host: 167.172.66.247:8002[\r][\n]"
11:50:40.647 [main] DEBUG org.apache.http.wire -  >> "Connection: Keep-Alive[\r][\n]"
11:50:40.647 [main] DEBUG org.apache.http.wire -  >> "User-Agent: Apache-HttpClient/4.5.13 (Java/17.0.7)[\r][\n]"
11:50:40.647 [main] DEBUG org.apache.http.wire -  >> "Accept-Encoding: gzip,deflate[\r][\n]"
11:50:40.647 [main] DEBUG org.apache.http.wire -  >> "[\r][\n]"
11:50:40.647 [main] DEBUG org.apache.http.headers - >> GET /keranjang HTTP/1.1
11:50:40.647 [main] DEBUG org.apache.http.headers - >> Authorization: Bearer eyJhbGciOiJIUzI1NiIsInR5cCI6IkpXVCJ9.eyJleHAiOjE2ODc3NzMwNDAsImlkIjo5NiwiaXNzIjoicXdlcnR5IiwibmFtZSI6IlNlYW4gMSJ9.-tBtsXgUW5q2mZ8PYmtbdbcTkLvKdyaXPL7WcStuLFQ
11:50:40.647 [main] DEBUG org.apache.http.headers - >> Accept: */*
11:50:40.647 [main] DEBUG org.apache.http.headers - >> Host: 167.172.66.247:8002
11:50:40.647 [main] DEBUG org.apache.http.headers - >> Connection: Keep-Alive
11:50:40.647 [main] DEBUG org.apache.http.headers - >> User-Agent: Apache-HttpClient/4.5.13 (Java/17.0.7)
11:50:40.647 [main] DEBUG org.apache.http.headers - >> Accept-Encoding: gzip,deflate
11:50:40.707 [main] DEBUG org.apache.http.wire -  << "HTTP/1.1 200 OK[\r][\n]"
11:50:40.707 [main] DEBUG org.apache.http.wire -  << "Content-Type: application/json; charset=UTF-8[\r][\n]"
11:50:40.707 [main] DEBUG org.apache.http.wire -  << "Vary: Origin[\r][\n]"
11:50:40.707 [main] DEBUG org.apache.http.wire -  << "Date: Mon, 26 Jun 2023 04:50:40 GMT[\r][\n]"
11:50:40.707 [main] DEBUG org.apache.http.wire -  << "Content-Length: 1409[\r][\n]"
11:50:40.707 [main] DEBUG org.apache.http.wire -  << "[\r][\n]"
11:50:40.707 [main] DEBUG org.apache.http.impl.conn.DefaultClientConnection - Receiving response: HTTP/1.1 200 OK
11:50:40.707 [main] DEBUG org.apache.http.headers - << HTTP/1.1 200 OK
11:50:40.707 [main] DEBUG org.apache.http.headers - << Content-Type: application/json; charset=UTF-8
11:50:40.707 [main] DEBUG org.apache.http.headers - << Vary: Origin
11:50:40.707 [main] DEBUG org.apache.http.headers - << Date: Mon, 26 Jun 2023 04:50:40 GMT
11:50:40.707 [main] DEBUG org.apache.http.headers - << Content-Length: 1409
11:50:40.707 [main] DEBUG org.apache.http.impl.client.DefaultHttpClient - Connection can be kept alive indefinitely
11:50:40.707 [main] DEBUG io.restassured.internal.RestAssuredHttpBuilder - Parsing response as: application/json; charset=UTF-8
11:50:40.707 [main] DEBUG io.restassured.internal.RestAssuredHttpBuilder - Parsed data to instance of: class org.apache.http.conn.EofSensorInputStream
11:50:40.708 [main] DEBUG org.apache.http.wire -  << "{"data":{"data":[{"ID":2,"CreatedAt":"2023-06-21T02:31:53.624Z","UpdatedAt":"2023-06-21T02:31:53.624Z","DeletedAt":null,"user_id":"2","produk_id":"1","jumlah":2},{"ID":3,"CreatedAt":"2023-06-21T02:32:55.069Z","UpdatedAt":"2023-06-21T02:32:55.069Z","DeletedAt":null,"user_id":"4","produk_id":"3","jumlah":1},{"ID":4,"CreatedAt":"2023-06-21T02:33:12.24Z","UpdatedAt":"2023-06-21T02:33:12.24Z","DeletedAt":null,"user_id":"4","produk_id":"7","jumlah":1},{"ID":5,"CreatedAt":"2023-06-21T02:33:26.618Z","UpdatedAt":"2023-06-21T02:33:26.618Z","DeletedAt":null,"user_id":"4","produk_id":"2","jumlah":1},{"ID":6,"CreatedAt":"2023-06-23T05:35:36.811Z","UpdatedAt":"2023-06-23T05:35:36.811Z","DeletedAt":null,"user_id":"2","produk_id":"1","jumlah":2},{"ID":7,"CreatedAt":"2023-06-23T06:16:25.785Z","UpdatedAt":"2023-06-23T06:16:25.785Z","DeletedAt":null,"user_id":"2","produk_id":"1","jumlah":2},{"ID":8,"CreatedAt":"2023-06-23T18:55:07.318Z","UpdatedAt":"2023-06-23T18:55:07.318Z","DeletedAt":null,"user_id":"2","produk_id":"1","jumlah":2},{"ID":9,"CreatedAt":"2023-06-24T06:00:36Z","UpdatedAt":"2023-06-24T06:00:36Z","DeletedAt":null,"user_id":"2","produk_id":"1","jumlah":2},{"ID":10,"CreatedAt":"2023-06-25T17:53:00.862Z","UpdatedAt":"2023-06-25T17:53:00.862Z","DeletedAt":null,"user_id":"101","produk_id":"5","jumlah":1}],"data_shown":9,"page":1,"total_data":9},"message":"Get all Keranjang success","status":true}[\n]"
11:50:40.708 [main] DEBUG org.apache.http.impl.conn.BasicClientConnectionManager - Releasing connection org.apache.http.impl.conn.ManagedClientConnectionImpl@38856d6e
11:50:40.708 [main] DEBUG org.apache.http.impl.conn.BasicClientConnectionManager - Connection can be kept alive indefinitely
11:50:40.708 [main] DEBUG net.thucydides.core.steps.StepInterceptor - STEP DONE: user receive a valid login and Cart HTTP response code 200
  &amp#27;[32mThen &amp#27;[0m&amp#27;[32muser receive a valid login and cart HTTP response code &amp#27;[0m&amp#27;[32m&amp#27;[1m200&amp#27;[0m &amp#27;[90m# starter.stepdefinitions.Mobile.CartSteps.userReceiveAValidLoginAndCartHTTPResponseCode(int)&amp#27;[0m
11:50:40.709 [main] INFO  - 
  _____   ___   ___   _____     ___     _     ___   ___   ___   ___  
 |_   _| | __| / __| |_   _|   | _ \   /_\   / __| / __| | __| |   \ 
   | |   | _|  \__ \   | |     |  _/  / _ \  \__ \ \__ \ | _|  | |) |
   |_|   |___| |___/   |_|     |_|   /_/ \_\ |___/ |___/ |___| |___/ 

As user, I can edit cart data by ID
----------------------------------------------------------------------
]]></system-out>
  </testcase>
  <testcase name="As user, I can delete cart data by ID" classname="As user, I want to manage Shop features" time="0.386">
    <system-out><![CDATA[
@TCCART04
Scenario: As user, I can delete cart data by ID                   &amp#27;[90m# src/test/resources/Feature/Api/Mobile/Cart.feature:31&amp#27;[0m
11:50:40.716 [main] INFO io.cucumber.core.plugin.SerenityReporter - Running feature from file:///Users/macbookpro/Documents/Capstone_API_CI/src/test/resources/Feature/Api/Mobile/Cart.feature
11:50:40.716 [main] WARN io.cucumber.core.plugin.SerenityReporter - Feature from file:///Users/macbookpro/Documents/Capstone_API_CI/src/test/resources/Feature/Api/Mobile/Cart.feature is not under the 'features' directory. Requirements report will not be correctly generated!
11:50:40.716 [main] INFO  - 
  _____   ___   ___   _____     ___   _____     _     ___   _____   ___   ___  
 |_   _| | __| / __| |_   _|   / __| |_   _|   /_\   | _ \ |_   _| | __| |   \ 
   | |   | _|  \__ \   | |     \__ \   | |    / _ \  |   /   | |   | _|  | |) |
   |_|   |___| |___/   |_|     |___/   |_|   /_/ \_\ |_|_\   |_|   |___| |___/ 

As user, I can delete cart data by ID(as-user--i-want-to-manage-shop-features;as-user--i-can-delete-cart-data-by-id)
--------------------------------------------------------------------------------
11:50:40.719 [main] DEBUG net.thucydides.core.steps.StepInterceptor - STARTING STEP: CartSteps.userSetUpApiEndpointLoginInCartInWebsite - user set up api endpoint login in Cart in website
11:50:40.719 [main] DEBUG net.thucydides.core.steps.StepInterceptor - STEP DONE: user set up api endpoint login in Cart in website
  &amp#27;[32mGiven &amp#27;[0m&amp#27;[32muser set up api endpoint login in cart in website&amp#27;[0m         &amp#27;[90m# starter.stepdefinitions.Mobile.CartSteps.userSetUpApiEndpointLoginInCartInWebsite()&amp#27;[0m
11:50:40.720 [main] DEBUG net.thucydides.core.steps.StepInterceptor - STARTING STEP: CartSteps.userSendAHTTPRequestLoginInCartInWebsite - user send a HTTP request login in Cart in website
11:50:40.720 [main] DEBUG net.thucydides.core.steps.StepInterceptor - STARTING STEP: Cart.userSendAHTTPRequestLoginInCartInWebsite - user set up api endpoint login in Cart in website
11:50:40.720 [main] DEBUG net.thucydides.core.steps.StepInterceptor - STEP DONE: user set up api endpoint login in Cart in website
11:50:40.723 [main] DEBUG org.apache.http.impl.conn.BasicClientConnectionManager - Get connection for route {}->http://167.172.66.247:8002
11:50:40.723 [main] DEBUG org.apache.http.impl.conn.DefaultClientConnectionOperator - Connecting to 167.172.66.247:8002
11:50:40.757 [main] DEBUG org.apache.http.client.protocol.RequestAddCookies - CookieSpec selected: ignoreCookies
11:50:40.757 [main] DEBUG org.apache.http.client.protocol.RequestAuthCache - Auth cache not set in the context
11:50:40.757 [main] DEBUG org.apache.http.client.protocol.RequestTargetAuthentication - Target auth state: UNCHALLENGED
11:50:40.757 [main] DEBUG org.apache.http.client.protocol.RequestProxyAuthentication - Proxy auth state: UNCHALLENGED
11:50:40.757 [main] DEBUG org.apache.http.impl.client.DefaultHttpClient - Attempt 1 to execute request
11:50:40.757 [main] DEBUG org.apache.http.impl.conn.DefaultClientConnection - Sending request: POST /user_login HTTP/1.1
11:50:40.757 [main] DEBUG org.apache.http.wire -  >> "POST /user_login HTTP/1.1[\r][\n]"
11:50:40.757 [main] DEBUG org.apache.http.wire -  >> "Accept: */*[\r][\n]"
11:50:40.757 [main] DEBUG org.apache.http.wire -  >> "Content-Type: application/json[\r][\n]"
11:50:40.757 [main] DEBUG org.apache.http.wire -  >> "Content-Length: 47[\r][\n]"
11:50:40.757 [main] DEBUG org.apache.http.wire -  >> "Host: 167.172.66.247:8002[\r][\n]"
11:50:40.757 [main] DEBUG org.apache.http.wire -  >> "Connection: Keep-Alive[\r][\n]"
11:50:40.757 [main] DEBUG org.apache.http.wire -  >> "User-Agent: Apache-HttpClient/4.5.13 (Java/17.0.7)[\r][\n]"
11:50:40.757 [main] DEBUG org.apache.http.wire -  >> "Accept-Encoding: gzip,deflate[\r][\n]"
11:50:40.757 [main] DEBUG org.apache.http.wire -  >> "[\r][\n]"
11:50:40.757 [main] DEBUG org.apache.http.headers - >> POST /user_login HTTP/1.1
11:50:40.757 [main] DEBUG org.apache.http.headers - >> Accept: */*
11:50:40.757 [main] DEBUG org.apache.http.headers - >> Content-Type: application/json
11:50:40.757 [main] DEBUG org.apache.http.headers - >> Content-Length: 47
11:50:40.757 [main] DEBUG org.apache.http.headers - >> Host: 167.172.66.247:8002
11:50:40.757 [main] DEBUG org.apache.http.headers - >> Connection: Keep-Alive
11:50:40.757 [main] DEBUG org.apache.http.headers - >> User-Agent: Apache-HttpClient/4.5.13 (Java/17.0.7)
11:50:40.757 [main] DEBUG org.apache.http.headers - >> Accept-Encoding: gzip,deflate
11:50:40.757 [main] DEBUG org.apache.http.wire -  >> "{"password":"123456","email":"sean1@gmail.com"}"
11:50:40.846 [main] DEBUG org.apache.http.wire -  << "HTTP/1.1 200 OK[\r][\n]"
11:50:40.846 [main] DEBUG org.apache.http.wire -  << "Content-Type: application/json; charset=UTF-8[\r][\n]"
11:50:40.846 [main] DEBUG org.apache.http.wire -  << "Vary: Origin[\r][\n]"
11:50:40.846 [main] DEBUG org.apache.http.wire -  << "Date: Mon, 26 Jun 2023 04:50:41 GMT[\r][\n]"
11:50:40.846 [main] DEBUG org.apache.http.wire -  << "Content-Length: 462[\r][\n]"
11:50:40.846 [main] DEBUG org.apache.http.wire -  << "[\r][\n]"
11:50:40.846 [main] DEBUG org.apache.http.impl.conn.DefaultClientConnection - Receiving response: HTTP/1.1 200 OK
11:50:40.846 [main] DEBUG org.apache.http.headers - << HTTP/1.1 200 OK
11:50:40.846 [main] DEBUG org.apache.http.headers - << Content-Type: application/json; charset=UTF-8
11:50:40.846 [main] DEBUG org.apache.http.headers - << Vary: Origin
11:50:40.846 [main] DEBUG org.apache.http.headers - << Date: Mon, 26 Jun 2023 04:50:41 GMT
11:50:40.847 [main] DEBUG org.apache.http.headers - << Content-Length: 462
11:50:40.847 [main] DEBUG org.apache.http.impl.client.DefaultHttpClient - Connection can be kept alive indefinitely
11:50:40.847 [main] DEBUG io.restassured.internal.RestAssuredHttpBuilder - Parsing response as: application/json; charset=UTF-8
11:50:40.847 [main] DEBUG io.restassured.internal.RestAssuredHttpBuilder - Parsed data to instance of: class org.apache.http.conn.EofSensorInputStream
11:50:40.847 [main] DEBUG org.apache.http.wire -  << "{"data":{"user":{"ID":96,"CreatedAt":"2023-06-25T14:27:36.534Z","UpdatedAt":"2023-06-25T14:27:36.534Z","DeletedAt":null,"nama":"Sean 1","foto_profile":"123","email":"sean1@gmail.com","password":"123456","no_telepon":"0811111111111","alamat":"Jl. 123"},"token":"eyJhbGciOiJIUzI1NiIsInR5cCI6IkpXVCJ9.eyJleHAiOjE2ODc3NzMwNDEsImlkIjo5NiwiaXNzIjoicXdlcnR5IiwibmFtZSI6IlNlYW4gMSJ9.A2Kf9HIt94hX5TZ_72NB_PsZoD6pIeJZMN0t_jnpkEY"},"message":"Login success","status":true}[\n]"
11:50:40.847 [main] DEBUG org.apache.http.impl.conn.BasicClientConnectionManager - Releasing connection org.apache.http.impl.conn.ManagedClientConnectionImpl@6a7fc4c1
11:50:40.847 [main] DEBUG org.apache.http.impl.conn.BasicClientConnectionManager - Connection can be kept alive indefinitely
11:50:40.854 [main] DEBUG net.thucydides.core.steps.StepInterceptor - STEP DONE: user send a HTTP request login in Cart in website
  &amp#27;[32mWhen &amp#27;[0m&amp#27;[32muser send a HTTP request login in cart in website&amp#27;[0m          &amp#27;[90m# starter.stepdefinitions.Mobile.CartSteps.userSendAHTTPRequestLoginInCartInWebsite()&amp#27;[0m
11:50:40.855 [main] DEBUG net.thucydides.core.steps.StepInterceptor - STARTING STEP: CartSteps.userSetTheDELETEApiEndpointCart - user set the DELETE api endpoint Cart
11:50:40.855 [main] DEBUG net.thucydides.core.steps.StepInterceptor - STEP DONE: user set the DELETE api endpoint Cart
  &amp#27;[32mAnd &amp#27;[0m&amp#27;[32muser set the DELETE api endpoint cart&amp#27;[0m                       &amp#27;[90m# starter.stepdefinitions.Mobile.CartSteps.userSetTheDELETEApiEndpointCart()&amp#27;[0m
11:50:40.856 [main] DEBUG net.thucydides.core.steps.StepInterceptor - STARTING STEP: CartSteps.userSentHTTPDELETERequestCartByID - user sent HTTP DELETE request Cart by ID
11:50:40.857 [main] DEBUG net.thucydides.core.steps.StepInterceptor - STARTING STEP: Cart.userSentHTTPDELETERequestCartByID - user set the DELETE api endpoint Cart
11:50:40.857 [main] DEBUG net.thucydides.core.steps.StepInterceptor - STEP DONE: user set the DELETE api endpoint Cart
11:50:40.859 [main] DEBUG org.apache.http.impl.conn.BasicClientConnectionManager - Get connection for route {}->http://167.172.66.247:8002
11:50:40.859 [main] DEBUG org.apache.http.impl.conn.DefaultClientConnectionOperator - Connecting to 167.172.66.247:8002
11:50:40.907 [main] DEBUG org.apache.http.client.protocol.RequestAddCookies - CookieSpec selected: ignoreCookies
11:50:40.907 [main] DEBUG org.apache.http.client.protocol.RequestAuthCache - Auth cache not set in the context
11:50:40.907 [main] DEBUG org.apache.http.client.protocol.RequestTargetAuthentication - Target auth state: UNCHALLENGED
11:50:40.907 [main] DEBUG org.apache.http.client.protocol.RequestProxyAuthentication - Proxy auth state: UNCHALLENGED
11:50:40.907 [main] DEBUG org.apache.http.impl.client.DefaultHttpClient - Attempt 1 to execute request
11:50:40.907 [main] DEBUG org.apache.http.impl.conn.DefaultClientConnection - Sending request: DELETE /keranjang/1 HTTP/1.1
11:50:40.907 [main] DEBUG org.apache.http.wire -  >> "DELETE /keranjang/1 HTTP/1.1[\r][\n]"
11:50:40.907 [main] DEBUG org.apache.http.wire -  >> "Accept: */*[\r][\n]"
11:50:40.907 [main] DEBUG org.apache.http.wire -  >> "Host: 167.172.66.247:8002[\r][\n]"
11:50:40.907 [main] DEBUG org.apache.http.wire -  >> "Connection: Keep-Alive[\r][\n]"
11:50:40.907 [main] DEBUG org.apache.http.wire -  >> "User-Agent: Apache-HttpClient/4.5.13 (Java/17.0.7)[\r][\n]"
11:50:40.907 [main] DEBUG org.apache.http.wire -  >> "Accept-Encoding: gzip,deflate[\r][\n]"
11:50:40.907 [main] DEBUG org.apache.http.wire -  >> "[\r][\n]"
11:50:40.907 [main] DEBUG org.apache.http.headers - >> DELETE /keranjang/1 HTTP/1.1
11:50:40.907 [main] DEBUG org.apache.http.headers - >> Accept: */*
11:50:40.907 [main] DEBUG org.apache.http.headers - >> Host: 167.172.66.247:8002
11:50:40.907 [main] DEBUG org.apache.http.headers - >> Connection: Keep-Alive
11:50:40.907 [main] DEBUG org.apache.http.headers - >> User-Agent: Apache-HttpClient/4.5.13 (Java/17.0.7)
11:50:40.907 [main] DEBUG org.apache.http.headers - >> Accept-Encoding: gzip,deflate
11:50:40.967 [main] DEBUG org.apache.http.wire -  << "HTTP/1.1 400 Bad Request[\r][\n]"
11:50:40.967 [main] DEBUG org.apache.http.wire -  << "Content-Type: application/json; charset=UTF-8[\r][\n]"
11:50:40.967 [main] DEBUG org.apache.http.wire -  << "Vary: Origin[\r][\n]"
11:50:40.967 [main] DEBUG org.apache.http.wire -  << "Date: Mon, 26 Jun 2023 04:50:41 GMT[\r][\n]"
11:50:40.967 [main] DEBUG org.apache.http.wire -  << "Content-Length: 39[\r][\n]"
11:50:40.967 [main] DEBUG org.apache.http.wire -  << "[\r][\n]"
11:50:40.967 [main] DEBUG org.apache.http.impl.conn.DefaultClientConnection - Receiving response: HTTP/1.1 400 Bad Request
11:50:40.967 [main] DEBUG org.apache.http.headers - << HTTP/1.1 400 Bad Request
11:50:40.967 [main] DEBUG org.apache.http.headers - << Content-Type: application/json; charset=UTF-8
11:50:40.967 [main] DEBUG org.apache.http.headers - << Vary: Origin
11:50:40.967 [main] DEBUG org.apache.http.headers - << Date: Mon, 26 Jun 2023 04:50:41 GMT
11:50:40.967 [main] DEBUG org.apache.http.headers - << Content-Length: 39
11:50:40.967 [main] DEBUG org.apache.http.impl.client.DefaultHttpClient - Connection can be kept alive indefinitely
11:50:40.967 [main] DEBUG io.restassured.internal.RestAssuredHttpBuilder - Parsing response as: application/json; charset=UTF-8
11:50:40.967 [main] DEBUG io.restassured.internal.RestAssuredHttpBuilder - Parsed data to instance of: class org.apache.http.conn.EofSensorInputStream
11:50:40.968 [main] DEBUG org.apache.http.wire -  << "{"message":"missing or malformed jwt"}[\n]"
11:50:40.968 [main] DEBUG org.apache.http.impl.conn.BasicClientConnectionManager - Releasing connection org.apache.http.impl.conn.ManagedClientConnectionImpl@450f0d89
11:50:40.968 [main] DEBUG org.apache.http.impl.conn.BasicClientConnectionManager - Connection can be kept alive indefinitely
11:50:40.968 [main] DEBUG net.thucydides.core.steps.StepInterceptor - STEP DONE: user sent HTTP DELETE request Cart by ID
  &amp#27;[32mAnd &amp#27;[0m&amp#27;[32muser sent HTTP DELETE request cart by ID&amp#27;[0m                    &amp#27;[90m# starter.stepdefinitions.Mobile.CartSteps.userSentHTTPDELETERequestCartByID()&amp#27;[0m
11:50:40.970 [main] DEBUG net.thucydides.core.steps.StepInterceptor - STARTING STEP: CartSteps.userReceiveAValidLoginAndCartHTTPResponseCode - user receive a valid login and Cart HTTP response code 200
11:50:40.971 [main] DEBUG net.thucydides.core.steps.StepInterceptor - STARTING STEP: Cart.userReceiveAValidLoginAndCartHTTPResponseCode200 - user set the POST api endpoint Cart
11:50:40.971 [main] DEBUG net.thucydides.core.steps.StepInterceptor - STEP DONE: user set the POST api endpoint Cart
11:50:40.975 [main] DEBUG org.apache.http.impl.conn.BasicClientConnectionManager - Get connection for route {}->http://167.172.66.247:8002
11:50:40.975 [main] DEBUG org.apache.http.impl.conn.DefaultClientConnectionOperator - Connecting to 167.172.66.247:8002
11:50:41.017 [main] DEBUG org.apache.http.client.protocol.RequestAddCookies - CookieSpec selected: ignoreCookies
11:50:41.017 [main] DEBUG org.apache.http.client.protocol.RequestAuthCache - Auth cache not set in the context
11:50:41.017 [main] DEBUG org.apache.http.client.protocol.RequestProxyAuthentication - Proxy auth state: UNCHALLENGED
11:50:41.017 [main] DEBUG org.apache.http.impl.client.DefaultHttpClient - Attempt 1 to execute request
11:50:41.017 [main] DEBUG org.apache.http.impl.conn.DefaultClientConnection - Sending request: GET /keranjang HTTP/1.1
11:50:41.017 [main] DEBUG org.apache.http.wire -  >> "GET /keranjang HTTP/1.1[\r][\n]"
11:50:41.017 [main] DEBUG org.apache.http.wire -  >> "Authorization: Bearer eyJhbGciOiJIUzI1NiIsInR5cCI6IkpXVCJ9.eyJleHAiOjE2ODc3NzMwNDEsImlkIjo5NiwiaXNzIjoicXdlcnR5IiwibmFtZSI6IlNlYW4gMSJ9.A2Kf9HIt94hX5TZ_72NB_PsZoD6pIeJZMN0t_jnpkEY[\r][\n]"
11:50:41.017 [main] DEBUG org.apache.http.wire -  >> "Accept: */*[\r][\n]"
11:50:41.017 [main] DEBUG org.apache.http.wire -  >> "Host: 167.172.66.247:8002[\r][\n]"
11:50:41.017 [main] DEBUG org.apache.http.wire -  >> "Connection: Keep-Alive[\r][\n]"
11:50:41.017 [main] DEBUG org.apache.http.wire -  >> "User-Agent: Apache-HttpClient/4.5.13 (Java/17.0.7)[\r][\n]"
11:50:41.017 [main] DEBUG org.apache.http.wire -  >> "Accept-Encoding: gzip,deflate[\r][\n]"
11:50:41.018 [main] DEBUG org.apache.http.wire -  >> "[\r][\n]"
11:50:41.018 [main] DEBUG org.apache.http.headers - >> GET /keranjang HTTP/1.1
11:50:41.018 [main] DEBUG org.apache.http.headers - >> Authorization: Bearer eyJhbGciOiJIUzI1NiIsInR5cCI6IkpXVCJ9.eyJleHAiOjE2ODc3NzMwNDEsImlkIjo5NiwiaXNzIjoicXdlcnR5IiwibmFtZSI6IlNlYW4gMSJ9.A2Kf9HIt94hX5TZ_72NB_PsZoD6pIeJZMN0t_jnpkEY
11:50:41.018 [main] DEBUG org.apache.http.headers - >> Accept: */*
11:50:41.018 [main] DEBUG org.apache.http.headers - >> Host: 167.172.66.247:8002
11:50:41.018 [main] DEBUG org.apache.http.headers - >> Connection: Keep-Alive
11:50:41.018 [main] DEBUG org.apache.http.headers - >> User-Agent: Apache-HttpClient/4.5.13 (Java/17.0.7)
11:50:41.018 [main] DEBUG org.apache.http.headers - >> Accept-Encoding: gzip,deflate
11:50:41.087 [main] DEBUG org.apache.http.wire -  << "HTTP/1.1 200 OK[\r][\n]"
11:50:41.087 [main] DEBUG org.apache.http.wire -  << "Content-Type: application/json; charset=UTF-8[\r][\n]"
11:50:41.087 [main] DEBUG org.apache.http.wire -  << "Vary: Origin[\r][\n]"
11:50:41.087 [main] DEBUG org.apache.http.wire -  << "Date: Mon, 26 Jun 2023 04:50:41 GMT[\r][\n]"
11:50:41.087 [main] DEBUG org.apache.http.wire -  << "Content-Length: 1409[\r][\n]"
11:50:41.087 [main] DEBUG org.apache.http.wire -  << "[\r][\n]"
11:50:41.087 [main] DEBUG org.apache.http.impl.conn.DefaultClientConnection - Receiving response: HTTP/1.1 200 OK
11:50:41.087 [main] DEBUG org.apache.http.headers - << HTTP/1.1 200 OK
11:50:41.088 [main] DEBUG org.apache.http.headers - << Content-Type: application/json; charset=UTF-8
11:50:41.088 [main] DEBUG org.apache.http.headers - << Vary: Origin
11:50:41.088 [main] DEBUG org.apache.http.headers - << Date: Mon, 26 Jun 2023 04:50:41 GMT
11:50:41.088 [main] DEBUG org.apache.http.headers - << Content-Length: 1409
11:50:41.088 [main] DEBUG org.apache.http.impl.client.DefaultHttpClient - Connection can be kept alive indefinitely
11:50:41.088 [main] DEBUG io.restassured.internal.RestAssuredHttpBuilder - Parsing response as: application/json; charset=UTF-8
11:50:41.088 [main] DEBUG io.restassured.internal.RestAssuredHttpBuilder - Parsed data to instance of: class org.apache.http.conn.EofSensorInputStream
11:50:41.090 [main] DEBUG org.apache.http.wire -  << "{"data":{"data":[{"ID":2,"CreatedAt":"2023-06-21T02:31:53.624Z","UpdatedAt":"2023-06-21T02:31:53.624Z","DeletedAt":null,"user_id":"2","produk_id":"1","jumlah":2},{"ID":3,"CreatedAt":"2023-06-21T02:32:55.069Z","UpdatedAt":"2023-06-21T02:32:55.069Z","DeletedAt":null,"user_id":"4","produk_id":"3","jumlah":1},{"ID":4,"CreatedAt":"2023-06-21T02:33:12.24Z","UpdatedAt":"2023-06-21T02:33:12.24Z","DeletedAt":null,"user_id":"4","produk_id":"7","jumlah":1},{"ID":5,"CreatedAt":"2023-06-21T02:33:26.618Z","UpdatedAt":"2023-06-21T02:33:26.618Z","DeletedAt":null,"user_id":"4","produk_id":"2","jumlah":1},{"ID":6,"CreatedAt":"2023-06-23T05:35:36.811Z","UpdatedAt":"2023-06-23T05:35:36.811Z","DeletedAt":null,"user_id":"2","produk_id":"1","jumlah":2},{"ID":7,"CreatedAt":"2023-06-23T06:16:25.785Z","UpdatedAt":"2023-06-23T06:16:25.785Z","DeletedAt":null,"user_id":"2","produk_id":"1","jumlah":2},{"ID":8,"CreatedAt":"2023-06-23T18:55:07.318Z","UpdatedAt":"2023-06-23T18:55:07.318Z","DeletedAt":null,"user_id":"2","produk_id":"1","jumlah":2},{"ID":9,"CreatedAt":"2023-06-24T06:00:36Z","UpdatedAt":"2023-06-24T06:00:36Z","DeletedAt":null,"user_id":"2","produk_id":"1","jumlah":2},{"ID":10,"CreatedAt":"2023-06-25T17:53:00.862Z","UpdatedAt":"2023-06-25T17:53:00.862Z","DeletedAt":null,"user_id":"101","produk_id":"5","jumlah":1}],"data_shown":9,"page":1,"total_data":9},"message":"Get all Keranjang success","status":true}[\n]"
11:50:41.090 [main] DEBUG org.apache.http.impl.conn.BasicClientConnectionManager - Releasing connection org.apache.http.impl.conn.ManagedClientConnectionImpl@7c8f803d
11:50:41.090 [main] DEBUG org.apache.http.impl.conn.BasicClientConnectionManager - Connection can be kept alive indefinitely
11:50:41.093 [main] DEBUG net.thucydides.core.steps.StepInterceptor - STEP DONE: user receive a valid login and Cart HTTP response code 200
  &amp#27;[32mThen &amp#27;[0m&amp#27;[32muser receive a valid login and cart HTTP response code &amp#27;[0m&amp#27;[32m&amp#27;[1m200&amp#27;[0m &amp#27;[90m# starter.stepdefinitions.Mobile.CartSteps.userReceiveAValidLoginAndCartHTTPResponseCode(int)&amp#27;[0m
11:50:41.095 [main] INFO  - 
  _____   ___   ___   _____     ___     _     ___   ___   ___   ___  
 |_   _| | __| / __| |_   _|   | _ \   /_\   / __| / __| | __| |   \ 
   | |   | _|  \__ \   | |     |  _/  / _ \  \__ \ \__ \ | _|  | |) |
   |_|   |___| |___/   |_|     |_|   /_/ \_\ |___/ |___/ |___| |___/ 

As user, I can delete cart data by ID
----------------------------------------------------------------------
]]></system-out>
  </testcase>
  <testcase name="As user I want to create new category" classname="As user, I want to create, put, delete and get category and category by ID" time="0.351">
    <system-out><![CDATA[11:50:41.096 [main] INFO io.cucumber.core.plugin.SerenityReporter - Running feature from file:///Users/macbookpro/Documents/Capstone_API_CI/src/test/resources/Feature/Api/Mobile/Category.feature
11:50:41.096 [main] WARN io.cucumber.core.plugin.SerenityReporter - Feature from file:///Users/macbookpro/Documents/Capstone_API_CI/src/test/resources/Feature/Api/Mobile/Category.feature is not under the 'features' directory. Requirements report will not be correctly generated!
11:50:41.098 [main] DEBUG net.thucydides.core.steps.StepEventBus - Test suite started for story net.thucydides.core.model.Story@8a241bce
11:50:41.098 [main] INFO  - Test Suite Started: As user, I want to create, put, delete and get category and category by ID

@TCCATEGORY05
Scenario: As user I want to create new category                       &amp#27;[90m# src/test/resources/Feature/Api/Mobile/Category.feature:4&amp#27;[0m
11:50:41.108 [main] INFO io.cucumber.core.plugin.SerenityReporter - Running feature from file:///Users/macbookpro/Documents/Capstone_API_CI/src/test/resources/Feature/Api/Mobile/Category.feature
11:50:41.108 [main] WARN io.cucumber.core.plugin.SerenityReporter - Feature from file:///Users/macbookpro/Documents/Capstone_API_CI/src/test/resources/Feature/Api/Mobile/Category.feature is not under the 'features' directory. Requirements report will not be correctly generated!
11:50:41.109 [main] INFO  - 
  _____   ___   ___   _____     ___   _____     _     ___   _____   ___   ___  
 |_   _| | __| / __| |_   _|   / __| |_   _|   /_\   | _ \ |_   _| | __| |   \ 
   | |   | _|  \__ \   | |     \__ \   | |    / _ \  |   /   | |   | _|  | |) |
   |_|   |___| |___/   |_|     |___/   |_|   /_/ \_\ |_|_\   |_|   |___| |___/ 

As user I want to create new category(as-user--i-want-to-create--put--delete-and-get-category-and-category-by-id;as-user-i-want-to-create-new-category)
--------------------------------------------------------------------------------
11:50:41.118 [main] DEBUG net.thucydides.core.steps.StepInterceptor - STARTING STEP: CategorySteps.userSetUpApiEndpointLoginInCategoryInWebsite - user set up api endpoint login in category in website
11:50:41.118 [main] DEBUG net.thucydides.core.steps.StepInterceptor - STEP DONE: user set up api endpoint login in category in website
  &amp#27;[32mGiven &amp#27;[0m&amp#27;[32muser set up api endpoint login in category in website&amp#27;[0m         &amp#27;[90m# starter.stepdefinitions.Mobile.CategorySteps.userSetUpApiEndpointLoginInCategoryInWebsite()&amp#27;[0m
11:50:41.119 [main] DEBUG net.thucydides.core.steps.StepInterceptor - STARTING STEP: CategorySteps.userSendAHTTPRequestLoginInCategoryInWebsite - user send a HTTP request login in category in website
11:50:41.119 [main] DEBUG net.thucydides.core.steps.StepInterceptor - STARTING STEP: Category.userSendAHTTPRequestLoginInCategoryInWebsite - user set up api endpoint login in category in website
11:50:41.119 [main] DEBUG net.thucydides.core.steps.StepInterceptor - STEP DONE: user set up api endpoint login in category in website
11:50:41.122 [main] DEBUG org.apache.http.impl.conn.BasicClientConnectionManager - Get connection for route {}->http://167.172.66.247:8002
11:50:41.122 [main] DEBUG org.apache.http.impl.conn.DefaultClientConnectionOperator - Connecting to 167.172.66.247:8002
11:50:41.159 [main] DEBUG org.apache.http.client.protocol.RequestAddCookies - CookieSpec selected: ignoreCookies
11:50:41.159 [main] DEBUG org.apache.http.client.protocol.RequestAuthCache - Auth cache not set in the context
11:50:41.159 [main] DEBUG org.apache.http.client.protocol.RequestTargetAuthentication - Target auth state: UNCHALLENGED
11:50:41.159 [main] DEBUG org.apache.http.client.protocol.RequestProxyAuthentication - Proxy auth state: UNCHALLENGED
11:50:41.159 [main] DEBUG org.apache.http.impl.client.DefaultHttpClient - Attempt 1 to execute request
11:50:41.159 [main] DEBUG org.apache.http.impl.conn.DefaultClientConnection - Sending request: POST /user_login HTTP/1.1
11:50:41.159 [main] DEBUG org.apache.http.wire -  >> "POST /user_login HTTP/1.1[\r][\n]"
11:50:41.159 [main] DEBUG org.apache.http.wire -  >> "Accept: */*[\r][\n]"
11:50:41.159 [main] DEBUG org.apache.http.wire -  >> "Content-Type: application/json[\r][\n]"
11:50:41.159 [main] DEBUG org.apache.http.wire -  >> "Content-Length: 47[\r][\n]"
11:50:41.159 [main] DEBUG org.apache.http.wire -  >> "Host: 167.172.66.247:8002[\r][\n]"
11:50:41.159 [main] DEBUG org.apache.http.wire -  >> "Connection: Keep-Alive[\r][\n]"
11:50:41.159 [main] DEBUG org.apache.http.wire -  >> "User-Agent: Apache-HttpClient/4.5.13 (Java/17.0.7)[\r][\n]"
11:50:41.159 [main] DEBUG org.apache.http.wire -  >> "Accept-Encoding: gzip,deflate[\r][\n]"
11:50:41.159 [main] DEBUG org.apache.http.wire -  >> "[\r][\n]"
11:50:41.159 [main] DEBUG org.apache.http.headers - >> POST /user_login HTTP/1.1
11:50:41.159 [main] DEBUG org.apache.http.headers - >> Accept: */*
11:50:41.159 [main] DEBUG org.apache.http.headers - >> Content-Type: application/json
11:50:41.159 [main] DEBUG org.apache.http.headers - >> Content-Length: 47
11:50:41.159 [main] DEBUG org.apache.http.headers - >> Host: 167.172.66.247:8002
11:50:41.159 [main] DEBUG org.apache.http.headers - >> Connection: Keep-Alive
11:50:41.159 [main] DEBUG org.apache.http.headers - >> User-Agent: Apache-HttpClient/4.5.13 (Java/17.0.7)
11:50:41.159 [main] DEBUG org.apache.http.headers - >> Accept-Encoding: gzip,deflate
11:50:41.159 [main] DEBUG org.apache.http.wire -  >> "{"password":"123456","email":"sean1@gmail.com"}"
11:50:41.217 [main] DEBUG org.apache.http.wire -  << "HTTP/1.1 200 OK[\r][\n]"
11:50:41.217 [main] DEBUG org.apache.http.wire -  << "Content-Type: application/json; charset=UTF-8[\r][\n]"
11:50:41.217 [main] DEBUG org.apache.http.wire -  << "Vary: Origin[\r][\n]"
11:50:41.217 [main] DEBUG org.apache.http.wire -  << "Date: Mon, 26 Jun 2023 04:50:41 GMT[\r][\n]"
11:50:41.217 [main] DEBUG org.apache.http.wire -  << "Content-Length: 462[\r][\n]"
11:50:41.217 [main] DEBUG org.apache.http.wire -  << "[\r][\n]"
11:50:41.217 [main] DEBUG org.apache.http.impl.conn.DefaultClientConnection - Receiving response: HTTP/1.1 200 OK
11:50:41.217 [main] DEBUG org.apache.http.headers - << HTTP/1.1 200 OK
11:50:41.217 [main] DEBUG org.apache.http.headers - << Content-Type: application/json; charset=UTF-8
11:50:41.217 [main] DEBUG org.apache.http.headers - << Vary: Origin
11:50:41.217 [main] DEBUG org.apache.http.headers - << Date: Mon, 26 Jun 2023 04:50:41 GMT
11:50:41.217 [main] DEBUG org.apache.http.headers - << Content-Length: 462
11:50:41.217 [main] DEBUG org.apache.http.impl.client.DefaultHttpClient - Connection can be kept alive indefinitely
11:50:41.217 [main] DEBUG io.restassured.internal.RestAssuredHttpBuilder - Parsing response as: application/json; charset=UTF-8
11:50:41.217 [main] DEBUG io.restassured.internal.RestAssuredHttpBuilder - Parsed data to instance of: class org.apache.http.conn.EofSensorInputStream
11:50:41.218 [main] DEBUG org.apache.http.wire -  << "{"data":{"user":{"ID":96,"CreatedAt":"2023-06-25T14:27:36.534Z","UpdatedAt":"2023-06-25T14:27:36.534Z","DeletedAt":null,"nama":"Sean 1","foto_profile":"123","email":"sean1@gmail.com","password":"123456","no_telepon":"0811111111111","alamat":"Jl. 123"},"token":"eyJhbGciOiJIUzI1NiIsInR5cCI6IkpXVCJ9.eyJleHAiOjE2ODc3NzMwNDEsImlkIjo5NiwiaXNzIjoicXdlcnR5IiwibmFtZSI6IlNlYW4gMSJ9.A2Kf9HIt94hX5TZ_72NB_PsZoD6pIeJZMN0t_jnpkEY"},"message":"Login success","status":true}[\n]"
11:50:41.218 [main] DEBUG org.apache.http.impl.conn.BasicClientConnectionManager - Releasing connection org.apache.http.impl.conn.ManagedClientConnectionImpl@14c18a6a
11:50:41.218 [main] DEBUG org.apache.http.impl.conn.BasicClientConnectionManager - Connection can be kept alive indefinitely
11:50:41.223 [main] DEBUG net.thucydides.core.steps.StepInterceptor - STEP DONE: user send a HTTP request login in category in website
  &amp#27;[32mWhen &amp#27;[0m&amp#27;[32muser send a HTTP request login in category in website&amp#27;[0m          &amp#27;[90m# starter.stepdefinitions.Mobile.CategorySteps.userSendAHTTPRequestLoginInCategoryInWebsite()&amp#27;[0m
11:50:41.224 [main] DEBUG net.thucydides.core.steps.StepInterceptor - STARTING STEP: CategorySteps.userSetThePOSTApiEndpointCategory - user set the POST api endpoint category
11:50:41.224 [main] DEBUG net.thucydides.core.steps.StepInterceptor - STEP DONE: user set the POST api endpoint category
  &amp#27;[32mAnd &amp#27;[0m&amp#27;[32muser set the POST api endpoint category&amp#27;[0m                         &amp#27;[90m# starter.stepdefinitions.Mobile.CategorySteps.userSetThePOSTApiEndpointCategory()&amp#27;[0m
11:50:41.225 [main] DEBUG net.thucydides.core.steps.StepInterceptor - STARTING STEP: CategorySteps.userSentHTTPPOSTRequestPostCategory - user sent HTTP POST request post category
11:50:41.225 [main] DEBUG net.thucydides.core.steps.StepInterceptor - STARTING STEP: Category.userSentHTTPPOSTRequestPostCategory - user set the POST api endpoint category
11:50:41.225 [main] DEBUG net.thucydides.core.steps.StepInterceptor - STEP DONE: user set the POST api endpoint category
11:50:41.227 [main] DEBUG org.apache.http.impl.conn.BasicClientConnectionManager - Get connection for route {}->http://167.172.66.247:8002
11:50:41.227 [main] DEBUG org.apache.http.impl.conn.DefaultClientConnectionOperator - Connecting to 167.172.66.247:8002
11:50:41.267 [main] DEBUG org.apache.http.client.protocol.RequestAddCookies - CookieSpec selected: ignoreCookies
11:50:41.267 [main] DEBUG org.apache.http.client.protocol.RequestAuthCache - Auth cache not set in the context
11:50:41.267 [main] DEBUG org.apache.http.client.protocol.RequestTargetAuthentication - Target auth state: UNCHALLENGED
11:50:41.267 [main] DEBUG org.apache.http.client.protocol.RequestProxyAuthentication - Proxy auth state: UNCHALLENGED
11:50:41.267 [main] DEBUG org.apache.http.impl.client.DefaultHttpClient - Attempt 1 to execute request
11:50:41.267 [main] DEBUG org.apache.http.impl.conn.DefaultClientConnection - Sending request: POST /kategori_produk HTTP/1.1
11:50:41.267 [main] DEBUG org.apache.http.wire -  >> "POST /kategori_produk HTTP/1.1[\r][\n]"
11:50:41.267 [main] DEBUG org.apache.http.wire -  >> "Accept: */*[\r][\n]"
11:50:41.267 [main] DEBUG org.apache.http.wire -  >> "Content-Type: application/json[\r][\n]"
11:50:41.267 [main] DEBUG org.apache.http.wire -  >> "Content-Length: 53[\r][\n]"
11:50:41.267 [main] DEBUG org.apache.http.wire -  >> "Host: 167.172.66.247:8002[\r][\n]"
11:50:41.267 [main] DEBUG org.apache.http.wire -  >> "Connection: Keep-Alive[\r][\n]"
11:50:41.267 [main] DEBUG org.apache.http.wire -  >> "User-Agent: Apache-HttpClient/4.5.13 (Java/17.0.7)[\r][\n]"
11:50:41.267 [main] DEBUG org.apache.http.wire -  >> "Accept-Encoding: gzip,deflate[\r][\n]"
11:50:41.267 [main] DEBUG org.apache.http.wire -  >> "[\r][\n]"
11:50:41.267 [main] DEBUG org.apache.http.headers - >> POST /kategori_produk HTTP/1.1
11:50:41.267 [main] DEBUG org.apache.http.headers - >> Accept: */*
11:50:41.267 [main] DEBUG org.apache.http.headers - >> Content-Type: application/json
11:50:41.267 [main] DEBUG org.apache.http.headers - >> Content-Length: 53
11:50:41.267 [main] DEBUG org.apache.http.headers - >> Host: 167.172.66.247:8002
11:50:41.267 [main] DEBUG org.apache.http.headers - >> Connection: Keep-Alive
11:50:41.267 [main] DEBUG org.apache.http.headers - >> User-Agent: Apache-HttpClient/4.5.13 (Java/17.0.7)
11:50:41.267 [main] DEBUG org.apache.http.headers - >> Accept-Encoding: gzip,deflate
11:50:41.267 [main] DEBUG org.apache.http.wire -  >> "{"nama":"Kerajinan Tangan","deskripsi":"Patung Naga"}"
11:50:41.347 [main] DEBUG org.apache.http.wire -  << "HTTP/1.1 400 Bad Request[\r][\n]"
11:50:41.347 [main] DEBUG org.apache.http.wire -  << "Content-Type: application/json; charset=UTF-8[\r][\n]"
11:50:41.347 [main] DEBUG org.apache.http.wire -  << "Vary: Origin[\r][\n]"
11:50:41.347 [main] DEBUG org.apache.http.wire -  << "Date: Mon, 26 Jun 2023 04:50:41 GMT[\r][\n]"
11:50:41.347 [main] DEBUG org.apache.http.wire -  << "Content-Length: 39[\r][\n]"
11:50:41.347 [main] DEBUG org.apache.http.wire -  << "[\r][\n]"
11:50:41.347 [main] DEBUG org.apache.http.impl.conn.DefaultClientConnection - Receiving response: HTTP/1.1 400 Bad Request
11:50:41.347 [main] DEBUG org.apache.http.headers - << HTTP/1.1 400 Bad Request
11:50:41.347 [main] DEBUG org.apache.http.headers - << Content-Type: application/json; charset=UTF-8
11:50:41.347 [main] DEBUG org.apache.http.headers - << Vary: Origin
11:50:41.347 [main] DEBUG org.apache.http.headers - << Date: Mon, 26 Jun 2023 04:50:41 GMT
11:50:41.347 [main] DEBUG org.apache.http.headers - << Content-Length: 39
11:50:41.347 [main] DEBUG org.apache.http.impl.client.DefaultHttpClient - Connection can be kept alive indefinitely
11:50:41.347 [main] DEBUG io.restassured.internal.RestAssuredHttpBuilder - Parsing response as: application/json; charset=UTF-8
11:50:41.347 [main] DEBUG io.restassured.internal.RestAssuredHttpBuilder - Parsed data to instance of: class org.apache.http.conn.EofSensorInputStream
11:50:41.347 [main] DEBUG org.apache.http.wire -  << "{"message":"missing or malformed jwt"}[\n]"
11:50:41.347 [main] DEBUG org.apache.http.impl.conn.BasicClientConnectionManager - Releasing connection org.apache.http.impl.conn.ManagedClientConnectionImpl@169d1f92
11:50:41.347 [main] DEBUG org.apache.http.impl.conn.BasicClientConnectionManager - Connection can be kept alive indefinitely
11:50:41.347 [main] DEBUG net.thucydides.core.steps.StepInterceptor - STEP DONE: user sent HTTP POST request post category
  &amp#27;[32mAnd &amp#27;[0m&amp#27;[32muser sent HTTP POST request post category&amp#27;[0m                       &amp#27;[90m# starter.stepdefinitions.Mobile.CategorySteps.userSentHTTPPOSTRequestPostCategory()&amp#27;[0m
11:50:41.348 [main] DEBUG net.thucydides.core.steps.StepInterceptor - STARTING STEP: CategorySteps.userReceiveAValidLoginAndCategoryHTTPResponseCode - user receive a valid login and category HTTP response code 200
11:50:41.349 [main] DEBUG net.thucydides.core.steps.StepInterceptor - STARTING STEP: Category.userReceiveAValidLoginAndCategoryHTTPResponseCode200 - user set the POST api endpoint category
11:50:41.349 [main] DEBUG net.thucydides.core.steps.StepInterceptor - STEP DONE: user set the POST api endpoint category
11:50:41.351 [main] DEBUG org.apache.http.impl.conn.BasicClientConnectionManager - Get connection for route {}->http://167.172.66.247:8002
11:50:41.351 [main] DEBUG org.apache.http.impl.conn.DefaultClientConnectionOperator - Connecting to 167.172.66.247:8002
11:50:41.387 [main] DEBUG org.apache.http.client.protocol.RequestAddCookies - CookieSpec selected: ignoreCookies
11:50:41.387 [main] DEBUG org.apache.http.client.protocol.RequestAuthCache - Auth cache not set in the context
11:50:41.387 [main] DEBUG org.apache.http.client.protocol.RequestProxyAuthentication - Proxy auth state: UNCHALLENGED
11:50:41.387 [main] DEBUG org.apache.http.impl.client.DefaultHttpClient - Attempt 1 to execute request
11:50:41.387 [main] DEBUG org.apache.http.impl.conn.DefaultClientConnection - Sending request: GET /kategori_produk HTTP/1.1
11:50:41.387 [main] DEBUG org.apache.http.wire -  >> "GET /kategori_produk HTTP/1.1[\r][\n]"
11:50:41.387 [main] DEBUG org.apache.http.wire -  >> "Authorization: Bearer eyJhbGciOiJIUzI1NiIsInR5cCI6IkpXVCJ9.eyJleHAiOjE2ODc3NzMwNDEsImlkIjo5NiwiaXNzIjoicXdlcnR5IiwibmFtZSI6IlNlYW4gMSJ9.A2Kf9HIt94hX5TZ_72NB_PsZoD6pIeJZMN0t_jnpkEY[\r][\n]"
11:50:41.387 [main] DEBUG org.apache.http.wire -  >> "Accept: */*[\r][\n]"
11:50:41.387 [main] DEBUG org.apache.http.wire -  >> "Host: 167.172.66.247:8002[\r][\n]"
11:50:41.387 [main] DEBUG org.apache.http.wire -  >> "Connection: Keep-Alive[\r][\n]"
11:50:41.387 [main] DEBUG org.apache.http.wire -  >> "User-Agent: Apache-HttpClient/4.5.13 (Java/17.0.7)[\r][\n]"
11:50:41.387 [main] DEBUG org.apache.http.wire -  >> "Accept-Encoding: gzip,deflate[\r][\n]"
11:50:41.387 [main] DEBUG org.apache.http.wire -  >> "[\r][\n]"
11:50:41.387 [main] DEBUG org.apache.http.headers - >> GET /kategori_produk HTTP/1.1
11:50:41.387 [main] DEBUG org.apache.http.headers - >> Authorization: Bearer eyJhbGciOiJIUzI1NiIsInR5cCI6IkpXVCJ9.eyJleHAiOjE2ODc3NzMwNDEsImlkIjo5NiwiaXNzIjoicXdlcnR5IiwibmFtZSI6IlNlYW4gMSJ9.A2Kf9HIt94hX5TZ_72NB_PsZoD6pIeJZMN0t_jnpkEY
11:50:41.387 [main] DEBUG org.apache.http.headers - >> Accept: */*
11:50:41.387 [main] DEBUG org.apache.http.headers - >> Host: 167.172.66.247:8002
11:50:41.387 [main] DEBUG org.apache.http.headers - >> Connection: Keep-Alive
11:50:41.387 [main] DEBUG org.apache.http.headers - >> User-Agent: Apache-HttpClient/4.5.13 (Java/17.0.7)
11:50:41.387 [main] DEBUG org.apache.http.headers - >> Accept-Encoding: gzip,deflate
11:50:41.446 [main] DEBUG org.apache.http.wire -  << "HTTP/1.1 200 OK[\r][\n]"
11:50:41.446 [main] DEBUG org.apache.http.wire -  << "Content-Type: application/json; charset=UTF-8[\r][\n]"
11:50:41.446 [main] DEBUG org.apache.http.wire -  << "Vary: Origin[\r][\n]"
11:50:41.446 [main] DEBUG org.apache.http.wire -  << "Date: Mon, 26 Jun 2023 04:50:41 GMT[\r][\n]"
11:50:41.446 [main] DEBUG org.apache.http.wire -  << "Content-Length: 966[\r][\n]"
11:50:41.446 [main] DEBUG org.apache.http.wire -  << "[\r][\n]"
11:50:41.446 [main] DEBUG org.apache.http.impl.conn.DefaultClientConnection - Receiving response: HTTP/1.1 200 OK
11:50:41.446 [main] DEBUG org.apache.http.headers - << HTTP/1.1 200 OK
11:50:41.446 [main] DEBUG org.apache.http.headers - << Content-Type: application/json; charset=UTF-8
11:50:41.446 [main] DEBUG org.apache.http.headers - << Vary: Origin
11:50:41.446 [main] DEBUG org.apache.http.headers - << Date: Mon, 26 Jun 2023 04:50:41 GMT
11:50:41.446 [main] DEBUG org.apache.http.headers - << Content-Length: 966
11:50:41.446 [main] DEBUG org.apache.http.impl.client.DefaultHttpClient - Connection can be kept alive indefinitely
11:50:41.446 [main] DEBUG io.restassured.internal.RestAssuredHttpBuilder - Parsing response as: application/json; charset=UTF-8
11:50:41.446 [main] DEBUG io.restassured.internal.RestAssuredHttpBuilder - Parsed data to instance of: class org.apache.http.conn.EofSensorInputStream
11:50:41.447 [main] DEBUG org.apache.http.wire -  << "{"data":{"data":[{"ID":34,"CreatedAt":"2023-06-25T14:17:38.826Z","UpdatedAt":"2023-06-25T14:46:59.631Z","DeletedAt":null,"nama":"Patung","deskripsi":"Patung ciri khas bali"},{"ID":35,"CreatedAt":"2023-06-25T15:52:54.596Z","UpdatedAt":"2023-06-25T15:52:54.596Z","DeletedAt":null,"nama":"Celana Chino","deskripsi":"Tersedia size 27, 28, 29 dan 30"},{"ID":36,"CreatedAt":"2023-06-25T16:33:33.249Z","UpdatedAt":"2023-06-25T16:33:33.249Z","DeletedAt":null,"nama":"Celana Chino","deskripsi":"Tersedia size 27, 28, 29 dan 30"},{"ID":37,"CreatedAt":"2023-06-25T16:39:42.634Z","UpdatedAt":"2023-06-25T16:39:42.634Z","DeletedAt":null,"nama":"Celana Chino","deskripsi":"Tersedia size 27, 28, 29 dan 30"},{"ID":38,"CreatedAt":"2023-06-25T16:47:20.818Z","UpdatedAt":"2023-06-25T16:47:20.818Z","DeletedAt":null,"nama":"Celana Chino","deskripsi":"Tersedia size 27, 28, 29 dan 30"}],"data_shown":5,"page":1,"total_data":5},"message":"Get all Kategori Produk success","status":true}[\n]"
11:50:41.447 [main] DEBUG org.apache.http.impl.conn.BasicClientConnectionManager - Releasing connection org.apache.http.impl.conn.ManagedClientConnectionImpl@673605ef
11:50:41.447 [main] DEBUG org.apache.http.impl.conn.BasicClientConnectionManager - Connection can be kept alive indefinitely
11:50:41.448 [main] DEBUG net.thucydides.core.steps.StepInterceptor - STEP DONE: user receive a valid login and category HTTP response code 200
  &amp#27;[32mThen &amp#27;[0m&amp#27;[32muser receive a valid login and category HTTP response code &amp#27;[0m&amp#27;[32m&amp#27;[1m200&amp#27;[0m &amp#27;[90m# starter.stepdefinitions.Mobile.CategorySteps.userReceiveAValidLoginAndCategoryHTTPResponseCode(int)&amp#27;[0m
11:50:41.449 [main] INFO  - 
  _____   ___   ___   _____     ___     _     ___   ___   ___   ___  
 |_   _| | __| / __| |_   _|   | _ \   /_\   / __| / __| | __| |   \ 
   | |   | _|  \__ \   | |     |  _/  / _ \  \__ \ \__ \ | _|  | |) |
   |_|   |___| |___/   |_|     |_|   /_/ \_\ |___/ |___/ |___| |___/ 

As user I want to create new category
----------------------------------------------------------------------
]]></system-out>
  </testcase>
  <testcase name="As user I can get all category data" classname="As user, I want to create, put, delete and get category and category by ID" time="0.329">
    <system-out><![CDATA[
@TCCATEGORY06
Scenario: As user I can get all category data                         &amp#27;[90m# src/test/resources/Feature/Api/Mobile/Category.feature:13&amp#27;[0m
11:50:41.457 [main] INFO io.cucumber.core.plugin.SerenityReporter - Running feature from file:///Users/macbookpro/Documents/Capstone_API_CI/src/test/resources/Feature/Api/Mobile/Category.feature
11:50:41.457 [main] WARN io.cucumber.core.plugin.SerenityReporter - Feature from file:///Users/macbookpro/Documents/Capstone_API_CI/src/test/resources/Feature/Api/Mobile/Category.feature is not under the 'features' directory. Requirements report will not be correctly generated!
11:50:41.458 [main] INFO  - 
  _____   ___   ___   _____     ___   _____     _     ___   _____   ___   ___  
 |_   _| | __| / __| |_   _|   / __| |_   _|   /_\   | _ \ |_   _| | __| |   \ 
   | |   | _|  \__ \   | |     \__ \   | |    / _ \  |   /   | |   | _|  | |) |
   |_|   |___| |___/   |_|     |___/   |_|   /_/ \_\ |_|_\   |_|   |___| |___/ 

As user I can get all category data(as-user--i-want-to-create--put--delete-and-get-category-and-category-by-id;as-user-i-can-get-all-category-data)
--------------------------------------------------------------------------------
11:50:41.460 [main] DEBUG net.thucydides.core.steps.StepInterceptor - STARTING STEP: CategorySteps.userSetUpApiEndpointLoginInCategoryInWebsite - user set up api endpoint login in category in website
11:50:41.460 [main] DEBUG net.thucydides.core.steps.StepInterceptor - STEP DONE: user set up api endpoint login in category in website
  &amp#27;[32mGiven &amp#27;[0m&amp#27;[32muser set up api endpoint login in category in website&amp#27;[0m         &amp#27;[90m# starter.stepdefinitions.Mobile.CategorySteps.userSetUpApiEndpointLoginInCategoryInWebsite()&amp#27;[0m
11:50:41.461 [main] DEBUG net.thucydides.core.steps.StepInterceptor - STARTING STEP: CategorySteps.userSendAHTTPRequestLoginInCategoryInWebsite - user send a HTTP request login in category in website
11:50:41.462 [main] DEBUG net.thucydides.core.steps.StepInterceptor - STARTING STEP: Category.userSendAHTTPRequestLoginInCategoryInWebsite - user set up api endpoint login in category in website
11:50:41.462 [main] DEBUG net.thucydides.core.steps.StepInterceptor - STEP DONE: user set up api endpoint login in category in website
11:50:41.464 [main] DEBUG org.apache.http.impl.conn.BasicClientConnectionManager - Get connection for route {}->http://167.172.66.247:8002
11:50:41.464 [main] DEBUG org.apache.http.impl.conn.DefaultClientConnectionOperator - Connecting to 167.172.66.247:8002
11:50:41.497 [main] DEBUG org.apache.http.client.protocol.RequestAddCookies - CookieSpec selected: ignoreCookies
11:50:41.497 [main] DEBUG org.apache.http.client.protocol.RequestAuthCache - Auth cache not set in the context
11:50:41.497 [main] DEBUG org.apache.http.client.protocol.RequestTargetAuthentication - Target auth state: UNCHALLENGED
11:50:41.497 [main] DEBUG org.apache.http.client.protocol.RequestProxyAuthentication - Proxy auth state: UNCHALLENGED
11:50:41.497 [main] DEBUG org.apache.http.impl.client.DefaultHttpClient - Attempt 1 to execute request
11:50:41.497 [main] DEBUG org.apache.http.impl.conn.DefaultClientConnection - Sending request: POST /user_login HTTP/1.1
11:50:41.497 [main] DEBUG org.apache.http.wire -  >> "POST /user_login HTTP/1.1[\r][\n]"
11:50:41.497 [main] DEBUG org.apache.http.wire -  >> "Accept: */*[\r][\n]"
11:50:41.497 [main] DEBUG org.apache.http.wire -  >> "Content-Type: application/json[\r][\n]"
11:50:41.497 [main] DEBUG org.apache.http.wire -  >> "Content-Length: 47[\r][\n]"
11:50:41.497 [main] DEBUG org.apache.http.wire -  >> "Host: 167.172.66.247:8002[\r][\n]"
11:50:41.497 [main] DEBUG org.apache.http.wire -  >> "Connection: Keep-Alive[\r][\n]"
11:50:41.497 [main] DEBUG org.apache.http.wire -  >> "User-Agent: Apache-HttpClient/4.5.13 (Java/17.0.7)[\r][\n]"
11:50:41.497 [main] DEBUG org.apache.http.wire -  >> "Accept-Encoding: gzip,deflate[\r][\n]"
11:50:41.497 [main] DEBUG org.apache.http.wire -  >> "[\r][\n]"
11:50:41.497 [main] DEBUG org.apache.http.headers - >> POST /user_login HTTP/1.1
11:50:41.497 [main] DEBUG org.apache.http.headers - >> Accept: */*
11:50:41.497 [main] DEBUG org.apache.http.headers - >> Content-Type: application/json
11:50:41.497 [main] DEBUG org.apache.http.headers - >> Content-Length: 47
11:50:41.497 [main] DEBUG org.apache.http.headers - >> Host: 167.172.66.247:8002
11:50:41.497 [main] DEBUG org.apache.http.headers - >> Connection: Keep-Alive
11:50:41.497 [main] DEBUG org.apache.http.headers - >> User-Agent: Apache-HttpClient/4.5.13 (Java/17.0.7)
11:50:41.497 [main] DEBUG org.apache.http.headers - >> Accept-Encoding: gzip,deflate
11:50:41.497 [main] DEBUG org.apache.http.wire -  >> "{"password":"123456","email":"sean1@gmail.com"}"
11:50:41.569 [main] DEBUG org.apache.http.wire -  << "HTTP/1.1 200 OK[\r][\n]"
11:50:41.569 [main] DEBUG org.apache.http.wire -  << "Content-Type: application/json; charset=UTF-8[\r][\n]"
11:50:41.569 [main] DEBUG org.apache.http.wire -  << "Vary: Origin[\r][\n]"
11:50:41.569 [main] DEBUG org.apache.http.wire -  << "Date: Mon, 26 Jun 2023 04:50:41 GMT[\r][\n]"
11:50:41.569 [main] DEBUG org.apache.http.wire -  << "Content-Length: 462[\r][\n]"
11:50:41.569 [main] DEBUG org.apache.http.wire -  << "[\r][\n]"
11:50:41.569 [main] DEBUG org.apache.http.impl.conn.DefaultClientConnection - Receiving response: HTTP/1.1 200 OK
11:50:41.569 [main] DEBUG org.apache.http.headers - << HTTP/1.1 200 OK
11:50:41.569 [main] DEBUG org.apache.http.headers - << Content-Type: application/json; charset=UTF-8
11:50:41.569 [main] DEBUG org.apache.http.headers - << Vary: Origin
11:50:41.569 [main] DEBUG org.apache.http.headers - << Date: Mon, 26 Jun 2023 04:50:41 GMT
11:50:41.569 [main] DEBUG org.apache.http.headers - << Content-Length: 462
11:50:41.569 [main] DEBUG org.apache.http.impl.client.DefaultHttpClient - Connection can be kept alive indefinitely
11:50:41.569 [main] DEBUG io.restassured.internal.RestAssuredHttpBuilder - Parsing response as: application/json; charset=UTF-8
11:50:41.569 [main] DEBUG io.restassured.internal.RestAssuredHttpBuilder - Parsed data to instance of: class org.apache.http.conn.EofSensorInputStream
11:50:41.570 [main] DEBUG org.apache.http.wire -  << "{"data":{"user":{"ID":96,"CreatedAt":"2023-06-25T14:27:36.534Z","UpdatedAt":"2023-06-25T14:27:36.534Z","DeletedAt":null,"nama":"Sean 1","foto_profile":"123","email":"sean1@gmail.com","password":"123456","no_telepon":"0811111111111","alamat":"Jl. 123"},"token":"eyJhbGciOiJIUzI1NiIsInR5cCI6IkpXVCJ9.eyJleHAiOjE2ODc3NzMwNDEsImlkIjo5NiwiaXNzIjoicXdlcnR5IiwibmFtZSI6IlNlYW4gMSJ9.A2Kf9HIt94hX5TZ_72NB_PsZoD6pIeJZMN0t_jnpkEY"},"message":"Login success","status":true}[\n]"
11:50:41.570 [main] DEBUG org.apache.http.impl.conn.BasicClientConnectionManager - Releasing connection org.apache.http.impl.conn.ManagedClientConnectionImpl@5e02fb23
11:50:41.570 [main] DEBUG org.apache.http.impl.conn.BasicClientConnectionManager - Connection can be kept alive indefinitely
11:50:41.577 [main] DEBUG net.thucydides.core.steps.StepInterceptor - STEP DONE: user send a HTTP request login in category in website
  &amp#27;[32mWhen &amp#27;[0m&amp#27;[32muser send a HTTP request login in category in website&amp#27;[0m          &amp#27;[90m# starter.stepdefinitions.Mobile.CategorySteps.userSendAHTTPRequestLoginInCategoryInWebsite()&amp#27;[0m
11:50:41.578 [main] DEBUG net.thucydides.core.steps.StepInterceptor - STARTING STEP: CategorySteps.userSetTheGETApiEndpointCategory - user set the GET api endpoint category
11:50:41.578 [main] DEBUG net.thucydides.core.steps.StepInterceptor - STEP DONE: user set the GET api endpoint category
  &amp#27;[32mAnd &amp#27;[0m&amp#27;[32muser set the GET api endpoint category&amp#27;[0m                          &amp#27;[90m# starter.stepdefinitions.Mobile.CategorySteps.userSetTheGETApiEndpointCategory()&amp#27;[0m
11:50:41.579 [main] DEBUG net.thucydides.core.steps.StepInterceptor - STARTING STEP: CategorySteps.userSentHTTPGETRequestGetCategoryByID - user sent HTTP GET request get category by ID
11:50:41.580 [main] DEBUG net.thucydides.core.steps.StepInterceptor - STARTING STEP: Category.userSentHTTPGETRequestGetCategoryByID - user set the GET api endpoint category
11:50:41.580 [main] DEBUG net.thucydides.core.steps.StepInterceptor - STEP DONE: user set the GET api endpoint category
11:50:41.583 [main] DEBUG org.apache.http.impl.conn.BasicClientConnectionManager - Get connection for route {}->http://167.172.66.247:8002
11:50:41.583 [main] DEBUG org.apache.http.impl.conn.DefaultClientConnectionOperator - Connecting to 167.172.66.247:8002
11:50:41.617 [main] DEBUG org.apache.http.client.protocol.RequestAddCookies - CookieSpec selected: ignoreCookies
11:50:41.617 [main] DEBUG org.apache.http.client.protocol.RequestAuthCache - Auth cache not set in the context
11:50:41.617 [main] DEBUG org.apache.http.client.protocol.RequestTargetAuthentication - Target auth state: UNCHALLENGED
11:50:41.617 [main] DEBUG org.apache.http.client.protocol.RequestProxyAuthentication - Proxy auth state: UNCHALLENGED
11:50:41.617 [main] DEBUG org.apache.http.impl.client.DefaultHttpClient - Attempt 1 to execute request
11:50:41.617 [main] DEBUG org.apache.http.impl.conn.DefaultClientConnection - Sending request: GET /kategori_produk/2 HTTP/1.1
11:50:41.617 [main] DEBUG org.apache.http.wire -  >> "GET /kategori_produk/2 HTTP/1.1[\r][\n]"
11:50:41.617 [main] DEBUG org.apache.http.wire -  >> "Accept: */*[\r][\n]"
11:50:41.617 [main] DEBUG org.apache.http.wire -  >> "Host: 167.172.66.247:8002[\r][\n]"
11:50:41.617 [main] DEBUG org.apache.http.wire -  >> "Connection: Keep-Alive[\r][\n]"
11:50:41.617 [main] DEBUG org.apache.http.wire -  >> "User-Agent: Apache-HttpClient/4.5.13 (Java/17.0.7)[\r][\n]"
11:50:41.617 [main] DEBUG org.apache.http.wire -  >> "Accept-Encoding: gzip,deflate[\r][\n]"
11:50:41.617 [main] DEBUG org.apache.http.wire -  >> "[\r][\n]"
11:50:41.617 [main] DEBUG org.apache.http.headers - >> GET /kategori_produk/2 HTTP/1.1
11:50:41.617 [main] DEBUG org.apache.http.headers - >> Accept: */*
11:50:41.617 [main] DEBUG org.apache.http.headers - >> Host: 167.172.66.247:8002
11:50:41.617 [main] DEBUG org.apache.http.headers - >> Connection: Keep-Alive
11:50:41.617 [main] DEBUG org.apache.http.headers - >> User-Agent: Apache-HttpClient/4.5.13 (Java/17.0.7)
11:50:41.617 [main] DEBUG org.apache.http.headers - >> Accept-Encoding: gzip,deflate
11:50:41.677 [main] DEBUG org.apache.http.wire -  << "HTTP/1.1 400 Bad Request[\r][\n]"
11:50:41.677 [main] DEBUG org.apache.http.wire -  << "Content-Type: application/json; charset=UTF-8[\r][\n]"
11:50:41.677 [main] DEBUG org.apache.http.wire -  << "Vary: Origin[\r][\n]"
11:50:41.677 [main] DEBUG org.apache.http.wire -  << "Date: Mon, 26 Jun 2023 04:50:41 GMT[\r][\n]"
11:50:41.677 [main] DEBUG org.apache.http.wire -  << "Content-Length: 39[\r][\n]"
11:50:41.677 [main] DEBUG org.apache.http.wire -  << "[\r][\n]"
11:50:41.677 [main] DEBUG org.apache.http.impl.conn.DefaultClientConnection - Receiving response: HTTP/1.1 400 Bad Request
11:50:41.677 [main] DEBUG org.apache.http.headers - << HTTP/1.1 400 Bad Request
11:50:41.677 [main] DEBUG org.apache.http.headers - << Content-Type: application/json; charset=UTF-8
11:50:41.677 [main] DEBUG org.apache.http.headers - << Vary: Origin
11:50:41.677 [main] DEBUG org.apache.http.headers - << Date: Mon, 26 Jun 2023 04:50:41 GMT
11:50:41.677 [main] DEBUG org.apache.http.headers - << Content-Length: 39
11:50:41.677 [main] DEBUG org.apache.http.impl.client.DefaultHttpClient - Connection can be kept alive indefinitely
11:50:41.677 [main] DEBUG io.restassured.internal.RestAssuredHttpBuilder - Parsing response as: application/json; charset=UTF-8
11:50:41.677 [main] DEBUG io.restassured.internal.RestAssuredHttpBuilder - Parsed data to instance of: class org.apache.http.conn.EofSensorInputStream
11:50:41.677 [main] DEBUG org.apache.http.wire -  << "{"message":"missing or malformed jwt"}[\n]"
11:50:41.677 [main] DEBUG org.apache.http.impl.conn.BasicClientConnectionManager - Releasing connection org.apache.http.impl.conn.ManagedClientConnectionImpl@67b09e34
11:50:41.677 [main] DEBUG org.apache.http.impl.conn.BasicClientConnectionManager - Connection can be kept alive indefinitely
11:50:41.678 [main] DEBUG net.thucydides.core.steps.StepInterceptor - STEP DONE: user sent HTTP GET request get category by ID
  &amp#27;[32mAnd &amp#27;[0m&amp#27;[32muser sent HTTP GET request get category by ID&amp#27;[0m                   &amp#27;[90m# starter.stepdefinitions.Mobile.CategorySteps.userSentHTTPGETRequestGetCategoryByID()&amp#27;[0m
11:50:41.679 [main] DEBUG net.thucydides.core.steps.StepInterceptor - STARTING STEP: CategorySteps.userReceiveAValidLoginAndCategoryHTTPResponseCode - user receive a valid login and category HTTP response code 200
11:50:41.679 [main] DEBUG net.thucydides.core.steps.StepInterceptor - STARTING STEP: Category.userReceiveAValidLoginAndCategoryHTTPResponseCode200 - user set the POST api endpoint category
11:50:41.679 [main] DEBUG net.thucydides.core.steps.StepInterceptor - STEP DONE: user set the POST api endpoint category
11:50:41.681 [main] DEBUG org.apache.http.impl.conn.BasicClientConnectionManager - Get connection for route {}->http://167.172.66.247:8002
11:50:41.681 [main] DEBUG org.apache.http.impl.conn.DefaultClientConnectionOperator - Connecting to 167.172.66.247:8002
11:50:41.717 [main] DEBUG org.apache.http.client.protocol.RequestAddCookies - CookieSpec selected: ignoreCookies
11:50:41.717 [main] DEBUG org.apache.http.client.protocol.RequestAuthCache - Auth cache not set in the context
11:50:41.717 [main] DEBUG org.apache.http.client.protocol.RequestProxyAuthentication - Proxy auth state: UNCHALLENGED
11:50:41.717 [main] DEBUG org.apache.http.impl.client.DefaultHttpClient - Attempt 1 to execute request
11:50:41.717 [main] DEBUG org.apache.http.impl.conn.DefaultClientConnection - Sending request: GET /kategori_produk HTTP/1.1
11:50:41.717 [main] DEBUG org.apache.http.wire -  >> "GET /kategori_produk HTTP/1.1[\r][\n]"
11:50:41.717 [main] DEBUG org.apache.http.wire -  >> "Authorization: Bearer eyJhbGciOiJIUzI1NiIsInR5cCI6IkpXVCJ9.eyJleHAiOjE2ODc3NzMwNDEsImlkIjo5NiwiaXNzIjoicXdlcnR5IiwibmFtZSI6IlNlYW4gMSJ9.A2Kf9HIt94hX5TZ_72NB_PsZoD6pIeJZMN0t_jnpkEY[\r][\n]"
11:50:41.717 [main] DEBUG org.apache.http.wire -  >> "Accept: */*[\r][\n]"
11:50:41.717 [main] DEBUG org.apache.http.wire -  >> "Host: 167.172.66.247:8002[\r][\n]"
11:50:41.717 [main] DEBUG org.apache.http.wire -  >> "Connection: Keep-Alive[\r][\n]"
11:50:41.717 [main] DEBUG org.apache.http.wire -  >> "User-Agent: Apache-HttpClient/4.5.13 (Java/17.0.7)[\r][\n]"
11:50:41.717 [main] DEBUG org.apache.http.wire -  >> "Accept-Encoding: gzip,deflate[\r][\n]"
11:50:41.717 [main] DEBUG org.apache.http.wire -  >> "[\r][\n]"
11:50:41.717 [main] DEBUG org.apache.http.headers - >> GET /kategori_produk HTTP/1.1
11:50:41.717 [main] DEBUG org.apache.http.headers - >> Authorization: Bearer eyJhbGciOiJIUzI1NiIsInR5cCI6IkpXVCJ9.eyJleHAiOjE2ODc3NzMwNDEsImlkIjo5NiwiaXNzIjoicXdlcnR5IiwibmFtZSI6IlNlYW4gMSJ9.A2Kf9HIt94hX5TZ_72NB_PsZoD6pIeJZMN0t_jnpkEY
11:50:41.717 [main] DEBUG org.apache.http.headers - >> Accept: */*
11:50:41.717 [main] DEBUG org.apache.http.headers - >> Host: 167.172.66.247:8002
11:50:41.717 [main] DEBUG org.apache.http.headers - >> Connection: Keep-Alive
11:50:41.717 [main] DEBUG org.apache.http.headers - >> User-Agent: Apache-HttpClient/4.5.13 (Java/17.0.7)
11:50:41.717 [main] DEBUG org.apache.http.headers - >> Accept-Encoding: gzip,deflate
11:50:41.777 [main] DEBUG org.apache.http.wire -  << "HTTP/1.1 200 OK[\r][\n]"
11:50:41.777 [main] DEBUG org.apache.http.wire -  << "Content-Type: application/json; charset=UTF-8[\r][\n]"
11:50:41.777 [main] DEBUG org.apache.http.wire -  << "Vary: Origin[\r][\n]"
11:50:41.777 [main] DEBUG org.apache.http.wire -  << "Date: Mon, 26 Jun 2023 04:50:41 GMT[\r][\n]"
11:50:41.777 [main] DEBUG org.apache.http.wire -  << "Content-Length: 966[\r][\n]"
11:50:41.777 [main] DEBUG org.apache.http.wire -  << "[\r][\n]"
11:50:41.777 [main] DEBUG org.apache.http.impl.conn.DefaultClientConnection - Receiving response: HTTP/1.1 200 OK
11:50:41.777 [main] DEBUG org.apache.http.headers - << HTTP/1.1 200 OK
11:50:41.777 [main] DEBUG org.apache.http.headers - << Content-Type: application/json; charset=UTF-8
11:50:41.777 [main] DEBUG org.apache.http.headers - << Vary: Origin
11:50:41.777 [main] DEBUG org.apache.http.headers - << Date: Mon, 26 Jun 2023 04:50:41 GMT
11:50:41.777 [main] DEBUG org.apache.http.headers - << Content-Length: 966
11:50:41.777 [main] DEBUG org.apache.http.impl.client.DefaultHttpClient - Connection can be kept alive indefinitely
11:50:41.777 [main] DEBUG io.restassured.internal.RestAssuredHttpBuilder - Parsing response as: application/json; charset=UTF-8
11:50:41.777 [main] DEBUG io.restassured.internal.RestAssuredHttpBuilder - Parsed data to instance of: class org.apache.http.conn.EofSensorInputStream
11:50:41.777 [main] DEBUG org.apache.http.wire -  << "{"data":{"data":[{"ID":34,"CreatedAt":"2023-06-25T14:17:38.826Z","UpdatedAt":"2023-06-25T14:46:59.631Z","DeletedAt":null,"nama":"Patung","deskripsi":"Patung ciri khas bali"},{"ID":35,"CreatedAt":"2023-06-25T15:52:54.596Z","UpdatedAt":"2023-06-25T15:52:54.596Z","DeletedAt":null,"nama":"Celana Chino","deskripsi":"Tersedia size 27, 28, 29 dan 30"},{"ID":36,"CreatedAt":"2023-06-25T16:33:33.249Z","UpdatedAt":"2023-06-25T16:33:33.249Z","DeletedAt":null,"nama":"Celana Chino","deskripsi":"Tersedia size 27, 28, 29 dan 30"},{"ID":37,"CreatedAt":"2023-06-25T16:39:42.634Z","UpdatedAt":"2023-06-25T16:39:42.634Z","DeletedAt":null,"nama":"Celana Chino","deskripsi":"Tersedia size 27, 28, 29 dan 30"},{"ID":38,"CreatedAt":"2023-06-25T16:47:20.818Z","UpdatedAt":"2023-06-25T16:47:20.818Z","DeletedAt":null,"nama":"Celana Chino","deskripsi":"Tersedia size 27, 28, 29 dan 30"}],"data_shown":5,"page":1,"total_data":5},"message":"Get all Kategori Produk success","status":true}[\n]"
11:50:41.778 [main] DEBUG org.apache.http.impl.conn.BasicClientConnectionManager - Releasing connection org.apache.http.impl.conn.ManagedClientConnectionImpl@665f88e1
11:50:41.778 [main] DEBUG org.apache.http.impl.conn.BasicClientConnectionManager - Connection can be kept alive indefinitely
11:50:41.778 [main] DEBUG net.thucydides.core.steps.StepInterceptor - STEP DONE: user receive a valid login and category HTTP response code 200
  &amp#27;[32mThen &amp#27;[0m&amp#27;[32muser receive a valid login and category HTTP response code &amp#27;[0m&amp#27;[32m&amp#27;[1m200&amp#27;[0m &amp#27;[90m# starter.stepdefinitions.Mobile.CategorySteps.userReceiveAValidLoginAndCategoryHTTPResponseCode(int)&amp#27;[0m
11:50:41.779 [main] INFO  - 
  _____   ___   ___   _____     ___     _     ___   ___   ___   ___  
 |_   _| | __| / __| |_   _|   | _ \   /_\   / __| / __| | __| |   \ 
   | |   | _|  \__ \   | |     |  _/  / _ \  \__ \ \__ \ | _|  | |) |
   |_|   |___| |___/   |_|     |_|   /_/ \_\ |___/ |___/ |___| |___/ 

As user I can get all category data
----------------------------------------------------------------------
]]></system-out>
  </testcase>
  <testcase name="As user I can edit category data by ID" classname="As user, I want to create, put, delete and get category and category by ID" time="0.35">
    <system-out><![CDATA[
@TCCATEGORY07
Scenario: As user I can edit category data by ID                      &amp#27;[90m# src/test/resources/Feature/Api/Mobile/Category.feature:22&amp#27;[0m
11:50:41.785 [main] INFO io.cucumber.core.plugin.SerenityReporter - Running feature from file:///Users/macbookpro/Documents/Capstone_API_CI/src/test/resources/Feature/Api/Mobile/Category.feature
11:50:41.785 [main] WARN io.cucumber.core.plugin.SerenityReporter - Feature from file:///Users/macbookpro/Documents/Capstone_API_CI/src/test/resources/Feature/Api/Mobile/Category.feature is not under the 'features' directory. Requirements report will not be correctly generated!
11:50:41.785 [main] INFO  - 
  _____   ___   ___   _____     ___   _____     _     ___   _____   ___   ___  
 |_   _| | __| / __| |_   _|   / __| |_   _|   /_\   | _ \ |_   _| | __| |   \ 
   | |   | _|  \__ \   | |     \__ \   | |    / _ \  |   /   | |   | _|  | |) |
   |_|   |___| |___/   |_|     |___/   |_|   /_/ \_\ |_|_\   |_|   |___| |___/ 

As user I can edit category data by ID(as-user--i-want-to-create--put--delete-and-get-category-and-category-by-id;as-user-i-can-edit-category-data-by-id)
--------------------------------------------------------------------------------
11:50:41.791 [Finalizer] DEBUG org.apache.http.impl.conn.DefaultClientConnection - Connection 0.0.0.0:59724<->167.172.66.247:8002 closed
11:50:41.791 [main] DEBUG net.thucydides.core.steps.StepInterceptor - STARTING STEP: CategorySteps.userSetUpApiEndpointLoginInCategoryInWebsite - user set up api endpoint login in category in website
11:50:41.792 [Finalizer] DEBUG org.apache.http.impl.conn.DefaultClientConnection - Connection 0.0.0.0:59723<->167.172.66.247:8002 closed
11:50:41.792 [main] DEBUG net.thucydides.core.steps.StepInterceptor - STEP DONE: user set up api endpoint login in category in website
11:50:41.792 [Finalizer] DEBUG org.apache.http.impl.conn.DefaultClientConnection - Connection 0.0.0.0:59722<->167.172.66.247:8002 closed
  &amp#27;[32mGiven &amp#27;[0m&amp#27;[32muser set up api endpoint login in category in website&amp#27;[0m         &amp#27;[90m# starter.stepdefinitions.Mobile.CategorySteps.userSetUpApiEndpointLoginInCategoryInWebsite()&amp#27;[0m
11:50:41.792 [Finalizer] DEBUG org.apache.http.impl.conn.DefaultClientConnection - Connection 0.0.0.0:59721<->167.172.66.247:8002 closed
11:50:41.792 [Finalizer] DEBUG org.apache.http.impl.conn.DefaultClientConnection - Connection 0.0.0.0:59720<->167.172.66.247:8002 closed
11:50:41.792 [Finalizer] DEBUG org.apache.http.impl.conn.DefaultClientConnection - Connection 0.0.0.0:59719<->167.172.66.247:8002 closed
11:50:41.792 [Finalizer] DEBUG org.apache.http.impl.conn.DefaultClientConnection - Connection 0.0.0.0:59718<->167.172.66.247:8002 closed
11:50:41.792 [Finalizer] DEBUG org.apache.http.impl.conn.DefaultClientConnection - Connection 0.0.0.0:59730<->167.172.66.247:8002 closed
11:50:41.792 [Finalizer] DEBUG org.apache.http.impl.conn.DefaultClientConnection - Connection 0.0.0.0:59729<->167.172.66.247:8002 closed
11:50:41.792 [Finalizer] DEBUG org.apache.http.impl.conn.DefaultClientConnection - Connection 0.0.0.0:59728<->167.172.66.247:8002 closed
11:50:41.792 [Finalizer] DEBUG org.apache.http.impl.conn.DefaultClientConnection - Connection 0.0.0.0:59727<->167.172.66.247:8002 closed
11:50:41.792 [Finalizer] DEBUG org.apache.http.impl.conn.DefaultClientConnection - Connection 0.0.0.0:59726<->167.172.66.247:8002 closed
11:50:41.792 [Finalizer] DEBUG org.apache.http.impl.conn.DefaultClientConnection - Connection 0.0.0.0:59725<->167.172.66.247:8002 closed
11:50:41.792 [main] DEBUG net.thucydides.core.steps.StepInterceptor - STARTING STEP: CategorySteps.userSendAHTTPRequestLoginInCategoryInWebsite - user send a HTTP request login in category in website
11:50:41.793 [main] DEBUG net.thucydides.core.steps.StepInterceptor - STARTING STEP: Category.userSendAHTTPRequestLoginInCategoryInWebsite - user set up api endpoint login in category in website
11:50:41.793 [main] DEBUG net.thucydides.core.steps.StepInterceptor - STEP DONE: user set up api endpoint login in category in website
11:50:41.796 [main] DEBUG org.apache.http.impl.conn.BasicClientConnectionManager - Get connection for route {}->http://167.172.66.247:8002
11:50:41.796 [main] DEBUG org.apache.http.impl.conn.DefaultClientConnectionOperator - Connecting to 167.172.66.247:8002
11:50:41.827 [main] DEBUG org.apache.http.client.protocol.RequestAddCookies - CookieSpec selected: ignoreCookies
11:50:41.827 [main] DEBUG org.apache.http.client.protocol.RequestAuthCache - Auth cache not set in the context
11:50:41.827 [main] DEBUG org.apache.http.client.protocol.RequestTargetAuthentication - Target auth state: UNCHALLENGED
11:50:41.827 [main] DEBUG org.apache.http.client.protocol.RequestProxyAuthentication - Proxy auth state: UNCHALLENGED
11:50:41.827 [main] DEBUG org.apache.http.impl.client.DefaultHttpClient - Attempt 1 to execute request
11:50:41.827 [main] DEBUG org.apache.http.impl.conn.DefaultClientConnection - Sending request: POST /user_login HTTP/1.1
11:50:41.827 [main] DEBUG org.apache.http.wire -  >> "POST /user_login HTTP/1.1[\r][\n]"
11:50:41.827 [main] DEBUG org.apache.http.wire -  >> "Accept: */*[\r][\n]"
11:50:41.827 [main] DEBUG org.apache.http.wire -  >> "Content-Type: application/json[\r][\n]"
11:50:41.827 [main] DEBUG org.apache.http.wire -  >> "Content-Length: 47[\r][\n]"
11:50:41.827 [main] DEBUG org.apache.http.wire -  >> "Host: 167.172.66.247:8002[\r][\n]"
11:50:41.827 [main] DEBUG org.apache.http.wire -  >> "Connection: Keep-Alive[\r][\n]"
11:50:41.827 [main] DEBUG org.apache.http.wire -  >> "User-Agent: Apache-HttpClient/4.5.13 (Java/17.0.7)[\r][\n]"
11:50:41.827 [main] DEBUG org.apache.http.wire -  >> "Accept-Encoding: gzip,deflate[\r][\n]"
11:50:41.827 [main] DEBUG org.apache.http.wire -  >> "[\r][\n]"
11:50:41.827 [main] DEBUG org.apache.http.headers - >> POST /user_login HTTP/1.1
11:50:41.827 [main] DEBUG org.apache.http.headers - >> Accept: */*
11:50:41.827 [main] DEBUG org.apache.http.headers - >> Content-Type: application/json
11:50:41.827 [main] DEBUG org.apache.http.headers - >> Content-Length: 47
11:50:41.827 [main] DEBUG org.apache.http.headers - >> Host: 167.172.66.247:8002
11:50:41.827 [main] DEBUG org.apache.http.headers - >> Connection: Keep-Alive
11:50:41.827 [main] DEBUG org.apache.http.headers - >> User-Agent: Apache-HttpClient/4.5.13 (Java/17.0.7)
11:50:41.827 [main] DEBUG org.apache.http.headers - >> Accept-Encoding: gzip,deflate
11:50:41.827 [main] DEBUG org.apache.http.wire -  >> "{"password":"123456","email":"sean1@gmail.com"}"
11:50:41.897 [main] DEBUG org.apache.http.wire -  << "HTTP/1.1 200 OK[\r][\n]"
11:50:41.897 [main] DEBUG org.apache.http.wire -  << "Content-Type: application/json; charset=UTF-8[\r][\n]"
11:50:41.897 [main] DEBUG org.apache.http.wire -  << "Vary: Origin[\r][\n]"
11:50:41.897 [main] DEBUG org.apache.http.wire -  << "Date: Mon, 26 Jun 2023 04:50:42 GMT[\r][\n]"
11:50:41.897 [main] DEBUG org.apache.http.wire -  << "Content-Length: 462[\r][\n]"
11:50:41.897 [main] DEBUG org.apache.http.wire -  << "[\r][\n]"
11:50:41.897 [main] DEBUG org.apache.http.impl.conn.DefaultClientConnection - Receiving response: HTTP/1.1 200 OK
11:50:41.897 [main] DEBUG org.apache.http.headers - << HTTP/1.1 200 OK
11:50:41.897 [main] DEBUG org.apache.http.headers - << Content-Type: application/json; charset=UTF-8
11:50:41.897 [main] DEBUG org.apache.http.headers - << Vary: Origin
11:50:41.897 [main] DEBUG org.apache.http.headers - << Date: Mon, 26 Jun 2023 04:50:42 GMT
11:50:41.897 [main] DEBUG org.apache.http.headers - << Content-Length: 462
11:50:41.897 [main] DEBUG org.apache.http.impl.client.DefaultHttpClient - Connection can be kept alive indefinitely
11:50:41.897 [main] DEBUG io.restassured.internal.RestAssuredHttpBuilder - Parsing response as: application/json; charset=UTF-8
11:50:41.897 [main] DEBUG io.restassured.internal.RestAssuredHttpBuilder - Parsed data to instance of: class org.apache.http.conn.EofSensorInputStream
11:50:41.898 [main] DEBUG org.apache.http.wire -  << "{"data":{"user":{"ID":96,"CreatedAt":"2023-06-25T14:27:36.534Z","UpdatedAt":"2023-06-25T14:27:36.534Z","DeletedAt":null,"nama":"Sean 1","foto_profile":"123","email":"sean1@gmail.com","password":"123456","no_telepon":"0811111111111","alamat":"Jl. 123"},"token":"eyJhbGciOiJIUzI1NiIsInR5cCI6IkpXVCJ9.eyJleHAiOjE2ODc3NzMwNDIsImlkIjo5NiwiaXNzIjoicXdlcnR5IiwibmFtZSI6IlNlYW4gMSJ9.pqbJvJJ35c1_2OHrluGNGVOk4YmSO2WnOl-3jCSAH-8"},"message":"Login success","status":true}[\n]"
11:50:41.898 [main] DEBUG org.apache.http.impl.conn.BasicClientConnectionManager - Releasing connection org.apache.http.impl.conn.ManagedClientConnectionImpl@3c1df0e9
11:50:41.898 [main] DEBUG org.apache.http.impl.conn.BasicClientConnectionManager - Connection can be kept alive indefinitely
11:50:41.905 [main] DEBUG net.thucydides.core.steps.StepInterceptor - STEP DONE: user send a HTTP request login in category in website
  &amp#27;[32mWhen &amp#27;[0m&amp#27;[32muser send a HTTP request login in category in website&amp#27;[0m          &amp#27;[90m# starter.stepdefinitions.Mobile.CategorySteps.userSendAHTTPRequestLoginInCategoryInWebsite()&amp#27;[0m
11:50:41.906 [main] DEBUG net.thucydides.core.steps.StepInterceptor - STARTING STEP: CategorySteps.userSetThePUTApiEndpointCategory - user set the PUT api endpoint category
11:50:41.906 [main] DEBUG net.thucydides.core.steps.StepInterceptor - STEP DONE: user set the PUT api endpoint category
  &amp#27;[32mAnd &amp#27;[0m&amp#27;[32muser set the PUT api endpoint category&amp#27;[0m                          &amp#27;[90m# starter.stepdefinitions.Mobile.CategorySteps.userSetThePUTApiEndpointCategory()&amp#27;[0m
11:50:41.907 [main] DEBUG net.thucydides.core.steps.StepInterceptor - STARTING STEP: CategorySteps.userSentHTTPPUTRequestCategoryByID - user sent HTTP PUT request category by ID
11:50:41.908 [main] DEBUG net.thucydides.core.steps.StepInterceptor - STARTING STEP: Category.userSentHTTPPUTRequestCategoryByID - user set the PUT api endpoint category
11:50:41.908 [main] DEBUG net.thucydides.core.steps.StepInterceptor - STEP DONE: user set the PUT api endpoint category
11:50:41.911 [main] DEBUG org.apache.http.impl.conn.BasicClientConnectionManager - Get connection for route {}->http://167.172.66.247:8002
11:50:41.911 [main] DEBUG org.apache.http.impl.conn.DefaultClientConnectionOperator - Connecting to 167.172.66.247:8002
11:50:41.947 [main] DEBUG org.apache.http.client.protocol.RequestAddCookies - CookieSpec selected: ignoreCookies
11:50:41.947 [main] DEBUG org.apache.http.client.protocol.RequestAuthCache - Auth cache not set in the context
11:50:41.947 [main] DEBUG org.apache.http.client.protocol.RequestTargetAuthentication - Target auth state: UNCHALLENGED
11:50:41.947 [main] DEBUG org.apache.http.client.protocol.RequestProxyAuthentication - Proxy auth state: UNCHALLENGED
11:50:41.947 [main] DEBUG org.apache.http.impl.client.DefaultHttpClient - Attempt 1 to execute request
11:50:41.947 [main] DEBUG org.apache.http.impl.conn.DefaultClientConnection - Sending request: PUT /kategori_produk/1 HTTP/1.1
11:50:41.947 [main] DEBUG org.apache.http.wire -  >> "PUT /kategori_produk/1 HTTP/1.1[\r][\n]"
11:50:41.947 [main] DEBUG org.apache.http.wire -  >> "Accept: */*[\r][\n]"
11:50:41.947 [main] DEBUG org.apache.http.wire -  >> "Content-Type: application/json[\r][\n]"
11:50:41.947 [main] DEBUG org.apache.http.wire -  >> "Content-Length: 81[\r][\n]"
11:50:41.947 [main] DEBUG org.apache.http.wire -  >> "Host: 167.172.66.247:8002[\r][\n]"
11:50:41.947 [main] DEBUG org.apache.http.wire -  >> "Connection: Keep-Alive[\r][\n]"
11:50:41.947 [main] DEBUG org.apache.http.wire -  >> "User-Agent: Apache-HttpClient/4.5.13 (Java/17.0.7)[\r][\n]"
11:50:41.947 [main] DEBUG org.apache.http.wire -  >> "Accept-Encoding: gzip,deflate[\r][\n]"
11:50:41.947 [main] DEBUG org.apache.http.wire -  >> "[\r][\n]"
11:50:41.947 [main] DEBUG org.apache.http.headers - >> PUT /kategori_produk/1 HTTP/1.1
11:50:41.947 [main] DEBUG org.apache.http.headers - >> Accept: */*
11:50:41.947 [main] DEBUG org.apache.http.headers - >> Content-Type: application/json
11:50:41.947 [main] DEBUG org.apache.http.headers - >> Content-Length: 81
11:50:41.947 [main] DEBUG org.apache.http.headers - >> Host: 167.172.66.247:8002
11:50:41.947 [main] DEBUG org.apache.http.headers - >> Connection: Keep-Alive
11:50:41.947 [main] DEBUG org.apache.http.headers - >> User-Agent: Apache-HttpClient/4.5.13 (Java/17.0.7)
11:50:41.947 [main] DEBUG org.apache.http.headers - >> Accept-Encoding: gzip,deflate
11:50:41.947 [main] DEBUG org.apache.http.wire -  >> "[[\n]"
11:50:41.947 [main] DEBUG org.apache.http.wire -  >> "{"nama":"Perhiasan 2","deskripsi":"Aksessoris Cantik dan berkualitas tinggi"}[\n]"
11:50:41.947 [main] DEBUG org.apache.http.wire -  >> "]"
11:50:42.007 [main] DEBUG org.apache.http.wire -  << "HTTP/1.1 400 Bad Request[\r][\n]"
11:50:42.007 [main] DEBUG org.apache.http.wire -  << "Content-Type: application/json; charset=UTF-8[\r][\n]"
11:50:42.007 [main] DEBUG org.apache.http.wire -  << "Vary: Origin[\r][\n]"
11:50:42.007 [main] DEBUG org.apache.http.wire -  << "Date: Mon, 26 Jun 2023 04:50:42 GMT[\r][\n]"
11:50:42.007 [main] DEBUG org.apache.http.wire -  << "Content-Length: 39[\r][\n]"
11:50:42.007 [main] DEBUG org.apache.http.wire -  << "[\r][\n]"
11:50:42.007 [main] DEBUG org.apache.http.impl.conn.DefaultClientConnection - Receiving response: HTTP/1.1 400 Bad Request
11:50:42.007 [main] DEBUG org.apache.http.headers - << HTTP/1.1 400 Bad Request
11:50:42.007 [main] DEBUG org.apache.http.headers - << Content-Type: application/json; charset=UTF-8
11:50:42.007 [main] DEBUG org.apache.http.headers - << Vary: Origin
11:50:42.007 [main] DEBUG org.apache.http.headers - << Date: Mon, 26 Jun 2023 04:50:42 GMT
11:50:42.007 [main] DEBUG org.apache.http.headers - << Content-Length: 39
11:50:42.007 [main] DEBUG org.apache.http.impl.client.DefaultHttpClient - Connection can be kept alive indefinitely
11:50:42.007 [main] DEBUG io.restassured.internal.RestAssuredHttpBuilder - Parsing response as: application/json; charset=UTF-8
11:50:42.007 [main] DEBUG io.restassured.internal.RestAssuredHttpBuilder - Parsed data to instance of: class org.apache.http.conn.EofSensorInputStream
11:50:42.007 [main] DEBUG org.apache.http.wire -  << "{"message":"missing or malformed jwt"}[\n]"
11:50:42.007 [main] DEBUG org.apache.http.impl.conn.BasicClientConnectionManager - Releasing connection org.apache.http.impl.conn.ManagedClientConnectionImpl@7253c53
11:50:42.007 [main] DEBUG org.apache.http.impl.conn.BasicClientConnectionManager - Connection can be kept alive indefinitely
11:50:42.008 [main] DEBUG net.thucydides.core.steps.StepInterceptor - STEP DONE: user sent HTTP PUT request category by ID
  &amp#27;[32mAnd &amp#27;[0m&amp#27;[32muser sent HTTP PUT request category by ID&amp#27;[0m                       &amp#27;[90m# starter.stepdefinitions.Mobile.CategorySteps.userSentHTTPPUTRequestCategoryByID()&amp#27;[0m
11:50:42.009 [main] DEBUG net.thucydides.core.steps.StepInterceptor - STARTING STEP: CategorySteps.userReceiveAValidLoginAndCategoryHTTPResponseCode - user receive a valid login and category HTTP response code 200
11:50:42.009 [main] DEBUG net.thucydides.core.steps.StepInterceptor - STARTING STEP: Category.userReceiveAValidLoginAndCategoryHTTPResponseCode200 - user set the POST api endpoint category
11:50:42.009 [main] DEBUG net.thucydides.core.steps.StepInterceptor - STEP DONE: user set the POST api endpoint category
11:50:42.012 [main] DEBUG org.apache.http.impl.conn.BasicClientConnectionManager - Get connection for route {}->http://167.172.66.247:8002
11:50:42.012 [main] DEBUG org.apache.http.impl.conn.DefaultClientConnectionOperator - Connecting to 167.172.66.247:8002
11:50:42.057 [main] DEBUG org.apache.http.client.protocol.RequestAddCookies - CookieSpec selected: ignoreCookies
11:50:42.057 [main] DEBUG org.apache.http.client.protocol.RequestAuthCache - Auth cache not set in the context
11:50:42.057 [main] DEBUG org.apache.http.client.protocol.RequestProxyAuthentication - Proxy auth state: UNCHALLENGED
11:50:42.057 [main] DEBUG org.apache.http.impl.client.DefaultHttpClient - Attempt 1 to execute request
11:50:42.057 [main] DEBUG org.apache.http.impl.conn.DefaultClientConnection - Sending request: GET /kategori_produk HTTP/1.1
11:50:42.057 [main] DEBUG org.apache.http.wire -  >> "GET /kategori_produk HTTP/1.1[\r][\n]"
11:50:42.057 [main] DEBUG org.apache.http.wire -  >> "Authorization: Bearer eyJhbGciOiJIUzI1NiIsInR5cCI6IkpXVCJ9.eyJleHAiOjE2ODc3NzMwNDIsImlkIjo5NiwiaXNzIjoicXdlcnR5IiwibmFtZSI6IlNlYW4gMSJ9.pqbJvJJ35c1_2OHrluGNGVOk4YmSO2WnOl-3jCSAH-8[\r][\n]"
11:50:42.057 [main] DEBUG org.apache.http.wire -  >> "Accept: */*[\r][\n]"
11:50:42.057 [main] DEBUG org.apache.http.wire -  >> "Host: 167.172.66.247:8002[\r][\n]"
11:50:42.057 [main] DEBUG org.apache.http.wire -  >> "Connection: Keep-Alive[\r][\n]"
11:50:42.057 [main] DEBUG org.apache.http.wire -  >> "User-Agent: Apache-HttpClient/4.5.13 (Java/17.0.7)[\r][\n]"
11:50:42.057 [main] DEBUG org.apache.http.wire -  >> "Accept-Encoding: gzip,deflate[\r][\n]"
11:50:42.057 [main] DEBUG org.apache.http.wire -  >> "[\r][\n]"
11:50:42.057 [main] DEBUG org.apache.http.headers - >> GET /kategori_produk HTTP/1.1
11:50:42.057 [main] DEBUG org.apache.http.headers - >> Authorization: Bearer eyJhbGciOiJIUzI1NiIsInR5cCI6IkpXVCJ9.eyJleHAiOjE2ODc3NzMwNDIsImlkIjo5NiwiaXNzIjoicXdlcnR5IiwibmFtZSI6IlNlYW4gMSJ9.pqbJvJJ35c1_2OHrluGNGVOk4YmSO2WnOl-3jCSAH-8
11:50:42.057 [main] DEBUG org.apache.http.headers - >> Accept: */*
11:50:42.057 [main] DEBUG org.apache.http.headers - >> Host: 167.172.66.247:8002
11:50:42.057 [main] DEBUG org.apache.http.headers - >> Connection: Keep-Alive
11:50:42.057 [main] DEBUG org.apache.http.headers - >> User-Agent: Apache-HttpClient/4.5.13 (Java/17.0.7)
11:50:42.057 [main] DEBUG org.apache.http.headers - >> Accept-Encoding: gzip,deflate
11:50:42.127 [main] DEBUG org.apache.http.wire -  << "HTTP/1.1 200 OK[\r][\n]"
11:50:42.127 [main] DEBUG org.apache.http.wire -  << "Content-Type: application/json; charset=UTF-8[\r][\n]"
11:50:42.127 [main] DEBUG org.apache.http.wire -  << "Vary: Origin[\r][\n]"
11:50:42.127 [main] DEBUG org.apache.http.wire -  << "Date: Mon, 26 Jun 2023 04:50:42 GMT[\r][\n]"
11:50:42.127 [main] DEBUG org.apache.http.wire -  << "Content-Length: 966[\r][\n]"
11:50:42.127 [main] DEBUG org.apache.http.wire -  << "[\r][\n]"
11:50:42.127 [main] DEBUG org.apache.http.impl.conn.DefaultClientConnection - Receiving response: HTTP/1.1 200 OK
11:50:42.127 [main] DEBUG org.apache.http.headers - << HTTP/1.1 200 OK
11:50:42.127 [main] DEBUG org.apache.http.headers - << Content-Type: application/json; charset=UTF-8
11:50:42.127 [main] DEBUG org.apache.http.headers - << Vary: Origin
11:50:42.127 [main] DEBUG org.apache.http.headers - << Date: Mon, 26 Jun 2023 04:50:42 GMT
11:50:42.127 [main] DEBUG org.apache.http.headers - << Content-Length: 966
11:50:42.127 [main] DEBUG org.apache.http.impl.client.DefaultHttpClient - Connection can be kept alive indefinitely
11:50:42.127 [main] DEBUG io.restassured.internal.RestAssuredHttpBuilder - Parsing response as: application/json; charset=UTF-8
11:50:42.127 [main] DEBUG io.restassured.internal.RestAssuredHttpBuilder - Parsed data to instance of: class org.apache.http.conn.EofSensorInputStream
11:50:42.128 [main] DEBUG org.apache.http.wire -  << "{"data":{"data":[{"ID":34,"CreatedAt":"2023-06-25T14:17:38.826Z","UpdatedAt":"2023-06-25T14:46:59.631Z","DeletedAt":null,"nama":"Patung","deskripsi":"Patung ciri khas bali"},{"ID":35,"CreatedAt":"2023-06-25T15:52:54.596Z","UpdatedAt":"2023-06-25T15:52:54.596Z","DeletedAt":null,"nama":"Celana Chino","deskripsi":"Tersedia size 27, 28, 29 dan 30"},{"ID":36,"CreatedAt":"2023-06-25T16:33:33.249Z","UpdatedAt":"2023-06-25T16:33:33.249Z","DeletedAt":null,"nama":"Celana Chino","deskripsi":"Tersedia size 27, 28, 29 dan 30"},{"ID":37,"CreatedAt":"2023-06-25T16:39:42.634Z","UpdatedAt":"2023-06-25T16:39:42.634Z","DeletedAt":null,"nama":"Celana Chino","deskripsi":"Tersedia size 27, 28, 29 dan 30"},{"ID":38,"CreatedAt":"2023-06-25T16:47:20.818Z","UpdatedAt":"2023-06-25T16:47:20.818Z","DeletedAt":null,"nama":"Celana Chino","deskripsi":"Tersedia size 27, 28, 29 dan 30"}],"data_shown":5,"page":1,"total_data":5},"message":"Get all Kategori Produk success","status":true}[\n]"
11:50:42.128 [main] DEBUG org.apache.http.impl.conn.BasicClientConnectionManager - Releasing connection org.apache.http.impl.conn.ManagedClientConnectionImpl@7352418c
11:50:42.128 [main] DEBUG org.apache.http.impl.conn.BasicClientConnectionManager - Connection can be kept alive indefinitely
11:50:42.128 [main] DEBUG net.thucydides.core.steps.StepInterceptor - STEP DONE: user receive a valid login and category HTTP response code 200
  &amp#27;[32mThen &amp#27;[0m&amp#27;[32muser receive a valid login and category HTTP response code &amp#27;[0m&amp#27;[32m&amp#27;[1m200&amp#27;[0m &amp#27;[90m# starter.stepdefinitions.Mobile.CategorySteps.userReceiveAValidLoginAndCategoryHTTPResponseCode(int)&amp#27;[0m
11:50:42.129 [main] INFO  - 
  _____   ___   ___   _____     ___     _     ___   ___   ___   ___  
 |_   _| | __| / __| |_   _|   | _ \   /_\   / __| / __| | __| |   \ 
   | |   | _|  \__ \   | |     |  _/  / _ \  \__ \ \__ \ | _|  | |) |
   |_|   |___| |___/   |_|     |_|   /_/ \_\ |___/ |___/ |___| |___/ 

As user I can edit category data by ID
----------------------------------------------------------------------
]]></system-out>
  </testcase>
  <testcase name="As user I can delete category data by ID" classname="As user, I want to create, put, delete and get category and category by ID" time="0.36">
    <system-out><![CDATA[
@TCCATEGORY08
Scenario: As user I can delete category data by ID                    &amp#27;[90m# src/test/resources/Feature/Api/Mobile/Category.feature:31&amp#27;[0m
11:50:42.134 [main] INFO io.cucumber.core.plugin.SerenityReporter - Running feature from file:///Users/macbookpro/Documents/Capstone_API_CI/src/test/resources/Feature/Api/Mobile/Category.feature
11:50:42.134 [main] WARN io.cucumber.core.plugin.SerenityReporter - Feature from file:///Users/macbookpro/Documents/Capstone_API_CI/src/test/resources/Feature/Api/Mobile/Category.feature is not under the 'features' directory. Requirements report will not be correctly generated!
11:50:42.134 [main] INFO  - 
  _____   ___   ___   _____     ___   _____     _     ___   _____   ___   ___  
 |_   _| | __| / __| |_   _|   / __| |_   _|   /_\   | _ \ |_   _| | __| |   \ 
   | |   | _|  \__ \   | |     \__ \   | |    / _ \  |   /   | |   | _|  | |) |
   |_|   |___| |___/   |_|     |___/   |_|   /_/ \_\ |_|_\   |_|   |___| |___/ 

As user I can delete category data by ID(as-user--i-want-to-create--put--delete-and-get-category-and-category-by-id;as-user-i-can-delete-category-data-by-id)
--------------------------------------------------------------------------------
11:50:42.136 [main] DEBUG net.thucydides.core.steps.StepInterceptor - STARTING STEP: CategorySteps.userSetUpApiEndpointLoginInCategoryInWebsite - user set up api endpoint login in category in website
11:50:42.136 [main] DEBUG net.thucydides.core.steps.StepInterceptor - STEP DONE: user set up api endpoint login in category in website
  &amp#27;[32mGiven &amp#27;[0m&amp#27;[32muser set up api endpoint login in category in website&amp#27;[0m         &amp#27;[90m# starter.stepdefinitions.Mobile.CategorySteps.userSetUpApiEndpointLoginInCategoryInWebsite()&amp#27;[0m
11:50:42.137 [main] DEBUG net.thucydides.core.steps.StepInterceptor - STARTING STEP: CategorySteps.userSendAHTTPRequestLoginInCategoryInWebsite - user send a HTTP request login in category in website
11:50:42.137 [main] DEBUG net.thucydides.core.steps.StepInterceptor - STARTING STEP: Category.userSendAHTTPRequestLoginInCategoryInWebsite - user set up api endpoint login in category in website
11:50:42.137 [main] DEBUG net.thucydides.core.steps.StepInterceptor - STEP DONE: user set up api endpoint login in category in website
11:50:42.139 [main] DEBUG org.apache.http.impl.conn.BasicClientConnectionManager - Get connection for route {}->http://167.172.66.247:8002
11:50:42.139 [main] DEBUG org.apache.http.impl.conn.DefaultClientConnectionOperator - Connecting to 167.172.66.247:8002
11:50:42.197 [main] DEBUG org.apache.http.client.protocol.RequestAddCookies - CookieSpec selected: ignoreCookies
11:50:42.197 [main] DEBUG org.apache.http.client.protocol.RequestAuthCache - Auth cache not set in the context
11:50:42.197 [main] DEBUG org.apache.http.client.protocol.RequestTargetAuthentication - Target auth state: UNCHALLENGED
11:50:42.197 [main] DEBUG org.apache.http.client.protocol.RequestProxyAuthentication - Proxy auth state: UNCHALLENGED
11:50:42.197 [main] DEBUG org.apache.http.impl.client.DefaultHttpClient - Attempt 1 to execute request
11:50:42.197 [main] DEBUG org.apache.http.impl.conn.DefaultClientConnection - Sending request: POST /user_login HTTP/1.1
11:50:42.197 [main] DEBUG org.apache.http.wire -  >> "POST /user_login HTTP/1.1[\r][\n]"
11:50:42.197 [main] DEBUG org.apache.http.wire -  >> "Accept: */*[\r][\n]"
11:50:42.197 [main] DEBUG org.apache.http.wire -  >> "Content-Type: application/json[\r][\n]"
11:50:42.197 [main] DEBUG org.apache.http.wire -  >> "Content-Length: 47[\r][\n]"
11:50:42.197 [main] DEBUG org.apache.http.wire -  >> "Host: 167.172.66.247:8002[\r][\n]"
11:50:42.197 [main] DEBUG org.apache.http.wire -  >> "Connection: Keep-Alive[\r][\n]"
11:50:42.197 [main] DEBUG org.apache.http.wire -  >> "User-Agent: Apache-HttpClient/4.5.13 (Java/17.0.7)[\r][\n]"
11:50:42.197 [main] DEBUG org.apache.http.wire -  >> "Accept-Encoding: gzip,deflate[\r][\n]"
11:50:42.197 [main] DEBUG org.apache.http.wire -  >> "[\r][\n]"
11:50:42.197 [main] DEBUG org.apache.http.headers - >> POST /user_login HTTP/1.1
11:50:42.197 [main] DEBUG org.apache.http.headers - >> Accept: */*
11:50:42.197 [main] DEBUG org.apache.http.headers - >> Content-Type: application/json
11:50:42.197 [main] DEBUG org.apache.http.headers - >> Content-Length: 47
11:50:42.197 [main] DEBUG org.apache.http.headers - >> Host: 167.172.66.247:8002
11:50:42.197 [main] DEBUG org.apache.http.headers - >> Connection: Keep-Alive
11:50:42.197 [main] DEBUG org.apache.http.headers - >> User-Agent: Apache-HttpClient/4.5.13 (Java/17.0.7)
11:50:42.197 [main] DEBUG org.apache.http.headers - >> Accept-Encoding: gzip,deflate
11:50:42.197 [main] DEBUG org.apache.http.wire -  >> "{"password":"123456","email":"sean1@gmail.com"}"
11:50:42.257 [main] DEBUG org.apache.http.wire -  << "HTTP/1.1 200 OK[\r][\n]"
11:50:42.257 [main] DEBUG org.apache.http.wire -  << "Content-Type: application/json; charset=UTF-8[\r][\n]"
11:50:42.257 [main] DEBUG org.apache.http.wire -  << "Vary: Origin[\r][\n]"
11:50:42.257 [main] DEBUG org.apache.http.wire -  << "Date: Mon, 26 Jun 2023 04:50:42 GMT[\r][\n]"
11:50:42.257 [main] DEBUG org.apache.http.wire -  << "Content-Length: 462[\r][\n]"
11:50:42.257 [main] DEBUG org.apache.http.wire -  << "[\r][\n]"
11:50:42.257 [main] DEBUG org.apache.http.impl.conn.DefaultClientConnection - Receiving response: HTTP/1.1 200 OK
11:50:42.257 [main] DEBUG org.apache.http.headers - << HTTP/1.1 200 OK
11:50:42.257 [main] DEBUG org.apache.http.headers - << Content-Type: application/json; charset=UTF-8
11:50:42.257 [main] DEBUG org.apache.http.headers - << Vary: Origin
11:50:42.257 [main] DEBUG org.apache.http.headers - << Date: Mon, 26 Jun 2023 04:50:42 GMT
11:50:42.257 [main] DEBUG org.apache.http.headers - << Content-Length: 462
11:50:42.257 [main] DEBUG org.apache.http.impl.client.DefaultHttpClient - Connection can be kept alive indefinitely
11:50:42.257 [main] DEBUG io.restassured.internal.RestAssuredHttpBuilder - Parsing response as: application/json; charset=UTF-8
11:50:42.257 [main] DEBUG io.restassured.internal.RestAssuredHttpBuilder - Parsed data to instance of: class org.apache.http.conn.EofSensorInputStream
11:50:42.258 [main] DEBUG org.apache.http.wire -  << "{"data":{"user":{"ID":96,"CreatedAt":"2023-06-25T14:27:36.534Z","UpdatedAt":"2023-06-25T14:27:36.534Z","DeletedAt":null,"nama":"Sean 1","foto_profile":"123","email":"sean1@gmail.com","password":"123456","no_telepon":"0811111111111","alamat":"Jl. 123"},"token":"eyJhbGciOiJIUzI1NiIsInR5cCI6IkpXVCJ9.eyJleHAiOjE2ODc3NzMwNDIsImlkIjo5NiwiaXNzIjoicXdlcnR5IiwibmFtZSI6IlNlYW4gMSJ9.pqbJvJJ35c1_2OHrluGNGVOk4YmSO2WnOl-3jCSAH-8"},"message":"Login success","status":true}[\n]"
11:50:42.258 [main] DEBUG org.apache.http.impl.conn.BasicClientConnectionManager - Releasing connection org.apache.http.impl.conn.ManagedClientConnectionImpl@35efd12c
11:50:42.258 [main] DEBUG org.apache.http.impl.conn.BasicClientConnectionManager - Connection can be kept alive indefinitely
11:50:42.264 [main] DEBUG net.thucydides.core.steps.StepInterceptor - STEP DONE: user send a HTTP request login in category in website
  &amp#27;[32mWhen &amp#27;[0m&amp#27;[32muser send a HTTP request login in category in website&amp#27;[0m          &amp#27;[90m# starter.stepdefinitions.Mobile.CategorySteps.userSendAHTTPRequestLoginInCategoryInWebsite()&amp#27;[0m
11:50:42.265 [main] DEBUG net.thucydides.core.steps.StepInterceptor - STARTING STEP: CategorySteps.userSetTheDELETEApiEndpointCategory - user set the DELETE api endpoint category
11:50:42.265 [main] DEBUG net.thucydides.core.steps.StepInterceptor - STEP DONE: user set the DELETE api endpoint category
  &amp#27;[32mAnd &amp#27;[0m&amp#27;[32muser set the DELETE api endpoint category&amp#27;[0m                       &amp#27;[90m# starter.stepdefinitions.Mobile.CategorySteps.userSetTheDELETEApiEndpointCategory()&amp#27;[0m
11:50:42.266 [main] DEBUG net.thucydides.core.steps.StepInterceptor - STARTING STEP: CategorySteps.userSentHTTPDELETERequestCategoryByID - user sent HTTP DELETE request category by ID
11:50:42.267 [main] DEBUG net.thucydides.core.steps.StepInterceptor - STARTING STEP: Category.userSentHTTPDELETERequestCategoryByID - user set the DELETE api endpoint category
11:50:42.267 [main] DEBUG net.thucydides.core.steps.StepInterceptor - STEP DONE: user set the DELETE api endpoint category
11:50:42.269 [main] DEBUG org.apache.http.impl.conn.BasicClientConnectionManager - Get connection for route {}->http://167.172.66.247:8002
11:50:42.269 [main] DEBUG org.apache.http.impl.conn.DefaultClientConnectionOperator - Connecting to 167.172.66.247:8002
11:50:42.307 [main] DEBUG org.apache.http.client.protocol.RequestAddCookies - CookieSpec selected: ignoreCookies
11:50:42.307 [main] DEBUG org.apache.http.client.protocol.RequestAuthCache - Auth cache not set in the context
11:50:42.307 [main] DEBUG org.apache.http.client.protocol.RequestTargetAuthentication - Target auth state: UNCHALLENGED
11:50:42.307 [main] DEBUG org.apache.http.client.protocol.RequestProxyAuthentication - Proxy auth state: UNCHALLENGED
11:50:42.307 [main] DEBUG org.apache.http.impl.client.DefaultHttpClient - Attempt 1 to execute request
11:50:42.307 [main] DEBUG org.apache.http.impl.conn.DefaultClientConnection - Sending request: DELETE /kategori_produk/1 HTTP/1.1
11:50:42.307 [main] DEBUG org.apache.http.wire -  >> "DELETE /kategori_produk/1 HTTP/1.1[\r][\n]"
11:50:42.307 [main] DEBUG org.apache.http.wire -  >> "Accept: */*[\r][\n]"
11:50:42.307 [main] DEBUG org.apache.http.wire -  >> "Host: 167.172.66.247:8002[\r][\n]"
11:50:42.307 [main] DEBUG org.apache.http.wire -  >> "Connection: Keep-Alive[\r][\n]"
11:50:42.307 [main] DEBUG org.apache.http.wire -  >> "User-Agent: Apache-HttpClient/4.5.13 (Java/17.0.7)[\r][\n]"
11:50:42.307 [main] DEBUG org.apache.http.wire -  >> "Accept-Encoding: gzip,deflate[\r][\n]"
11:50:42.307 [main] DEBUG org.apache.http.wire -  >> "[\r][\n]"
11:50:42.307 [main] DEBUG org.apache.http.headers - >> DELETE /kategori_produk/1 HTTP/1.1
11:50:42.307 [main] DEBUG org.apache.http.headers - >> Accept: */*
11:50:42.307 [main] DEBUG org.apache.http.headers - >> Host: 167.172.66.247:8002
11:50:42.307 [main] DEBUG org.apache.http.headers - >> Connection: Keep-Alive
11:50:42.307 [main] DEBUG org.apache.http.headers - >> User-Agent: Apache-HttpClient/4.5.13 (Java/17.0.7)
11:50:42.307 [main] DEBUG org.apache.http.headers - >> Accept-Encoding: gzip,deflate
11:50:42.377 [main] DEBUG org.apache.http.wire -  << "HTTP/1.1 400 Bad Request[\r][\n]"
11:50:42.377 [main] DEBUG org.apache.http.wire -  << "Content-Type: application/json; charset=UTF-8[\r][\n]"
11:50:42.377 [main] DEBUG org.apache.http.wire -  << "Vary: Origin[\r][\n]"
11:50:42.377 [main] DEBUG org.apache.http.wire -  << "Date: Mon, 26 Jun 2023 04:50:42 GMT[\r][\n]"
11:50:42.377 [main] DEBUG org.apache.http.wire -  << "Content-Length: 39[\r][\n]"
11:50:42.377 [main] DEBUG org.apache.http.wire -  << "[\r][\n]"
11:50:42.377 [main] DEBUG org.apache.http.impl.conn.DefaultClientConnection - Receiving response: HTTP/1.1 400 Bad Request
11:50:42.377 [main] DEBUG org.apache.http.headers - << HTTP/1.1 400 Bad Request
11:50:42.377 [main] DEBUG org.apache.http.headers - << Content-Type: application/json; charset=UTF-8
11:50:42.377 [main] DEBUG org.apache.http.headers - << Vary: Origin
11:50:42.377 [main] DEBUG org.apache.http.headers - << Date: Mon, 26 Jun 2023 04:50:42 GMT
11:50:42.377 [main] DEBUG org.apache.http.headers - << Content-Length: 39
11:50:42.377 [main] DEBUG org.apache.http.impl.client.DefaultHttpClient - Connection can be kept alive indefinitely
11:50:42.378 [main] DEBUG io.restassured.internal.RestAssuredHttpBuilder - Parsing response as: application/json; charset=UTF-8
11:50:42.378 [main] DEBUG io.restassured.internal.RestAssuredHttpBuilder - Parsed data to instance of: class org.apache.http.conn.EofSensorInputStream
11:50:42.379 [main] DEBUG org.apache.http.wire -  << "{"message":"missing or malformed jwt"}[\n]"
11:50:42.379 [main] DEBUG org.apache.http.impl.conn.BasicClientConnectionManager - Releasing connection org.apache.http.impl.conn.ManagedClientConnectionImpl@448a6d00
11:50:42.379 [main] DEBUG org.apache.http.impl.conn.BasicClientConnectionManager - Connection can be kept alive indefinitely
11:50:42.379 [main] DEBUG net.thucydides.core.steps.StepInterceptor - STEP DONE: user sent HTTP DELETE request category by ID
  &amp#27;[32mAnd &amp#27;[0m&amp#27;[32muser sent HTTP DELETE request category by ID&amp#27;[0m                    &amp#27;[90m# starter.stepdefinitions.Mobile.CategorySteps.userSentHTTPDELETERequestCategoryByID()&amp#27;[0m
11:50:42.382 [main] DEBUG net.thucydides.core.steps.StepInterceptor - STARTING STEP: CategorySteps.userReceiveAValidLoginAndCategoryHTTPResponseCode - user receive a valid login and category HTTP response code 200
11:50:42.382 [main] DEBUG net.thucydides.core.steps.StepInterceptor - STARTING STEP: Category.userReceiveAValidLoginAndCategoryHTTPResponseCode200 - user set the POST api endpoint category
11:50:42.382 [main] DEBUG net.thucydides.core.steps.StepInterceptor - STEP DONE: user set the POST api endpoint category
11:50:42.386 [main] DEBUG org.apache.http.impl.conn.BasicClientConnectionManager - Get connection for route {}->http://167.172.66.247:8002
11:50:42.386 [main] DEBUG org.apache.http.impl.conn.DefaultClientConnectionOperator - Connecting to 167.172.66.247:8002
11:50:42.417 [main] DEBUG org.apache.http.client.protocol.RequestAddCookies - CookieSpec selected: ignoreCookies
11:50:42.417 [main] DEBUG org.apache.http.client.protocol.RequestAuthCache - Auth cache not set in the context
11:50:42.417 [main] DEBUG org.apache.http.client.protocol.RequestProxyAuthentication - Proxy auth state: UNCHALLENGED
11:50:42.417 [main] DEBUG org.apache.http.impl.client.DefaultHttpClient - Attempt 1 to execute request
11:50:42.417 [main] DEBUG org.apache.http.impl.conn.DefaultClientConnection - Sending request: GET /kategori_produk HTTP/1.1
11:50:42.417 [main] DEBUG org.apache.http.wire -  >> "GET /kategori_produk HTTP/1.1[\r][\n]"
11:50:42.417 [main] DEBUG org.apache.http.wire -  >> "Authorization: Bearer eyJhbGciOiJIUzI1NiIsInR5cCI6IkpXVCJ9.eyJleHAiOjE2ODc3NzMwNDIsImlkIjo5NiwiaXNzIjoicXdlcnR5IiwibmFtZSI6IlNlYW4gMSJ9.pqbJvJJ35c1_2OHrluGNGVOk4YmSO2WnOl-3jCSAH-8[\r][\n]"
11:50:42.417 [main] DEBUG org.apache.http.wire -  >> "Accept: */*[\r][\n]"
11:50:42.417 [main] DEBUG org.apache.http.wire -  >> "Host: 167.172.66.247:8002[\r][\n]"
11:50:42.417 [main] DEBUG org.apache.http.wire -  >> "Connection: Keep-Alive[\r][\n]"
11:50:42.417 [main] DEBUG org.apache.http.wire -  >> "User-Agent: Apache-HttpClient/4.5.13 (Java/17.0.7)[\r][\n]"
11:50:42.417 [main] DEBUG org.apache.http.wire -  >> "Accept-Encoding: gzip,deflate[\r][\n]"
11:50:42.417 [main] DEBUG org.apache.http.wire -  >> "[\r][\n]"
11:50:42.417 [main] DEBUG org.apache.http.headers - >> GET /kategori_produk HTTP/1.1
11:50:42.417 [main] DEBUG org.apache.http.headers - >> Authorization: Bearer eyJhbGciOiJIUzI1NiIsInR5cCI6IkpXVCJ9.eyJleHAiOjE2ODc3NzMwNDIsImlkIjo5NiwiaXNzIjoicXdlcnR5IiwibmFtZSI6IlNlYW4gMSJ9.pqbJvJJ35c1_2OHrluGNGVOk4YmSO2WnOl-3jCSAH-8
11:50:42.417 [main] DEBUG org.apache.http.headers - >> Accept: */*
11:50:42.417 [main] DEBUG org.apache.http.headers - >> Host: 167.172.66.247:8002
11:50:42.417 [main] DEBUG org.apache.http.headers - >> Connection: Keep-Alive
11:50:42.417 [main] DEBUG org.apache.http.headers - >> User-Agent: Apache-HttpClient/4.5.13 (Java/17.0.7)
11:50:42.417 [main] DEBUG org.apache.http.headers - >> Accept-Encoding: gzip,deflate
11:50:42.487 [main] DEBUG org.apache.http.wire -  << "HTTP/1.1 200 OK[\r][\n]"
11:50:42.487 [main] DEBUG org.apache.http.wire -  << "Content-Type: application/json; charset=UTF-8[\r][\n]"
11:50:42.487 [main] DEBUG org.apache.http.wire -  << "Vary: Origin[\r][\n]"
11:50:42.487 [main] DEBUG org.apache.http.wire -  << "Date: Mon, 26 Jun 2023 04:50:42 GMT[\r][\n]"
11:50:42.487 [main] DEBUG org.apache.http.wire -  << "Content-Length: 966[\r][\n]"
11:50:42.487 [main] DEBUG org.apache.http.wire -  << "[\r][\n]"
11:50:42.487 [main] DEBUG org.apache.http.impl.conn.DefaultClientConnection - Receiving response: HTTP/1.1 200 OK
11:50:42.487 [main] DEBUG org.apache.http.headers - << HTTP/1.1 200 OK
11:50:42.487 [main] DEBUG org.apache.http.headers - << Content-Type: application/json; charset=UTF-8
11:50:42.487 [main] DEBUG org.apache.http.headers - << Vary: Origin
11:50:42.487 [main] DEBUG org.apache.http.headers - << Date: Mon, 26 Jun 2023 04:50:42 GMT
11:50:42.487 [main] DEBUG org.apache.http.headers - << Content-Length: 966
11:50:42.487 [main] DEBUG org.apache.http.impl.client.DefaultHttpClient - Connection can be kept alive indefinitely
11:50:42.487 [main] DEBUG io.restassured.internal.RestAssuredHttpBuilder - Parsing response as: application/json; charset=UTF-8
11:50:42.487 [main] DEBUG io.restassured.internal.RestAssuredHttpBuilder - Parsed data to instance of: class org.apache.http.conn.EofSensorInputStream
11:50:42.488 [main] DEBUG org.apache.http.wire -  << "{"data":{"data":[{"ID":34,"CreatedAt":"2023-06-25T14:17:38.826Z","UpdatedAt":"2023-06-25T14:46:59.631Z","DeletedAt":null,"nama":"Patung","deskripsi":"Patung ciri khas bali"},{"ID":35,"CreatedAt":"2023-06-25T15:52:54.596Z","UpdatedAt":"2023-06-25T15:52:54.596Z","DeletedAt":null,"nama":"Celana Chino","deskripsi":"Tersedia size 27, 28, 29 dan 30"},{"ID":36,"CreatedAt":"2023-06-25T16:33:33.249Z","UpdatedAt":"2023-06-25T16:33:33.249Z","DeletedAt":null,"nama":"Celana Chino","deskripsi":"Tersedia size 27, 28, 29 dan 30"},{"ID":37,"CreatedAt":"2023-06-25T16:39:42.634Z","UpdatedAt":"2023-06-25T16:39:42.634Z","DeletedAt":null,"nama":"Celana Chino","deskripsi":"Tersedia size 27, 28, 29 dan 30"},{"ID":38,"CreatedAt":"2023-06-25T16:47:20.818Z","UpdatedAt":"2023-06-25T16:47:20.818Z","DeletedAt":null,"nama":"Celana Chino","deskripsi":"Tersedia size 27, 28, 29 dan 30"}],"data_shown":5,"page":1,"total_data":5},"message":"Get all Kategori Produk success","status":true}[\n]"
11:50:42.488 [main] DEBUG org.apache.http.impl.conn.BasicClientConnectionManager - Releasing connection org.apache.http.impl.conn.ManagedClientConnectionImpl@1c06f19c
11:50:42.488 [main] DEBUG org.apache.http.impl.conn.BasicClientConnectionManager - Connection can be kept alive indefinitely
11:50:42.488 [main] DEBUG net.thucydides.core.steps.StepInterceptor - STEP DONE: user receive a valid login and category HTTP response code 200
  &amp#27;[32mThen &amp#27;[0m&amp#27;[32muser receive a valid login and category HTTP response code &amp#27;[0m&amp#27;[32m&amp#27;[1m200&amp#27;[0m &amp#27;[90m# starter.stepdefinitions.Mobile.CategorySteps.userReceiveAValidLoginAndCategoryHTTPResponseCode(int)&amp#27;[0m
11:50:42.489 [main] INFO  - 
  _____   ___   ___   _____     ___     _     ___   ___   ___   ___  
 |_   _| | __| / __| |_   _|   | _ \   /_\   / __| / __| | __| |   \ 
   | |   | _|  \__ \   | |     |  _/  / _ \  \__ \ \__ \ | _|  | |) |
   |_|   |___| |___/   |_|     |_|   /_/ \_\ |___/ |___/ |___| |___/ 

As user I can delete category data by ID
----------------------------------------------------------------------
]]></system-out>
  </testcase>
  <testcase name="As user, ensures that new event can be added correctly" classname="As user, I want to manage the event feature" time="0.408">
    <system-out><![CDATA[11:50:42.489 [main] INFO io.cucumber.core.plugin.SerenityReporter - Running feature from file:///Users/macbookpro/Documents/Capstone_API_CI/src/test/resources/Feature/Api/Mobile/Event.feature
11:50:42.489 [main] WARN io.cucumber.core.plugin.SerenityReporter - Feature from file:///Users/macbookpro/Documents/Capstone_API_CI/src/test/resources/Feature/Api/Mobile/Event.feature is not under the 'features' directory. Requirements report will not be correctly generated!
11:50:42.490 [main] DEBUG net.thucydides.core.steps.StepEventBus - Test suite started for story net.thucydides.core.model.Story@3b0468d0
11:50:42.490 [main] INFO  - Test Suite Started: As user, I want to manage the event feature

@TCEVENT05
Scenario: As user, ensures that new event can be added correctly             &amp#27;[90m# src/test/resources/Feature/Api/Mobile/Event.feature:4&amp#27;[0m
11:50:42.496 [main] INFO io.cucumber.core.plugin.SerenityReporter - Running feature from file:///Users/macbookpro/Documents/Capstone_API_CI/src/test/resources/Feature/Api/Mobile/Event.feature
11:50:42.496 [main] WARN io.cucumber.core.plugin.SerenityReporter - Feature from file:///Users/macbookpro/Documents/Capstone_API_CI/src/test/resources/Feature/Api/Mobile/Event.feature is not under the 'features' directory. Requirements report will not be correctly generated!
11:50:42.497 [main] INFO  - 
  _____   ___   ___   _____     ___   _____     _     ___   _____   ___   ___  
 |_   _| | __| / __| |_   _|   / __| |_   _|   /_\   | _ \ |_   _| | __| |   \ 
   | |   | _|  \__ \   | |     \__ \   | |    / _ \  |   /   | |   | _|  | |) |
   |_|   |___| |___/   |_|     |___/   |_|   /_/ \_\ |_|_\   |_|   |___| |___/ 

As user, ensures that new event can be added correctly(as-user--i-want-to-manage-the-event-feature;as-user--ensures-that-new-event-can-be-added-correctly)
--------------------------------------------------------------------------------
11:50:42.504 [main] DEBUG net.thucydides.core.steps.StepInterceptor - STARTING STEP: EventSteps.adminSetUpApiEndpointLoginEventInMobile - admin set up api endpoint login in event in mobile
11:50:42.504 [main] DEBUG net.thucydides.core.steps.StepInterceptor - STEP DONE: admin set up api endpoint login in event in mobile
  &amp#27;[32mGiven &amp#27;[0m&amp#27;[32muser set up api endpoint login in event in mobile&amp#27;[0m                    &amp#27;[90m# starter.stepdefinitions.Mobile.EventSteps.adminSetUpApiEndpointLoginEventInMobile()&amp#27;[0m
11:50:42.504 [main] DEBUG net.thucydides.core.steps.StepInterceptor - STARTING STEP: EventSteps.adminSendSAHTTPRequestLoginEventInMobile - admin send a HTTP request login in event in mobile
11:50:42.505 [main] DEBUG net.thucydides.core.steps.StepInterceptor - STARTING STEP: Event.adminSendSAHTTPRequestLoginEventInMobile - admin set up api endpoint login in event in mobile
11:50:42.505 [main] DEBUG net.thucydides.core.steps.StepInterceptor - STEP DONE: admin set up api endpoint login in event in mobile
11:50:42.507 [main] DEBUG org.apache.http.impl.conn.BasicClientConnectionManager - Get connection for route {}->http://167.172.66.247:8002
11:50:42.508 [main] DEBUG org.apache.http.impl.conn.DefaultClientConnectionOperator - Connecting to 167.172.66.247:8002
11:50:42.557 [main] DEBUG org.apache.http.client.protocol.RequestAddCookies - CookieSpec selected: ignoreCookies
11:50:42.557 [main] DEBUG org.apache.http.client.protocol.RequestAuthCache - Auth cache not set in the context
11:50:42.557 [main] DEBUG org.apache.http.client.protocol.RequestTargetAuthentication - Target auth state: UNCHALLENGED
11:50:42.557 [main] DEBUG org.apache.http.client.protocol.RequestProxyAuthentication - Proxy auth state: UNCHALLENGED
11:50:42.557 [main] DEBUG org.apache.http.impl.client.DefaultHttpClient - Attempt 1 to execute request
11:50:42.557 [main] DEBUG org.apache.http.impl.conn.DefaultClientConnection - Sending request: POST /user_login HTTP/1.1
11:50:42.557 [main] DEBUG org.apache.http.wire -  >> "POST /user_login HTTP/1.1[\r][\n]"
11:50:42.557 [main] DEBUG org.apache.http.wire -  >> "Accept: */*[\r][\n]"
11:50:42.557 [main] DEBUG org.apache.http.wire -  >> "Content-Type: application/json[\r][\n]"
11:50:42.557 [main] DEBUG org.apache.http.wire -  >> "Content-Length: 47[\r][\n]"
11:50:42.557 [main] DEBUG org.apache.http.wire -  >> "Host: 167.172.66.247:8002[\r][\n]"
11:50:42.557 [main] DEBUG org.apache.http.wire -  >> "Connection: Keep-Alive[\r][\n]"
11:50:42.557 [main] DEBUG org.apache.http.wire -  >> "User-Agent: Apache-HttpClient/4.5.13 (Java/17.0.7)[\r][\n]"
11:50:42.557 [main] DEBUG org.apache.http.wire -  >> "Accept-Encoding: gzip,deflate[\r][\n]"
11:50:42.557 [main] DEBUG org.apache.http.wire -  >> "[\r][\n]"
11:50:42.557 [main] DEBUG org.apache.http.headers - >> POST /user_login HTTP/1.1
11:50:42.557 [main] DEBUG org.apache.http.headers - >> Accept: */*
11:50:42.557 [main] DEBUG org.apache.http.headers - >> Content-Type: application/json
11:50:42.557 [main] DEBUG org.apache.http.headers - >> Content-Length: 47
11:50:42.557 [main] DEBUG org.apache.http.headers - >> Host: 167.172.66.247:8002
11:50:42.557 [main] DEBUG org.apache.http.headers - >> Connection: Keep-Alive
11:50:42.557 [main] DEBUG org.apache.http.headers - >> User-Agent: Apache-HttpClient/4.5.13 (Java/17.0.7)
11:50:42.557 [main] DEBUG org.apache.http.headers - >> Accept-Encoding: gzip,deflate
11:50:42.557 [main] DEBUG org.apache.http.wire -  >> "{"password":"123456","email":"sean1@gmail.com"}"
11:50:42.617 [main] DEBUG org.apache.http.wire -  << "HTTP/1.1 200 OK[\r][\n]"
11:50:42.617 [main] DEBUG org.apache.http.wire -  << "Content-Type: application/json; charset=UTF-8[\r][\n]"
11:50:42.617 [main] DEBUG org.apache.http.wire -  << "Vary: Origin[\r][\n]"
11:50:42.617 [main] DEBUG org.apache.http.wire -  << "Date: Mon, 26 Jun 2023 04:50:42 GMT[\r][\n]"
11:50:42.617 [main] DEBUG org.apache.http.wire -  << "Content-Length: 462[\r][\n]"
11:50:42.617 [main] DEBUG org.apache.http.wire -  << "[\r][\n]"
11:50:42.617 [main] DEBUG org.apache.http.impl.conn.DefaultClientConnection - Receiving response: HTTP/1.1 200 OK
11:50:42.617 [main] DEBUG org.apache.http.headers - << HTTP/1.1 200 OK
11:50:42.617 [main] DEBUG org.apache.http.headers - << Content-Type: application/json; charset=UTF-8
11:50:42.617 [main] DEBUG org.apache.http.headers - << Vary: Origin
11:50:42.617 [main] DEBUG org.apache.http.headers - << Date: Mon, 26 Jun 2023 04:50:42 GMT
11:50:42.617 [main] DEBUG org.apache.http.headers - << Content-Length: 462
11:50:42.617 [main] DEBUG org.apache.http.impl.client.DefaultHttpClient - Connection can be kept alive indefinitely
11:50:42.617 [main] DEBUG io.restassured.internal.RestAssuredHttpBuilder - Parsing response as: application/json; charset=UTF-8
11:50:42.617 [main] DEBUG io.restassured.internal.RestAssuredHttpBuilder - Parsed data to instance of: class org.apache.http.conn.EofSensorInputStream
11:50:42.618 [main] DEBUG org.apache.http.wire -  << "{"data":{"user":{"ID":96,"CreatedAt":"2023-06-25T14:27:36.534Z","UpdatedAt":"2023-06-25T14:27:36.534Z","DeletedAt":null,"nama":"Sean 1","foto_profile":"123","email":"sean1@gmail.com","password":"123456","no_telepon":"0811111111111","alamat":"Jl. 123"},"token":"eyJhbGciOiJIUzI1NiIsInR5cCI6IkpXVCJ9.eyJleHAiOjE2ODc3NzMwNDIsImlkIjo5NiwiaXNzIjoicXdlcnR5IiwibmFtZSI6IlNlYW4gMSJ9.pqbJvJJ35c1_2OHrluGNGVOk4YmSO2WnOl-3jCSAH-8"},"message":"Login success","status":true}[\n]"
11:50:42.618 [main] DEBUG org.apache.http.impl.conn.BasicClientConnectionManager - Releasing connection org.apache.http.impl.conn.ManagedClientConnectionImpl@193d7ac7
11:50:42.618 [main] DEBUG org.apache.http.impl.conn.BasicClientConnectionManager - Connection can be kept alive indefinitely
11:50:42.623 [main] DEBUG net.thucydides.core.steps.StepInterceptor - STEP DONE: admin send a HTTP request login in event in mobile
  &amp#27;[32mWhen &amp#27;[0m&amp#27;[32muser send a HTTP request login in event in mobile&amp#27;[0m                     &amp#27;[90m# starter.stepdefinitions.Mobile.EventSteps.adminSendSAHTTPRequestLoginEventInMobile()&amp#27;[0m
11:50:42.624 [main] DEBUG net.thucydides.core.steps.StepInterceptor - STARTING STEP: EventSteps.adminSetThePOSTApiEndpointEventInMobile - admin set the POST api endpoint event in mobile
11:50:42.624 [main] DEBUG net.thucydides.core.steps.StepInterceptor - STEP DONE: admin set the POST api endpoint event in mobile
  &amp#27;[32mAnd &amp#27;[0m&amp#27;[32muser set the POST api endpoint event in mobile&amp#27;[0m                         &amp#27;[90m# starter.stepdefinitions.Mobile.EventSteps.adminSetThePOSTApiEndpointEventInMobile()&amp#27;[0m
11:50:42.625 [main] DEBUG net.thucydides.core.steps.StepInterceptor - STARTING STEP: EventSteps.adminSentHTTPPOSTRequestPostEventInMobile - admin sent HTTP POST request post event in mobile
11:50:42.625 [main] DEBUG net.thucydides.core.steps.StepInterceptor - STARTING STEP: Event.adminSentHTTPPOSTRequestPostEventInMobile - admin set the POST api endpoint event in mobile
11:50:42.625 [main] DEBUG net.thucydides.core.steps.StepInterceptor - STEP DONE: admin set the POST api endpoint event in mobile
11:50:42.627 [main] DEBUG org.apache.http.impl.conn.BasicClientConnectionManager - Get connection for route {}->http://167.172.66.247:8002
11:50:42.628 [main] DEBUG org.apache.http.impl.conn.DefaultClientConnectionOperator - Connecting to 167.172.66.247:8002
11:50:42.657 [main] DEBUG org.apache.http.client.protocol.RequestAddCookies - CookieSpec selected: ignoreCookies
11:50:42.657 [main] DEBUG org.apache.http.client.protocol.RequestAuthCache - Auth cache not set in the context
11:50:42.657 [main] DEBUG org.apache.http.client.protocol.RequestTargetAuthentication - Target auth state: UNCHALLENGED
11:50:42.657 [main] DEBUG org.apache.http.client.protocol.RequestProxyAuthentication - Proxy auth state: UNCHALLENGED
11:50:42.657 [main] DEBUG org.apache.http.impl.client.DefaultHttpClient - Attempt 1 to execute request
11:50:42.657 [main] DEBUG org.apache.http.impl.conn.DefaultClientConnection - Sending request: POST /event HTTP/1.1
11:50:42.657 [main] DEBUG org.apache.http.wire -  >> "POST /event HTTP/1.1[\r][\n]"
11:50:42.657 [main] DEBUG org.apache.http.wire -  >> "Accept: */*[\r][\n]"
11:50:42.657 [main] DEBUG org.apache.http.wire -  >> "Content-Type: application/json[\r][\n]"
11:50:42.657 [main] DEBUG org.apache.http.wire -  >> "Content-Length: 274[\r][\n]"
11:50:42.657 [main] DEBUG org.apache.http.wire -  >> "Host: 167.172.66.247:8002[\r][\n]"
11:50:42.657 [main] DEBUG org.apache.http.wire -  >> "Connection: Keep-Alive[\r][\n]"
11:50:42.657 [main] DEBUG org.apache.http.wire -  >> "User-Agent: Apache-HttpClient/4.5.13 (Java/17.0.7)[\r][\n]"
11:50:42.657 [main] DEBUG org.apache.http.wire -  >> "Accept-Encoding: gzip,deflate[\r][\n]"
11:50:42.657 [main] DEBUG org.apache.http.wire -  >> "[\r][\n]"
11:50:42.657 [main] DEBUG org.apache.http.headers - >> POST /event HTTP/1.1
11:50:42.657 [main] DEBUG org.apache.http.headers - >> Accept: */*
11:50:42.657 [main] DEBUG org.apache.http.headers - >> Content-Type: application/json
11:50:42.657 [main] DEBUG org.apache.http.headers - >> Content-Length: 274
11:50:42.657 [main] DEBUG org.apache.http.headers - >> Host: 167.172.66.247:8002
11:50:42.657 [main] DEBUG org.apache.http.headers - >> Connection: Keep-Alive
11:50:42.657 [main] DEBUG org.apache.http.headers - >> User-Agent: Apache-HttpClient/4.5.13 (Java/17.0.7)
11:50:42.657 [main] DEBUG org.apache.http.headers - >> Accept-Encoding: gzip,deflate
11:50:42.657 [main] DEBUG org.apache.http.wire -  >> "[[\n]"
11:50:42.657 [main] DEBUG org.apache.http.wire -  >> "{"waktu_selesai":"12.00","artikel_id":"1","harga_tiket":45000,"nama":"Kecak 2","tanggal_selesai":"12 Desember 2012","lokasi":"Jln. 123","tanggal_mulai":"12 Desember 2012","deskripsi":"Lorem Ipsum","gambar":"123","link_lokasi":"123","stok_tiket":15,"waktu_mulai":"10.00"}[\n]"
11:50:42.657 [main] DEBUG org.apache.http.wire -  >> "]"
11:50:42.717 [main] DEBUG org.apache.http.wire -  << "HTTP/1.1 400 Bad Request[\r][\n]"
11:50:42.717 [main] DEBUG org.apache.http.wire -  << "Content-Type: application/json; charset=UTF-8[\r][\n]"
11:50:42.717 [main] DEBUG org.apache.http.wire -  << "Vary: Origin[\r][\n]"
11:50:42.717 [main] DEBUG org.apache.http.wire -  << "Date: Mon, 26 Jun 2023 04:50:42 GMT[\r][\n]"
11:50:42.717 [main] DEBUG org.apache.http.wire -  << "Content-Length: 39[\r][\n]"
11:50:42.717 [main] DEBUG org.apache.http.wire -  << "[\r][\n]"
11:50:42.717 [main] DEBUG org.apache.http.impl.conn.DefaultClientConnection - Receiving response: HTTP/1.1 400 Bad Request
11:50:42.717 [main] DEBUG org.apache.http.headers - << HTTP/1.1 400 Bad Request
11:50:42.717 [main] DEBUG org.apache.http.headers - << Content-Type: application/json; charset=UTF-8
11:50:42.717 [main] DEBUG org.apache.http.headers - << Vary: Origin
11:50:42.717 [main] DEBUG org.apache.http.headers - << Date: Mon, 26 Jun 2023 04:50:42 GMT
11:50:42.717 [main] DEBUG org.apache.http.headers - << Content-Length: 39
11:50:42.717 [main] DEBUG org.apache.http.impl.client.DefaultHttpClient - Connection can be kept alive indefinitely
11:50:42.717 [main] DEBUG io.restassured.internal.RestAssuredHttpBuilder - Parsing response as: application/json; charset=UTF-8
11:50:42.717 [main] DEBUG io.restassured.internal.RestAssuredHttpBuilder - Parsed data to instance of: class org.apache.http.conn.EofSensorInputStream
11:50:42.718 [main] DEBUG org.apache.http.wire -  << "{"message":"missing or malformed jwt"}[\n]"
11:50:42.718 [main] DEBUG org.apache.http.impl.conn.BasicClientConnectionManager - Releasing connection org.apache.http.impl.conn.ManagedClientConnectionImpl@7272914b
11:50:42.718 [main] DEBUG org.apache.http.impl.conn.BasicClientConnectionManager - Connection can be kept alive indefinitely
11:50:42.718 [main] DEBUG net.thucydides.core.steps.StepInterceptor - STEP DONE: admin sent HTTP POST request post event in mobile
  &amp#27;[32mAnd &amp#27;[0m&amp#27;[32muser sent HTTP POST request post event in mobile&amp#27;[0m                       &amp#27;[90m# starter.stepdefinitions.Mobile.EventSteps.adminSentHTTPPOSTRequestPostEventInMobile()&amp#27;[0m
11:50:42.719 [main] DEBUG net.thucydides.core.steps.StepInterceptor - STARTING STEP: EventSteps.adminReceiveAValidLoginAndEventHTTPResponseCode200InMobile - admin receive a valid login and event HTTP response code 200 in mobile
11:50:42.720 [main] DEBUG net.thucydides.core.steps.StepInterceptor - STARTING STEP: Event.adminReceiveAValidLoginAndEventHTTPResponseCode200InMobile - admin set the POST api endpoint event in mobile
11:50:42.720 [main] DEBUG net.thucydides.core.steps.StepInterceptor - STEP DONE: admin set the POST api endpoint event in mobile
11:50:42.723 [main] DEBUG org.apache.http.impl.conn.BasicClientConnectionManager - Get connection for route {}->http://167.172.66.247:8002
11:50:42.723 [main] DEBUG org.apache.http.impl.conn.DefaultClientConnectionOperator - Connecting to 167.172.66.247:8002
11:50:42.757 [main] DEBUG org.apache.http.client.protocol.RequestAddCookies - CookieSpec selected: ignoreCookies
11:50:42.757 [main] DEBUG org.apache.http.client.protocol.RequestAuthCache - Auth cache not set in the context
11:50:42.757 [main] DEBUG org.apache.http.client.protocol.RequestProxyAuthentication - Proxy auth state: UNCHALLENGED
11:50:42.757 [main] DEBUG org.apache.http.impl.client.DefaultHttpClient - Attempt 1 to execute request
11:50:42.757 [main] DEBUG org.apache.http.impl.conn.DefaultClientConnection - Sending request: GET /event HTTP/1.1
11:50:42.757 [main] DEBUG org.apache.http.wire -  >> "GET /event HTTP/1.1[\r][\n]"
11:50:42.757 [main] DEBUG org.apache.http.wire -  >> "Authorization: Bearer eyJhbGciOiJIUzI1NiIsInR5cCI6IkpXVCJ9.eyJleHAiOjE2ODc3NzMwNDIsImlkIjo5NiwiaXNzIjoicXdlcnR5IiwibmFtZSI6IlNlYW4gMSJ9.pqbJvJJ35c1_2OHrluGNGVOk4YmSO2WnOl-3jCSAH-8[\r][\n]"
11:50:42.757 [main] DEBUG org.apache.http.wire -  >> "Accept: */*[\r][\n]"
11:50:42.757 [main] DEBUG org.apache.http.wire -  >> "Host: 167.172.66.247:8002[\r][\n]"
11:50:42.757 [main] DEBUG org.apache.http.wire -  >> "Connection: Keep-Alive[\r][\n]"
11:50:42.757 [main] DEBUG org.apache.http.wire -  >> "User-Agent: Apache-HttpClient/4.5.13 (Java/17.0.7)[\r][\n]"
11:50:42.757 [main] DEBUG org.apache.http.wire -  >> "Accept-Encoding: gzip,deflate[\r][\n]"
11:50:42.757 [main] DEBUG org.apache.http.wire -  >> "[\r][\n]"
11:50:42.757 [main] DEBUG org.apache.http.headers - >> GET /event HTTP/1.1
11:50:42.757 [main] DEBUG org.apache.http.headers - >> Authorization: Bearer eyJhbGciOiJIUzI1NiIsInR5cCI6IkpXVCJ9.eyJleHAiOjE2ODc3NzMwNDIsImlkIjo5NiwiaXNzIjoicXdlcnR5IiwibmFtZSI6IlNlYW4gMSJ9.pqbJvJJ35c1_2OHrluGNGVOk4YmSO2WnOl-3jCSAH-8
11:50:42.757 [main] DEBUG org.apache.http.headers - >> Accept: */*
11:50:42.757 [main] DEBUG org.apache.http.headers - >> Host: 167.172.66.247:8002
11:50:42.757 [main] DEBUG org.apache.http.headers - >> Connection: Keep-Alive
11:50:42.757 [main] DEBUG org.apache.http.headers - >> User-Agent: Apache-HttpClient/4.5.13 (Java/17.0.7)
11:50:42.757 [main] DEBUG org.apache.http.headers - >> Accept-Encoding: gzip,deflate
11:50:42.817 [main] DEBUG org.apache.http.wire -  << "HTTP/1.1 200 OK[\r][\n]"
11:50:42.817 [main] DEBUG org.apache.http.wire -  << "Content-Type: application/json; charset=UTF-8[\r][\n]"
11:50:42.817 [main] DEBUG org.apache.http.wire -  << "Vary: Origin[\r][\n]"
11:50:42.817 [main] DEBUG org.apache.http.wire -  << "Date: Mon, 26 Jun 2023 04:50:42 GMT[\r][\n]"
11:50:42.817 [main] DEBUG org.apache.http.wire -  << "Transfer-Encoding: chunked[\r][\n]"
11:50:42.817 [main] DEBUG org.apache.http.wire -  << "[\r][\n]"
11:50:42.817 [main] DEBUG org.apache.http.impl.conn.DefaultClientConnection - Receiving response: HTTP/1.1 200 OK
11:50:42.817 [main] DEBUG org.apache.http.headers - << HTTP/1.1 200 OK
11:50:42.817 [main] DEBUG org.apache.http.headers - << Content-Type: application/json; charset=UTF-8
11:50:42.817 [main] DEBUG org.apache.http.headers - << Vary: Origin
11:50:42.817 [main] DEBUG org.apache.http.headers - << Date: Mon, 26 Jun 2023 04:50:42 GMT
11:50:42.817 [main] DEBUG org.apache.http.headers - << Transfer-Encoding: chunked
11:50:42.817 [main] DEBUG org.apache.http.impl.client.DefaultHttpClient - Connection can be kept alive indefinitely
11:50:42.818 [main] DEBUG io.restassured.internal.RestAssuredHttpBuilder - Parsing response as: application/json; charset=UTF-8
11:50:42.818 [main] DEBUG io.restassured.internal.RestAssuredHttpBuilder - Parsed data to instance of: class org.apache.http.conn.EofSensorInputStream
11:50:42.819 [main] DEBUG org.apache.http.wire -  << "27eb[\r][\n]"
11:50:42.819 [main] DEBUG org.apache.http.wire -  << "{"data":{"data":[{"ID":85,"CreatedAt":"2023-06-25T06:43:54.874Z","UpdatedAt":"2023-06-25T13:48:26.219Z","DeletedAt":null,"artikel_id":"98","gambar":"123","nama":"Drama Gong","deskripsi":"Gong adalah serangkaian alat seni musik yang terdiri dari berbagai macam gamelan. Gong memang kerap menjadi pengiring pertunjukan seni lain. Namun drama Gong juga dapat berdiri sendiri dengan kolaborasi seni pertunjukan kontemporer. Kamu akan menyaksikan bagaimana para pemain alat musik ini bernyanyi dalam bahasa Sansekerta dan bahasa Bali klasik. Nyanyian tersebut menceritakan berbagai tema, seperti sejarah, percintaan, kepahlawanan, dan sebagainya. Pertunjukan ini hanya bisa kamu saksikan pada upacara spesial atau hari tertentu saja.","harga_tiket":45000,"stok_tiket":400,"waktu_mulai":"13:00 WITA","waktu_selesai":"14:00 WITA","tanggal_mulai":"13 Juli 2023","tanggal_selesai":"14 Juli 2023","lokasi":"Ubud, Bali","link_lokasi":"https://goo.gl/maps/fCBRPeGyGq8uR4yE7"},{"ID":86,"CreatedAt":"2023-06-25T06:46:44.184Z","UpdatedAt":"2023-06-25T13:57:49.129Z","DeletedAt":null,"artikel_id":"101","gambar":"123","nama":"Rumah Adat Bali","deskripsi":"Kesenian tidak hanya berbentuk pertunjukan, tapi juga seni rupa seperti rumah adat. Rumah Adat Bali memiliki filosofi Tri Hita Karana atau tiga unsur kehidupan. Yakni harmoni antara manusia dengan manusia, harmoni dengan alam, dan harmoni dengan yang diyakini atau Tuhan.\nFilosofi ini kemudian menjadi dasar untuk membangun rumah Adat Bali. Dasar ini dituangkan dalam aturan yang disebut Asta Kosala Kosali, yaitu aturan membangun rumah dalam masyarakat Bali dengan menentukan luas dan tata letak dalam ruangan.\n","harga_tiket":50000,"stok_tiket":200,"waktu_mulai":"13.00 WITA","waktu_selesai":"15.00 WITA","tanggal_mulai":"7 Juli 2023","tanggal_selesai":"10 Juli 2023","lokasi":"Ubud, Bali","link_lokasi":"https://goo.gl/maps/fCBRPeGyGq8uR4yE7"},{"ID":88,"CreatedAt":"2023-06-25T12:09:44.602Z","UpdatedAt":"2023-06-25T13:57:57.581Z","DeletedAt":null,"artikel_id":"93","gambar":"[object File]","nama":"Tari Kecak","deskripsi":"Tari kecak merupakan pertunjukkan seni khas Bali yang menggabungkan drama dan tari. Tari Kecak memiliki makna berupa kisah Ramayana. Tari Kecak menggambarkan kisah penculikan Dewi Sinta oleh Rahwana, kemudian Rama berusaha membebaskan istrinya tersebut dengan berbagai cara.\nKeunikan tari Kecak adalah ditampilkan tanpa iringan alat musik. Sepanjang tarian, para penari yang berjumlah sekitar 70 orang akan duduk melingkar sambil melantunkan 'cak cak cak', yang kemudian menjadi asal-usul nama tari Kecak. Tari Kecak sendiri diinisiasi oleh dua tokoh yakn"
11:50:42.837 [main] DEBUG org.apache.http.wire -  << "i Wayan Limbak yang merupakan penari Bali dan Walter Spies, seorang seniman lukis asal Jerman yang ingin menyajikan kisah Ramayana dalam bentuk tarian.\n","harga_tiket":0,"stok_tiket":0,"waktu_mulai":"19:00 WITA","waktu_selesai":"20:00 WITA","tanggal_mulai":"25 Juni 2023","tanggal_selesai":"27 Juni 2023","lokasi":"Ubud, Bali","link_lokasi":"https://goo.gl/maps/fCBRPeGyGq8uR4yE7"},{"ID":89,"CreatedAt":"2023-06-25T12:12:32.841Z","UpdatedAt":"2023-06-25T13:58:43.971Z","DeletedAt":null,"artikel_id":"99","gambar":"[object File]","nama":"Omed-omedan","deskripsi":"Tradisi ini termasuk unik dan menjadi daya tarik juga bagi wisatawan dari luar Bali. Omed-omedan artinya tarik-menarik dalam bahasa Indonesia. Omed-omedan dilakukan dengan berciuman antara ratusan anak muda Bali.\nNamun, tradisi ini lebih bertujuan untuk mempererat kekeluargaan dan kebersamaan secara adat, bukan untuk nafsu birahi. Anak muda dibagi ke dalam dua kelompok, yakni laki-laki dan perempuan. Mereka saling berhadapan, kemudian saat musik gamelan dimainkan, pemuda dan pemudi ini akan melakukan gelut (peluk), diman (cium), dan kedengin (tarik) sesuai dengan lirik lagu yang dinyanyikan.\n","harga_tiket":0,"stok_tiket":0,"waktu_mulai":"15:00 WITA","waktu_selesai":"17:00 WITA","tanggal_mulai":"14 Agustus 2023","tanggal_selesai":"16 Agustus 2023","lokasi":"Ubud, Bali","link_lokasi":"https://goo.gl/maps/fCBRPeGyGq8uR4yE7"},{"ID":90,"CreatedAt":"2023-06-25T12:28:41.189Z","UpdatedAt":"2023-06-25T13:58:53.813Z","DeletedAt":null,"artikel_id":"102","gambar":"[object File]","nama":"Tari Pendet","deskripsi":"Tari Pendet merupakan tarian tradisional paling populer di Bali.  Makna Gerakan, dan Pola Lantainya', keunikan tari Pendet ada pada gerakan lirikan mata dan properti yang digunakan.\n\nTari Pendet diperagakan bersama iringan musik gamelan. Berbagai gerakan dalam tari Pendet memiliki nama tersendiri. Misalnya gerakan mata ke kanan dan kiri disebut nyeledet, sedangkan gerakan mata memutar disebut ngiler. Kemudian mimik wajah penari Pendet yang selalu tersenyum dinamakan entiah tjerengu.","harga_tiket":100000,"stok_tiket":250,"waktu_mulai":"12:00 WITA","waktu_selesai":"14:00 WITA","tanggal_mulai":"1 Agustus 2023","tanggal_selesai":"5 Agustus 2023","lokasi":"Ubud, Bali","link_lokasi":"https://goo.gl/maps/fCBRPeGyGq8uR4yE7"},{"ID":91,"CreatedAt":"2023-06-25T12:30:59.728Z","UpdatedAt":"2023-06-25T13:59:03.195Z","DeletedAt":null,"artikel_id":"97","gambar":"C:\\fakepath\\wisata.png","nama":"Tari Barong","deskripsi":"Tari Barong adalah tarian yang sering diasosiasikan dengan hal spiritual dan menggambarkan pertempuran klasik antara kebaikan dan kejahatan.\nSalah satu tokoh utama dalam tarian ini berwujud seperti singa. Barong dikatakan sebagai raja roh yang mewakili kebajikan dan dikenal sebagai sosok pelindung. Sementara lawan atau musuh bebuyutan barong bernama Rangda. Rangda merupakan ratu iblis yang memimpin pasukan penyihir jahat.\nTari Barong memiliki makna untuk menjaga keseimbangan antara kedua hal yang saling bertentangan, kebaikan dan kejahatan. Ada 6 jenis tari barong yang berbeda-beda untuk setiap wilayah di Bali.Yakni Barong keket, Barong Bangkal, Barong Landung, Barong Asu, Barong Macan, dan Barong Gajah.\n","harga_tiket":75000,"stok_tiket":200,"waktu_mulai":"13:00 WITA","waktu_selesai":"15:00 WITA","tanggal_mulai":"10 Agustus 2023","tanggal_selesai":"14 Agustus 2023","lokasi":"Ubud, Bali","link_lokasi":"https://goo.gl/maps/fCBRPeGyGq8uR4yE7"},{"ID":92,"CreatedAt":"2023-06-25T12:32:22.485Z","UpdatedAt":"2023-06-25T13:59:12.368Z","DeletedAt":null,"artikel_id":"103","gambar":"C:\\fakepath\\wisata.png","nama":"Ogoh-ogoh","deskripsi":"Tradisi ini merupakan salah satu kegiatan budaya yang hampir selalu dilaksanakan penganut agama Hindu di Bali. Mengutip Kadek Winarta dari Universitas Negeri Makassar, Ogoh-ogoh mulanya merupakan tradisi ngelewang oleh kesenian Ndong-nding dari Gianyar dan Karang Asem. Ogoh-ogoh diyakini merupakan perwujudan raja Jaya Pangus dan putri Kang Cing Wei sebagai Barong Landung.\nTradisi Ogoh-ogoh bermakna sebagai keseimbangan antara sisi positif dan negatif dalam diri manusia. Sisi negatif sendiri tidak diharapkan hilang tetapi dipertahankan dengan kadar yang sama dengan sisi positif sehingga sisi negatif akan menjadi netral.\n","harga_tiket":0,"stok_tiket":0,"waktu_mulai":"20:00 WITA","waktu_selesai":"23:00 WITA","tanggal_mulai":"13 Agustus 2023","tanggal_selesai":"13 Agustus 2023","lokasi":"Ubud, Bali","link_lokasi":"https://goo.gl/maps/fCBRPeGyGq8uR4yE7"},{"ID":93,"CreatedAt":"2023-06-25T12:33:59.904Z","UpdatedAt":"2023-06-25T13:59:22.066Z","DeletedAt":null,"artikel_id":"100","gambar":"C:\\fakepath\\wisata.png","nama":"Drama Tari Calonarang","deskripsi":"Calonarang adalah tokoh utama dalam seni tari ini yang identik dengan wajah seram dan menakutkan. Karena dalam kepercayaan Hindu Bali, Calonarang adalah wujud kekuatan mistis yang nantinya akan diseimbangkan oleh kekuatan ilmu putih. Seni drama tari Calonarang sering dikolaborasikan dengan seni tari lain, seperti drama Gong, tari Barong, dan sebagainya. Pertunjukannya pun tidak bisa di sembarang tempat karena tema horor yang dimilikinya. Jadi seni drama tari Calonarang sangat menarik untuk disaksikan. Bagaimana peperangan antara hal baik dan hal jahat ditunjukkan dalam seni tarian yang indah.","harga_tiket":80000,"stok_tiket":150,"waktu_mulai":"20:00 WITA","waktu_selesai":"21:00 WITA","tanggal_mulai":"15 Juli 2023 ","tanggal_selesai":"20 Juli 2023","l"
11:50:42.847 [main] DEBUG org.apache.http.wire -  << "okasi":"Ubud, Bali","link_lokasi":"https://goo.gl/maps/fCBRPeGyGq8uR4yE7"},{"ID":94,"CreatedAt":"2023-06-25T12:36:04.17Z","UpdatedAt":"2023-06-25T13:59:35.25Z","DeletedAt":null,"artikel_id":"95","gambar":"C:\\fakepath\\wisata.png","nama":"Tari Legong","deskripsi":"Kesenian tradisional Bali berikutnya yang harus disaksikan adalah Tari Legong. Tari Legong dibawakan oleh perempuan dengan gerakan yang terstruktur. Daya tarik utama dari pertunjukan seni ini adalah kesesuaian antara mata dan tangan penari dengan alat musik gamelan yang mengiringinya, yaiti Gamelan Semar Pagulingan. Berasal dari kata [0xe2][0x80][0x9c]Leg[0xe2][0x80][0x9d] yang berarti luwes dan [0xe2][0x80][0x9c]Gong[0xe2][0x80][0x9d] adalah alat musik yang mengiringinya, tarian ini lebih sering disebut sebagai Tari Bali. Selain gerakannya yang lembut, riasan dan busana tradisional Bali yang cantik akan membuatmu terpana.","harga_tiket":90000,"stok_tiket":300,"waktu_mulai":"15:00 WITA","waktu_selesai":"17:00 WITA","tanggal_mulai":"1 Juli 2023","tanggal_selesai":"10 Juli 2023","lokasi":"Ubud, Bali","link_lokasi":"https://goo.gl/maps/fCBRPeGyGq8uR4yE7"},{"ID":95,"CreatedAt":"2023-06-25T12:37:12.327Z","UpdatedAt":"2023-06-25T13:59:47.985Z","DeletedAt":null,"artikel_id":"104","gambar":"C:\\fakepath\\wisata.png","nama":"Mekare-Kare","deskripsi":"Bagi penduduk pria di kawasan Tenganan, Karangasem, Bali, upacara Mekare-Kare adalah ajang untuk menunjukkan kehebatannya. Me"
11:50:42.887 [main] DEBUG org.apache.http.wire -  << "reka akan bertarung dan melakukan segala cara untuk memenangkan perang yang senjatanya adalah daun pandan yang memiliki duri tajam. \nMekare-Kare dilakukan setiap tahunnya untuk menghormati Indra yang merupakan dewa perang dalam Hindu. Dengan melakukan upacara ini, semua pria di desa akan dianggap kuat dan mampu melakukan perang. Upacara ini biasanya akan diadakan pada awal Juni setiap tahunnya.\n","harga_tiket":0,"stok_tiket":0,"waktu_mulai":"16:00 WITA","waktu_selesai":"17:00 WITA","tanggal_mulai":"20 Juli 2023","tanggal_selesai":"20 Juli 2023","lokasi":"Ubud, Bali","link_lokasi":"https://goo.gl/maps/fCBRPeGyGq8uR4yE7"}],"data_shown":10,"page":1,"total_data":11},"message":"Get all Event success","status":true}[\n]"
11:50:42.887 [main] DEBUG org.apache.http.wire -  << "[\r][\n]"
11:50:42.887 [main] DEBUG org.apache.http.wire -  << "0[\r][\n]"
11:50:42.887 [main] DEBUG org.apache.http.wire -  << "[\r][\n]"
11:50:42.887 [main] DEBUG org.apache.http.impl.conn.BasicClientConnectionManager - Releasing connection org.apache.http.impl.conn.ManagedClientConnectionImpl@712e4b18
11:50:42.887 [main] DEBUG org.apache.http.impl.conn.BasicClientConnectionManager - Connection can be kept alive indefinitely
11:50:42.895 [main] DEBUG net.thucydides.core.steps.StepInterceptor - STEP DONE: admin receive a valid login and event HTTP response code 200 in mobile
  &amp#27;[32mThen &amp#27;[0m&amp#27;[32muser receive a valid login and event HTTP response code 200 in mobile&amp#27;[0m &amp#27;[90m# starter.stepdefinitions.Mobile.EventSteps.adminReceiveAValidLoginAndEventHTTPResponseCode200InMobile()&amp#27;[0m
11:50:42.897 [main] INFO  - 
  _____   ___   ___   _____     ___     _     ___   ___   ___   ___  
 |_   _| | __| / __| |_   _|   | _ \   /_\   / __| / __| | __| |   \ 
   | |   | _|  \__ \   | |     |  _/  / _ \  \__ \ \__ \ | _|  | |) |
   |_|   |___| |___/   |_|     |_|   /_/ \_\ |___/ |___/ |___| |___/ 

As user, ensures that new event can be added correctly
----------------------------------------------------------------------
]]></system-out>
  </testcase>
  <testcase name="As user, I can get all event data" classname="As user, I want to manage the event feature" time="0.421">
    <system-out><![CDATA[
@TCEVENT06
Scenario: As user, I can get all event data                                  &amp#27;[90m# src/test/resources/Feature/Api/Mobile/Event.feature:13&amp#27;[0m
11:50:42.908 [main] INFO io.cucumber.core.plugin.SerenityReporter - Running feature from file:///Users/macbookpro/Documents/Capstone_API_CI/src/test/resources/Feature/Api/Mobile/Event.feature
11:50:42.908 [main] WARN io.cucumber.core.plugin.SerenityReporter - Feature from file:///Users/macbookpro/Documents/Capstone_API_CI/src/test/resources/Feature/Api/Mobile/Event.feature is not under the 'features' directory. Requirements report will not be correctly generated!
11:50:42.909 [main] INFO  - 
  _____   ___   ___   _____     ___   _____     _     ___   _____   ___   ___  
 |_   _| | __| / __| |_   _|   / __| |_   _|   /_\   | _ \ |_   _| | __| |   \ 
   | |   | _|  \__ \   | |     \__ \   | |    / _ \  |   /   | |   | _|  | |) |
   |_|   |___| |___/   |_|     |___/   |_|   /_/ \_\ |_|_\   |_|   |___| |___/ 

As user, I can get all event data(as-user--i-want-to-manage-the-event-feature;as-user--i-can-get-all-event-data)
--------------------------------------------------------------------------------
11:50:42.912 [main] DEBUG net.thucydides.core.steps.StepInterceptor - STARTING STEP: EventSteps.adminSetUpApiEndpointLoginEventInMobile - admin set up api endpoint login in event in mobile
11:50:42.912 [main] DEBUG net.thucydides.core.steps.StepInterceptor - STEP DONE: admin set up api endpoint login in event in mobile
  &amp#27;[32mGiven &amp#27;[0m&amp#27;[32muser set up api endpoint login in event in mobile&amp#27;[0m                    &amp#27;[90m# starter.stepdefinitions.Mobile.EventSteps.adminSetUpApiEndpointLoginEventInMobile()&amp#27;[0m
11:50:42.913 [main] DEBUG net.thucydides.core.steps.StepInterceptor - STARTING STEP: EventSteps.adminSendSAHTTPRequestLoginEventInMobile - admin send a HTTP request login in event in mobile
11:50:42.913 [main] DEBUG net.thucydides.core.steps.StepInterceptor - STARTING STEP: Event.adminSendSAHTTPRequestLoginEventInMobile - admin set up api endpoint login in event in mobile
11:50:42.913 [main] DEBUG net.thucydides.core.steps.StepInterceptor - STEP DONE: admin set up api endpoint login in event in mobile
11:50:42.916 [main] DEBUG org.apache.http.impl.conn.BasicClientConnectionManager - Get connection for route {}->http://167.172.66.247:8002
11:50:42.916 [main] DEBUG org.apache.http.impl.conn.DefaultClientConnectionOperator - Connecting to 167.172.66.247:8002
11:50:42.947 [main] DEBUG org.apache.http.client.protocol.RequestAddCookies - CookieSpec selected: ignoreCookies
11:50:42.947 [main] DEBUG org.apache.http.client.protocol.RequestAuthCache - Auth cache not set in the context
11:50:42.947 [main] DEBUG org.apache.http.client.protocol.RequestTargetAuthentication - Target auth state: UNCHALLENGED
11:50:42.947 [main] DEBUG org.apache.http.client.protocol.RequestProxyAuthentication - Proxy auth state: UNCHALLENGED
11:50:42.947 [main] DEBUG org.apache.http.impl.client.DefaultHttpClient - Attempt 1 to execute request
11:50:42.947 [main] DEBUG org.apache.http.impl.conn.DefaultClientConnection - Sending request: POST /user_login HTTP/1.1
11:50:42.947 [main] DEBUG org.apache.http.wire -  >> "POST /user_login HTTP/1.1[\r][\n]"
11:50:42.947 [main] DEBUG org.apache.http.wire -  >> "Accept: */*[\r][\n]"
11:50:42.947 [main] DEBUG org.apache.http.wire -  >> "Content-Type: application/json[\r][\n]"
11:50:42.947 [main] DEBUG org.apache.http.wire -  >> "Content-Length: 47[\r][\n]"
11:50:42.947 [main] DEBUG org.apache.http.wire -  >> "Host: 167.172.66.247:8002[\r][\n]"
11:50:42.947 [main] DEBUG org.apache.http.wire -  >> "Connection: Keep-Alive[\r][\n]"
11:50:42.947 [main] DEBUG org.apache.http.wire -  >> "User-Agent: Apache-HttpClient/4.5.13 (Java/17.0.7)[\r][\n]"
11:50:42.947 [main] DEBUG org.apache.http.wire -  >> "Accept-Encoding: gzip,deflate[\r][\n]"
11:50:42.947 [main] DEBUG org.apache.http.wire -  >> "[\r][\n]"
11:50:42.947 [main] DEBUG org.apache.http.headers - >> POST /user_login HTTP/1.1
11:50:42.947 [main] DEBUG org.apache.http.headers - >> Accept: */*
11:50:42.947 [main] DEBUG org.apache.http.headers - >> Content-Type: application/json
11:50:42.947 [main] DEBUG org.apache.http.headers - >> Content-Length: 47
11:50:42.947 [main] DEBUG org.apache.http.headers - >> Host: 167.172.66.247:8002
11:50:42.947 [main] DEBUG org.apache.http.headers - >> Connection: Keep-Alive
11:50:42.947 [main] DEBUG org.apache.http.headers - >> User-Agent: Apache-HttpClient/4.5.13 (Java/17.0.7)
11:50:42.947 [main] DEBUG org.apache.http.headers - >> Accept-Encoding: gzip,deflate
11:50:42.947 [main] DEBUG org.apache.http.wire -  >> "{"password":"123456","email":"sean1@gmail.com"}"
11:50:43.007 [main] DEBUG org.apache.http.wire -  << "HTTP/1.1 200 OK[\r][\n]"
11:50:43.007 [main] DEBUG org.apache.http.wire -  << "Content-Type: application/json; charset=UTF-8[\r][\n]"
11:50:43.007 [main] DEBUG org.apache.http.wire -  << "Vary: Origin[\r][\n]"
11:50:43.007 [main] DEBUG org.apache.http.wire -  << "Date: Mon, 26 Jun 2023 04:50:43 GMT[\r][\n]"
11:50:43.007 [main] DEBUG org.apache.http.wire -  << "Content-Length: 462[\r][\n]"
11:50:43.007 [main] DEBUG org.apache.http.wire -  << "[\r][\n]"
11:50:43.007 [main] DEBUG org.apache.http.impl.conn.DefaultClientConnection - Receiving response: HTTP/1.1 200 OK
11:50:43.007 [main] DEBUG org.apache.http.headers - << HTTP/1.1 200 OK
11:50:43.007 [main] DEBUG org.apache.http.headers - << Content-Type: application/json; charset=UTF-8
11:50:43.007 [main] DEBUG org.apache.http.headers - << Vary: Origin
11:50:43.007 [main] DEBUG org.apache.http.headers - << Date: Mon, 26 Jun 2023 04:50:43 GMT
11:50:43.007 [main] DEBUG org.apache.http.headers - << Content-Length: 462
11:50:43.007 [main] DEBUG org.apache.http.impl.client.DefaultHttpClient - Connection can be kept alive indefinitely
11:50:43.007 [main] DEBUG io.restassured.internal.RestAssuredHttpBuilder - Parsing response as: application/json; charset=UTF-8
11:50:43.007 [main] DEBUG io.restassured.internal.RestAssuredHttpBuilder - Parsed data to instance of: class org.apache.http.conn.EofSensorInputStream
11:50:43.007 [main] DEBUG org.apache.http.wire -  << "{"data":{"user":{"ID":96,"CreatedAt":"2023-06-25T14:27:36.534Z","UpdatedAt":"2023-06-25T14:27:36.534Z","DeletedAt":null,"nama":"Sean 1","foto_profile":"123","email":"sean1@gmail.com","password":"123456","no_telepon":"0811111111111","alamat":"Jl. 123"},"token":"eyJhbGciOiJIUzI1NiIsInR5cCI6IkpXVCJ9.eyJleHAiOjE2ODc3NzMwNDMsImlkIjo5NiwiaXNzIjoicXdlcnR5IiwibmFtZSI6IlNlYW4gMSJ9.cZngFMnQH_mNEd_tSVmyWr8XRqBgHKdEKAXo6hlAnmk"},"message":"Login success","status":true}[\n]"
11:50:43.007 [main] DEBUG org.apache.http.impl.conn.BasicClientConnectionManager - Releasing connection org.apache.http.impl.conn.ManagedClientConnectionImpl@1f1c7fde
11:50:43.007 [main] DEBUG org.apache.http.impl.conn.BasicClientConnectionManager - Connection can be kept alive indefinitely
11:50:43.012 [main] DEBUG net.thucydides.core.steps.StepInterceptor - STEP DONE: admin send a HTTP request login in event in mobile
  &amp#27;[32mWhen &amp#27;[0m&amp#27;[32muser send a HTTP request login in event in mobile&amp#27;[0m                     &amp#27;[90m# starter.stepdefinitions.Mobile.EventSteps.adminSendSAHTTPRequestLoginEventInMobile()&amp#27;[0m
11:50:43.012 [main] DEBUG net.thucydides.core.steps.StepInterceptor - STARTING STEP: EventSteps.adminSetTheGETApiEndpointEventInMobile - admin set the GET api endpoint event in mobile
11:50:43.012 [main] DEBUG net.thucydides.core.steps.StepInterceptor - STEP DONE: admin set the GET api endpoint event in mobile
  &amp#27;[32mAnd &amp#27;[0m&amp#27;[32muser set the GET api endpoint event in mobile&amp#27;[0m                          &amp#27;[90m# starter.stepdefinitions.Mobile.EventSteps.adminSetTheGETApiEndpointEventInMobile()&amp#27;[0m
11:50:43.013 [main] DEBUG net.thucydides.core.steps.StepInterceptor - STARTING STEP: EventSteps.adminSentHTTPGETRequestGetEventInMobile - admin sent HTTP GET request get event in mobile
11:50:43.013 [main] DEBUG net.thucydides.core.steps.StepInterceptor - STARTING STEP: Event.adminSentHTTPGETRequestGetEventInMobile - admin set the GET api endpoint event in mobile
11:50:43.013 [main] DEBUG net.thucydides.core.steps.StepInterceptor - STEP DONE: admin set the GET api endpoint event in mobile
11:50:43.015 [main] DEBUG org.apache.http.impl.conn.BasicClientConnectionManager - Get connection for route {}->http://167.172.66.247:8002
11:50:43.015 [main] DEBUG org.apache.http.impl.conn.DefaultClientConnectionOperator - Connecting to 167.172.66.247:8002
11:50:43.057 [main] DEBUG org.apache.http.client.protocol.RequestAddCookies - CookieSpec selected: ignoreCookies
11:50:43.057 [main] DEBUG org.apache.http.client.protocol.RequestAuthCache - Auth cache not set in the context
11:50:43.057 [main] DEBUG org.apache.http.client.protocol.RequestTargetAuthentication - Target auth state: UNCHALLENGED
11:50:43.057 [main] DEBUG org.apache.http.client.protocol.RequestProxyAuthentication - Proxy auth state: UNCHALLENGED
11:50:43.057 [main] DEBUG org.apache.http.impl.client.DefaultHttpClient - Attempt 1 to execute request
11:50:43.057 [main] DEBUG org.apache.http.impl.conn.DefaultClientConnection - Sending request: GET /event?page=1&limit=5&order=desc HTTP/1.1
11:50:43.057 [main] DEBUG org.apache.http.wire -  >> "GET /event?page=1&limit=5&order=desc HTTP/1.1[\r][\n]"
11:50:43.057 [main] DEBUG org.apache.http.wire -  >> "Accept: */*[\r][\n]"
11:50:43.057 [main] DEBUG org.apache.http.wire -  >> "Host: 167.172.66.247:8002[\r][\n]"
11:50:43.057 [main] DEBUG org.apache.http.wire -  >> "Connection: Keep-Alive[\r][\n]"
11:50:43.057 [main] DEBUG org.apache.http.wire -  >> "User-Agent: Apache-HttpClient/4.5.13 (Java/17.0.7)[\r][\n]"
11:50:43.057 [main] DEBUG org.apache.http.wire -  >> "Accept-Encoding: gzip,deflate[\r][\n]"
11:50:43.057 [main] DEBUG org.apache.http.wire -  >> "[\r][\n]"
11:50:43.057 [main] DEBUG org.apache.http.headers - >> GET /event?page=1&limit=5&order=desc HTTP/1.1
11:50:43.057 [main] DEBUG org.apache.http.headers - >> Accept: */*
11:50:43.057 [main] DEBUG org.apache.http.headers - >> Host: 167.172.66.247:8002
11:50:43.057 [main] DEBUG org.apache.http.headers - >> Connection: Keep-Alive
11:50:43.057 [main] DEBUG org.apache.http.headers - >> User-Agent: Apache-HttpClient/4.5.13 (Java/17.0.7)
11:50:43.057 [main] DEBUG org.apache.http.headers - >> Accept-Encoding: gzip,deflate
11:50:43.117 [main] DEBUG org.apache.http.wire -  << "HTTP/1.1 400 Bad Request[\r][\n]"
11:50:43.117 [main] DEBUG org.apache.http.wire -  << "Content-Type: application/json; charset=UTF-8[\r][\n]"
11:50:43.117 [main] DEBUG org.apache.http.wire -  << "Vary: Origin[\r][\n]"
11:50:43.117 [main] DEBUG org.apache.http.wire -  << "Date: Mon, 26 Jun 2023 04:50:43 GMT[\r][\n]"
11:50:43.117 [main] DEBUG org.apache.http.wire -  << "Content-Length: 39[\r][\n]"
11:50:43.117 [main] DEBUG org.apache.http.wire -  << "[\r][\n]"
11:50:43.117 [main] DEBUG org.apache.http.impl.conn.DefaultClientConnection - Receiving response: HTTP/1.1 400 Bad Request
11:50:43.117 [main] DEBUG org.apache.http.headers - << HTTP/1.1 400 Bad Request
11:50:43.117 [main] DEBUG org.apache.http.headers - << Content-Type: application/json; charset=UTF-8
11:50:43.117 [main] DEBUG org.apache.http.headers - << Vary: Origin
11:50:43.117 [main] DEBUG org.apache.http.headers - << Date: Mon, 26 Jun 2023 04:50:43 GMT
11:50:43.117 [main] DEBUG org.apache.http.headers - << Content-Length: 39
11:50:43.117 [main] DEBUG org.apache.http.impl.client.DefaultHttpClient - Connection can be kept alive indefinitely
11:50:43.117 [main] DEBUG io.restassured.internal.RestAssuredHttpBuilder - Parsing response as: application/json; charset=UTF-8
11:50:43.117 [main] DEBUG io.restassured.internal.RestAssuredHttpBuilder - Parsed data to instance of: class org.apache.http.conn.EofSensorInputStream
11:50:43.117 [main] DEBUG org.apache.http.wire -  << "{"message":"missing or malformed jwt"}[\n]"
11:50:43.117 [main] DEBUG org.apache.http.impl.conn.BasicClientConnectionManager - Releasing connection org.apache.http.impl.conn.ManagedClientConnectionImpl@7b6b466a
11:50:43.117 [main] DEBUG org.apache.http.impl.conn.BasicClientConnectionManager - Connection can be kept alive indefinitely
11:50:43.118 [main] DEBUG net.thucydides.core.steps.StepInterceptor - STEP DONE: admin sent HTTP GET request get event in mobile
  &amp#27;[32mAnd &amp#27;[0m&amp#27;[32muser sent HTTP GET request get event in mobile&amp#27;[0m                         &amp#27;[90m# starter.stepdefinitions.Mobile.EventSteps.adminSentHTTPGETRequestGetEventInMobile()&amp#27;[0m
11:50:43.118 [main] DEBUG net.thucydides.core.steps.StepInterceptor - STARTING STEP: EventSteps.adminReceiveAValidLoginAndEventHTTPResponseCode200InMobile - admin receive a valid login and event HTTP response code 200 in mobile
11:50:43.119 [main] DEBUG net.thucydides.core.steps.StepInterceptor - STARTING STEP: Event.adminReceiveAValidLoginAndEventHTTPResponseCode200InMobile - admin set the POST api endpoint event in mobile
11:50:43.119 [main] DEBUG net.thucydides.core.steps.StepInterceptor - STEP DONE: admin set the POST api endpoint event in mobile
11:50:43.121 [main] DEBUG org.apache.http.impl.conn.BasicClientConnectionManager - Get connection for route {}->http://167.172.66.247:8002
11:50:43.121 [main] DEBUG org.apache.http.impl.conn.DefaultClientConnectionOperator - Connecting to 167.172.66.247:8002
11:50:43.177 [main] DEBUG org.apache.http.client.protocol.RequestAddCookies - CookieSpec selected: ignoreCookies
11:50:43.177 [main] DEBUG org.apache.http.client.protocol.RequestAuthCache - Auth cache not set in the context
11:50:43.177 [main] DEBUG org.apache.http.client.protocol.RequestProxyAuthentication - Proxy auth state: UNCHALLENGED
11:50:43.177 [main] DEBUG org.apache.http.impl.client.DefaultHttpClient - Attempt 1 to execute request
11:50:43.177 [main] DEBUG org.apache.http.impl.conn.DefaultClientConnection - Sending request: GET /event HTTP/1.1
11:50:43.177 [main] DEBUG org.apache.http.wire -  >> "GET /event HTTP/1.1[\r][\n]"
11:50:43.177 [main] DEBUG org.apache.http.wire -  >> "Authorization: Bearer eyJhbGciOiJIUzI1NiIsInR5cCI6IkpXVCJ9.eyJleHAiOjE2ODc3NzMwNDMsImlkIjo5NiwiaXNzIjoicXdlcnR5IiwibmFtZSI6IlNlYW4gMSJ9.cZngFMnQH_mNEd_tSVmyWr8XRqBgHKdEKAXo6hlAnmk[\r][\n]"
11:50:43.177 [main] DEBUG org.apache.http.wire -  >> "Accept: */*[\r][\n]"
11:50:43.177 [main] DEBUG org.apache.http.wire -  >> "Host: 167.172.66.247:8002[\r][\n]"
11:50:43.177 [main] DEBUG org.apache.http.wire -  >> "Connection: Keep-Alive[\r][\n]"
11:50:43.177 [main] DEBUG org.apache.http.wire -  >> "User-Agent: Apache-HttpClient/4.5.13 (Java/17.0.7)[\r][\n]"
11:50:43.177 [main] DEBUG org.apache.http.wire -  >> "Accept-Encoding: gzip,deflate[\r][\n]"
11:50:43.177 [main] DEBUG org.apache.http.wire -  >> "[\r][\n]"
11:50:43.177 [main] DEBUG org.apache.http.headers - >> GET /event HTTP/1.1
11:50:43.177 [main] DEBUG org.apache.http.headers - >> Authorization: Bearer eyJhbGciOiJIUzI1NiIsInR5cCI6IkpXVCJ9.eyJleHAiOjE2ODc3NzMwNDMsImlkIjo5NiwiaXNzIjoicXdlcnR5IiwibmFtZSI6IlNlYW4gMSJ9.cZngFMnQH_mNEd_tSVmyWr8XRqBgHKdEKAXo6hlAnmk
11:50:43.177 [main] DEBUG org.apache.http.headers - >> Accept: */*
11:50:43.177 [main] DEBUG org.apache.http.headers - >> Host: 167.172.66.247:8002
11:50:43.177 [main] DEBUG org.apache.http.headers - >> Connection: Keep-Alive
11:50:43.177 [main] DEBUG org.apache.http.headers - >> User-Agent: Apache-HttpClient/4.5.13 (Java/17.0.7)
11:50:43.177 [main] DEBUG org.apache.http.headers - >> Accept-Encoding: gzip,deflate
11:50:43.247 [main] DEBUG org.apache.http.wire -  << "HTTP/1.1 200 OK[\r][\n]"
11:50:43.247 [main] DEBUG org.apache.http.wire -  << "Content-Type: application/json; charset=UTF-8[\r][\n]"
11:50:43.247 [main] DEBUG org.apache.http.wire -  << "Vary: Origin[\r][\n]"
11:50:43.247 [main] DEBUG org.apache.http.wire -  << "Date: Mon, 26 Jun 2023 04:50:43 GMT[\r][\n]"
11:50:43.247 [main] DEBUG org.apache.http.wire -  << "Transfer-Encoding: chunked[\r][\n]"
11:50:43.247 [main] DEBUG org.apache.http.wire -  << "[\r][\n]"
11:50:43.247 [main] DEBUG org.apache.http.impl.conn.DefaultClientConnection - Receiving response: HTTP/1.1 200 OK
11:50:43.247 [main] DEBUG org.apache.http.headers - << HTTP/1.1 200 OK
11:50:43.247 [main] DEBUG org.apache.http.headers - << Content-Type: application/json; charset=UTF-8
11:50:43.247 [main] DEBUG org.apache.http.headers - << Vary: Origin
11:50:43.247 [main] DEBUG org.apache.http.headers - << Date: Mon, 26 Jun 2023 04:50:43 GMT
11:50:43.247 [main] DEBUG org.apache.http.headers - << Transfer-Encoding: chunked
11:50:43.247 [main] DEBUG org.apache.http.impl.client.DefaultHttpClient - Connection can be kept alive indefinitely
11:50:43.247 [main] DEBUG io.restassured.internal.RestAssuredHttpBuilder - Parsing response as: application/json; charset=UTF-8
11:50:43.247 [main] DEBUG io.restassured.internal.RestAssuredHttpBuilder - Parsed data to instance of: class org.apache.http.conn.EofSensorInputStream
11:50:43.247 [main] DEBUG org.apache.http.wire -  << "27eb[\r][\n]"
11:50:43.247 [main] DEBUG org.apache.http.wire -  << "{"data":{"data":[{"ID":85,"CreatedAt":"2023-06-25T06:43:54.874Z","UpdatedAt":"2023-06-25T13:48:26.219Z","DeletedAt":null,"artikel_id":"98","gambar":"123","nama":"Drama Gong","deskripsi":"Gong adalah serangkaian alat seni musik yang terdiri dari berbagai macam gamelan. Gong memang kerap menjadi pengiring pertunjukan seni lain. Namun drama Gong juga dapat berdiri sendiri dengan kolaborasi seni pertunjukan kontemporer. Kamu akan menyaksikan bagaimana para pemain alat musik ini bernyanyi dalam bahasa Sansekerta dan bahasa Bali klasik. Nyanyian tersebut menceritakan berbagai tema, seperti sejarah, percintaan, kepahlawanan, dan sebagainya. Pertunjukan ini hanya bisa kamu saksikan pada upacara spesial atau hari tertentu saja.","harga_tiket":45000,"stok_tiket":400,"waktu_mulai":"13:00 WITA","waktu_selesai":"14:00 WITA","tanggal_mulai":"13 Juli 2023","tanggal_selesai":"14 Juli 2023","lokasi":"Ubud, Bali","link_lokasi":"https://goo.gl/maps/fCBRPeGyGq8uR4yE7"},{"ID":86,"CreatedAt":"2023-06-25T06:46:44.184Z","UpdatedAt":"2023-06-25T13:57:49.129Z","DeletedAt":null,"artikel_id":"101","gambar":"123","nama":"Rumah Adat Bali","deskripsi":"Kesenian tidak hanya berbentuk pertunjukan, tapi juga seni rupa seperti rumah adat. Rumah Adat Bali memiliki filosofi Tri Hita Karana atau tiga unsur kehidupan. Yakni harmoni antara manusia dengan manusia, harmoni dengan alam, dan harmoni dengan yang diyakini atau Tuhan.\nFilosofi ini kemudian menjadi dasar untuk membangun rumah Adat Bali. Dasar ini dituangkan dalam aturan yang disebut Asta Kosala Kosali, yaitu aturan membangun rumah dalam masyarakat Bali dengan menentukan luas dan tata letak dalam ruangan.\n","harga_tiket":50000,"stok_tiket":200,"waktu_mulai":"13.00 WITA","waktu_selesai":"15.00 WITA","tanggal_mulai":"7 Juli 2023","tanggal_selesai":"10 Juli 2023","lokasi":"Ubud, Bali","link_lokasi":"https://goo.gl/maps/fCBRPeGyGq8uR4yE7"},{"ID":88,"CreatedAt":"2023-06-25T12:09:44.602Z","UpdatedAt":"2023-06-25T13:57:57.581Z","DeletedAt":null,"artikel_id":"93","gambar":"[object File]","nama":"Tari Kecak","deskripsi":"Tari kecak merupakan pertunjukkan seni khas Bali yang menggabungkan drama dan tari. Tari Kecak memiliki makna berupa kisah Ramayana. Tari Kecak menggambarkan kisah penculikan Dewi Sinta oleh Rahwana, kemudian Rama berusaha membebaskan istrinya tersebut dengan berbagai cara.\nKeunikan tari Kecak adalah ditampilkan tanpa iringan alat musik. Sepanjang tarian, para penari yang berjumlah sekitar 70 orang akan duduk melingkar sambil melantunkan 'cak cak cak', yang kemudian menjadi asal-usul nama tari Kecak. Tari Kecak sendiri diinisiasi oleh dua tokoh yakn"
11:50:43.255 [main] DEBUG org.apache.http.wire -  << "i Wayan Limbak yang merupakan penari Bali dan Walter Spies, seorang seniman lukis asal Jerman yang ingin menyajikan kisah Ramayana dalam bentuk tarian.\n","harga_tiket":0,"stok_tiket":0,"waktu_mulai":"19:00 WITA","waktu_selesai":"20:00 WITA","tanggal_mulai":"25 Juni 2023","tanggal_selesai":"27 Juni 2023","lokasi":"Ubud, Bali","link_lokasi":"https://goo.gl/maps/fCBRPeGyGq8uR4yE7"},{"ID":89,"CreatedAt":"2023-06-25T12:12:32.841Z","UpdatedAt":"2023-06-25T13:58:43.971Z","DeletedAt":null,"artikel_id":"99","gambar":"[object File]","nama":"Omed-omedan","deskripsi":"Tradisi ini termasuk unik dan menjadi daya tarik juga bagi wisatawan dari luar Bali. Omed-omedan artinya tarik-menarik dalam bahasa Indonesia. Omed-omedan dilakukan dengan berciuman antara ratusan anak muda Bali.\nNamun, tradisi ini lebih bertujuan untuk mempererat kekeluargaan dan kebersamaan secara adat, bukan untuk nafsu birahi. Anak muda dibagi ke dalam dua kelompok, yakni laki-laki dan perempuan. Mereka saling berhadapan, kemudian saat musik gamelan dimainkan, pemuda dan pemudi ini akan melakukan gelut (peluk), diman (cium), dan kedengin (tarik) sesuai dengan lirik lagu yang dinyanyikan.\n","harga_tiket":0,"stok_tiket":0,"waktu_mulai":"15:00 WITA","waktu_selesai":"17:00 WITA","tanggal_mulai":"14 Agustus 2023","tanggal_selesai":"16 Agustus 2023","lokasi":"Ubud, Bali","link_lokasi":"https://goo.gl/maps/fCBRPeGyGq8uR4yE7"},{"ID":90,"CreatedAt":"2023-06-25T12:28:41.189Z","UpdatedAt":"2023-06-25T13:58:53.813Z","DeletedAt":null,"artikel_id":"102","gambar":"[object File]","nama":"Tari Pendet","deskripsi":"Tari Pendet merupakan tarian tradisional paling populer di Bali.  Makna Gerakan, dan Pola Lantainya', keunikan tari Pendet ada pada gerakan lirikan mata dan properti yang digunakan.\n\nTari Pendet diperagakan bersama iringan musik gamelan. Berbagai gerakan dalam tari Pendet memiliki nama tersendiri. Misalnya gerakan mata ke kanan dan kiri disebut nyeledet, sedangkan gerakan mata memutar disebut ngiler. Kemudian mimik wajah penari Pendet yang selalu tersenyum dinamakan entiah tjerengu.","harga_tiket":100000,"stok_tiket":250,"waktu_mulai":"12:00 WITA","waktu_selesai":"14:00 WITA","tanggal_mulai":"1 Agustus 2023","tanggal_selesai":"5 Agustus 2023","lokasi":"Ubud, Bali","link_lokasi":"https://goo.gl/maps/fCBRPeGyGq8uR4yE7"},{"ID":91,"CreatedAt":"2023-06-25T12:30:59.728Z","UpdatedAt":"2023-06-25T13:59:03.195Z","DeletedAt":null,"artikel_id":"97","gambar":"C:\\fakepath\\wisata.png","nama":"Tari Barong","deskripsi":"Tari Barong adalah tarian yang sering diasosiasikan dengan hal spiritual dan menggambarkan pertempuran klasik antara kebaikan dan kejahatan.\nSalah satu tokoh utama dalam tarian ini berwujud seperti singa. Barong dikatakan sebagai raja roh yang mewakili kebajikan dan dik"
11:50:43.257 [main] DEBUG org.apache.http.wire -  << "enal sebagai sosok pelindung. Sementara lawan atau musuh bebuyutan barong bernama Rangda. Rangda merupakan ratu iblis yang memimpin pasukan penyihir jahat.\nTari Barong memiliki makna untuk menjaga keseimbangan antara kedua hal yang saling bertentangan, kebaikan dan kejahatan. Ada 6 jenis tari barong yang berbeda-beda untuk setiap wilayah di Bali.Yakni Barong keket, Barong Bangkal, Barong Landung, Barong Asu, Barong Macan, dan Barong Gajah.\n","harga_tiket":75000,"stok_tiket":200,"waktu_mulai":"13:00 WITA","waktu_selesai":"15:00 WITA","tanggal_mulai":"10 Agustus 2023","tanggal_selesai":"14 Agustus 2023","lokasi":"Ubud, Bali","link_lokasi":"https://goo.gl/maps/fCBRPeGyGq8uR4yE7"},{"ID":92,"CreatedAt":"2023-06-25T12:32:22.485Z","UpdatedAt":"2023-06-25T13:59:12.368Z","DeletedAt":null,"artikel_id":"103","gambar":"C:\\fakepath\\wisata.png","nama":"Ogoh-ogoh","deskripsi":"Tradisi ini merupakan salah satu kegiatan budaya yang hampir selalu dilaksanakan penganut agama Hindu di Bali. Mengutip Kadek Winarta dari Universitas Negeri Makassar, Ogoh-ogoh mulanya merupakan tradisi ngelewang oleh kesenian Ndong-nding dari Gianyar dan Karang Asem. Ogoh-ogoh diyakini merupakan perwujudan raja Jaya Pangus dan putri Kang Cing Wei sebagai Barong Landung.\nTradisi Ogoh-ogoh bermakna sebagai keseimbangan antara sisi positif dan negatif dalam diri manusia. Sisi negatif sendiri tidak dihara"
11:50:43.297 [main] DEBUG org.apache.http.wire -  << "pkan hilang tetapi dipertahankan dengan kadar yang sama dengan sisi positif sehingga sisi negatif akan menjadi netral.\n","harga_tiket":0,"stok_tiket":0,"waktu_mulai":"20:00 WITA","waktu_selesai":"23:00 WITA","tanggal_mulai":"13 Agustus 2023","tanggal_selesai":"13 Agustus 2023","lokasi":"Ubud, Bali","link_lokasi":"https://goo.gl/maps/fCBRPeGyGq8uR4yE7"},{"ID":93,"CreatedAt":"2023-06-25T12:33:59.904Z","UpdatedAt":"2023-06-25T13:59:22.066Z","DeletedAt":null,"artikel_id":"100","gambar":"C:\\fakepath\\wisata.png","nama":"Drama Tari Calonarang","deskripsi":"Calonarang adalah tokoh utama dalam seni tari ini yang identik dengan wajah seram dan menakutkan. Karena dalam kepercayaan Hindu Bali, Calonarang adalah wujud kekuatan mistis yang nantinya akan diseimbangkan oleh kekuatan ilmu putih. Seni drama tari Calonarang sering dikolaborasikan dengan seni tari lain, seperti drama Gong, tari Barong, dan sebagainya. Pertunjukannya pun tidak bisa di sembarang tempat karena tema horor yang dimilikinya. Jadi seni drama tari Calonarang sangat menarik untuk disaksikan. Bagaimana peperangan antara hal baik dan hal jahat ditunjukkan dalam seni tarian yang indah.","harga_tiket":80000,"stok_tiket":150,"waktu_mulai":"20:00 WITA","waktu_selesai":"21:00 WITA","tanggal_mulai":"15 Juli 2023 ","tanggal_selesai":"20 Juli 2023","lokasi":"Ubud, Bali","link_lokasi":"https://goo.gl/maps/fCBRPeGyGq8uR4yE7"},{"ID":94,"CreatedAt":"2023-06-25T12:36:04.17Z","UpdatedAt":"2023-06-25T13:59:35.25Z","DeletedAt":null,"artikel_id":"95","gambar":"C:\\fakepath\\wisata.png","nama":"Tari Legong","deskripsi":"Kesenian tradisional Bali berikutnya yang harus disaksikan adalah Tari Legong. Tari Legong dibawakan oleh perempuan dengan gerakan yang terstruktur. Daya tarik utama dari pertunjukan seni ini adalah kesesuaian antara mata dan tangan penari dengan alat musik gamelan yang mengiringinya, yaiti Gamelan Semar Pagulingan. Berasal dari kata [0xe2][0x80][0x9c]Leg[0xe2][0x80][0x9d] yang berarti luwes dan [0xe2][0x80][0x9c]Gong[0xe2][0x80][0x9d] adalah alat musik yang mengiringinya, tarian ini lebih sering disebut sebagai Tari Bali. Selain gerakannya yang lembut, riasan dan busana tradisional Bali yang cantik akan membuatmu terpana.","harga_tiket":90000,"stok_tiket":300,"waktu_mulai":"15:00 WITA","waktu_selesai":"17:00 WITA","tanggal_mulai":"1 Juli 2023","tanggal_selesai":"10 Juli 2023","lokasi":"Ubud, Bali","link_lokasi":"https://goo.gl/maps/fCBRPeGyGq8uR4yE7"},{"ID":95,"CreatedAt":"2023-06-25T12:37:12.327Z","UpdatedAt":"2023-06-25T13:59:47.985Z","DeletedAt":null,"artikel_id":"104","gambar":"C:\\fakepath\\wisata.png","nama":"Mekare-Kare","deskripsi":"Bagi penduduk pria di kawasan Tenganan, Karangasem, Bali, upacara Mekare-Kare adalah ajang untuk menunjukkan kehebatannya. Mereka akan bertarung dan melakukan segala cara untuk memenangkan pera"
11:50:43.317 [main] DEBUG org.apache.http.wire -  << "ng yang senjatanya adalah daun pandan yang memiliki duri tajam. \nMekare-Kare dilakukan setiap tahunnya untuk menghormati Indra yang merupakan dewa perang dalam Hindu. Dengan melakukan upacara ini, semua pria di desa akan dianggap kuat dan mampu melakukan perang. Upacara ini biasanya akan diadakan pada awal Juni setiap tahunnya.\n","harga_tiket":0,"stok_tiket":0,"waktu_mulai":"16:00 WITA","waktu_selesai":"17:00 WITA","tanggal_mulai":"20 Juli 2023","tanggal_selesai":"20 Juli 2023","lokasi":"Ubud, Bali","link_lokasi":"https://goo.gl/maps/fCBRPeGyGq8uR4yE7"}],"data_shown":10,"page":1,"total_data":11},"message":"Get all Event success","status":true}[\n]"
11:50:43.317 [main] DEBUG org.apache.http.wire -  << "[\r][\n]"
11:50:43.317 [main] DEBUG org.apache.http.wire -  << "0[\r][\n]"
11:50:43.317 [main] DEBUG org.apache.http.wire -  << "[\r][\n]"
11:50:43.317 [main] DEBUG org.apache.http.impl.conn.BasicClientConnectionManager - Releasing connection org.apache.http.impl.conn.ManagedClientConnectionImpl@77ad2767
11:50:43.317 [main] DEBUG org.apache.http.impl.conn.BasicClientConnectionManager - Connection can be kept alive indefinitely
11:50:43.319 [main] DEBUG net.thucydides.core.steps.StepInterceptor - STEP DONE: admin receive a valid login and event HTTP response code 200 in mobile
  &amp#27;[32mThen &amp#27;[0m&amp#27;[32muser receive a valid login and event HTTP response code 200 in mobile&amp#27;[0m &amp#27;[90m# starter.stepdefinitions.Mobile.EventSteps.adminReceiveAValidLoginAndEventHTTPResponseCode200InMobile()&amp#27;[0m
11:50:43.319 [main] INFO  - 
  _____   ___   ___   _____     ___     _     ___   ___   ___   ___  
 |_   _| | __| / __| |_   _|   | _ \   /_\   / __| / __| | __| |   \ 
   | |   | _|  \__ \   | |     |  _/  / _ \  \__ \ \__ \ | _|  | |) |
   |_|   |___| |___/   |_|     |_|   /_/ \_\ |___/ |___/ |___| |___/ 

As user, I can get all event data
----------------------------------------------------------------------
]]></system-out>
  </testcase>
  <testcase name="As user, I can edit event data by ID" classname="As user, I want to manage the event feature" time="0.373">
    <system-out><![CDATA[
@TCEVENT07
Scenario: As user, I can edit event data by ID                               &amp#27;[90m# src/test/resources/Feature/Api/Mobile/Event.feature:22&amp#27;[0m
11:50:43.324 [main] INFO io.cucumber.core.plugin.SerenityReporter - Running feature from file:///Users/macbookpro/Documents/Capstone_API_CI/src/test/resources/Feature/Api/Mobile/Event.feature
11:50:43.324 [main] WARN io.cucumber.core.plugin.SerenityReporter - Feature from file:///Users/macbookpro/Documents/Capstone_API_CI/src/test/resources/Feature/Api/Mobile/Event.feature is not under the 'features' directory. Requirements report will not be correctly generated!
11:50:43.324 [main] INFO  - 
  _____   ___   ___   _____     ___   _____     _     ___   _____   ___   ___  
 |_   _| | __| / __| |_   _|   / __| |_   _|   /_\   | _ \ |_   _| | __| |   \ 
   | |   | _|  \__ \   | |     \__ \   | |    / _ \  |   /   | |   | _|  | |) |
   |_|   |___| |___/   |_|     |___/   |_|   /_/ \_\ |_|_\   |_|   |___| |___/ 

As user, I can edit event data by ID(as-user--i-want-to-manage-the-event-feature;as-user--i-can-edit-event-data-by-id)
--------------------------------------------------------------------------------
11:50:43.325 [main] DEBUG net.thucydides.core.steps.StepInterceptor - STARTING STEP: EventSteps.adminSetUpApiEndpointLoginEventInMobile - admin set up api endpoint login in event in mobile
11:50:43.325 [main] DEBUG net.thucydides.core.steps.StepInterceptor - STEP DONE: admin set up api endpoint login in event in mobile
  &amp#27;[32mGiven &amp#27;[0m&amp#27;[32muser set up api endpoint login in event in mobile&amp#27;[0m                    &amp#27;[90m# starter.stepdefinitions.Mobile.EventSteps.adminSetUpApiEndpointLoginEventInMobile()&amp#27;[0m
11:50:43.326 [main] DEBUG net.thucydides.core.steps.StepInterceptor - STARTING STEP: EventSteps.adminSendSAHTTPRequestLoginEventInMobile - admin send a HTTP request login in event in mobile
11:50:43.326 [main] DEBUG net.thucydides.core.steps.StepInterceptor - STARTING STEP: Event.adminSendSAHTTPRequestLoginEventInMobile - admin set up api endpoint login in event in mobile
11:50:43.326 [main] DEBUG net.thucydides.core.steps.StepInterceptor - STEP DONE: admin set up api endpoint login in event in mobile
11:50:43.328 [main] DEBUG org.apache.http.impl.conn.BasicClientConnectionManager - Get connection for route {}->http://167.172.66.247:8002
11:50:43.328 [main] DEBUG org.apache.http.impl.conn.DefaultClientConnectionOperator - Connecting to 167.172.66.247:8002
11:50:43.357 [main] DEBUG org.apache.http.client.protocol.RequestAddCookies - CookieSpec selected: ignoreCookies
11:50:43.357 [main] DEBUG org.apache.http.client.protocol.RequestAuthCache - Auth cache not set in the context
11:50:43.357 [main] DEBUG org.apache.http.client.protocol.RequestTargetAuthentication - Target auth state: UNCHALLENGED
11:50:43.357 [main] DEBUG org.apache.http.client.protocol.RequestProxyAuthentication - Proxy auth state: UNCHALLENGED
11:50:43.357 [main] DEBUG org.apache.http.impl.client.DefaultHttpClient - Attempt 1 to execute request
11:50:43.357 [main] DEBUG org.apache.http.impl.conn.DefaultClientConnection - Sending request: POST /user_login HTTP/1.1
11:50:43.357 [main] DEBUG org.apache.http.wire -  >> "POST /user_login HTTP/1.1[\r][\n]"
11:50:43.357 [main] DEBUG org.apache.http.wire -  >> "Accept: */*[\r][\n]"
11:50:43.357 [main] DEBUG org.apache.http.wire -  >> "Content-Type: application/json[\r][\n]"
11:50:43.357 [main] DEBUG org.apache.http.wire -  >> "Content-Length: 47[\r][\n]"
11:50:43.357 [main] DEBUG org.apache.http.wire -  >> "Host: 167.172.66.247:8002[\r][\n]"
11:50:43.357 [main] DEBUG org.apache.http.wire -  >> "Connection: Keep-Alive[\r][\n]"
11:50:43.357 [main] DEBUG org.apache.http.wire -  >> "User-Agent: Apache-HttpClient/4.5.13 (Java/17.0.7)[\r][\n]"
11:50:43.357 [main] DEBUG org.apache.http.wire -  >> "Accept-Encoding: gzip,deflate[\r][\n]"
11:50:43.357 [main] DEBUG org.apache.http.wire -  >> "[\r][\n]"
11:50:43.357 [main] DEBUG org.apache.http.headers - >> POST /user_login HTTP/1.1
11:50:43.357 [main] DEBUG org.apache.http.headers - >> Accept: */*
11:50:43.357 [main] DEBUG org.apache.http.headers - >> Content-Type: application/json
11:50:43.357 [main] DEBUG org.apache.http.headers - >> Content-Length: 47
11:50:43.357 [main] DEBUG org.apache.http.headers - >> Host: 167.172.66.247:8002
11:50:43.357 [main] DEBUG org.apache.http.headers - >> Connection: Keep-Alive
11:50:43.357 [main] DEBUG org.apache.http.headers - >> User-Agent: Apache-HttpClient/4.5.13 (Java/17.0.7)
11:50:43.357 [main] DEBUG org.apache.http.headers - >> Accept-Encoding: gzip,deflate
11:50:43.357 [main] DEBUG org.apache.http.wire -  >> "{"password":"123456","email":"sean1@gmail.com"}"
11:50:43.417 [main] DEBUG org.apache.http.wire -  << "HTTP/1.1 200 OK[\r][\n]"
11:50:43.417 [main] DEBUG org.apache.http.wire -  << "Content-Type: application/json; charset=UTF-8[\r][\n]"
11:50:43.417 [main] DEBUG org.apache.http.wire -  << "Vary: Origin[\r][\n]"
11:50:43.417 [main] DEBUG org.apache.http.wire -  << "Date: Mon, 26 Jun 2023 04:50:43 GMT[\r][\n]"
11:50:43.417 [main] DEBUG org.apache.http.wire -  << "Content-Length: 462[\r][\n]"
11:50:43.417 [main] DEBUG org.apache.http.wire -  << "[\r][\n]"
11:50:43.417 [main] DEBUG org.apache.http.impl.conn.DefaultClientConnection - Receiving response: HTTP/1.1 200 OK
11:50:43.417 [main] DEBUG org.apache.http.headers - << HTTP/1.1 200 OK
11:50:43.417 [main] DEBUG org.apache.http.headers - << Content-Type: application/json; charset=UTF-8
11:50:43.417 [main] DEBUG org.apache.http.headers - << Vary: Origin
11:50:43.417 [main] DEBUG org.apache.http.headers - << Date: Mon, 26 Jun 2023 04:50:43 GMT
11:50:43.417 [main] DEBUG org.apache.http.headers - << Content-Length: 462
11:50:43.417 [main] DEBUG org.apache.http.impl.client.DefaultHttpClient - Connection can be kept alive indefinitely
11:50:43.417 [main] DEBUG io.restassured.internal.RestAssuredHttpBuilder - Parsing response as: application/json; charset=UTF-8
11:50:43.417 [main] DEBUG io.restassured.internal.RestAssuredHttpBuilder - Parsed data to instance of: class org.apache.http.conn.EofSensorInputStream
11:50:43.417 [main] DEBUG org.apache.http.wire -  << "{"data":{"user":{"ID":96,"CreatedAt":"2023-06-25T14:27:36.534Z","UpdatedAt":"2023-06-25T14:27:36.534Z","DeletedAt":null,"nama":"Sean 1","foto_profile":"123","email":"sean1@gmail.com","password":"123456","no_telepon":"0811111111111","alamat":"Jl. 123"},"token":"eyJhbGciOiJIUzI1NiIsInR5cCI6IkpXVCJ9.eyJleHAiOjE2ODc3NzMwNDMsImlkIjo5NiwiaXNzIjoicXdlcnR5IiwibmFtZSI6IlNlYW4gMSJ9.cZngFMnQH_mNEd_tSVmyWr8XRqBgHKdEKAXo6hlAnmk"},"message":"Login success","status":true}[\n]"
11:50:43.417 [main] DEBUG org.apache.http.impl.conn.BasicClientConnectionManager - Releasing connection org.apache.http.impl.conn.ManagedClientConnectionImpl@18fa5af6
11:50:43.417 [main] DEBUG org.apache.http.impl.conn.BasicClientConnectionManager - Connection can be kept alive indefinitely
11:50:43.422 [main] DEBUG net.thucydides.core.steps.StepInterceptor - STEP DONE: admin send a HTTP request login in event in mobile
  &amp#27;[32mWhen &amp#27;[0m&amp#27;[32muser send a HTTP request login in event in mobile&amp#27;[0m                     &amp#27;[90m# starter.stepdefinitions.Mobile.EventSteps.adminSendSAHTTPRequestLoginEventInMobile()&amp#27;[0m
11:50:43.422 [main] DEBUG net.thucydides.core.steps.StepInterceptor - STARTING STEP: EventSteps.adminSetThePUTApiEndpointEventInMobile - admin set the PUT api endpoint event in mobile
11:50:43.422 [main] DEBUG net.thucydides.core.steps.StepInterceptor - STEP DONE: admin set the PUT api endpoint event in mobile
  &amp#27;[32mAnd &amp#27;[0m&amp#27;[32muser set the PUT api endpoint event in mobile&amp#27;[0m                          &amp#27;[90m# starter.stepdefinitions.Mobile.EventSteps.adminSetThePUTApiEndpointEventInMobile()&amp#27;[0m
11:50:43.423 [main] DEBUG net.thucydides.core.steps.StepInterceptor - STARTING STEP: EventSteps.adminSentHTTPPUTRequestGetEventByIDInMobile - admin sent HTTP PUT request get event by ID in mobile
11:50:43.423 [main] DEBUG net.thucydides.core.steps.StepInterceptor - STARTING STEP: Event.adminSentHTTPPUTRequestGetEventByIDInMobile - admin set the PUT api endpoint event in mobile
11:50:43.423 [main] DEBUG net.thucydides.core.steps.StepInterceptor - STEP DONE: admin set the PUT api endpoint event in mobile
11:50:43.425 [main] DEBUG org.apache.http.impl.conn.BasicClientConnectionManager - Get connection for route {}->http://167.172.66.247:8002
11:50:43.425 [main] DEBUG org.apache.http.impl.conn.DefaultClientConnectionOperator - Connecting to 167.172.66.247:8002
11:50:43.467 [main] DEBUG org.apache.http.client.protocol.RequestAddCookies - CookieSpec selected: ignoreCookies
11:50:43.467 [main] DEBUG org.apache.http.client.protocol.RequestAuthCache - Auth cache not set in the context
11:50:43.467 [main] DEBUG org.apache.http.client.protocol.RequestTargetAuthentication - Target auth state: UNCHALLENGED
11:50:43.467 [main] DEBUG org.apache.http.client.protocol.RequestProxyAuthentication - Proxy auth state: UNCHALLENGED
11:50:43.467 [main] DEBUG org.apache.http.impl.client.DefaultHttpClient - Attempt 1 to execute request
11:50:43.467 [main] DEBUG org.apache.http.impl.conn.DefaultClientConnection - Sending request: PUT /event/70 HTTP/1.1
11:50:43.467 [main] DEBUG org.apache.http.wire -  >> "PUT /event/70 HTTP/1.1[\r][\n]"
11:50:43.467 [main] DEBUG org.apache.http.wire -  >> "Accept: */*[\r][\n]"
11:50:43.467 [main] DEBUG org.apache.http.wire -  >> "Content-Type: application/json[\r][\n]"
11:50:43.467 [main] DEBUG org.apache.http.wire -  >> "Content-Length: 274[\r][\n]"
11:50:43.467 [main] DEBUG org.apache.http.wire -  >> "Host: 167.172.66.247:8002[\r][\n]"
11:50:43.467 [main] DEBUG org.apache.http.wire -  >> "Connection: Keep-Alive[\r][\n]"
11:50:43.467 [main] DEBUG org.apache.http.wire -  >> "User-Agent: Apache-HttpClient/4.5.13 (Java/17.0.7)[\r][\n]"
11:50:43.467 [main] DEBUG org.apache.http.wire -  >> "Accept-Encoding: gzip,deflate[\r][\n]"
11:50:43.467 [main] DEBUG org.apache.http.wire -  >> "[\r][\n]"
11:50:43.467 [main] DEBUG org.apache.http.headers - >> PUT /event/70 HTTP/1.1
11:50:43.467 [main] DEBUG org.apache.http.headers - >> Accept: */*
11:50:43.467 [main] DEBUG org.apache.http.headers - >> Content-Type: application/json
11:50:43.467 [main] DEBUG org.apache.http.headers - >> Content-Length: 274
11:50:43.467 [main] DEBUG org.apache.http.headers - >> Host: 167.172.66.247:8002
11:50:43.467 [main] DEBUG org.apache.http.headers - >> Connection: Keep-Alive
11:50:43.467 [main] DEBUG org.apache.http.headers - >> User-Agent: Apache-HttpClient/4.5.13 (Java/17.0.7)
11:50:43.467 [main] DEBUG org.apache.http.headers - >> Accept-Encoding: gzip,deflate
11:50:43.467 [main] DEBUG org.apache.http.wire -  >> "[[\n]"
11:50:43.467 [main] DEBUG org.apache.http.wire -  >> "{"waktu_selesai":"12.00","artikel_id":"1","harga_tiket":45000,"nama":"Kecak 2","tanggal_selesai":"12 Desember 2012","lokasi":"Jln. 123","tanggal_mulai":"12 Desember 2012","deskripsi":"Lorem Ipsum","gambar":"123","link_lokasi":"123","stok_tiket":15,"waktu_mulai":"10.00"}[\n]"
11:50:43.467 [main] DEBUG org.apache.http.wire -  >> "]"
11:50:43.517 [main] DEBUG org.apache.http.wire -  << "HTTP/1.1 400 Bad Request[\r][\n]"
11:50:43.517 [main] DEBUG org.apache.http.wire -  << "Content-Type: application/json; charset=UTF-8[\r][\n]"
11:50:43.517 [main] DEBUG org.apache.http.wire -  << "Vary: Origin[\r][\n]"
11:50:43.517 [main] DEBUG org.apache.http.wire -  << "Date: Mon, 26 Jun 2023 04:50:43 GMT[\r][\n]"
11:50:43.517 [main] DEBUG org.apache.http.wire -  << "Content-Length: 39[\r][\n]"
11:50:43.517 [main] DEBUG org.apache.http.wire -  << "[\r][\n]"
11:50:43.517 [main] DEBUG org.apache.http.impl.conn.DefaultClientConnection - Receiving response: HTTP/1.1 400 Bad Request
11:50:43.517 [main] DEBUG org.apache.http.headers - << HTTP/1.1 400 Bad Request
11:50:43.517 [main] DEBUG org.apache.http.headers - << Content-Type: application/json; charset=UTF-8
11:50:43.517 [main] DEBUG org.apache.http.headers - << Vary: Origin
11:50:43.517 [main] DEBUG org.apache.http.headers - << Date: Mon, 26 Jun 2023 04:50:43 GMT
11:50:43.517 [main] DEBUG org.apache.http.headers - << Content-Length: 39
11:50:43.517 [main] DEBUG org.apache.http.impl.client.DefaultHttpClient - Connection can be kept alive indefinitely
11:50:43.517 [main] DEBUG io.restassured.internal.RestAssuredHttpBuilder - Parsing response as: application/json; charset=UTF-8
11:50:43.517 [main] DEBUG io.restassured.internal.RestAssuredHttpBuilder - Parsed data to instance of: class org.apache.http.conn.EofSensorInputStream
11:50:43.517 [main] DEBUG org.apache.http.wire -  << "{"message":"missing or malformed jwt"}[\n]"
11:50:43.517 [main] DEBUG org.apache.http.impl.conn.BasicClientConnectionManager - Releasing connection org.apache.http.impl.conn.ManagedClientConnectionImpl@62871522
11:50:43.517 [main] DEBUG org.apache.http.impl.conn.BasicClientConnectionManager - Connection can be kept alive indefinitely
11:50:43.518 [main] DEBUG net.thucydides.core.steps.StepInterceptor - STEP DONE: admin sent HTTP PUT request get event by ID in mobile
  &amp#27;[32mAnd &amp#27;[0m&amp#27;[32muser sent HTTP PUT request get event by ID in mobile&amp#27;[0m                   &amp#27;[90m# starter.stepdefinitions.Mobile.EventSteps.adminSentHTTPPUTRequestGetEventByIDInMobile()&amp#27;[0m
11:50:43.518 [main] DEBUG net.thucydides.core.steps.StepInterceptor - STARTING STEP: EventSteps.adminReceiveAValidLoginAndEventHTTPResponseCode200InMobile - admin receive a valid login and event HTTP response code 200 in mobile
11:50:43.519 [main] DEBUG net.thucydides.core.steps.StepInterceptor - STARTING STEP: Event.adminReceiveAValidLoginAndEventHTTPResponseCode200InMobile - admin set the POST api endpoint event in mobile
11:50:43.519 [main] DEBUG net.thucydides.core.steps.StepInterceptor - STEP DONE: admin set the POST api endpoint event in mobile
11:50:43.521 [main] DEBUG org.apache.http.impl.conn.BasicClientConnectionManager - Get connection for route {}->http://167.172.66.247:8002
11:50:43.521 [main] DEBUG org.apache.http.impl.conn.DefaultClientConnectionOperator - Connecting to 167.172.66.247:8002
11:50:43.557 [main] DEBUG org.apache.http.client.protocol.RequestAddCookies - CookieSpec selected: ignoreCookies
11:50:43.557 [main] DEBUG org.apache.http.client.protocol.RequestAuthCache - Auth cache not set in the context
11:50:43.557 [main] DEBUG org.apache.http.client.protocol.RequestProxyAuthentication - Proxy auth state: UNCHALLENGED
11:50:43.557 [main] DEBUG org.apache.http.impl.client.DefaultHttpClient - Attempt 1 to execute request
11:50:43.557 [main] DEBUG org.apache.http.impl.conn.DefaultClientConnection - Sending request: GET /event HTTP/1.1
11:50:43.557 [main] DEBUG org.apache.http.wire -  >> "GET /event HTTP/1.1[\r][\n]"
11:50:43.557 [main] DEBUG org.apache.http.wire -  >> "Authorization: Bearer eyJhbGciOiJIUzI1NiIsInR5cCI6IkpXVCJ9.eyJleHAiOjE2ODc3NzMwNDMsImlkIjo5NiwiaXNzIjoicXdlcnR5IiwibmFtZSI6IlNlYW4gMSJ9.cZngFMnQH_mNEd_tSVmyWr8XRqBgHKdEKAXo6hlAnmk[\r][\n]"
11:50:43.557 [main] DEBUG org.apache.http.wire -  >> "Accept: */*[\r][\n]"
11:50:43.557 [main] DEBUG org.apache.http.wire -  >> "Host: 167.172.66.247:8002[\r][\n]"
11:50:43.557 [main] DEBUG org.apache.http.wire -  >> "Connection: Keep-Alive[\r][\n]"
11:50:43.557 [main] DEBUG org.apache.http.wire -  >> "User-Agent: Apache-HttpClient/4.5.13 (Java/17.0.7)[\r][\n]"
11:50:43.557 [main] DEBUG org.apache.http.wire -  >> "Accept-Encoding: gzip,deflate[\r][\n]"
11:50:43.557 [main] DEBUG org.apache.http.wire -  >> "[\r][\n]"
11:50:43.557 [main] DEBUG org.apache.http.headers - >> GET /event HTTP/1.1
11:50:43.557 [main] DEBUG org.apache.http.headers - >> Authorization: Bearer eyJhbGciOiJIUzI1NiIsInR5cCI6IkpXVCJ9.eyJleHAiOjE2ODc3NzMwNDMsImlkIjo5NiwiaXNzIjoicXdlcnR5IiwibmFtZSI6IlNlYW4gMSJ9.cZngFMnQH_mNEd_tSVmyWr8XRqBgHKdEKAXo6hlAnmk
11:50:43.557 [main] DEBUG org.apache.http.headers - >> Accept: */*
11:50:43.557 [main] DEBUG org.apache.http.headers - >> Host: 167.172.66.247:8002
11:50:43.557 [main] DEBUG org.apache.http.headers - >> Connection: Keep-Alive
11:50:43.557 [main] DEBUG org.apache.http.headers - >> User-Agent: Apache-HttpClient/4.5.13 (Java/17.0.7)
11:50:43.557 [main] DEBUG org.apache.http.headers - >> Accept-Encoding: gzip,deflate
11:50:43.618 [main] DEBUG org.apache.http.wire -  << "HTTP/1.1 200 OK[\r][\n]"
11:50:43.618 [main] DEBUG org.apache.http.wire -  << "Content-Type: application/json; charset=UTF-8[\r][\n]"
11:50:43.618 [main] DEBUG org.apache.http.wire -  << "Vary: Origin[\r][\n]"
11:50:43.618 [main] DEBUG org.apache.http.wire -  << "Date: Mon, 26 Jun 2023 04:50:43 GMT[\r][\n]"
11:50:43.618 [main] DEBUG org.apache.http.wire -  << "Transfer-Encoding: chunked[\r][\n]"
11:50:43.618 [main] DEBUG org.apache.http.wire -  << "[\r][\n]"
11:50:43.618 [main] DEBUG org.apache.http.impl.conn.DefaultClientConnection - Receiving response: HTTP/1.1 200 OK
11:50:43.618 [main] DEBUG org.apache.http.headers - << HTTP/1.1 200 OK
11:50:43.618 [main] DEBUG org.apache.http.headers - << Content-Type: application/json; charset=UTF-8
11:50:43.618 [main] DEBUG org.apache.http.headers - << Vary: Origin
11:50:43.618 [main] DEBUG org.apache.http.headers - << Date: Mon, 26 Jun 2023 04:50:43 GMT
11:50:43.618 [main] DEBUG org.apache.http.headers - << Transfer-Encoding: chunked
11:50:43.618 [main] DEBUG org.apache.http.impl.client.DefaultHttpClient - Connection can be kept alive indefinitely
11:50:43.618 [main] DEBUG io.restassured.internal.RestAssuredHttpBuilder - Parsing response as: application/json; charset=UTF-8
11:50:43.618 [main] DEBUG io.restassured.internal.RestAssuredHttpBuilder - Parsed data to instance of: class org.apache.http.conn.EofSensorInputStream
11:50:43.619 [main] DEBUG org.apache.http.wire -  << "27eb[\r][\n]"
11:50:43.619 [main] DEBUG org.apache.http.wire -  << "{"data":{"data":[{"ID":85,"CreatedAt":"2023-06-25T06:43:54.874Z","UpdatedAt":"2023-06-25T13:48:26.219Z","DeletedAt":null,"artikel_id":"98","gambar":"123","nama":"Drama Gong","deskripsi":"Gong adalah serangkaian alat seni musik yang terdiri dari berbagai macam gamelan. Gong memang kerap menjadi pengiring pertunjukan seni lain. Namun drama Gong juga dapat berdiri sendiri dengan kolaborasi seni pertunjukan kontemporer. Kamu akan menyaksikan bagaimana para pemain alat musik ini bernyanyi dalam bahasa Sansekerta dan bahasa Bali klasik. Nyanyian tersebut menceritakan berbagai tema, seperti sejarah, percintaan, kepahlawanan, dan sebagainya. Pertunjukan ini hanya bisa kamu saksikan pada upacara spesial atau hari tertentu saja.","harga_tiket":45000,"stok_tiket":400,"waktu_mulai":"13:00 WITA","waktu_selesai":"14:00 WITA","tanggal_mulai":"13 Juli 2023","tanggal_selesai":"14 Juli 2023","lokasi":"Ubud, Bali","link_lokasi":"https://goo.gl/maps/fCBRPeGyGq8uR4yE7"},{"ID":86,"CreatedAt":"2023-06-25T06:46:44.184Z","UpdatedAt":"2023-06-25T13:57:49.129Z","DeletedAt":null,"artikel_id":"101","gambar":"123","nama":"Rumah Adat Bali","deskripsi":"Kesenian tidak hanya berbentuk pertunjukan, tapi juga seni rupa seperti rumah adat. Rumah Adat Bali memiliki filosofi Tri Hita Karana atau tiga unsur kehidupan. Yakni harmoni antara manusia dengan manusia, harmoni dengan alam, dan harmoni dengan yang diyakini atau Tuhan.\nFilosofi ini kemudian menjadi dasar untuk membangun rumah Adat Bali. Dasar ini dituangkan dalam aturan yang disebut Asta Kosala Kosali, yaitu aturan membangun rumah dalam masyarakat Bali dengan menentukan luas dan tata letak dalam ruangan.\n","harga_tiket":50000,"stok_tiket":200,"waktu_mulai":"13.00 WITA","waktu_selesai":"15.00 WITA","tanggal_mulai":"7 Juli 2023","tanggal_selesai":"10 Juli 2023","lokasi":"Ubud, Bali","link_lokasi":"https://goo.gl/maps/fCBRPeGyGq8uR4yE7"},{"ID":88,"CreatedAt":"2023-06-25T12:09:44.602Z","UpdatedAt":"2023-06-25T13:57:57.581Z","DeletedAt":null,"artikel_id":"93","gambar":"[object File]","nama":"Tari Kecak","deskripsi":"Tari kecak merupakan pertunjukkan seni khas Bali yang menggabungkan drama dan tari. Tari Kecak memiliki makna berupa kisah Ramayana. Tari Kecak menggambarkan kisah penculikan Dewi Sinta oleh Rahwana, kemudian Rama berusaha membebaskan istrinya tersebut dengan berbagai cara.\nKeunikan tari Kecak adalah ditampilkan tanpa iringan alat musik. Sepanjang tarian, para penari yang berjumlah sekitar 70 orang akan duduk melingkar sambil melantunkan 'cak cak cak', yang kemudian menjadi asal-usul nama tari Kecak. Tari Kecak sendiri diinisiasi oleh dua tokoh yakn"
11:50:43.637 [main] DEBUG org.apache.http.wire -  << "i Wayan Limbak yang merupakan penari Bali dan Walter Spies, seorang seniman lukis asal Jerman yang ingin menyajikan kisah Ramayana dalam bentuk tarian.\n","harga_tiket":0,"stok_tiket":0,"waktu_mulai":"19:00 WITA","waktu_selesai":"20:00 WITA","tanggal_mulai":"25 Juni 2023","tanggal_selesai":"27 Juni 2023","lokasi":"Ubud, Bali","link_lokasi":"https://goo.gl/maps/fCBRPeGyGq8uR4yE7"},{"ID":89,"CreatedAt":"2023-06-25T12:12:32.841Z","UpdatedAt":"2023-06-25T13:58:43.971Z","DeletedAt":null,"artikel_id":"99","gambar":"[object File]","nama":"Omed-omedan","deskripsi":"Tradisi ini termasuk unik dan menjadi daya tarik juga bagi wisatawan dari luar Bali. Omed-omedan artinya tarik-menarik dalam bahasa Indonesia. Omed-omedan dilakukan dengan berciuman antara ratusan anak muda Bali.\nNamun, tradisi ini lebih bertujuan untuk mempererat kekeluargaan dan kebersamaan secara adat, bukan untuk nafsu birahi. Anak muda dibagi ke dalam dua kelompok, yakni laki-laki dan perempuan. Mereka saling berhadapan, kemudian saat musik gamelan dimainkan, pemuda dan pemudi ini akan melakukan gelut (peluk), diman (cium), dan kedengin (tarik) sesuai dengan lirik lagu yang dinyanyikan.\n","harga_tiket":0,"stok_tiket":0,"waktu_mulai":"15:00 WITA","waktu_selesai":"17:00 WITA","tanggal_mulai":"14 Agustus 2023","tanggal_selesai":"16 Agustus 2023","lokasi":"Ubud, Bali","link_lokasi":"https://goo.gl/maps/fCBRPeGyGq8uR4yE7"},{"ID":90,"CreatedAt":"2023-06-25T12:28:41.189Z","UpdatedAt":"2023-06-25T13:58:53.813Z","DeletedAt":null,"artikel_id":"102","gambar":"[object File]","nama":"Tari Pendet","deskripsi":"Tari Pendet merupakan tarian tradisional paling populer di Bali.  Makna Gerakan, dan Pola Lantainya', keunikan tari Pendet ada pada gerakan lirikan mata dan properti yang digunakan.\n\nTari Pendet diperagakan bersama iringan musik gamelan. Berbagai gerakan dalam tari Pendet memiliki nama tersendiri. Misalnya gerakan mata ke kanan dan kiri disebut nyeledet, sedangkan gerakan mata memutar disebut ngiler. Kemudian mimik wajah penari Pendet yang selalu tersenyum dinamakan entiah tjerengu.","harga_tiket":100000,"stok_tiket":250,"waktu_mulai":"12:00 WITA","waktu_selesai":"14:00 WITA","tanggal_mulai":"1 Agustus 2023","tanggal_selesai":"5 Agustus 2023","lokasi":"Ubud, Bali","link_lokasi":"https://goo.gl/maps/fCBRPeGyGq8uR4yE7"},{"ID":91,"CreatedAt":"2023-06-25T12:30:59.728Z","UpdatedAt":"2023-06-25T13:59:03.195Z","DeletedAt":null,"artikel_id":"97","gambar":"C:\\fakepath\\wisata.png","nama":"Tari Barong","deskripsi":"Tari Barong adalah tarian yang sering diasosiasikan dengan hal spiritual dan menggambarkan pertempuran klasik antara kebaikan dan kejahatan.\nSalah satu tokoh utama dalam tarian ini berwujud seperti singa. Barong dikatakan sebagai raja roh yang mewakili kebajikan dan dik"
11:50:43.642 [main] DEBUG org.apache.http.wire -  << "enal sebagai sosok pelindung. Sementara lawan atau musuh bebuyutan barong bernama Rangda. Rangda merupakan ratu iblis yang memimpin pasukan penyihir jahat.\nTari Barong memiliki makna untuk menjaga keseimbangan antara kedua hal yang saling bertentangan, kebaikan dan kejahatan. Ada 6 jenis tari barong yang berbeda-beda untuk setiap wilayah di Bali.Yakni Barong keket, Barong Bangkal, Barong Landung, Barong Asu, Barong Macan, dan Barong Gajah.\n","harga_tiket":75000,"stok_tiket":200,"waktu_mulai":"13:00 WITA","waktu_selesai":"15:00 WITA","tanggal_mulai":"10 Agustus 2023","tanggal_selesai":"14 Agustus 2023","lokasi":"Ubud, Bali","link_lokasi":"https://goo.gl/maps/fCBRPeGyGq8uR4yE7"},{"ID":92,"CreatedAt":"2023-06-25T12:32:22.485Z","UpdatedAt":"2023-06-25T13:59:12.368Z","DeletedAt":null,"artikel_id":"103","gambar":"C:\\fakepath\\wisata.png","nama":"Ogoh-ogoh","deskripsi":"Tradisi ini merupakan salah satu kegiatan budaya yang hampir selalu dilaksanakan penganut agama Hindu di Bali. Mengutip Kadek Winarta dari Universitas Negeri Makassar, Ogoh-ogoh mulanya merupakan tradisi ngelewang oleh kesenian Ndong-nding dari Gianyar dan Karang Asem. Ogoh-ogoh diyakini merupakan perwujudan raja Jaya Pangus dan putri Kang Cing Wei sebagai Barong Landung.\nTradisi Ogoh-ogoh bermakna sebagai keseimbangan antara sisi positif dan negatif dalam diri manusia. Sisi negatif sendiri tidak diharapkan hilang tetapi dipertahankan dengan kadar yang sama dengan sisi positif sehingga sisi negatif akan menjadi netral.\n","harga_tiket":0,"stok_tiket":0,"waktu_mulai":"20:00 WITA","waktu_selesai":"23:00 WITA","tanggal_mulai":"13 Agustus 2023","tanggal_selesai":"13 Agustus 2023","lokasi":"Ubud, Bali","link_lokasi":"https://goo.gl/maps/fCBRPeGyGq8uR4yE7"},{"ID":93,"CreatedAt":"2023-06-25T12:33:59.904Z","UpdatedAt":"2023-06-25T13:59:22.066Z","DeletedAt":null,"artikel_id":"100","gambar":"C:\\fakepath\\wisata.png","nama":"Drama Tari Calonarang","deskripsi":"Calonarang adalah tokoh utama dalam seni tari ini yang identik dengan wajah seram dan menakutkan. Karena dalam kepercayaan Hindu Bali, Calonarang adalah wujud kekuatan mistis yang nantinya akan diseimbangkan oleh kekuatan ilmu putih. Seni drama tari Calonarang sering dikolaborasikan dengan seni tari lain, seperti drama Gong, tari Barong, dan sebagainya. Pertunjukannya pun tidak bisa di sembarang tempat karena tema horor yang dimilikinya. Jadi seni drama tari Calonarang sangat menarik untuk disaksikan. Bagaimana peperangan antara hal baik dan hal jahat ditunjukkan dalam seni tarian yang indah.","harga_tiket":80000,"stok_tiket":150,"waktu_mulai":"20:00 WITA","waktu_selesai":"21:00 WITA","tanggal_mulai":"15 Juli 2023 ","tanggal_selesai":"20 Juli 2023","l"
11:50:43.647 [main] DEBUG org.apache.http.wire -  << "okasi":"Ubud, Bali","link_lokasi":"https://goo.gl/maps/fCBRPeGyGq8uR4yE7"},{"ID":94,"CreatedAt":"2023-06-25T12:36:04.17Z","UpdatedAt":"2023-06-25T13:59:35.25Z","DeletedAt":null,"artikel_id":"95","gambar":"C:\\fakepath\\wisata.png","nama":"Tari Legong","deskripsi":"Kesenian tradisional Bali berikutnya yang harus disaksikan adalah Tari Legong. Tari Legong dibawakan oleh perempuan dengan gerakan yang terstruktur. Daya tarik utama dari pertunjukan seni ini adalah kesesuaian antara mata dan tangan penari dengan alat musik gamelan yang mengiringinya, yaiti Gamelan Semar Pagulingan. Berasal dari kata [0xe2][0x80][0x9c]Leg[0xe2][0x80][0x9d] yang berarti luwes dan [0xe2][0x80][0x9c]Gong[0xe2][0x80][0x9d] adalah alat musik yang mengiringinya, tarian ini lebih sering disebut sebagai Tari Bali. Selain gerakannya yang lembut, riasan dan busana tradisional Bali yang cantik akan membuatmu terpana.","harga_tiket":90000,"stok_tiket":300,"waktu_mulai":"15:00 WITA","waktu_selesai":"17:00 WITA","tanggal_mulai":"1 Juli 2023","tanggal_selesai":"10 Juli 2023","lokasi":"Ubud, Bali","link_lokasi":"https://goo.gl/maps/fCBRPeGyGq8uR4yE7"},{"ID":95,"CreatedAt":"2023-06-25T12:37:12.327Z","UpdatedAt":"2023-06-25T13:59:47.985Z","DeletedAt":null,"artikel_id":"104","gambar":"C:\\fakepath\\wisata.png","nama":"Mekare-Kare","deskripsi":"Bagi penduduk pria di kawasan Tenganan, Karangasem, Bali, upacara Mekare-Kare adalah ajang untuk menunjukkan kehebatannya. Me"
11:50:43.677 [main] DEBUG org.apache.http.wire -  << "reka akan bertarung dan melakukan segala cara untuk memenangkan perang yang senjatanya adalah daun pandan yang memiliki duri tajam. \nMekare-Kare dilakukan setiap tahunnya untuk menghormati Indra yang merupakan dewa perang dalam Hindu. Dengan melakukan upacara ini, semua pria di desa akan dianggap kuat dan mampu melakukan perang. Upacara ini biasanya akan diadakan pada awal Juni setiap tahunnya.\n","harga_tiket":0,"stok_tiket":0,"waktu_mulai":"16:00 WITA","waktu_selesai":"17:00 WITA","tanggal_mulai":"20 Juli 2023","tanggal_selesai":"20 Juli 2023","lokasi":"Ubud, Bali","link_lokasi":"https://goo.gl/maps/fCBRPeGyGq8uR4yE7"}],"data_shown":10,"page":1,"total_data":11},"message":"Get all Event success","status":true}[\n]"
11:50:43.677 [main] DEBUG org.apache.http.wire -  << "[\r][\n]"
11:50:43.677 [main] DEBUG org.apache.http.wire -  << "0[\r][\n]"
11:50:43.677 [main] DEBUG org.apache.http.wire -  << "[\r][\n]"
11:50:43.677 [main] DEBUG org.apache.http.impl.conn.BasicClientConnectionManager - Releasing connection org.apache.http.impl.conn.ManagedClientConnectionImpl@65d2d3cc
11:50:43.677 [main] DEBUG org.apache.http.impl.conn.BasicClientConnectionManager - Connection can be kept alive indefinitely
11:50:43.688 [Finalizer] DEBUG org.apache.http.impl.conn.DefaultClientConnection - Connection 0.0.0.0:59738<->167.172.66.247:8002 closed
11:50:43.688 [Finalizer] DEBUG org.apache.http.impl.conn.DefaultClientConnection - Connection 0.0.0.0:59739<->167.172.66.247:8002 closed
11:50:43.688 [Finalizer] DEBUG org.apache.http.impl.conn.DefaultClientConnection - Connection 0.0.0.0:59740<->167.172.66.247:8002 closed
11:50:43.689 [Finalizer] DEBUG org.apache.http.impl.conn.DefaultClientConnection - Connection 0.0.0.0:59741<->167.172.66.247:8002 closed
11:50:43.689 [Finalizer] DEBUG org.apache.http.impl.conn.DefaultClientConnection - Connection 0.0.0.0:59742<->167.172.66.247:8002 closed
11:50:43.689 [Finalizer] DEBUG org.apache.http.impl.conn.DefaultClientConnection - Connection 0.0.0.0:59743<->167.172.66.247:8002 closed
11:50:43.689 [Finalizer] DEBUG org.apache.http.impl.conn.DefaultClientConnection - Connection 0.0.0.0:59744<->167.172.66.247:8002 closed
11:50:43.689 [Finalizer] DEBUG org.apache.http.impl.conn.DefaultClientConnection - Connection 0.0.0.0:59745<->167.172.66.247:8002 closed
11:50:43.689 [Finalizer] DEBUG org.apache.http.impl.conn.DefaultClientConnection - Connection 0.0.0.0:59731<->167.172.66.247:8002 closed
11:50:43.689 [Finalizer] DEBUG org.apache.http.impl.conn.DefaultClientConnection - Connection 0.0.0.0:59732<->167.172.66.247:8002 closed
11:50:43.689 [Finalizer] DEBUG org.apache.http.impl.conn.DefaultClientConnection - Connection 0.0.0.0:59733<->167.172.66.247:8002 closed
11:50:43.689 [Finalizer] DEBUG org.apache.http.impl.conn.DefaultClientConnection - Connection 0.0.0.0:59734<->167.172.66.247:8002 closed
11:50:43.689 [Finalizer] DEBUG org.apache.http.impl.conn.DefaultClientConnection - Connection 0.0.0.0:59735<->167.172.66.247:8002 closed
11:50:43.689 [Finalizer] DEBUG org.apache.http.impl.conn.DefaultClientConnection - Connection 0.0.0.0:59736<->167.172.66.247:8002 closed
11:50:43.689 [Finalizer] DEBUG org.apache.http.impl.conn.DefaultClientConnection - Connection 0.0.0.0:59737<->167.172.66.247:8002 closed
11:50:43.691 [main] DEBUG net.thucydides.core.steps.StepInterceptor - STEP DONE: admin receive a valid login and event HTTP response code 200 in mobile
  &amp#27;[32mThen &amp#27;[0m&amp#27;[32muser receive a valid login and event HTTP response code 200 in mobile&amp#27;[0m &amp#27;[90m# starter.stepdefinitions.Mobile.EventSteps.adminReceiveAValidLoginAndEventHTTPResponseCode200InMobile()&amp#27;[0m
11:50:43.692 [main] INFO  - 
  _____   ___   ___   _____     ___     _     ___   ___   ___   ___  
 |_   _| | __| / __| |_   _|   | _ \   /_\   / __| / __| | __| |   \ 
   | |   | _|  \__ \   | |     |  _/  / _ \  \__ \ \__ \ | _|  | |) |
   |_|   |___| |___/   |_|     |_|   /_/ \_\ |___/ |___/ |___| |___/ 

As user, I can edit event data by ID
----------------------------------------------------------------------
]]></system-out>
  </testcase>
  <testcase name="As user, I can delete event data by ID" classname="As user, I want to manage the event feature" time="0.391">
    <system-out><![CDATA[
@TCEVENT08
Scenario: As user, I can delete event data by ID                             &amp#27;[90m# src/test/resources/Feature/Api/Mobile/Event.feature:31&amp#27;[0m
11:50:43.701 [main] INFO io.cucumber.core.plugin.SerenityReporter - Running feature from file:///Users/macbookpro/Documents/Capstone_API_CI/src/test/resources/Feature/Api/Mobile/Event.feature
11:50:43.701 [main] WARN io.cucumber.core.plugin.SerenityReporter - Feature from file:///Users/macbookpro/Documents/Capstone_API_CI/src/test/resources/Feature/Api/Mobile/Event.feature is not under the 'features' directory. Requirements report will not be correctly generated!
11:50:43.701 [main] INFO  - 
  _____   ___   ___   _____     ___   _____     _     ___   _____   ___   ___  
 |_   _| | __| / __| |_   _|   / __| |_   _|   /_\   | _ \ |_   _| | __| |   \ 
   | |   | _|  \__ \   | |     \__ \   | |    / _ \  |   /   | |   | _|  | |) |
   |_|   |___| |___/   |_|     |___/   |_|   /_/ \_\ |_|_\   |_|   |___| |___/ 

As user, I can delete event data by ID(as-user--i-want-to-manage-the-event-feature;as-user--i-can-delete-event-data-by-id)
--------------------------------------------------------------------------------
11:50:43.704 [main] DEBUG net.thucydides.core.steps.StepInterceptor - STARTING STEP: EventSteps.adminSetUpApiEndpointLoginEventInMobile - admin set up api endpoint login in event in mobile
11:50:43.704 [main] DEBUG net.thucydides.core.steps.StepInterceptor - STEP DONE: admin set up api endpoint login in event in mobile
  &amp#27;[32mGiven &amp#27;[0m&amp#27;[32muser set up api endpoint login in event in mobile&amp#27;[0m                    &amp#27;[90m# starter.stepdefinitions.Mobile.EventSteps.adminSetUpApiEndpointLoginEventInMobile()&amp#27;[0m
11:50:43.705 [main] DEBUG net.thucydides.core.steps.StepInterceptor - STARTING STEP: EventSteps.adminSendSAHTTPRequestLoginEventInMobile - admin send a HTTP request login in event in mobile
11:50:43.705 [main] DEBUG net.thucydides.core.steps.StepInterceptor - STARTING STEP: Event.adminSendSAHTTPRequestLoginEventInMobile - admin set up api endpoint login in event in mobile
11:50:43.705 [main] DEBUG net.thucydides.core.steps.StepInterceptor - STEP DONE: admin set up api endpoint login in event in mobile
11:50:43.708 [main] DEBUG org.apache.http.impl.conn.BasicClientConnectionManager - Get connection for route {}->http://167.172.66.247:8002
11:50:43.708 [main] DEBUG org.apache.http.impl.conn.DefaultClientConnectionOperator - Connecting to 167.172.66.247:8002
11:50:43.736 [main] DEBUG org.apache.http.client.protocol.RequestAddCookies - CookieSpec selected: ignoreCookies
11:50:43.736 [main] DEBUG org.apache.http.client.protocol.RequestAuthCache - Auth cache not set in the context
11:50:43.736 [main] DEBUG org.apache.http.client.protocol.RequestTargetAuthentication - Target auth state: UNCHALLENGED
11:50:43.736 [main] DEBUG org.apache.http.client.protocol.RequestProxyAuthentication - Proxy auth state: UNCHALLENGED
11:50:43.736 [main] DEBUG org.apache.http.impl.client.DefaultHttpClient - Attempt 1 to execute request
11:50:43.736 [main] DEBUG org.apache.http.impl.conn.DefaultClientConnection - Sending request: POST /user_login HTTP/1.1
11:50:43.736 [main] DEBUG org.apache.http.wire -  >> "POST /user_login HTTP/1.1[\r][\n]"
11:50:43.736 [main] DEBUG org.apache.http.wire -  >> "Accept: */*[\r][\n]"
11:50:43.736 [main] DEBUG org.apache.http.wire -  >> "Content-Type: application/json[\r][\n]"
11:50:43.736 [main] DEBUG org.apache.http.wire -  >> "Content-Length: 47[\r][\n]"
11:50:43.736 [main] DEBUG org.apache.http.wire -  >> "Host: 167.172.66.247:8002[\r][\n]"
11:50:43.736 [main] DEBUG org.apache.http.wire -  >> "Connection: Keep-Alive[\r][\n]"
11:50:43.736 [main] DEBUG org.apache.http.wire -  >> "User-Agent: Apache-HttpClient/4.5.13 (Java/17.0.7)[\r][\n]"
11:50:43.736 [main] DEBUG org.apache.http.wire -  >> "Accept-Encoding: gzip,deflate[\r][\n]"
11:50:43.736 [main] DEBUG org.apache.http.wire -  >> "[\r][\n]"
11:50:43.736 [main] DEBUG org.apache.http.headers - >> POST /user_login HTTP/1.1
11:50:43.736 [main] DEBUG org.apache.http.headers - >> Accept: */*
11:50:43.736 [main] DEBUG org.apache.http.headers - >> Content-Type: application/json
11:50:43.736 [main] DEBUG org.apache.http.headers - >> Content-Length: 47
11:50:43.736 [main] DEBUG org.apache.http.headers - >> Host: 167.172.66.247:8002
11:50:43.736 [main] DEBUG org.apache.http.headers - >> Connection: Keep-Alive
11:50:43.736 [main] DEBUG org.apache.http.headers - >> User-Agent: Apache-HttpClient/4.5.13 (Java/17.0.7)
11:50:43.736 [main] DEBUG org.apache.http.headers - >> Accept-Encoding: gzip,deflate
11:50:43.736 [main] DEBUG org.apache.http.wire -  >> "{"password":"123456","email":"sean1@gmail.com"}"
11:50:43.797 [main] DEBUG org.apache.http.wire -  << "HTTP/1.1 200 OK[\r][\n]"
11:50:43.797 [main] DEBUG org.apache.http.wire -  << "Content-Type: application/json; charset=UTF-8[\r][\n]"
11:50:43.797 [main] DEBUG org.apache.http.wire -  << "Vary: Origin[\r][\n]"
11:50:43.797 [main] DEBUG org.apache.http.wire -  << "Date: Mon, 26 Jun 2023 04:50:43 GMT[\r][\n]"
11:50:43.797 [main] DEBUG org.apache.http.wire -  << "Content-Length: 462[\r][\n]"
11:50:43.797 [main] DEBUG org.apache.http.wire -  << "[\r][\n]"
11:50:43.797 [main] DEBUG org.apache.http.impl.conn.DefaultClientConnection - Receiving response: HTTP/1.1 200 OK
11:50:43.797 [main] DEBUG org.apache.http.headers - << HTTP/1.1 200 OK
11:50:43.797 [main] DEBUG org.apache.http.headers - << Content-Type: application/json; charset=UTF-8
11:50:43.797 [main] DEBUG org.apache.http.headers - << Vary: Origin
11:50:43.797 [main] DEBUG org.apache.http.headers - << Date: Mon, 26 Jun 2023 04:50:43 GMT
11:50:43.797 [main] DEBUG org.apache.http.headers - << Content-Length: 462
11:50:43.797 [main] DEBUG org.apache.http.impl.client.DefaultHttpClient - Connection can be kept alive indefinitely
11:50:43.797 [main] DEBUG io.restassured.internal.RestAssuredHttpBuilder - Parsing response as: application/json; charset=UTF-8
11:50:43.797 [main] DEBUG io.restassured.internal.RestAssuredHttpBuilder - Parsed data to instance of: class org.apache.http.conn.EofSensorInputStream
11:50:43.798 [main] DEBUG org.apache.http.wire -  << "{"data":{"user":{"ID":96,"CreatedAt":"2023-06-25T14:27:36.534Z","UpdatedAt":"2023-06-25T14:27:36.534Z","DeletedAt":null,"nama":"Sean 1","foto_profile":"123","email":"sean1@gmail.com","password":"123456","no_telepon":"0811111111111","alamat":"Jl. 123"},"token":"eyJhbGciOiJIUzI1NiIsInR5cCI6IkpXVCJ9.eyJleHAiOjE2ODc3NzMwNDMsImlkIjo5NiwiaXNzIjoicXdlcnR5IiwibmFtZSI6IlNlYW4gMSJ9.cZngFMnQH_mNEd_tSVmyWr8XRqBgHKdEKAXo6hlAnmk"},"message":"Login success","status":true}[\n]"
11:50:43.798 [main] DEBUG org.apache.http.impl.conn.BasicClientConnectionManager - Releasing connection org.apache.http.impl.conn.ManagedClientConnectionImpl@2202c92f
11:50:43.798 [main] DEBUG org.apache.http.impl.conn.BasicClientConnectionManager - Connection can be kept alive indefinitely
11:50:43.806 [main] DEBUG net.thucydides.core.steps.StepInterceptor - STEP DONE: admin send a HTTP request login in event in mobile
  &amp#27;[32mWhen &amp#27;[0m&amp#27;[32muser send a HTTP request login in event in mobile&amp#27;[0m                     &amp#27;[90m# starter.stepdefinitions.Mobile.EventSteps.adminSendSAHTTPRequestLoginEventInMobile()&amp#27;[0m
11:50:43.807 [main] DEBUG net.thucydides.core.steps.StepInterceptor - STARTING STEP: EventSteps.adminSetTheDELApiEndpointEventInMobile - admin set the DEL api endpoint event in mobile
11:50:43.807 [main] DEBUG net.thucydides.core.steps.StepInterceptor - STEP DONE: admin set the DEL api endpoint event in mobile
  &amp#27;[32mAnd &amp#27;[0m&amp#27;[32muser set the DEL api endpoint event in mobile&amp#27;[0m                          &amp#27;[90m# starter.stepdefinitions.Mobile.EventSteps.adminSetTheDELApiEndpointEventInMobile()&amp#27;[0m
11:50:43.807 [main] DEBUG net.thucydides.core.steps.StepInterceptor - STARTING STEP: EventSteps.adminSentHTTPDELRequestEventByIDInMobile - admin sent HTTP DEL request event by ID in mobile
11:50:43.808 [main] DEBUG net.thucydides.core.steps.StepInterceptor - STARTING STEP: Event.adminSentHTTPDELRequestEventByIDInMobile - admin set the DEL api endpoint event in mobile
11:50:43.808 [main] DEBUG net.thucydides.core.steps.StepInterceptor - STEP DONE: admin set the DEL api endpoint event in mobile
11:50:43.812 [main] DEBUG org.apache.http.impl.conn.BasicClientConnectionManager - Get connection for route {}->http://167.172.66.247:8002
11:50:43.812 [main] DEBUG org.apache.http.impl.conn.DefaultClientConnectionOperator - Connecting to 167.172.66.247:8002
11:50:43.847 [main] DEBUG org.apache.http.client.protocol.RequestAddCookies - CookieSpec selected: ignoreCookies
11:50:43.847 [main] DEBUG org.apache.http.client.protocol.RequestAuthCache - Auth cache not set in the context
11:50:43.847 [main] DEBUG org.apache.http.client.protocol.RequestTargetAuthentication - Target auth state: UNCHALLENGED
11:50:43.847 [main] DEBUG org.apache.http.client.protocol.RequestProxyAuthentication - Proxy auth state: UNCHALLENGED
11:50:43.847 [main] DEBUG org.apache.http.impl.client.DefaultHttpClient - Attempt 1 to execute request
11:50:43.847 [main] DEBUG org.apache.http.impl.conn.DefaultClientConnection - Sending request: DELETE /event?pagevent%2F61 HTTP/1.1
11:50:43.847 [main] DEBUG org.apache.http.wire -  >> "DELETE /event?pagevent%2F61 HTTP/1.1[\r][\n]"
11:50:43.847 [main] DEBUG org.apache.http.wire -  >> "Accept: */*[\r][\n]"
11:50:43.847 [main] DEBUG org.apache.http.wire -  >> "Host: 167.172.66.247:8002[\r][\n]"
11:50:43.847 [main] DEBUG org.apache.http.wire -  >> "Connection: Keep-Alive[\r][\n]"
11:50:43.847 [main] DEBUG org.apache.http.wire -  >> "User-Agent: Apache-HttpClient/4.5.13 (Java/17.0.7)[\r][\n]"
11:50:43.847 [main] DEBUG org.apache.http.wire -  >> "Accept-Encoding: gzip,deflate[\r][\n]"
11:50:43.847 [main] DEBUG org.apache.http.wire -  >> "[\r][\n]"
11:50:43.847 [main] DEBUG org.apache.http.headers - >> DELETE /event?pagevent%2F61 HTTP/1.1
11:50:43.847 [main] DEBUG org.apache.http.headers - >> Accept: */*
11:50:43.847 [main] DEBUG org.apache.http.headers - >> Host: 167.172.66.247:8002
11:50:43.847 [main] DEBUG org.apache.http.headers - >> Connection: Keep-Alive
11:50:43.847 [main] DEBUG org.apache.http.headers - >> User-Agent: Apache-HttpClient/4.5.13 (Java/17.0.7)
11:50:43.847 [main] DEBUG org.apache.http.headers - >> Accept-Encoding: gzip,deflate
11:50:43.907 [main] DEBUG org.apache.http.wire -  << "HTTP/1.1 400 Bad Request[\r][\n]"
11:50:43.907 [main] DEBUG org.apache.http.wire -  << "Content-Type: application/json; charset=UTF-8[\r][\n]"
11:50:43.907 [main] DEBUG org.apache.http.wire -  << "Vary: Origin[\r][\n]"
11:50:43.907 [main] DEBUG org.apache.http.wire -  << "Date: Mon, 26 Jun 2023 04:50:44 GMT[\r][\n]"
11:50:43.907 [main] DEBUG org.apache.http.wire -  << "Content-Length: 39[\r][\n]"
11:50:43.907 [main] DEBUG org.apache.http.wire -  << "[\r][\n]"
11:50:43.907 [main] DEBUG org.apache.http.impl.conn.DefaultClientConnection - Receiving response: HTTP/1.1 400 Bad Request
11:50:43.907 [main] DEBUG org.apache.http.headers - << HTTP/1.1 400 Bad Request
11:50:43.907 [main] DEBUG org.apache.http.headers - << Content-Type: application/json; charset=UTF-8
11:50:43.907 [main] DEBUG org.apache.http.headers - << Vary: Origin
11:50:43.907 [main] DEBUG org.apache.http.headers - << Date: Mon, 26 Jun 2023 04:50:44 GMT
11:50:43.907 [main] DEBUG org.apache.http.headers - << Content-Length: 39
11:50:43.907 [main] DEBUG org.apache.http.impl.client.DefaultHttpClient - Connection can be kept alive indefinitely
11:50:43.907 [main] DEBUG io.restassured.internal.RestAssuredHttpBuilder - Parsing response as: application/json; charset=UTF-8
11:50:43.907 [main] DEBUG io.restassured.internal.RestAssuredHttpBuilder - Parsed data to instance of: class org.apache.http.conn.EofSensorInputStream
11:50:43.908 [main] DEBUG org.apache.http.wire -  << "{"message":"missing or malformed jwt"}[\n]"
11:50:43.908 [main] DEBUG org.apache.http.impl.conn.BasicClientConnectionManager - Releasing connection org.apache.http.impl.conn.ManagedClientConnectionImpl@347f8029
11:50:43.908 [main] DEBUG org.apache.http.impl.conn.BasicClientConnectionManager - Connection can be kept alive indefinitely
11:50:43.908 [main] DEBUG net.thucydides.core.steps.StepInterceptor - STEP DONE: admin sent HTTP DEL request event by ID in mobile
  &amp#27;[32mAnd &amp#27;[0m&amp#27;[32muser sent HTTP DEL request event by ID in mobile&amp#27;[0m                       &amp#27;[90m# starter.stepdefinitions.Mobile.EventSteps.adminSentHTTPDELRequestEventByIDInMobile()&amp#27;[0m
11:50:43.910 [main] DEBUG net.thucydides.core.steps.StepInterceptor - STARTING STEP: EventSteps.adminReceiveAValidLoginAndEventHTTPResponseCode200InMobile - admin receive a valid login and event HTTP response code 200 in mobile
11:50:43.911 [main] DEBUG net.thucydides.core.steps.StepInterceptor - STARTING STEP: Event.adminReceiveAValidLoginAndEventHTTPResponseCode200InMobile - admin set the POST api endpoint event in mobile
11:50:43.911 [main] DEBUG net.thucydides.core.steps.StepInterceptor - STEP DONE: admin set the POST api endpoint event in mobile
11:50:43.913 [main] DEBUG org.apache.http.impl.conn.BasicClientConnectionManager - Get connection for route {}->http://167.172.66.247:8002
11:50:43.914 [main] DEBUG org.apache.http.impl.conn.DefaultClientConnectionOperator - Connecting to 167.172.66.247:8002
11:50:43.947 [main] DEBUG org.apache.http.client.protocol.RequestAddCookies - CookieSpec selected: ignoreCookies
11:50:43.947 [main] DEBUG org.apache.http.client.protocol.RequestAuthCache - Auth cache not set in the context
11:50:43.947 [main] DEBUG org.apache.http.client.protocol.RequestProxyAuthentication - Proxy auth state: UNCHALLENGED
11:50:43.947 [main] DEBUG org.apache.http.impl.client.DefaultHttpClient - Attempt 1 to execute request
11:50:43.947 [main] DEBUG org.apache.http.impl.conn.DefaultClientConnection - Sending request: GET /event HTTP/1.1
11:50:43.947 [main] DEBUG org.apache.http.wire -  >> "GET /event HTTP/1.1[\r][\n]"
11:50:43.947 [main] DEBUG org.apache.http.wire -  >> "Authorization: Bearer eyJhbGciOiJIUzI1NiIsInR5cCI6IkpXVCJ9.eyJleHAiOjE2ODc3NzMwNDMsImlkIjo5NiwiaXNzIjoicXdlcnR5IiwibmFtZSI6IlNlYW4gMSJ9.cZngFMnQH_mNEd_tSVmyWr8XRqBgHKdEKAXo6hlAnmk[\r][\n]"
11:50:43.947 [main] DEBUG org.apache.http.wire -  >> "Accept: */*[\r][\n]"
11:50:43.947 [main] DEBUG org.apache.http.wire -  >> "Host: 167.172.66.247:8002[\r][\n]"
11:50:43.947 [main] DEBUG org.apache.http.wire -  >> "Connection: Keep-Alive[\r][\n]"
11:50:43.947 [main] DEBUG org.apache.http.wire -  >> "User-Agent: Apache-HttpClient/4.5.13 (Java/17.0.7)[\r][\n]"
11:50:43.947 [main] DEBUG org.apache.http.wire -  >> "Accept-Encoding: gzip,deflate[\r][\n]"
11:50:43.947 [main] DEBUG org.apache.http.wire -  >> "[\r][\n]"
11:50:43.947 [main] DEBUG org.apache.http.headers - >> GET /event HTTP/1.1
11:50:43.947 [main] DEBUG org.apache.http.headers - >> Authorization: Bearer eyJhbGciOiJIUzI1NiIsInR5cCI6IkpXVCJ9.eyJleHAiOjE2ODc3NzMwNDMsImlkIjo5NiwiaXNzIjoicXdlcnR5IiwibmFtZSI6IlNlYW4gMSJ9.cZngFMnQH_mNEd_tSVmyWr8XRqBgHKdEKAXo6hlAnmk
11:50:43.947 [main] DEBUG org.apache.http.headers - >> Accept: */*
11:50:43.947 [main] DEBUG org.apache.http.headers - >> Host: 167.172.66.247:8002
11:50:43.947 [main] DEBUG org.apache.http.headers - >> Connection: Keep-Alive
11:50:43.947 [main] DEBUG org.apache.http.headers - >> User-Agent: Apache-HttpClient/4.5.13 (Java/17.0.7)
11:50:43.947 [main] DEBUG org.apache.http.headers - >> Accept-Encoding: gzip,deflate
11:50:44.007 [main] DEBUG org.apache.http.wire -  << "HTTP/1.1 200 OK[\r][\n]"
11:50:44.007 [main] DEBUG org.apache.http.wire -  << "Content-Type: application/json; charset=UTF-8[\r][\n]"
11:50:44.007 [main] DEBUG org.apache.http.wire -  << "Vary: Origin[\r][\n]"
11:50:44.007 [main] DEBUG org.apache.http.wire -  << "Date: Mon, 26 Jun 2023 04:50:44 GMT[\r][\n]"
11:50:44.007 [main] DEBUG org.apache.http.wire -  << "Transfer-Encoding: chunked[\r][\n]"
11:50:44.007 [main] DEBUG org.apache.http.wire -  << "[\r][\n]"
11:50:44.007 [main] DEBUG org.apache.http.impl.conn.DefaultClientConnection - Receiving response: HTTP/1.1 200 OK
11:50:44.007 [main] DEBUG org.apache.http.headers - << HTTP/1.1 200 OK
11:50:44.007 [main] DEBUG org.apache.http.headers - << Content-Type: application/json; charset=UTF-8
11:50:44.007 [main] DEBUG org.apache.http.headers - << Vary: Origin
11:50:44.007 [main] DEBUG org.apache.http.headers - << Date: Mon, 26 Jun 2023 04:50:44 GMT
11:50:44.007 [main] DEBUG org.apache.http.headers - << Transfer-Encoding: chunked
11:50:44.007 [main] DEBUG org.apache.http.impl.client.DefaultHttpClient - Connection can be kept alive indefinitely
11:50:44.008 [main] DEBUG io.restassured.internal.RestAssuredHttpBuilder - Parsing response as: application/json; charset=UTF-8
11:50:44.008 [main] DEBUG io.restassured.internal.RestAssuredHttpBuilder - Parsed data to instance of: class org.apache.http.conn.EofSensorInputStream
11:50:44.009 [main] DEBUG org.apache.http.wire -  << "27eb[\r][\n]"
11:50:44.009 [main] DEBUG org.apache.http.wire -  << "{"data":{"data":[{"ID":85,"CreatedAt":"2023-06-25T06:43:54.874Z","UpdatedAt":"2023-06-25T13:48:26.219Z","DeletedAt":null,"artikel_id":"98","gambar":"123","nama":"Drama Gong","deskripsi":"Gong adalah serangkaian alat seni musik yang terdiri dari berbagai macam gamelan. Gong memang kerap menjadi pengiring pertunjukan seni lain. Namun drama Gong juga dapat berdiri sendiri dengan kolaborasi seni pertunjukan kontemporer. Kamu akan menyaksikan bagaimana para pemain alat musik ini bernyanyi dalam bahasa Sansekerta dan bahasa Bali klasik. Nyanyian tersebut menceritakan berbagai tema, seperti sejarah, percintaan, kepahlawanan, dan sebagainya. Pertunjukan ini hanya bisa kamu saksikan pada upacara spesial atau hari tertentu saja.","harga_tiket":45000,"stok_tiket":400,"waktu_mulai":"13:00 WITA","waktu_selesai":"14:00 WITA","tanggal_mulai":"13 Juli 2023","tanggal_selesai":"14 Juli 2023","lokasi":"Ubud, Bali","link_lokasi":"https://goo.gl/maps/fCBRPeGyGq8uR4yE7"},{"ID":86,"CreatedAt":"2023-06-25T06:46:44.184Z","UpdatedAt":"2023-06-25T13:57:49.129Z","DeletedAt":null,"artikel_id":"101","gambar":"123","nama":"Rumah Adat Bali","deskripsi":"Kesenian tidak hanya berbentuk pertunjukan, tapi juga seni rupa seperti rumah adat. Rumah Adat Bali memiliki filosofi Tri Hita Karana atau tiga unsur kehidupan. Yakni harmoni antara manusia dengan manusia, harmoni dengan alam, dan harmoni dengan yang diyakini atau Tuhan.\nFilosofi ini kemudian menjadi dasar untuk membangun rumah Adat Bali. Dasar ini dituangkan dalam aturan yang disebut Asta Kosala Kosali, yaitu aturan membangun rumah dalam masyarakat Bali dengan menentukan luas dan tata letak dalam ruangan.\n","harga_tiket":50000,"stok_tiket":200,"waktu_mulai":"13.00 WITA","waktu_selesai":"15.00 WITA","tanggal_mulai":"7 Juli 2023","tanggal_selesai":"10 Juli 2023","lokasi":"Ubud, Bali","link_lokasi":"https://goo.gl/maps/fCBRPeGyGq8uR4yE7"},{"ID":88,"CreatedAt":"2023-06-25T12:09:44.602Z","UpdatedAt":"2023-06-25T13:57:57.581Z","DeletedAt":null,"artikel_id":"93","gambar":"[object File]","nama":"Tari Kecak","deskripsi":"Tari kecak merupakan pertunjukkan seni khas Bali yang menggabungkan drama dan tari. Tari Kecak memiliki makna berupa kisah Ramayana. Tari Kecak menggambarkan kisah penculikan Dewi Sinta oleh Rahwana, kemudian Rama berusaha membebaskan istrinya tersebut dengan berbagai cara.\nKeunikan tari Kecak adalah ditampilkan tanpa iringan alat musik. Sepanjang tarian, para penari yang berjumlah sekitar 70 orang akan duduk melingkar sambil melantunkan 'cak cak cak', yang kemudian menjadi asal-usul nama tari Kecak. Tari Kecak sendiri diinisiasi oleh dua tokoh yakn"
11:50:44.017 [main] DEBUG org.apache.http.wire -  << "i Wayan Limbak yang merupakan penari Bali dan Walter Spies, seorang seniman lukis asal Jerman yang ingin menyajikan kisah Ramayana dalam bentuk tarian.\n","harga_tiket":0,"stok_tiket":0,"waktu_mulai":"19:00 WITA","waktu_selesai":"20:00 WITA","tanggal_mulai":"25 Juni 2023","tanggal_selesai":"27 Juni 2023","lokasi":"Ubud, Bali","link_lokasi":"https://goo.gl/maps/fCBRPeGyGq8uR4yE7"},{"ID":89,"CreatedAt":"2023-06-25T12:12:32.841Z","UpdatedAt":"2023-06-25T13:58:43.971Z","DeletedAt":null,"artikel_id":"99","gambar":"[object File]","nama":"Omed-omedan","deskripsi":"Tradisi ini termasuk unik dan menjadi daya tarik juga bagi wisatawan dari luar Bali. Omed-omedan artinya tarik-menarik dalam bahasa Indonesia. Omed-omedan dilakukan dengan berciuman antara ratusan anak muda Bali.\nNamun, tradisi ini lebih bertujuan untuk mempererat kekeluargaan dan kebersamaan secara adat, bukan untuk nafsu birahi. Anak muda dibagi ke dalam dua kelompok, yakni laki-laki dan perempuan. Mereka saling berhadapan, kemudian saat musik gamelan dimainkan, pemuda dan pemudi ini akan melakukan gelut (peluk), diman (cium), dan kedengin (tarik) sesuai dengan lirik lagu yang dinyanyikan.\n","harga_tiket":0,"stok_tiket":0,"waktu_mulai":"15:00 WITA","waktu_selesai":"17:00 WITA","tanggal_mulai":"14 Agustus 2023","tanggal_selesai":"16 Agustus 2023","lokasi":"Ubud, Bali","link_lokasi":"https://goo.gl/maps/fCBRPeGyGq8uR4yE7"},{"ID":90,"CreatedAt":"2023-06-25T12:28:41.189Z","UpdatedAt":"2023-06-25T13:58:53.813Z","DeletedAt":null,"artikel_id":"102","gambar":"[object File]","nama":"Tari Pendet","deskripsi":"Tari Pendet merupakan tarian tradisional paling populer di Bali.  Makna Gerakan, dan Pola Lantainya', keunikan tari Pendet ada pada gerakan lirikan mata dan properti yang digunakan.\n\nTari Pendet diperagakan bersama iringan musik gamelan. Berbagai gerakan dalam tari Pendet memiliki nama tersendiri. Misalnya gerakan mata ke kanan dan kiri disebut nyeledet, sedangkan gerakan mata memutar disebut ngiler. Kemudian mimik wajah penari Pendet yang selalu tersenyum dinamakan entiah tjerengu.","harga_tiket":100000,"stok_tiket":250,"waktu_mulai":"12:00 WITA","waktu_selesai":"14:00 WITA","tanggal_mulai":"1 Agustus 2023","tanggal_selesai":"5 Agustus 2023","lokasi":"Ubud, Bali","link_lokasi":"https://goo.gl/maps/fCBRPeGyGq8uR4yE7"},{"ID":91,"CreatedAt":"2023-06-25T12:30:59.728Z","UpdatedAt":"2023-06-25T13:59:03.195Z","DeletedAt":null,"artikel_id":"97","gambar":"C:\\fakepath\\wisata.png","nama":"Tari Barong","deskripsi":"Tari Barong adalah tarian yang sering diasosiasikan dengan hal spiritual dan menggambarkan pertempuran klasik antara kebaikan dan kejahatan.\nSalah satu tokoh utama dalam tarian ini berwujud seperti singa. Barong dikatakan sebagai raja roh yang mewakili kebajikan dan dik"
11:50:44.047 [main] DEBUG org.apache.http.wire -  << "enal sebagai sosok pelindung. Sementara lawan atau musuh bebuyutan barong bernama Rangda. Rangda merupakan ratu iblis yang memimpin pasukan penyihir jahat.\nTari Barong memiliki makna untuk menjaga keseimbangan antara kedua hal yang saling bertentangan, kebaikan dan kejahatan. Ada 6 jenis tari barong yang berbeda-beda untuk setiap wilayah di Bali.Yakni Barong keket, Barong Bangkal, Barong Landung, Barong Asu, Barong Macan, dan Barong Gajah.\n","harga_tiket":75000,"stok_tiket":200,"waktu_mulai":"13:00 WITA","waktu_selesai":"15:00 WITA","tanggal_mulai":"10 Agustus 2023","tanggal_selesai":"14 Agustus 2023","lokasi":"Ubud, Bali","link_lokasi":"https://goo.gl/maps/fCBRPeGyGq8uR4yE7"},{"ID":92,"CreatedAt":"2023-06-25T12:32:22.485Z","UpdatedAt":"2023-06-25T13:59:12.368Z","DeletedAt":null,"artikel_id":"103","gambar":"C:\\fakepath\\wisata.png","nama":"Ogoh-ogoh","deskripsi":"Tradisi ini merupakan salah satu kegiatan budaya yang hampir selalu dilaksanakan penganut agama Hindu di Bali. Mengutip Kadek Winarta dari Universitas Negeri Makassar, Ogoh-ogoh mulanya merupakan tradisi ngelewang oleh kesenian Ndong-nding dari Gianyar dan Karang Asem. Ogoh-ogoh diyakini merupakan perwujudan raja Jaya Pangus dan putri Kang Cing Wei sebagai Barong Landung.\nTradisi Ogoh-ogoh bermakna sebagai keseimbangan antara sisi positif dan negatif dalam diri manusia. Sisi negatif sendiri tidak diharapkan hilang tetapi dipertahankan dengan kadar yang sama dengan sisi positif sehingga sisi negatif akan menjadi netral.\n","harga_tiket":0,"stok_tiket":0,"waktu_mulai":"20:00 WITA","waktu_selesai":"23:00 WITA","tanggal_mulai":"13 Agustus 2023","tanggal_selesai":"13 Agustus 2023","lokasi":"Ubud, Bali","link_lokasi":"https://goo.gl/maps/fCBRPeGyGq8uR4yE7"},{"ID":93,"CreatedAt":"2023-06-25T12:33:59.904Z","UpdatedAt":"2023-06-25T13:59:22.066Z","DeletedAt":null,"artikel_id":"100","gambar":"C:\\fakepath\\wisata.png","nama":"Drama Tari Calonarang","deskripsi":"Calonarang adalah tokoh utama dalam seni tari ini yang identik dengan wajah seram dan menakutkan. Karena dalam kepercayaan Hindu Bali, Calonarang adalah wujud kekuatan mistis yang nantinya akan diseimbangkan oleh kekuatan ilmu putih. Seni drama tari Calonarang sering dikolaborasikan dengan seni tari lain, seperti drama Gong, tari Barong, dan sebagainya. Pertunjukannya pun tidak bisa di sembarang tempat karena tema horor yang dimilikinya. Jadi seni drama tari Calonarang sangat menarik untuk disaksikan. Bagaimana peperangan antara hal baik dan hal jahat ditunjukkan dalam seni tarian yang indah.","harga_tiket":80000,"stok_tiket":150,"waktu_mulai":"20:00 WITA","waktu_selesai":"21:00 WITA","tanggal_mulai":"15 Juli 2023 ","tanggal_selesai":"20 Juli 2023","lokasi":"Ubud, Bali","link_lokasi":"https://goo.gl/maps/fCBRPeGyGq8uR4yE7"},{"ID":94,"CreatedAt":"2023-06-25T12:36:04.17Z","UpdatedAt":"2023-06-25T13:59:35.25Z","DeletedAt":null,"artikel_id":"95","gambar":"C:\\fakepath\\wisata.png","nama":"Tari Legong","deskripsi":"Kesenian tradisional Bali berikutnya yang harus disaksikan adalah Tari Legong. Tari Legong dibawakan oleh perempuan dengan gerakan yang terstruktur. Daya tarik utama dari pertunjukan seni ini adalah kesesuaian antara mata dan tangan penari dengan alat musik gamelan yang mengiringinya, yaiti Gamelan Semar Pagulingan. Berasal dari kata [0xe2][0x80][0x9c]Leg[0xe2][0x80][0x9d] yang berarti luwes dan [0xe2][0x80][0x9c]Gong[0xe2][0x80][0x9d] adalah alat musik yang mengiringinya, tarian ini lebih sering disebut sebagai Tari Bali. Selain gerakannya yang lembut, riasan dan busana tradisional Bali yang cantik akan membuatmu terpana.","harga_tiket":90000,"stok_tiket":300,"waktu_mulai":"15:00 WITA","waktu_selesai":"17:00 WITA","tanggal_mulai":"1 Juli 2023","tanggal_selesai":"10 Juli 2023","lokasi":"Ubud, Bali","link_lokasi":"https://goo.gl/maps/fCBRPeGyGq8uR4yE7"},{"ID":95,"CreatedAt":"2023-06-25T12:37:12.327Z","UpdatedAt":"2023-06-25T13:59:47.985Z","DeletedAt":null,"artikel_id":"104","gambar":"C:\\fakepath\\wisata.png","nama":"Mekare-Kare","deskripsi":"Bagi penduduk pria di kawasan Tenganan, Karangasem, Bali, upacara Mekare-Kare adalah ajang untuk menunjukkan kehebatannya. Mereka akan bertarung dan melakukan segala cara untuk memenangkan pera"
11:50:44.077 [main] DEBUG org.apache.http.wire -  << "ng yang senjatanya adalah daun pandan yang memiliki duri tajam. \nMekare-Kare dilakukan setiap tahunnya untuk menghormati Indra yang merupakan dewa perang dalam Hindu. Dengan melakukan upacara ini, semua pria di desa akan dianggap kuat dan mampu melakukan perang. Upacara ini biasanya akan diadakan pada awal Juni setiap tahunnya.\n","harga_tiket":0,"stok_tiket":0,"waktu_mulai":"16:00 WITA","waktu_selesai":"17:00 WITA","tanggal_mulai":"20 Juli 2023","tanggal_selesai":"20 Juli 2023","lokasi":"Ubud, Bali","link_lokasi":"https://goo.gl/maps/fCBRPeGyGq8uR4yE7"}],"data_shown":10,"page":1,"total_data":11},"message":"Get all Event success","status":true}[\n]"
11:50:44.077 [main] DEBUG org.apache.http.wire -  << "[\r][\n]"
11:50:44.077 [main] DEBUG org.apache.http.wire -  << "0[\r][\n]"
11:50:44.077 [main] DEBUG org.apache.http.wire -  << "[\r][\n]"
11:50:44.077 [main] DEBUG org.apache.http.impl.conn.BasicClientConnectionManager - Releasing connection org.apache.http.impl.conn.ManagedClientConnectionImpl@5d67bf4d
11:50:44.077 [main] DEBUG org.apache.http.impl.conn.BasicClientConnectionManager - Connection can be kept alive indefinitely
11:50:44.082 [main] DEBUG net.thucydides.core.steps.StepInterceptor - STEP DONE: admin receive a valid login and event HTTP response code 200 in mobile
  &amp#27;[32mThen &amp#27;[0m&amp#27;[32muser receive a valid login and event HTTP response code 200 in mobile&amp#27;[0m &amp#27;[90m# starter.stepdefinitions.Mobile.EventSteps.adminReceiveAValidLoginAndEventHTTPResponseCode200InMobile()&amp#27;[0m
11:50:44.083 [main] INFO  - 
  _____   ___   ___   _____     ___     _     ___   ___   ___   ___  
 |_   _| | __| / __| |_   _|   | _ \   /_\   / __| / __| | __| |   \ 
   | |   | _|  \__ \   | |     |  _/  / _ \  \__ \ \__ \ | _|  | |) |
   |_|   |___| |___/   |_|     |_|   /_/ \_\ |___/ |___/ |___| |___/ 

As user, I can delete event data by ID
----------------------------------------------------------------------
]]></system-out>
  </testcase>
  <testcase name="As user I want to input valid data to then i can see success login" classname="As a user, I logged in successfully" time="0.124">
    <system-out><![CDATA[11:50:44.084 [main] INFO io.cucumber.core.plugin.SerenityReporter - Running feature from file:///Users/macbookpro/Documents/Capstone_API_CI/src/test/resources/Feature/Api/Mobile/Login.feature
11:50:44.084 [main] WARN io.cucumber.core.plugin.SerenityReporter - Feature from file:///Users/macbookpro/Documents/Capstone_API_CI/src/test/resources/Feature/Api/Mobile/Login.feature is not under the 'features' directory. Requirements report will not be correctly generated!
11:50:44.085 [main] DEBUG net.thucydides.core.steps.StepEventBus - Test suite started for story net.thucydides.core.model.Story@fe096f43
11:50:44.085 [main] INFO  - Test Suite Started: As a user, I logged in successfully

@LoginMobile
Scenario: As user I want to input valid data to then i can see success login &amp#27;[90m# src/test/resources/Feature/Api/Mobile/Login.feature:4&amp#27;[0m
11:50:44.093 [main] INFO io.cucumber.core.plugin.SerenityReporter - Running feature from file:///Users/macbookpro/Documents/Capstone_API_CI/src/test/resources/Feature/Api/Mobile/Login.feature
11:50:44.093 [main] WARN io.cucumber.core.plugin.SerenityReporter - Feature from file:///Users/macbookpro/Documents/Capstone_API_CI/src/test/resources/Feature/Api/Mobile/Login.feature is not under the 'features' directory. Requirements report will not be correctly generated!
11:50:44.094 [main] INFO  - 
  _____   ___   ___   _____     ___   _____     _     ___   _____   ___   ___  
 |_   _| | __| / __| |_   _|   / __| |_   _|   /_\   | _ \ |_   _| | __| |   \ 
   | |   | _|  \__ \   | |     \__ \   | |    / _ \  |   /   | |   | _|  | |) |
   |_|   |___| |___/   |_|     |___/   |_|   /_/ \_\ |_|_\   |_|   |___| |___/ 

As user I want to input valid data to then i can see success login(as-a-user--i-logged-in-successfully;as-user-i-want-to-input-valid-data-to-then-i-can-see-success-login)
--------------------------------------------------------------------------------
11:50:44.099 [main] DEBUG net.thucydides.core.steps.StepInterceptor - STARTING STEP: LoginSteps.userHasSetEndpointLogin - I have endpoint login
11:50:44.099 [main] DEBUG net.thucydides.core.steps.StepInterceptor - STEP DONE: I have endpoint login
  &amp#27;[32mGiven &amp#27;[0m&amp#27;[32mUser has set endpoint login&amp#27;[0m                                          &amp#27;[90m# starter.stepdefinitions.Mobile.LoginSteps.userHasSetEndpointLogin()&amp#27;[0m
11:50:44.100 [main] DEBUG net.thucydides.core.steps.StepInterceptor - STARTING STEP: LoginSteps.userSendPOSTHTTPRequestLogin - i send method post endpoint login
11:50:44.100 [main] DEBUG net.thucydides.core.steps.StepInterceptor - STARTING STEP: Login.sendPostHttpRequestLogin - I have endpoint login
11:50:44.101 [main] DEBUG net.thucydides.core.steps.StepInterceptor - STEP DONE: I have endpoint login
11:50:44.103 [main] DEBUG org.apache.http.impl.conn.BasicClientConnectionManager - Get connection for route {}->http://167.172.66.247:8002
11:50:44.103 [main] DEBUG org.apache.http.impl.conn.DefaultClientConnectionOperator - Connecting to 167.172.66.247:8002
11:50:44.128 [main] DEBUG org.apache.http.client.protocol.RequestAddCookies - CookieSpec selected: ignoreCookies
11:50:44.128 [main] DEBUG org.apache.http.client.protocol.RequestAuthCache - Auth cache not set in the context
11:50:44.128 [main] DEBUG org.apache.http.client.protocol.RequestTargetAuthentication - Target auth state: UNCHALLENGED
11:50:44.128 [main] DEBUG org.apache.http.client.protocol.RequestProxyAuthentication - Proxy auth state: UNCHALLENGED
11:50:44.128 [main] DEBUG org.apache.http.impl.client.DefaultHttpClient - Attempt 1 to execute request
11:50:44.128 [main] DEBUG org.apache.http.impl.conn.DefaultClientConnection - Sending request: POST /user_login HTTP/1.1
11:50:44.128 [main] DEBUG org.apache.http.wire -  >> "POST /user_login HTTP/1.1[\r][\n]"
11:50:44.128 [main] DEBUG org.apache.http.wire -  >> "Accept: */*[\r][\n]"
11:50:44.128 [main] DEBUG org.apache.http.wire -  >> "Content-Type: application/json[\r][\n]"
11:50:44.128 [main] DEBUG org.apache.http.wire -  >> "Content-Length: 47[\r][\n]"
11:50:44.128 [main] DEBUG org.apache.http.wire -  >> "Host: 167.172.66.247:8002[\r][\n]"
11:50:44.128 [main] DEBUG org.apache.http.wire -  >> "Connection: Keep-Alive[\r][\n]"
11:50:44.128 [main] DEBUG org.apache.http.wire -  >> "User-Agent: Apache-HttpClient/4.5.13 (Java/17.0.7)[\r][\n]"
11:50:44.128 [main] DEBUG org.apache.http.wire -  >> "Accept-Encoding: gzip,deflate[\r][\n]"
11:50:44.128 [main] DEBUG org.apache.http.wire -  >> "[\r][\n]"
11:50:44.128 [main] DEBUG org.apache.http.headers - >> POST /user_login HTTP/1.1
11:50:44.128 [main] DEBUG org.apache.http.headers - >> Accept: */*
11:50:44.128 [main] DEBUG org.apache.http.headers - >> Content-Type: application/json
11:50:44.128 [main] DEBUG org.apache.http.headers - >> Content-Length: 47
11:50:44.128 [main] DEBUG org.apache.http.headers - >> Host: 167.172.66.247:8002
11:50:44.128 [main] DEBUG org.apache.http.headers - >> Connection: Keep-Alive
11:50:44.128 [main] DEBUG org.apache.http.headers - >> User-Agent: Apache-HttpClient/4.5.13 (Java/17.0.7)
11:50:44.128 [main] DEBUG org.apache.http.headers - >> Accept-Encoding: gzip,deflate
11:50:44.128 [main] DEBUG org.apache.http.wire -  >> "{"password":"123456","email":"sean1@gmail.com"}"
11:50:44.207 [main] DEBUG org.apache.http.wire -  << "HTTP/1.1 200 OK[\r][\n]"
11:50:44.207 [main] DEBUG org.apache.http.wire -  << "Content-Type: application/json; charset=UTF-8[\r][\n]"
11:50:44.207 [main] DEBUG org.apache.http.wire -  << "Vary: Origin[\r][\n]"
11:50:44.207 [main] DEBUG org.apache.http.wire -  << "Date: Mon, 26 Jun 2023 04:50:44 GMT[\r][\n]"
11:50:44.207 [main] DEBUG org.apache.http.wire -  << "Content-Length: 462[\r][\n]"
11:50:44.207 [main] DEBUG org.apache.http.wire -  << "[\r][\n]"
11:50:44.207 [main] DEBUG org.apache.http.impl.conn.DefaultClientConnection - Receiving response: HTTP/1.1 200 OK
11:50:44.207 [main] DEBUG org.apache.http.headers - << HTTP/1.1 200 OK
11:50:44.207 [main] DEBUG org.apache.http.headers - << Content-Type: application/json; charset=UTF-8
11:50:44.207 [main] DEBUG org.apache.http.headers - << Vary: Origin
11:50:44.207 [main] DEBUG org.apache.http.headers - << Date: Mon, 26 Jun 2023 04:50:44 GMT
11:50:44.207 [main] DEBUG org.apache.http.headers - << Content-Length: 462
11:50:44.207 [main] DEBUG org.apache.http.impl.client.DefaultHttpClient - Connection can be kept alive indefinitely
11:50:44.207 [main] DEBUG io.restassured.internal.RestAssuredHttpBuilder - Parsing response as: application/json; charset=UTF-8
11:50:44.207 [main] DEBUG io.restassured.internal.RestAssuredHttpBuilder - Parsed data to instance of: class org.apache.http.conn.EofSensorInputStream
11:50:44.208 [main] DEBUG org.apache.http.wire -  << "{"data":{"user":{"ID":96,"CreatedAt":"2023-06-25T14:27:36.534Z","UpdatedAt":"2023-06-25T14:27:36.534Z","DeletedAt":null,"nama":"Sean 1","foto_profile":"123","email":"sean1@gmail.com","password":"123456","no_telepon":"0811111111111","alamat":"Jl. 123"},"token":"eyJhbGciOiJIUzI1NiIsInR5cCI6IkpXVCJ9.eyJleHAiOjE2ODc3NzMwNDQsImlkIjo5NiwiaXNzIjoicXdlcnR5IiwibmFtZSI6IlNlYW4gMSJ9.T9qU__AQoS1VXohIAvsbPWAt5oPRwfJ1yIivtFyhsMQ"},"message":"Login success","status":true}[\n]"
11:50:44.208 [main] DEBUG org.apache.http.impl.conn.BasicClientConnectionManager - Releasing connection org.apache.http.impl.conn.ManagedClientConnectionImpl@5afba80c
11:50:44.208 [main] DEBUG org.apache.http.impl.conn.BasicClientConnectionManager - Connection can be kept alive indefinitely
11:50:44.208 [main] DEBUG net.thucydides.core.steps.StepInterceptor - STEP DONE: i send method post endpoint login
  &amp#27;[32mWhen &amp#27;[0m&amp#27;[32mUser send POST HTTP request login&amp#27;[0m                                     &amp#27;[90m# starter.stepdefinitions.Mobile.LoginSteps.userSendPOSTHTTPRequestLogin()&amp#27;[0m
11:50:44.209 [main] DEBUG net.thucydides.core.steps.StepInterceptor - STARTING STEP: LoginSteps.userSeeResponseCodeLogin - i see response code login
11:50:44.209 [main] DEBUG net.thucydides.core.steps.StepInterceptor - STEP DONE: i see response code login
  &amp#27;[32mThen &amp#27;[0m&amp#27;[32mUser see response code login &amp#27;[0m&amp#27;[32m&amp#27;[1m200&amp#27;[0m                                      &amp#27;[90m# starter.stepdefinitions.Mobile.LoginSteps.userSeeResponseCodeLogin(int)&amp#27;[0m
11:50:44.210 [main] INFO  - 
  _____   ___   ___   _____     ___     _     ___   ___   ___   ___  
 |_   _| | __| / __| |_   _|   | _ \   /_\   / __| / __| | __| |   \ 
   | |   | _|  \__ \   | |     |  _/  / _ \  \__ \ \__ \ | _|  | |) |
   |_|   |___| |___/   |_|     |_|   /_/ \_\ |___/ |___/ |___| |___/ 

As user I want to input valid data to then i can see success login
----------------------------------------------------------------------
]]></system-out>
  </testcase>
  <testcase name="As admin, ensures that get user data" classname="As Admin, I want to manage the event feature #1" time="0.369">
    <system-out><![CDATA[11:50:44.210 [main] INFO io.cucumber.core.plugin.SerenityReporter - Running feature from file:///Users/macbookpro/Documents/Capstone_API_CI/src/test/resources/Feature/Api/Mobile/Profile.feature
11:50:44.210 [main] WARN io.cucumber.core.plugin.SerenityReporter - Feature from file:///Users/macbookpro/Documents/Capstone_API_CI/src/test/resources/Feature/Api/Mobile/Profile.feature is not under the 'features' directory. Requirements report will not be correctly generated!
11:50:44.211 [main] DEBUG net.thucydides.core.steps.StepEventBus - Test suite started for story net.thucydides.core.model.Story@f8e22531
11:50:44.211 [main] INFO  - Test Suite Started: As Admin, I want to manage the event feature

@TCPROFILE03
Scenario: As admin, ensures that get user data                             &amp#27;[90m# src/test/resources/Feature/Api/Mobile/Profile.feature:4&amp#27;[0m
11:50:44.217 [main] INFO io.cucumber.core.plugin.SerenityReporter - Running feature from file:///Users/macbookpro/Documents/Capstone_API_CI/src/test/resources/Feature/Api/Mobile/Profile.feature
11:50:44.217 [main] WARN io.cucumber.core.plugin.SerenityReporter - Feature from file:///Users/macbookpro/Documents/Capstone_API_CI/src/test/resources/Feature/Api/Mobile/Profile.feature is not under the 'features' directory. Requirements report will not be correctly generated!
11:50:44.217 [main] INFO  - 
  _____   ___   ___   _____     ___   _____     _     ___   _____   ___   ___  
 |_   _| | __| / __| |_   _|   / __| |_   _|   /_\   | _ \ |_   _| | __| |   \ 
   | |   | _|  \__ \   | |     \__ \   | |    / _ \  |   /   | |   | _|  | |) |
   |_|   |___| |___/   |_|     |___/   |_|   /_/ \_\ |_|_\   |_|   |___| |___/ 

As admin, ensures that get user data(as-admin--i-want-to-manage-the-event-feature;as-admin--ensures-that-get-user-data)
--------------------------------------------------------------------------------
11:50:44.223 [main] DEBUG net.thucydides.core.steps.StepInterceptor - STARTING STEP: ProfileSteps.adminSetUpApiEndpointLoginInProfileUser - admin set up api endpoint login in profile user
11:50:44.223 [main] DEBUG net.thucydides.core.steps.StepInterceptor - STEP DONE: admin set up api endpoint login in profile user
  &amp#27;[32mGiven &amp#27;[0m&amp#27;[32madmin set up api endpoint login in profile user&amp#27;[0m                    &amp#27;[90m# starter.stepdefinitions.Mobile.ProfileSteps.adminSetUpApiEndpointLoginInProfileUser()&amp#27;[0m
11:50:44.223 [main] DEBUG net.thucydides.core.steps.StepInterceptor - STARTING STEP: ProfileSteps.adminSendAHTTPRequestLoginInProfileUser - admin send a HTTP request login in profile user
11:50:44.224 [main] DEBUG net.thucydides.core.steps.StepInterceptor - STARTING STEP: Profile.adminSendAHTTPRequestLoginInProfileUser - admin set up api endpoint login in profile user
11:50:44.224 [main] DEBUG net.thucydides.core.steps.StepInterceptor - STEP DONE: admin set up api endpoint login in profile user
11:50:44.226 [main] DEBUG org.apache.http.impl.conn.BasicClientConnectionManager - Get connection for route {}->http://167.172.66.247:8002
11:50:44.226 [main] DEBUG org.apache.http.impl.conn.DefaultClientConnectionOperator - Connecting to 167.172.66.247:8002
11:50:44.267 [main] DEBUG org.apache.http.client.protocol.RequestAddCookies - CookieSpec selected: ignoreCookies
11:50:44.267 [main] DEBUG org.apache.http.client.protocol.RequestAuthCache - Auth cache not set in the context
11:50:44.267 [main] DEBUG org.apache.http.client.protocol.RequestTargetAuthentication - Target auth state: UNCHALLENGED
11:50:44.267 [main] DEBUG org.apache.http.client.protocol.RequestProxyAuthentication - Proxy auth state: UNCHALLENGED
11:50:44.267 [main] DEBUG org.apache.http.impl.client.DefaultHttpClient - Attempt 1 to execute request
11:50:44.267 [main] DEBUG org.apache.http.impl.conn.DefaultClientConnection - Sending request: POST /user_login HTTP/1.1
11:50:44.267 [main] DEBUG org.apache.http.wire -  >> "POST /user_login HTTP/1.1[\r][\n]"
11:50:44.267 [main] DEBUG org.apache.http.wire -  >> "Accept: */*[\r][\n]"
11:50:44.267 [main] DEBUG org.apache.http.wire -  >> "Content-Type: application/json[\r][\n]"
11:50:44.267 [main] DEBUG org.apache.http.wire -  >> "Content-Length: 47[\r][\n]"
11:50:44.267 [main] DEBUG org.apache.http.wire -  >> "Host: 167.172.66.247:8002[\r][\n]"
11:50:44.267 [main] DEBUG org.apache.http.wire -  >> "Connection: Keep-Alive[\r][\n]"
11:50:44.267 [main] DEBUG org.apache.http.wire -  >> "User-Agent: Apache-HttpClient/4.5.13 (Java/17.0.7)[\r][\n]"
11:50:44.267 [main] DEBUG org.apache.http.wire -  >> "Accept-Encoding: gzip,deflate[\r][\n]"
11:50:44.267 [main] DEBUG org.apache.http.wire -  >> "[\r][\n]"
11:50:44.267 [main] DEBUG org.apache.http.headers - >> POST /user_login HTTP/1.1
11:50:44.267 [main] DEBUG org.apache.http.headers - >> Accept: */*
11:50:44.267 [main] DEBUG org.apache.http.headers - >> Content-Type: application/json
11:50:44.267 [main] DEBUG org.apache.http.headers - >> Content-Length: 47
11:50:44.267 [main] DEBUG org.apache.http.headers - >> Host: 167.172.66.247:8002
11:50:44.267 [main] DEBUG org.apache.http.headers - >> Connection: Keep-Alive
11:50:44.267 [main] DEBUG org.apache.http.headers - >> User-Agent: Apache-HttpClient/4.5.13 (Java/17.0.7)
11:50:44.267 [main] DEBUG org.apache.http.headers - >> Accept-Encoding: gzip,deflate
11:50:44.267 [main] DEBUG org.apache.http.wire -  >> "{"password":"123456","email":"sean1@gmail.com"}"
11:50:44.327 [main] DEBUG org.apache.http.wire -  << "HTTP/1.1 200 OK[\r][\n]"
11:50:44.327 [main] DEBUG org.apache.http.wire -  << "Content-Type: application/json; charset=UTF-8[\r][\n]"
11:50:44.327 [main] DEBUG org.apache.http.wire -  << "Vary: Origin[\r][\n]"
11:50:44.327 [main] DEBUG org.apache.http.wire -  << "Date: Mon, 26 Jun 2023 04:50:44 GMT[\r][\n]"
11:50:44.327 [main] DEBUG org.apache.http.wire -  << "Content-Length: 462[\r][\n]"
11:50:44.327 [main] DEBUG org.apache.http.wire -  << "[\r][\n]"
11:50:44.327 [main] DEBUG org.apache.http.impl.conn.DefaultClientConnection - Receiving response: HTTP/1.1 200 OK
11:50:44.327 [main] DEBUG org.apache.http.headers - << HTTP/1.1 200 OK
11:50:44.327 [main] DEBUG org.apache.http.headers - << Content-Type: application/json; charset=UTF-8
11:50:44.327 [main] DEBUG org.apache.http.headers - << Vary: Origin
11:50:44.327 [main] DEBUG org.apache.http.headers - << Date: Mon, 26 Jun 2023 04:50:44 GMT
11:50:44.327 [main] DEBUG org.apache.http.headers - << Content-Length: 462
11:50:44.327 [main] DEBUG org.apache.http.impl.client.DefaultHttpClient - Connection can be kept alive indefinitely
11:50:44.327 [main] DEBUG io.restassured.internal.RestAssuredHttpBuilder - Parsing response as: application/json; charset=UTF-8
11:50:44.327 [main] DEBUG io.restassured.internal.RestAssuredHttpBuilder - Parsed data to instance of: class org.apache.http.conn.EofSensorInputStream
11:50:44.327 [main] DEBUG org.apache.http.wire -  << "{"data":{"user":{"ID":96,"CreatedAt":"2023-06-25T14:27:36.534Z","UpdatedAt":"2023-06-25T14:27:36.534Z","DeletedAt":null,"nama":"Sean 1","foto_profile":"123","email":"sean1@gmail.com","password":"123456","no_telepon":"0811111111111","alamat":"Jl. 123"},"token":"eyJhbGciOiJIUzI1NiIsInR5cCI6IkpXVCJ9.eyJleHAiOjE2ODc3NzMwNDQsImlkIjo5NiwiaXNzIjoicXdlcnR5IiwibmFtZSI6IlNlYW4gMSJ9.T9qU__AQoS1VXohIAvsbPWAt5oPRwfJ1yIivtFyhsMQ"},"message":"Login success","status":true}[\n]"
11:50:44.327 [main] DEBUG org.apache.http.impl.conn.BasicClientConnectionManager - Releasing connection org.apache.http.impl.conn.ManagedClientConnectionImpl@552b15f6
11:50:44.327 [main] DEBUG org.apache.http.impl.conn.BasicClientConnectionManager - Connection can be kept alive indefinitely
11:50:44.331 [main] DEBUG net.thucydides.core.steps.StepInterceptor - STEP DONE: admin send a HTTP request login in profile user
  &amp#27;[32mWhen &amp#27;[0m&amp#27;[32madmin send a HTTP request login in profile user&amp#27;[0m                     &amp#27;[90m# starter.stepdefinitions.Mobile.ProfileSteps.adminSendAHTTPRequestLoginInProfileUser()&amp#27;[0m
11:50:44.332 [main] DEBUG net.thucydides.core.steps.StepInterceptor - STARTING STEP: ProfileSteps.adminSetTheGETApiEndpointProfileUser - admin set the GET api endpoint profile user
11:50:44.332 [main] DEBUG net.thucydides.core.steps.StepInterceptor - STEP DONE: admin set the GET api endpoint profile user
  &amp#27;[32mAnd &amp#27;[0m&amp#27;[32madmin set the GET api endpoint profile user&amp#27;[0m                          &amp#27;[90m# starter.stepdefinitions.Mobile.ProfileSteps.adminSetTheGETApiEndpointProfileUser()&amp#27;[0m
11:50:44.332 [main] DEBUG net.thucydides.core.steps.StepInterceptor - STARTING STEP: ProfileSteps.adminSentHTTPGETRequestPostProfileUser - admin sent HTTP GET request post profile user
11:50:44.333 [main] DEBUG net.thucydides.core.steps.StepInterceptor - STARTING STEP: Profile.adminSentHTTPGETRequestPostProfileUser - admin set the GET api endpoint profile user
11:50:44.333 [main] DEBUG net.thucydides.core.steps.StepInterceptor - STEP DONE: admin set the GET api endpoint profile user
11:50:44.335 [main] DEBUG org.apache.http.impl.conn.BasicClientConnectionManager - Get connection for route {}->http://167.172.66.247:8002
11:50:44.335 [main] DEBUG org.apache.http.impl.conn.DefaultClientConnectionOperator - Connecting to 167.172.66.247:8002
11:50:44.367 [main] DEBUG org.apache.http.client.protocol.RequestAddCookies - CookieSpec selected: ignoreCookies
11:50:44.367 [main] DEBUG org.apache.http.client.protocol.RequestAuthCache - Auth cache not set in the context
11:50:44.367 [main] DEBUG org.apache.http.client.protocol.RequestTargetAuthentication - Target auth state: UNCHALLENGED
11:50:44.367 [main] DEBUG org.apache.http.client.protocol.RequestProxyAuthentication - Proxy auth state: UNCHALLENGED
11:50:44.367 [main] DEBUG org.apache.http.impl.client.DefaultHttpClient - Attempt 1 to execute request
11:50:44.367 [main] DEBUG org.apache.http.impl.conn.DefaultClientConnection - Sending request: GET /user?page=1&limit=10&order=desc HTTP/1.1
11:50:44.367 [main] DEBUG org.apache.http.wire -  >> "GET /user?page=1&limit=10&order=desc HTTP/1.1[\r][\n]"
11:50:44.367 [main] DEBUG org.apache.http.wire -  >> "Accept: */*[\r][\n]"
11:50:44.367 [main] DEBUG org.apache.http.wire -  >> "Host: 167.172.66.247:8002[\r][\n]"
11:50:44.367 [main] DEBUG org.apache.http.wire -  >> "Connection: Keep-Alive[\r][\n]"
11:50:44.367 [main] DEBUG org.apache.http.wire -  >> "User-Agent: Apache-HttpClient/4.5.13 (Java/17.0.7)[\r][\n]"
11:50:44.367 [main] DEBUG org.apache.http.wire -  >> "Accept-Encoding: gzip,deflate[\r][\n]"
11:50:44.367 [main] DEBUG org.apache.http.wire -  >> "[\r][\n]"
11:50:44.367 [main] DEBUG org.apache.http.headers - >> GET /user?page=1&limit=10&order=desc HTTP/1.1
11:50:44.367 [main] DEBUG org.apache.http.headers - >> Accept: */*
11:50:44.367 [main] DEBUG org.apache.http.headers - >> Host: 167.172.66.247:8002
11:50:44.367 [main] DEBUG org.apache.http.headers - >> Connection: Keep-Alive
11:50:44.367 [main] DEBUG org.apache.http.headers - >> User-Agent: Apache-HttpClient/4.5.13 (Java/17.0.7)
11:50:44.367 [main] DEBUG org.apache.http.headers - >> Accept-Encoding: gzip,deflate
11:50:44.437 [main] DEBUG org.apache.http.wire -  << "HTTP/1.1 400 Bad Request[\r][\n]"
11:50:44.437 [main] DEBUG org.apache.http.wire -  << "Content-Type: application/json; charset=UTF-8[\r][\n]"
11:50:44.437 [main] DEBUG org.apache.http.wire -  << "Vary: Origin[\r][\n]"
11:50:44.437 [main] DEBUG org.apache.http.wire -  << "Date: Mon, 26 Jun 2023 04:50:44 GMT[\r][\n]"
11:50:44.437 [main] DEBUG org.apache.http.wire -  << "Content-Length: 39[\r][\n]"
11:50:44.437 [main] DEBUG org.apache.http.wire -  << "[\r][\n]"
11:50:44.437 [main] DEBUG org.apache.http.impl.conn.DefaultClientConnection - Receiving response: HTTP/1.1 400 Bad Request
11:50:44.437 [main] DEBUG org.apache.http.headers - << HTTP/1.1 400 Bad Request
11:50:44.437 [main] DEBUG org.apache.http.headers - << Content-Type: application/json; charset=UTF-8
11:50:44.437 [main] DEBUG org.apache.http.headers - << Vary: Origin
11:50:44.437 [main] DEBUG org.apache.http.headers - << Date: Mon, 26 Jun 2023 04:50:44 GMT
11:50:44.437 [main] DEBUG org.apache.http.headers - << Content-Length: 39
11:50:44.437 [main] DEBUG org.apache.http.impl.client.DefaultHttpClient - Connection can be kept alive indefinitely
11:50:44.437 [main] DEBUG io.restassured.internal.RestAssuredHttpBuilder - Parsing response as: application/json; charset=UTF-8
11:50:44.437 [main] DEBUG io.restassured.internal.RestAssuredHttpBuilder - Parsed data to instance of: class org.apache.http.conn.EofSensorInputStream
11:50:44.437 [main] DEBUG org.apache.http.wire -  << "{"message":"missing or malformed jwt"}[\n]"
11:50:44.437 [main] DEBUG org.apache.http.impl.conn.BasicClientConnectionManager - Releasing connection org.apache.http.impl.conn.ManagedClientConnectionImpl@285ac40b
11:50:44.437 [main] DEBUG org.apache.http.impl.conn.BasicClientConnectionManager - Connection can be kept alive indefinitely
11:50:44.437 [main] DEBUG net.thucydides.core.steps.StepInterceptor - STEP DONE: admin sent HTTP GET request post profile user
  &amp#27;[32mAnd &amp#27;[0m&amp#27;[32madmin sent HTTP GET request post profile user&amp#27;[0m                        &amp#27;[90m# starter.stepdefinitions.Mobile.ProfileSteps.adminSentHTTPGETRequestPostProfileUser()&amp#27;[0m
11:50:44.439 [main] DEBUG net.thucydides.core.steps.StepInterceptor - STARTING STEP: ProfileSteps.adminReceiveAValidLoginAndProfileUserHTTPResponseCode200 - admin receive a valid login and profile user HTTP response code 200
11:50:44.440 [main] DEBUG net.thucydides.core.steps.StepInterceptor - STARTING STEP: Profile.adminReceiveAValidLoginAndProfileUserHTTPResponseCode200 - admin set the GET api endpoint profile user
11:50:44.440 [main] DEBUG net.thucydides.core.steps.StepInterceptor - STEP DONE: admin set the GET api endpoint profile user
11:50:44.442 [main] DEBUG org.apache.http.impl.conn.BasicClientConnectionManager - Get connection for route {}->http://167.172.66.247:8002
11:50:44.442 [main] DEBUG org.apache.http.impl.conn.DefaultClientConnectionOperator - Connecting to 167.172.66.247:8002
11:50:44.477 [main] DEBUG org.apache.http.client.protocol.RequestAddCookies - CookieSpec selected: ignoreCookies
11:50:44.477 [main] DEBUG org.apache.http.client.protocol.RequestAuthCache - Auth cache not set in the context
11:50:44.477 [main] DEBUG org.apache.http.client.protocol.RequestProxyAuthentication - Proxy auth state: UNCHALLENGED
11:50:44.477 [main] DEBUG org.apache.http.impl.client.DefaultHttpClient - Attempt 1 to execute request
11:50:44.477 [main] DEBUG org.apache.http.impl.conn.DefaultClientConnection - Sending request: GET /user?page=1&limit=10&order=desc HTTP/1.1
11:50:44.477 [main] DEBUG org.apache.http.wire -  >> "GET /user?page=1&limit=10&order=desc HTTP/1.1[\r][\n]"
11:50:44.477 [main] DEBUG org.apache.http.wire -  >> "Authorization: Bearer eyJhbGciOiJIUzI1NiIsInR5cCI6IkpXVCJ9.eyJleHAiOjE2ODc3NzMwNDQsImlkIjo5NiwiaXNzIjoicXdlcnR5IiwibmFtZSI6IlNlYW4gMSJ9.T9qU__AQoS1VXohIAvsbPWAt5oPRwfJ1yIivtFyhsMQ[\r][\n]"
11:50:44.477 [main] DEBUG org.apache.http.wire -  >> "Accept: */*[\r][\n]"
11:50:44.477 [main] DEBUG org.apache.http.wire -  >> "Host: 167.172.66.247:8002[\r][\n]"
11:50:44.477 [main] DEBUG org.apache.http.wire -  >> "Connection: Keep-Alive[\r][\n]"
11:50:44.477 [main] DEBUG org.apache.http.wire -  >> "User-Agent: Apache-HttpClient/4.5.13 (Java/17.0.7)[\r][\n]"
11:50:44.477 [main] DEBUG org.apache.http.wire -  >> "Accept-Encoding: gzip,deflate[\r][\n]"
11:50:44.477 [main] DEBUG org.apache.http.wire -  >> "[\r][\n]"
11:50:44.477 [main] DEBUG org.apache.http.headers - >> GET /user?page=1&limit=10&order=desc HTTP/1.1
11:50:44.477 [main] DEBUG org.apache.http.headers - >> Authorization: Bearer eyJhbGciOiJIUzI1NiIsInR5cCI6IkpXVCJ9.eyJleHAiOjE2ODc3NzMwNDQsImlkIjo5NiwiaXNzIjoicXdlcnR5IiwibmFtZSI6IlNlYW4gMSJ9.T9qU__AQoS1VXohIAvsbPWAt5oPRwfJ1yIivtFyhsMQ
11:50:44.477 [main] DEBUG org.apache.http.headers - >> Accept: */*
11:50:44.477 [main] DEBUG org.apache.http.headers - >> Host: 167.172.66.247:8002
11:50:44.477 [main] DEBUG org.apache.http.headers - >> Connection: Keep-Alive
11:50:44.477 [main] DEBUG org.apache.http.headers - >> User-Agent: Apache-HttpClient/4.5.13 (Java/17.0.7)
11:50:44.477 [main] DEBUG org.apache.http.headers - >> Accept-Encoding: gzip,deflate
11:50:44.547 [main] DEBUG org.apache.http.wire -  << "HTTP/1.1 200 OK[\r][\n]"
11:50:44.547 [main] DEBUG org.apache.http.wire -  << "Content-Type: application/json; charset=UTF-8[\r][\n]"
11:50:44.547 [main] DEBUG org.apache.http.wire -  << "Vary: Origin[\r][\n]"
11:50:44.547 [main] DEBUG org.apache.http.wire -  << "Date: Mon, 26 Jun 2023 04:50:44 GMT[\r][\n]"
11:50:44.547 [main] DEBUG org.apache.http.wire -  << "Transfer-Encoding: chunked[\r][\n]"
11:50:44.547 [main] DEBUG org.apache.http.wire -  << "[\r][\n]"
11:50:44.547 [main] DEBUG org.apache.http.impl.conn.DefaultClientConnection - Receiving response: HTTP/1.1 200 OK
11:50:44.547 [main] DEBUG org.apache.http.headers - << HTTP/1.1 200 OK
11:50:44.547 [main] DEBUG org.apache.http.headers - << Content-Type: application/json; charset=UTF-8
11:50:44.547 [main] DEBUG org.apache.http.headers - << Vary: Origin
11:50:44.547 [main] DEBUG org.apache.http.headers - << Date: Mon, 26 Jun 2023 04:50:44 GMT
11:50:44.547 [main] DEBUG org.apache.http.headers - << Transfer-Encoding: chunked
11:50:44.547 [main] DEBUG org.apache.http.impl.client.DefaultHttpClient - Connection can be kept alive indefinitely
11:50:44.547 [main] DEBUG io.restassured.internal.RestAssuredHttpBuilder - Parsing response as: application/json; charset=UTF-8
11:50:44.547 [main] DEBUG io.restassured.internal.RestAssuredHttpBuilder - Parsed data to instance of: class org.apache.http.conn.EofSensorInputStream
11:50:44.547 [main] DEBUG org.apache.http.wire -  << "983[\r][\n]"
11:50:44.548 [main] DEBUG org.apache.http.wire -  << "{"data":{"data":[{"ID":114,"CreatedAt":"2023-06-26T04:49:23.287Z","UpdatedAt":"2023-06-26T04:49:23.287Z","DeletedAt":null,"nama":"Sean 1","foto_profile":"123","email":"sean1@gmail.com","password":"123456","no_telepon":"0811111111111","alamat":"Jl. 123"},{"ID":113,"CreatedAt":"2023-06-26T04:46:17.334Z","UpdatedAt":"2023-06-26T04:46:17.334Z","DeletedAt":null,"nama":"Sean 1","foto_profile":"123","email":"sean1@gmail.com","password":"123456","no_telepon":"0811111111111","alamat":"Jl. 123"},{"ID":112,"CreatedAt":"2023-06-26T04:45:51.634Z","UpdatedAt":"2023-06-26T04:45:51.634Z","DeletedAt":null,"nama":"Sean 1","foto_profile":"123","email":"sean1@gmail.com","password":"123456","no_telepon":"0811111111111","alamat":"Jl. 123"},{"ID":111,"CreatedAt":"2023-06-26T04:44:14.824Z","UpdatedAt":"2023-06-26T04:44:14.824Z","DeletedAt":null,"nama":"Sean 1","foto_profile":"123","email":"sean1@gmail.com","password":"123456","no_telepon":"0811111111111","alamat":"Jl. 123"},{"ID":110,"CreatedAt":"2023-06-26T04:42:02.494Z","UpdatedAt":"2023-06-26T04:42:02.494Z","DeletedAt":null,"nama":"Sean 1","foto_profile":"123","email":"sean1@gmail.com","password":"123456","no_telepon":"0811111111111","alamat":"Jl. 123"},{"ID":109,"CreatedAt":"2023-06-26T04"
11:50:44.577 [main] DEBUG org.apache.http.wire -  << ":40:45.223Z","UpdatedAt":"2023-06-26T04:40:45.223Z","DeletedAt":null,"nama":"Sean 1","foto_profile":"123","email":"sean1@gmail.com","password":"123456","no_telepon":"0811111111111","alamat":"Jl. 123"},{"ID":108,"CreatedAt":"2023-06-26T04:38:58.45Z","UpdatedAt":"2023-06-26T04:38:58.45Z","DeletedAt":null,"nama":"Sean 1","foto_profile":"123","email":"sean1@gmail.com","password":"123456","no_telepon":"0811111111111","alamat":"Jl. 123"},{"ID":107,"CreatedAt":"2023-06-26T04:34:37.71Z","UpdatedAt":"2023-06-26T04:34:37.71Z","DeletedAt":null,"nama":"Sean 1","foto_profile":"123","email":"sean1@gmail.com","password":"123456","no_telepon":"0811111111111","alamat":"Jl. 123"},{"ID":106,"CreatedAt":"2023-06-26T04:13:10.877Z","UpdatedAt":"2023-06-26T04:13:10.877Z","DeletedAt":null,"nama":"","foto_profile":"","email":"sean1@gmail.com","password":"123456","no_telepon":"0811111111111","alamat":""},{"ID":105,"CreatedAt":"2023-06-26T04:12:23.015Z","UpdatedAt":"2023-06-26T04:12:23.015Z","DeletedAt":null,"nama":"","foto_profile":"","email":"sean1@gmail.com","password":"123456","no_telepon":"234567","alamat":""}],"data_shown":10,"page":1,"total_data":22},"message":"Get all User success","status":true}[\n]"
11:50:44.577 [main] DEBUG org.apache.http.wire -  << "[\r][\n]"
11:50:44.577 [main] DEBUG org.apache.http.wire -  << "0[\r][\n]"
11:50:44.577 [main] DEBUG org.apache.http.wire -  << "[\r][\n]"
11:50:44.577 [main] DEBUG org.apache.http.impl.conn.BasicClientConnectionManager - Releasing connection org.apache.http.impl.conn.ManagedClientConnectionImpl@b53ce18
11:50:44.577 [main] DEBUG org.apache.http.impl.conn.BasicClientConnectionManager - Connection can be kept alive indefinitely
11:50:44.578 [main] DEBUG net.thucydides.core.steps.StepInterceptor - STEP DONE: admin receive a valid login and profile user HTTP response code 200
  &amp#27;[32mThen &amp#27;[0m&amp#27;[32madmin receive a valid login and profile user HTTP response code 200&amp#27;[0m &amp#27;[90m# starter.stepdefinitions.Mobile.ProfileSteps.adminReceiveAValidLoginAndProfileUserHTTPResponseCode200()&amp#27;[0m
11:50:44.579 [main] INFO  - 
  _____   ___   ___   _____     ___     _     ___   ___   ___   ___  
 |_   _| | __| / __| |_   _|   | _ \   /_\   / __| / __| | __| |   \ 
   | |   | _|  \__ \   | |     |  _/  / _ \  \__ \ \__ \ | _|  | |) |
   |_|   |___| |___/   |_|     |_|   /_/ \_\ |___/ |___/ |___| |___/ 

As admin, ensures that get user data
----------------------------------------------------------------------
]]></system-out>
  </testcase>
  <testcase name="As admin, ensures that new event can be added correctly #1" classname="As Admin, I want to manage the event feature #1" time="0.343">
    <system-out><![CDATA[
@TCPROFILE04
Scenario: As admin, ensures that new event can be added correctly          &amp#27;[90m# src/test/resources/Feature/Api/Mobile/Profile.feature:13&amp#27;[0m
11:50:44.586 [main] INFO io.cucumber.core.plugin.SerenityReporter - Running feature from file:///Users/macbookpro/Documents/Capstone_API_CI/src/test/resources/Feature/Api/Mobile/Profile.feature
11:50:44.586 [main] WARN io.cucumber.core.plugin.SerenityReporter - Feature from file:///Users/macbookpro/Documents/Capstone_API_CI/src/test/resources/Feature/Api/Mobile/Profile.feature is not under the 'features' directory. Requirements report will not be correctly generated!
11:50:44.586 [main] INFO  - 
  _____   ___   ___   _____     ___   _____     _     ___   _____   ___   ___  
 |_   _| | __| / __| |_   _|   / __| |_   _|   /_\   | _ \ |_   _| | __| |   \ 
   | |   | _|  \__ \   | |     \__ \   | |    / _ \  |   /   | |   | _|  | |) |
   |_|   |___| |___/   |_|     |___/   |_|   /_/ \_\ |_|_\   |_|   |___| |___/ 

As admin, ensures that new event can be added correctly(as-admin--i-want-to-manage-the-event-feature;as-admin--ensures-that-new-event-can-be-added-correctly)
--------------------------------------------------------------------------------
11:50:44.589 [main] DEBUG net.thucydides.core.steps.StepInterceptor - STARTING STEP: ProfileSteps.adminSetUpApiEndpointLoginInProfileUser - admin set up api endpoint login in profile user
11:50:44.590 [main] DEBUG net.thucydides.core.steps.StepInterceptor - STEP DONE: admin set up api endpoint login in profile user
  &amp#27;[32mGiven &amp#27;[0m&amp#27;[32madmin set up api endpoint login in profile user&amp#27;[0m                    &amp#27;[90m# starter.stepdefinitions.Mobile.ProfileSteps.adminSetUpApiEndpointLoginInProfileUser()&amp#27;[0m
11:50:44.590 [main] DEBUG net.thucydides.core.steps.StepInterceptor - STARTING STEP: ProfileSteps.adminSendAHTTPRequestLoginInProfileUser - admin send a HTTP request login in profile user
11:50:44.591 [main] DEBUG net.thucydides.core.steps.StepInterceptor - STARTING STEP: Profile.adminSendAHTTPRequestLoginInProfileUser - admin set up api endpoint login in profile user
11:50:44.591 [main] DEBUG net.thucydides.core.steps.StepInterceptor - STEP DONE: admin set up api endpoint login in profile user
11:50:44.593 [main] DEBUG org.apache.http.impl.conn.BasicClientConnectionManager - Get connection for route {}->http://167.172.66.247:8002
11:50:44.593 [main] DEBUG org.apache.http.impl.conn.DefaultClientConnectionOperator - Connecting to 167.172.66.247:8002
11:50:44.627 [main] DEBUG org.apache.http.client.protocol.RequestAddCookies - CookieSpec selected: ignoreCookies
11:50:44.627 [main] DEBUG org.apache.http.client.protocol.RequestAuthCache - Auth cache not set in the context
11:50:44.627 [main] DEBUG org.apache.http.client.protocol.RequestTargetAuthentication - Target auth state: UNCHALLENGED
11:50:44.627 [main] DEBUG org.apache.http.client.protocol.RequestProxyAuthentication - Proxy auth state: UNCHALLENGED
11:50:44.627 [main] DEBUG org.apache.http.impl.client.DefaultHttpClient - Attempt 1 to execute request
11:50:44.627 [main] DEBUG org.apache.http.impl.conn.DefaultClientConnection - Sending request: POST /user_login HTTP/1.1
11:50:44.627 [main] DEBUG org.apache.http.wire -  >> "POST /user_login HTTP/1.1[\r][\n]"
11:50:44.627 [main] DEBUG org.apache.http.wire -  >> "Accept: */*[\r][\n]"
11:50:44.627 [main] DEBUG org.apache.http.wire -  >> "Content-Type: application/json[\r][\n]"
11:50:44.627 [main] DEBUG org.apache.http.wire -  >> "Content-Length: 47[\r][\n]"
11:50:44.627 [main] DEBUG org.apache.http.wire -  >> "Host: 167.172.66.247:8002[\r][\n]"
11:50:44.627 [main] DEBUG org.apache.http.wire -  >> "Connection: Keep-Alive[\r][\n]"
11:50:44.627 [main] DEBUG org.apache.http.wire -  >> "User-Agent: Apache-HttpClient/4.5.13 (Java/17.0.7)[\r][\n]"
11:50:44.627 [main] DEBUG org.apache.http.wire -  >> "Accept-Encoding: gzip,deflate[\r][\n]"
11:50:44.627 [main] DEBUG org.apache.http.wire -  >> "[\r][\n]"
11:50:44.627 [main] DEBUG org.apache.http.headers - >> POST /user_login HTTP/1.1
11:50:44.627 [main] DEBUG org.apache.http.headers - >> Accept: */*
11:50:44.627 [main] DEBUG org.apache.http.headers - >> Content-Type: application/json
11:50:44.627 [main] DEBUG org.apache.http.headers - >> Content-Length: 47
11:50:44.627 [main] DEBUG org.apache.http.headers - >> Host: 167.172.66.247:8002
11:50:44.627 [main] DEBUG org.apache.http.headers - >> Connection: Keep-Alive
11:50:44.627 [main] DEBUG org.apache.http.headers - >> User-Agent: Apache-HttpClient/4.5.13 (Java/17.0.7)
11:50:44.627 [main] DEBUG org.apache.http.headers - >> Accept-Encoding: gzip,deflate
11:50:44.627 [main] DEBUG org.apache.http.wire -  >> "{"password":"123456","email":"sean1@gmail.com"}"
11:50:44.697 [main] DEBUG org.apache.http.wire -  << "HTTP/1.1 200 OK[\r][\n]"
11:50:44.697 [main] DEBUG org.apache.http.wire -  << "Content-Type: application/json; charset=UTF-8[\r][\n]"
11:50:44.697 [main] DEBUG org.apache.http.wire -  << "Vary: Origin[\r][\n]"
11:50:44.697 [main] DEBUG org.apache.http.wire -  << "Date: Mon, 26 Jun 2023 04:50:44 GMT[\r][\n]"
11:50:44.697 [main] DEBUG org.apache.http.wire -  << "Content-Length: 462[\r][\n]"
11:50:44.697 [main] DEBUG org.apache.http.wire -  << "[\r][\n]"
11:50:44.697 [main] DEBUG org.apache.http.impl.conn.DefaultClientConnection - Receiving response: HTTP/1.1 200 OK
11:50:44.697 [main] DEBUG org.apache.http.headers - << HTTP/1.1 200 OK
11:50:44.697 [main] DEBUG org.apache.http.headers - << Content-Type: application/json; charset=UTF-8
11:50:44.697 [main] DEBUG org.apache.http.headers - << Vary: Origin
11:50:44.697 [main] DEBUG org.apache.http.headers - << Date: Mon, 26 Jun 2023 04:50:44 GMT
11:50:44.697 [main] DEBUG org.apache.http.headers - << Content-Length: 462
11:50:44.697 [main] DEBUG org.apache.http.impl.client.DefaultHttpClient - Connection can be kept alive indefinitely
11:50:44.697 [main] DEBUG io.restassured.internal.RestAssuredHttpBuilder - Parsing response as: application/json; charset=UTF-8
11:50:44.697 [main] DEBUG io.restassured.internal.RestAssuredHttpBuilder - Parsed data to instance of: class org.apache.http.conn.EofSensorInputStream
11:50:44.698 [main] DEBUG org.apache.http.wire -  << "{"data":{"user":{"ID":96,"CreatedAt":"2023-06-25T14:27:36.534Z","UpdatedAt":"2023-06-25T14:27:36.534Z","DeletedAt":null,"nama":"Sean 1","foto_profile":"123","email":"sean1@gmail.com","password":"123456","no_telepon":"0811111111111","alamat":"Jl. 123"},"token":"eyJhbGciOiJIUzI1NiIsInR5cCI6IkpXVCJ9.eyJleHAiOjE2ODc3NzMwNDQsImlkIjo5NiwiaXNzIjoicXdlcnR5IiwibmFtZSI6IlNlYW4gMSJ9.T9qU__AQoS1VXohIAvsbPWAt5oPRwfJ1yIivtFyhsMQ"},"message":"Login success","status":true}[\n]"
11:50:44.698 [main] DEBUG org.apache.http.impl.conn.BasicClientConnectionManager - Releasing connection org.apache.http.impl.conn.ManagedClientConnectionImpl@5b9df3b3
11:50:44.698 [main] DEBUG org.apache.http.impl.conn.BasicClientConnectionManager - Connection can be kept alive indefinitely
11:50:44.707 [main] DEBUG net.thucydides.core.steps.StepInterceptor - STEP DONE: admin send a HTTP request login in profile user
  &amp#27;[32mWhen &amp#27;[0m&amp#27;[32madmin send a HTTP request login in profile user&amp#27;[0m                     &amp#27;[90m# starter.stepdefinitions.Mobile.ProfileSteps.adminSendAHTTPRequestLoginInProfileUser()&amp#27;[0m
11:50:44.708 [main] DEBUG net.thucydides.core.steps.StepInterceptor - STARTING STEP: ProfileSteps.adminSetThePUTApiEndpointProfileUser - admin set the PUT api endpoint profile user
11:50:44.708 [main] DEBUG net.thucydides.core.steps.StepInterceptor - STEP DONE: admin set the PUT api endpoint profile user
  &amp#27;[32mAnd &amp#27;[0m&amp#27;[32madmin set the PUT api endpoint profile user&amp#27;[0m                          &amp#27;[90m# starter.stepdefinitions.Mobile.ProfileSteps.adminSetThePUTApiEndpointProfileUser()&amp#27;[0m
11:50:44.709 [main] DEBUG net.thucydides.core.steps.StepInterceptor - STARTING STEP: ProfileSteps.adminSentHTTPPUTRequestPostProfileUser - admin sent HTTP PUT request post profile user
11:50:44.710 [main] DEBUG net.thucydides.core.steps.StepInterceptor - STARTING STEP: Profile.adminSentHTTPPUTRequestPostProfileUser - admin set the PUT api endpoint profile user
11:50:44.710 [main] DEBUG net.thucydides.core.steps.StepInterceptor - STEP DONE: admin set the PUT api endpoint profile user
11:50:44.713 [main] DEBUG org.apache.http.impl.conn.BasicClientConnectionManager - Get connection for route {}->http://167.172.66.247:8002
11:50:44.713 [main] DEBUG org.apache.http.impl.conn.DefaultClientConnectionOperator - Connecting to 167.172.66.247:8002
11:50:44.737 [main] DEBUG org.apache.http.client.protocol.RequestAddCookies - CookieSpec selected: ignoreCookies
11:50:44.737 [main] DEBUG org.apache.http.client.protocol.RequestAuthCache - Auth cache not set in the context
11:50:44.737 [main] DEBUG org.apache.http.client.protocol.RequestTargetAuthentication - Target auth state: UNCHALLENGED
11:50:44.737 [main] DEBUG org.apache.http.client.protocol.RequestProxyAuthentication - Proxy auth state: UNCHALLENGED
11:50:44.737 [main] DEBUG org.apache.http.impl.client.DefaultHttpClient - Attempt 1 to execute request
11:50:44.737 [main] DEBUG org.apache.http.impl.conn.DefaultClientConnection - Sending request: PUT /user/1 HTTP/1.1
11:50:44.737 [main] DEBUG org.apache.http.wire -  >> "PUT /user/1 HTTP/1.1[\r][\n]"
11:50:44.737 [main] DEBUG org.apache.http.wire -  >> "Accept: */*[\r][\n]"
11:50:44.737 [main] DEBUG org.apache.http.wire -  >> "Content-Type: application/json[\r][\n]"
11:50:44.737 [main] DEBUG org.apache.http.wire -  >> "Content-Length: 136[\r][\n]"
11:50:44.737 [main] DEBUG org.apache.http.wire -  >> "Host: 167.172.66.247:8002[\r][\n]"
11:50:44.737 [main] DEBUG org.apache.http.wire -  >> "Connection: Keep-Alive[\r][\n]"
11:50:44.737 [main] DEBUG org.apache.http.wire -  >> "User-Agent: Apache-HttpClient/4.5.13 (Java/17.0.7)[\r][\n]"
11:50:44.737 [main] DEBUG org.apache.http.wire -  >> "Accept-Encoding: gzip,deflate[\r][\n]"
11:50:44.737 [main] DEBUG org.apache.http.wire -  >> "[\r][\n]"
11:50:44.737 [main] DEBUG org.apache.http.headers - >> PUT /user/1 HTTP/1.1
11:50:44.737 [main] DEBUG org.apache.http.headers - >> Accept: */*
11:50:44.737 [main] DEBUG org.apache.http.headers - >> Content-Type: application/json
11:50:44.737 [main] DEBUG org.apache.http.headers - >> Content-Length: 136
11:50:44.737 [main] DEBUG org.apache.http.headers - >> Host: 167.172.66.247:8002
11:50:44.737 [main] DEBUG org.apache.http.headers - >> Connection: Keep-Alive
11:50:44.737 [main] DEBUG org.apache.http.headers - >> User-Agent: Apache-HttpClient/4.5.13 (Java/17.0.7)
11:50:44.737 [main] DEBUG org.apache.http.headers - >> Accept-Encoding: gzip,deflate
11:50:44.737 [main] DEBUG org.apache.http.wire -  >> "[[\n]"
11:50:44.737 [main] DEBUG org.apache.http.wire -  >> "{"password":"123456","nama":"Sean 2","foto_profile":"123","email":"sean2@gmail.com","no_telepon":"0811111111111","alamat":"Jl. 123"}[\n]"
11:50:44.737 [main] DEBUG org.apache.http.wire -  >> "]"
11:50:44.817 [main] DEBUG org.apache.http.wire -  << "HTTP/1.1 400 Bad Request[\r][\n]"
11:50:44.817 [main] DEBUG org.apache.http.wire -  << "Content-Type: application/json; charset=UTF-8[\r][\n]"
11:50:44.817 [main] DEBUG org.apache.http.wire -  << "Vary: Origin[\r][\n]"
11:50:44.817 [main] DEBUG org.apache.http.wire -  << "Date: Mon, 26 Jun 2023 04:50:44 GMT[\r][\n]"
11:50:44.817 [main] DEBUG org.apache.http.wire -  << "Content-Length: 39[\r][\n]"
11:50:44.817 [main] DEBUG org.apache.http.wire -  << "[\r][\n]"
11:50:44.817 [main] DEBUG org.apache.http.impl.conn.DefaultClientConnection - Receiving response: HTTP/1.1 400 Bad Request
11:50:44.817 [main] DEBUG org.apache.http.headers - << HTTP/1.1 400 Bad Request
11:50:44.817 [main] DEBUG org.apache.http.headers - << Content-Type: application/json; charset=UTF-8
11:50:44.817 [main] DEBUG org.apache.http.headers - << Vary: Origin
11:50:44.817 [main] DEBUG org.apache.http.headers - << Date: Mon, 26 Jun 2023 04:50:44 GMT
11:50:44.817 [main] DEBUG org.apache.http.headers - << Content-Length: 39
11:50:44.817 [main] DEBUG org.apache.http.impl.client.DefaultHttpClient - Connection can be kept alive indefinitely
11:50:44.817 [main] DEBUG io.restassured.internal.RestAssuredHttpBuilder - Parsing response as: application/json; charset=UTF-8
11:50:44.817 [main] DEBUG io.restassured.internal.RestAssuredHttpBuilder - Parsed data to instance of: class org.apache.http.conn.EofSensorInputStream
11:50:44.818 [main] DEBUG org.apache.http.wire -  << "{"message":"missing or malformed jwt"}[\n]"
11:50:44.818 [main] DEBUG org.apache.http.impl.conn.BasicClientConnectionManager - Releasing connection org.apache.http.impl.conn.ManagedClientConnectionImpl@5a23b9d1
11:50:44.818 [main] DEBUG org.apache.http.impl.conn.BasicClientConnectionManager - Connection can be kept alive indefinitely
11:50:44.818 [main] DEBUG net.thucydides.core.steps.StepInterceptor - STEP DONE: admin sent HTTP PUT request post profile user
  &amp#27;[32mAnd &amp#27;[0m&amp#27;[32madmin sent HTTP PUT request post profile user&amp#27;[0m                        &amp#27;[90m# starter.stepdefinitions.Mobile.ProfileSteps.adminSentHTTPPUTRequestPostProfileUser()&amp#27;[0m
11:50:44.821 [main] DEBUG net.thucydides.core.steps.StepInterceptor - STARTING STEP: ProfileSteps.adminReceiveAValidLoginAndProfileUserHTTPResponseCode200 - admin receive a valid login and profile user HTTP response code 200
11:50:44.821 [main] DEBUG net.thucydides.core.steps.StepInterceptor - STARTING STEP: Profile.adminReceiveAValidLoginAndProfileUserHTTPResponseCode200 - admin set the GET api endpoint profile user
11:50:44.821 [main] DEBUG net.thucydides.core.steps.StepInterceptor - STEP DONE: admin set the GET api endpoint profile user
11:50:44.826 [main] DEBUG org.apache.http.impl.conn.BasicClientConnectionManager - Get connection for route {}->http://167.172.66.247:8002
11:50:44.826 [main] DEBUG org.apache.http.impl.conn.DefaultClientConnectionOperator - Connecting to 167.172.66.247:8002
11:50:44.857 [main] DEBUG org.apache.http.client.protocol.RequestAddCookies - CookieSpec selected: ignoreCookies
11:50:44.857 [main] DEBUG org.apache.http.client.protocol.RequestAuthCache - Auth cache not set in the context
11:50:44.857 [main] DEBUG org.apache.http.client.protocol.RequestProxyAuthentication - Proxy auth state: UNCHALLENGED
11:50:44.857 [main] DEBUG org.apache.http.impl.client.DefaultHttpClient - Attempt 1 to execute request
11:50:44.857 [main] DEBUG org.apache.http.impl.conn.DefaultClientConnection - Sending request: GET /user?page=1&limit=10&order=desc HTTP/1.1
11:50:44.857 [main] DEBUG org.apache.http.wire -  >> "GET /user?page=1&limit=10&order=desc HTTP/1.1[\r][\n]"
11:50:44.857 [main] DEBUG org.apache.http.wire -  >> "Authorization: Bearer eyJhbGciOiJIUzI1NiIsInR5cCI6IkpXVCJ9.eyJleHAiOjE2ODc3NzMwNDQsImlkIjo5NiwiaXNzIjoicXdlcnR5IiwibmFtZSI6IlNlYW4gMSJ9.T9qU__AQoS1VXohIAvsbPWAt5oPRwfJ1yIivtFyhsMQ[\r][\n]"
11:50:44.857 [main] DEBUG org.apache.http.wire -  >> "Accept: */*[\r][\n]"
11:50:44.857 [main] DEBUG org.apache.http.wire -  >> "Host: 167.172.66.247:8002[\r][\n]"
11:50:44.857 [main] DEBUG org.apache.http.wire -  >> "Connection: Keep-Alive[\r][\n]"
11:50:44.857 [main] DEBUG org.apache.http.wire -  >> "User-Agent: Apache-HttpClient/4.5.13 (Java/17.0.7)[\r][\n]"
11:50:44.857 [main] DEBUG org.apache.http.wire -  >> "Accept-Encoding: gzip,deflate[\r][\n]"
11:50:44.857 [main] DEBUG org.apache.http.wire -  >> "[\r][\n]"
11:50:44.857 [main] DEBUG org.apache.http.headers - >> GET /user?page=1&limit=10&order=desc HTTP/1.1
11:50:44.857 [main] DEBUG org.apache.http.headers - >> Authorization: Bearer eyJhbGciOiJIUzI1NiIsInR5cCI6IkpXVCJ9.eyJleHAiOjE2ODc3NzMwNDQsImlkIjo5NiwiaXNzIjoicXdlcnR5IiwibmFtZSI6IlNlYW4gMSJ9.T9qU__AQoS1VXohIAvsbPWAt5oPRwfJ1yIivtFyhsMQ
11:50:44.857 [main] DEBUG org.apache.http.headers - >> Accept: */*
11:50:44.857 [main] DEBUG org.apache.http.headers - >> Host: 167.172.66.247:8002
11:50:44.857 [main] DEBUG org.apache.http.headers - >> Connection: Keep-Alive
11:50:44.857 [main] DEBUG org.apache.http.headers - >> User-Agent: Apache-HttpClient/4.5.13 (Java/17.0.7)
11:50:44.857 [main] DEBUG org.apache.http.headers - >> Accept-Encoding: gzip,deflate
11:50:44.916 [main] DEBUG org.apache.http.wire -  << "HTTP/1.1 200 OK[\r][\n]"
11:50:44.917 [main] DEBUG org.apache.http.wire -  << "Content-Type: application/json; charset=UTF-8[\r][\n]"
11:50:44.917 [main] DEBUG org.apache.http.wire -  << "Vary: Origin[\r][\n]"
11:50:44.917 [main] DEBUG org.apache.http.wire -  << "Date: Mon, 26 Jun 2023 04:50:45 GMT[\r][\n]"
11:50:44.917 [main] DEBUG org.apache.http.wire -  << "Transfer-Encoding: chunked[\r][\n]"
11:50:44.917 [main] DEBUG org.apache.http.wire -  << "[\r][\n]"
11:50:44.917 [main] DEBUG org.apache.http.impl.conn.DefaultClientConnection - Receiving response: HTTP/1.1 200 OK
11:50:44.917 [main] DEBUG org.apache.http.headers - << HTTP/1.1 200 OK
11:50:44.917 [main] DEBUG org.apache.http.headers - << Content-Type: application/json; charset=UTF-8
11:50:44.917 [main] DEBUG org.apache.http.headers - << Vary: Origin
11:50:44.917 [main] DEBUG org.apache.http.headers - << Date: Mon, 26 Jun 2023 04:50:45 GMT
11:50:44.917 [main] DEBUG org.apache.http.headers - << Transfer-Encoding: chunked
11:50:44.917 [main] DEBUG org.apache.http.impl.client.DefaultHttpClient - Connection can be kept alive indefinitely
11:50:44.917 [main] DEBUG io.restassured.internal.RestAssuredHttpBuilder - Parsing response as: application/json; charset=UTF-8
11:50:44.917 [main] DEBUG io.restassured.internal.RestAssuredHttpBuilder - Parsed data to instance of: class org.apache.http.conn.EofSensorInputStream
11:50:44.919 [main] DEBUG org.apache.http.wire -  << "983[\r][\n]"
11:50:44.919 [main] DEBUG org.apache.http.wire -  << "{"data":{"data":[{"ID":114,"CreatedAt":"2023-06-26T04:49:23.287Z","UpdatedAt":"2023-06-26T04:49:23.287Z","DeletedAt":null,"nama":"Sean 1","foto_profile":"123","email":"sean1@gmail.com","password":"123456","no_telepon":"0811111111111","alamat":"Jl. 123"},{"ID":113,"CreatedAt":"2023-06-26T04:46:17.334Z","UpdatedAt":"2023-06-26T04:46:17.334Z","DeletedAt":null,"nama":"Sean 1","foto_profile":"123","email":"sean1@gmail.com","password":"123456","no_telepon":"0811111111111","alamat":"Jl. 123"},{"ID":112,"CreatedAt":"2023-06-26T04:45:51.634Z","UpdatedAt":"2023-06-26T04:45:51.634Z","DeletedAt":null,"nama":"Sean 1","foto_profile":"123","email":"sean1@gmail.com","password":"123456","no_telepon":"0811111111111","alamat":"Jl. 123"},{"ID":111,"CreatedAt":"2023-06-26T04:44:14.824Z","UpdatedAt":"2023-06-26T04:44:14.824Z","DeletedAt":null,"nama":"Sean 1","foto_profile":"123","email":"sean1@gmail.com","password":"123456","no_telepon":"0811111111111","alamat":"Jl. 123"},{"ID":110,"CreatedAt":"2023-06-26T04:42:02.494Z","UpdatedAt":"2023-06-26T04:42:02.494Z","DeletedAt":null,"nama":"Sean 1","foto_profile":"123","email":"sean1@gmail.com","password":"123456","no_telepon":"0811111111111","alamat":"Jl. 123"},{"ID":109,"CreatedAt":"2023-06-26T04:40:45.223Z","UpdatedAt":"2023-06-26T04:40:45.223Z","DeletedAt":null,"nama":"Sean 1","foto_profile":"123","email":"sean1@gmail.com","password":"123456","no_telepon":"0811111111111","alamat":"Jl. 123"},{"ID":108,"CreatedAt":"2023-06-26T04:38:58.45Z","UpdatedAt":"2023-06-26T04:38:58.45Z","DeletedAt":null,"nama":"Sean 1","foto_profile":"123","email":"sean1@gmail.com","password":"123456","no_telepon":"0811111111111","alamat":"Jl. 123"},{"ID":107,"CreatedAt":"2023-06-26T04:34:37.71Z","UpdatedAt":"2023-06-26T04:34:37.71Z","DeletedAt":null,"nama":"Sean 1","foto_profile":"123","email":"sean1@gmail.com","password":"123456","no_telepon":"0811111111111","alamat":"Jl. 123"},{"ID":106,"CreatedAt":"2023-06-26T04:13:10.877Z","UpdatedAt":"2023-06-26T04:13:10.877Z","DeletedAt":null,"nama":"","foto_profile":"","email":"sean1@gmail.com","password":"123456","no_telepon":"0811111111111","alamat":""},{"ID":105,"CreatedAt":"2023-06-26T04:12:23.015Z","UpdatedAt":"2023-06-26T04:12:23.015Z","DeletedAt":null,"nama":"","foto_profile":"","email":"sean1@gmail.com","password":"123456","no_telepon":"234567","alamat":""}],"data_shown":10,"page":1,"total_data":22},"message":"Get all User success","status":true}[\n]"
11:50:44.919 [main] DEBUG org.apache.http.wire -  << "[\r][\n]"
11:50:44.919 [main] DEBUG org.apache.http.wire -  << "0[\r][\n]"
11:50:44.919 [main] DEBUG org.apache.http.wire -  << "[\r][\n]"
11:50:44.919 [main] DEBUG org.apache.http.impl.conn.BasicClientConnectionManager - Releasing connection org.apache.http.impl.conn.ManagedClientConnectionImpl@468eff41
11:50:44.919 [main] DEBUG org.apache.http.impl.conn.BasicClientConnectionManager - Connection can be kept alive indefinitely
11:50:44.921 [main] DEBUG net.thucydides.core.steps.StepInterceptor - STEP DONE: admin receive a valid login and profile user HTTP response code 200
  &amp#27;[32mThen &amp#27;[0m&amp#27;[32madmin receive a valid login and profile user HTTP response code 200&amp#27;[0m &amp#27;[90m# starter.stepdefinitions.Mobile.ProfileSteps.adminReceiveAValidLoginAndProfileUserHTTPResponseCode200()&amp#27;[0m
11:50:44.922 [main] INFO  - 
  _____   ___   ___   _____     ___     _     ___   ___   ___   ___  
 |_   _| | __| / __| |_   _|   | _ \   /_\   / __| / __| | __| |   \ 
   | |   | _|  \__ \   | |     |  _/  / _ \  \__ \ \__ \ | _|  | |) |
   |_|   |___| |___/   |_|     |_|   /_/ \_\ |___/ |___/ |___| |___/ 

As admin, ensures that new event can be added correctly
----------------------------------------------------------------------
]]></system-out>
  </testcase>
  <testcase name="As admin, ensures that new event can be added correctly #2" classname="As Admin, I want to manage the event feature #1" time="0.253">
    <system-out><![CDATA[
@TCPROFILE05
Scenario: As admin, ensures that new event can be added correctly          &amp#27;[90m# src/test/resources/Feature/Api/Mobile/Profile.feature:22&amp#27;[0m
11:50:44.934 [main] INFO io.cucumber.core.plugin.SerenityReporter - Running feature from file:///Users/macbookpro/Documents/Capstone_API_CI/src/test/resources/Feature/Api/Mobile/Profile.feature
11:50:44.934 [main] WARN io.cucumber.core.plugin.SerenityReporter - Feature from file:///Users/macbookpro/Documents/Capstone_API_CI/src/test/resources/Feature/Api/Mobile/Profile.feature is not under the 'features' directory. Requirements report will not be correctly generated!
11:50:44.937 [main] DEBUG net.thucydides.core.steps.StepInterceptor - STARTING STEP: ProfileSteps.adminSetUpApiEndpointLoginInProfileUser - admin set up api endpoint login in profile user
11:50:44.937 [main] DEBUG net.thucydides.core.steps.StepInterceptor - STEP DONE: admin set up api endpoint login in profile user
  &amp#27;[32mGiven &amp#27;[0m&amp#27;[32madmin set up api endpoint login in profile user&amp#27;[0m                    &amp#27;[90m# starter.stepdefinitions.Mobile.ProfileSteps.adminSetUpApiEndpointLoginInProfileUser()&amp#27;[0m
11:50:44.938 [main] DEBUG net.thucydides.core.steps.StepInterceptor - STARTING STEP: ProfileSteps.adminSendAHTTPRequestLoginInProfileUser - admin send a HTTP request login in profile user
11:50:44.939 [main] DEBUG net.thucydides.core.steps.StepInterceptor - STARTING STEP: Profile.adminSendAHTTPRequestLoginInProfileUser - admin set up api endpoint login in profile user
11:50:44.939 [main] DEBUG net.thucydides.core.steps.StepInterceptor - STEP DONE: admin set up api endpoint login in profile user
11:50:44.941 [main] DEBUG org.apache.http.impl.conn.BasicClientConnectionManager - Get connection for route {}->http://167.172.66.247:8002
11:50:44.941 [main] DEBUG org.apache.http.impl.conn.DefaultClientConnectionOperator - Connecting to 167.172.66.247:8002
11:50:44.977 [main] DEBUG org.apache.http.client.protocol.RequestAddCookies - CookieSpec selected: ignoreCookies
11:50:44.977 [main] DEBUG org.apache.http.client.protocol.RequestAuthCache - Auth cache not set in the context
11:50:44.977 [main] DEBUG org.apache.http.client.protocol.RequestTargetAuthentication - Target auth state: UNCHALLENGED
11:50:44.977 [main] DEBUG org.apache.http.client.protocol.RequestProxyAuthentication - Proxy auth state: UNCHALLENGED
11:50:44.977 [main] DEBUG org.apache.http.impl.client.DefaultHttpClient - Attempt 1 to execute request
11:50:44.977 [main] DEBUG org.apache.http.impl.conn.DefaultClientConnection - Sending request: POST /user_login HTTP/1.1
11:50:44.977 [main] DEBUG org.apache.http.wire -  >> "POST /user_login HTTP/1.1[\r][\n]"
11:50:44.977 [main] DEBUG org.apache.http.wire -  >> "Accept: */*[\r][\n]"
11:50:44.977 [main] DEBUG org.apache.http.wire -  >> "Content-Type: application/json[\r][\n]"
11:50:44.977 [main] DEBUG org.apache.http.wire -  >> "Content-Length: 47[\r][\n]"
11:50:44.977 [main] DEBUG org.apache.http.wire -  >> "Host: 167.172.66.247:8002[\r][\n]"
11:50:44.977 [main] DEBUG org.apache.http.wire -  >> "Connection: Keep-Alive[\r][\n]"
11:50:44.977 [main] DEBUG org.apache.http.wire -  >> "User-Agent: Apache-HttpClient/4.5.13 (Java/17.0.7)[\r][\n]"
11:50:44.977 [main] DEBUG org.apache.http.wire -  >> "Accept-Encoding: gzip,deflate[\r][\n]"
11:50:44.977 [main] DEBUG org.apache.http.wire -  >> "[\r][\n]"
11:50:44.977 [main] DEBUG org.apache.http.headers - >> POST /user_login HTTP/1.1
11:50:44.977 [main] DEBUG org.apache.http.headers - >> Accept: */*
11:50:44.977 [main] DEBUG org.apache.http.headers - >> Content-Type: application/json
11:50:44.977 [main] DEBUG org.apache.http.headers - >> Content-Length: 47
11:50:44.977 [main] DEBUG org.apache.http.headers - >> Host: 167.172.66.247:8002
11:50:44.977 [main] DEBUG org.apache.http.headers - >> Connection: Keep-Alive
11:50:44.977 [main] DEBUG org.apache.http.headers - >> User-Agent: Apache-HttpClient/4.5.13 (Java/17.0.7)
11:50:44.977 [main] DEBUG org.apache.http.headers - >> Accept-Encoding: gzip,deflate
11:50:44.977 [main] DEBUG org.apache.http.wire -  >> "{"password":"123456","email":"sean1@gmail.com"}"
11:50:45.047 [main] DEBUG org.apache.http.wire -  << "HTTP/1.1 200 OK[\r][\n]"
11:50:45.047 [main] DEBUG org.apache.http.wire -  << "Content-Type: application/json; charset=UTF-8[\r][\n]"
11:50:45.047 [main] DEBUG org.apache.http.wire -  << "Vary: Origin[\r][\n]"
11:50:45.047 [main] DEBUG org.apache.http.wire -  << "Date: Mon, 26 Jun 2023 04:50:45 GMT[\r][\n]"
11:50:45.047 [main] DEBUG org.apache.http.wire -  << "Content-Length: 462[\r][\n]"
11:50:45.047 [main] DEBUG org.apache.http.wire -  << "[\r][\n]"
11:50:45.047 [main] DEBUG org.apache.http.impl.conn.DefaultClientConnection - Receiving response: HTTP/1.1 200 OK
11:50:45.047 [main] DEBUG org.apache.http.headers - << HTTP/1.1 200 OK
11:50:45.047 [main] DEBUG org.apache.http.headers - << Content-Type: application/json; charset=UTF-8
11:50:45.047 [main] DEBUG org.apache.http.headers - << Vary: Origin
11:50:45.047 [main] DEBUG org.apache.http.headers - << Date: Mon, 26 Jun 2023 04:50:45 GMT
11:50:45.047 [main] DEBUG org.apache.http.headers - << Content-Length: 462
11:50:45.047 [main] DEBUG org.apache.http.impl.client.DefaultHttpClient - Connection can be kept alive indefinitely
11:50:45.047 [main] DEBUG io.restassured.internal.RestAssuredHttpBuilder - Parsing response as: application/json; charset=UTF-8
11:50:45.048 [main] DEBUG io.restassured.internal.RestAssuredHttpBuilder - Parsed data to instance of: class org.apache.http.conn.EofSensorInputStream
11:50:45.049 [main] DEBUG org.apache.http.wire -  << "{"data":{"user":{"ID":96,"CreatedAt":"2023-06-25T14:27:36.534Z","UpdatedAt":"2023-06-25T14:27:36.534Z","DeletedAt":null,"nama":"Sean 1","foto_profile":"123","email":"sean1@gmail.com","password":"123456","no_telepon":"0811111111111","alamat":"Jl. 123"},"token":"eyJhbGciOiJIUzI1NiIsInR5cCI6IkpXVCJ9.eyJleHAiOjE2ODc3NzMwNDUsImlkIjo5NiwiaXNzIjoicXdlcnR5IiwibmFtZSI6IlNlYW4gMSJ9.C3KfasHIISu8LPeiQzg77HV227h7rjpJXBwT23eHnFg"},"message":"Login success","status":true}[\n]"
11:50:45.049 [main] DEBUG org.apache.http.impl.conn.BasicClientConnectionManager - Releasing connection org.apache.http.impl.conn.ManagedClientConnectionImpl@50aa9a91
11:50:45.049 [main] DEBUG org.apache.http.impl.conn.BasicClientConnectionManager - Connection can be kept alive indefinitely
11:50:45.063 [main] DEBUG net.thucydides.core.steps.StepInterceptor - STEP DONE: admin send a HTTP request login in profile user
  &amp#27;[32mWhen &amp#27;[0m&amp#27;[32madmin send a HTTP request login in profile user&amp#27;[0m                     &amp#27;[90m# starter.stepdefinitions.Mobile.ProfileSteps.adminSendAHTTPRequestLoginInProfileUser()&amp#27;[0m
  &amp#27;[32mAnd &amp#27;[0m&amp#27;[32madmin set the DEL api endpoint profile user&amp#27;[0m                          &amp#27;[90m# starter.stepdefinitions.Mobile.ProfileSteps.adminSetTheDELApiEndpointProfileUser()&amp#27;[0m
  &amp#27;[32mAnd &amp#27;[0m&amp#27;[32madmin sent HTTP DEL request post profile user&amp#27;[0m                        &amp#27;[90m# starter.stepdefinitions.Mobile.ProfileSteps.adminSentHTTPDELRequestPostProfileUser()&amp#27;[0m
11:50:45.066 [main] DEBUG net.thucydides.core.steps.StepInterceptor - STARTING STEP: ProfileSteps.adminReceiveAValidLoginAndProfileUserHTTPResponseCode200 - admin receive a valid login and profile user HTTP response code 200
11:50:45.067 [main] DEBUG net.thucydides.core.steps.StepInterceptor - STARTING STEP: Profile.adminReceiveAValidLoginAndProfileUserHTTPResponseCode200 - admin set the GET api endpoint profile user
11:50:45.067 [main] DEBUG net.thucydides.core.steps.StepInterceptor - STEP DONE: admin set the GET api endpoint profile user
11:50:45.070 [main] DEBUG org.apache.http.impl.conn.BasicClientConnectionManager - Get connection for route {}->http://167.172.66.247:8002
11:50:45.070 [main] DEBUG org.apache.http.impl.conn.DefaultClientConnectionOperator - Connecting to 167.172.66.247:8002
11:50:45.107 [main] DEBUG org.apache.http.client.protocol.RequestAddCookies - CookieSpec selected: ignoreCookies
11:50:45.107 [main] DEBUG org.apache.http.client.protocol.RequestAuthCache - Auth cache not set in the context
11:50:45.107 [main] DEBUG org.apache.http.client.protocol.RequestProxyAuthentication - Proxy auth state: UNCHALLENGED
11:50:45.107 [main] DEBUG org.apache.http.impl.client.DefaultHttpClient - Attempt 1 to execute request
11:50:45.107 [main] DEBUG org.apache.http.impl.conn.DefaultClientConnection - Sending request: GET /user?page=1&limit=10&order=desc HTTP/1.1
11:50:45.107 [main] DEBUG org.apache.http.wire -  >> "GET /user?page=1&limit=10&order=desc HTTP/1.1[\r][\n]"
11:50:45.107 [main] DEBUG org.apache.http.wire -  >> "Authorization: Bearer eyJhbGciOiJIUzI1NiIsInR5cCI6IkpXVCJ9.eyJleHAiOjE2ODc3NzMwNDUsImlkIjo5NiwiaXNzIjoicXdlcnR5IiwibmFtZSI6IlNlYW4gMSJ9.C3KfasHIISu8LPeiQzg77HV227h7rjpJXBwT23eHnFg[\r][\n]"
11:50:45.107 [main] DEBUG org.apache.http.wire -  >> "Accept: */*[\r][\n]"
11:50:45.107 [main] DEBUG org.apache.http.wire -  >> "Host: 167.172.66.247:8002[\r][\n]"
11:50:45.107 [main] DEBUG org.apache.http.wire -  >> "Connection: Keep-Alive[\r][\n]"
11:50:45.107 [main] DEBUG org.apache.http.wire -  >> "User-Agent: Apache-HttpClient/4.5.13 (Java/17.0.7)[\r][\n]"
11:50:45.107 [main] DEBUG org.apache.http.wire -  >> "Accept-Encoding: gzip,deflate[\r][\n]"
11:50:45.107 [main] DEBUG org.apache.http.wire -  >> "[\r][\n]"
11:50:45.107 [main] DEBUG org.apache.http.headers - >> GET /user?page=1&limit=10&order=desc HTTP/1.1
11:50:45.107 [main] DEBUG org.apache.http.headers - >> Authorization: Bearer eyJhbGciOiJIUzI1NiIsInR5cCI6IkpXVCJ9.eyJleHAiOjE2ODc3NzMwNDUsImlkIjo5NiwiaXNzIjoicXdlcnR5IiwibmFtZSI6IlNlYW4gMSJ9.C3KfasHIISu8LPeiQzg77HV227h7rjpJXBwT23eHnFg
11:50:45.107 [main] DEBUG org.apache.http.headers - >> Accept: */*
11:50:45.107 [main] DEBUG org.apache.http.headers - >> Host: 167.172.66.247:8002
11:50:45.107 [main] DEBUG org.apache.http.headers - >> Connection: Keep-Alive
11:50:45.107 [main] DEBUG org.apache.http.headers - >> User-Agent: Apache-HttpClient/4.5.13 (Java/17.0.7)
11:50:45.107 [main] DEBUG org.apache.http.headers - >> Accept-Encoding: gzip,deflate
11:50:45.167 [main] DEBUG org.apache.http.wire -  << "HTTP/1.1 200 OK[\r][\n]"
11:50:45.167 [main] DEBUG org.apache.http.wire -  << "Content-Type: application/json; charset=UTF-8[\r][\n]"
11:50:45.167 [main] DEBUG org.apache.http.wire -  << "Vary: Origin[\r][\n]"
11:50:45.167 [main] DEBUG org.apache.http.wire -  << "Date: Mon, 26 Jun 2023 04:50:45 GMT[\r][\n]"
11:50:45.167 [main] DEBUG org.apache.http.wire -  << "Transfer-Encoding: chunked[\r][\n]"
11:50:45.167 [main] DEBUG org.apache.http.wire -  << "[\r][\n]"
11:50:45.167 [main] DEBUG org.apache.http.impl.conn.DefaultClientConnection - Receiving response: HTTP/1.1 200 OK
11:50:45.167 [main] DEBUG org.apache.http.headers - << HTTP/1.1 200 OK
11:50:45.167 [main] DEBUG org.apache.http.headers - << Content-Type: application/json; charset=UTF-8
11:50:45.167 [main] DEBUG org.apache.http.headers - << Vary: Origin
11:50:45.167 [main] DEBUG org.apache.http.headers - << Date: Mon, 26 Jun 2023 04:50:45 GMT
11:50:45.167 [main] DEBUG org.apache.http.headers - << Transfer-Encoding: chunked
11:50:45.167 [main] DEBUG org.apache.http.impl.client.DefaultHttpClient - Connection can be kept alive indefinitely
11:50:45.167 [main] DEBUG io.restassured.internal.RestAssuredHttpBuilder - Parsing response as: application/json; charset=UTF-8
11:50:45.167 [main] DEBUG io.restassured.internal.RestAssuredHttpBuilder - Parsed data to instance of: class org.apache.http.conn.EofSensorInputStream
11:50:45.168 [main] DEBUG org.apache.http.wire -  << "983[\r][\n]"
11:50:45.168 [main] DEBUG org.apache.http.wire -  << "{"data":{"data":[{"ID":114,"CreatedAt":"2023-06-26T04:49:23.287Z","UpdatedAt":"2023-06-26T04:49:23.287Z","DeletedAt":null,"nama":"Sean 1","foto_profile":"123","email":"sean1@gmail.com","password":"123456","no_telepon":"0811111111111","alamat":"Jl. 123"},{"ID":113,"CreatedAt":"2023-06-26T04:46:17.334Z","UpdatedAt":"2023-06-26T04:46:17.334Z","DeletedAt":null,"nama":"Sean 1","foto_profile":"123","email":"sean1@gmail.com","password":"123456","no_telepon":"0811111111111","alamat":"Jl. 123"},{"ID":112,"CreatedAt":"2023-06-26T04:45:51.634Z","UpdatedAt":"2023-06-26T04:45:51.634Z","DeletedAt":null,"nama":"Sean 1","foto_profile":"123","email":"sean1@gmail.com","password":"123456","no_telepon":"0811111111111","alamat":"Jl. 123"},{"ID":111,"CreatedAt":"2023-06-26T04:44:14.824Z","UpdatedAt":"2023-06-26T04:44:14.824Z","DeletedAt":null,"nama":"Sean 1","foto_profile":"123","email":"sean1@gmail.com","password":"123456","no_telepon":"0811111111111","alamat":"Jl. 123"},{"ID":110,"CreatedAt":"2023-06-26T04:42:02.494Z","UpdatedAt":"2023-06-26T04:42:02.494Z","DeletedAt":null,"nama":"Sean 1","foto_profile":"123","email":"sean1@gmail.com","password":"123456","no_telepon":"0811111111111","alamat":"Jl. 123"},{"ID":109,"CreatedAt":"2023-06-26T04:40:45.223Z","UpdatedAt":"2023-06-26T04:40:45.223Z","DeletedAt":null,"nama":"Sean 1","foto_profile":"123","email":"sean1@gmail.com","password":"123456","no_telepon":"0811111111111","alamat":"Jl. 123"},{"ID":108,"CreatedAt":"2023-06-26T04:38:58.45Z","UpdatedAt":"2023-06-26T04:38:58.45Z","DeletedAt":null,"nama":"Sean 1","foto_profile":"123","email":"sean1@gmail.com","password":"123456","no_telepon":"0811111111111","alamat":"Jl. 123"},{"ID":107,"CreatedAt":"2023-06-26T04:34:37.71Z","UpdatedAt":"2023-06-26T04:34:37.71Z","DeletedAt":null,"nama":"Sean 1","foto_profile":"123","email":"sean1@gmail.com","password":"123456","no_telepon":"0811111111111","alamat":"Jl. 123"},{"ID":106,"CreatedAt":"2023-06-26T04:13:10.877Z","UpdatedAt":"2023-06-26T04:13:10.877Z","DeletedAt":null,"nama":"","foto_profile":"","email":"sean1@gmail.com","password":"123456","no_telepon":"0811111111111","alamat":""},{"ID":105,"CreatedAt":"2023-06-26T04:12:23.015Z","UpdatedAt":"2023-06-26T04:12:23.015Z","DeletedAt":null,"nama":"","foto_profile":"","email":"sean1@gmail.com","password":"123456","no_telepon":"234567","alamat":""}],"data_shown":10,"page":1,"total_data":22},"message":"Get all User success","status":true}[\n]"
11:50:45.168 [main] DEBUG org.apache.http.wire -  << "[\r][\n]"
11:50:45.168 [main] DEBUG org.apache.http.wire -  << "0[\r][\n]"
11:50:45.168 [main] DEBUG org.apache.http.wire -  << "[\r][\n]"
11:50:45.168 [main] DEBUG org.apache.http.impl.conn.BasicClientConnectionManager - Releasing connection org.apache.http.impl.conn.ManagedClientConnectionImpl@57d7c511
11:50:45.168 [main] DEBUG org.apache.http.impl.conn.BasicClientConnectionManager - Connection can be kept alive indefinitely
11:50:45.169 [main] DEBUG net.thucydides.core.steps.StepInterceptor - STEP DONE: admin receive a valid login and profile user HTTP response code 200
  &amp#27;[32mThen &amp#27;[0m&amp#27;[32madmin receive a valid login and profile user HTTP response code 200&amp#27;[0m &amp#27;[90m# starter.stepdefinitions.Mobile.ProfileSteps.adminReceiveAValidLoginAndProfileUserHTTPResponseCode200()&amp#27;[0m
11:50:45.176 [Finalizer] DEBUG org.apache.http.impl.conn.DefaultClientConnection - Connection 0.0.0.0:59757<->167.172.66.247:8002 closed
11:50:45.176 [Finalizer] DEBUG org.apache.http.impl.conn.DefaultClientConnection - Connection 0.0.0.0:59756<->167.172.66.247:8002 closed
11:50:45.176 [Finalizer] DEBUG org.apache.http.impl.conn.DefaultClientConnection - Connection 0.0.0.0:59755<->167.172.66.247:8002 closed
11:50:45.176 [Finalizer] DEBUG org.apache.http.impl.conn.DefaultClientConnection - Connection 0.0.0.0:59754<->167.172.66.247:8002 closed
11:50:45.176 [Finalizer] DEBUG org.apache.http.impl.conn.DefaultClientConnection - Connection 0.0.0.0:59753<->167.172.66.247:8002 closed
11:50:45.176 [Finalizer] DEBUG org.apache.http.impl.conn.DefaultClientConnection - Connection 0.0.0.0:59752<->167.172.66.247:8002 closed
11:50:45.176 [Finalizer] DEBUG org.apache.http.impl.conn.DefaultClientConnection - Connection 0.0.0.0:59751<->167.172.66.247:8002 closed
11:50:45.176 [Finalizer] DEBUG org.apache.http.impl.conn.DefaultClientConnection - Connection 0.0.0.0:59750<->167.172.66.247:8002 closed
11:50:45.176 [Finalizer] DEBUG org.apache.http.impl.conn.DefaultClientConnection - Connection 0.0.0.0:59749<->167.172.66.247:8002 closed
11:50:45.176 [Finalizer] DEBUG org.apache.http.impl.conn.DefaultClientConnection - Connection 0.0.0.0:59748<->167.172.66.247:8002 closed
11:50:45.176 [Finalizer] DEBUG org.apache.http.impl.conn.DefaultClientConnection - Connection 0.0.0.0:59747<->167.172.66.247:8002 closed
11:50:45.176 [Finalizer] DEBUG org.apache.http.impl.conn.DefaultClientConnection - Connection 0.0.0.0:59746<->167.172.66.247:8002 closed
11:50:45.176 [main] INFO  - 
  _____   ___   ___   _____     ___     _     ___   ___   ___   ___  
 |_   _| | __| / __| |_   _|   | _ \   /_\   / __| / __| | __| |   \ 
   | |   | _|  \__ \   | |     |  _/  / _ \  \__ \ \__ \ | _|  | |) |
   |_|   |___| |___/   |_|     |_|   /_/ \_\ |___/ |___/ |___| |___/ 

As admin, ensures that new event can be added correctly
----------------------------------------------------------------------
]]></system-out>
  </testcase>
  <testcase name="As user I want to input valid data to then i can see success register" classname="As User, I register in successfully" time="0.102">
    <system-out><![CDATA[11:50:45.177 [main] INFO io.cucumber.core.plugin.SerenityReporter - Running feature from file:///Users/macbookpro/Documents/Capstone_API_CI/src/test/resources/Feature/Api/Mobile/Register.feature
11:50:45.177 [main] WARN io.cucumber.core.plugin.SerenityReporter - Feature from file:///Users/macbookpro/Documents/Capstone_API_CI/src/test/resources/Feature/Api/Mobile/Register.feature is not under the 'features' directory. Requirements report will not be correctly generated!
11:50:45.177 [main] DEBUG net.thucydides.core.steps.StepEventBus - Test suite started for story net.thucydides.core.model.Story@2f453a90
11:50:45.177 [main] INFO  - Test Suite Started: As User, I register in successfully

@Register
Scenario: As user I want to input valid data to then i can see success register &amp#27;[90m# src/test/resources/Feature/Api/Mobile/Register.feature:4&amp#27;[0m
11:50:45.183 [main] INFO io.cucumber.core.plugin.SerenityReporter - Running feature from file:///Users/macbookpro/Documents/Capstone_API_CI/src/test/resources/Feature/Api/Mobile/Register.feature
11:50:45.183 [main] WARN io.cucumber.core.plugin.SerenityReporter - Feature from file:///Users/macbookpro/Documents/Capstone_API_CI/src/test/resources/Feature/Api/Mobile/Register.feature is not under the 'features' directory. Requirements report will not be correctly generated!
11:50:45.183 [main] INFO  - 
  _____   ___   ___   _____     ___   _____     _     ___   _____   ___   ___  
 |_   _| | __| / __| |_   _|   / __| |_   _|   /_\   | _ \ |_   _| | __| |   \ 
   | |   | _|  \__ \   | |     \__ \   | |    / _ \  |   /   | |   | _|  | |) |
   |_|   |___| |___/   |_|     |___/   |_|   /_/ \_\ |_|_\   |_|   |___| |___/ 

As user I want to input valid data to then i can see success register(as-user--i-register-in-successfully;as-user-i-want-to-input-valid-data-to-then-i-can-see-success-register)
--------------------------------------------------------------------------------
11:50:45.188 [main] DEBUG net.thucydides.core.steps.StepInterceptor - STARTING STEP: RegisterSteps.userHasSetEndpointRegister - I have endpoint Register
11:50:45.188 [main] DEBUG net.thucydides.core.steps.StepInterceptor - STEP DONE: I have endpoint Register
  &amp#27;[32mGiven &amp#27;[0m&amp#27;[32muser has set endpoint register&amp#27;[0m                                          &amp#27;[90m# starter.stepdefinitions.Mobile.RegisterSteps.userHasSetEndpointRegister()&amp#27;[0m
11:50:45.188 [main] DEBUG net.thucydides.core.steps.StepInterceptor - STARTING STEP: RegisterSteps.userSendPOSTHTTPRequestRegister - i send method post endpoint Register
11:50:45.189 [main] DEBUG net.thucydides.core.steps.StepInterceptor - STARTING STEP: Register.sendPostHttpRequestRegister - I have endpoint Register
11:50:45.189 [main] DEBUG net.thucydides.core.steps.StepInterceptor - STEP DONE: I have endpoint Register
11:50:45.191 [main] DEBUG org.apache.http.impl.conn.BasicClientConnectionManager - Get connection for route {}->http://167.172.66.247:8002
11:50:45.191 [main] DEBUG org.apache.http.impl.conn.DefaultClientConnectionOperator - Connecting to 167.172.66.247:8002
11:50:45.217 [main] DEBUG org.apache.http.client.protocol.RequestAddCookies - CookieSpec selected: ignoreCookies
11:50:45.217 [main] DEBUG org.apache.http.client.protocol.RequestAuthCache - Auth cache not set in the context
11:50:45.217 [main] DEBUG org.apache.http.client.protocol.RequestTargetAuthentication - Target auth state: UNCHALLENGED
11:50:45.217 [main] DEBUG org.apache.http.client.protocol.RequestProxyAuthentication - Proxy auth state: UNCHALLENGED
11:50:45.217 [main] DEBUG org.apache.http.impl.client.DefaultHttpClient - Attempt 1 to execute request
11:50:45.217 [main] DEBUG org.apache.http.impl.conn.DefaultClientConnection - Sending request: POST /user_register HTTP/1.1
11:50:45.217 [main] DEBUG org.apache.http.wire -  >> "POST /user_register HTTP/1.1[\r][\n]"
11:50:45.217 [main] DEBUG org.apache.http.wire -  >> "Accept: */*[\r][\n]"
11:50:45.217 [main] DEBUG org.apache.http.wire -  >> "Content-Type: application/json[\r][\n]"
11:50:45.217 [main] DEBUG org.apache.http.wire -  >> "Content-Length: 132[\r][\n]"
11:50:45.217 [main] DEBUG org.apache.http.wire -  >> "Host: 167.172.66.247:8002[\r][\n]"
11:50:45.217 [main] DEBUG org.apache.http.wire -  >> "Connection: Keep-Alive[\r][\n]"
11:50:45.217 [main] DEBUG org.apache.http.wire -  >> "User-Agent: Apache-HttpClient/4.5.13 (Java/17.0.7)[\r][\n]"
11:50:45.217 [main] DEBUG org.apache.http.wire -  >> "Accept-Encoding: gzip,deflate[\r][\n]"
11:50:45.217 [main] DEBUG org.apache.http.wire -  >> "[\r][\n]"
11:50:45.217 [main] DEBUG org.apache.http.headers - >> POST /user_register HTTP/1.1
11:50:45.217 [main] DEBUG org.apache.http.headers - >> Accept: */*
11:50:45.217 [main] DEBUG org.apache.http.headers - >> Content-Type: application/json
11:50:45.217 [main] DEBUG org.apache.http.headers - >> Content-Length: 132
11:50:45.217 [main] DEBUG org.apache.http.headers - >> Host: 167.172.66.247:8002
11:50:45.217 [main] DEBUG org.apache.http.headers - >> Connection: Keep-Alive
11:50:45.217 [main] DEBUG org.apache.http.headers - >> User-Agent: Apache-HttpClient/4.5.13 (Java/17.0.7)
11:50:45.217 [main] DEBUG org.apache.http.headers - >> Accept-Encoding: gzip,deflate
11:50:45.217 [main] DEBUG org.apache.http.wire -  >> "{"password":"123456","nama":"Sean 1","foto_profile":"123","email":"sean1@gmail.com","no_telepon":"0811111111111","alamat":"Jl. 123"}"
11:50:45.277 [main] DEBUG org.apache.http.wire -  << "HTTP/1.1 200 OK[\r][\n]"
11:50:45.277 [main] DEBUG org.apache.http.wire -  << "Content-Type: application/json; charset=UTF-8[\r][\n]"
11:50:45.277 [main] DEBUG org.apache.http.wire -  << "Vary: Origin[\r][\n]"
11:50:45.277 [main] DEBUG org.apache.http.wire -  << "Date: Mon, 26 Jun 2023 04:50:45 GMT[\r][\n]"
11:50:45.277 [main] DEBUG org.apache.http.wire -  << "Content-Length: 471[\r][\n]"
11:50:45.277 [main] DEBUG org.apache.http.wire -  << "[\r][\n]"
11:50:45.277 [main] DEBUG org.apache.http.impl.conn.DefaultClientConnection - Receiving response: HTTP/1.1 200 OK
11:50:45.277 [main] DEBUG org.apache.http.headers - << HTTP/1.1 200 OK
11:50:45.277 [main] DEBUG org.apache.http.headers - << Content-Type: application/json; charset=UTF-8
11:50:45.277 [main] DEBUG org.apache.http.headers - << Vary: Origin
11:50:45.277 [main] DEBUG org.apache.http.headers - << Date: Mon, 26 Jun 2023 04:50:45 GMT
11:50:45.277 [main] DEBUG org.apache.http.headers - << Content-Length: 471
11:50:45.277 [main] DEBUG org.apache.http.impl.client.DefaultHttpClient - Connection can be kept alive indefinitely
11:50:45.277 [main] DEBUG io.restassured.internal.RestAssuredHttpBuilder - Parsing response as: application/json; charset=UTF-8
11:50:45.277 [main] DEBUG io.restassured.internal.RestAssuredHttpBuilder - Parsed data to instance of: class org.apache.http.conn.EofSensorInputStream
11:50:45.277 [main] DEBUG org.apache.http.wire -  << "{"data":{"user":{"ID":115,"CreatedAt":"2023-06-26T04:50:45.453Z","UpdatedAt":"2023-06-26T04:50:45.453Z","DeletedAt":null,"nama":"Sean 1","foto_profile":"123","email":"sean1@gmail.com","password":"123456","no_telepon":"0811111111111","alamat":"Jl. 123"},"token":"eyJhbGciOiJIUzI1NiIsInR5cCI6IkpXVCJ9.eyJleHAiOjE2ODc3NzMwNDUsImlkIjoxMTUsImlzcyI6InF3ZXJ0eSIsIm5hbWUiOiJTZWFuIDEifQ.1R8Lh21i9OM0-zVcmBUIuY0ZTtqeqUERJpGQy5A-TOo"},"message":"Create user success","status":true}[\n]"
11:50:45.277 [main] DEBUG org.apache.http.impl.conn.BasicClientConnectionManager - Releasing connection org.apache.http.impl.conn.ManagedClientConnectionImpl@1e49a77e
11:50:45.277 [main] DEBUG org.apache.http.impl.conn.BasicClientConnectionManager - Connection can be kept alive indefinitely
11:50:45.278 [main] DEBUG net.thucydides.core.steps.StepInterceptor - STEP DONE: i send method post endpoint Register
  &amp#27;[32mWhen &amp#27;[0m&amp#27;[32muser send POST HTTP request register&amp#27;[0m                                     &amp#27;[90m# starter.stepdefinitions.Mobile.RegisterSteps.userSendPOSTHTTPRequestRegister()&amp#27;[0m
11:50:45.279 [main] DEBUG net.thucydides.core.steps.StepInterceptor - STARTING STEP: RegisterSteps.userSeeResponseCodeRegister - i see response code Register
11:50:45.279 [main] DEBUG net.thucydides.core.steps.StepInterceptor - STEP DONE: i see response code Register
  &amp#27;[32mThen &amp#27;[0m&amp#27;[32muser see response code register &amp#27;[0m&amp#27;[32m&amp#27;[1m200&amp#27;[0m                                      &amp#27;[90m# starter.stepdefinitions.Mobile.RegisterSteps.userSeeResponseCodeRegister(int)&amp#27;[0m
11:50:45.279 [main] INFO  - 
  _____   ___   ___   _____     ___     _     ___   ___   ___   ___  
 |_   _| | __| / __| |_   _|   | _ \   /_\   / __| / __| | __| |   \ 
   | |   | _|  \__ \   | |     |  _/  / _ \  \__ \ \__ \ | _|  | |) |
   |_|   |___| |___/   |_|     |_|   /_/ \_\ |___/ |___/ |___| |___/ 

As user I want to input valid data to then i can see success register
----------------------------------------------------------------------
]]></system-out>
  </testcase>
  <testcase name="As admin, I can get all account data" classname="As Admin, I want to manage promo features" time="0.254">
    <system-out><![CDATA[11:50:45.280 [main] INFO io.cucumber.core.plugin.SerenityReporter - Running feature from file:///Users/macbookpro/Documents/Capstone_API_CI/src/test/resources/Feature/Api/Website/Account.feature
11:50:45.280 [main] WARN io.cucumber.core.plugin.SerenityReporter - Feature from file:///Users/macbookpro/Documents/Capstone_API_CI/src/test/resources/Feature/Api/Website/Account.feature is not under the 'features' directory. Requirements report will not be correctly generated!
11:50:45.280 [main] DEBUG net.thucydides.core.steps.StepEventBus - Test suite started for story net.thucydides.core.model.Story@1a3ba132
11:50:45.280 [main] INFO  - Test Suite Started: As Admin, I want to manage promo features

@Account
Scenario: As admin, I can get all account data                        &amp#27;[90m# src/test/resources/Feature/Api/Website/Account.feature:4&amp#27;[0m
11:50:45.287 [main] INFO io.cucumber.core.plugin.SerenityReporter - Running feature from file:///Users/macbookpro/Documents/Capstone_API_CI/src/test/resources/Feature/Api/Website/Account.feature
11:50:45.287 [main] WARN io.cucumber.core.plugin.SerenityReporter - Feature from file:///Users/macbookpro/Documents/Capstone_API_CI/src/test/resources/Feature/Api/Website/Account.feature is not under the 'features' directory. Requirements report will not be correctly generated!
11:50:45.287 [main] INFO  - 
  _____   ___   ___   _____     ___   _____     _     ___   _____   ___   ___  
 |_   _| | __| / __| |_   _|   / __| |_   _|   /_\   | _ \ |_   _| | __| |   \ 
   | |   | _|  \__ \   | |     \__ \   | |    / _ \  |   /   | |   | _|  | |) |
   |_|   |___| |___/   |_|     |___/   |_|   /_/ \_\ |_|_\   |_|   |___| |___/ 

As admin, I can get all account data(as-admin--i-want-to-manage-promo-features;as-admin--i-can-get-all-account-data)
--------------------------------------------------------------------------------
11:50:45.292 [main] DEBUG net.thucydides.core.steps.StepInterceptor - STARTING STEP: AccountSteps.adminSetUpApiEndpointLogin - I have endpoint auth
11:50:45.292 [main] DEBUG net.thucydides.core.steps.StepInterceptor - STEP DONE: I have endpoint auth
  &amp#27;[32mGiven &amp#27;[0m&amp#27;[32madmin set up api endpoint login&amp#27;[0m                               &amp#27;[90m# starter.stepdefinitions.Website.AccountSteps.adminSetUpApiEndpointLogin()&amp#27;[0m
11:50:45.292 [main] DEBUG net.thucydides.core.steps.StepInterceptor - STARTING STEP: AccountSteps.adminSendAHTTPRequestLogin - I Send endpoint auth
11:50:45.293 [main] DEBUG net.thucydides.core.steps.StepInterceptor - STARTING STEP: Account.sendEndpointAuth - I have endpoint auth
11:50:45.293 [main] DEBUG net.thucydides.core.steps.StepInterceptor - STEP DONE: I have endpoint auth
11:50:45.295 [main] DEBUG org.apache.http.impl.conn.BasicClientConnectionManager - Get connection for route {}->http://167.172.66.247:8002
11:50:45.295 [main] DEBUG org.apache.http.impl.conn.DefaultClientConnectionOperator - Connecting to 167.172.66.247:8002
11:50:45.347 [main] DEBUG org.apache.http.client.protocol.RequestAddCookies - CookieSpec selected: ignoreCookies
11:50:45.347 [main] DEBUG org.apache.http.client.protocol.RequestAuthCache - Auth cache not set in the context
11:50:45.347 [main] DEBUG org.apache.http.client.protocol.RequestTargetAuthentication - Target auth state: UNCHALLENGED
11:50:45.347 [main] DEBUG org.apache.http.client.protocol.RequestProxyAuthentication - Proxy auth state: UNCHALLENGED
11:50:45.347 [main] DEBUG org.apache.http.impl.client.DefaultHttpClient - Attempt 1 to execute request
11:50:45.347 [main] DEBUG org.apache.http.impl.conn.DefaultClientConnection - Sending request: POST /admin_login HTTP/1.1
11:50:45.347 [main] DEBUG org.apache.http.wire -  >> "POST /admin_login HTTP/1.1[\r][\n]"
11:50:45.347 [main] DEBUG org.apache.http.wire -  >> "Accept: */*[\r][\n]"
11:50:45.347 [main] DEBUG org.apache.http.wire -  >> "Content-Type: application/json[\r][\n]"
11:50:45.347 [main] DEBUG org.apache.http.wire -  >> "Content-Length: 54[\r][\n]"
11:50:45.347 [main] DEBUG org.apache.http.wire -  >> "Host: 167.172.66.247:8002[\r][\n]"
11:50:45.347 [main] DEBUG org.apache.http.wire -  >> "Connection: Keep-Alive[\r][\n]"
11:50:45.347 [main] DEBUG org.apache.http.wire -  >> "User-Agent: Apache-HttpClient/4.5.13 (Java/17.0.7)[\r][\n]"
11:50:45.347 [main] DEBUG org.apache.http.wire -  >> "Accept-Encoding: gzip,deflate[\r][\n]"
11:50:45.347 [main] DEBUG org.apache.http.wire -  >> "[\r][\n]"
11:50:45.347 [main] DEBUG org.apache.http.headers - >> POST /admin_login HTTP/1.1
11:50:45.347 [main] DEBUG org.apache.http.headers - >> Accept: */*
11:50:45.347 [main] DEBUG org.apache.http.headers - >> Content-Type: application/json
11:50:45.347 [main] DEBUG org.apache.http.headers - >> Content-Length: 54
11:50:45.347 [main] DEBUG org.apache.http.headers - >> Host: 167.172.66.247:8002
11:50:45.347 [main] DEBUG org.apache.http.headers - >> Connection: Keep-Alive
11:50:45.347 [main] DEBUG org.apache.http.headers - >> User-Agent: Apache-HttpClient/4.5.13 (Java/17.0.7)
11:50:45.347 [main] DEBUG org.apache.http.headers - >> Accept-Encoding: gzip,deflate
11:50:45.347 [main] DEBUG org.apache.http.wire -  >> "{"password":"123456","email":"BalinkBarong@gmail.com"}"
11:50:45.417 [main] DEBUG org.apache.http.wire -  << "HTTP/1.1 200 OK[\r][\n]"
11:50:45.417 [main] DEBUG org.apache.http.wire -  << "Content-Type: application/json; charset=UTF-8[\r][\n]"
11:50:45.417 [main] DEBUG org.apache.http.wire -  << "Vary: Origin[\r][\n]"
11:50:45.417 [main] DEBUG org.apache.http.wire -  << "Date: Mon, 26 Jun 2023 04:50:45 GMT[\r][\n]"
11:50:45.417 [main] DEBUG org.apache.http.wire -  << "Content-Length: 851[\r][\n]"
11:50:45.417 [main] DEBUG org.apache.http.wire -  << "[\r][\n]"
11:50:45.417 [main] DEBUG org.apache.http.impl.conn.DefaultClientConnection - Receiving response: HTTP/1.1 200 OK
11:50:45.417 [main] DEBUG org.apache.http.headers - << HTTP/1.1 200 OK
11:50:45.417 [main] DEBUG org.apache.http.headers - << Content-Type: application/json; charset=UTF-8
11:50:45.417 [main] DEBUG org.apache.http.headers - << Vary: Origin
11:50:45.417 [main] DEBUG org.apache.http.headers - << Date: Mon, 26 Jun 2023 04:50:45 GMT
11:50:45.417 [main] DEBUG org.apache.http.headers - << Content-Length: 851
11:50:45.417 [main] DEBUG org.apache.http.impl.client.DefaultHttpClient - Connection can be kept alive indefinitely
11:50:45.417 [main] DEBUG io.restassured.internal.RestAssuredHttpBuilder - Parsing response as: application/json; charset=UTF-8
11:50:45.417 [main] DEBUG io.restassured.internal.RestAssuredHttpBuilder - Parsed data to instance of: class org.apache.http.conn.EofSensorInputStream
11:50:45.418 [main] DEBUG org.apache.http.wire -  << "{"data":{"profile_perusahaan":{"ID":1,"CreatedAt":"0001-01-01T00:00:00Z","UpdatedAt":"2023-06-25T16:52:02.995Z","DeletedAt":null,"nama":"Sean 1","deskripsi":"lorem ipsum","foto_profile":"123","email":"BalinkBarong@gmail.com","password":"123456","no_telepon":"0811111111111","whatsapp":"0811111111111","instagram":"@balink","facebook":"balink","alamat":"Kecamatan Kuta, Sebelah Selata Kota Denpasar, Bali","negara":"Indonesia","kode_pos":"16442","rekening_bca":"0","rekening_mandiri":"12345678910","rekening_bri":"12345678910","rekening_bni":"12345678910","rekening_btn":"12345678910","rekening_seabank":"0","rekening_bpd_bali":"12345678910"},"token":"eyJhbGciOiJIUzI1NiIsInR5cCI6IkpXVCJ9.eyJleHAiOjE2ODc3NzMwNDUsImlkIjoxLCJpc3MiOiJxd2VydHkiLCJuYW1lIjoiU2VhbiAxIn0.iYQWYmAegOgHsRLajdnPuaBwTM3tu0ZY0_kpiWunmY0"},"message":"Login success","status":true}[\n]"
11:50:45.419 [main] DEBUG org.apache.http.impl.conn.BasicClientConnectionManager - Releasing connection org.apache.http.impl.conn.ManagedClientConnectionImpl@6b468710
11:50:45.419 [main] DEBUG org.apache.http.impl.conn.BasicClientConnectionManager - Connection can be kept alive indefinitely
11:50:45.430 [main] DEBUG net.thucydides.core.steps.StepInterceptor - STEP DONE: I Send endpoint auth
  &amp#27;[32mWhen &amp#27;[0m&amp#27;[32madmin send a HTTP request login&amp#27;[0m                                &amp#27;[90m# starter.stepdefinitions.Website.AccountSteps.adminSendAHTTPRequestLogin()&amp#27;[0m
11:50:45.432 [main] DEBUG net.thucydides.core.steps.StepInterceptor - STARTING STEP: AccountSteps.adminSetTheGETApiEndpointAccount - I set Get API endpoint account
11:50:45.432 [main] DEBUG net.thucydides.core.steps.StepInterceptor - STEP DONE: I set Get API endpoint account
  &amp#27;[32mAnd &amp#27;[0m&amp#27;[32madmin set the GET api endpoint account&amp#27;[0m                          &amp#27;[90m# starter.stepdefinitions.Website.AccountSteps.adminSetTheGETApiEndpointAccount()&amp#27;[0m
11:50:45.433 [main] DEBUG net.thucydides.core.steps.StepInterceptor - STARTING STEP: AccountSteps.adminSendHTTPGETRequestGetAllAccount - I send GET HTTP request Get Account
11:50:45.433 [main] DEBUG net.thucydides.core.steps.StepInterceptor - STARTING STEP: Account.sendGetHttpRequestGetAccount - I set Get API endpoint account
11:50:45.433 [main] DEBUG net.thucydides.core.steps.StepInterceptor - STEP DONE: I set Get API endpoint account
11:50:45.436 [main] DEBUG org.apache.http.impl.conn.BasicClientConnectionManager - Get connection for route {}->http://167.172.66.247:8002
11:50:45.436 [main] DEBUG org.apache.http.impl.conn.DefaultClientConnectionOperator - Connecting to 167.172.66.247:8002
11:50:45.467 [main] DEBUG org.apache.http.client.protocol.RequestAddCookies - CookieSpec selected: ignoreCookies
11:50:45.467 [main] DEBUG org.apache.http.client.protocol.RequestAuthCache - Auth cache not set in the context
11:50:45.467 [main] DEBUG org.apache.http.client.protocol.RequestProxyAuthentication - Proxy auth state: UNCHALLENGED
11:50:45.467 [main] DEBUG org.apache.http.impl.client.DefaultHttpClient - Attempt 1 to execute request
11:50:45.467 [main] DEBUG org.apache.http.impl.conn.DefaultClientConnection - Sending request: GET /user?page=1&limit=10&order=desc HTTP/1.1
11:50:45.467 [main] DEBUG org.apache.http.wire -  >> "GET /user?page=1&limit=10&order=desc HTTP/1.1[\r][\n]"
11:50:45.467 [main] DEBUG org.apache.http.wire -  >> "Authorization: Bearer eyJhbGciOiJIUzI1NiIsInR5cCI6IkpXVCJ9.eyJleHAiOjE2ODc3NzMwNDUsImlkIjoxLCJpc3MiOiJxd2VydHkiLCJuYW1lIjoiU2VhbiAxIn0.iYQWYmAegOgHsRLajdnPuaBwTM3tu0ZY0_kpiWunmY0[\r][\n]"
11:50:45.467 [main] DEBUG org.apache.http.wire -  >> "Accept: */*[\r][\n]"
11:50:45.467 [main] DEBUG org.apache.http.wire -  >> "Host: 167.172.66.247:8002[\r][\n]"
11:50:45.467 [main] DEBUG org.apache.http.wire -  >> "Connection: Keep-Alive[\r][\n]"
11:50:45.467 [main] DEBUG org.apache.http.wire -  >> "User-Agent: Apache-HttpClient/4.5.13 (Java/17.0.7)[\r][\n]"
11:50:45.467 [main] DEBUG org.apache.http.wire -  >> "Accept-Encoding: gzip,deflate[\r][\n]"
11:50:45.467 [main] DEBUG org.apache.http.wire -  >> "[\r][\n]"
11:50:45.467 [main] DEBUG org.apache.http.headers - >> GET /user?page=1&limit=10&order=desc HTTP/1.1
11:50:45.467 [main] DEBUG org.apache.http.headers - >> Authorization: Bearer eyJhbGciOiJIUzI1NiIsInR5cCI6IkpXVCJ9.eyJleHAiOjE2ODc3NzMwNDUsImlkIjoxLCJpc3MiOiJxd2VydHkiLCJuYW1lIjoiU2VhbiAxIn0.iYQWYmAegOgHsRLajdnPuaBwTM3tu0ZY0_kpiWunmY0
11:50:45.467 [main] DEBUG org.apache.http.headers - >> Accept: */*
11:50:45.467 [main] DEBUG org.apache.http.headers - >> Host: 167.172.66.247:8002
11:50:45.467 [main] DEBUG org.apache.http.headers - >> Connection: Keep-Alive
11:50:45.467 [main] DEBUG org.apache.http.headers - >> User-Agent: Apache-HttpClient/4.5.13 (Java/17.0.7)
11:50:45.467 [main] DEBUG org.apache.http.headers - >> Accept-Encoding: gzip,deflate
11:50:45.527 [main] DEBUG org.apache.http.wire -  << "HTTP/1.1 200 OK[\r][\n]"
11:50:45.527 [main] DEBUG org.apache.http.wire -  << "Content-Type: application/json; charset=UTF-8[\r][\n]"
11:50:45.527 [main] DEBUG org.apache.http.wire -  << "Vary: Origin[\r][\n]"
11:50:45.527 [main] DEBUG org.apache.http.wire -  << "Date: Mon, 26 Jun 2023 04:50:45 GMT[\r][\n]"
11:50:45.527 [main] DEBUG org.apache.http.wire -  << "Transfer-Encoding: chunked[\r][\n]"
11:50:45.527 [main] DEBUG org.apache.http.wire -  << "[\r][\n]"
11:50:45.527 [main] DEBUG org.apache.http.impl.conn.DefaultClientConnection - Receiving response: HTTP/1.1 200 OK
11:50:45.527 [main] DEBUG org.apache.http.headers - << HTTP/1.1 200 OK
11:50:45.527 [main] DEBUG org.apache.http.headers - << Content-Type: application/json; charset=UTF-8
11:50:45.527 [main] DEBUG org.apache.http.headers - << Vary: Origin
11:50:45.527 [main] DEBUG org.apache.http.headers - << Date: Mon, 26 Jun 2023 04:50:45 GMT
11:50:45.527 [main] DEBUG org.apache.http.headers - << Transfer-Encoding: chunked
11:50:45.527 [main] DEBUG org.apache.http.impl.client.DefaultHttpClient - Connection can be kept alive indefinitely
11:50:45.527 [main] DEBUG io.restassured.internal.RestAssuredHttpBuilder - Parsing response as: application/json; charset=UTF-8
11:50:45.527 [main] DEBUG io.restassured.internal.RestAssuredHttpBuilder - Parsed data to instance of: class org.apache.http.conn.EofSensorInputStream
11:50:45.528 [main] DEBUG org.apache.http.wire -  << "99a[\r][\n]"
11:50:45.528 [main] DEBUG org.apache.http.wire -  << "{"data":{"data":[{"ID":115,"CreatedAt":"2023-06-26T04:50:45.453Z","UpdatedAt":"2023-06-26T04:50:45.453Z","DeletedAt":null,"nama":"Sean 1","foto_profile":"123","email":"sean1@gmail.com","password":"123456","no_telepon":"0811111111111","alamat":"Jl. 123"},{"ID":114,"CreatedAt":"2023-06-26T04:49:23.287Z","UpdatedAt":"2023-06-26T04:49:23.287Z","DeletedAt":null,"nama":"Sean 1","foto_profile":"123","email":"sean1@gmail.com","password":"123456","no_telepon":"0811111111111","alamat":"Jl. 123"},{"ID":113,"CreatedAt":"2023-06-26T04:46:17.334Z","UpdatedAt":"2023-06-26T04:46:17.334Z","DeletedAt":null,"nama":"Sean 1","foto_profile":"123","email":"sean1@gmail.com","password":"123456","no_telepon":"0811111111111","alamat":"Jl. 123"},{"ID":112,"CreatedAt":"2023-06-26T04:45:51.634Z","UpdatedAt":"2023-06-26T04:45:51.634Z","DeletedAt":null,"nama":"Sean 1","foto_profile":"123","email":"sean1@gmail.com","password":"123456","no_telepon":"0811111111111","alamat":"Jl. 123"},{"ID":111,"CreatedAt":"2023-06-26T04:44:14.824Z","UpdatedAt":"2023-06-26T04:44:14.824Z","DeletedAt":null,"nama":"Sean 1","foto_profile":"123","email":"sean1@gmail.com","password":"123456","no_telepon":"0811111111111","alamat":"Jl. 123"},{"ID":110,"CreatedAt":"2023-06-26T04:42:02.494Z","UpdatedAt":"2023-06-26T04:42:02.494Z","DeletedAt":null,"nama":"Sean 1","foto_profile":"123","email":"sean1@gmail.com","password":"123456","no_telepon":"0811111111111","alamat":"Jl. 123"},{"ID":109,"CreatedAt":"2023-06-26T04:40:45.223Z","UpdatedAt":"2023-06-26T04:40:45.223Z","DeletedAt":null,"nama":"Sean 1","foto_profile":"123","email":"sean1@gmail.com","password":"123456","no_telepon":"0811111111111","alamat":"Jl. 123"},{"ID":108,"CreatedAt":"2023-06-26T04:38:58.45Z","UpdatedAt":"2023-06-26T04:38:58.45Z","DeletedAt":null,"nama":"Sean 1","foto_profile":"123","email":"sean1@gmail.com","password":"123456","no_telepon":"0811111111111","alamat":"Jl. 123"},{"ID":107,"CreatedAt":"2023-06-26T04:34:37.71Z","UpdatedAt":"2023-06-26T04:34:37.71Z","DeletedAt":null,"nama":"Sean 1","foto_profile":"123","email":"sean1@gmail.com","password":"123456","no_telepon":"0811111111111","alamat":"Jl. 123"},{"ID":106,"CreatedAt":"2023-06-26T04:13:10.877Z","UpdatedAt":"2023-06-26T04:13:10.877Z","DeletedAt":null,"nama":"","foto_profile":"","email":"sean1@gmail.com","password":"123456","no_telepon":"0811111111111","alamat":""}],"data_shown":10,"page":1,"total_data":23},"message":"Get all User success","status":true}[\n]"
11:50:45.528 [main] DEBUG org.apache.http.wire -  << "[\r][\n]"
11:50:45.528 [main] DEBUG org.apache.http.wire -  << "0[\r][\n]"
11:50:45.529 [main] DEBUG org.apache.http.wire -  << "[\r][\n]"
11:50:45.529 [main] DEBUG org.apache.http.impl.conn.BasicClientConnectionManager - Releasing connection org.apache.http.impl.conn.ManagedClientConnectionImpl@5fd5d6d1
11:50:45.529 [main] DEBUG org.apache.http.impl.conn.BasicClientConnectionManager - Connection can be kept alive indefinitely
11:50:45.530 [main] DEBUG net.thucydides.core.steps.StepInterceptor - STEP DONE: I send GET HTTP request Get Account
  &amp#27;[32mAnd &amp#27;[0m&amp#27;[32madmin send HTTP GET request get all account&amp#27;[0m                     &amp#27;[90m# starter.stepdefinitions.Website.AccountSteps.adminSendHTTPGETRequestGetAllAccount()&amp#27;[0m
11:50:45.532 [main] DEBUG net.thucydides.core.steps.StepInterceptor - STARTING STEP: AccountSteps.adminReceiveAValidLoginAndAccountHTTPResponseCode - I receive valid HTTP response code Get account 200
11:50:45.533 [main] DEBUG net.thucydides.core.steps.StepInterceptor - STEP DONE: I receive valid HTTP response code Get account 200
  &amp#27;[32mThen &amp#27;[0m&amp#27;[32madmin receive a valid login and account HTTP response code &amp#27;[0m&amp#27;[32m&amp#27;[1m200&amp#27;[0m &amp#27;[90m# starter.stepdefinitions.Website.AccountSteps.adminReceiveAValidLoginAndAccountHTTPResponseCode(int)&amp#27;[0m
11:50:45.534 [main] INFO  - 
  _____   ___   ___   _____     ___     _     ___   ___   ___   ___  
 |_   _| | __| / __| |_   _|   | _ \   /_\   / __| / __| | __| |   \ 
   | |   | _|  \__ \   | |     |  _/  / _ \  \__ \ \__ \ | _|  | |) |
   |_|   |___| |___/   |_|     |_|   /_/ \_\ |___/ |___/ |___| |___/ 

As admin, I can get all account data
----------------------------------------------------------------------
]]></system-out>
  </testcase>
  <testcase name="As admin I want to create new artikel" classname="As admin, I want to create, put, delete and get artikel and artikel by ID" time="0.41">
    <system-out><![CDATA[11:50:45.535 [main] INFO io.cucumber.core.plugin.SerenityReporter - Running feature from file:///Users/macbookpro/Documents/Capstone_API_CI/src/test/resources/Feature/Api/Website/Artikel.feature
11:50:45.535 [main] WARN io.cucumber.core.plugin.SerenityReporter - Feature from file:///Users/macbookpro/Documents/Capstone_API_CI/src/test/resources/Feature/Api/Website/Artikel.feature is not under the 'features' directory. Requirements report will not be correctly generated!
11:50:45.536 [main] DEBUG net.thucydides.core.steps.StepEventBus - Test suite started for story net.thucydides.core.model.Story@e896f677
11:50:45.536 [main] INFO  - Test Suite Started: As admin, I want to create, put, delete and get artikel and artikel by ID

@TCartikel01
Scenario: As admin I want to create new artikel                       &amp#27;[90m# src/test/resources/Feature/Api/Website/Artikel.feature:4&amp#27;[0m
11:50:45.546 [main] INFO io.cucumber.core.plugin.SerenityReporter - Running feature from file:///Users/macbookpro/Documents/Capstone_API_CI/src/test/resources/Feature/Api/Website/Artikel.feature
11:50:45.546 [main] WARN io.cucumber.core.plugin.SerenityReporter - Feature from file:///Users/macbookpro/Documents/Capstone_API_CI/src/test/resources/Feature/Api/Website/Artikel.feature is not under the 'features' directory. Requirements report will not be correctly generated!
11:50:45.547 [main] INFO  - 
  _____   ___   ___   _____     ___   _____     _     ___   _____   ___   ___  
 |_   _| | __| / __| |_   _|   / __| |_   _|   /_\   | _ \ |_   _| | __| |   \ 
   | |   | _|  \__ \   | |     \__ \   | |    / _ \  |   /   | |   | _|  | |) |
   |_|   |___| |___/   |_|     |___/   |_|   /_/ \_\ |_|_\   |_|   |___| |___/ 

As admin I want to create new artikel(as-admin--i-want-to-create--put--delete-and-get-artikel-and-artikel-by-id;as-admin-i-want-to-create-new-artikel)
--------------------------------------------------------------------------------
11:50:45.556 [main] DEBUG net.thucydides.core.steps.StepInterceptor - STARTING STEP: artikelSteps.adminSetUpApiEndpointLoginInArtikelInWebsite - admin set up api endpoint login in Artikel in website
11:50:45.556 [main] DEBUG net.thucydides.core.steps.StepInterceptor - STEP DONE: admin set up api endpoint login in Artikel in website
  &amp#27;[32mGiven &amp#27;[0m&amp#27;[32madmin set up api endpoint login in artikel in website&amp#27;[0m         &amp#27;[90m# starter.stepdefinitions.Website.artikelSteps.adminSetUpApiEndpointLoginInArtikelInWebsite()&amp#27;[0m
11:50:45.557 [main] DEBUG net.thucydides.core.steps.StepInterceptor - STARTING STEP: artikelSteps.adminSendAHTTPRequestLoginInArtikelInWebsite - admin send a HTTP request login in Artikel in website
11:50:45.557 [main] DEBUG net.thucydides.core.steps.StepInterceptor - STARTING STEP: artikel.adminSendAHTTPRequestLoginInArtikelInWebsite - admin set up api endpoint login in Artikel in website
11:50:45.557 [main] DEBUG net.thucydides.core.steps.StepInterceptor - STEP DONE: admin set up api endpoint login in Artikel in website
11:50:45.559 [main] DEBUG org.apache.http.impl.conn.BasicClientConnectionManager - Get connection for route {}->http://167.172.66.247:8002
11:50:45.559 [main] DEBUG org.apache.http.impl.conn.DefaultClientConnectionOperator - Connecting to 167.172.66.247:8002
11:50:45.597 [main] DEBUG org.apache.http.client.protocol.RequestAddCookies - CookieSpec selected: ignoreCookies
11:50:45.597 [main] DEBUG org.apache.http.client.protocol.RequestAuthCache - Auth cache not set in the context
11:50:45.597 [main] DEBUG org.apache.http.client.protocol.RequestTargetAuthentication - Target auth state: UNCHALLENGED
11:50:45.597 [main] DEBUG org.apache.http.client.protocol.RequestProxyAuthentication - Proxy auth state: UNCHALLENGED
11:50:45.597 [main] DEBUG org.apache.http.impl.client.DefaultHttpClient - Attempt 1 to execute request
11:50:45.597 [main] DEBUG org.apache.http.impl.conn.DefaultClientConnection - Sending request: POST /admin_login HTTP/1.1
11:50:45.597 [main] DEBUG org.apache.http.wire -  >> "POST /admin_login HTTP/1.1[\r][\n]"
11:50:45.597 [main] DEBUG org.apache.http.wire -  >> "Accept: */*[\r][\n]"
11:50:45.597 [main] DEBUG org.apache.http.wire -  >> "Content-Type: application/json[\r][\n]"
11:50:45.597 [main] DEBUG org.apache.http.wire -  >> "Content-Length: 54[\r][\n]"
11:50:45.597 [main] DEBUG org.apache.http.wire -  >> "Host: 167.172.66.247:8002[\r][\n]"
11:50:45.597 [main] DEBUG org.apache.http.wire -  >> "Connection: Keep-Alive[\r][\n]"
11:50:45.597 [main] DEBUG org.apache.http.wire -  >> "User-Agent: Apache-HttpClient/4.5.13 (Java/17.0.7)[\r][\n]"
11:50:45.597 [main] DEBUG org.apache.http.wire -  >> "Accept-Encoding: gzip,deflate[\r][\n]"
11:50:45.597 [main] DEBUG org.apache.http.wire -  >> "[\r][\n]"
11:50:45.597 [main] DEBUG org.apache.http.headers - >> POST /admin_login HTTP/1.1
11:50:45.597 [main] DEBUG org.apache.http.headers - >> Accept: */*
11:50:45.597 [main] DEBUG org.apache.http.headers - >> Content-Type: application/json
11:50:45.597 [main] DEBUG org.apache.http.headers - >> Content-Length: 54
11:50:45.597 [main] DEBUG org.apache.http.headers - >> Host: 167.172.66.247:8002
11:50:45.597 [main] DEBUG org.apache.http.headers - >> Connection: Keep-Alive
11:50:45.597 [main] DEBUG org.apache.http.headers - >> User-Agent: Apache-HttpClient/4.5.13 (Java/17.0.7)
11:50:45.597 [main] DEBUG org.apache.http.headers - >> Accept-Encoding: gzip,deflate
11:50:45.597 [main] DEBUG org.apache.http.wire -  >> "{"password":"123456","email":"BalinkBarong@gmail.com"}"
11:50:45.667 [main] DEBUG org.apache.http.wire -  << "HTTP/1.1 200 OK[\r][\n]"
11:50:45.667 [main] DEBUG org.apache.http.wire -  << "Content-Type: application/json; charset=UTF-8[\r][\n]"
11:50:45.667 [main] DEBUG org.apache.http.wire -  << "Vary: Origin[\r][\n]"
11:50:45.667 [main] DEBUG org.apache.http.wire -  << "Date: Mon, 26 Jun 2023 04:50:45 GMT[\r][\n]"
11:50:45.667 [main] DEBUG org.apache.http.wire -  << "Content-Length: 851[\r][\n]"
11:50:45.667 [main] DEBUG org.apache.http.wire -  << "[\r][\n]"
11:50:45.667 [main] DEBUG org.apache.http.impl.conn.DefaultClientConnection - Receiving response: HTTP/1.1 200 OK
11:50:45.667 [main] DEBUG org.apache.http.headers - << HTTP/1.1 200 OK
11:50:45.667 [main] DEBUG org.apache.http.headers - << Content-Type: application/json; charset=UTF-8
11:50:45.667 [main] DEBUG org.apache.http.headers - << Vary: Origin
11:50:45.667 [main] DEBUG org.apache.http.headers - << Date: Mon, 26 Jun 2023 04:50:45 GMT
11:50:45.667 [main] DEBUG org.apache.http.headers - << Content-Length: 851
11:50:45.667 [main] DEBUG org.apache.http.impl.client.DefaultHttpClient - Connection can be kept alive indefinitely
11:50:45.667 [main] DEBUG io.restassured.internal.RestAssuredHttpBuilder - Parsing response as: application/json; charset=UTF-8
11:50:45.667 [main] DEBUG io.restassured.internal.RestAssuredHttpBuilder - Parsed data to instance of: class org.apache.http.conn.EofSensorInputStream
11:50:45.668 [main] DEBUG org.apache.http.wire -  << "{"data":{"profile_perusahaan":{"ID":1,"CreatedAt":"0001-01-01T00:00:00Z","UpdatedAt":"2023-06-25T16:52:02.995Z","DeletedAt":null,"nama":"Sean 1","deskripsi":"lorem ipsum","foto_profile":"123","email":"BalinkBarong@gmail.com","password":"123456","no_telepon":"0811111111111","whatsapp":"0811111111111","instagram":"@balink","facebook":"balink","alamat":"Kecamatan Kuta, Sebelah Selata Kota Denpasar, Bali","negara":"Indonesia","kode_pos":"16442","rekening_bca":"0","rekening_mandiri":"12345678910","rekening_bri":"12345678910","rekening_bni":"12345678910","rekening_btn":"12345678910","rekening_seabank":"0","rekening_bpd_bali":"12345678910"},"token":"eyJhbGciOiJIUzI1NiIsInR5cCI6IkpXVCJ9.eyJleHAiOjE2ODc3NzMwNDUsImlkIjoxLCJpc3MiOiJxd2VydHkiLCJuYW1lIjoiU2VhbiAxIn0.iYQWYmAegOgHsRLajdnPuaBwTM3tu0ZY0_kpiWunmY0"},"message":"Login success","status":true}[\n]"
11:50:45.668 [main] DEBUG org.apache.http.impl.conn.BasicClientConnectionManager - Releasing connection org.apache.http.impl.conn.ManagedClientConnectionImpl@2ecf4b3e
11:50:45.668 [main] DEBUG org.apache.http.impl.conn.BasicClientConnectionManager - Connection can be kept alive indefinitely
11:50:45.672 [main] DEBUG net.thucydides.core.steps.StepInterceptor - STEP DONE: admin send a HTTP request login in Artikel in website
  &amp#27;[32mWhen &amp#27;[0m&amp#27;[32madmin send a HTTP request login in artikel in website&amp#27;[0m          &amp#27;[90m# starter.stepdefinitions.Website.artikelSteps.adminSendAHTTPRequestLoginInArtikelInWebsite()&amp#27;[0m
11:50:45.673 [main] DEBUG net.thucydides.core.steps.StepInterceptor - STARTING STEP: artikelSteps.adminSetThePOSTApiEndpointArtikel - admin set the POST api endpoint Artikel
11:50:45.673 [main] DEBUG net.thucydides.core.steps.StepInterceptor - STEP DONE: admin set the POST api endpoint Artikel
  &amp#27;[32mAnd &amp#27;[0m&amp#27;[32madmin set the POST api endpoint artikel&amp#27;[0m                         &amp#27;[90m# starter.stepdefinitions.Website.artikelSteps.adminSetThePOSTApiEndpointArtikel()&amp#27;[0m
11:50:45.674 [main] DEBUG net.thucydides.core.steps.StepInterceptor - STARTING STEP: artikelSteps.adminSentHTTPPOSTRequestPostArtikel - admin sent HTTP POST request post Artikel
11:50:45.674 [main] DEBUG net.thucydides.core.steps.StepInterceptor - STARTING STEP: artikel.adminSentHTTPPOSTRequestPostArtikel - admin set the POST api endpoint Artikel
11:50:45.674 [main] DEBUG net.thucydides.core.steps.StepInterceptor - STEP DONE: admin set the POST api endpoint Artikel
11:50:45.675 [main] DEBUG org.apache.http.impl.conn.BasicClientConnectionManager - Get connection for route {}->http://167.172.66.247:8002
11:50:45.675 [main] DEBUG org.apache.http.impl.conn.DefaultClientConnectionOperator - Connecting to 167.172.66.247:8002
11:50:45.707 [main] DEBUG org.apache.http.client.protocol.RequestAddCookies - CookieSpec selected: ignoreCookies
11:50:45.707 [main] DEBUG org.apache.http.client.protocol.RequestAuthCache - Auth cache not set in the context
11:50:45.707 [main] DEBUG org.apache.http.client.protocol.RequestTargetAuthentication - Target auth state: UNCHALLENGED
11:50:45.707 [main] DEBUG org.apache.http.client.protocol.RequestProxyAuthentication - Proxy auth state: UNCHALLENGED
11:50:45.707 [main] DEBUG org.apache.http.impl.client.DefaultHttpClient - Attempt 1 to execute request
11:50:45.707 [main] DEBUG org.apache.http.impl.conn.DefaultClientConnection - Sending request: POST /artikel HTTP/1.1
11:50:45.707 [main] DEBUG org.apache.http.wire -  >> "POST /artikel HTTP/1.1[\r][\n]"
11:50:45.707 [main] DEBUG org.apache.http.wire -  >> "Accept: */*[\r][\n]"
11:50:45.707 [main] DEBUG org.apache.http.wire -  >> "Content-Type: application/json[\r][\n]"
11:50:45.707 [main] DEBUG org.apache.http.wire -  >> "Content-Length: 46[\r][\n]"
11:50:45.707 [main] DEBUG org.apache.http.wire -  >> "Host: 167.172.66.247:8002[\r][\n]"
11:50:45.707 [main] DEBUG org.apache.http.wire -  >> "Connection: Keep-Alive[\r][\n]"
11:50:45.707 [main] DEBUG org.apache.http.wire -  >> "User-Agent: Apache-HttpClient/4.5.13 (Java/17.0.7)[\r][\n]"
11:50:45.707 [main] DEBUG org.apache.http.wire -  >> "Accept-Encoding: gzip,deflate[\r][\n]"
11:50:45.707 [main] DEBUG org.apache.http.wire -  >> "[\r][\n]"
11:50:45.707 [main] DEBUG org.apache.http.headers - >> POST /artikel HTTP/1.1
11:50:45.707 [main] DEBUG org.apache.http.headers - >> Accept: */*
11:50:45.707 [main] DEBUG org.apache.http.headers - >> Content-Type: application/json
11:50:45.707 [main] DEBUG org.apache.http.headers - >> Content-Length: 46
11:50:45.707 [main] DEBUG org.apache.http.headers - >> Host: 167.172.66.247:8002
11:50:45.707 [main] DEBUG org.apache.http.headers - >> Connection: Keep-Alive
11:50:45.707 [main] DEBUG org.apache.http.headers - >> User-Agent: Apache-HttpClient/4.5.13 (Java/17.0.7)
11:50:45.707 [main] DEBUG org.apache.http.headers - >> Accept-Encoding: gzip,deflate
11:50:45.707 [main] DEBUG org.apache.http.wire -  >> "{"judul":"Kecak 4","gambar":"123","isi":"abc"}"
11:50:45.777 [main] DEBUG org.apache.http.wire -  << "HTTP/1.1 400 Bad Request[\r][\n]"
11:50:45.777 [main] DEBUG org.apache.http.wire -  << "Content-Type: application/json; charset=UTF-8[\r][\n]"
11:50:45.777 [main] DEBUG org.apache.http.wire -  << "Vary: Origin[\r][\n]"
11:50:45.777 [main] DEBUG org.apache.http.wire -  << "Date: Mon, 26 Jun 2023 04:50:45 GMT[\r][\n]"
11:50:45.777 [main] DEBUG org.apache.http.wire -  << "Content-Length: 39[\r][\n]"
11:50:45.777 [main] DEBUG org.apache.http.wire -  << "[\r][\n]"
11:50:45.777 [main] DEBUG org.apache.http.impl.conn.DefaultClientConnection - Receiving response: HTTP/1.1 400 Bad Request
11:50:45.777 [main] DEBUG org.apache.http.headers - << HTTP/1.1 400 Bad Request
11:50:45.777 [main] DEBUG org.apache.http.headers - << Content-Type: application/json; charset=UTF-8
11:50:45.777 [main] DEBUG org.apache.http.headers - << Vary: Origin
11:50:45.777 [main] DEBUG org.apache.http.headers - << Date: Mon, 26 Jun 2023 04:50:45 GMT
11:50:45.777 [main] DEBUG org.apache.http.headers - << Content-Length: 39
11:50:45.777 [main] DEBUG org.apache.http.impl.client.DefaultHttpClient - Connection can be kept alive indefinitely
11:50:45.777 [main] DEBUG io.restassured.internal.RestAssuredHttpBuilder - Parsing response as: application/json; charset=UTF-8
11:50:45.777 [main] DEBUG io.restassured.internal.RestAssuredHttpBuilder - Parsed data to instance of: class org.apache.http.conn.EofSensorInputStream
11:50:45.777 [main] DEBUG org.apache.http.wire -  << "{"message":"missing or malformed jwt"}[\n]"
11:50:45.777 [main] DEBUG org.apache.http.impl.conn.BasicClientConnectionManager - Releasing connection org.apache.http.impl.conn.ManagedClientConnectionImpl@74901d7
11:50:45.777 [main] DEBUG org.apache.http.impl.conn.BasicClientConnectionManager - Connection can be kept alive indefinitely
11:50:45.778 [main] DEBUG net.thucydides.core.steps.StepInterceptor - STEP DONE: admin sent HTTP POST request post Artikel
  &amp#27;[32mAnd &amp#27;[0m&amp#27;[32madmin sent HTTP POST request post artikel&amp#27;[0m                       &amp#27;[90m# starter.stepdefinitions.Website.artikelSteps.adminSentHTTPPOSTRequestPostArtikel()&amp#27;[0m
11:50:45.779 [main] DEBUG net.thucydides.core.steps.StepInterceptor - STARTING STEP: artikelSteps.adminReceiveAValidLoginAndArtikelHTTPResponseCode - admin receive a valid login and Artikel HTTP response code 200
11:50:45.779 [main] DEBUG net.thucydides.core.steps.StepInterceptor - STARTING STEP: artikel.adminReceiveAValidLoginAndArtikelHTTPResponseCode200 - admin set the POST api endpoint Artikel
11:50:45.779 [main] DEBUG net.thucydides.core.steps.StepInterceptor - STEP DONE: admin set the POST api endpoint Artikel
11:50:45.781 [main] DEBUG org.apache.http.impl.conn.BasicClientConnectionManager - Get connection for route {}->http://167.172.66.247:8002
11:50:45.781 [main] DEBUG org.apache.http.impl.conn.DefaultClientConnectionOperator - Connecting to 167.172.66.247:8002
11:50:45.817 [main] DEBUG org.apache.http.client.protocol.RequestAddCookies - CookieSpec selected: ignoreCookies
11:50:45.817 [main] DEBUG org.apache.http.client.protocol.RequestAuthCache - Auth cache not set in the context
11:50:45.817 [main] DEBUG org.apache.http.client.protocol.RequestProxyAuthentication - Proxy auth state: UNCHALLENGED
11:50:45.817 [main] DEBUG org.apache.http.impl.client.DefaultHttpClient - Attempt 1 to execute request
11:50:45.817 [main] DEBUG org.apache.http.impl.conn.DefaultClientConnection - Sending request: GET /artikel HTTP/1.1
11:50:45.817 [main] DEBUG org.apache.http.wire -  >> "GET /artikel HTTP/1.1[\r][\n]"
11:50:45.817 [main] DEBUG org.apache.http.wire -  >> "Authorization: Bearer eyJhbGciOiJIUzI1NiIsInR5cCI6IkpXVCJ9.eyJleHAiOjE2ODc3NzMwNDUsImlkIjoxLCJpc3MiOiJxd2VydHkiLCJuYW1lIjoiU2VhbiAxIn0.iYQWYmAegOgHsRLajdnPuaBwTM3tu0ZY0_kpiWunmY0[\r][\n]"
11:50:45.817 [main] DEBUG org.apache.http.wire -  >> "Accept: */*[\r][\n]"
11:50:45.817 [main] DEBUG org.apache.http.wire -  >> "Host: 167.172.66.247:8002[\r][\n]"
11:50:45.817 [main] DEBUG org.apache.http.wire -  >> "Connection: Keep-Alive[\r][\n]"
11:50:45.817 [main] DEBUG org.apache.http.wire -  >> "User-Agent: Apache-HttpClient/4.5.13 (Java/17.0.7)[\r][\n]"
11:50:45.817 [main] DEBUG org.apache.http.wire -  >> "Accept-Encoding: gzip,deflate[\r][\n]"
11:50:45.817 [main] DEBUG org.apache.http.wire -  >> "[\r][\n]"
11:50:45.817 [main] DEBUG org.apache.http.headers - >> GET /artikel HTTP/1.1
11:50:45.817 [main] DEBUG org.apache.http.headers - >> Authorization: Bearer eyJhbGciOiJIUzI1NiIsInR5cCI6IkpXVCJ9.eyJleHAiOjE2ODc3NzMwNDUsImlkIjoxLCJpc3MiOiJxd2VydHkiLCJuYW1lIjoiU2VhbiAxIn0.iYQWYmAegOgHsRLajdnPuaBwTM3tu0ZY0_kpiWunmY0
11:50:45.817 [main] DEBUG org.apache.http.headers - >> Accept: */*
11:50:45.817 [main] DEBUG org.apache.http.headers - >> Host: 167.172.66.247:8002
11:50:45.817 [main] DEBUG org.apache.http.headers - >> Connection: Keep-Alive
11:50:45.817 [main] DEBUG org.apache.http.headers - >> User-Agent: Apache-HttpClient/4.5.13 (Java/17.0.7)
11:50:45.817 [main] DEBUG org.apache.http.headers - >> Accept-Encoding: gzip,deflate
11:50:45.876 [main] DEBUG org.apache.http.wire -  << "HTTP/1.1 200 OK[\r][\n]"
11:50:45.877 [main] DEBUG org.apache.http.wire -  << "Content-Type: application/json; charset=UTF-8[\r][\n]"
11:50:45.877 [main] DEBUG org.apache.http.wire -  << "Vary: Origin[\r][\n]"
11:50:45.877 [main] DEBUG org.apache.http.wire -  << "Date: Mon, 26 Jun 2023 04:50:46 GMT[\r][\n]"
11:50:45.877 [main] DEBUG org.apache.http.wire -  << "Transfer-Encoding: chunked[\r][\n]"
11:50:45.877 [main] DEBUG org.apache.http.wire -  << "[\r][\n]"
11:50:45.877 [main] DEBUG org.apache.http.impl.conn.DefaultClientConnection - Receiving response: HTTP/1.1 200 OK
11:50:45.877 [main] DEBUG org.apache.http.headers - << HTTP/1.1 200 OK
11:50:45.877 [main] DEBUG org.apache.http.headers - << Content-Type: application/json; charset=UTF-8
11:50:45.877 [main] DEBUG org.apache.http.headers - << Vary: Origin
11:50:45.877 [main] DEBUG org.apache.http.headers - << Date: Mon, 26 Jun 2023 04:50:46 GMT
11:50:45.877 [main] DEBUG org.apache.http.headers - << Transfer-Encoding: chunked
11:50:45.877 [main] DEBUG org.apache.http.impl.client.DefaultHttpClient - Connection can be kept alive indefinitely
11:50:45.877 [main] DEBUG io.restassured.internal.RestAssuredHttpBuilder - Parsing response as: application/json; charset=UTF-8
11:50:45.877 [main] DEBUG io.restassured.internal.RestAssuredHttpBuilder - Parsed data to instance of: class org.apache.http.conn.EofSensorInputStream
11:50:45.878 [main] DEBUG org.apache.http.wire -  << "2304[\r][\n]"
11:50:45.879 [main] DEBUG org.apache.http.wire -  << "{"data":{"data":[{"ID":93,"CreatedAt":"2023-06-25T13:36:05.866Z","UpdatedAt":"2023-06-25T16:56:31.644Z","DeletedAt":null,"gambar":"C:\\fakepath\\wisata.png","judul":"article234","deskripsi":"description article"},{"ID":94,"CreatedAt":"2023-06-25T13:36:34.256Z","UpdatedAt":"2023-06-25T13:55:00.169Z","DeletedAt":null,"gambar":"C:\\fakepath\\wisata.png","judul":"Wayang Kulit Bali","deskripsi":"Wayang kulit merupakan kesenian yang ada di banyak daerah di Indonesia, tak terkecuali juga menjadi kesenian tradisional khas Bali. Pertunjukan Wayang Kulit Bali digelar dengan dua tema cerita, yakni tema hiburan dengan banyolan komedi lucu, dan tema spiritual yang sangat sakral bagi umat Hindu. Karena penyampaian cerita yang ringan dan dekat dengan masyarakat, penggemar pertunjukan ini masih menarik perhatian hingga kini. Masyarakat kelas bawah, menengah, maupun kelas atas menyukainya. Wayang Kulit Bali dimainkan oleh dalang profesional yang bercerita sambil menyenandungkan tembang khas Bali. Iringan musik dari alat-alat musik tradisional Bali membuat pertunjukan makin menarik."},{"ID":95,"CreatedAt":"2023-06-25T13:36:56.983Z","UpdatedAt":"2023-06-25T13:55:11.473Z","DeletedAt":null,"gambar":"C:\\fakepath\\wisata.png","judul":"Tari Legong","deskripsi":"Tari Legong ini biasa kita kenal dengan sebutan tari Bali. Ternyata, Tari Legong sudah ada sejak abad ke-19. Secara etimologis, kata [0xe2][0x80][0x98]Leg[0xe2][0x80][0x99] berarti luwes, sedangkan kata [0xe2][0x80][0x98]Gong[0xe2][0x80][0x99] berarti gamelan. Kesenian tradisional khas Bali ini bercerita tentang kisah cinta Raja Lasem. Gerakan luwes namun tetap dinamis dengan power yang mantap dan gerakan bola mata menjadi ciri khasnya. Penari Tari Legong menggunakan baju adat khas Bali berwarna emas dengan sentuhan warna merah, serta lengkap dengan sanggul di kepala yang berhiaskan bunga kamboja dan aksesoris kipas."},{"ID":97,"CreatedAt":"2023-06-25T13:37:22.041Z","UpdatedAt":"2023-06-25T13:55:27.599Z","DeletedAt":null,"gambar":"C:\\fakepath\\wisata.png","judul":"Tari Barong","deskripsi":"Kesenian tradisional khas Bali yang populer lainnya adalah Tari Barong. Tarian ini sangat identik dengan kebudayaan Pra-Hindu. Kostum penari dan setiap gerakannya merepresentasikan pertarungan Adharma (sifat tidak terpuji) dan Dharma (sifat terpuji). Dharma digambarkan degan kostum binatang berkaki empat. Sedangkan Adharma digambarkan dengan kostum yang memiliki dua taring runcing."},{"ID":98,"CreatedAt":"2023-06-25T13:37:42.275Z","UpdatedAt":"2023-06-25T13:55:36.208Z","DeletedAt":null,"gambar":"C:\\fakepath\\wisata.png","judul":"Drama Gong","deskripsi":"Drama Gong yang merupakan drama tradisional yang pertunjukannya diiringi oleh instrument alat musik gong alias gamelan. Munculnya kesenian tradisional khas Bali ini dipengaruhi karena adanya perpaduan budaya tradisional Bali dengan budaya modern barat. Keduanya bersatu menampilkan pertunjukan bergaya klasik kontemporer. Ditambah dengan bahasa dialog yang digunakan umumnya adalah bahasa sansekerta, atau bahasa Bali klasik. Drama Gong mengambil cerita sejarah bertemakan cinta, kisah heroik, dan lain sebagainya. Hanya di hari-hari tertentu dan upacara spesial yang menyertakan pertunjukan Drama Gong ini."},{"ID":99,"CreatedAt":"2023-06-25T13:38:58.267Z","UpdatedAt":"2023-06-25T13:55:47.078Z","DeletedAt":null,"gambar":"C:\\fakepath\\wisata.png","judul":"Omed-Omedan","deskripsi":"Omed-omedan adalah salah satu tradisi masyarakat Hindu di Bali yang dilaksanakan satu hari setelah hari raya Nyepi, Ngembak Geni dimana masyarakat Bali sudah dapat beraktivitas kembali seperti biasa. Dalam bahasa Indonesia, istilah omed-omedan berarti saling tarik menarik. Acara ini dimulai dengan persembahyangan di Pura. Kemudian muda-mudi lajang dibagi menjadi pria dan wanita diarak dan dihadapkan untuk saling tarik menarik, berpelukan (gelut), cium kening, pipi ataupun bibir (diman) dan disirami air (siam).  Tradisi ini diperkirakan telah berlangsung sejak abad ke-17 yang berawal dari mas"
11:50:45.897 [main] DEBUG org.apache.http.wire -  << "yarakat kerajaan Puri Oka, Denpasar Selatan. Pada saat itu, masyarakat membuat permainan tarik menarik yang berubah menjadi saling rangkul. Tradisi ini semakin seru hingga saling cium dan siraman air dimulai. Saat ini, hanya masyarakat desa adat Sesetan yang masih menjalankan tradisi ini. Muda mudi berusia 17-30 tahun lajang yang berpartisipasi dalam acara ini menyanyikan lagu omed-omedan secara serentak diiringi oleh lenting gamelan."},{"ID":100,"CreatedAt":"2023-06-25T13:40:14.589Z","UpdatedAt":"2023-06-25T13:55:59.713Z","DeletedAt":null,"gambar":"C:\\fakepath\\wisata.png","judul":"Drama Tari Calonarang","deskripsi":"Cerita Calonarang adalah tema atau judul dalam sebuah pementasan seni tari, pementasan kesenian rakyat ini berbau magis atau mistis, Calonarang adalah tokoh yang berwajah seram dan memiliki sifat menyakiti. Cerita-cerita calonarang ini tidak tergolong hal baru, hampirs semua masyarakat luas pernah mendengar cerita tersebut. Pementasan Calonarang selain sebagai hiburan yang cukup populer dan menarik di pulau Dewata Bali. Kesenian rakyat tradisional ini bertemakan horor, tarian inipun tidak dipentaskan di sembarang tempat, dipentaskan saat-saat ada upacara pujawali, seperti dipentaskan di sebuah pura Dalem dalam sebuah desa Pakraman, pura Dalem sendiri diyakini sebagai tempat berstananya Dewa Siwa dan juga Dewi Durga sebagai yang menaungi kekuatan baik dan jahat, tarian tersebut dipentaskan dan dikemas dalam pementasan Drama Calonarang pada sebuah pura Dalem dekat kuburan dan pada tengah malam, sehingga aura mistis akan terasa sangat kental."},{"ID":101,"CreatedAt":"2023-06-25T13:41:37.735Z","UpdatedAt":"2023-06-25T13:41:37.735Z","DeletedAt":null,"gambar":"C:\\fakepath\\wisata.png","judul":"Rumah Adat Bali","deskripsi":"Rumah adat Bali dibangun dengan prinsip filosofi yang tinggi. Filosofi yang dianut disebut dengan Tri Hita Karana yaitu Parahyangan, Palemahan, dan Pawongan. Tiga aspek ini memiliki arti hubungan dengan Tuhan (Parahyangan), hubungan dengan alam / lingkungan (Palemahan) dan hubungan antar sesama manusia (Pawongan). Makanya, setiap rumah adat Bali pasti mempunyai beberapa bangunan yang berguna untuk sembahyang, tempat beristirahat dan juga tempat bercengkrama dengan sesama. Nama rumah adat Bali dibagi berdasarkan bangunan dalam rumah tersebut, di antaranya angkul-angkul, aling-aling, pura keluarga, bale manten, bale dauh, bale sekapat, bale dangin/gede, pawaragen/paon dan lumbung. Rumah adat Bali dibangun dengan menggunakan aturan asta kosala kosali. Aturan ini kurang lebih hampir sama dengan penggunaan fengsui dalam budaya Tionghoa."},{"ID":102,"CreatedAt":"2023-06-25T13:43:23.557Z","UpdatedAt":"2023-06-25T13:56:19.597Z","DeletedAt":null,"gambar":"C:\\fakepath\\wisata.png","judul":"Tari Pendet","des"
11:50:45.907 [main] DEBUG org.apache.http.wire -  << "kripsi":"Dari berbagai jenis tari daerah yang berasal dari Bali, tari pendet merupakan tarian tertua di Pulau Dewata. Tarian ini diperkirakan ada sejak tahun 1950. Awalnya tarian pendet adalah tari sembahan yang dilakukan di pura-pura umat Hindu sebagai bentuk ucapan selamat datang atas turunnya dewa ke bumi. Tarian ini merupakan hasil gubahan maestro seni tari Bali yang bernama I Wayan Rindi. I Wayang Rindi adalah seniman tari yang memiliki penguasaan gerak tari yang luar biasa. Oleh sebab itu, perkembangan dan sebaran tarian ini merupakan jasa dari beliau. Gerakan tari diambil dari pakem-pakem gerakan tarian pendet dewa atau tari pendet asli yang ditujukan untuk persembahan. Tanpa menghilangkan nilai sakral, religi dan keindahannya, I Wayan Rindi bersama rekannya bernama Ni Ketut Reneng berhasil memasukkan unsur tarian pendet dewa ke dalam tari pendet yang kita kenal saat ini. Sehingga seiring berkembangnya zaman turut pula merubah fungsi asli tari pendet. Kini tarian ini juga digunakan sebagai sarana pertunjukkan serta tarian ucapan selamat datang."},{"ID":103,"CreatedAt":"2023-06-25T13:44:32.318Z","UpdatedAt":"2023-06-25T13:56:36.042Z","DeletedAt":null,"gambar":"C:\\fakepath\\wisata.png","judul":"Ogoh-ogoh","deskripsi":"Ogoh-ogoh adalah boneka raksasa yang merupakan manifestasi Bhutakala. Dalam ajaran Hindu Dharma, Bhutakala adalah kekuatan Bhu atau alam semesta"
11:50:45.937 [main] DEBUG org.apache.http.wire -  << " dan Kala (waktu) yang tak terukur dan tak terbantahkan. Dikutip dari laman resmi Pemerintah Kabupaten Buleleng, ogoh-ogoh sendiri diambil dari sebutan ogah-ogah dari bahasa Bali yang artinya sesuatu yang digoyang-goyangkan.  Sejarah tradisi ogoh-ogoh sendiri dimulai pada tahun 1983. Tahun tersebut merupakan bagian penting dalam sejarah ogoh-ogoh di Bali, pasalnya pada tahun itu mulai dibuat wujud-wujud bhuta kala berkenaan dengan ritual Nyepi di Bali. Ketika itu ada keputusan presiden yang menyatakan Nyepi sebagai hari libur nasional. Semenjak itu masyarakat mulai membuat perwujudan onggokan yang kemudian disebut ogoh-ogoh, di beberapa tempat di Denpasar. Budaya baru ini semakin menyebar ketika ogoh-ogoh diikutkan dalam Pesta Kesenian Bali ke XII."}],"data_shown":10,"page":1,"total_data":11},"message":"Get all Artikel success","status":true}[\n]"
11:50:45.937 [main] DEBUG org.apache.http.wire -  << "[\r][\n]"
11:50:45.937 [main] DEBUG org.apache.http.wire -  << "0[\r][\n]"
11:50:45.937 [main] DEBUG org.apache.http.wire -  << "[\r][\n]"
11:50:45.937 [main] DEBUG org.apache.http.impl.conn.BasicClientConnectionManager - Releasing connection org.apache.http.impl.conn.ManagedClientConnectionImpl@53654b2d
11:50:45.937 [main] DEBUG org.apache.http.impl.conn.BasicClientConnectionManager - Connection can be kept alive indefinitely
11:50:45.943 [main] DEBUG net.thucydides.core.steps.StepInterceptor - STEP DONE: admin receive a valid login and Artikel HTTP response code 200
  &amp#27;[32mThen &amp#27;[0m&amp#27;[32madmin receive a valid login and artikel HTTP response code &amp#27;[0m&amp#27;[32m&amp#27;[1m200&amp#27;[0m &amp#27;[90m# starter.stepdefinitions.Website.artikelSteps.adminReceiveAValidLoginAndArtikelHTTPResponseCode(int)&amp#27;[0m
11:50:45.945 [main] INFO  - 
  _____   ___   ___   _____     ___     _     ___   ___   ___   ___  
 |_   _| | __| / __| |_   _|   | _ \   /_\   / __| / __| | __| |   \ 
   | |   | _|  \__ \   | |     |  _/  / _ \  \__ \ \__ \ | _|  | |) |
   |_|   |___| |___/   |_|     |_|   /_/ \_\ |___/ |___/ |___| |___/ 

As admin I want to create new artikel
----------------------------------------------------------------------
]]></system-out>
  </testcase>
  <testcase name="As admin I can get all artikel data" classname="As admin, I want to create, put, delete and get artikel and artikel by ID" time="0.384">
    <system-out><![CDATA[
@TCartikel02
Scenario: As admin I can get all artikel data                         &amp#27;[90m# src/test/resources/Feature/Api/Website/Artikel.feature:13&amp#27;[0m
11:50:45.956 [main] INFO io.cucumber.core.plugin.SerenityReporter - Running feature from file:///Users/macbookpro/Documents/Capstone_API_CI/src/test/resources/Feature/Api/Website/Artikel.feature
11:50:45.956 [main] WARN io.cucumber.core.plugin.SerenityReporter - Feature from file:///Users/macbookpro/Documents/Capstone_API_CI/src/test/resources/Feature/Api/Website/Artikel.feature is not under the 'features' directory. Requirements report will not be correctly generated!
11:50:45.957 [main] INFO  - 
  _____   ___   ___   _____     ___   _____     _     ___   _____   ___   ___  
 |_   _| | __| / __| |_   _|   / __| |_   _|   /_\   | _ \ |_   _| | __| |   \ 
   | |   | _|  \__ \   | |     \__ \   | |    / _ \  |   /   | |   | _|  | |) |
   |_|   |___| |___/   |_|     |___/   |_|   /_/ \_\ |_|_\   |_|   |___| |___/ 

As admin I can get all artikel data(as-admin--i-want-to-create--put--delete-and-get-artikel-and-artikel-by-id;as-admin-i-can-get-all-artikel-data)
--------------------------------------------------------------------------------
11:50:45.960 [main] DEBUG net.thucydides.core.steps.StepInterceptor - STARTING STEP: artikelSteps.adminSetUpApiEndpointLoginInArtikelInWebsite - admin set up api endpoint login in Artikel in website
11:50:45.960 [main] DEBUG net.thucydides.core.steps.StepInterceptor - STEP DONE: admin set up api endpoint login in Artikel in website
  &amp#27;[32mGiven &amp#27;[0m&amp#27;[32madmin set up api endpoint login in artikel in website&amp#27;[0m         &amp#27;[90m# starter.stepdefinitions.Website.artikelSteps.adminSetUpApiEndpointLoginInArtikelInWebsite()&amp#27;[0m
11:50:45.961 [main] DEBUG net.thucydides.core.steps.StepInterceptor - STARTING STEP: artikelSteps.adminSendAHTTPRequestLoginInArtikelInWebsite - admin send a HTTP request login in Artikel in website
11:50:45.961 [main] DEBUG net.thucydides.core.steps.StepInterceptor - STARTING STEP: artikel.adminSendAHTTPRequestLoginInArtikelInWebsite - admin set up api endpoint login in Artikel in website
11:50:45.961 [main] DEBUG net.thucydides.core.steps.StepInterceptor - STEP DONE: admin set up api endpoint login in Artikel in website
11:50:45.963 [main] DEBUG org.apache.http.impl.conn.BasicClientConnectionManager - Get connection for route {}->http://167.172.66.247:8002
11:50:45.964 [main] DEBUG org.apache.http.impl.conn.DefaultClientConnectionOperator - Connecting to 167.172.66.247:8002
11:50:45.997 [main] DEBUG org.apache.http.client.protocol.RequestAddCookies - CookieSpec selected: ignoreCookies
11:50:45.997 [main] DEBUG org.apache.http.client.protocol.RequestAuthCache - Auth cache not set in the context
11:50:45.997 [main] DEBUG org.apache.http.client.protocol.RequestTargetAuthentication - Target auth state: UNCHALLENGED
11:50:45.997 [main] DEBUG org.apache.http.client.protocol.RequestProxyAuthentication - Proxy auth state: UNCHALLENGED
11:50:45.997 [main] DEBUG org.apache.http.impl.client.DefaultHttpClient - Attempt 1 to execute request
11:50:45.997 [main] DEBUG org.apache.http.impl.conn.DefaultClientConnection - Sending request: POST /admin_login HTTP/1.1
11:50:45.997 [main] DEBUG org.apache.http.wire -  >> "POST /admin_login HTTP/1.1[\r][\n]"
11:50:45.997 [main] DEBUG org.apache.http.wire -  >> "Accept: */*[\r][\n]"
11:50:45.997 [main] DEBUG org.apache.http.wire -  >> "Content-Type: application/json[\r][\n]"
11:50:45.997 [main] DEBUG org.apache.http.wire -  >> "Content-Length: 54[\r][\n]"
11:50:45.997 [main] DEBUG org.apache.http.wire -  >> "Host: 167.172.66.247:8002[\r][\n]"
11:50:45.997 [main] DEBUG org.apache.http.wire -  >> "Connection: Keep-Alive[\r][\n]"
11:50:45.997 [main] DEBUG org.apache.http.wire -  >> "User-Agent: Apache-HttpClient/4.5.13 (Java/17.0.7)[\r][\n]"
11:50:45.997 [main] DEBUG org.apache.http.wire -  >> "Accept-Encoding: gzip,deflate[\r][\n]"
11:50:45.997 [main] DEBUG org.apache.http.wire -  >> "[\r][\n]"
11:50:45.997 [main] DEBUG org.apache.http.headers - >> POST /admin_login HTTP/1.1
11:50:45.997 [main] DEBUG org.apache.http.headers - >> Accept: */*
11:50:45.997 [main] DEBUG org.apache.http.headers - >> Content-Type: application/json
11:50:45.997 [main] DEBUG org.apache.http.headers - >> Content-Length: 54
11:50:45.997 [main] DEBUG org.apache.http.headers - >> Host: 167.172.66.247:8002
11:50:45.997 [main] DEBUG org.apache.http.headers - >> Connection: Keep-Alive
11:50:45.997 [main] DEBUG org.apache.http.headers - >> User-Agent: Apache-HttpClient/4.5.13 (Java/17.0.7)
11:50:45.997 [main] DEBUG org.apache.http.headers - >> Accept-Encoding: gzip,deflate
11:50:45.997 [main] DEBUG org.apache.http.wire -  >> "{"password":"123456","email":"BalinkBarong@gmail.com"}"
11:50:46.057 [main] DEBUG org.apache.http.wire -  << "HTTP/1.1 200 OK[\r][\n]"
11:50:46.057 [main] DEBUG org.apache.http.wire -  << "Content-Type: application/json; charset=UTF-8[\r][\n]"
11:50:46.057 [main] DEBUG org.apache.http.wire -  << "Vary: Origin[\r][\n]"
11:50:46.057 [main] DEBUG org.apache.http.wire -  << "Date: Mon, 26 Jun 2023 04:50:46 GMT[\r][\n]"
11:50:46.057 [main] DEBUG org.apache.http.wire -  << "Content-Length: 851[\r][\n]"
11:50:46.057 [main] DEBUG org.apache.http.wire -  << "[\r][\n]"
11:50:46.057 [main] DEBUG org.apache.http.impl.conn.DefaultClientConnection - Receiving response: HTTP/1.1 200 OK
11:50:46.057 [main] DEBUG org.apache.http.headers - << HTTP/1.1 200 OK
11:50:46.057 [main] DEBUG org.apache.http.headers - << Content-Type: application/json; charset=UTF-8
11:50:46.057 [main] DEBUG org.apache.http.headers - << Vary: Origin
11:50:46.057 [main] DEBUG org.apache.http.headers - << Date: Mon, 26 Jun 2023 04:50:46 GMT
11:50:46.057 [main] DEBUG org.apache.http.headers - << Content-Length: 851
11:50:46.057 [main] DEBUG org.apache.http.impl.client.DefaultHttpClient - Connection can be kept alive indefinitely
11:50:46.057 [main] DEBUG io.restassured.internal.RestAssuredHttpBuilder - Parsing response as: application/json; charset=UTF-8
11:50:46.057 [main] DEBUG io.restassured.internal.RestAssuredHttpBuilder - Parsed data to instance of: class org.apache.http.conn.EofSensorInputStream
11:50:46.058 [main] DEBUG org.apache.http.wire -  << "{"data":{"profile_perusahaan":{"ID":1,"CreatedAt":"0001-01-01T00:00:00Z","UpdatedAt":"2023-06-25T16:52:02.995Z","DeletedAt":null,"nama":"Sean 1","deskripsi":"lorem ipsum","foto_profile":"123","email":"BalinkBarong@gmail.com","password":"123456","no_telepon":"0811111111111","whatsapp":"0811111111111","instagram":"@balink","facebook":"balink","alamat":"Kecamatan Kuta, Sebelah Selata Kota Denpasar, Bali","negara":"Indonesia","kode_pos":"16442","rekening_bca":"0","rekening_mandiri":"12345678910","rekening_bri":"12345678910","rekening_bni":"12345678910","rekening_btn":"12345678910","rekening_seabank":"0","rekening_bpd_bali":"12345678910"},"token":"eyJhbGciOiJIUzI1NiIsInR5cCI6IkpXVCJ9.eyJleHAiOjE2ODc3NzMwNDYsImlkIjoxLCJpc3MiOiJxd2VydHkiLCJuYW1lIjoiU2VhbiAxIn0.rJJQuBpAM_d5Uo0v3pQRbEZfBVwkK_LINob46OeNL58"},"message":"Login success","status":true}[\n]"
11:50:46.058 [main] DEBUG org.apache.http.impl.conn.BasicClientConnectionManager - Releasing connection org.apache.http.impl.conn.ManagedClientConnectionImpl@7ec68821
11:50:46.058 [main] DEBUG org.apache.http.impl.conn.BasicClientConnectionManager - Connection can be kept alive indefinitely
11:50:46.066 [main] DEBUG net.thucydides.core.steps.StepInterceptor - STEP DONE: admin send a HTTP request login in Artikel in website
  &amp#27;[32mWhen &amp#27;[0m&amp#27;[32madmin send a HTTP request login in artikel in website&amp#27;[0m          &amp#27;[90m# starter.stepdefinitions.Website.artikelSteps.adminSendAHTTPRequestLoginInArtikelInWebsite()&amp#27;[0m
11:50:46.068 [main] DEBUG net.thucydides.core.steps.StepInterceptor - STARTING STEP: artikelSteps.adminSetTheGETApiEndpointArtikel - admin set the GET api endpoint Artikel
11:50:46.068 [main] DEBUG net.thucydides.core.steps.StepInterceptor - STEP DONE: admin set the GET api endpoint Artikel
  &amp#27;[32mAnd &amp#27;[0m&amp#27;[32madmin set the GET api endpoint artikel&amp#27;[0m                          &amp#27;[90m# starter.stepdefinitions.Website.artikelSteps.adminSetTheGETApiEndpointArtikel()&amp#27;[0m
11:50:46.068 [main] DEBUG net.thucydides.core.steps.StepInterceptor - STARTING STEP: artikelSteps.adminSentHTTPGETRequestGetArtikelByID - admin sent HTTP GET request get Artikel by ID
11:50:46.069 [main] DEBUG net.thucydides.core.steps.StepInterceptor - STARTING STEP: artikel.adminSentHTTPGETRequestGetArtikelByID - admin set the GET api endpoint Artikel
11:50:46.069 [main] DEBUG net.thucydides.core.steps.StepInterceptor - STEP DONE: admin set the GET api endpoint Artikel
11:50:46.074 [main] DEBUG org.apache.http.impl.conn.BasicClientConnectionManager - Get connection for route {}->http://167.172.66.247:8002
11:50:46.074 [main] DEBUG org.apache.http.impl.conn.DefaultClientConnectionOperator - Connecting to 167.172.66.247:8002
11:50:46.107 [main] DEBUG org.apache.http.client.protocol.RequestAddCookies - CookieSpec selected: ignoreCookies
11:50:46.107 [main] DEBUG org.apache.http.client.protocol.RequestAuthCache - Auth cache not set in the context
11:50:46.107 [main] DEBUG org.apache.http.client.protocol.RequestTargetAuthentication - Target auth state: UNCHALLENGED
11:50:46.107 [main] DEBUG org.apache.http.client.protocol.RequestProxyAuthentication - Proxy auth state: UNCHALLENGED
11:50:46.107 [main] DEBUG org.apache.http.impl.client.DefaultHttpClient - Attempt 1 to execute request
11:50:46.107 [main] DEBUG org.apache.http.impl.conn.DefaultClientConnection - Sending request: GET /artikel?page=1&limit=5&search=kecak HTTP/1.1
11:50:46.107 [main] DEBUG org.apache.http.wire -  >> "GET /artikel?page=1&limit=5&search=kecak HTTP/1.1[\r][\n]"
11:50:46.107 [main] DEBUG org.apache.http.wire -  >> "Accept: */*[\r][\n]"
11:50:46.107 [main] DEBUG org.apache.http.wire -  >> "Host: 167.172.66.247:8002[\r][\n]"
11:50:46.107 [main] DEBUG org.apache.http.wire -  >> "Connection: Keep-Alive[\r][\n]"
11:50:46.107 [main] DEBUG org.apache.http.wire -  >> "User-Agent: Apache-HttpClient/4.5.13 (Java/17.0.7)[\r][\n]"
11:50:46.107 [main] DEBUG org.apache.http.wire -  >> "Accept-Encoding: gzip,deflate[\r][\n]"
11:50:46.107 [main] DEBUG org.apache.http.wire -  >> "[\r][\n]"
11:50:46.107 [main] DEBUG org.apache.http.headers - >> GET /artikel?page=1&limit=5&search=kecak HTTP/1.1
11:50:46.107 [main] DEBUG org.apache.http.headers - >> Accept: */*
11:50:46.107 [main] DEBUG org.apache.http.headers - >> Host: 167.172.66.247:8002
11:50:46.107 [main] DEBUG org.apache.http.headers - >> Connection: Keep-Alive
11:50:46.107 [main] DEBUG org.apache.http.headers - >> User-Agent: Apache-HttpClient/4.5.13 (Java/17.0.7)
11:50:46.107 [main] DEBUG org.apache.http.headers - >> Accept-Encoding: gzip,deflate
11:50:46.177 [main] DEBUG org.apache.http.wire -  << "HTTP/1.1 400 Bad Request[\r][\n]"
11:50:46.177 [main] DEBUG org.apache.http.wire -  << "Content-Type: application/json; charset=UTF-8[\r][\n]"
11:50:46.177 [main] DEBUG org.apache.http.wire -  << "Vary: Origin[\r][\n]"
11:50:46.177 [main] DEBUG org.apache.http.wire -  << "Date: Mon, 26 Jun 2023 04:50:46 GMT[\r][\n]"
11:50:46.177 [main] DEBUG org.apache.http.wire -  << "Content-Length: 39[\r][\n]"
11:50:46.177 [main] DEBUG org.apache.http.wire -  << "[\r][\n]"
11:50:46.177 [main] DEBUG org.apache.http.impl.conn.DefaultClientConnection - Receiving response: HTTP/1.1 400 Bad Request
11:50:46.177 [main] DEBUG org.apache.http.headers - << HTTP/1.1 400 Bad Request
11:50:46.177 [main] DEBUG org.apache.http.headers - << Content-Type: application/json; charset=UTF-8
11:50:46.177 [main] DEBUG org.apache.http.headers - << Vary: Origin
11:50:46.177 [main] DEBUG org.apache.http.headers - << Date: Mon, 26 Jun 2023 04:50:46 GMT
11:50:46.177 [main] DEBUG org.apache.http.headers - << Content-Length: 39
11:50:46.177 [main] DEBUG org.apache.http.impl.client.DefaultHttpClient - Connection can be kept alive indefinitely
11:50:46.177 [main] DEBUG io.restassured.internal.RestAssuredHttpBuilder - Parsing response as: application/json; charset=UTF-8
11:50:46.177 [main] DEBUG io.restassured.internal.RestAssuredHttpBuilder - Parsed data to instance of: class org.apache.http.conn.EofSensorInputStream
11:50:46.177 [main] DEBUG org.apache.http.wire -  << "{"message":"missing or malformed jwt"}[\n]"
11:50:46.177 [main] DEBUG org.apache.http.impl.conn.BasicClientConnectionManager - Releasing connection org.apache.http.impl.conn.ManagedClientConnectionImpl@337e573b
11:50:46.177 [main] DEBUG org.apache.http.impl.conn.BasicClientConnectionManager - Connection can be kept alive indefinitely
11:50:46.177 [main] DEBUG net.thucydides.core.steps.StepInterceptor - STEP DONE: admin sent HTTP GET request get Artikel by ID
  &amp#27;[32mAnd &amp#27;[0m&amp#27;[32madmin sent HTTP GET request get artikel by ID&amp#27;[0m                   &amp#27;[90m# starter.stepdefinitions.Website.artikelSteps.adminSentHTTPGETRequestGetArtikelByID()&amp#27;[0m
11:50:46.178 [main] DEBUG net.thucydides.core.steps.StepInterceptor - STARTING STEP: artikelSteps.adminReceiveAValidLoginAndArtikelHTTPResponseCode - admin receive a valid login and Artikel HTTP response code 200
11:50:46.179 [main] DEBUG net.thucydides.core.steps.StepInterceptor - STARTING STEP: artikel.adminReceiveAValidLoginAndArtikelHTTPResponseCode200 - admin set the POST api endpoint Artikel
11:50:46.179 [main] DEBUG net.thucydides.core.steps.StepInterceptor - STEP DONE: admin set the POST api endpoint Artikel
11:50:46.180 [main] DEBUG org.apache.http.impl.conn.BasicClientConnectionManager - Get connection for route {}->http://167.172.66.247:8002
11:50:46.180 [main] DEBUG org.apache.http.impl.conn.DefaultClientConnectionOperator - Connecting to 167.172.66.247:8002
11:50:46.227 [main] DEBUG org.apache.http.client.protocol.RequestAddCookies - CookieSpec selected: ignoreCookies
11:50:46.227 [main] DEBUG org.apache.http.client.protocol.RequestAuthCache - Auth cache not set in the context
11:50:46.227 [main] DEBUG org.apache.http.client.protocol.RequestProxyAuthentication - Proxy auth state: UNCHALLENGED
11:50:46.227 [main] DEBUG org.apache.http.impl.client.DefaultHttpClient - Attempt 1 to execute request
11:50:46.227 [main] DEBUG org.apache.http.impl.conn.DefaultClientConnection - Sending request: GET /artikel HTTP/1.1
11:50:46.227 [main] DEBUG org.apache.http.wire -  >> "GET /artikel HTTP/1.1[\r][\n]"
11:50:46.227 [main] DEBUG org.apache.http.wire -  >> "Authorization: Bearer eyJhbGciOiJIUzI1NiIsInR5cCI6IkpXVCJ9.eyJleHAiOjE2ODc3NzMwNDYsImlkIjoxLCJpc3MiOiJxd2VydHkiLCJuYW1lIjoiU2VhbiAxIn0.rJJQuBpAM_d5Uo0v3pQRbEZfBVwkK_LINob46OeNL58[\r][\n]"
11:50:46.227 [main] DEBUG org.apache.http.wire -  >> "Accept: */*[\r][\n]"
11:50:46.227 [main] DEBUG org.apache.http.wire -  >> "Host: 167.172.66.247:8002[\r][\n]"
11:50:46.227 [main] DEBUG org.apache.http.wire -  >> "Connection: Keep-Alive[\r][\n]"
11:50:46.227 [main] DEBUG org.apache.http.wire -  >> "User-Agent: Apache-HttpClient/4.5.13 (Java/17.0.7)[\r][\n]"
11:50:46.227 [main] DEBUG org.apache.http.wire -  >> "Accept-Encoding: gzip,deflate[\r][\n]"
11:50:46.227 [main] DEBUG org.apache.http.wire -  >> "[\r][\n]"
11:50:46.227 [main] DEBUG org.apache.http.headers - >> GET /artikel HTTP/1.1
11:50:46.227 [main] DEBUG org.apache.http.headers - >> Authorization: Bearer eyJhbGciOiJIUzI1NiIsInR5cCI6IkpXVCJ9.eyJleHAiOjE2ODc3NzMwNDYsImlkIjoxLCJpc3MiOiJxd2VydHkiLCJuYW1lIjoiU2VhbiAxIn0.rJJQuBpAM_d5Uo0v3pQRbEZfBVwkK_LINob46OeNL58
11:50:46.227 [main] DEBUG org.apache.http.headers - >> Accept: */*
11:50:46.227 [main] DEBUG org.apache.http.headers - >> Host: 167.172.66.247:8002
11:50:46.227 [main] DEBUG org.apache.http.headers - >> Connection: Keep-Alive
11:50:46.227 [main] DEBUG org.apache.http.headers - >> User-Agent: Apache-HttpClient/4.5.13 (Java/17.0.7)
11:50:46.227 [main] DEBUG org.apache.http.headers - >> Accept-Encoding: gzip,deflate
11:50:46.286 [main] DEBUG org.apache.http.wire -  << "HTTP/1.1 200 OK[\r][\n]"
11:50:46.286 [main] DEBUG org.apache.http.wire -  << "Content-Type: application/json; charset=UTF-8[\r][\n]"
11:50:46.286 [main] DEBUG org.apache.http.wire -  << "Vary: Origin[\r][\n]"
11:50:46.286 [main] DEBUG org.apache.http.wire -  << "Date: Mon, 26 Jun 2023 04:50:46 GMT[\r][\n]"
11:50:46.286 [main] DEBUG org.apache.http.wire -  << "Transfer-Encoding: chunked[\r][\n]"
11:50:46.286 [main] DEBUG org.apache.http.wire -  << "[\r][\n]"
11:50:46.286 [main] DEBUG org.apache.http.impl.conn.DefaultClientConnection - Receiving response: HTTP/1.1 200 OK
11:50:46.286 [main] DEBUG org.apache.http.headers - << HTTP/1.1 200 OK
11:50:46.286 [main] DEBUG org.apache.http.headers - << Content-Type: application/json; charset=UTF-8
11:50:46.286 [main] DEBUG org.apache.http.headers - << Vary: Origin
11:50:46.286 [main] DEBUG org.apache.http.headers - << Date: Mon, 26 Jun 2023 04:50:46 GMT
11:50:46.286 [main] DEBUG org.apache.http.headers - << Transfer-Encoding: chunked
11:50:46.286 [main] DEBUG org.apache.http.impl.client.DefaultHttpClient - Connection can be kept alive indefinitely
11:50:46.286 [main] DEBUG io.restassured.internal.RestAssuredHttpBuilder - Parsing response as: application/json; charset=UTF-8
11:50:46.286 [main] DEBUG io.restassured.internal.RestAssuredHttpBuilder - Parsed data to instance of: class org.apache.http.conn.EofSensorInputStream
11:50:46.286 [main] DEBUG org.apache.http.wire -  << "2304[\r][\n]"
11:50:46.286 [main] DEBUG org.apache.http.wire -  << "{"data":{"data":[{"ID":93,"CreatedAt":"2023-06-25T13:36:05.866Z","UpdatedAt":"2023-06-25T16:56:31.644Z","DeletedAt":null,"gambar":"C:\\fakepath\\wisata.png","judul":"article234","deskripsi":"description article"},{"ID":94,"CreatedAt":"2023-06-25T13:36:34.256Z","UpdatedAt":"2023-06-25T13:55:00.169Z","DeletedAt":null,"gambar":"C:\\fakepath\\wisata.png","judul":"Wayang Kulit Bali","deskripsi":"Wayang kulit merupakan kesenian yang ada di banyak daerah di Indonesia, tak terkecuali juga menjadi kesenian tradisional khas Bali. Pertunjukan Wayang Kulit Bali digelar dengan dua tema cerita, yakni tema hiburan dengan banyolan komedi lucu, dan tema spiritual yang sangat sakral bagi umat Hindu. Karena penyampaian cerita yang ringan dan dekat dengan masyarakat, penggemar pertunjukan ini masih menarik perhatian hingga kini. Masyarakat kelas bawah, menengah, maupun kelas atas menyukainya. Wayang Kulit Bali dimainkan oleh dalang profesional yang bercerita sambil menyenandungkan tembang khas Bali. Iringan musik dari alat-alat musik tradisional Bali membuat pertunjukan makin menarik."},{"ID":95,"CreatedAt":"2023-06-25T13:36:56.983Z","UpdatedAt":"2023-06-25T13:55:11.473Z","DeletedAt":null,"gambar":"C:\\fakepath\\wisata.png","judul":"Tari Legong","deskripsi":"Tari Legong ini biasa kita kenal dengan sebutan tari Bali. Ternyata, Tari Legong sudah ada sejak abad ke-19. Secara etimologis, kata [0xe2][0x80][0x98]Leg[0xe2][0x80][0x99] berarti luwes, sedangkan kata [0xe2][0x80][0x98]Gong[0xe2][0x80][0x99] berarti gamelan. Kesenian tradisional khas Bali ini bercerita tentang kisah cinta Raja Lasem. Gerakan luwes namun tetap dinamis dengan power yang mantap dan gerakan bola mata menjadi ciri khasnya. Penari Tari Legong menggunakan baju adat khas Bali berwarna emas dengan sentuhan warna merah, serta lengkap dengan sanggul di kepala yang berhiaskan bunga kamboja dan aksesoris kipas."},{"ID":97,"CreatedAt":"2023-06-25T13:37:22.041Z","UpdatedAt":"2023-06-25T13:55:27.599Z","DeletedAt":null,"gambar":"C:\\fakepath\\wisata.png","judul":"Tari Barong","deskripsi":"Kesenian tradisional khas Bali yang populer lainnya adalah Tari Barong. Tarian ini sangat identik dengan kebudayaan Pra-Hindu. Kostum penari dan setiap gerakannya merepresentasikan pertarungan Adharma (sifat tidak terpuji) dan Dharma (sifat terpuji). Dharma digambarkan degan kostum binatang berkaki empat. Sedangkan Adharma digambarkan dengan kostum yang memiliki dua taring runcing."},{"ID":98,"CreatedAt":"2023-06-25T13:37:42.275Z","UpdatedAt":"2023-06-25T13:55:36.208Z","DeletedAt":null,"gambar":"C:\\fakepath\\wisata.png","judul":"Drama Gong","deskripsi":"Drama Gong yang merupakan drama tradisional yang pertunjukannya diiringi oleh instrument alat musik gong alias gamelan. Munculnya kesenian tradisional khas Bali ini dipengaruhi karena adanya perpaduan budaya tradisional Bali dengan budaya modern barat. Keduanya bersatu menampilkan pertunjukan bergaya klasik kontemporer. Ditambah dengan bahasa dialog yang digunakan umumnya adalah bahasa sansekerta, atau bahasa Bali klasik. Drama Gong mengambil cerita sejarah bertemakan cinta, kisah heroik, dan lain sebagainya. Hanya di hari-hari tertentu dan upacara spesial yang menyertakan pertunjukan Drama Gong ini."},{"ID":99,"CreatedAt":"2023-06-25T13:38:58.267Z","UpdatedAt":"2023-06-25T13:55:47.078Z","DeletedAt":null,"gambar":"C:\\fakepath\\wisata.png","judul":"Omed-Omedan","deskripsi":"Omed-omedan adalah salah satu tradisi masyarakat Hindu di Bali yang dilaksanakan satu hari setelah hari raya Nyepi, Ngembak Geni dimana masyarakat Bali sudah dapat beraktivitas kembali seperti biasa. Dalam bahasa Indonesia, istilah omed-omedan berarti saling tarik menarik. Acara ini dimulai dengan persembahyangan di Pura. Kemudian muda-mudi lajang dibagi menjadi pria dan wanita diarak dan dihadapkan untuk saling tarik menarik, berpelukan (gelut), cium kening, pipi ataupun bibir (diman) dan disirami air (siam).  Tradisi ini diperkirakan telah berlangsung sejak abad ke-17 yang berawal dari mas"
11:50:46.302 [main] DEBUG org.apache.http.wire -  << "yarakat kerajaan Puri Oka, Denpasar Selatan. Pada saat itu, masyarakat membuat permainan tarik menarik yang berubah menjadi saling rangkul. Tradisi ini semakin seru hingga saling cium dan siraman air dimulai. Saat ini, hanya masyarakat desa adat Sesetan yang masih menjalankan tradisi ini. Muda mudi berusia 17-30 tahun lajang yang berpartisipasi dalam acara ini menyanyikan lagu omed-omedan secara serentak diiringi oleh lenting gamelan."},{"ID":100,"CreatedAt":"2023-06-25T13:40:14.589Z","UpdatedAt":"2023-06-25T13:55:59.713Z","DeletedAt":null,"gambar":"C:\\fakepath\\wisata.png","judul":"Drama Tari Calonarang","deskripsi":"Cerita Calonarang adalah tema atau judul dalam sebuah pementasan seni tari, pementasan kesenian rakyat ini berbau magis atau mistis, Calonarang adalah tokoh yang berwajah seram dan memiliki sifat menyakiti. Cerita-cerita calonarang ini tidak tergolong hal baru, hampirs semua masyarakat luas pernah mendengar cerita tersebut. Pementasan Calonarang selain sebagai hiburan yang cukup populer dan menarik di pulau Dewata Bali. Kesenian rakyat tradisional ini bertemakan horor, tarian inipun tidak dipentaskan di sembarang tempat, dipentaskan saat-saat ada upacara pujawali, seperti dipentaskan di sebuah pura Dalem dalam sebuah desa Pakraman, pura Dalem sendiri diyakini sebagai tempat berstananya Dewa Siwa dan juga Dewi Durga sebagai yang menaungi kekuatan baik dan jahat, tarian tersebut dipentaskan dan dikemas dalam pementasan Drama Calonarang pada sebuah pura Dalem dekat kuburan dan pada tengah malam, sehingga aura mistis akan terasa sangat kental."},{"ID":101,"CreatedAt":"2023-06-25T13:41:37.735Z","UpdatedAt":"2023-06-25T13:41:37.735Z","DeletedAt":null,"gambar":"C:\\fakepath\\wisata.png","judul":"Rumah Adat Bali","deskripsi":"Rumah adat Bali dibangun dengan prinsip filosofi yang tinggi. Filosofi yang dianut disebut dengan Tri Hita Karana yaitu Parahyangan, Palemahan, dan Pawongan. Tiga aspek ini memiliki arti hubungan dengan Tuhan (Parahyangan), hubungan dengan alam / lingkungan (Palemahan) dan hubungan antar sesama manusia (Pawongan). Makanya, setiap rumah adat Bali pasti mempunyai beberapa bangunan yang berguna untuk sembahyang, tempat beristirahat dan juga tempat bercengkrama dengan sesama. Nama rumah adat Bali dibagi berdasarkan bangunan dalam rumah tersebut, di antaranya angkul-angkul, aling-aling, pura keluarga, bale manten, bale dauh, bale sekapat, bale dangin/gede, pawaragen/paon dan lumbung. Rumah adat Bali dibangun dengan menggunakan aturan asta kosala kosali. Aturan ini kurang lebih hampir sama dengan penggunaan fengsui dalam budaya Tionghoa."},{"ID":102,"CreatedAt":"2023-06-25T13:43:23.557Z","UpdatedAt":"2023-06-25T13:56:19.597Z","DeletedAt":null,"gambar":"C:\\fakepath\\wisata.png","judul":"Tari Pendet","des"
11:50:46.307 [main] DEBUG org.apache.http.wire -  << "kripsi":"Dari berbagai jenis tari daerah yang berasal dari Bali, tari pendet merupakan tarian tertua di Pulau Dewata. Tarian ini diperkirakan ada sejak tahun 1950. Awalnya tarian pendet adalah tari sembahan yang dilakukan di pura-pura umat Hindu sebagai bentuk ucapan selamat datang atas turunnya dewa ke bumi. Tarian ini merupakan hasil gubahan maestro seni tari Bali yang bernama I Wayan Rindi. I Wayang Rindi adalah seniman tari yang memiliki penguasaan gerak tari yang luar biasa. Oleh sebab itu, perkembangan dan sebaran tarian ini merupakan jasa dari beliau. Gerakan tari diambil dari pakem-pakem gerakan tarian pendet dewa atau tari pendet asli yang ditujukan untuk persembahan. Tanpa menghilangkan nilai sakral, religi dan keindahannya, I Wayan Rindi bersama rekannya bernama Ni Ketut Reneng berhasil memasukkan unsur tarian pendet dewa ke dalam tari pendet yang kita kenal saat ini. Sehingga seiring berkembangnya zaman turut pula merubah fungsi asli tari pendet. Kini tarian ini juga digunakan sebagai sarana pertunjukkan serta tarian ucapan selamat datang."},{"ID":103,"CreatedAt":"2023-06-25T13:44:32.318Z","UpdatedAt":"2023-06-25T13:56:36.042Z","DeletedAt":null,"gambar":"C:\\fakepath\\wisata.png","judul":"Ogoh-ogoh","deskripsi":"Ogoh-ogoh adalah boneka raksasa yang merupakan manifestasi Bhutakala. Dalam ajaran Hindu Dharma, Bhutakala adalah kekuatan Bhu atau alam semesta"
11:50:46.327 [main] DEBUG org.apache.http.wire -  << " dan Kala (waktu) yang tak terukur dan tak terbantahkan. Dikutip dari laman resmi Pemerintah Kabupaten Buleleng, ogoh-ogoh sendiri diambil dari sebutan ogah-ogah dari bahasa Bali yang artinya sesuatu yang digoyang-goyangkan.  Sejarah tradisi ogoh-ogoh sendiri dimulai pada tahun 1983. Tahun tersebut merupakan bagian penting dalam sejarah ogoh-ogoh di Bali, pasalnya pada tahun itu mulai dibuat wujud-wujud bhuta kala berkenaan dengan ritual Nyepi di Bali. Ketika itu ada keputusan presiden yang menyatakan Nyepi sebagai hari libur nasional. Semenjak itu masyarakat mulai membuat perwujudan onggokan yang kemudian disebut ogoh-ogoh, di beberapa tempat di Denpasar. Budaya baru ini semakin menyebar ketika ogoh-ogoh diikutkan dalam Pesta Kesenian Bali ke XII."}],"data_shown":10,"page":1,"total_data":11},"message":"Get all Artikel success","status":true}[\n]"
11:50:46.327 [main] DEBUG org.apache.http.wire -  << "[\r][\n]"
11:50:46.327 [main] DEBUG org.apache.http.wire -  << "0[\r][\n]"
11:50:46.327 [main] DEBUG org.apache.http.wire -  << "[\r][\n]"
11:50:46.327 [main] DEBUG org.apache.http.impl.conn.BasicClientConnectionManager - Releasing connection org.apache.http.impl.conn.ManagedClientConnectionImpl@5837cb9e
11:50:46.327 [main] DEBUG org.apache.http.impl.conn.BasicClientConnectionManager - Connection can be kept alive indefinitely
11:50:46.328 [main] DEBUG net.thucydides.core.steps.StepInterceptor - STEP DONE: admin receive a valid login and Artikel HTTP response code 200
  &amp#27;[32mThen &amp#27;[0m&amp#27;[32madmin receive a valid login and artikel HTTP response code &amp#27;[0m&amp#27;[32m&amp#27;[1m200&amp#27;[0m &amp#27;[90m# starter.stepdefinitions.Website.artikelSteps.adminReceiveAValidLoginAndArtikelHTTPResponseCode(int)&amp#27;[0m
11:50:46.329 [main] INFO  - 
  _____   ___   ___   _____     ___     _     ___   ___   ___   ___  
 |_   _| | __| / __| |_   _|   | _ \   /_\   / __| / __| | __| |   \ 
   | |   | _|  \__ \   | |     |  _/  / _ \  \__ \ \__ \ | _|  | |) |
   |_|   |___| |___/   |_|     |_|   /_/ \_\ |___/ |___/ |___| |___/ 

As admin I can get all artikel data
----------------------------------------------------------------------
]]></system-out>
  </testcase>
  <testcase name="As admin I can edit artikel data by ID" classname="As admin, I want to create, put, delete and get artikel and artikel by ID" time="0.424">
    <system-out><![CDATA[
@TCartikel03
Scenario: As admin I can edit artikel data by ID                      &amp#27;[90m# src/test/resources/Feature/Api/Website/Artikel.feature:22&amp#27;[0m
11:50:46.337 [main] INFO io.cucumber.core.plugin.SerenityReporter - Running feature from file:///Users/macbookpro/Documents/Capstone_API_CI/src/test/resources/Feature/Api/Website/Artikel.feature
11:50:46.337 [main] WARN io.cucumber.core.plugin.SerenityReporter - Feature from file:///Users/macbookpro/Documents/Capstone_API_CI/src/test/resources/Feature/Api/Website/Artikel.feature is not under the 'features' directory. Requirements report will not be correctly generated!
11:50:46.337 [main] INFO  - 
  _____   ___   ___   _____     ___   _____     _     ___   _____   ___   ___  
 |_   _| | __| / __| |_   _|   / __| |_   _|   /_\   | _ \ |_   _| | __| |   \ 
   | |   | _|  \__ \   | |     \__ \   | |    / _ \  |   /   | |   | _|  | |) |
   |_|   |___| |___/   |_|     |___/   |_|   /_/ \_\ |_|_\   |_|   |___| |___/ 

As admin I can edit artikel data by ID(as-admin--i-want-to-create--put--delete-and-get-artikel-and-artikel-by-id;as-admin-i-can-edit-artikel-data-by-id)
--------------------------------------------------------------------------------
11:50:46.339 [main] DEBUG net.thucydides.core.steps.StepInterceptor - STARTING STEP: artikelSteps.adminSetUpApiEndpointLoginInArtikelInWebsite - admin set up api endpoint login in Artikel in website
11:50:46.339 [main] DEBUG net.thucydides.core.steps.StepInterceptor - STEP DONE: admin set up api endpoint login in Artikel in website
  &amp#27;[32mGiven &amp#27;[0m&amp#27;[32madmin set up api endpoint login in artikel in website&amp#27;[0m         &amp#27;[90m# starter.stepdefinitions.Website.artikelSteps.adminSetUpApiEndpointLoginInArtikelInWebsite()&amp#27;[0m
11:50:46.340 [main] DEBUG net.thucydides.core.steps.StepInterceptor - STARTING STEP: artikelSteps.adminSendAHTTPRequestLoginInArtikelInWebsite - admin send a HTTP request login in Artikel in website
11:50:46.340 [main] DEBUG net.thucydides.core.steps.StepInterceptor - STARTING STEP: artikel.adminSendAHTTPRequestLoginInArtikelInWebsite - admin set up api endpoint login in Artikel in website
11:50:46.340 [main] DEBUG net.thucydides.core.steps.StepInterceptor - STEP DONE: admin set up api endpoint login in Artikel in website
11:50:46.342 [main] DEBUG org.apache.http.impl.conn.BasicClientConnectionManager - Get connection for route {}->http://167.172.66.247:8002
11:50:46.342 [main] DEBUG org.apache.http.impl.conn.DefaultClientConnectionOperator - Connecting to 167.172.66.247:8002
11:50:46.377 [main] DEBUG org.apache.http.client.protocol.RequestAddCookies - CookieSpec selected: ignoreCookies
11:50:46.377 [main] DEBUG org.apache.http.client.protocol.RequestAuthCache - Auth cache not set in the context
11:50:46.377 [main] DEBUG org.apache.http.client.protocol.RequestTargetAuthentication - Target auth state: UNCHALLENGED
11:50:46.377 [main] DEBUG org.apache.http.client.protocol.RequestProxyAuthentication - Proxy auth state: UNCHALLENGED
11:50:46.377 [main] DEBUG org.apache.http.impl.client.DefaultHttpClient - Attempt 1 to execute request
11:50:46.377 [main] DEBUG org.apache.http.impl.conn.DefaultClientConnection - Sending request: POST /admin_login HTTP/1.1
11:50:46.377 [main] DEBUG org.apache.http.wire -  >> "POST /admin_login HTTP/1.1[\r][\n]"
11:50:46.377 [main] DEBUG org.apache.http.wire -  >> "Accept: */*[\r][\n]"
11:50:46.377 [main] DEBUG org.apache.http.wire -  >> "Content-Type: application/json[\r][\n]"
11:50:46.377 [main] DEBUG org.apache.http.wire -  >> "Content-Length: 54[\r][\n]"
11:50:46.377 [main] DEBUG org.apache.http.wire -  >> "Host: 167.172.66.247:8002[\r][\n]"
11:50:46.377 [main] DEBUG org.apache.http.wire -  >> "Connection: Keep-Alive[\r][\n]"
11:50:46.377 [main] DEBUG org.apache.http.wire -  >> "User-Agent: Apache-HttpClient/4.5.13 (Java/17.0.7)[\r][\n]"
11:50:46.377 [main] DEBUG org.apache.http.wire -  >> "Accept-Encoding: gzip,deflate[\r][\n]"
11:50:46.377 [main] DEBUG org.apache.http.wire -  >> "[\r][\n]"
11:50:46.377 [main] DEBUG org.apache.http.headers - >> POST /admin_login HTTP/1.1
11:50:46.377 [main] DEBUG org.apache.http.headers - >> Accept: */*
11:50:46.377 [main] DEBUG org.apache.http.headers - >> Content-Type: application/json
11:50:46.377 [main] DEBUG org.apache.http.headers - >> Content-Length: 54
11:50:46.377 [main] DEBUG org.apache.http.headers - >> Host: 167.172.66.247:8002
11:50:46.377 [main] DEBUG org.apache.http.headers - >> Connection: Keep-Alive
11:50:46.377 [main] DEBUG org.apache.http.headers - >> User-Agent: Apache-HttpClient/4.5.13 (Java/17.0.7)
11:50:46.377 [main] DEBUG org.apache.http.headers - >> Accept-Encoding: gzip,deflate
11:50:46.377 [main] DEBUG org.apache.http.wire -  >> "{"password":"123456","email":"BalinkBarong@gmail.com"}"
11:50:46.447 [main] DEBUG org.apache.http.wire -  << "HTTP/1.1 200 OK[\r][\n]"
11:50:46.447 [main] DEBUG org.apache.http.wire -  << "Content-Type: application/json; charset=UTF-8[\r][\n]"
11:50:46.447 [main] DEBUG org.apache.http.wire -  << "Vary: Origin[\r][\n]"
11:50:46.447 [main] DEBUG org.apache.http.wire -  << "Date: Mon, 26 Jun 2023 04:50:46 GMT[\r][\n]"
11:50:46.447 [main] DEBUG org.apache.http.wire -  << "Content-Length: 851[\r][\n]"
11:50:46.447 [main] DEBUG org.apache.http.wire -  << "[\r][\n]"
11:50:46.447 [main] DEBUG org.apache.http.impl.conn.DefaultClientConnection - Receiving response: HTTP/1.1 200 OK
11:50:46.447 [main] DEBUG org.apache.http.headers - << HTTP/1.1 200 OK
11:50:46.447 [main] DEBUG org.apache.http.headers - << Content-Type: application/json; charset=UTF-8
11:50:46.447 [main] DEBUG org.apache.http.headers - << Vary: Origin
11:50:46.447 [main] DEBUG org.apache.http.headers - << Date: Mon, 26 Jun 2023 04:50:46 GMT
11:50:46.447 [main] DEBUG org.apache.http.headers - << Content-Length: 851
11:50:46.447 [main] DEBUG org.apache.http.impl.client.DefaultHttpClient - Connection can be kept alive indefinitely
11:50:46.447 [main] DEBUG io.restassured.internal.RestAssuredHttpBuilder - Parsing response as: application/json; charset=UTF-8
11:50:46.448 [main] DEBUG io.restassured.internal.RestAssuredHttpBuilder - Parsed data to instance of: class org.apache.http.conn.EofSensorInputStream
11:50:46.448 [main] DEBUG org.apache.http.wire -  << "{"data":{"profile_perusahaan":{"ID":1,"CreatedAt":"0001-01-01T00:00:00Z","UpdatedAt":"2023-06-25T16:52:02.995Z","DeletedAt":null,"nama":"Sean 1","deskripsi":"lorem ipsum","foto_profile":"123","email":"BalinkBarong@gmail.com","password":"123456","no_telepon":"0811111111111","whatsapp":"0811111111111","instagram":"@balink","facebook":"balink","alamat":"Kecamatan Kuta, Sebelah Selata Kota Denpasar, Bali","negara":"Indonesia","kode_pos":"16442","rekening_bca":"0","rekening_mandiri":"12345678910","rekening_bri":"12345678910","rekening_bni":"12345678910","rekening_btn":"12345678910","rekening_seabank":"0","rekening_bpd_bali":"12345678910"},"token":"eyJhbGciOiJIUzI1NiIsInR5cCI6IkpXVCJ9.eyJleHAiOjE2ODc3NzMwNDYsImlkIjoxLCJpc3MiOiJxd2VydHkiLCJuYW1lIjoiU2VhbiAxIn0.rJJQuBpAM_d5Uo0v3pQRbEZfBVwkK_LINob46OeNL58"},"message":"Login success","status":true}[\n]"
11:50:46.448 [main] DEBUG org.apache.http.impl.conn.BasicClientConnectionManager - Releasing connection org.apache.http.impl.conn.ManagedClientConnectionImpl@36c1b6ff
11:50:46.448 [main] DEBUG org.apache.http.impl.conn.BasicClientConnectionManager - Connection can be kept alive indefinitely
11:50:46.457 [main] DEBUG net.thucydides.core.steps.StepInterceptor - STEP DONE: admin send a HTTP request login in Artikel in website
  &amp#27;[32mWhen &amp#27;[0m&amp#27;[32madmin send a HTTP request login in artikel in website&amp#27;[0m          &amp#27;[90m# starter.stepdefinitions.Website.artikelSteps.adminSendAHTTPRequestLoginInArtikelInWebsite()&amp#27;[0m
11:50:46.458 [main] DEBUG net.thucydides.core.steps.StepInterceptor - STARTING STEP: artikelSteps.adminSetThePUTApiEndpointArtikel - admin set the PUT api endpoint Artikel
11:50:46.458 [main] DEBUG net.thucydides.core.steps.StepInterceptor - STEP DONE: admin set the PUT api endpoint Artikel
  &amp#27;[32mAnd &amp#27;[0m&amp#27;[32madmin set the PUT api endpoint artikel&amp#27;[0m                          &amp#27;[90m# starter.stepdefinitions.Website.artikelSteps.adminSetThePUTApiEndpointArtikel()&amp#27;[0m
11:50:46.459 [main] DEBUG net.thucydides.core.steps.StepInterceptor - STARTING STEP: artikelSteps.adminSentHTTPPUTRequestArtikelByID - admin sent HTTP PUT request Artikel by ID
11:50:46.460 [main] DEBUG net.thucydides.core.steps.StepInterceptor - STARTING STEP: artikel.adminSentHTTPPUTRequestArtikelByID - admin set the PUT api endpoint Artikel
11:50:46.460 [main] DEBUG net.thucydides.core.steps.StepInterceptor - STEP DONE: admin set the PUT api endpoint Artikel
11:50:46.467 [main] DEBUG org.apache.http.impl.conn.BasicClientConnectionManager - Get connection for route {}->http://167.172.66.247:8002
11:50:46.467 [Finalizer] DEBUG org.apache.http.impl.conn.DefaultClientConnection - Connection 0.0.0.0:59763<->167.172.66.247:8002 closed
11:50:46.467 [main] DEBUG org.apache.http.impl.conn.DefaultClientConnectionOperator - Connecting to 167.172.66.247:8002
11:50:46.467 [Finalizer] DEBUG org.apache.http.impl.conn.DefaultClientConnection - Connection 0.0.0.0:59764<->167.172.66.247:8002 closed
11:50:46.467 [Finalizer] DEBUG org.apache.http.impl.conn.DefaultClientConnection - Connection 0.0.0.0:59765<->167.172.66.247:8002 closed
11:50:46.467 [Finalizer] DEBUG org.apache.http.impl.conn.DefaultClientConnection - Connection 0.0.0.0:59766<->167.172.66.247:8002 closed
11:50:46.467 [Finalizer] DEBUG org.apache.http.impl.conn.DefaultClientConnection - Connection 0.0.0.0:59767<->167.172.66.247:8002 closed
11:50:46.467 [Finalizer] DEBUG org.apache.http.impl.conn.DefaultClientConnection - Connection 0.0.0.0:59768<->167.172.66.247:8002 closed
11:50:46.467 [Finalizer] DEBUG org.apache.http.impl.conn.DefaultClientConnection - Connection 0.0.0.0:59758<->167.172.66.247:8002 closed
11:50:46.467 [Finalizer] DEBUG org.apache.http.impl.conn.DefaultClientConnection - Connection 0.0.0.0:59759<->167.172.66.247:8002 closed
11:50:46.467 [Finalizer] DEBUG org.apache.http.impl.conn.DefaultClientConnection - Connection 0.0.0.0:59760<->167.172.66.247:8002 closed
11:50:46.467 [Finalizer] DEBUG org.apache.http.impl.conn.DefaultClientConnection - Connection 0.0.0.0:59761<->167.172.66.247:8002 closed
11:50:46.467 [Finalizer] DEBUG org.apache.http.impl.conn.DefaultClientConnection - Connection 0.0.0.0:59762<->167.172.66.247:8002 closed
11:50:46.507 [main] DEBUG org.apache.http.client.protocol.RequestAddCookies - CookieSpec selected: ignoreCookies
11:50:46.507 [main] DEBUG org.apache.http.client.protocol.RequestAuthCache - Auth cache not set in the context
11:50:46.507 [main] DEBUG org.apache.http.client.protocol.RequestTargetAuthentication - Target auth state: UNCHALLENGED
11:50:46.507 [main] DEBUG org.apache.http.client.protocol.RequestProxyAuthentication - Proxy auth state: UNCHALLENGED
11:50:46.507 [main] DEBUG org.apache.http.impl.client.DefaultHttpClient - Attempt 1 to execute request
11:50:46.507 [main] DEBUG org.apache.http.impl.conn.DefaultClientConnection - Sending request: PUT /artikel/68 HTTP/1.1
11:50:46.508 [main] DEBUG org.apache.http.wire -  >> "PUT /artikel/68 HTTP/1.1[\r][\n]"
11:50:46.508 [main] DEBUG org.apache.http.wire -  >> "Accept: */*[\r][\n]"
11:50:46.508 [main] DEBUG org.apache.http.wire -  >> "Content-Type: application/json[\r][\n]"
11:50:46.508 [main] DEBUG org.apache.http.wire -  >> "Content-Length: 54[\r][\n]"
11:50:46.508 [main] DEBUG org.apache.http.wire -  >> "Host: 167.172.66.247:8002[\r][\n]"
11:50:46.508 [main] DEBUG org.apache.http.wire -  >> "Connection: Keep-Alive[\r][\n]"
11:50:46.508 [main] DEBUG org.apache.http.wire -  >> "User-Agent: Apache-HttpClient/4.5.13 (Java/17.0.7)[\r][\n]"
11:50:46.508 [main] DEBUG org.apache.http.wire -  >> "Accept-Encoding: gzip,deflate[\r][\n]"
11:50:46.508 [main] DEBUG org.apache.http.wire -  >> "[\r][\n]"
11:50:46.508 [main] DEBUG org.apache.http.headers - >> PUT /artikel/68 HTTP/1.1
11:50:46.508 [main] DEBUG org.apache.http.headers - >> Accept: */*
11:50:46.508 [main] DEBUG org.apache.http.headers - >> Content-Type: application/json
11:50:46.508 [main] DEBUG org.apache.http.headers - >> Content-Length: 54
11:50:46.508 [main] DEBUG org.apache.http.headers - >> Host: 167.172.66.247:8002
11:50:46.508 [main] DEBUG org.apache.http.headers - >> Connection: Keep-Alive
11:50:46.508 [main] DEBUG org.apache.http.headers - >> User-Agent: Apache-HttpClient/4.5.13 (Java/17.0.7)
11:50:46.508 [main] DEBUG org.apache.http.headers - >> Accept-Encoding: gzip,deflate
11:50:46.508 [main] DEBUG org.apache.http.wire -  >> "[[\n]"
11:50:46.508 [main] DEBUG org.apache.http.wire -  >> "{"judul":"Kecak 1.1 ","gambar":"123 ","isi":"abc"}[\n]"
11:50:46.508 [main] DEBUG org.apache.http.wire -  >> "]"
11:50:46.567 [main] DEBUG org.apache.http.wire -  << "HTTP/1.1 400 Bad Request[\r][\n]"
11:50:46.567 [main] DEBUG org.apache.http.wire -  << "Content-Type: application/json; charset=UTF-8[\r][\n]"
11:50:46.567 [main] DEBUG org.apache.http.wire -  << "Vary: Origin[\r][\n]"
11:50:46.567 [main] DEBUG org.apache.http.wire -  << "Date: Mon, 26 Jun 2023 04:50:46 GMT[\r][\n]"
11:50:46.567 [main] DEBUG org.apache.http.wire -  << "Content-Length: 39[\r][\n]"
11:50:46.567 [main] DEBUG org.apache.http.wire -  << "[\r][\n]"
11:50:46.567 [main] DEBUG org.apache.http.impl.conn.DefaultClientConnection - Receiving response: HTTP/1.1 400 Bad Request
11:50:46.567 [main] DEBUG org.apache.http.headers - << HTTP/1.1 400 Bad Request
11:50:46.567 [main] DEBUG org.apache.http.headers - << Content-Type: application/json; charset=UTF-8
11:50:46.567 [main] DEBUG org.apache.http.headers - << Vary: Origin
11:50:46.567 [main] DEBUG org.apache.http.headers - << Date: Mon, 26 Jun 2023 04:50:46 GMT
11:50:46.567 [main] DEBUG org.apache.http.headers - << Content-Length: 39
11:50:46.567 [main] DEBUG org.apache.http.impl.client.DefaultHttpClient - Connection can be kept alive indefinitely
11:50:46.567 [main] DEBUG io.restassured.internal.RestAssuredHttpBuilder - Parsing response as: application/json; charset=UTF-8
11:50:46.567 [main] DEBUG io.restassured.internal.RestAssuredHttpBuilder - Parsed data to instance of: class org.apache.http.conn.EofSensorInputStream
11:50:46.567 [main] DEBUG org.apache.http.wire -  << "{"message":"missing or malformed jwt"}[\n]"
11:50:46.567 [main] DEBUG org.apache.http.impl.conn.BasicClientConnectionManager - Releasing connection org.apache.http.impl.conn.ManagedClientConnectionImpl@4c9bed65
11:50:46.567 [main] DEBUG org.apache.http.impl.conn.BasicClientConnectionManager - Connection can be kept alive indefinitely
11:50:46.568 [main] DEBUG net.thucydides.core.steps.StepInterceptor - STEP DONE: admin sent HTTP PUT request Artikel by ID
  &amp#27;[32mAnd &amp#27;[0m&amp#27;[32madmin sent HTTP PUT request artikel by ID&amp#27;[0m                       &amp#27;[90m# starter.stepdefinitions.Website.artikelSteps.adminSentHTTPPUTRequestArtikelByID()&amp#27;[0m
11:50:46.569 [main] DEBUG net.thucydides.core.steps.StepInterceptor - STARTING STEP: artikelSteps.adminReceiveAValidLoginAndArtikelHTTPResponseCode - admin receive a valid login and Artikel HTTP response code 200
11:50:46.569 [main] DEBUG net.thucydides.core.steps.StepInterceptor - STARTING STEP: artikel.adminReceiveAValidLoginAndArtikelHTTPResponseCode200 - admin set the POST api endpoint Artikel
11:50:46.569 [main] DEBUG net.thucydides.core.steps.StepInterceptor - STEP DONE: admin set the POST api endpoint Artikel
11:50:46.572 [main] DEBUG org.apache.http.impl.conn.BasicClientConnectionManager - Get connection for route {}->http://167.172.66.247:8002
11:50:46.572 [main] DEBUG org.apache.http.impl.conn.DefaultClientConnectionOperator - Connecting to 167.172.66.247:8002
11:50:46.617 [main] DEBUG org.apache.http.client.protocol.RequestAddCookies - CookieSpec selected: ignoreCookies
11:50:46.617 [main] DEBUG org.apache.http.client.protocol.RequestAuthCache - Auth cache not set in the context
11:50:46.617 [main] DEBUG org.apache.http.client.protocol.RequestProxyAuthentication - Proxy auth state: UNCHALLENGED
11:50:46.617 [main] DEBUG org.apache.http.impl.client.DefaultHttpClient - Attempt 1 to execute request
11:50:46.617 [main] DEBUG org.apache.http.impl.conn.DefaultClientConnection - Sending request: GET /artikel HTTP/1.1
11:50:46.617 [main] DEBUG org.apache.http.wire -  >> "GET /artikel HTTP/1.1[\r][\n]"
11:50:46.617 [main] DEBUG org.apache.http.wire -  >> "Authorization: Bearer eyJhbGciOiJIUzI1NiIsInR5cCI6IkpXVCJ9.eyJleHAiOjE2ODc3NzMwNDYsImlkIjoxLCJpc3MiOiJxd2VydHkiLCJuYW1lIjoiU2VhbiAxIn0.rJJQuBpAM_d5Uo0v3pQRbEZfBVwkK_LINob46OeNL58[\r][\n]"
11:50:46.617 [main] DEBUG org.apache.http.wire -  >> "Accept: */*[\r][\n]"
11:50:46.617 [main] DEBUG org.apache.http.wire -  >> "Host: 167.172.66.247:8002[\r][\n]"
11:50:46.617 [main] DEBUG org.apache.http.wire -  >> "Connection: Keep-Alive[\r][\n]"
11:50:46.617 [main] DEBUG org.apache.http.wire -  >> "User-Agent: Apache-HttpClient/4.5.13 (Java/17.0.7)[\r][\n]"
11:50:46.617 [main] DEBUG org.apache.http.wire -  >> "Accept-Encoding: gzip,deflate[\r][\n]"
11:50:46.617 [main] DEBUG org.apache.http.wire -  >> "[\r][\n]"
11:50:46.617 [main] DEBUG org.apache.http.headers - >> GET /artikel HTTP/1.1
11:50:46.617 [main] DEBUG org.apache.http.headers - >> Authorization: Bearer eyJhbGciOiJIUzI1NiIsInR5cCI6IkpXVCJ9.eyJleHAiOjE2ODc3NzMwNDYsImlkIjoxLCJpc3MiOiJxd2VydHkiLCJuYW1lIjoiU2VhbiAxIn0.rJJQuBpAM_d5Uo0v3pQRbEZfBVwkK_LINob46OeNL58
11:50:46.617 [main] DEBUG org.apache.http.headers - >> Accept: */*
11:50:46.617 [main] DEBUG org.apache.http.headers - >> Host: 167.172.66.247:8002
11:50:46.617 [main] DEBUG org.apache.http.headers - >> Connection: Keep-Alive
11:50:46.617 [main] DEBUG org.apache.http.headers - >> User-Agent: Apache-HttpClient/4.5.13 (Java/17.0.7)
11:50:46.617 [main] DEBUG org.apache.http.headers - >> Accept-Encoding: gzip,deflate
11:50:46.682 [main] DEBUG org.apache.http.wire -  << "HTTP/1.1 200 OK[\r][\n]"
11:50:46.682 [main] DEBUG org.apache.http.wire -  << "Content-Type: application/json; charset=UTF-8[\r][\n]"
11:50:46.682 [main] DEBUG org.apache.http.wire -  << "Vary: Origin[\r][\n]"
11:50:46.682 [main] DEBUG org.apache.http.wire -  << "Date: Mon, 26 Jun 2023 04:50:46 GMT[\r][\n]"
11:50:46.682 [main] DEBUG org.apache.http.wire -  << "Transfer-Encoding: chunked[\r][\n]"
11:50:46.682 [main] DEBUG org.apache.http.wire -  << "[\r][\n]"
11:50:46.682 [main] DEBUG org.apache.http.impl.conn.DefaultClientConnection - Receiving response: HTTP/1.1 200 OK
11:50:46.682 [main] DEBUG org.apache.http.headers - << HTTP/1.1 200 OK
11:50:46.682 [main] DEBUG org.apache.http.headers - << Content-Type: application/json; charset=UTF-8
11:50:46.682 [main] DEBUG org.apache.http.headers - << Vary: Origin
11:50:46.682 [main] DEBUG org.apache.http.headers - << Date: Mon, 26 Jun 2023 04:50:46 GMT
11:50:46.682 [main] DEBUG org.apache.http.headers - << Transfer-Encoding: chunked
11:50:46.682 [main] DEBUG org.apache.http.impl.client.DefaultHttpClient - Connection can be kept alive indefinitely
11:50:46.682 [main] DEBUG io.restassured.internal.RestAssuredHttpBuilder - Parsing response as: application/json; charset=UTF-8
11:50:46.682 [main] DEBUG io.restassured.internal.RestAssuredHttpBuilder - Parsed data to instance of: class org.apache.http.conn.EofSensorInputStream
11:50:46.684 [main] DEBUG org.apache.http.wire -  << "2304[\r][\n]"
11:50:46.684 [main] DEBUG org.apache.http.wire -  << "{"data":{"data":[{"ID":93,"CreatedAt":"2023-06-25T13:36:05.866Z","UpdatedAt":"2023-06-25T16:56:31.644Z","DeletedAt":null,"gambar":"C:\\fakepath\\wisata.png","judul":"article234","deskripsi":"description article"},{"ID":94,"CreatedAt":"2023-06-25T13:36:34.256Z","UpdatedAt":"2023-06-25T13:55:00.169Z","DeletedAt":null,"gambar":"C:\\fakepath\\wisata.png","judul":"Wayang Kulit Bali","deskripsi":"Wayang kulit merupakan kesenian yang ada di banyak daerah di Indonesia, tak terkecuali juga menjadi kesenian tradisional khas Bali. Pertunjukan Wayang Kulit Bali digelar dengan dua tema cerita, yakni tema hiburan dengan banyolan komedi lucu, dan tema spiritual yang sangat sakral bagi umat Hindu. Karena penyampaian cerita yang ringan dan dekat dengan masyarakat, penggemar pertunjukan ini masih menarik perhatian hingga kini. Masyarakat kelas bawah, menengah, maupun kelas atas menyukainya. Wayang Kulit Bali dimainkan oleh dalang profesional yang bercerita sambil menyenandungkan tembang khas Bali. Iringan musik dari alat-alat musik tradisional Bali membuat pertunjukan makin menarik."},{"ID":95,"CreatedAt":"2023-06-25T13:36:56.983Z","UpdatedAt":"2023-06-25T13:55:11.473Z","DeletedAt":null,"gambar":"C:\\fakepath\\wisata.png","judul":"Tari Legong","deskripsi":"Tari Legong ini biasa kita kenal dengan sebutan tari Bali. Ternyata, Tari Legong sudah ada sejak abad ke-19. Secara etimologis, kata [0xe2][0x80][0x98]Leg[0xe2][0x80][0x99] berarti luwes, sedangkan kata [0xe2][0x80][0x98]Gong[0xe2][0x80][0x99] berarti gamelan. Kesenian tradisional khas Bali ini bercerita tentang kisah cinta Raja Lasem. Gerakan luwes namun tetap dinamis dengan power yang mantap dan gerakan bola mata menjadi ciri khasnya. Penari Tari Legong menggunakan baju adat khas Bali berwarna emas dengan sentuhan warna merah, serta lengkap dengan sanggul di kepala yang berhiaskan bunga kamboja dan aksesoris kipas."},{"ID":97,"CreatedAt":"2023-06-25T13:37:22.041Z","UpdatedAt":"2023-06-25T13:55:27.599Z","DeletedAt":null,"gambar":"C:\\fakepath\\wisata.png","judul":"Tari Barong","deskripsi":"Kesenian tradisional khas Bali yang populer lainnya adalah Tari Barong. Tarian ini sangat identik dengan kebudayaan Pra-Hindu. Kostum penari dan setiap gerakannya merepresentasikan pertarungan Adharma (sifat tidak terpuji) dan Dharma (sifat terpuji). Dharma digambarkan degan kostum binatang berkaki empat. Sedangkan Adharma digambarkan dengan kostum yang memiliki dua taring runcing."},{"ID":98,"CreatedAt":"2023-06-25T13:37:42.275Z","UpdatedAt":"2023-06-25T13:55:36.208Z","DeletedAt":null,"gambar":"C:\\fakepath\\wisata.png","judul":"Drama Gong","deskripsi":"Drama Gong yang merupakan drama tradisional yang pertunjukannya"
11:50:46.689 [main] DEBUG org.apache.http.wire -  << " diiringi oleh instrument alat musik gong alias gamelan. Munculnya kesenian tradisional khas Bali ini dipengaruhi karena adanya perpaduan budaya tradisional Bali dengan budaya modern barat. Keduanya bersatu menampilkan pertunjukan bergaya klasik kontemporer. Ditambah dengan bahasa dialog yang digunakan umumnya adalah bahasa sansekerta, atau bahasa Bali klasik. Drama Gong mengambil cerita sejarah bertemakan cinta, kisah heroik, dan lain sebagainya. Hanya di hari-hari tertentu dan upacara spesial yang menyertakan pertunjukan Drama Gong ini."},{"ID":99,"CreatedAt":"2023-06-25T13:38:58.267Z","UpdatedAt":"2023-06-25T13:55:47.078Z","DeletedAt":null,"gambar":"C:\\fakepath\\wisata.png","judul":"Omed-Omedan","deskripsi":"Omed-omedan adalah salah satu tradisi masyarakat Hindu di Bali yang dilaksanakan satu hari setelah hari raya Nyepi, Ngembak Geni dimana masyarakat Bali sudah dapat beraktivitas kembali seperti biasa. Dalam bahasa Indonesia, istilah omed-omedan berarti saling tarik menarik. Acara ini dimulai dengan persembahyangan di Pura. Kemudian muda-mudi lajang dibagi menjadi pria dan wanita diarak dan dihadapkan untuk saling tarik menarik, berpelukan (gelut), cium kening, pipi ataupun bibir (diman) dan disirami air (siam).  Tradisi ini diperkirakan telah berlangsung sejak abad ke-17 yang berawal dari mas"
11:50:46.697 [main] DEBUG org.apache.http.wire -  << "yarakat kerajaan Puri Oka, Denpasar Selatan. Pada saat itu, masyarakat membuat permainan tarik menarik yang berubah menjadi saling rangkul. Tradisi ini semakin seru hingga saling cium dan siraman air dimulai. Saat ini, hanya masyarakat desa adat Sesetan yang masih menjalankan tradisi ini. Muda mudi berusia 17-30 tahun lajang yang berpartisipasi dalam acara ini menyanyikan lagu omed-omedan secara serentak diiringi oleh lenting gamelan."},{"ID":100,"CreatedAt":"2023-06-25T13:40:14.589Z","UpdatedAt":"2023-06-25T13:55:59.713Z","DeletedAt":null,"gambar":"C:\\fakepath\\wisata.png","judul":"Drama Tari Calonarang","deskripsi":"Cerita Calonarang adalah tema atau judul dalam sebuah pementasan seni tari, pementasan kesenian rakyat ini berbau magis atau mistis, Calonarang adalah tokoh yang berwajah seram dan memiliki sifat menyakiti. Cerita-cerita calonarang ini tidak tergolong hal baru, hampirs semua masyarakat luas pernah mendengar cerita tersebut. Pementasan Calonarang selain sebagai hiburan yang cukup populer dan menarik di pulau Dewata Bali. Kesenian rakyat tradisional ini bertemakan horor, tarian inipun tidak dipentaskan di sembarang tempat, dipentaskan saat-saat ada upacara pujawali, seperti dipentaskan di sebuah pura Dalem dalam sebuah desa Pakraman, pura Dalem sendiri diyakini sebagai tempat berstananya Dewa Siwa dan juga Dewi Durga sebagai yang menaungi kekuatan baik dan jahat, tarian tersebut dipentaskan dan dikemas dalam pementasan Drama Calonarang pada sebuah pura Dalem dekat kuburan dan pada tengah malam, sehingga aura mistis akan terasa sangat kental."},{"ID":101,"CreatedAt":"2023-06-25T13:41:37.735Z","UpdatedAt":"2023-06-25T13:41:37.735Z","DeletedAt":null,"gambar":"C:\\fakepath\\wisata.png","judul":"Rumah Adat Bali","deskripsi":"Rumah adat Bali dibangun dengan prinsip filosofi yang tinggi. Filosofi yang dianut disebut dengan Tri Hita Karana yaitu Parahyangan, Palemahan, dan Pawongan. Tiga aspek ini memiliki arti hubungan dengan Tuhan (Parahyangan), hubungan dengan alam / lingkungan (Palemahan) dan hubungan antar sesama manusia (Pawongan). Makanya, setiap rumah adat Bali pasti mempunyai beberapa bangunan yang berguna untuk sembahyang, tempat beristirahat dan juga tempat bercengkrama dengan sesama. Nama rumah adat Bali dibagi berdasarkan bangunan dalam rumah tersebut, di antaranya angkul-angkul, aling-aling, pura keluarga, bale manten, bale dauh, bale sekapat, bale dangin/gede, pawaragen/paon dan lumbung. Rumah adat Bali dibangun dengan menggunakan aturan asta kosala kosali. Aturan ini kurang lebih hampir sama dengan penggunaan fengsui dalam budaya Tionghoa."},{"ID":102,"CreatedAt":"2023-06-25T13:43:23.557Z","UpdatedAt":"2023-06-25T13:56:19.597Z","DeletedAt":null,"gambar":"C:\\fakepath\\wisata.png","judul":"Tari Pendet","des"
11:50:46.707 [main] DEBUG org.apache.http.wire -  << "kripsi":"Dari berbagai jenis tari daerah yang berasal dari Bali, tari pendet merupakan tarian tertua di Pulau Dewata. Tarian ini diperkirakan ada sejak tahun 1950. Awalnya tarian pendet adalah tari sembahan yang dilakukan di pura-pura umat Hindu sebagai bentuk ucapan selamat datang atas turunnya dewa ke bumi. Tarian ini merupakan hasil gubahan maestro seni tari Bali yang bernama I Wayan Rindi. I Wayang Rindi adalah seniman tari yang memiliki penguasaan gerak tari yang luar biasa. Oleh sebab itu, perkembangan dan sebaran tarian ini merupakan jasa dari beliau. Gerakan tari diambil dari pakem-pakem gerakan tarian pendet dewa atau tari pendet asli yang ditujukan untuk persembahan. Tanpa menghilangkan nilai sakral, religi dan keindahannya, I Wayan Rindi bersama rekannya bernama Ni Ketut Reneng berhasil memasukkan unsur tarian pendet dewa ke dalam tari pendet yang kita kenal saat ini. Sehingga seiring berkembangnya zaman turut pula merubah fungsi asli tari pendet. Kini tarian ini juga digunakan sebagai sarana pertunjukkan serta tarian ucapan selamat datang."},{"ID":103,"CreatedAt":"2023-06-25T13:44:32.318Z","UpdatedAt":"2023-06-25T13:56:36.042Z","DeletedAt":null,"gambar":"C:\\fakepath\\wisata.png","judul":"Ogoh-ogoh","deskripsi":"Ogoh-ogoh adalah boneka raksasa yang merupakan manifestasi Bhutakala. Dalam ajaran Hindu Dharma, Bhutakala adalah kekuatan Bhu atau alam semesta"
11:50:46.747 [main] DEBUG org.apache.http.wire -  << " dan Kala (waktu) yang tak terukur dan tak terbantahkan. Dikutip dari laman resmi Pemerintah Kabupaten Buleleng, ogoh-ogoh sendiri diambil dari sebutan ogah-ogah dari bahasa Bali yang artinya sesuatu yang digoyang-goyangkan.  Sejarah tradisi ogoh-ogoh sendiri dimulai pada tahun 1983. Tahun tersebut merupakan bagian penting dalam sejarah ogoh-ogoh di Bali, pasalnya pada tahun itu mulai dibuat wujud-wujud bhuta kala berkenaan dengan ritual Nyepi di Bali. Ketika itu ada keputusan presiden yang menyatakan Nyepi sebagai hari libur nasional. Semenjak itu masyarakat mulai membuat perwujudan onggokan yang kemudian disebut ogoh-ogoh, di beberapa tempat di Denpasar. Budaya baru ini semakin menyebar ketika ogoh-ogoh diikutkan dalam Pesta Kesenian Bali ke XII."}],"data_shown":10,"page":1,"total_data":11},"message":"Get all Artikel success","status":true}[\n]"
11:50:46.747 [main] DEBUG org.apache.http.wire -  << "[\r][\n]"
11:50:46.747 [main] DEBUG org.apache.http.wire -  << "0[\r][\n]"
11:50:46.747 [main] DEBUG org.apache.http.wire -  << "[\r][\n]"
11:50:46.747 [main] DEBUG org.apache.http.impl.conn.BasicClientConnectionManager - Releasing connection org.apache.http.impl.conn.ManagedClientConnectionImpl@71e55e48
11:50:46.747 [main] DEBUG org.apache.http.impl.conn.BasicClientConnectionManager - Connection can be kept alive indefinitely
11:50:46.752 [main] DEBUG net.thucydides.core.steps.StepInterceptor - STEP DONE: admin receive a valid login and Artikel HTTP response code 200
  &amp#27;[32mThen &amp#27;[0m&amp#27;[32madmin receive a valid login and artikel HTTP response code &amp#27;[0m&amp#27;[32m&amp#27;[1m200&amp#27;[0m &amp#27;[90m# starter.stepdefinitions.Website.artikelSteps.adminReceiveAValidLoginAndArtikelHTTPResponseCode(int)&amp#27;[0m
11:50:46.753 [main] INFO  - 
  _____   ___   ___   _____     ___     _     ___   ___   ___   ___  
 |_   _| | __| / __| |_   _|   | _ \   /_\   / __| / __| | __| |   \ 
   | |   | _|  \__ \   | |     |  _/  / _ \  \__ \ \__ \ | _|  | |) |
   |_|   |___| |___/   |_|     |_|   /_/ \_\ |___/ |___/ |___| |___/ 

As admin I can edit artikel data by ID
----------------------------------------------------------------------
]]></system-out>
  </testcase>
  <testcase name="As admin I can delete artikel data by ID" classname="As admin, I want to create, put, delete and get artikel and artikel by ID" time="0.408">
    <system-out><![CDATA[
@TCartikel04
Scenario: As admin I can delete artikel data by ID                    &amp#27;[90m# src/test/resources/Feature/Api/Website/Artikel.feature:31&amp#27;[0m
11:50:46.764 [main] INFO io.cucumber.core.plugin.SerenityReporter - Running feature from file:///Users/macbookpro/Documents/Capstone_API_CI/src/test/resources/Feature/Api/Website/Artikel.feature
11:50:46.764 [main] WARN io.cucumber.core.plugin.SerenityReporter - Feature from file:///Users/macbookpro/Documents/Capstone_API_CI/src/test/resources/Feature/Api/Website/Artikel.feature is not under the 'features' directory. Requirements report will not be correctly generated!
11:50:46.764 [main] INFO  - 
  _____   ___   ___   _____     ___   _____     _     ___   _____   ___   ___  
 |_   _| | __| / __| |_   _|   / __| |_   _|   /_\   | _ \ |_   _| | __| |   \ 
   | |   | _|  \__ \   | |     \__ \   | |    / _ \  |   /   | |   | _|  | |) |
   |_|   |___| |___/   |_|     |___/   |_|   /_/ \_\ |_|_\   |_|   |___| |___/ 

As admin I can delete artikel data by ID(as-admin--i-want-to-create--put--delete-and-get-artikel-and-artikel-by-id;as-admin-i-can-delete-artikel-data-by-id)
--------------------------------------------------------------------------------
11:50:46.767 [main] DEBUG net.thucydides.core.steps.StepInterceptor - STARTING STEP: artikelSteps.adminSetUpApiEndpointLoginInArtikelInWebsite - admin set up api endpoint login in Artikel in website
11:50:46.767 [main] DEBUG net.thucydides.core.steps.StepInterceptor - STEP DONE: admin set up api endpoint login in Artikel in website
  &amp#27;[32mGiven &amp#27;[0m&amp#27;[32madmin set up api endpoint login in artikel in website&amp#27;[0m         &amp#27;[90m# starter.stepdefinitions.Website.artikelSteps.adminSetUpApiEndpointLoginInArtikelInWebsite()&amp#27;[0m
11:50:46.768 [main] DEBUG net.thucydides.core.steps.StepInterceptor - STARTING STEP: artikelSteps.adminSendAHTTPRequestLoginInArtikelInWebsite - admin send a HTTP request login in Artikel in website
11:50:46.769 [main] DEBUG net.thucydides.core.steps.StepInterceptor - STARTING STEP: artikel.adminSendAHTTPRequestLoginInArtikelInWebsite - admin set up api endpoint login in Artikel in website
11:50:46.769 [main] DEBUG net.thucydides.core.steps.StepInterceptor - STEP DONE: admin set up api endpoint login in Artikel in website
11:50:46.771 [main] DEBUG org.apache.http.impl.conn.BasicClientConnectionManager - Get connection for route {}->http://167.172.66.247:8002
11:50:46.771 [main] DEBUG org.apache.http.impl.conn.DefaultClientConnectionOperator - Connecting to 167.172.66.247:8002
11:50:46.797 [main] DEBUG org.apache.http.client.protocol.RequestAddCookies - CookieSpec selected: ignoreCookies
11:50:46.797 [main] DEBUG org.apache.http.client.protocol.RequestAuthCache - Auth cache not set in the context
11:50:46.797 [main] DEBUG org.apache.http.client.protocol.RequestTargetAuthentication - Target auth state: UNCHALLENGED
11:50:46.797 [main] DEBUG org.apache.http.client.protocol.RequestProxyAuthentication - Proxy auth state: UNCHALLENGED
11:50:46.797 [main] DEBUG org.apache.http.impl.client.DefaultHttpClient - Attempt 1 to execute request
11:50:46.797 [main] DEBUG org.apache.http.impl.conn.DefaultClientConnection - Sending request: POST /admin_login HTTP/1.1
11:50:46.797 [main] DEBUG org.apache.http.wire -  >> "POST /admin_login HTTP/1.1[\r][\n]"
11:50:46.797 [main] DEBUG org.apache.http.wire -  >> "Accept: */*[\r][\n]"
11:50:46.797 [main] DEBUG org.apache.http.wire -  >> "Content-Type: application/json[\r][\n]"
11:50:46.797 [main] DEBUG org.apache.http.wire -  >> "Content-Length: 54[\r][\n]"
11:50:46.797 [main] DEBUG org.apache.http.wire -  >> "Host: 167.172.66.247:8002[\r][\n]"
11:50:46.797 [main] DEBUG org.apache.http.wire -  >> "Connection: Keep-Alive[\r][\n]"
11:50:46.797 [main] DEBUG org.apache.http.wire -  >> "User-Agent: Apache-HttpClient/4.5.13 (Java/17.0.7)[\r][\n]"
11:50:46.797 [main] DEBUG org.apache.http.wire -  >> "Accept-Encoding: gzip,deflate[\r][\n]"
11:50:46.797 [main] DEBUG org.apache.http.wire -  >> "[\r][\n]"
11:50:46.797 [main] DEBUG org.apache.http.headers - >> POST /admin_login HTTP/1.1
11:50:46.797 [main] DEBUG org.apache.http.headers - >> Accept: */*
11:50:46.797 [main] DEBUG org.apache.http.headers - >> Content-Type: application/json
11:50:46.797 [main] DEBUG org.apache.http.headers - >> Content-Length: 54
11:50:46.797 [main] DEBUG org.apache.http.headers - >> Host: 167.172.66.247:8002
11:50:46.797 [main] DEBUG org.apache.http.headers - >> Connection: Keep-Alive
11:50:46.797 [main] DEBUG org.apache.http.headers - >> User-Agent: Apache-HttpClient/4.5.13 (Java/17.0.7)
11:50:46.797 [main] DEBUG org.apache.http.headers - >> Accept-Encoding: gzip,deflate
11:50:46.797 [main] DEBUG org.apache.http.wire -  >> "{"password":"123456","email":"BalinkBarong@gmail.com"}"
11:50:46.867 [main] DEBUG org.apache.http.wire -  << "HTTP/1.1 200 OK[\r][\n]"
11:50:46.867 [main] DEBUG org.apache.http.wire -  << "Content-Type: application/json; charset=UTF-8[\r][\n]"
11:50:46.867 [main] DEBUG org.apache.http.wire -  << "Vary: Origin[\r][\n]"
11:50:46.867 [main] DEBUG org.apache.http.wire -  << "Date: Mon, 26 Jun 2023 04:50:47 GMT[\r][\n]"
11:50:46.867 [main] DEBUG org.apache.http.wire -  << "Content-Length: 851[\r][\n]"
11:50:46.867 [main] DEBUG org.apache.http.wire -  << "[\r][\n]"
11:50:46.867 [main] DEBUG org.apache.http.impl.conn.DefaultClientConnection - Receiving response: HTTP/1.1 200 OK
11:50:46.867 [main] DEBUG org.apache.http.headers - << HTTP/1.1 200 OK
11:50:46.867 [main] DEBUG org.apache.http.headers - << Content-Type: application/json; charset=UTF-8
11:50:46.867 [main] DEBUG org.apache.http.headers - << Vary: Origin
11:50:46.867 [main] DEBUG org.apache.http.headers - << Date: Mon, 26 Jun 2023 04:50:47 GMT
11:50:46.867 [main] DEBUG org.apache.http.headers - << Content-Length: 851
11:50:46.867 [main] DEBUG org.apache.http.impl.client.DefaultHttpClient - Connection can be kept alive indefinitely
11:50:46.867 [main] DEBUG io.restassured.internal.RestAssuredHttpBuilder - Parsing response as: application/json; charset=UTF-8
11:50:46.867 [main] DEBUG io.restassured.internal.RestAssuredHttpBuilder - Parsed data to instance of: class org.apache.http.conn.EofSensorInputStream
11:50:46.868 [main] DEBUG org.apache.http.wire -  << "{"data":{"profile_perusahaan":{"ID":1,"CreatedAt":"0001-01-01T00:00:00Z","UpdatedAt":"2023-06-25T16:52:02.995Z","DeletedAt":null,"nama":"Sean 1","deskripsi":"lorem ipsum","foto_profile":"123","email":"BalinkBarong@gmail.com","password":"123456","no_telepon":"0811111111111","whatsapp":"0811111111111","instagram":"@balink","facebook":"balink","alamat":"Kecamatan Kuta, Sebelah Selata Kota Denpasar, Bali","negara":"Indonesia","kode_pos":"16442","rekening_bca":"0","rekening_mandiri":"12345678910","rekening_bri":"12345678910","rekening_bni":"12345678910","rekening_btn":"12345678910","rekening_seabank":"0","rekening_bpd_bali":"12345678910"},"token":"eyJhbGciOiJIUzI1NiIsInR5cCI6IkpXVCJ9.eyJleHAiOjE2ODc3NzMwNDcsImlkIjoxLCJpc3MiOiJxd2VydHkiLCJuYW1lIjoiU2VhbiAxIn0.wUy4B6zQNLzFDQP6JsI3MPqvsbHJM22EvZsLAWEGtOk"},"message":"Login success","status":true}[\n]"
11:50:46.868 [main] DEBUG org.apache.http.impl.conn.BasicClientConnectionManager - Releasing connection org.apache.http.impl.conn.ManagedClientConnectionImpl@7077ae9c
11:50:46.868 [main] DEBUG org.apache.http.impl.conn.BasicClientConnectionManager - Connection can be kept alive indefinitely
11:50:46.878 [main] DEBUG net.thucydides.core.steps.StepInterceptor - STEP DONE: admin send a HTTP request login in Artikel in website
  &amp#27;[32mWhen &amp#27;[0m&amp#27;[32madmin send a HTTP request login in artikel in website&amp#27;[0m          &amp#27;[90m# starter.stepdefinitions.Website.artikelSteps.adminSendAHTTPRequestLoginInArtikelInWebsite()&amp#27;[0m
11:50:46.879 [main] DEBUG net.thucydides.core.steps.StepInterceptor - STARTING STEP: artikelSteps.adminSetTheDELETEApiEndpointArtikel - admin set the DELETE api endpoint Artikel
11:50:46.879 [main] DEBUG net.thucydides.core.steps.StepInterceptor - STEP DONE: admin set the DELETE api endpoint Artikel
  &amp#27;[32mAnd &amp#27;[0m&amp#27;[32madmin set the DELETE api endpoint artikel&amp#27;[0m                       &amp#27;[90m# starter.stepdefinitions.Website.artikelSteps.adminSetTheDELETEApiEndpointArtikel()&amp#27;[0m
11:50:46.880 [main] DEBUG net.thucydides.core.steps.StepInterceptor - STARTING STEP: artikelSteps.adminSentHTTPDELETERequestArtikelByID - admin sent HTTP DELETE request Artikel by ID
11:50:46.881 [main] DEBUG net.thucydides.core.steps.StepInterceptor - STARTING STEP: artikel.adminSentHTTPDELETERequestArtikelByID - admin set the DELETE api endpoint Artikel
11:50:46.881 [main] DEBUG net.thucydides.core.steps.StepInterceptor - STEP DONE: admin set the DELETE api endpoint Artikel
11:50:46.882 [main] DEBUG org.apache.http.impl.conn.BasicClientConnectionManager - Get connection for route {}->http://167.172.66.247:8002
11:50:46.882 [main] DEBUG org.apache.http.impl.conn.DefaultClientConnectionOperator - Connecting to 167.172.66.247:8002
11:50:46.917 [main] DEBUG org.apache.http.client.protocol.RequestAddCookies - CookieSpec selected: ignoreCookies
11:50:46.917 [main] DEBUG org.apache.http.client.protocol.RequestAuthCache - Auth cache not set in the context
11:50:46.917 [main] DEBUG org.apache.http.client.protocol.RequestTargetAuthentication - Target auth state: UNCHALLENGED
11:50:46.917 [main] DEBUG org.apache.http.client.protocol.RequestProxyAuthentication - Proxy auth state: UNCHALLENGED
11:50:46.917 [main] DEBUG org.apache.http.impl.client.DefaultHttpClient - Attempt 1 to execute request
11:50:46.917 [main] DEBUG org.apache.http.impl.conn.DefaultClientConnection - Sending request: DELETE /artikel/89 HTTP/1.1
11:50:46.917 [main] DEBUG org.apache.http.wire -  >> "DELETE /artikel/89 HTTP/1.1[\r][\n]"
11:50:46.917 [main] DEBUG org.apache.http.wire -  >> "Accept: */*[\r][\n]"
11:50:46.917 [main] DEBUG org.apache.http.wire -  >> "Host: 167.172.66.247:8002[\r][\n]"
11:50:46.917 [main] DEBUG org.apache.http.wire -  >> "Connection: Keep-Alive[\r][\n]"
11:50:46.917 [main] DEBUG org.apache.http.wire -  >> "User-Agent: Apache-HttpClient/4.5.13 (Java/17.0.7)[\r][\n]"
11:50:46.917 [main] DEBUG org.apache.http.wire -  >> "Accept-Encoding: gzip,deflate[\r][\n]"
11:50:46.917 [main] DEBUG org.apache.http.wire -  >> "[\r][\n]"
11:50:46.917 [main] DEBUG org.apache.http.headers - >> DELETE /artikel/89 HTTP/1.1
11:50:46.917 [main] DEBUG org.apache.http.headers - >> Accept: */*
11:50:46.917 [main] DEBUG org.apache.http.headers - >> Host: 167.172.66.247:8002
11:50:46.917 [main] DEBUG org.apache.http.headers - >> Connection: Keep-Alive
11:50:46.917 [main] DEBUG org.apache.http.headers - >> User-Agent: Apache-HttpClient/4.5.13 (Java/17.0.7)
11:50:46.917 [main] DEBUG org.apache.http.headers - >> Accept-Encoding: gzip,deflate
11:50:46.977 [main] DEBUG org.apache.http.wire -  << "HTTP/1.1 400 Bad Request[\r][\n]"
11:50:46.977 [main] DEBUG org.apache.http.wire -  << "Content-Type: application/json; charset=UTF-8[\r][\n]"
11:50:46.977 [main] DEBUG org.apache.http.wire -  << "Vary: Origin[\r][\n]"
11:50:46.977 [main] DEBUG org.apache.http.wire -  << "Date: Mon, 26 Jun 2023 04:50:47 GMT[\r][\n]"
11:50:46.977 [main] DEBUG org.apache.http.wire -  << "Content-Length: 39[\r][\n]"
11:50:46.977 [main] DEBUG org.apache.http.wire -  << "[\r][\n]"
11:50:46.977 [main] DEBUG org.apache.http.impl.conn.DefaultClientConnection - Receiving response: HTTP/1.1 400 Bad Request
11:50:46.977 [main] DEBUG org.apache.http.headers - << HTTP/1.1 400 Bad Request
11:50:46.977 [main] DEBUG org.apache.http.headers - << Content-Type: application/json; charset=UTF-8
11:50:46.977 [main] DEBUG org.apache.http.headers - << Vary: Origin
11:50:46.977 [main] DEBUG org.apache.http.headers - << Date: Mon, 26 Jun 2023 04:50:47 GMT
11:50:46.977 [main] DEBUG org.apache.http.headers - << Content-Length: 39
11:50:46.977 [main] DEBUG org.apache.http.impl.client.DefaultHttpClient - Connection can be kept alive indefinitely
11:50:46.977 [main] DEBUG io.restassured.internal.RestAssuredHttpBuilder - Parsing response as: application/json; charset=UTF-8
11:50:46.977 [main] DEBUG io.restassured.internal.RestAssuredHttpBuilder - Parsed data to instance of: class org.apache.http.conn.EofSensorInputStream
11:50:46.977 [main] DEBUG org.apache.http.wire -  << "{"message":"missing or malformed jwt"}[\n]"
11:50:46.977 [main] DEBUG org.apache.http.impl.conn.BasicClientConnectionManager - Releasing connection org.apache.http.impl.conn.ManagedClientConnectionImpl@1e12fdcf
11:50:46.978 [main] DEBUG org.apache.http.impl.conn.BasicClientConnectionManager - Connection can be kept alive indefinitely
11:50:46.978 [main] DEBUG net.thucydides.core.steps.StepInterceptor - STEP DONE: admin sent HTTP DELETE request Artikel by ID
  &amp#27;[32mAnd &amp#27;[0m&amp#27;[32madmin sent HTTP DELETE request artikel by ID&amp#27;[0m                    &amp#27;[90m# starter.stepdefinitions.Website.artikelSteps.adminSentHTTPDELETERequestArtikelByID()&amp#27;[0m
11:50:46.979 [main] DEBUG net.thucydides.core.steps.StepInterceptor - STARTING STEP: artikelSteps.adminReceiveAValidLoginAndArtikelHTTPResponseCode - admin receive a valid login and Artikel HTTP response code 200
11:50:46.980 [main] DEBUG net.thucydides.core.steps.StepInterceptor - STARTING STEP: artikel.adminReceiveAValidLoginAndArtikelHTTPResponseCode200 - admin set the POST api endpoint Artikel
11:50:46.980 [main] DEBUG net.thucydides.core.steps.StepInterceptor - STEP DONE: admin set the POST api endpoint Artikel
11:50:46.982 [main] DEBUG org.apache.http.impl.conn.BasicClientConnectionManager - Get connection for route {}->http://167.172.66.247:8002
11:50:46.982 [main] DEBUG org.apache.http.impl.conn.DefaultClientConnectionOperator - Connecting to 167.172.66.247:8002
11:50:47.017 [main] DEBUG org.apache.http.client.protocol.RequestAddCookies - CookieSpec selected: ignoreCookies
11:50:47.017 [main] DEBUG org.apache.http.client.protocol.RequestAuthCache - Auth cache not set in the context
11:50:47.017 [main] DEBUG org.apache.http.client.protocol.RequestProxyAuthentication - Proxy auth state: UNCHALLENGED
11:50:47.017 [main] DEBUG org.apache.http.impl.client.DefaultHttpClient - Attempt 1 to execute request
11:50:47.017 [main] DEBUG org.apache.http.impl.conn.DefaultClientConnection - Sending request: GET /artikel HTTP/1.1
11:50:47.017 [main] DEBUG org.apache.http.wire -  >> "GET /artikel HTTP/1.1[\r][\n]"
11:50:47.017 [main] DEBUG org.apache.http.wire -  >> "Authorization: Bearer eyJhbGciOiJIUzI1NiIsInR5cCI6IkpXVCJ9.eyJleHAiOjE2ODc3NzMwNDcsImlkIjoxLCJpc3MiOiJxd2VydHkiLCJuYW1lIjoiU2VhbiAxIn0.wUy4B6zQNLzFDQP6JsI3MPqvsbHJM22EvZsLAWEGtOk[\r][\n]"
11:50:47.017 [main] DEBUG org.apache.http.wire -  >> "Accept: */*[\r][\n]"
11:50:47.017 [main] DEBUG org.apache.http.wire -  >> "Host: 167.172.66.247:8002[\r][\n]"
11:50:47.017 [main] DEBUG org.apache.http.wire -  >> "Connection: Keep-Alive[\r][\n]"
11:50:47.017 [main] DEBUG org.apache.http.wire -  >> "User-Agent: Apache-HttpClient/4.5.13 (Java/17.0.7)[\r][\n]"
11:50:47.017 [main] DEBUG org.apache.http.wire -  >> "Accept-Encoding: gzip,deflate[\r][\n]"
11:50:47.017 [main] DEBUG org.apache.http.wire -  >> "[\r][\n]"
11:50:47.017 [main] DEBUG org.apache.http.headers - >> GET /artikel HTTP/1.1
11:50:47.017 [main] DEBUG org.apache.http.headers - >> Authorization: Bearer eyJhbGciOiJIUzI1NiIsInR5cCI6IkpXVCJ9.eyJleHAiOjE2ODc3NzMwNDcsImlkIjoxLCJpc3MiOiJxd2VydHkiLCJuYW1lIjoiU2VhbiAxIn0.wUy4B6zQNLzFDQP6JsI3MPqvsbHJM22EvZsLAWEGtOk
11:50:47.017 [main] DEBUG org.apache.http.headers - >> Accept: */*
11:50:47.017 [main] DEBUG org.apache.http.headers - >> Host: 167.172.66.247:8002
11:50:47.017 [main] DEBUG org.apache.http.headers - >> Connection: Keep-Alive
11:50:47.017 [main] DEBUG org.apache.http.headers - >> User-Agent: Apache-HttpClient/4.5.13 (Java/17.0.7)
11:50:47.017 [main] DEBUG org.apache.http.headers - >> Accept-Encoding: gzip,deflate
11:50:47.087 [main] DEBUG org.apache.http.wire -  << "HTTP/1.1 200 OK[\r][\n]"
11:50:47.087 [main] DEBUG org.apache.http.wire -  << "Content-Type: application/json; charset=UTF-8[\r][\n]"
11:50:47.087 [main] DEBUG org.apache.http.wire -  << "Vary: Origin[\r][\n]"
11:50:47.087 [main] DEBUG org.apache.http.wire -  << "Date: Mon, 26 Jun 2023 04:50:47 GMT[\r][\n]"
11:50:47.087 [main] DEBUG org.apache.http.wire -  << "Transfer-Encoding: chunked[\r][\n]"
11:50:47.087 [main] DEBUG org.apache.http.wire -  << "[\r][\n]"
11:50:47.087 [main] DEBUG org.apache.http.impl.conn.DefaultClientConnection - Receiving response: HTTP/1.1 200 OK
11:50:47.087 [main] DEBUG org.apache.http.headers - << HTTP/1.1 200 OK
11:50:47.087 [main] DEBUG org.apache.http.headers - << Content-Type: application/json; charset=UTF-8
11:50:47.087 [main] DEBUG org.apache.http.headers - << Vary: Origin
11:50:47.087 [main] DEBUG org.apache.http.headers - << Date: Mon, 26 Jun 2023 04:50:47 GMT
11:50:47.087 [main] DEBUG org.apache.http.headers - << Transfer-Encoding: chunked
11:50:47.087 [main] DEBUG org.apache.http.impl.client.DefaultHttpClient - Connection can be kept alive indefinitely
11:50:47.087 [main] DEBUG io.restassured.internal.RestAssuredHttpBuilder - Parsing response as: application/json; charset=UTF-8
11:50:47.087 [main] DEBUG io.restassured.internal.RestAssuredHttpBuilder - Parsed data to instance of: class org.apache.http.conn.EofSensorInputStream
11:50:47.088 [main] DEBUG org.apache.http.wire -  << "2304[\r][\n]"
11:50:47.088 [main] DEBUG org.apache.http.wire -  << "{"data":{"data":[{"ID":93,"CreatedAt":"2023-06-25T13:36:05.866Z","UpdatedAt":"2023-06-25T16:56:31.644Z","DeletedAt":null,"gambar":"C:\\fakepath\\wisata.png","judul":"article234","deskripsi":"description article"},{"ID":94,"CreatedAt":"2023-06-25T13:36:34.256Z","UpdatedAt":"2023-06-25T13:55:00.169Z","DeletedAt":null,"gambar":"C:\\fakepath\\wisata.png","judul":"Wayang Kulit Bali","deskripsi":"Wayang kulit merupakan kesenian yang ada di banyak daerah di Indonesia, tak terkecuali juga menjadi kesenian tradisional khas Bali. Pertunjukan Wayang Kulit Bali digelar dengan dua tema cerita, yakni tema hiburan dengan banyolan komedi lucu, dan tema spiritual yang sangat sakral bagi umat Hindu. Karena penyampaian cerita yang ringan dan dekat dengan masyarakat, penggemar pertunjukan ini masih menarik perhatian hingga kini. Masyarakat kelas bawah, menengah, maupun kelas atas menyukainya. Wayang Kulit Bali dimainkan oleh dalang profesional yang bercerita sambil menyenandungkan tembang khas Bali. Iringan musik dari alat-alat musik tradisional Bali membuat pertunjukan makin menarik."},{"ID":95,"CreatedAt":"2023-06-25T13:36:56.983Z","UpdatedAt":"2023-06-25T13:55:11.473Z","DeletedAt":null,"gambar":"C:\\fakepath\\wisata.png","judul":"Tari Legong","deskripsi":"Tari Legong ini biasa kita kenal dengan sebutan tari Bali. Ternyata, Tari Legong sudah ada sejak abad ke-19. Secara etimologis, kata [0xe2][0x80][0x98]Leg[0xe2][0x80][0x99] berarti luwes, sedangkan kata [0xe2][0x80][0x98]Gong[0xe2][0x80][0x99] berarti gamelan. Kesenian tradisional khas Bali ini bercerita tentang kisah cinta Raja Lasem. Gerakan luwes namun tetap dinamis dengan power yang mantap dan gerakan bola mata menjadi ciri khasnya. Penari Tari Legong menggunakan baju adat khas Bali berwarna emas dengan sentuhan warna merah, serta lengkap dengan sanggul di kepala yang berhiaskan bunga kamboja dan aksesoris kipas."},{"ID":97,"CreatedAt":"2023-06-25T13:37:22.041Z","UpdatedAt":"2023-06-25T13:55:27.599Z","DeletedAt":null,"gambar":"C:\\fakepath\\wisata.png","judul":"Tari Barong","deskripsi":"Kesenian tradisional khas Bali yang populer lainnya adalah Tari Barong. Tarian ini sangat identik dengan kebudayaan Pra-Hindu. Kostum penari dan setiap gerakannya merepresentasikan pertarungan Adharma (sifat tidak terpuji) dan Dharma (sifat terpuji). Dharma digambarkan degan kostum binatang berkaki empat. Sedangkan Adharma digambarkan dengan kostum yang memiliki dua taring runcing."},{"ID":98,"CreatedAt":"2023-06-25T13:37:42.275Z","UpdatedAt":"2023-06-25T13:55:36.208Z","DeletedAt":null,"gambar":"C:\\fakepath\\wisata.png","judul":"Drama Gong","deskripsi":"Drama Gong yang merupakan drama tradisional yang pertunjukannya"
11:50:47.098 [main] DEBUG org.apache.http.wire -  << " diiringi oleh instrument alat musik gong alias gamelan. Munculnya kesenian tradisional khas Bali ini dipengaruhi karena adanya perpaduan budaya tradisional Bali dengan budaya modern barat. Keduanya bersatu menampilkan pertunjukan bergaya klasik kontemporer. Ditambah dengan bahasa dialog yang digunakan umumnya adalah bahasa sansekerta, atau bahasa Bali klasik. Drama Gong mengambil cerita sejarah bertemakan cinta, kisah heroik, dan lain sebagainya. Hanya di hari-hari tertentu dan upacara spesial yang menyertakan pertunjukan Drama Gong ini."},{"ID":99,"CreatedAt":"2023-06-25T13:38:58.267Z","UpdatedAt":"2023-06-25T13:55:47.078Z","DeletedAt":null,"gambar":"C:\\fakepath\\wisata.png","judul":"Omed-Omedan","deskripsi":"Omed-omedan adalah salah satu tradisi masyarakat Hindu di Bali yang dilaksanakan satu hari setelah hari raya Nyepi, Ngembak Geni dimana masyarakat Bali sudah dapat beraktivitas kembali seperti biasa. Dalam bahasa Indonesia, istilah omed-omedan berarti saling tarik menarik. Acara ini dimulai dengan persembahyangan di Pura. Kemudian muda-mudi lajang dibagi menjadi pria dan wanita diarak dan dihadapkan untuk saling tarik menarik, berpelukan (gelut), cium kening, pipi ataupun bibir (diman) dan disirami air (siam).  Tradisi ini diperkirakan telah berlangsung sejak abad ke-17 yang berawal dari mas"
11:50:47.105 [main] DEBUG org.apache.http.wire -  << "yarakat kerajaan Puri Oka, Denpasar Selatan. Pada saat itu, masyarakat membuat permainan tarik menarik yang berubah menjadi saling rangkul. Tradisi ini semakin seru hingga saling cium dan siraman air dimulai. Saat ini, hanya masyarakat desa adat Sesetan yang masih menjalankan tradisi ini. Muda mudi berusia 17-30 tahun lajang yang berpartisipasi dalam acara ini menyanyikan lagu omed-omedan secara serentak diiringi oleh lenting gamelan."},{"ID":100,"CreatedAt":"2023-06-25T13:40:14.589Z","UpdatedAt":"2023-06-25T13:55:59.713Z","DeletedAt":null,"gambar":"C:\\fakepath\\wisata.png","judul":"Drama Tari Calonarang","deskripsi":"Cerita Calonarang adalah tema atau judul dalam sebuah pementasan seni tari, pementasan kesenian rakyat ini berbau magis atau mistis, Calonarang adalah tokoh yang berwajah seram dan memiliki sifat menyakiti. Cerita-cerita calonarang ini tidak tergolong hal baru, hampirs semua masyarakat luas pernah mendengar cerita tersebut. Pementasan Calonarang selain sebagai hiburan yang cukup populer dan menarik di pulau Dewata Bali. Kesenian rakyat tradisional ini bertemakan horor, tarian inipun tidak dipentaskan di sembarang tempat, dipentaskan saat-saat ada upacara pujawali, seperti dipentaskan di sebuah pura Dalem dalam sebuah desa Pakraman, pura Dalem sendiri diyakini sebagai tempat berstananya Dewa Siwa dan juga Dewi Durga sebagai yang menaungi kekuatan baik dan jahat, tarian tersebut dipentaskan dan dikemas dalam pementasan Drama Calonarang pada sebuah pura Dalem dekat kuburan dan pada tengah malam, sehingga aura mistis akan terasa sangat kental."},{"ID":101,"CreatedAt":"2023-06-25T13:41:37.735Z","UpdatedAt":"2023-06-25T13:41:37.735Z","DeletedAt":null,"gambar":"C:\\fakepath\\wisata.png","judul":"Rumah Adat Bali","deskripsi":"Rumah adat Bali dibangun dengan prinsip filosofi yang tinggi. Filosofi yang dianut disebut dengan Tri Hita Karana yaitu Parahyangan, Palemahan, dan Pawongan. Tiga aspek ini memiliki arti hubungan dengan Tuhan (Parahyangan), hubungan dengan alam / lingkungan (Palemahan) dan hubungan antar sesama manusia (Pawongan). Makanya, setiap rumah adat Bali pasti mempunyai beberapa bangunan yang berguna untuk sembahyang, tempat beristirahat dan juga tempat bercengkrama dengan sesama. Nama rumah adat Bali dibagi berdasarkan bangunan dalam rumah tersebut, di antaranya angkul-angkul, aling-aling, pura keluarga, bale manten, bale dauh, bale sekapat, bale dangin/gede, pawaragen/paon dan lumbung. Rumah adat Bali dibangun dengan menggunakan aturan asta kosala kosali. Aturan ini kurang lebih hampir sama dengan penggunaan fengsui dalam budaya Tionghoa."},{"ID":102,"CreatedAt":"2023-06-25T13:43:23.557Z","UpdatedAt":"2023-06-25T13:56:19.597Z","DeletedAt":null,"gambar":"C:\\fakepath\\wisata.png","judul":"Tari Pendet","des"
11:50:47.107 [main] DEBUG org.apache.http.wire -  << "kripsi":"Dari berbagai jenis tari daerah yang berasal dari Bali, tari pendet merupakan tarian tertua di Pulau Dewata. Tarian ini diperkirakan ada sejak tahun 1950. Awalnya tarian pendet adalah tari sembahan yang dilakukan di pura-pura umat Hindu sebagai bentuk ucapan selamat datang atas turunnya dewa ke bumi. Tarian ini merupakan hasil gubahan maestro seni tari Bali yang bernama I Wayan Rindi. I Wayang Rindi adalah seniman tari yang memiliki penguasaan gerak tari yang luar biasa. Oleh sebab itu, perkembangan dan sebaran tarian ini merupakan jasa dari beliau. Gerakan tari diambil dari pakem-pakem gerakan tarian pendet dewa atau tari pendet asli yang ditujukan untuk persembahan. Tanpa menghilangkan nilai sakral, religi dan keindahannya, I Wayan Rindi bersama rekannya bernama Ni Ketut Reneng berhasil memasukkan unsur tarian pendet dewa ke dalam tari pendet yang kita kenal saat ini. Sehingga seiring berkembangnya zaman turut pula merubah fungsi asli tari pendet. Kini tarian ini juga digunakan sebagai sarana pertunjukkan serta tarian ucapan selamat datang."},{"ID":103,"CreatedAt":"2023-06-25T13:44:32.318Z","UpdatedAt":"2023-06-25T13:56:36.042Z","DeletedAt":null,"gambar":"C:\\fakepath\\wisata.png","judul":"Ogoh-ogoh","deskripsi":"Ogoh-ogoh adalah boneka raksasa yang merupakan manifestasi Bhutakala. Dalam ajaran Hindu Dharma, Bhutakala adalah kekuatan Bhu atau alam semesta"
11:50:47.157 [main] DEBUG org.apache.http.wire -  << " dan Kala (waktu) yang tak terukur dan tak terbantahkan. Dikutip dari laman resmi Pemerintah Kabupaten Buleleng, ogoh-ogoh sendiri diambil dari sebutan ogah-ogah dari bahasa Bali yang artinya sesuatu yang digoyang-goyangkan.  Sejarah tradisi ogoh-ogoh sendiri dimulai pada tahun 1983. Tahun tersebut merupakan bagian penting dalam sejarah ogoh-ogoh di Bali, pasalnya pada tahun itu mulai dibuat wujud-wujud bhuta kala berkenaan dengan ritual Nyepi di Bali. Ketika itu ada keputusan presiden yang menyatakan Nyepi sebagai hari libur nasional. Semenjak itu masyarakat mulai membuat perwujudan onggokan yang kemudian disebut ogoh-ogoh, di beberapa tempat di Denpasar. Budaya baru ini semakin menyebar ketika ogoh-ogoh diikutkan dalam Pesta Kesenian Bali ke XII."}],"data_shown":10,"page":1,"total_data":11},"message":"Get all Artikel success","status":true}[\n]"
11:50:47.157 [main] DEBUG org.apache.http.wire -  << "[\r][\n]"
11:50:47.157 [main] DEBUG org.apache.http.wire -  << "0[\r][\n]"
11:50:47.157 [main] DEBUG org.apache.http.wire -  << "[\r][\n]"
11:50:47.157 [main] DEBUG org.apache.http.impl.conn.BasicClientConnectionManager - Releasing connection org.apache.http.impl.conn.ManagedClientConnectionImpl@20608ef4
11:50:47.157 [main] DEBUG org.apache.http.impl.conn.BasicClientConnectionManager - Connection can be kept alive indefinitely
11:50:47.160 [main] DEBUG net.thucydides.core.steps.StepInterceptor - STEP DONE: admin receive a valid login and Artikel HTTP response code 200
  &amp#27;[32mThen &amp#27;[0m&amp#27;[32madmin receive a valid login and artikel HTTP response code &amp#27;[0m&amp#27;[32m&amp#27;[1m200&amp#27;[0m &amp#27;[90m# starter.stepdefinitions.Website.artikelSteps.adminReceiveAValidLoginAndArtikelHTTPResponseCode(int)&amp#27;[0m
11:50:47.162 [main] INFO  - 
  _____   ___   ___   _____     ___     _     ___   ___   ___   ___  
 |_   _| | __| / __| |_   _|   | _ \   /_\   / __| / __| | __| |   \ 
   | |   | _|  \__ \   | |     |  _/  / _ \  \__ \ \__ \ | _|  | |) |
   |_|   |___| |___/   |_|     |_|   /_/ \_\ |___/ |___/ |___| |___/ 

As admin I can delete artikel data by ID
----------------------------------------------------------------------
]]></system-out>
  </testcase>
  <testcase name="As admin, I want to create new cart" classname="As Admin, I want to manage Shop features" time="0.368">
    <system-out><![CDATA[11:50:47.163 [main] INFO io.cucumber.core.plugin.SerenityReporter - Running feature from file:///Users/macbookpro/Documents/Capstone_API_CI/src/test/resources/Feature/Api/Website/Cart.feature
11:50:47.163 [main] WARN io.cucumber.core.plugin.SerenityReporter - Feature from file:///Users/macbookpro/Documents/Capstone_API_CI/src/test/resources/Feature/Api/Website/Cart.feature is not under the 'features' directory. Requirements report will not be correctly generated!
11:50:47.164 [main] DEBUG net.thucydides.core.steps.StepEventBus - Test suite started for story net.thucydides.core.model.Story@a08466dc
11:50:47.164 [main] INFO  - Test Suite Started: As Admin, I want to manage Shop features

@TCCART01
Scenario: As admin, I want to create new cart                      &amp#27;[90m# src/test/resources/Feature/Api/Website/Cart.feature:4&amp#27;[0m
11:50:47.175 [main] INFO io.cucumber.core.plugin.SerenityReporter - Running feature from file:///Users/macbookpro/Documents/Capstone_API_CI/src/test/resources/Feature/Api/Website/Cart.feature
11:50:47.175 [main] WARN io.cucumber.core.plugin.SerenityReporter - Feature from file:///Users/macbookpro/Documents/Capstone_API_CI/src/test/resources/Feature/Api/Website/Cart.feature is not under the 'features' directory. Requirements report will not be correctly generated!
11:50:47.176 [main] INFO  - 
  _____   ___   ___   _____     ___   _____     _     ___   _____   ___   ___  
 |_   _| | __| / __| |_   _|   / __| |_   _|   /_\   | _ \ |_   _| | __| |   \ 
   | |   | _|  \__ \   | |     \__ \   | |    / _ \  |   /   | |   | _|  | |) |
   |_|   |___| |___/   |_|     |___/   |_|   /_/ \_\ |_|_\   |_|   |___| |___/ 

As admin, I want to create new cart(as-admin--i-want-to-manage-shop-features;as-admin--i-want-to-create-new-cart)
--------------------------------------------------------------------------------
11:50:47.185 [main] DEBUG net.thucydides.core.steps.StepInterceptor - STARTING STEP: cartSteps.adminSetUpApiEndpointLoginIncartInWebsite - admin set up api endpoint login in Cart in website
11:50:47.185 [main] DEBUG net.thucydides.core.steps.StepInterceptor - STEP DONE: admin set up api endpoint login in Cart in website
  &amp#27;[32mGiven &amp#27;[0m&amp#27;[32madmin set up api endpoint login in cart in website&amp#27;[0m         &amp#27;[90m# starter.stepdefinitions.Website.cartSteps.adminSetUpApiEndpointLoginIncartInWebsite()&amp#27;[0m
11:50:47.186 [main] DEBUG net.thucydides.core.steps.StepInterceptor - STARTING STEP: cartSteps.adminSendAHTTPRequestLoginIncartInWebsite - admin send a HTTP request login in Cart in website
11:50:47.186 [main] DEBUG net.thucydides.core.steps.StepInterceptor - STARTING STEP: cart.adminSendAHTTPRequestLoginInCartInWebsite - admin set up api endpoint login in Cart in website
11:50:47.186 [main] DEBUG net.thucydides.core.steps.StepInterceptor - STEP DONE: admin set up api endpoint login in Cart in website
11:50:47.188 [main] DEBUG org.apache.http.impl.conn.BasicClientConnectionManager - Get connection for route {}->http://167.172.66.247:8002
11:50:47.189 [main] DEBUG org.apache.http.impl.conn.DefaultClientConnectionOperator - Connecting to 167.172.66.247:8002
11:50:47.237 [main] DEBUG org.apache.http.client.protocol.RequestAddCookies - CookieSpec selected: ignoreCookies
11:50:47.237 [main] DEBUG org.apache.http.client.protocol.RequestAuthCache - Auth cache not set in the context
11:50:47.237 [main] DEBUG org.apache.http.client.protocol.RequestTargetAuthentication - Target auth state: UNCHALLENGED
11:50:47.237 [main] DEBUG org.apache.http.client.protocol.RequestProxyAuthentication - Proxy auth state: UNCHALLENGED
11:50:47.237 [main] DEBUG org.apache.http.impl.client.DefaultHttpClient - Attempt 1 to execute request
11:50:47.237 [main] DEBUG org.apache.http.impl.conn.DefaultClientConnection - Sending request: POST /admin_login HTTP/1.1
11:50:47.237 [main] DEBUG org.apache.http.wire -  >> "POST /admin_login HTTP/1.1[\r][\n]"
11:50:47.237 [main] DEBUG org.apache.http.wire -  >> "Accept: */*[\r][\n]"
11:50:47.237 [main] DEBUG org.apache.http.wire -  >> "Content-Type: application/json[\r][\n]"
11:50:47.237 [main] DEBUG org.apache.http.wire -  >> "Content-Length: 54[\r][\n]"
11:50:47.237 [main] DEBUG org.apache.http.wire -  >> "Host: 167.172.66.247:8002[\r][\n]"
11:50:47.237 [main] DEBUG org.apache.http.wire -  >> "Connection: Keep-Alive[\r][\n]"
11:50:47.237 [main] DEBUG org.apache.http.wire -  >> "User-Agent: Apache-HttpClient/4.5.13 (Java/17.0.7)[\r][\n]"
11:50:47.237 [main] DEBUG org.apache.http.wire -  >> "Accept-Encoding: gzip,deflate[\r][\n]"
11:50:47.237 [main] DEBUG org.apache.http.wire -  >> "[\r][\n]"
11:50:47.237 [main] DEBUG org.apache.http.headers - >> POST /admin_login HTTP/1.1
11:50:47.237 [main] DEBUG org.apache.http.headers - >> Accept: */*
11:50:47.237 [main] DEBUG org.apache.http.headers - >> Content-Type: application/json
11:50:47.237 [main] DEBUG org.apache.http.headers - >> Content-Length: 54
11:50:47.237 [main] DEBUG org.apache.http.headers - >> Host: 167.172.66.247:8002
11:50:47.237 [main] DEBUG org.apache.http.headers - >> Connection: Keep-Alive
11:50:47.237 [main] DEBUG org.apache.http.headers - >> User-Agent: Apache-HttpClient/4.5.13 (Java/17.0.7)
11:50:47.237 [main] DEBUG org.apache.http.headers - >> Accept-Encoding: gzip,deflate
11:50:47.237 [main] DEBUG org.apache.http.wire -  >> "{"password":"123456","email":"BalinkBarong@gmail.com"}"
11:50:47.297 [main] DEBUG org.apache.http.wire -  << "HTTP/1.1 200 OK[\r][\n]"
11:50:47.297 [main] DEBUG org.apache.http.wire -  << "Content-Type: application/json; charset=UTF-8[\r][\n]"
11:50:47.297 [main] DEBUG org.apache.http.wire -  << "Vary: Origin[\r][\n]"
11:50:47.297 [main] DEBUG org.apache.http.wire -  << "Date: Mon, 26 Jun 2023 04:50:47 GMT[\r][\n]"
11:50:47.297 [main] DEBUG org.apache.http.wire -  << "Content-Length: 851[\r][\n]"
11:50:47.297 [main] DEBUG org.apache.http.wire -  << "[\r][\n]"
11:50:47.297 [main] DEBUG org.apache.http.impl.conn.DefaultClientConnection - Receiving response: HTTP/1.1 200 OK
11:50:47.297 [main] DEBUG org.apache.http.headers - << HTTP/1.1 200 OK
11:50:47.297 [main] DEBUG org.apache.http.headers - << Content-Type: application/json; charset=UTF-8
11:50:47.297 [main] DEBUG org.apache.http.headers - << Vary: Origin
11:50:47.297 [main] DEBUG org.apache.http.headers - << Date: Mon, 26 Jun 2023 04:50:47 GMT
11:50:47.297 [main] DEBUG org.apache.http.headers - << Content-Length: 851
11:50:47.297 [main] DEBUG org.apache.http.impl.client.DefaultHttpClient - Connection can be kept alive indefinitely
11:50:47.297 [main] DEBUG io.restassured.internal.RestAssuredHttpBuilder - Parsing response as: application/json; charset=UTF-8
11:50:47.297 [main] DEBUG io.restassured.internal.RestAssuredHttpBuilder - Parsed data to instance of: class org.apache.http.conn.EofSensorInputStream
11:50:47.298 [main] DEBUG org.apache.http.wire -  << "{"data":{"profile_perusahaan":{"ID":1,"CreatedAt":"0001-01-01T00:00:00Z","UpdatedAt":"2023-06-25T16:52:02.995Z","DeletedAt":null,"nama":"Sean 1","deskripsi":"lorem ipsum","foto_profile":"123","email":"BalinkBarong@gmail.com","password":"123456","no_telepon":"0811111111111","whatsapp":"0811111111111","instagram":"@balink","facebook":"balink","alamat":"Kecamatan Kuta, Sebelah Selata Kota Denpasar, Bali","negara":"Indonesia","kode_pos":"16442","rekening_bca":"0","rekening_mandiri":"12345678910","rekening_bri":"12345678910","rekening_bni":"12345678910","rekening_btn":"12345678910","rekening_seabank":"0","rekening_bpd_bali":"12345678910"},"token":"eyJhbGciOiJIUzI1NiIsInR5cCI6IkpXVCJ9.eyJleHAiOjE2ODc3NzMwNDcsImlkIjoxLCJpc3MiOiJxd2VydHkiLCJuYW1lIjoiU2VhbiAxIn0.wUy4B6zQNLzFDQP6JsI3MPqvsbHJM22EvZsLAWEGtOk"},"message":"Login success","status":true}[\n]"
11:50:47.298 [main] DEBUG org.apache.http.impl.conn.BasicClientConnectionManager - Releasing connection org.apache.http.impl.conn.ManagedClientConnectionImpl@2daa5092
11:50:47.298 [main] DEBUG org.apache.http.impl.conn.BasicClientConnectionManager - Connection can be kept alive indefinitely
11:50:47.304 [main] DEBUG net.thucydides.core.steps.StepInterceptor - STEP DONE: admin send a HTTP request login in Cart in website
  &amp#27;[32mWhen &amp#27;[0m&amp#27;[32madmin send a HTTP request login in cart in website&amp#27;[0m          &amp#27;[90m# starter.stepdefinitions.Website.cartSteps.adminSendAHTTPRequestLoginIncartInWebsite()&amp#27;[0m
11:50:47.305 [main] DEBUG net.thucydides.core.steps.StepInterceptor - STARTING STEP: cartSteps.adminSetThePOSTApiEndpointcart - admin set the POST api endpoint Cart
11:50:47.305 [main] DEBUG net.thucydides.core.steps.StepInterceptor - STEP DONE: admin set the POST api endpoint Cart
  &amp#27;[32mAnd &amp#27;[0m&amp#27;[32madmin set the POST api endpoint cart&amp#27;[0m                         &amp#27;[90m# starter.stepdefinitions.Website.cartSteps.adminSetThePOSTApiEndpointcart()&amp#27;[0m
11:50:47.306 [main] DEBUG net.thucydides.core.steps.StepInterceptor - STARTING STEP: cartSteps.adminSentHTTPPOSTRequestPostcart - admin sent HTTP POST request post Cart
11:50:47.306 [main] DEBUG net.thucydides.core.steps.StepInterceptor - STARTING STEP: cart.adminSentHTTPPOSTRequestPostCart - admin set the POST api endpoint Cart
11:50:47.306 [main] DEBUG net.thucydides.core.steps.StepInterceptor - STEP DONE: admin set the POST api endpoint Cart
11:50:47.308 [main] DEBUG org.apache.http.impl.conn.BasicClientConnectionManager - Get connection for route {}->http://167.172.66.247:8002
11:50:47.308 [main] DEBUG org.apache.http.impl.conn.DefaultClientConnectionOperator - Connecting to 167.172.66.247:8002
11:50:47.347 [main] DEBUG org.apache.http.client.protocol.RequestAddCookies - CookieSpec selected: ignoreCookies
11:50:47.347 [main] DEBUG org.apache.http.client.protocol.RequestAuthCache - Auth cache not set in the context
11:50:47.347 [main] DEBUG org.apache.http.client.protocol.RequestTargetAuthentication - Target auth state: UNCHALLENGED
11:50:47.347 [main] DEBUG org.apache.http.client.protocol.RequestProxyAuthentication - Proxy auth state: UNCHALLENGED
11:50:47.347 [main] DEBUG org.apache.http.impl.client.DefaultHttpClient - Attempt 1 to execute request
11:50:47.347 [main] DEBUG org.apache.http.impl.conn.DefaultClientConnection - Sending request: POST /keranjang HTTP/1.1
11:50:47.347 [main] DEBUG org.apache.http.wire -  >> "POST /keranjang HTTP/1.1[\r][\n]"
11:50:47.347 [main] DEBUG org.apache.http.wire -  >> "Accept: */*[\r][\n]"
11:50:47.347 [main] DEBUG org.apache.http.wire -  >> "Content-Type: application/json[\r][\n]"
11:50:47.347 [main] DEBUG org.apache.http.wire -  >> "Content-Length: 45[\r][\n]"
11:50:47.347 [main] DEBUG org.apache.http.wire -  >> "Host: 167.172.66.247:8002[\r][\n]"
11:50:47.347 [main] DEBUG org.apache.http.wire -  >> "Connection: Keep-Alive[\r][\n]"
11:50:47.347 [main] DEBUG org.apache.http.wire -  >> "User-Agent: Apache-HttpClient/4.5.13 (Java/17.0.7)[\r][\n]"
11:50:47.347 [main] DEBUG org.apache.http.wire -  >> "Accept-Encoding: gzip,deflate[\r][\n]"
11:50:47.347 [main] DEBUG org.apache.http.wire -  >> "[\r][\n]"
11:50:47.347 [main] DEBUG org.apache.http.headers - >> POST /keranjang HTTP/1.1
11:50:47.347 [main] DEBUG org.apache.http.headers - >> Accept: */*
11:50:47.347 [main] DEBUG org.apache.http.headers - >> Content-Type: application/json
11:50:47.347 [main] DEBUG org.apache.http.headers - >> Content-Length: 45
11:50:47.347 [main] DEBUG org.apache.http.headers - >> Host: 167.172.66.247:8002
11:50:47.347 [main] DEBUG org.apache.http.headers - >> Connection: Keep-Alive
11:50:47.347 [main] DEBUG org.apache.http.headers - >> User-Agent: Apache-HttpClient/4.5.13 (Java/17.0.7)
11:50:47.347 [main] DEBUG org.apache.http.headers - >> Accept-Encoding: gzip,deflate
11:50:47.347 [main] DEBUG org.apache.http.wire -  >> "{"jumlah":"2","admin_id":"2","produk_id":"1"}"
11:50:47.407 [main] DEBUG org.apache.http.wire -  << "HTTP/1.1 400 Bad Request[\r][\n]"
11:50:47.407 [main] DEBUG org.apache.http.wire -  << "Content-Type: application/json; charset=UTF-8[\r][\n]"
11:50:47.407 [main] DEBUG org.apache.http.wire -  << "Vary: Origin[\r][\n]"
11:50:47.407 [main] DEBUG org.apache.http.wire -  << "Date: Mon, 26 Jun 2023 04:50:47 GMT[\r][\n]"
11:50:47.407 [main] DEBUG org.apache.http.wire -  << "Content-Length: 39[\r][\n]"
11:50:47.407 [main] DEBUG org.apache.http.wire -  << "[\r][\n]"
11:50:47.407 [main] DEBUG org.apache.http.impl.conn.DefaultClientConnection - Receiving response: HTTP/1.1 400 Bad Request
11:50:47.407 [main] DEBUG org.apache.http.headers - << HTTP/1.1 400 Bad Request
11:50:47.407 [main] DEBUG org.apache.http.headers - << Content-Type: application/json; charset=UTF-8
11:50:47.407 [main] DEBUG org.apache.http.headers - << Vary: Origin
11:50:47.407 [main] DEBUG org.apache.http.headers - << Date: Mon, 26 Jun 2023 04:50:47 GMT
11:50:47.407 [main] DEBUG org.apache.http.headers - << Content-Length: 39
11:50:47.407 [main] DEBUG org.apache.http.impl.client.DefaultHttpClient - Connection can be kept alive indefinitely
11:50:47.407 [main] DEBUG io.restassured.internal.RestAssuredHttpBuilder - Parsing response as: application/json; charset=UTF-8
11:50:47.407 [main] DEBUG io.restassured.internal.RestAssuredHttpBuilder - Parsed data to instance of: class org.apache.http.conn.EofSensorInputStream
11:50:47.408 [main] DEBUG org.apache.http.wire -  << "{"message":"missing or malformed jwt"}[\n]"
11:50:47.408 [main] DEBUG org.apache.http.impl.conn.BasicClientConnectionManager - Releasing connection org.apache.http.impl.conn.ManagedClientConnectionImpl@6bbac73d
11:50:47.408 [main] DEBUG org.apache.http.impl.conn.BasicClientConnectionManager - Connection can be kept alive indefinitely
11:50:47.408 [main] DEBUG net.thucydides.core.steps.StepInterceptor - STEP DONE: admin sent HTTP POST request post Cart
  &amp#27;[32mAnd &amp#27;[0m&amp#27;[32madmin sent HTTP POST request post cart&amp#27;[0m                       &amp#27;[90m# starter.stepdefinitions.Website.cartSteps.adminSentHTTPPOSTRequestPostcart()&amp#27;[0m
11:50:47.410 [main] DEBUG net.thucydides.core.steps.StepInterceptor - STARTING STEP: cartSteps.adminReceiveAValidLoginAndcartHTTPResponseCode - admin receive a valid login and Cart HTTP response code 200
11:50:47.411 [main] DEBUG net.thucydides.core.steps.StepInterceptor - STARTING STEP: cart.adminReceiveAValidLoginAndCartHTTPResponseCode200 - admin set the POST api endpoint Cart
11:50:47.411 [main] DEBUG net.thucydides.core.steps.StepInterceptor - STEP DONE: admin set the POST api endpoint Cart
11:50:47.414 [main] DEBUG org.apache.http.impl.conn.BasicClientConnectionManager - Get connection for route {}->http://167.172.66.247:8002
11:50:47.414 [main] DEBUG org.apache.http.impl.conn.DefaultClientConnectionOperator - Connecting to 167.172.66.247:8002
11:50:47.467 [main] DEBUG org.apache.http.client.protocol.RequestAddCookies - CookieSpec selected: ignoreCookies
11:50:47.467 [main] DEBUG org.apache.http.client.protocol.RequestAuthCache - Auth cache not set in the context
11:50:47.467 [main] DEBUG org.apache.http.client.protocol.RequestProxyAuthentication - Proxy auth state: UNCHALLENGED
11:50:47.467 [main] DEBUG org.apache.http.impl.client.DefaultHttpClient - Attempt 1 to execute request
11:50:47.467 [main] DEBUG org.apache.http.impl.conn.DefaultClientConnection - Sending request: GET /keranjang HTTP/1.1
11:50:47.467 [main] DEBUG org.apache.http.wire -  >> "GET /keranjang HTTP/1.1[\r][\n]"
11:50:47.467 [main] DEBUG org.apache.http.wire -  >> "Authorization: Bearer eyJhbGciOiJIUzI1NiIsInR5cCI6IkpXVCJ9.eyJleHAiOjE2ODc3NzMwNDcsImlkIjoxLCJpc3MiOiJxd2VydHkiLCJuYW1lIjoiU2VhbiAxIn0.wUy4B6zQNLzFDQP6JsI3MPqvsbHJM22EvZsLAWEGtOk[\r][\n]"
11:50:47.467 [main] DEBUG org.apache.http.wire -  >> "Accept: */*[\r][\n]"
11:50:47.467 [main] DEBUG org.apache.http.wire -  >> "Host: 167.172.66.247:8002[\r][\n]"
11:50:47.467 [main] DEBUG org.apache.http.wire -  >> "Connection: Keep-Alive[\r][\n]"
11:50:47.467 [main] DEBUG org.apache.http.wire -  >> "User-Agent: Apache-HttpClient/4.5.13 (Java/17.0.7)[\r][\n]"
11:50:47.467 [main] DEBUG org.apache.http.wire -  >> "Accept-Encoding: gzip,deflate[\r][\n]"
11:50:47.467 [main] DEBUG org.apache.http.wire -  >> "[\r][\n]"
11:50:47.467 [main] DEBUG org.apache.http.headers - >> GET /keranjang HTTP/1.1
11:50:47.467 [main] DEBUG org.apache.http.headers - >> Authorization: Bearer eyJhbGciOiJIUzI1NiIsInR5cCI6IkpXVCJ9.eyJleHAiOjE2ODc3NzMwNDcsImlkIjoxLCJpc3MiOiJxd2VydHkiLCJuYW1lIjoiU2VhbiAxIn0.wUy4B6zQNLzFDQP6JsI3MPqvsbHJM22EvZsLAWEGtOk
11:50:47.467 [main] DEBUG org.apache.http.headers - >> Accept: */*
11:50:47.467 [main] DEBUG org.apache.http.headers - >> Host: 167.172.66.247:8002
11:50:47.467 [main] DEBUG org.apache.http.headers - >> Connection: Keep-Alive
11:50:47.467 [main] DEBUG org.apache.http.headers - >> User-Agent: Apache-HttpClient/4.5.13 (Java/17.0.7)
11:50:47.467 [main] DEBUG org.apache.http.headers - >> Accept-Encoding: gzip,deflate
11:50:47.527 [main] DEBUG org.apache.http.wire -  << "HTTP/1.1 200 OK[\r][\n]"
11:50:47.528 [main] DEBUG org.apache.http.wire -  << "Content-Type: application/json; charset=UTF-8[\r][\n]"
11:50:47.528 [main] DEBUG org.apache.http.wire -  << "Vary: Origin[\r][\n]"
11:50:47.528 [main] DEBUG org.apache.http.wire -  << "Date: Mon, 26 Jun 2023 04:50:47 GMT[\r][\n]"
11:50:47.528 [main] DEBUG org.apache.http.wire -  << "Content-Length: 1409[\r][\n]"
11:50:47.528 [main] DEBUG org.apache.http.wire -  << "[\r][\n]"
11:50:47.528 [main] DEBUG org.apache.http.impl.conn.DefaultClientConnection - Receiving response: HTTP/1.1 200 OK
11:50:47.528 [main] DEBUG org.apache.http.headers - << HTTP/1.1 200 OK
11:50:47.528 [main] DEBUG org.apache.http.headers - << Content-Type: application/json; charset=UTF-8
11:50:47.528 [main] DEBUG org.apache.http.headers - << Vary: Origin
11:50:47.528 [main] DEBUG org.apache.http.headers - << Date: Mon, 26 Jun 2023 04:50:47 GMT
11:50:47.528 [main] DEBUG org.apache.http.headers - << Content-Length: 1409
11:50:47.528 [main] DEBUG org.apache.http.impl.client.DefaultHttpClient - Connection can be kept alive indefinitely
11:50:47.528 [main] DEBUG io.restassured.internal.RestAssuredHttpBuilder - Parsing response as: application/json; charset=UTF-8
11:50:47.528 [main] DEBUG io.restassured.internal.RestAssuredHttpBuilder - Parsed data to instance of: class org.apache.http.conn.EofSensorInputStream
11:50:47.529 [main] DEBUG org.apache.http.wire -  << "{"data":{"data":[{"ID":2,"CreatedAt":"2023-06-21T02:31:53.624Z","UpdatedAt":"2023-06-21T02:31:53.624Z","DeletedAt":null,"user_id":"2","produk_id":"1","jumlah":2},{"ID":3,"CreatedAt":"2023-06-21T02:32:55.069Z","UpdatedAt":"2023-06-21T02:32:55.069Z","DeletedAt":null,"user_id":"4","produk_id":"3","jumlah":1},{"ID":4,"CreatedAt":"2023-06-21T02:33:12.24Z","UpdatedAt":"2023-06-21T02:33:12.24Z","DeletedAt":null,"user_id":"4","produk_id":"7","jumlah":1},{"ID":5,"CreatedAt":"2023-06-21T02:33:26.618Z","UpdatedAt":"2023-06-21T02:33:26.618Z","DeletedAt":null,"user_id":"4","produk_id":"2","jumlah":1},{"ID":6,"CreatedAt":"2023-06-23T05:35:36.811Z","UpdatedAt":"2023-06-23T05:35:36.811Z","DeletedAt":null,"user_id":"2","produk_id":"1","jumlah":2},{"ID":7,"CreatedAt":"2023-06-23T06:16:25.785Z","UpdatedAt":"2023-06-23T06:16:25.785Z","DeletedAt":null,"user_id":"2","produk_id":"1","jumlah":2},{"ID":8,"CreatedAt":"2023-06-23T18:55:07.318Z","UpdatedAt":"2023-06-23T18:55:07.318Z","DeletedAt":null,"user_id":"2","produk_id":"1","jumlah":2},{"ID":9,"CreatedAt":"2023-06-24T06:00:36Z","UpdatedAt":"2023-06-24T06:00:36Z","DeletedAt":null,"user_id":"2","produk_id":"1","jumlah":2},{"ID":10,"CreatedAt":"2023-06-25T17:53:00.862Z","UpdatedAt":"2023-06-25T17:53:00.862Z","DeletedAt":null,"user_id":"101","produk_id":"5","jumlah":1}],"data_shown":9,"page":1,"total_data":9},"message":"Get all Keranjang success","status":true}[\n]"
11:50:47.529 [main] DEBUG org.apache.http.impl.conn.BasicClientConnectionManager - Releasing connection org.apache.http.impl.conn.ManagedClientConnectionImpl@47cf922d
11:50:47.529 [main] DEBUG org.apache.http.impl.conn.BasicClientConnectionManager - Connection can be kept alive indefinitely
11:50:47.531 [main] DEBUG net.thucydides.core.steps.StepInterceptor - STEP DONE: admin receive a valid login and Cart HTTP response code 200
  &amp#27;[32mThen &amp#27;[0m&amp#27;[32madmin receive a valid login and cart HTTP response code &amp#27;[0m&amp#27;[32m&amp#27;[1m200&amp#27;[0m &amp#27;[90m# starter.stepdefinitions.Website.cartSteps.adminReceiveAValidLoginAndcartHTTPResponseCode(int)&amp#27;[0m
11:50:47.532 [main] INFO  - 
  _____   ___   ___   _____     ___     _     ___   ___   ___   ___  
 |_   _| | __| / __| |_   _|   | _ \   /_\   / __| / __| | __| |   \ 
   | |   | _|  \__ \   | |     |  _/  / _ \  \__ \ \__ \ | _|  | |) |
   |_|   |___| |___/   |_|     |_|   /_/ \_\ |___/ |___/ |___| |___/ 

As admin, I want to create new cart
----------------------------------------------------------------------
]]></system-out>
  </testcase>
  <testcase name="As admin, I can get all cart data" classname="As Admin, I want to manage Shop features" time="0.359">
    <system-out><![CDATA[
@TCCART02
Scenario: As admin, I can get all cart data                        &amp#27;[90m# src/test/resources/Feature/Api/Website/Cart.feature:13&amp#27;[0m
11:50:47.544 [main] INFO io.cucumber.core.plugin.SerenityReporter - Running feature from file:///Users/macbookpro/Documents/Capstone_API_CI/src/test/resources/Feature/Api/Website/Cart.feature
11:50:47.544 [main] WARN io.cucumber.core.plugin.SerenityReporter - Feature from file:///Users/macbookpro/Documents/Capstone_API_CI/src/test/resources/Feature/Api/Website/Cart.feature is not under the 'features' directory. Requirements report will not be correctly generated!
11:50:47.544 [main] INFO  - 
  _____   ___   ___   _____     ___   _____     _     ___   _____   ___   ___  
 |_   _| | __| / __| |_   _|   / __| |_   _|   /_\   | _ \ |_   _| | __| |   \ 
   | |   | _|  \__ \   | |     \__ \   | |    / _ \  |   /   | |   | _|  | |) |
   |_|   |___| |___/   |_|     |___/   |_|   /_/ \_\ |_|_\   |_|   |___| |___/ 

As admin, I can get all cart data(as-admin--i-want-to-manage-shop-features;as-admin--i-can-get-all-cart-data)
--------------------------------------------------------------------------------
11:50:47.547 [main] DEBUG net.thucydides.core.steps.StepInterceptor - STARTING STEP: cartSteps.adminSetUpApiEndpointLoginIncartInWebsite - admin set up api endpoint login in Cart in website
11:50:47.547 [main] DEBUG net.thucydides.core.steps.StepInterceptor - STEP DONE: admin set up api endpoint login in Cart in website
  &amp#27;[32mGiven &amp#27;[0m&amp#27;[32madmin set up api endpoint login in cart in website&amp#27;[0m         &amp#27;[90m# starter.stepdefinitions.Website.cartSteps.adminSetUpApiEndpointLoginIncartInWebsite()&amp#27;[0m
11:50:47.548 [main] DEBUG net.thucydides.core.steps.StepInterceptor - STARTING STEP: cartSteps.adminSendAHTTPRequestLoginIncartInWebsite - admin send a HTTP request login in Cart in website
11:50:47.548 [main] DEBUG net.thucydides.core.steps.StepInterceptor - STARTING STEP: cart.adminSendAHTTPRequestLoginInCartInWebsite - admin set up api endpoint login in Cart in website
11:50:47.548 [main] DEBUG net.thucydides.core.steps.StepInterceptor - STEP DONE: admin set up api endpoint login in Cart in website
11:50:47.550 [main] DEBUG org.apache.http.impl.conn.BasicClientConnectionManager - Get connection for route {}->http://167.172.66.247:8002
11:50:47.550 [main] DEBUG org.apache.http.impl.conn.DefaultClientConnectionOperator - Connecting to 167.172.66.247:8002
11:50:47.587 [main] DEBUG org.apache.http.client.protocol.RequestAddCookies - CookieSpec selected: ignoreCookies
11:50:47.587 [main] DEBUG org.apache.http.client.protocol.RequestAuthCache - Auth cache not set in the context
11:50:47.587 [main] DEBUG org.apache.http.client.protocol.RequestTargetAuthentication - Target auth state: UNCHALLENGED
11:50:47.587 [main] DEBUG org.apache.http.client.protocol.RequestProxyAuthentication - Proxy auth state: UNCHALLENGED
11:50:47.587 [main] DEBUG org.apache.http.impl.client.DefaultHttpClient - Attempt 1 to execute request
11:50:47.587 [main] DEBUG org.apache.http.impl.conn.DefaultClientConnection - Sending request: POST /admin_login HTTP/1.1
11:50:47.587 [main] DEBUG org.apache.http.wire -  >> "POST /admin_login HTTP/1.1[\r][\n]"
11:50:47.587 [main] DEBUG org.apache.http.wire -  >> "Accept: */*[\r][\n]"
11:50:47.587 [main] DEBUG org.apache.http.wire -  >> "Content-Type: application/json[\r][\n]"
11:50:47.587 [main] DEBUG org.apache.http.wire -  >> "Content-Length: 54[\r][\n]"
11:50:47.587 [main] DEBUG org.apache.http.wire -  >> "Host: 167.172.66.247:8002[\r][\n]"
11:50:47.587 [main] DEBUG org.apache.http.wire -  >> "Connection: Keep-Alive[\r][\n]"
11:50:47.587 [main] DEBUG org.apache.http.wire -  >> "User-Agent: Apache-HttpClient/4.5.13 (Java/17.0.7)[\r][\n]"
11:50:47.587 [main] DEBUG org.apache.http.wire -  >> "Accept-Encoding: gzip,deflate[\r][\n]"
11:50:47.587 [main] DEBUG org.apache.http.wire -  >> "[\r][\n]"
11:50:47.587 [main] DEBUG org.apache.http.headers - >> POST /admin_login HTTP/1.1
11:50:47.587 [main] DEBUG org.apache.http.headers - >> Accept: */*
11:50:47.587 [main] DEBUG org.apache.http.headers - >> Content-Type: application/json
11:50:47.587 [main] DEBUG org.apache.http.headers - >> Content-Length: 54
11:50:47.587 [main] DEBUG org.apache.http.headers - >> Host: 167.172.66.247:8002
11:50:47.587 [main] DEBUG org.apache.http.headers - >> Connection: Keep-Alive
11:50:47.587 [main] DEBUG org.apache.http.headers - >> User-Agent: Apache-HttpClient/4.5.13 (Java/17.0.7)
11:50:47.587 [main] DEBUG org.apache.http.headers - >> Accept-Encoding: gzip,deflate
11:50:47.587 [main] DEBUG org.apache.http.wire -  >> "{"password":"123456","email":"BalinkBarong@gmail.com"}"
11:50:47.657 [main] DEBUG org.apache.http.wire -  << "HTTP/1.1 200 OK[\r][\n]"
11:50:47.657 [main] DEBUG org.apache.http.wire -  << "Content-Type: application/json; charset=UTF-8[\r][\n]"
11:50:47.657 [main] DEBUG org.apache.http.wire -  << "Vary: Origin[\r][\n]"
11:50:47.657 [main] DEBUG org.apache.http.wire -  << "Date: Mon, 26 Jun 2023 04:50:47 GMT[\r][\n]"
11:50:47.657 [main] DEBUG org.apache.http.wire -  << "Content-Length: 851[\r][\n]"
11:50:47.657 [main] DEBUG org.apache.http.wire -  << "[\r][\n]"
11:50:47.657 [main] DEBUG org.apache.http.impl.conn.DefaultClientConnection - Receiving response: HTTP/1.1 200 OK
11:50:47.657 [main] DEBUG org.apache.http.headers - << HTTP/1.1 200 OK
11:50:47.657 [main] DEBUG org.apache.http.headers - << Content-Type: application/json; charset=UTF-8
11:50:47.657 [main] DEBUG org.apache.http.headers - << Vary: Origin
11:50:47.657 [main] DEBUG org.apache.http.headers - << Date: Mon, 26 Jun 2023 04:50:47 GMT
11:50:47.657 [main] DEBUG org.apache.http.headers - << Content-Length: 851
11:50:47.657 [main] DEBUG org.apache.http.impl.client.DefaultHttpClient - Connection can be kept alive indefinitely
11:50:47.657 [main] DEBUG io.restassured.internal.RestAssuredHttpBuilder - Parsing response as: application/json; charset=UTF-8
11:50:47.657 [main] DEBUG io.restassured.internal.RestAssuredHttpBuilder - Parsed data to instance of: class org.apache.http.conn.EofSensorInputStream
11:50:47.658 [main] DEBUG org.apache.http.wire -  << "{"data":{"profile_perusahaan":{"ID":1,"CreatedAt":"0001-01-01T00:00:00Z","UpdatedAt":"2023-06-25T16:52:02.995Z","DeletedAt":null,"nama":"Sean 1","deskripsi":"lorem ipsum","foto_profile":"123","email":"BalinkBarong@gmail.com","password":"123456","no_telepon":"0811111111111","whatsapp":"0811111111111","instagram":"@balink","facebook":"balink","alamat":"Kecamatan Kuta, Sebelah Selata Kota Denpasar, Bali","negara":"Indonesia","kode_pos":"16442","rekening_bca":"0","rekening_mandiri":"12345678910","rekening_bri":"12345678910","rekening_bni":"12345678910","rekening_btn":"12345678910","rekening_seabank":"0","rekening_bpd_bali":"12345678910"},"token":"eyJhbGciOiJIUzI1NiIsInR5cCI6IkpXVCJ9.eyJleHAiOjE2ODc3NzMwNDcsImlkIjoxLCJpc3MiOiJxd2VydHkiLCJuYW1lIjoiU2VhbiAxIn0.wUy4B6zQNLzFDQP6JsI3MPqvsbHJM22EvZsLAWEGtOk"},"message":"Login success","status":true}[\n]"
11:50:47.658 [main] DEBUG org.apache.http.impl.conn.BasicClientConnectionManager - Releasing connection org.apache.http.impl.conn.ManagedClientConnectionImpl@f09c282
11:50:47.658 [main] DEBUG org.apache.http.impl.conn.BasicClientConnectionManager - Connection can be kept alive indefinitely
11:50:47.666 [main] DEBUG net.thucydides.core.steps.StepInterceptor - STEP DONE: admin send a HTTP request login in Cart in website
  &amp#27;[32mWhen &amp#27;[0m&amp#27;[32madmin send a HTTP request login in cart in website&amp#27;[0m          &amp#27;[90m# starter.stepdefinitions.Website.cartSteps.adminSendAHTTPRequestLoginIncartInWebsite()&amp#27;[0m
11:50:47.667 [main] DEBUG net.thucydides.core.steps.StepInterceptor - STARTING STEP: cartSteps.adminSetTheGETApiEndpointcart - admin set the GET api endpoint Cart
11:50:47.667 [main] DEBUG net.thucydides.core.steps.StepInterceptor - STEP DONE: admin set the GET api endpoint Cart
  &amp#27;[32mAnd &amp#27;[0m&amp#27;[32madmin set the GET api endpoint cart&amp#27;[0m                          &amp#27;[90m# starter.stepdefinitions.Website.cartSteps.adminSetTheGETApiEndpointcart()&amp#27;[0m
11:50:47.668 [main] DEBUG net.thucydides.core.steps.StepInterceptor - STARTING STEP: cartSteps.adminSentHTTPGETRequestGetcartByID - admin sent HTTP GET request get Cart by ID
11:50:47.668 [main] DEBUG net.thucydides.core.steps.StepInterceptor - STARTING STEP: cart.adminSentHTTPGETRequestGetCartByID - admin set the GET api endpoint Cart
11:50:47.668 [main] DEBUG net.thucydides.core.steps.StepInterceptor - STEP DONE: admin set the GET api endpoint Cart
11:50:47.670 [main] DEBUG org.apache.http.impl.conn.BasicClientConnectionManager - Get connection for route {}->http://167.172.66.247:8002
11:50:47.670 [main] DEBUG org.apache.http.impl.conn.DefaultClientConnectionOperator - Connecting to 167.172.66.247:8002
11:50:47.717 [main] DEBUG org.apache.http.client.protocol.RequestAddCookies - CookieSpec selected: ignoreCookies
11:50:47.717 [main] DEBUG org.apache.http.client.protocol.RequestAuthCache - Auth cache not set in the context
11:50:47.717 [main] DEBUG org.apache.http.client.protocol.RequestTargetAuthentication - Target auth state: UNCHALLENGED
11:50:47.717 [main] DEBUG org.apache.http.client.protocol.RequestProxyAuthentication - Proxy auth state: UNCHALLENGED
11:50:47.717 [main] DEBUG org.apache.http.impl.client.DefaultHttpClient - Attempt 1 to execute request
11:50:47.717 [main] DEBUG org.apache.http.impl.conn.DefaultClientConnection - Sending request: GET /keranjang?page=1&limit=5&order=desc HTTP/1.1
11:50:47.717 [main] DEBUG org.apache.http.wire -  >> "GET /keranjang?page=1&limit=5&order=desc HTTP/1.1[\r][\n]"
11:50:47.717 [main] DEBUG org.apache.http.wire -  >> "Accept: */*[\r][\n]"
11:50:47.717 [main] DEBUG org.apache.http.wire -  >> "Host: 167.172.66.247:8002[\r][\n]"
11:50:47.717 [main] DEBUG org.apache.http.wire -  >> "Connection: Keep-Alive[\r][\n]"
11:50:47.717 [main] DEBUG org.apache.http.wire -  >> "User-Agent: Apache-HttpClient/4.5.13 (Java/17.0.7)[\r][\n]"
11:50:47.717 [main] DEBUG org.apache.http.wire -  >> "Accept-Encoding: gzip,deflate[\r][\n]"
11:50:47.717 [main] DEBUG org.apache.http.wire -  >> "[\r][\n]"
11:50:47.717 [main] DEBUG org.apache.http.headers - >> GET /keranjang?page=1&limit=5&order=desc HTTP/1.1
11:50:47.717 [main] DEBUG org.apache.http.headers - >> Accept: */*
11:50:47.717 [main] DEBUG org.apache.http.headers - >> Host: 167.172.66.247:8002
11:50:47.717 [main] DEBUG org.apache.http.headers - >> Connection: Keep-Alive
11:50:47.717 [main] DEBUG org.apache.http.headers - >> User-Agent: Apache-HttpClient/4.5.13 (Java/17.0.7)
11:50:47.717 [main] DEBUG org.apache.http.headers - >> Accept-Encoding: gzip,deflate
11:50:47.777 [main] DEBUG org.apache.http.wire -  << "HTTP/1.1 400 Bad Request[\r][\n]"
11:50:47.777 [main] DEBUG org.apache.http.wire -  << "Content-Type: application/json; charset=UTF-8[\r][\n]"
11:50:47.777 [main] DEBUG org.apache.http.wire -  << "Vary: Origin[\r][\n]"
11:50:47.777 [main] DEBUG org.apache.http.wire -  << "Date: Mon, 26 Jun 2023 04:50:47 GMT[\r][\n]"
11:50:47.777 [main] DEBUG org.apache.http.wire -  << "Content-Length: 39[\r][\n]"
11:50:47.777 [main] DEBUG org.apache.http.wire -  << "[\r][\n]"
11:50:47.777 [main] DEBUG org.apache.http.impl.conn.DefaultClientConnection - Receiving response: HTTP/1.1 400 Bad Request
11:50:47.777 [main] DEBUG org.apache.http.headers - << HTTP/1.1 400 Bad Request
11:50:47.777 [main] DEBUG org.apache.http.headers - << Content-Type: application/json; charset=UTF-8
11:50:47.777 [main] DEBUG org.apache.http.headers - << Vary: Origin
11:50:47.777 [main] DEBUG org.apache.http.headers - << Date: Mon, 26 Jun 2023 04:50:47 GMT
11:50:47.777 [main] DEBUG org.apache.http.headers - << Content-Length: 39
11:50:47.777 [main] DEBUG org.apache.http.impl.client.DefaultHttpClient - Connection can be kept alive indefinitely
11:50:47.777 [main] DEBUG io.restassured.internal.RestAssuredHttpBuilder - Parsing response as: application/json; charset=UTF-8
11:50:47.777 [main] DEBUG io.restassured.internal.RestAssuredHttpBuilder - Parsed data to instance of: class org.apache.http.conn.EofSensorInputStream
11:50:47.779 [main] DEBUG org.apache.http.wire -  << "{"message":"missing or malformed jwt"}[\n]"
11:50:47.779 [main] DEBUG org.apache.http.impl.conn.BasicClientConnectionManager - Releasing connection org.apache.http.impl.conn.ManagedClientConnectionImpl@2c3d0ff8
11:50:47.779 [main] DEBUG org.apache.http.impl.conn.BasicClientConnectionManager - Connection can be kept alive indefinitely
11:50:47.780 [main] DEBUG net.thucydides.core.steps.StepInterceptor - STEP DONE: admin sent HTTP GET request get Cart by ID
  &amp#27;[32mAnd &amp#27;[0m&amp#27;[32madmin sent HTTP GET request get cart by ID&amp#27;[0m                   &amp#27;[90m# starter.stepdefinitions.Website.cartSteps.adminSentHTTPGETRequestGetcartByID()&amp#27;[0m
11:50:47.782 [main] DEBUG net.thucydides.core.steps.StepInterceptor - STARTING STEP: cartSteps.adminReceiveAValidLoginAndcartHTTPResponseCode - admin receive a valid login and Cart HTTP response code 200
11:50:47.783 [main] DEBUG net.thucydides.core.steps.StepInterceptor - STARTING STEP: cart.adminReceiveAValidLoginAndCartHTTPResponseCode200 - admin set the POST api endpoint Cart
11:50:47.783 [main] DEBUG net.thucydides.core.steps.StepInterceptor - STEP DONE: admin set the POST api endpoint Cart
11:50:47.785 [main] DEBUG org.apache.http.impl.conn.BasicClientConnectionManager - Get connection for route {}->http://167.172.66.247:8002
11:50:47.785 [main] DEBUG org.apache.http.impl.conn.DefaultClientConnectionOperator - Connecting to 167.172.66.247:8002
11:50:47.817 [main] DEBUG org.apache.http.client.protocol.RequestAddCookies - CookieSpec selected: ignoreCookies
11:50:47.817 [main] DEBUG org.apache.http.client.protocol.RequestAuthCache - Auth cache not set in the context
11:50:47.817 [main] DEBUG org.apache.http.client.protocol.RequestProxyAuthentication - Proxy auth state: UNCHALLENGED
11:50:47.817 [main] DEBUG org.apache.http.impl.client.DefaultHttpClient - Attempt 1 to execute request
11:50:47.817 [main] DEBUG org.apache.http.impl.conn.DefaultClientConnection - Sending request: GET /keranjang HTTP/1.1
11:50:47.817 [main] DEBUG org.apache.http.wire -  >> "GET /keranjang HTTP/1.1[\r][\n]"
11:50:47.817 [main] DEBUG org.apache.http.wire -  >> "Authorization: Bearer eyJhbGciOiJIUzI1NiIsInR5cCI6IkpXVCJ9.eyJleHAiOjE2ODc3NzMwNDcsImlkIjoxLCJpc3MiOiJxd2VydHkiLCJuYW1lIjoiU2VhbiAxIn0.wUy4B6zQNLzFDQP6JsI3MPqvsbHJM22EvZsLAWEGtOk[\r][\n]"
11:50:47.817 [main] DEBUG org.apache.http.wire -  >> "Accept: */*[\r][\n]"
11:50:47.817 [main] DEBUG org.apache.http.wire -  >> "Host: 167.172.66.247:8002[\r][\n]"
11:50:47.817 [main] DEBUG org.apache.http.wire -  >> "Connection: Keep-Alive[\r][\n]"
11:50:47.817 [main] DEBUG org.apache.http.wire -  >> "User-Agent: Apache-HttpClient/4.5.13 (Java/17.0.7)[\r][\n]"
11:50:47.817 [main] DEBUG org.apache.http.wire -  >> "Accept-Encoding: gzip,deflate[\r][\n]"
11:50:47.817 [main] DEBUG org.apache.http.wire -  >> "[\r][\n]"
11:50:47.817 [main] DEBUG org.apache.http.headers - >> GET /keranjang HTTP/1.1
11:50:47.817 [main] DEBUG org.apache.http.headers - >> Authorization: Bearer eyJhbGciOiJIUzI1NiIsInR5cCI6IkpXVCJ9.eyJleHAiOjE2ODc3NzMwNDcsImlkIjoxLCJpc3MiOiJxd2VydHkiLCJuYW1lIjoiU2VhbiAxIn0.wUy4B6zQNLzFDQP6JsI3MPqvsbHJM22EvZsLAWEGtOk
11:50:47.817 [main] DEBUG org.apache.http.headers - >> Accept: */*
11:50:47.817 [main] DEBUG org.apache.http.headers - >> Host: 167.172.66.247:8002
11:50:47.817 [main] DEBUG org.apache.http.headers - >> Connection: Keep-Alive
11:50:47.817 [main] DEBUG org.apache.http.headers - >> User-Agent: Apache-HttpClient/4.5.13 (Java/17.0.7)
11:50:47.817 [main] DEBUG org.apache.http.headers - >> Accept-Encoding: gzip,deflate
11:50:47.887 [main] DEBUG org.apache.http.wire -  << "HTTP/1.1 200 OK[\r][\n]"
11:50:47.887 [main] DEBUG org.apache.http.wire -  << "Content-Type: application/json; charset=UTF-8[\r][\n]"
11:50:47.887 [main] DEBUG org.apache.http.wire -  << "Vary: Origin[\r][\n]"
11:50:47.887 [main] DEBUG org.apache.http.wire -  << "Date: Mon, 26 Jun 2023 04:50:48 GMT[\r][\n]"
11:50:47.887 [main] DEBUG org.apache.http.wire -  << "Content-Length: 1409[\r][\n]"
11:50:47.887 [main] DEBUG org.apache.http.wire -  << "[\r][\n]"
11:50:47.887 [main] DEBUG org.apache.http.impl.conn.DefaultClientConnection - Receiving response: HTTP/1.1 200 OK
11:50:47.887 [main] DEBUG org.apache.http.headers - << HTTP/1.1 200 OK
11:50:47.887 [main] DEBUG org.apache.http.headers - << Content-Type: application/json; charset=UTF-8
11:50:47.887 [main] DEBUG org.apache.http.headers - << Vary: Origin
11:50:47.887 [main] DEBUG org.apache.http.headers - << Date: Mon, 26 Jun 2023 04:50:48 GMT
11:50:47.887 [main] DEBUG org.apache.http.headers - << Content-Length: 1409
11:50:47.887 [main] DEBUG org.apache.http.impl.client.DefaultHttpClient - Connection can be kept alive indefinitely
11:50:47.887 [main] DEBUG io.restassured.internal.RestAssuredHttpBuilder - Parsing response as: application/json; charset=UTF-8
11:50:47.887 [main] DEBUG io.restassured.internal.RestAssuredHttpBuilder - Parsed data to instance of: class org.apache.http.conn.EofSensorInputStream
11:50:47.889 [main] DEBUG org.apache.http.wire -  << "{"data":{"data":[{"ID":2,"CreatedAt":"2023-06-21T02:31:53.624Z","UpdatedAt":"2023-06-21T02:31:53.624Z","DeletedAt":null,"user_id":"2","produk_id":"1","jumlah":2},{"ID":3,"CreatedAt":"2023-06-21T02:32:55.069Z","UpdatedAt":"2023-06-21T02:32:55.069Z","DeletedAt":null,"user_id":"4","produk_id":"3","jumlah":1},{"ID":4,"CreatedAt":"2023-06-21T02:33:12.24Z","UpdatedAt":"2023-06-21T02:33:12.24Z","DeletedAt":null,"user_id":"4","produk_id":"7","jumlah":1},{"ID":5,"CreatedAt":"2023-06-21T02:33:26.618Z","UpdatedAt":"2023-06-21T02:33:26.618Z","DeletedAt":null,"user_id":"4","produk_id":"2","jumlah":1},{"ID":6,"CreatedAt":"2023-06-23T05:35:36.811Z","UpdatedAt":"2023-06-23T05:35:36.811Z","DeletedAt":null,"user_id":"2","produk_id":"1","jumlah":2},{"ID":7,"CreatedAt":"2023-06-23T06:16:25.785Z","UpdatedAt":"2023-06-23T06:16:25.785Z","DeletedAt":null,"user_id":"2","produk_id":"1","jumlah":2},{"ID":8,"CreatedAt":"2023-06-23T18:55:07.318Z","UpdatedAt":"2023-06-23T18:55:07.318Z","DeletedAt":null,"user_id":"2","produk_id":"1","jumlah":2},{"ID":9,"CreatedAt":"2023-06-24T06:00:36Z","UpdatedAt":"2023-06-24T06:00:36Z","DeletedAt":null,"user_id":"2","produk_id":"1","jumlah":2},{"ID":10,"CreatedAt":"2023-06-25T17:53:00.862Z","UpdatedAt":"2023-06-25T17:53:00.862Z","DeletedAt":null,"user_id":"101","produk_id":"5","jumlah":1}],"data_shown":9,"page":1,"total_data":9},"message":"Get all Keranjang success","status":true}[\n]"
11:50:47.889 [main] DEBUG org.apache.http.impl.conn.BasicClientConnectionManager - Releasing connection org.apache.http.impl.conn.ManagedClientConnectionImpl@4bd1b07d
11:50:47.889 [main] DEBUG org.apache.http.impl.conn.BasicClientConnectionManager - Connection can be kept alive indefinitely
11:50:47.890 [main] DEBUG net.thucydides.core.steps.StepInterceptor - STEP DONE: admin receive a valid login and Cart HTTP response code 200
  &amp#27;[32mThen &amp#27;[0m&amp#27;[32madmin receive a valid login and cart HTTP response code &amp#27;[0m&amp#27;[32m&amp#27;[1m200&amp#27;[0m &amp#27;[90m# starter.stepdefinitions.Website.cartSteps.adminReceiveAValidLoginAndcartHTTPResponseCode(int)&amp#27;[0m
11:50:47.892 [main] INFO  - 
  _____   ___   ___   _____     ___     _     ___   ___   ___   ___  
 |_   _| | __| / __| |_   _|   | _ \   /_\   / __| / __| | __| |   \ 
   | |   | _|  \__ \   | |     |  _/  / _ \  \__ \ \__ \ | _|  | |) |
   |_|   |___| |___/   |_|     |_|   /_/ \_\ |___/ |___/ |___| |___/ 

As admin, I can get all cart data
----------------------------------------------------------------------
]]></system-out>
  </testcase>
  <testcase name="As admin, I can edit cart data by ID" classname="As Admin, I want to manage Shop features" time="0.356">
    <system-out><![CDATA[
@TCCART03
Scenario: As admin, I can edit cart data by ID                     &amp#27;[90m# src/test/resources/Feature/Api/Website/Cart.feature:22&amp#27;[0m
11:50:47.904 [main] INFO io.cucumber.core.plugin.SerenityReporter - Running feature from file:///Users/macbookpro/Documents/Capstone_API_CI/src/test/resources/Feature/Api/Website/Cart.feature
11:50:47.904 [main] WARN io.cucumber.core.plugin.SerenityReporter - Feature from file:///Users/macbookpro/Documents/Capstone_API_CI/src/test/resources/Feature/Api/Website/Cart.feature is not under the 'features' directory. Requirements report will not be correctly generated!
11:50:47.905 [main] INFO  - 
  _____   ___   ___   _____     ___   _____     _     ___   _____   ___   ___  
 |_   _| | __| / __| |_   _|   / __| |_   _|   /_\   | _ \ |_   _| | __| |   \ 
   | |   | _|  \__ \   | |     \__ \   | |    / _ \  |   /   | |   | _|  | |) |
   |_|   |___| |___/   |_|     |___/   |_|   /_/ \_\ |_|_\   |_|   |___| |___/ 

As admin, I can edit cart data by ID(as-admin--i-want-to-manage-shop-features;as-admin--i-can-edit-cart-data-by-id)
--------------------------------------------------------------------------------
11:50:47.907 [main] DEBUG net.thucydides.core.steps.StepInterceptor - STARTING STEP: cartSteps.adminSetUpApiEndpointLoginIncartInWebsite - admin set up api endpoint login in Cart in website
11:50:47.907 [main] DEBUG net.thucydides.core.steps.StepInterceptor - STEP DONE: admin set up api endpoint login in Cart in website
  &amp#27;[32mGiven &amp#27;[0m&amp#27;[32madmin set up api endpoint login in cart in website&amp#27;[0m         &amp#27;[90m# starter.stepdefinitions.Website.cartSteps.adminSetUpApiEndpointLoginIncartInWebsite()&amp#27;[0m
11:50:47.908 [main] DEBUG net.thucydides.core.steps.StepInterceptor - STARTING STEP: cartSteps.adminSendAHTTPRequestLoginIncartInWebsite - admin send a HTTP request login in Cart in website
11:50:47.908 [main] DEBUG net.thucydides.core.steps.StepInterceptor - STARTING STEP: cart.adminSendAHTTPRequestLoginInCartInWebsite - admin set up api endpoint login in Cart in website
11:50:47.909 [main] DEBUG net.thucydides.core.steps.StepInterceptor - STEP DONE: admin set up api endpoint login in Cart in website
11:50:47.911 [main] DEBUG org.apache.http.impl.conn.BasicClientConnectionManager - Get connection for route {}->http://167.172.66.247:8002
11:50:47.911 [main] DEBUG org.apache.http.impl.conn.DefaultClientConnectionOperator - Connecting to 167.172.66.247:8002
11:50:47.947 [main] DEBUG org.apache.http.client.protocol.RequestAddCookies - CookieSpec selected: ignoreCookies
11:50:47.947 [main] DEBUG org.apache.http.client.protocol.RequestAuthCache - Auth cache not set in the context
11:50:47.947 [main] DEBUG org.apache.http.client.protocol.RequestTargetAuthentication - Target auth state: UNCHALLENGED
11:50:47.947 [main] DEBUG org.apache.http.client.protocol.RequestProxyAuthentication - Proxy auth state: UNCHALLENGED
11:50:47.947 [main] DEBUG org.apache.http.impl.client.DefaultHttpClient - Attempt 1 to execute request
11:50:47.947 [main] DEBUG org.apache.http.impl.conn.DefaultClientConnection - Sending request: POST /admin_login HTTP/1.1
11:50:47.947 [main] DEBUG org.apache.http.wire -  >> "POST /admin_login HTTP/1.1[\r][\n]"
11:50:47.947 [main] DEBUG org.apache.http.wire -  >> "Accept: */*[\r][\n]"
11:50:47.947 [main] DEBUG org.apache.http.wire -  >> "Content-Type: application/json[\r][\n]"
11:50:47.947 [main] DEBUG org.apache.http.wire -  >> "Content-Length: 54[\r][\n]"
11:50:47.947 [main] DEBUG org.apache.http.wire -  >> "Host: 167.172.66.247:8002[\r][\n]"
11:50:47.947 [main] DEBUG org.apache.http.wire -  >> "Connection: Keep-Alive[\r][\n]"
11:50:47.947 [main] DEBUG org.apache.http.wire -  >> "User-Agent: Apache-HttpClient/4.5.13 (Java/17.0.7)[\r][\n]"
11:50:47.947 [main] DEBUG org.apache.http.wire -  >> "Accept-Encoding: gzip,deflate[\r][\n]"
11:50:47.947 [main] DEBUG org.apache.http.wire -  >> "[\r][\n]"
11:50:47.947 [main] DEBUG org.apache.http.headers - >> POST /admin_login HTTP/1.1
11:50:47.947 [main] DEBUG org.apache.http.headers - >> Accept: */*
11:50:47.947 [main] DEBUG org.apache.http.headers - >> Content-Type: application/json
11:50:47.947 [main] DEBUG org.apache.http.headers - >> Content-Length: 54
11:50:47.947 [main] DEBUG org.apache.http.headers - >> Host: 167.172.66.247:8002
11:50:47.947 [main] DEBUG org.apache.http.headers - >> Connection: Keep-Alive
11:50:47.947 [main] DEBUG org.apache.http.headers - >> User-Agent: Apache-HttpClient/4.5.13 (Java/17.0.7)
11:50:47.947 [main] DEBUG org.apache.http.headers - >> Accept-Encoding: gzip,deflate
11:50:47.947 [main] DEBUG org.apache.http.wire -  >> "{"password":"123456","email":"BalinkBarong@gmail.com"}"
11:50:48.017 [main] DEBUG org.apache.http.wire -  << "HTTP/1.1 200 OK[\r][\n]"
11:50:48.017 [main] DEBUG org.apache.http.wire -  << "Content-Type: application/json; charset=UTF-8[\r][\n]"
11:50:48.017 [main] DEBUG org.apache.http.wire -  << "Vary: Origin[\r][\n]"
11:50:48.017 [main] DEBUG org.apache.http.wire -  << "Date: Mon, 26 Jun 2023 04:50:48 GMT[\r][\n]"
11:50:48.017 [main] DEBUG org.apache.http.wire -  << "Content-Length: 851[\r][\n]"
11:50:48.017 [main] DEBUG org.apache.http.wire -  << "[\r][\n]"
11:50:48.017 [main] DEBUG org.apache.http.impl.conn.DefaultClientConnection - Receiving response: HTTP/1.1 200 OK
11:50:48.017 [main] DEBUG org.apache.http.headers - << HTTP/1.1 200 OK
11:50:48.017 [main] DEBUG org.apache.http.headers - << Content-Type: application/json; charset=UTF-8
11:50:48.017 [main] DEBUG org.apache.http.headers - << Vary: Origin
11:50:48.017 [main] DEBUG org.apache.http.headers - << Date: Mon, 26 Jun 2023 04:50:48 GMT
11:50:48.017 [main] DEBUG org.apache.http.headers - << Content-Length: 851
11:50:48.017 [main] DEBUG org.apache.http.impl.client.DefaultHttpClient - Connection can be kept alive indefinitely
11:50:48.017 [main] DEBUG io.restassured.internal.RestAssuredHttpBuilder - Parsing response as: application/json; charset=UTF-8
11:50:48.017 [main] DEBUG io.restassured.internal.RestAssuredHttpBuilder - Parsed data to instance of: class org.apache.http.conn.EofSensorInputStream
11:50:48.017 [main] DEBUG org.apache.http.wire -  << "{"data":{"profile_perusahaan":{"ID":1,"CreatedAt":"0001-01-01T00:00:00Z","UpdatedAt":"2023-06-25T16:52:02.995Z","DeletedAt":null,"nama":"Sean 1","deskripsi":"lorem ipsum","foto_profile":"123","email":"BalinkBarong@gmail.com","password":"123456","no_telepon":"0811111111111","whatsapp":"0811111111111","instagram":"@balink","facebook":"balink","alamat":"Kecamatan Kuta, Sebelah Selata Kota Denpasar, Bali","negara":"Indonesia","kode_pos":"16442","rekening_bca":"0","rekening_mandiri":"12345678910","rekening_bri":"12345678910","rekening_bni":"12345678910","rekening_btn":"12345678910","rekening_seabank":"0","rekening_bpd_bali":"12345678910"},"token":"eyJhbGciOiJIUzI1NiIsInR5cCI6IkpXVCJ9.eyJleHAiOjE2ODc3NzMwNDgsImlkIjoxLCJpc3MiOiJxd2VydHkiLCJuYW1lIjoiU2VhbiAxIn0.mqtk-mMJ1Oul5CywjCQRKjgt5iFYFedjwngeyL3a7JE"},"message":"Login success","status":true}[\n]"
11:50:48.017 [main] DEBUG org.apache.http.impl.conn.BasicClientConnectionManager - Releasing connection org.apache.http.impl.conn.ManagedClientConnectionImpl@51b2b3e6
11:50:48.017 [main] DEBUG org.apache.http.impl.conn.BasicClientConnectionManager - Connection can be kept alive indefinitely
11:50:48.021 [main] DEBUG net.thucydides.core.steps.StepInterceptor - STEP DONE: admin send a HTTP request login in Cart in website
  &amp#27;[32mWhen &amp#27;[0m&amp#27;[32madmin send a HTTP request login in cart in website&amp#27;[0m          &amp#27;[90m# starter.stepdefinitions.Website.cartSteps.adminSendAHTTPRequestLoginIncartInWebsite()&amp#27;[0m
11:50:48.022 [main] DEBUG net.thucydides.core.steps.StepInterceptor - STARTING STEP: cartSteps.adminSetThePUTApiEndpointcart - admin set the PUT api endpoint Cart
11:50:48.022 [main] DEBUG net.thucydides.core.steps.StepInterceptor - STEP DONE: admin set the PUT api endpoint Cart
  &amp#27;[32mAnd &amp#27;[0m&amp#27;[32madmin set the PUT api endpoint cart&amp#27;[0m                          &amp#27;[90m# starter.stepdefinitions.Website.cartSteps.adminSetThePUTApiEndpointcart()&amp#27;[0m
11:50:48.023 [main] DEBUG net.thucydides.core.steps.StepInterceptor - STARTING STEP: cartSteps.adminSentHTTPPUTRequestcartByID - admin sent HTTP PUT request Cart by ID
11:50:48.024 [main] DEBUG net.thucydides.core.steps.StepInterceptor - STARTING STEP: cart.adminSentHTTPPUTRequestCartByID - admin set the PUT api endpoint Cart
11:50:48.024 [main] DEBUG net.thucydides.core.steps.StepInterceptor - STEP DONE: admin set the PUT api endpoint Cart
11:50:48.025 [main] DEBUG org.apache.http.impl.conn.BasicClientConnectionManager - Get connection for route {}->http://167.172.66.247:8002
11:50:48.025 [main] DEBUG org.apache.http.impl.conn.DefaultClientConnectionOperator - Connecting to 167.172.66.247:8002
11:50:48.077 [main] DEBUG org.apache.http.client.protocol.RequestAddCookies - CookieSpec selected: ignoreCookies
11:50:48.077 [main] DEBUG org.apache.http.client.protocol.RequestAuthCache - Auth cache not set in the context
11:50:48.077 [main] DEBUG org.apache.http.client.protocol.RequestTargetAuthentication - Target auth state: UNCHALLENGED
11:50:48.077 [main] DEBUG org.apache.http.client.protocol.RequestProxyAuthentication - Proxy auth state: UNCHALLENGED
11:50:48.077 [main] DEBUG org.apache.http.impl.client.DefaultHttpClient - Attempt 1 to execute request
11:50:48.077 [main] DEBUG org.apache.http.impl.conn.DefaultClientConnection - Sending request: PUT /keranjang/1 HTTP/1.1
11:50:48.077 [main] DEBUG org.apache.http.wire -  >> "PUT /keranjang/1 HTTP/1.1[\r][\n]"
11:50:48.077 [main] DEBUG org.apache.http.wire -  >> "Accept: */*[\r][\n]"
11:50:48.077 [main] DEBUG org.apache.http.wire -  >> "Content-Type: application/json[\r][\n]"
11:50:48.077 [main] DEBUG org.apache.http.wire -  >> "Content-Length: 81[\r][\n]"
11:50:48.077 [main] DEBUG org.apache.http.wire -  >> "Host: 167.172.66.247:8002[\r][\n]"
11:50:48.077 [main] DEBUG org.apache.http.wire -  >> "Connection: Keep-Alive[\r][\n]"
11:50:48.077 [main] DEBUG org.apache.http.wire -  >> "User-Agent: Apache-HttpClient/4.5.13 (Java/17.0.7)[\r][\n]"
11:50:48.077 [main] DEBUG org.apache.http.wire -  >> "Accept-Encoding: gzip,deflate[\r][\n]"
11:50:48.077 [main] DEBUG org.apache.http.wire -  >> "[\r][\n]"
11:50:48.077 [main] DEBUG org.apache.http.headers - >> PUT /keranjang/1 HTTP/1.1
11:50:48.077 [main] DEBUG org.apache.http.headers - >> Accept: */*
11:50:48.077 [main] DEBUG org.apache.http.headers - >> Content-Type: application/json
11:50:48.077 [main] DEBUG org.apache.http.headers - >> Content-Length: 81
11:50:48.077 [main] DEBUG org.apache.http.headers - >> Host: 167.172.66.247:8002
11:50:48.077 [main] DEBUG org.apache.http.headers - >> Connection: Keep-Alive
11:50:48.077 [main] DEBUG org.apache.http.headers - >> User-Agent: Apache-HttpClient/4.5.13 (Java/17.0.7)
11:50:48.077 [main] DEBUG org.apache.http.headers - >> Accept-Encoding: gzip,deflate
11:50:48.077 [main] DEBUG org.apache.http.wire -  >> "[[\n]"
11:50:48.077 [main] DEBUG org.apache.http.wire -  >> "{"nama":"Perhiasan 2","deskripsi":"Aksessoris Cantik dan berkualitas tinggi"}[\n]"
11:50:48.077 [main] DEBUG org.apache.http.wire -  >> "]"
11:50:48.137 [main] DEBUG org.apache.http.wire -  << "HTTP/1.1 400 Bad Request[\r][\n]"
11:50:48.137 [main] DEBUG org.apache.http.wire -  << "Content-Type: application/json; charset=UTF-8[\r][\n]"
11:50:48.137 [main] DEBUG org.apache.http.wire -  << "Vary: Origin[\r][\n]"
11:50:48.137 [main] DEBUG org.apache.http.wire -  << "Date: Mon, 26 Jun 2023 04:50:48 GMT[\r][\n]"
11:50:48.137 [main] DEBUG org.apache.http.wire -  << "Content-Length: 39[\r][\n]"
11:50:48.137 [main] DEBUG org.apache.http.wire -  << "[\r][\n]"
11:50:48.137 [main] DEBUG org.apache.http.impl.conn.DefaultClientConnection - Receiving response: HTTP/1.1 400 Bad Request
11:50:48.137 [main] DEBUG org.apache.http.headers - << HTTP/1.1 400 Bad Request
11:50:48.137 [main] DEBUG org.apache.http.headers - << Content-Type: application/json; charset=UTF-8
11:50:48.137 [main] DEBUG org.apache.http.headers - << Vary: Origin
11:50:48.137 [main] DEBUG org.apache.http.headers - << Date: Mon, 26 Jun 2023 04:50:48 GMT
11:50:48.137 [main] DEBUG org.apache.http.headers - << Content-Length: 39
11:50:48.137 [main] DEBUG org.apache.http.impl.client.DefaultHttpClient - Connection can be kept alive indefinitely
11:50:48.137 [main] DEBUG io.restassured.internal.RestAssuredHttpBuilder - Parsing response as: application/json; charset=UTF-8
11:50:48.137 [main] DEBUG io.restassured.internal.RestAssuredHttpBuilder - Parsed data to instance of: class org.apache.http.conn.EofSensorInputStream
11:50:48.137 [main] DEBUG org.apache.http.wire -  << "{"message":"missing or malformed jwt"}[\n]"
11:50:48.137 [main] DEBUG org.apache.http.impl.conn.BasicClientConnectionManager - Releasing connection org.apache.http.impl.conn.ManagedClientConnectionImpl@121c1a08
11:50:48.137 [main] DEBUG org.apache.http.impl.conn.BasicClientConnectionManager - Connection can be kept alive indefinitely
11:50:48.138 [main] DEBUG net.thucydides.core.steps.StepInterceptor - STEP DONE: admin sent HTTP PUT request Cart by ID
  &amp#27;[32mAnd &amp#27;[0m&amp#27;[32madmin sent HTTP PUT request cart by ID&amp#27;[0m                       &amp#27;[90m# starter.stepdefinitions.Website.cartSteps.adminSentHTTPPUTRequestcartByID()&amp#27;[0m
11:50:48.138 [main] DEBUG net.thucydides.core.steps.StepInterceptor - STARTING STEP: cartSteps.adminReceiveAValidLoginAndcartHTTPResponseCode - admin receive a valid login and Cart HTTP response code 200
11:50:48.139 [main] DEBUG net.thucydides.core.steps.StepInterceptor - STARTING STEP: cart.adminReceiveAValidLoginAndCartHTTPResponseCode200 - admin set the POST api endpoint Cart
11:50:48.139 [main] DEBUG net.thucydides.core.steps.StepInterceptor - STEP DONE: admin set the POST api endpoint Cart
11:50:48.140 [main] DEBUG org.apache.http.impl.conn.BasicClientConnectionManager - Get connection for route {}->http://167.172.66.247:8002
11:50:48.140 [main] DEBUG org.apache.http.impl.conn.DefaultClientConnectionOperator - Connecting to 167.172.66.247:8002
11:50:48.177 [main] DEBUG org.apache.http.client.protocol.RequestAddCookies - CookieSpec selected: ignoreCookies
11:50:48.177 [main] DEBUG org.apache.http.client.protocol.RequestAuthCache - Auth cache not set in the context
11:50:48.177 [main] DEBUG org.apache.http.client.protocol.RequestProxyAuthentication - Proxy auth state: UNCHALLENGED
11:50:48.177 [main] DEBUG org.apache.http.impl.client.DefaultHttpClient - Attempt 1 to execute request
11:50:48.177 [main] DEBUG org.apache.http.impl.conn.DefaultClientConnection - Sending request: GET /keranjang HTTP/1.1
11:50:48.177 [main] DEBUG org.apache.http.wire -  >> "GET /keranjang HTTP/1.1[\r][\n]"
11:50:48.177 [main] DEBUG org.apache.http.wire -  >> "Authorization: Bearer eyJhbGciOiJIUzI1NiIsInR5cCI6IkpXVCJ9.eyJleHAiOjE2ODc3NzMwNDgsImlkIjoxLCJpc3MiOiJxd2VydHkiLCJuYW1lIjoiU2VhbiAxIn0.mqtk-mMJ1Oul5CywjCQRKjgt5iFYFedjwngeyL3a7JE[\r][\n]"
11:50:48.177 [main] DEBUG org.apache.http.wire -  >> "Accept: */*[\r][\n]"
11:50:48.177 [main] DEBUG org.apache.http.wire -  >> "Host: 167.172.66.247:8002[\r][\n]"
11:50:48.177 [main] DEBUG org.apache.http.wire -  >> "Connection: Keep-Alive[\r][\n]"
11:50:48.177 [main] DEBUG org.apache.http.wire -  >> "User-Agent: Apache-HttpClient/4.5.13 (Java/17.0.7)[\r][\n]"
11:50:48.177 [main] DEBUG org.apache.http.wire -  >> "Accept-Encoding: gzip,deflate[\r][\n]"
11:50:48.177 [main] DEBUG org.apache.http.wire -  >> "[\r][\n]"
11:50:48.177 [main] DEBUG org.apache.http.headers - >> GET /keranjang HTTP/1.1
11:50:48.177 [main] DEBUG org.apache.http.headers - >> Authorization: Bearer eyJhbGciOiJIUzI1NiIsInR5cCI6IkpXVCJ9.eyJleHAiOjE2ODc3NzMwNDgsImlkIjoxLCJpc3MiOiJxd2VydHkiLCJuYW1lIjoiU2VhbiAxIn0.mqtk-mMJ1Oul5CywjCQRKjgt5iFYFedjwngeyL3a7JE
11:50:48.177 [main] DEBUG org.apache.http.headers - >> Accept: */*
11:50:48.177 [main] DEBUG org.apache.http.headers - >> Host: 167.172.66.247:8002
11:50:48.177 [main] DEBUG org.apache.http.headers - >> Connection: Keep-Alive
11:50:48.177 [main] DEBUG org.apache.http.headers - >> User-Agent: Apache-HttpClient/4.5.13 (Java/17.0.7)
11:50:48.177 [main] DEBUG org.apache.http.headers - >> Accept-Encoding: gzip,deflate
11:50:48.247 [main] DEBUG org.apache.http.wire -  << "HTTP/1.1 200 OK[\r][\n]"
11:50:48.247 [main] DEBUG org.apache.http.wire -  << "Content-Type: application/json; charset=UTF-8[\r][\n]"
11:50:48.247 [main] DEBUG org.apache.http.wire -  << "Vary: Origin[\r][\n]"
11:50:48.247 [main] DEBUG org.apache.http.wire -  << "Date: Mon, 26 Jun 2023 04:50:48 GMT[\r][\n]"
11:50:48.247 [main] DEBUG org.apache.http.wire -  << "Content-Length: 1409[\r][\n]"
11:50:48.247 [main] DEBUG org.apache.http.wire -  << "[\r][\n]"
11:50:48.247 [main] DEBUG org.apache.http.impl.conn.DefaultClientConnection - Receiving response: HTTP/1.1 200 OK
11:50:48.247 [main] DEBUG org.apache.http.headers - << HTTP/1.1 200 OK
11:50:48.247 [main] DEBUG org.apache.http.headers - << Content-Type: application/json; charset=UTF-8
11:50:48.247 [main] DEBUG org.apache.http.headers - << Vary: Origin
11:50:48.247 [main] DEBUG org.apache.http.headers - << Date: Mon, 26 Jun 2023 04:50:48 GMT
11:50:48.247 [main] DEBUG org.apache.http.headers - << Content-Length: 1409
11:50:48.247 [main] DEBUG org.apache.http.impl.client.DefaultHttpClient - Connection can be kept alive indefinitely
11:50:48.247 [main] DEBUG io.restassured.internal.RestAssuredHttpBuilder - Parsing response as: application/json; charset=UTF-8
11:50:48.247 [main] DEBUG io.restassured.internal.RestAssuredHttpBuilder - Parsed data to instance of: class org.apache.http.conn.EofSensorInputStream
11:50:48.247 [main] DEBUG org.apache.http.wire -  << "{"data":{"data":[{"ID":2,"CreatedAt":"2023-06-21T02:31:53.624Z","UpdatedAt":"2023-06-21T02:31:53.624Z","DeletedAt":null,"user_id":"2","produk_id":"1","jumlah":2},{"ID":3,"CreatedAt":"2023-06-21T02:32:55.069Z","UpdatedAt":"2023-06-21T02:32:55.069Z","DeletedAt":null,"user_id":"4","produk_id":"3","jumlah":1},{"ID":4,"CreatedAt":"2023-06-21T02:33:12.24Z","UpdatedAt":"2023-06-21T02:33:12.24Z","DeletedAt":null,"user_id":"4","produk_id":"7","jumlah":1},{"ID":5,"CreatedAt":"2023-06-21T02:33:26.618Z","UpdatedAt":"2023-06-21T02:33:26.618Z","DeletedAt":null,"user_id":"4","produk_id":"2","jumlah":1},{"ID":6,"CreatedAt":"2023-06-23T05:35:36.811Z","UpdatedAt":"2023-06-23T05:35:36.811Z","DeletedAt":null,"user_id":"2","produk_id":"1","jumlah":2},{"ID":7,"CreatedAt":"2023-06-23T06:16:25.785Z","UpdatedAt":"2023-06-23T06:16:25.785Z","DeletedAt":null,"user_id":"2","produk_id":"1","jumlah":2},{"ID":8,"CreatedAt":"2023-06-23T18:55:07.318Z","UpdatedAt":"2023-06-23T18:55:07.318Z","DeletedAt":null,"user_id":"2","produk_id":"1","jumlah":2},{"ID":9,"CreatedAt":"2023-06-24T06:00:36Z","UpdatedAt":"2023-06-24T06:00:36Z","DeletedAt":null,"user_id":"2","produk_id":"1","jumlah":2},{"ID":10,"CreatedAt":"2023-06-25T17:53:00.862Z","UpdatedAt":"2023-06-25T17:53:00.862Z","DeletedAt":null,"user_id":"101","produk_id":"5","jumlah":1}],"data_shown":9,"page":1,"total_data":9},"message":"Get all Keranjang success","status":true}[\n]"
11:50:48.247 [main] DEBUG org.apache.http.impl.conn.BasicClientConnectionManager - Releasing connection org.apache.http.impl.conn.ManagedClientConnectionImpl@cce672c
11:50:48.247 [main] DEBUG org.apache.http.impl.conn.BasicClientConnectionManager - Connection can be kept alive indefinitely
11:50:48.248 [main] DEBUG net.thucydides.core.steps.StepInterceptor - STEP DONE: admin receive a valid login and Cart HTTP response code 200
  &amp#27;[32mThen &amp#27;[0m&amp#27;[32madmin receive a valid login and cart HTTP response code &amp#27;[0m&amp#27;[32m&amp#27;[1m200&amp#27;[0m &amp#27;[90m# starter.stepdefinitions.Website.cartSteps.adminReceiveAValidLoginAndcartHTTPResponseCode(int)&amp#27;[0m
11:50:48.249 [main] INFO  - 
  _____   ___   ___   _____     ___     _     ___   ___   ___   ___  
 |_   _| | __| / __| |_   _|   | _ \   /_\   / __| / __| | __| |   \ 
   | |   | _|  \__ \   | |     |  _/  / _ \  \__ \ \__ \ | _|  | |) |
   |_|   |___| |___/   |_|     |_|   /_/ \_\ |___/ |___/ |___| |___/ 

As admin, I can edit cart data by ID
----------------------------------------------------------------------
]]></system-out>
  </testcase>
  <testcase name="As admin, I can delete cart data by ID" classname="As Admin, I want to manage Shop features" time="0.364">
    <system-out><![CDATA[
@TCCART04
Scenario: As admin, I can delete cart data by ID                   &amp#27;[90m# src/test/resources/Feature/Api/Website/Cart.feature:31&amp#27;[0m
11:50:48.255 [main] INFO io.cucumber.core.plugin.SerenityReporter - Running feature from file:///Users/macbookpro/Documents/Capstone_API_CI/src/test/resources/Feature/Api/Website/Cart.feature
11:50:48.255 [main] WARN io.cucumber.core.plugin.SerenityReporter - Feature from file:///Users/macbookpro/Documents/Capstone_API_CI/src/test/resources/Feature/Api/Website/Cart.feature is not under the 'features' directory. Requirements report will not be correctly generated!
11:50:48.256 [main] INFO  - 
  _____   ___   ___   _____     ___   _____     _     ___   _____   ___   ___  
 |_   _| | __| / __| |_   _|   / __| |_   _|   /_\   | _ \ |_   _| | __| |   \ 
   | |   | _|  \__ \   | |     \__ \   | |    / _ \  |   /   | |   | _|  | |) |
   |_|   |___| |___/   |_|     |___/   |_|   /_/ \_\ |_|_\   |_|   |___| |___/ 

As admin, I can delete cart data by ID(as-admin--i-want-to-manage-shop-features;as-admin--i-can-delete-cart-data-by-id)
--------------------------------------------------------------------------------
11:50:48.261 [Finalizer] DEBUG org.apache.http.impl.conn.DefaultClientConnection - Connection 0.0.0.0:59775<->167.172.66.247:8002 closed
11:50:48.261 [main] DEBUG net.thucydides.core.steps.StepInterceptor - STARTING STEP: cartSteps.adminSetUpApiEndpointLoginIncartInWebsite - admin set up api endpoint login in Cart in website
11:50:48.261 [Finalizer] DEBUG org.apache.http.impl.conn.DefaultClientConnection - Connection 0.0.0.0:59774<->167.172.66.247:8002 closed
11:50:48.261 [main] DEBUG net.thucydides.core.steps.StepInterceptor - STEP DONE: admin set up api endpoint login in Cart in website
  &amp#27;[32mGiven &amp#27;[0m&amp#27;[32madmin set up api endpoint login in cart in website&amp#27;[0m         &amp#27;[90m# starter.stepdefinitions.Website.cartSteps.adminSetUpApiEndpointLoginIncartInWebsite()&amp#27;[0m
11:50:48.261 [Finalizer] DEBUG org.apache.http.impl.conn.DefaultClientConnection - Connection 0.0.0.0:59773<->167.172.66.247:8002 closed
11:50:48.261 [Finalizer] DEBUG org.apache.http.impl.conn.DefaultClientConnection - Connection 0.0.0.0:59772<->167.172.66.247:8002 closed
11:50:48.261 [Finalizer] DEBUG org.apache.http.impl.conn.DefaultClientConnection - Connection 0.0.0.0:59771<->167.172.66.247:8002 closed
11:50:48.261 [Finalizer] DEBUG org.apache.http.impl.conn.DefaultClientConnection - Connection 0.0.0.0:59770<->167.172.66.247:8002 closed
11:50:48.261 [Finalizer] DEBUG org.apache.http.impl.conn.DefaultClientConnection - Connection 0.0.0.0:59769<->167.172.66.247:8002 closed
11:50:48.261 [Finalizer] DEBUG org.apache.http.impl.conn.DefaultClientConnection - Connection 0.0.0.0:59781<->167.172.66.247:8002 closed
11:50:48.261 [Finalizer] DEBUG org.apache.http.impl.conn.DefaultClientConnection - Connection 0.0.0.0:59780<->167.172.66.247:8002 closed
11:50:48.261 [Finalizer] DEBUG org.apache.http.impl.conn.DefaultClientConnection - Connection 0.0.0.0:59779<->167.172.66.247:8002 closed
11:50:48.261 [Finalizer] DEBUG org.apache.http.impl.conn.DefaultClientConnection - Connection 0.0.0.0:59778<->167.172.66.247:8002 closed
11:50:48.261 [Finalizer] DEBUG org.apache.http.impl.conn.DefaultClientConnection - Connection 0.0.0.0:59777<->167.172.66.247:8002 closed
11:50:48.261 [Finalizer] DEBUG org.apache.http.impl.conn.DefaultClientConnection - Connection 0.0.0.0:59776<->167.172.66.247:8002 closed
11:50:48.261 [main] DEBUG net.thucydides.core.steps.StepInterceptor - STARTING STEP: cartSteps.adminSendAHTTPRequestLoginIncartInWebsite - admin send a HTTP request login in Cart in website
11:50:48.262 [main] DEBUG net.thucydides.core.steps.StepInterceptor - STARTING STEP: cart.adminSendAHTTPRequestLoginInCartInWebsite - admin set up api endpoint login in Cart in website
11:50:48.262 [main] DEBUG net.thucydides.core.steps.StepInterceptor - STEP DONE: admin set up api endpoint login in Cart in website
11:50:48.263 [main] DEBUG org.apache.http.impl.conn.BasicClientConnectionManager - Get connection for route {}->http://167.172.66.247:8002
11:50:48.264 [main] DEBUG org.apache.http.impl.conn.DefaultClientConnectionOperator - Connecting to 167.172.66.247:8002
11:50:48.307 [main] DEBUG org.apache.http.client.protocol.RequestAddCookies - CookieSpec selected: ignoreCookies
11:50:48.307 [main] DEBUG org.apache.http.client.protocol.RequestAuthCache - Auth cache not set in the context
11:50:48.307 [main] DEBUG org.apache.http.client.protocol.RequestTargetAuthentication - Target auth state: UNCHALLENGED
11:50:48.307 [main] DEBUG org.apache.http.client.protocol.RequestProxyAuthentication - Proxy auth state: UNCHALLENGED
11:50:48.307 [main] DEBUG org.apache.http.impl.client.DefaultHttpClient - Attempt 1 to execute request
11:50:48.307 [main] DEBUG org.apache.http.impl.conn.DefaultClientConnection - Sending request: POST /admin_login HTTP/1.1
11:50:48.307 [main] DEBUG org.apache.http.wire -  >> "POST /admin_login HTTP/1.1[\r][\n]"
11:50:48.307 [main] DEBUG org.apache.http.wire -  >> "Accept: */*[\r][\n]"
11:50:48.307 [main] DEBUG org.apache.http.wire -  >> "Content-Type: application/json[\r][\n]"
11:50:48.307 [main] DEBUG org.apache.http.wire -  >> "Content-Length: 54[\r][\n]"
11:50:48.307 [main] DEBUG org.apache.http.wire -  >> "Host: 167.172.66.247:8002[\r][\n]"
11:50:48.307 [main] DEBUG org.apache.http.wire -  >> "Connection: Keep-Alive[\r][\n]"
11:50:48.307 [main] DEBUG org.apache.http.wire -  >> "User-Agent: Apache-HttpClient/4.5.13 (Java/17.0.7)[\r][\n]"
11:50:48.307 [main] DEBUG org.apache.http.wire -  >> "Accept-Encoding: gzip,deflate[\r][\n]"
11:50:48.307 [main] DEBUG org.apache.http.wire -  >> "[\r][\n]"
11:50:48.307 [main] DEBUG org.apache.http.headers - >> POST /admin_login HTTP/1.1
11:50:48.307 [main] DEBUG org.apache.http.headers - >> Accept: */*
11:50:48.307 [main] DEBUG org.apache.http.headers - >> Content-Type: application/json
11:50:48.307 [main] DEBUG org.apache.http.headers - >> Content-Length: 54
11:50:48.307 [main] DEBUG org.apache.http.headers - >> Host: 167.172.66.247:8002
11:50:48.307 [main] DEBUG org.apache.http.headers - >> Connection: Keep-Alive
11:50:48.307 [main] DEBUG org.apache.http.headers - >> User-Agent: Apache-HttpClient/4.5.13 (Java/17.0.7)
11:50:48.307 [main] DEBUG org.apache.http.headers - >> Accept-Encoding: gzip,deflate
11:50:48.307 [main] DEBUG org.apache.http.wire -  >> "{"password":"123456","email":"BalinkBarong@gmail.com"}"
11:50:48.387 [main] DEBUG org.apache.http.wire -  << "HTTP/1.1 200 OK[\r][\n]"
11:50:48.387 [main] DEBUG org.apache.http.wire -  << "Content-Type: application/json; charset=UTF-8[\r][\n]"
11:50:48.387 [main] DEBUG org.apache.http.wire -  << "Vary: Origin[\r][\n]"
11:50:48.387 [main] DEBUG org.apache.http.wire -  << "Date: Mon, 26 Jun 2023 04:50:48 GMT[\r][\n]"
11:50:48.387 [main] DEBUG org.apache.http.wire -  << "Content-Length: 851[\r][\n]"
11:50:48.387 [main] DEBUG org.apache.http.wire -  << "[\r][\n]"
11:50:48.387 [main] DEBUG org.apache.http.impl.conn.DefaultClientConnection - Receiving response: HTTP/1.1 200 OK
11:50:48.387 [main] DEBUG org.apache.http.headers - << HTTP/1.1 200 OK
11:50:48.387 [main] DEBUG org.apache.http.headers - << Content-Type: application/json; charset=UTF-8
11:50:48.387 [main] DEBUG org.apache.http.headers - << Vary: Origin
11:50:48.387 [main] DEBUG org.apache.http.headers - << Date: Mon, 26 Jun 2023 04:50:48 GMT
11:50:48.387 [main] DEBUG org.apache.http.headers - << Content-Length: 851
11:50:48.387 [main] DEBUG org.apache.http.impl.client.DefaultHttpClient - Connection can be kept alive indefinitely
11:50:48.387 [main] DEBUG io.restassured.internal.RestAssuredHttpBuilder - Parsing response as: application/json; charset=UTF-8
11:50:48.387 [main] DEBUG io.restassured.internal.RestAssuredHttpBuilder - Parsed data to instance of: class org.apache.http.conn.EofSensorInputStream
11:50:48.388 [main] DEBUG org.apache.http.wire -  << "{"data":{"profile_perusahaan":{"ID":1,"CreatedAt":"0001-01-01T00:00:00Z","UpdatedAt":"2023-06-25T16:52:02.995Z","DeletedAt":null,"nama":"Sean 1","deskripsi":"lorem ipsum","foto_profile":"123","email":"BalinkBarong@gmail.com","password":"123456","no_telepon":"0811111111111","whatsapp":"0811111111111","instagram":"@balink","facebook":"balink","alamat":"Kecamatan Kuta, Sebelah Selata Kota Denpasar, Bali","negara":"Indonesia","kode_pos":"16442","rekening_bca":"0","rekening_mandiri":"12345678910","rekening_bri":"12345678910","rekening_bni":"12345678910","rekening_btn":"12345678910","rekening_seabank":"0","rekening_bpd_bali":"12345678910"},"token":"eyJhbGciOiJIUzI1NiIsInR5cCI6IkpXVCJ9.eyJleHAiOjE2ODc3NzMwNDgsImlkIjoxLCJpc3MiOiJxd2VydHkiLCJuYW1lIjoiU2VhbiAxIn0.mqtk-mMJ1Oul5CywjCQRKjgt5iFYFedjwngeyL3a7JE"},"message":"Login success","status":true}[\n]"
11:50:48.388 [main] DEBUG org.apache.http.impl.conn.BasicClientConnectionManager - Releasing connection org.apache.http.impl.conn.ManagedClientConnectionImpl@30259c61
11:50:48.388 [main] DEBUG org.apache.http.impl.conn.BasicClientConnectionManager - Connection can be kept alive indefinitely
11:50:48.399 [main] DEBUG net.thucydides.core.steps.StepInterceptor - STEP DONE: admin send a HTTP request login in Cart in website
  &amp#27;[32mWhen &amp#27;[0m&amp#27;[32madmin send a HTTP request login in cart in website&amp#27;[0m          &amp#27;[90m# starter.stepdefinitions.Website.cartSteps.adminSendAHTTPRequestLoginIncartInWebsite()&amp#27;[0m
11:50:48.400 [main] DEBUG net.thucydides.core.steps.StepInterceptor - STARTING STEP: cartSteps.adminSetTheDELETEApiEndpointcart - admin set the DELETE api endpoint Cart
11:50:48.400 [main] DEBUG net.thucydides.core.steps.StepInterceptor - STEP DONE: admin set the DELETE api endpoint Cart
  &amp#27;[32mAnd &amp#27;[0m&amp#27;[32madmin set the DELETE api endpoint cart&amp#27;[0m                       &amp#27;[90m# starter.stepdefinitions.Website.cartSteps.adminSetTheDELETEApiEndpointcart()&amp#27;[0m
11:50:48.401 [main] DEBUG net.thucydides.core.steps.StepInterceptor - STARTING STEP: cartSteps.adminSentHTTPDELETERequestcartByID - admin sent HTTP DELETE request Cart by ID
11:50:48.402 [main] DEBUG net.thucydides.core.steps.StepInterceptor - STARTING STEP: cart.adminSentHTTPDELETERequestCartByID - admin set the DELETE api endpoint Cart
11:50:48.402 [main] DEBUG net.thucydides.core.steps.StepInterceptor - STEP DONE: admin set the DELETE api endpoint Cart
11:50:48.404 [main] DEBUG org.apache.http.impl.conn.BasicClientConnectionManager - Get connection for route {}->http://167.172.66.247:8002
11:50:48.404 [main] DEBUG org.apache.http.impl.conn.DefaultClientConnectionOperator - Connecting to 167.172.66.247:8002
11:50:48.437 [main] DEBUG org.apache.http.client.protocol.RequestAddCookies - CookieSpec selected: ignoreCookies
11:50:48.437 [main] DEBUG org.apache.http.client.protocol.RequestAuthCache - Auth cache not set in the context
11:50:48.437 [main] DEBUG org.apache.http.client.protocol.RequestTargetAuthentication - Target auth state: UNCHALLENGED
11:50:48.437 [main] DEBUG org.apache.http.client.protocol.RequestProxyAuthentication - Proxy auth state: UNCHALLENGED
11:50:48.437 [main] DEBUG org.apache.http.impl.client.DefaultHttpClient - Attempt 1 to execute request
11:50:48.437 [main] DEBUG org.apache.http.impl.conn.DefaultClientConnection - Sending request: DELETE /keranjang/1 HTTP/1.1
11:50:48.437 [main] DEBUG org.apache.http.wire -  >> "DELETE /keranjang/1 HTTP/1.1[\r][\n]"
11:50:48.437 [main] DEBUG org.apache.http.wire -  >> "Accept: */*[\r][\n]"
11:50:48.437 [main] DEBUG org.apache.http.wire -  >> "Host: 167.172.66.247:8002[\r][\n]"
11:50:48.437 [main] DEBUG org.apache.http.wire -  >> "Connection: Keep-Alive[\r][\n]"
11:50:48.437 [main] DEBUG org.apache.http.wire -  >> "User-Agent: Apache-HttpClient/4.5.13 (Java/17.0.7)[\r][\n]"
11:50:48.437 [main] DEBUG org.apache.http.wire -  >> "Accept-Encoding: gzip,deflate[\r][\n]"
11:50:48.437 [main] DEBUG org.apache.http.wire -  >> "[\r][\n]"
11:50:48.437 [main] DEBUG org.apache.http.headers - >> DELETE /keranjang/1 HTTP/1.1
11:50:48.437 [main] DEBUG org.apache.http.headers - >> Accept: */*
11:50:48.437 [main] DEBUG org.apache.http.headers - >> Host: 167.172.66.247:8002
11:50:48.437 [main] DEBUG org.apache.http.headers - >> Connection: Keep-Alive
11:50:48.437 [main] DEBUG org.apache.http.headers - >> User-Agent: Apache-HttpClient/4.5.13 (Java/17.0.7)
11:50:48.437 [main] DEBUG org.apache.http.headers - >> Accept-Encoding: gzip,deflate
11:50:48.497 [main] DEBUG org.apache.http.wire -  << "HTTP/1.1 400 Bad Request[\r][\n]"
11:50:48.497 [main] DEBUG org.apache.http.wire -  << "Content-Type: application/json; charset=UTF-8[\r][\n]"
11:50:48.497 [main] DEBUG org.apache.http.wire -  << "Vary: Origin[\r][\n]"
11:50:48.497 [main] DEBUG org.apache.http.wire -  << "Date: Mon, 26 Jun 2023 04:50:48 GMT[\r][\n]"
11:50:48.497 [main] DEBUG org.apache.http.wire -  << "Content-Length: 39[\r][\n]"
11:50:48.497 [main] DEBUG org.apache.http.wire -  << "[\r][\n]"
11:50:48.497 [main] DEBUG org.apache.http.impl.conn.DefaultClientConnection - Receiving response: HTTP/1.1 400 Bad Request
11:50:48.497 [main] DEBUG org.apache.http.headers - << HTTP/1.1 400 Bad Request
11:50:48.497 [main] DEBUG org.apache.http.headers - << Content-Type: application/json; charset=UTF-8
11:50:48.497 [main] DEBUG org.apache.http.headers - << Vary: Origin
11:50:48.497 [main] DEBUG org.apache.http.headers - << Date: Mon, 26 Jun 2023 04:50:48 GMT
11:50:48.497 [main] DEBUG org.apache.http.headers - << Content-Length: 39
11:50:48.497 [main] DEBUG org.apache.http.impl.client.DefaultHttpClient - Connection can be kept alive indefinitely
11:50:48.497 [main] DEBUG io.restassured.internal.RestAssuredHttpBuilder - Parsing response as: application/json; charset=UTF-8
11:50:48.497 [main] DEBUG io.restassured.internal.RestAssuredHttpBuilder - Parsed data to instance of: class org.apache.http.conn.EofSensorInputStream
11:50:48.499 [main] DEBUG org.apache.http.wire -  << "{"message":"missing or malformed jwt"}[\n]"
11:50:48.499 [main] DEBUG org.apache.http.impl.conn.BasicClientConnectionManager - Releasing connection org.apache.http.impl.conn.ManagedClientConnectionImpl@4abb4041
11:50:48.499 [main] DEBUG org.apache.http.impl.conn.BasicClientConnectionManager - Connection can be kept alive indefinitely
11:50:48.499 [main] DEBUG net.thucydides.core.steps.StepInterceptor - STEP DONE: admin sent HTTP DELETE request Cart by ID
  &amp#27;[32mAnd &amp#27;[0m&amp#27;[32madmin sent HTTP DELETE request cart by ID&amp#27;[0m                    &amp#27;[90m# starter.stepdefinitions.Website.cartSteps.adminSentHTTPDELETERequestcartByID()&amp#27;[0m
11:50:48.503 [main] DEBUG net.thucydides.core.steps.StepInterceptor - STARTING STEP: cartSteps.adminReceiveAValidLoginAndcartHTTPResponseCode - admin receive a valid login and Cart HTTP response code 200
11:50:48.504 [main] DEBUG net.thucydides.core.steps.StepInterceptor - STARTING STEP: cart.adminReceiveAValidLoginAndCartHTTPResponseCode200 - admin set the POST api endpoint Cart
11:50:48.504 [main] DEBUG net.thucydides.core.steps.StepInterceptor - STEP DONE: admin set the POST api endpoint Cart
11:50:48.506 [main] DEBUG org.apache.http.impl.conn.BasicClientConnectionManager - Get connection for route {}->http://167.172.66.247:8002
11:50:48.507 [main] DEBUG org.apache.http.impl.conn.DefaultClientConnectionOperator - Connecting to 167.172.66.247:8002
11:50:48.537 [main] DEBUG org.apache.http.client.protocol.RequestAddCookies - CookieSpec selected: ignoreCookies
11:50:48.537 [main] DEBUG org.apache.http.client.protocol.RequestAuthCache - Auth cache not set in the context
11:50:48.537 [main] DEBUG org.apache.http.client.protocol.RequestProxyAuthentication - Proxy auth state: UNCHALLENGED
11:50:48.537 [main] DEBUG org.apache.http.impl.client.DefaultHttpClient - Attempt 1 to execute request
11:50:48.537 [main] DEBUG org.apache.http.impl.conn.DefaultClientConnection - Sending request: GET /keranjang HTTP/1.1
11:50:48.537 [main] DEBUG org.apache.http.wire -  >> "GET /keranjang HTTP/1.1[\r][\n]"
11:50:48.537 [main] DEBUG org.apache.http.wire -  >> "Authorization: Bearer eyJhbGciOiJIUzI1NiIsInR5cCI6IkpXVCJ9.eyJleHAiOjE2ODc3NzMwNDgsImlkIjoxLCJpc3MiOiJxd2VydHkiLCJuYW1lIjoiU2VhbiAxIn0.mqtk-mMJ1Oul5CywjCQRKjgt5iFYFedjwngeyL3a7JE[\r][\n]"
11:50:48.537 [main] DEBUG org.apache.http.wire -  >> "Accept: */*[\r][\n]"
11:50:48.537 [main] DEBUG org.apache.http.wire -  >> "Host: 167.172.66.247:8002[\r][\n]"
11:50:48.537 [main] DEBUG org.apache.http.wire -  >> "Connection: Keep-Alive[\r][\n]"
11:50:48.537 [main] DEBUG org.apache.http.wire -  >> "User-Agent: Apache-HttpClient/4.5.13 (Java/17.0.7)[\r][\n]"
11:50:48.537 [main] DEBUG org.apache.http.wire -  >> "Accept-Encoding: gzip,deflate[\r][\n]"
11:50:48.537 [main] DEBUG org.apache.http.wire -  >> "[\r][\n]"
11:50:48.537 [main] DEBUG org.apache.http.headers - >> GET /keranjang HTTP/1.1
11:50:48.537 [main] DEBUG org.apache.http.headers - >> Authorization: Bearer eyJhbGciOiJIUzI1NiIsInR5cCI6IkpXVCJ9.eyJleHAiOjE2ODc3NzMwNDgsImlkIjoxLCJpc3MiOiJxd2VydHkiLCJuYW1lIjoiU2VhbiAxIn0.mqtk-mMJ1Oul5CywjCQRKjgt5iFYFedjwngeyL3a7JE
11:50:48.537 [main] DEBUG org.apache.http.headers - >> Accept: */*
11:50:48.537 [main] DEBUG org.apache.http.headers - >> Host: 167.172.66.247:8002
11:50:48.537 [main] DEBUG org.apache.http.headers - >> Connection: Keep-Alive
11:50:48.537 [main] DEBUG org.apache.http.headers - >> User-Agent: Apache-HttpClient/4.5.13 (Java/17.0.7)
11:50:48.537 [main] DEBUG org.apache.http.headers - >> Accept-Encoding: gzip,deflate
11:50:48.607 [main] DEBUG org.apache.http.wire -  << "HTTP/1.1 200 OK[\r][\n]"
11:50:48.607 [main] DEBUG org.apache.http.wire -  << "Content-Type: application/json; charset=UTF-8[\r][\n]"
11:50:48.607 [main] DEBUG org.apache.http.wire -  << "Vary: Origin[\r][\n]"
11:50:48.607 [main] DEBUG org.apache.http.wire -  << "Date: Mon, 26 Jun 2023 04:50:48 GMT[\r][\n]"
11:50:48.607 [main] DEBUG org.apache.http.wire -  << "Content-Length: 1409[\r][\n]"
11:50:48.607 [main] DEBUG org.apache.http.wire -  << "[\r][\n]"
11:50:48.607 [main] DEBUG org.apache.http.impl.conn.DefaultClientConnection - Receiving response: HTTP/1.1 200 OK
11:50:48.607 [main] DEBUG org.apache.http.headers - << HTTP/1.1 200 OK
11:50:48.607 [main] DEBUG org.apache.http.headers - << Content-Type: application/json; charset=UTF-8
11:50:48.607 [main] DEBUG org.apache.http.headers - << Vary: Origin
11:50:48.607 [main] DEBUG org.apache.http.headers - << Date: Mon, 26 Jun 2023 04:50:48 GMT
11:50:48.607 [main] DEBUG org.apache.http.headers - << Content-Length: 1409
11:50:48.607 [main] DEBUG org.apache.http.impl.client.DefaultHttpClient - Connection can be kept alive indefinitely
11:50:48.607 [main] DEBUG io.restassured.internal.RestAssuredHttpBuilder - Parsing response as: application/json; charset=UTF-8
11:50:48.607 [main] DEBUG io.restassured.internal.RestAssuredHttpBuilder - Parsed data to instance of: class org.apache.http.conn.EofSensorInputStream
11:50:48.609 [main] DEBUG org.apache.http.wire -  << "{"data":{"data":[{"ID":2,"CreatedAt":"2023-06-21T02:31:53.624Z","UpdatedAt":"2023-06-21T02:31:53.624Z","DeletedAt":null,"user_id":"2","produk_id":"1","jumlah":2},{"ID":3,"CreatedAt":"2023-06-21T02:32:55.069Z","UpdatedAt":"2023-06-21T02:32:55.069Z","DeletedAt":null,"user_id":"4","produk_id":"3","jumlah":1},{"ID":4,"CreatedAt":"2023-06-21T02:33:12.24Z","UpdatedAt":"2023-06-21T02:33:12.24Z","DeletedAt":null,"user_id":"4","produk_id":"7","jumlah":1},{"ID":5,"CreatedAt":"2023-06-21T02:33:26.618Z","UpdatedAt":"2023-06-21T02:33:26.618Z","DeletedAt":null,"user_id":"4","produk_id":"2","jumlah":1},{"ID":6,"CreatedAt":"2023-06-23T05:35:36.811Z","UpdatedAt":"2023-06-23T05:35:36.811Z","DeletedAt":null,"user_id":"2","produk_id":"1","jumlah":2},{"ID":7,"CreatedAt":"2023-06-23T06:16:25.785Z","UpdatedAt":"2023-06-23T06:16:25.785Z","DeletedAt":null,"user_id":"2","produk_id":"1","jumlah":2},{"ID":8,"CreatedAt":"2023-06-23T18:55:07.318Z","UpdatedAt":"2023-06-23T18:55:07.318Z","DeletedAt":null,"user_id":"2","produk_id":"1","jumlah":2},{"ID":9,"CreatedAt":"2023-06-24T06:00:36Z","UpdatedAt":"2023-06-24T06:00:36Z","DeletedAt":null,"user_id":"2","produk_id":"1","jumlah":2},{"ID":10,"CreatedAt":"2023-06-25T17:53:00.862Z","UpdatedAt":"2023-06-25T17:53:00.862Z","DeletedAt":null,"user_id":"101","produk_id":"5","jumlah":1}],"data_shown":9,"page":1,"total_data":9},"message":"Get all Keranjang success","status":true}[\n]"
11:50:48.609 [main] DEBUG org.apache.http.impl.conn.BasicClientConnectionManager - Releasing connection org.apache.http.impl.conn.ManagedClientConnectionImpl@1d722bff
11:50:48.609 [main] DEBUG org.apache.http.impl.conn.BasicClientConnectionManager - Connection can be kept alive indefinitely
11:50:48.610 [main] DEBUG net.thucydides.core.steps.StepInterceptor - STEP DONE: admin receive a valid login and Cart HTTP response code 200
  &amp#27;[32mThen &amp#27;[0m&amp#27;[32madmin receive a valid login and cart HTTP response code &amp#27;[0m&amp#27;[32m&amp#27;[1m200&amp#27;[0m &amp#27;[90m# starter.stepdefinitions.Website.cartSteps.adminReceiveAValidLoginAndcartHTTPResponseCode(int)&amp#27;[0m
11:50:48.612 [main] INFO  - 
  _____   ___   ___   _____     ___     _     ___   ___   ___   ___  
 |_   _| | __| / __| |_   _|   | _ \   /_\   / __| / __| | __| |   \ 
   | |   | _|  \__ \   | |     |  _/  / _ \  \__ \ \__ \ | _|  | |) |
   |_|   |___| |___/   |_|     |_|   /_/ \_\ |___/ |___/ |___| |___/ 

As admin, I can delete cart data by ID
----------------------------------------------------------------------
]]></system-out>
  </testcase>
  <testcase name="As admin, I want to create new category" classname="As admin, I want to create, put, delete and get category and category by ID" time="0.324">
    <system-out><![CDATA[11:50:48.613 [main] INFO io.cucumber.core.plugin.SerenityReporter - Running feature from file:///Users/macbookpro/Documents/Capstone_API_CI/src/test/resources/Feature/Api/Website/Category.feature
11:50:48.613 [main] WARN io.cucumber.core.plugin.SerenityReporter - Feature from file:///Users/macbookpro/Documents/Capstone_API_CI/src/test/resources/Feature/Api/Website/Category.feature is not under the 'features' directory. Requirements report will not be correctly generated!
11:50:48.614 [main] DEBUG net.thucydides.core.steps.StepEventBus - Test suite started for story net.thucydides.core.model.Story@4745e3b5
11:50:48.614 [main] INFO  - Test Suite Started: As admin, I want to create, put, delete and get category and category by ID

@TCCATEGORY01
Scenario: As admin, I want to create new category                      &amp#27;[90m# src/test/resources/Feature/Api/Website/Category.feature:4&amp#27;[0m
11:50:48.625 [main] INFO io.cucumber.core.plugin.SerenityReporter - Running feature from file:///Users/macbookpro/Documents/Capstone_API_CI/src/test/resources/Feature/Api/Website/Category.feature
11:50:48.625 [main] WARN io.cucumber.core.plugin.SerenityReporter - Feature from file:///Users/macbookpro/Documents/Capstone_API_CI/src/test/resources/Feature/Api/Website/Category.feature is not under the 'features' directory. Requirements report will not be correctly generated!
11:50:48.626 [main] INFO  - 
  _____   ___   ___   _____     ___   _____     _     ___   _____   ___   ___  
 |_   _| | __| / __| |_   _|   / __| |_   _|   /_\   | _ \ |_   _| | __| |   \ 
   | |   | _|  \__ \   | |     \__ \   | |    / _ \  |   /   | |   | _|  | |) |
   |_|   |___| |___/   |_|     |___/   |_|   /_/ \_\ |_|_\   |_|   |___| |___/ 

As admin, I want to create new category(as-admin--i-want-to-create--put--delete-and-get-category-and-category-by-id;as-admin--i-want-to-create-new-category)
--------------------------------------------------------------------------------
11:50:48.635 [main] DEBUG net.thucydides.core.steps.StepInterceptor - STARTING STEP: categorySteps.adminSetUpApiEndpointLoginInCategoryInWebsite - admin set up api endpoint login in category in website
11:50:48.635 [main] DEBUG net.thucydides.core.steps.StepInterceptor - STEP DONE: admin set up api endpoint login in category in website
  &amp#27;[32mGiven &amp#27;[0m&amp#27;[32madmin set up api endpoint login in category in website&amp#27;[0m         &amp#27;[90m# starter.stepdefinitions.Website.categorySteps.adminSetUpApiEndpointLoginInCategoryInWebsite()&amp#27;[0m
11:50:48.636 [main] DEBUG net.thucydides.core.steps.StepInterceptor - STARTING STEP: categorySteps.adminSendAHTTPRequestLoginInCategoryInWebsite - admin send a HTTP request login in category in website
11:50:48.636 [main] DEBUG net.thucydides.core.steps.StepInterceptor - STARTING STEP: category.adminSendAHTTPRequestLoginInCategoryInWebsite - admin set up api endpoint login in category in website
11:50:48.636 [main] DEBUG net.thucydides.core.steps.StepInterceptor - STEP DONE: admin set up api endpoint login in category in website
11:50:48.638 [main] DEBUG org.apache.http.impl.conn.BasicClientConnectionManager - Get connection for route {}->http://167.172.66.247:8002
11:50:48.638 [main] DEBUG org.apache.http.impl.conn.DefaultClientConnectionOperator - Connecting to 167.172.66.247:8002
11:50:48.667 [main] DEBUG org.apache.http.client.protocol.RequestAddCookies - CookieSpec selected: ignoreCookies
11:50:48.667 [main] DEBUG org.apache.http.client.protocol.RequestAuthCache - Auth cache not set in the context
11:50:48.667 [main] DEBUG org.apache.http.client.protocol.RequestTargetAuthentication - Target auth state: UNCHALLENGED
11:50:48.667 [main] DEBUG org.apache.http.client.protocol.RequestProxyAuthentication - Proxy auth state: UNCHALLENGED
11:50:48.667 [main] DEBUG org.apache.http.impl.client.DefaultHttpClient - Attempt 1 to execute request
11:50:48.667 [main] DEBUG org.apache.http.impl.conn.DefaultClientConnection - Sending request: POST /admin_login HTTP/1.1
11:50:48.667 [main] DEBUG org.apache.http.wire -  >> "POST /admin_login HTTP/1.1[\r][\n]"
11:50:48.667 [main] DEBUG org.apache.http.wire -  >> "Accept: */*[\r][\n]"
11:50:48.667 [main] DEBUG org.apache.http.wire -  >> "Content-Type: application/json[\r][\n]"
11:50:48.667 [main] DEBUG org.apache.http.wire -  >> "Content-Length: 54[\r][\n]"
11:50:48.667 [main] DEBUG org.apache.http.wire -  >> "Host: 167.172.66.247:8002[\r][\n]"
11:50:48.667 [main] DEBUG org.apache.http.wire -  >> "Connection: Keep-Alive[\r][\n]"
11:50:48.667 [main] DEBUG org.apache.http.wire -  >> "User-Agent: Apache-HttpClient/4.5.13 (Java/17.0.7)[\r][\n]"
11:50:48.667 [main] DEBUG org.apache.http.wire -  >> "Accept-Encoding: gzip,deflate[\r][\n]"
11:50:48.667 [main] DEBUG org.apache.http.wire -  >> "[\r][\n]"
11:50:48.667 [main] DEBUG org.apache.http.headers - >> POST /admin_login HTTP/1.1
11:50:48.667 [main] DEBUG org.apache.http.headers - >> Accept: */*
11:50:48.667 [main] DEBUG org.apache.http.headers - >> Content-Type: application/json
11:50:48.667 [main] DEBUG org.apache.http.headers - >> Content-Length: 54
11:50:48.667 [main] DEBUG org.apache.http.headers - >> Host: 167.172.66.247:8002
11:50:48.667 [main] DEBUG org.apache.http.headers - >> Connection: Keep-Alive
11:50:48.667 [main] DEBUG org.apache.http.headers - >> User-Agent: Apache-HttpClient/4.5.13 (Java/17.0.7)
11:50:48.667 [main] DEBUG org.apache.http.headers - >> Accept-Encoding: gzip,deflate
11:50:48.667 [main] DEBUG org.apache.http.wire -  >> "{"password":"123456","email":"BalinkBarong@gmail.com"}"
11:50:48.738 [main] DEBUG org.apache.http.wire -  << "HTTP/1.1 200 OK[\r][\n]"
11:50:48.738 [main] DEBUG org.apache.http.wire -  << "Content-Type: application/json; charset=UTF-8[\r][\n]"
11:50:48.738 [main] DEBUG org.apache.http.wire -  << "Vary: Origin[\r][\n]"
11:50:48.738 [main] DEBUG org.apache.http.wire -  << "Date: Mon, 26 Jun 2023 04:50:48 GMT[\r][\n]"
11:50:48.738 [main] DEBUG org.apache.http.wire -  << "Content-Length: 851[\r][\n]"
11:50:48.738 [main] DEBUG org.apache.http.wire -  << "[\r][\n]"
11:50:48.739 [main] DEBUG org.apache.http.impl.conn.DefaultClientConnection - Receiving response: HTTP/1.1 200 OK
11:50:48.739 [main] DEBUG org.apache.http.headers - << HTTP/1.1 200 OK
11:50:48.739 [main] DEBUG org.apache.http.headers - << Content-Type: application/json; charset=UTF-8
11:50:48.739 [main] DEBUG org.apache.http.headers - << Vary: Origin
11:50:48.739 [main] DEBUG org.apache.http.headers - << Date: Mon, 26 Jun 2023 04:50:48 GMT
11:50:48.739 [main] DEBUG org.apache.http.headers - << Content-Length: 851
11:50:48.739 [main] DEBUG org.apache.http.impl.client.DefaultHttpClient - Connection can be kept alive indefinitely
11:50:48.739 [main] DEBUG io.restassured.internal.RestAssuredHttpBuilder - Parsing response as: application/json; charset=UTF-8
11:50:48.739 [main] DEBUG io.restassured.internal.RestAssuredHttpBuilder - Parsed data to instance of: class org.apache.http.conn.EofSensorInputStream
11:50:48.739 [main] DEBUG org.apache.http.wire -  << "{"data":{"profile_perusahaan":{"ID":1,"CreatedAt":"0001-01-01T00:00:00Z","UpdatedAt":"2023-06-25T16:52:02.995Z","DeletedAt":null,"nama":"Sean 1","deskripsi":"lorem ipsum","foto_profile":"123","email":"BalinkBarong@gmail.com","password":"123456","no_telepon":"0811111111111","whatsapp":"0811111111111","instagram":"@balink","facebook":"balink","alamat":"Kecamatan Kuta, Sebelah Selata Kota Denpasar, Bali","negara":"Indonesia","kode_pos":"16442","rekening_bca":"0","rekening_mandiri":"12345678910","rekening_bri":"12345678910","rekening_bni":"12345678910","rekening_btn":"12345678910","rekening_seabank":"0","rekening_bpd_bali":"12345678910"},"token":"eyJhbGciOiJIUzI1NiIsInR5cCI6IkpXVCJ9.eyJleHAiOjE2ODc3NzMwNDgsImlkIjoxLCJpc3MiOiJxd2VydHkiLCJuYW1lIjoiU2VhbiAxIn0.mqtk-mMJ1Oul5CywjCQRKjgt5iFYFedjwngeyL3a7JE"},"message":"Login success","status":true}[\n]"
11:50:48.739 [main] DEBUG org.apache.http.impl.conn.BasicClientConnectionManager - Releasing connection org.apache.http.impl.conn.ManagedClientConnectionImpl@377d55
11:50:48.739 [main] DEBUG org.apache.http.impl.conn.BasicClientConnectionManager - Connection can be kept alive indefinitely
11:50:48.743 [main] DEBUG net.thucydides.core.steps.StepInterceptor - STEP DONE: admin send a HTTP request login in category in website
  &amp#27;[32mWhen &amp#27;[0m&amp#27;[32madmin send a HTTP request login in category in website&amp#27;[0m          &amp#27;[90m# starter.stepdefinitions.Website.categorySteps.adminSendAHTTPRequestLoginInCategoryInWebsite()&amp#27;[0m
11:50:48.743 [main] DEBUG net.thucydides.core.steps.StepInterceptor - STARTING STEP: categorySteps.adminSetThePOSTApiEndpointCategory - admin set the POST api endpoint category
11:50:48.743 [main] DEBUG net.thucydides.core.steps.StepInterceptor - STEP DONE: admin set the POST api endpoint category
  &amp#27;[32mAnd &amp#27;[0m&amp#27;[32madmin set the POST api endpoint category&amp#27;[0m                         &amp#27;[90m# starter.stepdefinitions.Website.categorySteps.adminSetThePOSTApiEndpointCategory()&amp#27;[0m
11:50:48.743 [main] DEBUG net.thucydides.core.steps.StepInterceptor - STARTING STEP: categorySteps.adminSentHTTPPOSTRequestPostCategory - admin sent HTTP POST request post category
11:50:48.744 [main] DEBUG net.thucydides.core.steps.StepInterceptor - STARTING STEP: category.adminSentHTTPPOSTRequestPostCategory - admin set the POST api endpoint category
11:50:48.744 [main] DEBUG net.thucydides.core.steps.StepInterceptor - STEP DONE: admin set the POST api endpoint category
11:50:48.745 [main] DEBUG org.apache.http.impl.conn.BasicClientConnectionManager - Get connection for route {}->http://167.172.66.247:8002
11:50:48.745 [main] DEBUG org.apache.http.impl.conn.DefaultClientConnectionOperator - Connecting to 167.172.66.247:8002
11:50:48.777 [main] DEBUG org.apache.http.client.protocol.RequestAddCookies - CookieSpec selected: ignoreCookies
11:50:48.777 [main] DEBUG org.apache.http.client.protocol.RequestAuthCache - Auth cache not set in the context
11:50:48.777 [main] DEBUG org.apache.http.client.protocol.RequestTargetAuthentication - Target auth state: UNCHALLENGED
11:50:48.777 [main] DEBUG org.apache.http.client.protocol.RequestProxyAuthentication - Proxy auth state: UNCHALLENGED
11:50:48.777 [main] DEBUG org.apache.http.impl.client.DefaultHttpClient - Attempt 1 to execute request
11:50:48.777 [main] DEBUG org.apache.http.impl.conn.DefaultClientConnection - Sending request: POST /kategori_produk HTTP/1.1
11:50:48.777 [main] DEBUG org.apache.http.wire -  >> "POST /kategori_produk HTTP/1.1[\r][\n]"
11:50:48.777 [main] DEBUG org.apache.http.wire -  >> "Accept: */*[\r][\n]"
11:50:48.777 [main] DEBUG org.apache.http.wire -  >> "Content-Type: application/json[\r][\n]"
11:50:48.777 [main] DEBUG org.apache.http.wire -  >> "Content-Length: 53[\r][\n]"
11:50:48.777 [main] DEBUG org.apache.http.wire -  >> "Host: 167.172.66.247:8002[\r][\n]"
11:50:48.777 [main] DEBUG org.apache.http.wire -  >> "Connection: Keep-Alive[\r][\n]"
11:50:48.777 [main] DEBUG org.apache.http.wire -  >> "User-Agent: Apache-HttpClient/4.5.13 (Java/17.0.7)[\r][\n]"
11:50:48.777 [main] DEBUG org.apache.http.wire -  >> "Accept-Encoding: gzip,deflate[\r][\n]"
11:50:48.777 [main] DEBUG org.apache.http.wire -  >> "[\r][\n]"
11:50:48.777 [main] DEBUG org.apache.http.headers - >> POST /kategori_produk HTTP/1.1
11:50:48.777 [main] DEBUG org.apache.http.headers - >> Accept: */*
11:50:48.777 [main] DEBUG org.apache.http.headers - >> Content-Type: application/json
11:50:48.777 [main] DEBUG org.apache.http.headers - >> Content-Length: 53
11:50:48.777 [main] DEBUG org.apache.http.headers - >> Host: 167.172.66.247:8002
11:50:48.777 [main] DEBUG org.apache.http.headers - >> Connection: Keep-Alive
11:50:48.777 [main] DEBUG org.apache.http.headers - >> User-Agent: Apache-HttpClient/4.5.13 (Java/17.0.7)
11:50:48.777 [main] DEBUG org.apache.http.headers - >> Accept-Encoding: gzip,deflate
11:50:48.777 [main] DEBUG org.apache.http.wire -  >> "{"nama":"Kerajinan Tangan","deskripsi":"Patung Naga"}"
11:50:48.839 [main] DEBUG org.apache.http.wire -  << "HTTP/1.1 400 Bad Request[\r][\n]"
11:50:48.839 [main] DEBUG org.apache.http.wire -  << "Content-Type: application/json; charset=UTF-8[\r][\n]"
11:50:48.839 [main] DEBUG org.apache.http.wire -  << "Vary: Origin[\r][\n]"
11:50:48.839 [main] DEBUG org.apache.http.wire -  << "Date: Mon, 26 Jun 2023 04:50:49 GMT[\r][\n]"
11:50:48.839 [main] DEBUG org.apache.http.wire -  << "Content-Length: 39[\r][\n]"
11:50:48.839 [main] DEBUG org.apache.http.wire -  << "[\r][\n]"
11:50:48.839 [main] DEBUG org.apache.http.impl.conn.DefaultClientConnection - Receiving response: HTTP/1.1 400 Bad Request
11:50:48.839 [main] DEBUG org.apache.http.headers - << HTTP/1.1 400 Bad Request
11:50:48.839 [main] DEBUG org.apache.http.headers - << Content-Type: application/json; charset=UTF-8
11:50:48.839 [main] DEBUG org.apache.http.headers - << Vary: Origin
11:50:48.839 [main] DEBUG org.apache.http.headers - << Date: Mon, 26 Jun 2023 04:50:49 GMT
11:50:48.839 [main] DEBUG org.apache.http.headers - << Content-Length: 39
11:50:48.839 [main] DEBUG org.apache.http.impl.client.DefaultHttpClient - Connection can be kept alive indefinitely
11:50:48.839 [main] DEBUG io.restassured.internal.RestAssuredHttpBuilder - Parsing response as: application/json; charset=UTF-8
11:50:48.839 [main] DEBUG io.restassured.internal.RestAssuredHttpBuilder - Parsed data to instance of: class org.apache.http.conn.EofSensorInputStream
11:50:48.839 [main] DEBUG org.apache.http.wire -  << "{"message":"missing or malformed jwt"}[\n]"
11:50:48.839 [main] DEBUG org.apache.http.impl.conn.BasicClientConnectionManager - Releasing connection org.apache.http.impl.conn.ManagedClientConnectionImpl@1a3272e0
11:50:48.839 [main] DEBUG org.apache.http.impl.conn.BasicClientConnectionManager - Connection can be kept alive indefinitely
11:50:48.840 [main] DEBUG net.thucydides.core.steps.StepInterceptor - STEP DONE: admin sent HTTP POST request post category
  &amp#27;[32mAnd &amp#27;[0m&amp#27;[32madmin sent HTTP POST request post category&amp#27;[0m                       &amp#27;[90m# starter.stepdefinitions.Website.categorySteps.adminSentHTTPPOSTRequestPostCategory()&amp#27;[0m
11:50:48.840 [main] DEBUG net.thucydides.core.steps.StepInterceptor - STARTING STEP: categorySteps.adminReceiveAValidLoginAndCategoryHTTPResponseCode - admin receive a valid login and category HTTP response code 200
11:50:48.841 [main] DEBUG net.thucydides.core.steps.StepInterceptor - STARTING STEP: category.adminReceiveAValidLoginAndCategoryHTTPResponseCode200 - admin set the POST api endpoint category
11:50:48.841 [main] DEBUG net.thucydides.core.steps.StepInterceptor - STEP DONE: admin set the POST api endpoint category
11:50:48.842 [main] DEBUG org.apache.http.impl.conn.BasicClientConnectionManager - Get connection for route {}->http://167.172.66.247:8002
11:50:48.842 [main] DEBUG org.apache.http.impl.conn.DefaultClientConnectionOperator - Connecting to 167.172.66.247:8002
11:50:48.877 [main] DEBUG org.apache.http.client.protocol.RequestAddCookies - CookieSpec selected: ignoreCookies
11:50:48.877 [main] DEBUG org.apache.http.client.protocol.RequestAuthCache - Auth cache not set in the context
11:50:48.877 [main] DEBUG org.apache.http.client.protocol.RequestProxyAuthentication - Proxy auth state: UNCHALLENGED
11:50:48.877 [main] DEBUG org.apache.http.impl.client.DefaultHttpClient - Attempt 1 to execute request
11:50:48.877 [main] DEBUG org.apache.http.impl.conn.DefaultClientConnection - Sending request: GET /kategori_produk HTTP/1.1
11:50:48.877 [main] DEBUG org.apache.http.wire -  >> "GET /kategori_produk HTTP/1.1[\r][\n]"
11:50:48.877 [main] DEBUG org.apache.http.wire -  >> "Authorization: Bearer eyJhbGciOiJIUzI1NiIsInR5cCI6IkpXVCJ9.eyJleHAiOjE2ODc3NzMwNDgsImlkIjoxLCJpc3MiOiJxd2VydHkiLCJuYW1lIjoiU2VhbiAxIn0.mqtk-mMJ1Oul5CywjCQRKjgt5iFYFedjwngeyL3a7JE[\r][\n]"
11:50:48.877 [main] DEBUG org.apache.http.wire -  >> "Accept: */*[\r][\n]"
11:50:48.877 [main] DEBUG org.apache.http.wire -  >> "Host: 167.172.66.247:8002[\r][\n]"
11:50:48.877 [main] DEBUG org.apache.http.wire -  >> "Connection: Keep-Alive[\r][\n]"
11:50:48.877 [main] DEBUG org.apache.http.wire -  >> "User-Agent: Apache-HttpClient/4.5.13 (Java/17.0.7)[\r][\n]"
11:50:48.877 [main] DEBUG org.apache.http.wire -  >> "Accept-Encoding: gzip,deflate[\r][\n]"
11:50:48.877 [main] DEBUG org.apache.http.wire -  >> "[\r][\n]"
11:50:48.877 [main] DEBUG org.apache.http.headers - >> GET /kategori_produk HTTP/1.1
11:50:48.877 [main] DEBUG org.apache.http.headers - >> Authorization: Bearer eyJhbGciOiJIUzI1NiIsInR5cCI6IkpXVCJ9.eyJleHAiOjE2ODc3NzMwNDgsImlkIjoxLCJpc3MiOiJxd2VydHkiLCJuYW1lIjoiU2VhbiAxIn0.mqtk-mMJ1Oul5CywjCQRKjgt5iFYFedjwngeyL3a7JE
11:50:48.877 [main] DEBUG org.apache.http.headers - >> Accept: */*
11:50:48.877 [main] DEBUG org.apache.http.headers - >> Host: 167.172.66.247:8002
11:50:48.877 [main] DEBUG org.apache.http.headers - >> Connection: Keep-Alive
11:50:48.877 [main] DEBUG org.apache.http.headers - >> User-Agent: Apache-HttpClient/4.5.13 (Java/17.0.7)
11:50:48.877 [main] DEBUG org.apache.http.headers - >> Accept-Encoding: gzip,deflate
11:50:48.937 [main] DEBUG org.apache.http.wire -  << "HTTP/1.1 200 OK[\r][\n]"
11:50:48.937 [main] DEBUG org.apache.http.wire -  << "Content-Type: application/json; charset=UTF-8[\r][\n]"
11:50:48.937 [main] DEBUG org.apache.http.wire -  << "Vary: Origin[\r][\n]"
11:50:48.937 [main] DEBUG org.apache.http.wire -  << "Date: Mon, 26 Jun 2023 04:50:49 GMT[\r][\n]"
11:50:48.937 [main] DEBUG org.apache.http.wire -  << "Content-Length: 966[\r][\n]"
11:50:48.937 [main] DEBUG org.apache.http.wire -  << "[\r][\n]"
11:50:48.937 [main] DEBUG org.apache.http.impl.conn.DefaultClientConnection - Receiving response: HTTP/1.1 200 OK
11:50:48.937 [main] DEBUG org.apache.http.headers - << HTTP/1.1 200 OK
11:50:48.937 [main] DEBUG org.apache.http.headers - << Content-Type: application/json; charset=UTF-8
11:50:48.937 [main] DEBUG org.apache.http.headers - << Vary: Origin
11:50:48.937 [main] DEBUG org.apache.http.headers - << Date: Mon, 26 Jun 2023 04:50:49 GMT
11:50:48.937 [main] DEBUG org.apache.http.headers - << Content-Length: 966
11:50:48.937 [main] DEBUG org.apache.http.impl.client.DefaultHttpClient - Connection can be kept alive indefinitely
11:50:48.937 [main] DEBUG io.restassured.internal.RestAssuredHttpBuilder - Parsing response as: application/json; charset=UTF-8
11:50:48.937 [main] DEBUG io.restassured.internal.RestAssuredHttpBuilder - Parsed data to instance of: class org.apache.http.conn.EofSensorInputStream
11:50:48.937 [main] DEBUG org.apache.http.wire -  << "{"data":{"data":[{"ID":34,"CreatedAt":"2023-06-25T14:17:38.826Z","UpdatedAt":"2023-06-25T14:46:59.631Z","DeletedAt":null,"nama":"Patung","deskripsi":"Patung ciri khas bali"},{"ID":35,"CreatedAt":"2023-06-25T15:52:54.596Z","UpdatedAt":"2023-06-25T15:52:54.596Z","DeletedAt":null,"nama":"Celana Chino","deskripsi":"Tersedia size 27, 28, 29 dan 30"},{"ID":36,"CreatedAt":"2023-06-25T16:33:33.249Z","UpdatedAt":"2023-06-25T16:33:33.249Z","DeletedAt":null,"nama":"Celana Chino","deskripsi":"Tersedia size 27, 28, 29 dan 30"},{"ID":37,"CreatedAt":"2023-06-25T16:39:42.634Z","UpdatedAt":"2023-06-25T16:39:42.634Z","DeletedAt":null,"nama":"Celana Chino","deskripsi":"Tersedia size 27, 28, 29 dan 30"},{"ID":38,"CreatedAt":"2023-06-25T16:47:20.818Z","UpdatedAt":"2023-06-25T16:47:20.818Z","DeletedAt":null,"nama":"Celana Chino","deskripsi":"Tersedia size 27, 28, 29 dan 30"}],"data_shown":5,"page":1,"total_data":5},"message":"Get all Kategori Produk success","status":true}[\n]"
11:50:48.937 [main] DEBUG org.apache.http.impl.conn.BasicClientConnectionManager - Releasing connection org.apache.http.impl.conn.ManagedClientConnectionImpl@3c39c739
11:50:48.937 [main] DEBUG org.apache.http.impl.conn.BasicClientConnectionManager - Connection can be kept alive indefinitely
11:50:48.938 [main] DEBUG net.thucydides.core.steps.StepInterceptor - STEP DONE: admin receive a valid login and category HTTP response code 200
  &amp#27;[32mThen &amp#27;[0m&amp#27;[32madmin receive a valid login and category HTTP response code &amp#27;[0m&amp#27;[32m&amp#27;[1m200&amp#27;[0m &amp#27;[90m# starter.stepdefinitions.Website.categorySteps.adminReceiveAValidLoginAndCategoryHTTPResponseCode(int)&amp#27;[0m
11:50:48.939 [main] INFO  - 
  _____   ___   ___   _____     ___     _     ___   ___   ___   ___  
 |_   _| | __| / __| |_   _|   | _ \   /_\   / __| / __| | __| |   \ 
   | |   | _|  \__ \   | |     |  _/  / _ \  \__ \ \__ \ | _|  | |) |
   |_|   |___| |___/   |_|     |_|   /_/ \_\ |___/ |___/ |___| |___/ 

As admin, I want to create new category
----------------------------------------------------------------------
]]></system-out>
  </testcase>
  <testcase name="As admin, I can get all category data" classname="As admin, I want to create, put, delete and get category and category by ID" time="0.333">
    <system-out><![CDATA[
@TCCATEGORY02
Scenario: As admin, I can get all category data                        &amp#27;[90m# src/test/resources/Feature/Api/Website/Category.feature:13&amp#27;[0m
11:50:48.947 [main] INFO io.cucumber.core.plugin.SerenityReporter - Running feature from file:///Users/macbookpro/Documents/Capstone_API_CI/src/test/resources/Feature/Api/Website/Category.feature
11:50:48.947 [main] WARN io.cucumber.core.plugin.SerenityReporter - Feature from file:///Users/macbookpro/Documents/Capstone_API_CI/src/test/resources/Feature/Api/Website/Category.feature is not under the 'features' directory. Requirements report will not be correctly generated!
11:50:48.947 [main] INFO  - 
  _____   ___   ___   _____     ___   _____     _     ___   _____   ___   ___  
 |_   _| | __| / __| |_   _|   / __| |_   _|   /_\   | _ \ |_   _| | __| |   \ 
   | |   | _|  \__ \   | |     \__ \   | |    / _ \  |   /   | |   | _|  | |) |
   |_|   |___| |___/   |_|     |___/   |_|   /_/ \_\ |_|_\   |_|   |___| |___/ 

As admin, I can get all category data(as-admin--i-want-to-create--put--delete-and-get-category-and-category-by-id;as-admin--i-can-get-all-category-data)
--------------------------------------------------------------------------------
11:50:48.949 [main] DEBUG net.thucydides.core.steps.StepInterceptor - STARTING STEP: categorySteps.adminSetUpApiEndpointLoginInCategoryInWebsite - admin set up api endpoint login in category in website
11:50:48.949 [main] DEBUG net.thucydides.core.steps.StepInterceptor - STEP DONE: admin set up api endpoint login in category in website
  &amp#27;[32mGiven &amp#27;[0m&amp#27;[32madmin set up api endpoint login in category in website&amp#27;[0m         &amp#27;[90m# starter.stepdefinitions.Website.categorySteps.adminSetUpApiEndpointLoginInCategoryInWebsite()&amp#27;[0m
11:50:48.950 [main] DEBUG net.thucydides.core.steps.StepInterceptor - STARTING STEP: categorySteps.adminSendAHTTPRequestLoginInCategoryInWebsite - admin send a HTTP request login in category in website
11:50:48.951 [main] DEBUG net.thucydides.core.steps.StepInterceptor - STARTING STEP: category.adminSendAHTTPRequestLoginInCategoryInWebsite - admin set up api endpoint login in category in website
11:50:48.951 [main] DEBUG net.thucydides.core.steps.StepInterceptor - STEP DONE: admin set up api endpoint login in category in website
11:50:48.952 [main] DEBUG org.apache.http.impl.conn.BasicClientConnectionManager - Get connection for route {}->http://167.172.66.247:8002
11:50:48.952 [main] DEBUG org.apache.http.impl.conn.DefaultClientConnectionOperator - Connecting to 167.172.66.247:8002
11:50:48.987 [main] DEBUG org.apache.http.client.protocol.RequestAddCookies - CookieSpec selected: ignoreCookies
11:50:48.987 [main] DEBUG org.apache.http.client.protocol.RequestAuthCache - Auth cache not set in the context
11:50:48.987 [main] DEBUG org.apache.http.client.protocol.RequestTargetAuthentication - Target auth state: UNCHALLENGED
11:50:48.987 [main] DEBUG org.apache.http.client.protocol.RequestProxyAuthentication - Proxy auth state: UNCHALLENGED
11:50:48.987 [main] DEBUG org.apache.http.impl.client.DefaultHttpClient - Attempt 1 to execute request
11:50:48.987 [main] DEBUG org.apache.http.impl.conn.DefaultClientConnection - Sending request: POST /admin_login HTTP/1.1
11:50:48.987 [main] DEBUG org.apache.http.wire -  >> "POST /admin_login HTTP/1.1[\r][\n]"
11:50:48.987 [main] DEBUG org.apache.http.wire -  >> "Accept: */*[\r][\n]"
11:50:48.987 [main] DEBUG org.apache.http.wire -  >> "Content-Type: application/json[\r][\n]"
11:50:48.987 [main] DEBUG org.apache.http.wire -  >> "Content-Length: 54[\r][\n]"
11:50:48.987 [main] DEBUG org.apache.http.wire -  >> "Host: 167.172.66.247:8002[\r][\n]"
11:50:48.987 [main] DEBUG org.apache.http.wire -  >> "Connection: Keep-Alive[\r][\n]"
11:50:48.987 [main] DEBUG org.apache.http.wire -  >> "User-Agent: Apache-HttpClient/4.5.13 (Java/17.0.7)[\r][\n]"
11:50:48.987 [main] DEBUG org.apache.http.wire -  >> "Accept-Encoding: gzip,deflate[\r][\n]"
11:50:48.987 [main] DEBUG org.apache.http.wire -  >> "[\r][\n]"
11:50:48.987 [main] DEBUG org.apache.http.headers - >> POST /admin_login HTTP/1.1
11:50:48.987 [main] DEBUG org.apache.http.headers - >> Accept: */*
11:50:48.987 [main] DEBUG org.apache.http.headers - >> Content-Type: application/json
11:50:48.987 [main] DEBUG org.apache.http.headers - >> Content-Length: 54
11:50:48.987 [main] DEBUG org.apache.http.headers - >> Host: 167.172.66.247:8002
11:50:48.987 [main] DEBUG org.apache.http.headers - >> Connection: Keep-Alive
11:50:48.987 [main] DEBUG org.apache.http.headers - >> User-Agent: Apache-HttpClient/4.5.13 (Java/17.0.7)
11:50:48.987 [main] DEBUG org.apache.http.headers - >> Accept-Encoding: gzip,deflate
11:50:48.987 [main] DEBUG org.apache.http.wire -  >> "{"password":"123456","email":"BalinkBarong@gmail.com"}"
11:50:49.047 [main] DEBUG org.apache.http.wire -  << "HTTP/1.1 200 OK[\r][\n]"
11:50:49.047 [main] DEBUG org.apache.http.wire -  << "Content-Type: application/json; charset=UTF-8[\r][\n]"
11:50:49.047 [main] DEBUG org.apache.http.wire -  << "Vary: Origin[\r][\n]"
11:50:49.047 [main] DEBUG org.apache.http.wire -  << "Date: Mon, 26 Jun 2023 04:50:49 GMT[\r][\n]"
11:50:49.047 [main] DEBUG org.apache.http.wire -  << "Content-Length: 851[\r][\n]"
11:50:49.047 [main] DEBUG org.apache.http.wire -  << "[\r][\n]"
11:50:49.047 [main] DEBUG org.apache.http.impl.conn.DefaultClientConnection - Receiving response: HTTP/1.1 200 OK
11:50:49.047 [main] DEBUG org.apache.http.headers - << HTTP/1.1 200 OK
11:50:49.047 [main] DEBUG org.apache.http.headers - << Content-Type: application/json; charset=UTF-8
11:50:49.047 [main] DEBUG org.apache.http.headers - << Vary: Origin
11:50:49.047 [main] DEBUG org.apache.http.headers - << Date: Mon, 26 Jun 2023 04:50:49 GMT
11:50:49.047 [main] DEBUG org.apache.http.headers - << Content-Length: 851
11:50:49.047 [main] DEBUG org.apache.http.impl.client.DefaultHttpClient - Connection can be kept alive indefinitely
11:50:49.047 [main] DEBUG io.restassured.internal.RestAssuredHttpBuilder - Parsing response as: application/json; charset=UTF-8
11:50:49.047 [main] DEBUG io.restassured.internal.RestAssuredHttpBuilder - Parsed data to instance of: class org.apache.http.conn.EofSensorInputStream
11:50:49.048 [main] DEBUG org.apache.http.wire -  << "{"data":{"profile_perusahaan":{"ID":1,"CreatedAt":"0001-01-01T00:00:00Z","UpdatedAt":"2023-06-25T16:52:02.995Z","DeletedAt":null,"nama":"Sean 1","deskripsi":"lorem ipsum","foto_profile":"123","email":"BalinkBarong@gmail.com","password":"123456","no_telepon":"0811111111111","whatsapp":"0811111111111","instagram":"@balink","facebook":"balink","alamat":"Kecamatan Kuta, Sebelah Selata Kota Denpasar, Bali","negara":"Indonesia","kode_pos":"16442","rekening_bca":"0","rekening_mandiri":"12345678910","rekening_bri":"12345678910","rekening_bni":"12345678910","rekening_btn":"12345678910","rekening_seabank":"0","rekening_bpd_bali":"12345678910"},"token":"eyJhbGciOiJIUzI1NiIsInR5cCI6IkpXVCJ9.eyJleHAiOjE2ODc3NzMwNDksImlkIjoxLCJpc3MiOiJxd2VydHkiLCJuYW1lIjoiU2VhbiAxIn0.P_rTq9s09qJOJnPmG7-etrxM-tK6Rx290QvjSeovoGM"},"message":"Login success","status":true}[\n]"
11:50:49.048 [main] DEBUG org.apache.http.impl.conn.BasicClientConnectionManager - Releasing connection org.apache.http.impl.conn.ManagedClientConnectionImpl@5ee76cf2
11:50:49.048 [main] DEBUG org.apache.http.impl.conn.BasicClientConnectionManager - Connection can be kept alive indefinitely
11:50:49.057 [main] DEBUG net.thucydides.core.steps.StepInterceptor - STEP DONE: admin send a HTTP request login in category in website
  &amp#27;[32mWhen &amp#27;[0m&amp#27;[32madmin send a HTTP request login in category in website&amp#27;[0m          &amp#27;[90m# starter.stepdefinitions.Website.categorySteps.adminSendAHTTPRequestLoginInCategoryInWebsite()&amp#27;[0m
11:50:49.059 [main] DEBUG net.thucydides.core.steps.StepInterceptor - STARTING STEP: categorySteps.adminSetTheGETApiEndpointCategory - admin set the GET api endpoint category
11:50:49.059 [main] DEBUG net.thucydides.core.steps.StepInterceptor - STEP DONE: admin set the GET api endpoint category
  &amp#27;[32mAnd &amp#27;[0m&amp#27;[32madmin set the GET api endpoint category&amp#27;[0m                          &amp#27;[90m# starter.stepdefinitions.Website.categorySteps.adminSetTheGETApiEndpointCategory()&amp#27;[0m
11:50:49.060 [main] DEBUG net.thucydides.core.steps.StepInterceptor - STARTING STEP: categorySteps.adminSentHTTPGETRequestGetCategoryByID - admin sent HTTP GET request get category by ID
11:50:49.061 [main] DEBUG net.thucydides.core.steps.StepInterceptor - STARTING STEP: category.adminSentHTTPGETRequestGetCategoryByID - admin set the GET api endpoint category
11:50:49.061 [main] DEBUG net.thucydides.core.steps.StepInterceptor - STEP DONE: admin set the GET api endpoint category
11:50:49.063 [main] DEBUG org.apache.http.impl.conn.BasicClientConnectionManager - Get connection for route {}->http://167.172.66.247:8002
11:50:49.063 [main] DEBUG org.apache.http.impl.conn.DefaultClientConnectionOperator - Connecting to 167.172.66.247:8002
11:50:49.097 [main] DEBUG org.apache.http.client.protocol.RequestAddCookies - CookieSpec selected: ignoreCookies
11:50:49.097 [main] DEBUG org.apache.http.client.protocol.RequestAuthCache - Auth cache not set in the context
11:50:49.097 [main] DEBUG org.apache.http.client.protocol.RequestTargetAuthentication - Target auth state: UNCHALLENGED
11:50:49.097 [main] DEBUG org.apache.http.client.protocol.RequestProxyAuthentication - Proxy auth state: UNCHALLENGED
11:50:49.097 [main] DEBUG org.apache.http.impl.client.DefaultHttpClient - Attempt 1 to execute request
11:50:49.097 [main] DEBUG org.apache.http.impl.conn.DefaultClientConnection - Sending request: GET /kategori_produk/2 HTTP/1.1
11:50:49.097 [main] DEBUG org.apache.http.wire -  >> "GET /kategori_produk/2 HTTP/1.1[\r][\n]"
11:50:49.097 [main] DEBUG org.apache.http.wire -  >> "Accept: */*[\r][\n]"
11:50:49.097 [main] DEBUG org.apache.http.wire -  >> "Host: 167.172.66.247:8002[\r][\n]"
11:50:49.097 [main] DEBUG org.apache.http.wire -  >> "Connection: Keep-Alive[\r][\n]"
11:50:49.097 [main] DEBUG org.apache.http.wire -  >> "User-Agent: Apache-HttpClient/4.5.13 (Java/17.0.7)[\r][\n]"
11:50:49.097 [main] DEBUG org.apache.http.wire -  >> "Accept-Encoding: gzip,deflate[\r][\n]"
11:50:49.097 [main] DEBUG org.apache.http.wire -  >> "[\r][\n]"
11:50:49.097 [main] DEBUG org.apache.http.headers - >> GET /kategori_produk/2 HTTP/1.1
11:50:49.097 [main] DEBUG org.apache.http.headers - >> Accept: */*
11:50:49.097 [main] DEBUG org.apache.http.headers - >> Host: 167.172.66.247:8002
11:50:49.097 [main] DEBUG org.apache.http.headers - >> Connection: Keep-Alive
11:50:49.097 [main] DEBUG org.apache.http.headers - >> User-Agent: Apache-HttpClient/4.5.13 (Java/17.0.7)
11:50:49.097 [main] DEBUG org.apache.http.headers - >> Accept-Encoding: gzip,deflate
11:50:49.157 [main] DEBUG org.apache.http.wire -  << "HTTP/1.1 400 Bad Request[\r][\n]"
11:50:49.157 [main] DEBUG org.apache.http.wire -  << "Content-Type: application/json; charset=UTF-8[\r][\n]"
11:50:49.157 [main] DEBUG org.apache.http.wire -  << "Vary: Origin[\r][\n]"
11:50:49.157 [main] DEBUG org.apache.http.wire -  << "Date: Mon, 26 Jun 2023 04:50:49 GMT[\r][\n]"
11:50:49.157 [main] DEBUG org.apache.http.wire -  << "Content-Length: 39[\r][\n]"
11:50:49.157 [main] DEBUG org.apache.http.wire -  << "[\r][\n]"
11:50:49.157 [main] DEBUG org.apache.http.impl.conn.DefaultClientConnection - Receiving response: HTTP/1.1 400 Bad Request
11:50:49.157 [main] DEBUG org.apache.http.headers - << HTTP/1.1 400 Bad Request
11:50:49.157 [main] DEBUG org.apache.http.headers - << Content-Type: application/json; charset=UTF-8
11:50:49.157 [main] DEBUG org.apache.http.headers - << Vary: Origin
11:50:49.157 [main] DEBUG org.apache.http.headers - << Date: Mon, 26 Jun 2023 04:50:49 GMT
11:50:49.157 [main] DEBUG org.apache.http.headers - << Content-Length: 39
11:50:49.157 [main] DEBUG org.apache.http.impl.client.DefaultHttpClient - Connection can be kept alive indefinitely
11:50:49.157 [main] DEBUG io.restassured.internal.RestAssuredHttpBuilder - Parsing response as: application/json; charset=UTF-8
11:50:49.157 [main] DEBUG io.restassured.internal.RestAssuredHttpBuilder - Parsed data to instance of: class org.apache.http.conn.EofSensorInputStream
11:50:49.158 [main] DEBUG org.apache.http.wire -  << "{"message":"missing or malformed jwt"}[\n]"
11:50:49.158 [main] DEBUG org.apache.http.impl.conn.BasicClientConnectionManager - Releasing connection org.apache.http.impl.conn.ManagedClientConnectionImpl@3c2e73ce
11:50:49.158 [main] DEBUG org.apache.http.impl.conn.BasicClientConnectionManager - Connection can be kept alive indefinitely
11:50:49.158 [main] DEBUG net.thucydides.core.steps.StepInterceptor - STEP DONE: admin sent HTTP GET request get category by ID
  &amp#27;[32mAnd &amp#27;[0m&amp#27;[32madmin sent HTTP GET request get category by ID&amp#27;[0m                   &amp#27;[90m# starter.stepdefinitions.Website.categorySteps.adminSentHTTPGETRequestGetCategoryByID()&amp#27;[0m
11:50:49.160 [main] DEBUG net.thucydides.core.steps.StepInterceptor - STARTING STEP: categorySteps.adminReceiveAValidLoginAndCategoryHTTPResponseCode - admin receive a valid login and category HTTP response code 200
11:50:49.160 [main] DEBUG net.thucydides.core.steps.StepInterceptor - STARTING STEP: category.adminReceiveAValidLoginAndCategoryHTTPResponseCode200 - admin set the POST api endpoint category
11:50:49.160 [main] DEBUG net.thucydides.core.steps.StepInterceptor - STEP DONE: admin set the POST api endpoint category
11:50:49.162 [main] DEBUG org.apache.http.impl.conn.BasicClientConnectionManager - Get connection for route {}->http://167.172.66.247:8002
11:50:49.162 [main] DEBUG org.apache.http.impl.conn.DefaultClientConnectionOperator - Connecting to 167.172.66.247:8002
11:50:49.197 [main] DEBUG org.apache.http.client.protocol.RequestAddCookies - CookieSpec selected: ignoreCookies
11:50:49.197 [main] DEBUG org.apache.http.client.protocol.RequestAuthCache - Auth cache not set in the context
11:50:49.197 [main] DEBUG org.apache.http.client.protocol.RequestProxyAuthentication - Proxy auth state: UNCHALLENGED
11:50:49.197 [main] DEBUG org.apache.http.impl.client.DefaultHttpClient - Attempt 1 to execute request
11:50:49.197 [main] DEBUG org.apache.http.impl.conn.DefaultClientConnection - Sending request: GET /kategori_produk HTTP/1.1
11:50:49.197 [main] DEBUG org.apache.http.wire -  >> "GET /kategori_produk HTTP/1.1[\r][\n]"
11:50:49.197 [main] DEBUG org.apache.http.wire -  >> "Authorization: Bearer eyJhbGciOiJIUzI1NiIsInR5cCI6IkpXVCJ9.eyJleHAiOjE2ODc3NzMwNDksImlkIjoxLCJpc3MiOiJxd2VydHkiLCJuYW1lIjoiU2VhbiAxIn0.P_rTq9s09qJOJnPmG7-etrxM-tK6Rx290QvjSeovoGM[\r][\n]"
11:50:49.197 [main] DEBUG org.apache.http.wire -  >> "Accept: */*[\r][\n]"
11:50:49.197 [main] DEBUG org.apache.http.wire -  >> "Host: 167.172.66.247:8002[\r][\n]"
11:50:49.197 [main] DEBUG org.apache.http.wire -  >> "Connection: Keep-Alive[\r][\n]"
11:50:49.197 [main] DEBUG org.apache.http.wire -  >> "User-Agent: Apache-HttpClient/4.5.13 (Java/17.0.7)[\r][\n]"
11:50:49.197 [main] DEBUG org.apache.http.wire -  >> "Accept-Encoding: gzip,deflate[\r][\n]"
11:50:49.197 [main] DEBUG org.apache.http.wire -  >> "[\r][\n]"
11:50:49.197 [main] DEBUG org.apache.http.headers - >> GET /kategori_produk HTTP/1.1
11:50:49.197 [main] DEBUG org.apache.http.headers - >> Authorization: Bearer eyJhbGciOiJIUzI1NiIsInR5cCI6IkpXVCJ9.eyJleHAiOjE2ODc3NzMwNDksImlkIjoxLCJpc3MiOiJxd2VydHkiLCJuYW1lIjoiU2VhbiAxIn0.P_rTq9s09qJOJnPmG7-etrxM-tK6Rx290QvjSeovoGM
11:50:49.197 [main] DEBUG org.apache.http.headers - >> Accept: */*
11:50:49.197 [main] DEBUG org.apache.http.headers - >> Host: 167.172.66.247:8002
11:50:49.197 [main] DEBUG org.apache.http.headers - >> Connection: Keep-Alive
11:50:49.197 [main] DEBUG org.apache.http.headers - >> User-Agent: Apache-HttpClient/4.5.13 (Java/17.0.7)
11:50:49.197 [main] DEBUG org.apache.http.headers - >> Accept-Encoding: gzip,deflate
11:50:49.267 [main] DEBUG org.apache.http.wire -  << "HTTP/1.1 200 OK[\r][\n]"
11:50:49.267 [main] DEBUG org.apache.http.wire -  << "Content-Type: application/json; charset=UTF-8[\r][\n]"
11:50:49.267 [main] DEBUG org.apache.http.wire -  << "Vary: Origin[\r][\n]"
11:50:49.267 [main] DEBUG org.apache.http.wire -  << "Date: Mon, 26 Jun 2023 04:50:49 GMT[\r][\n]"
11:50:49.267 [main] DEBUG org.apache.http.wire -  << "Content-Length: 966[\r][\n]"
11:50:49.267 [main] DEBUG org.apache.http.wire -  << "[\r][\n]"
11:50:49.267 [main] DEBUG org.apache.http.impl.conn.DefaultClientConnection - Receiving response: HTTP/1.1 200 OK
11:50:49.267 [main] DEBUG org.apache.http.headers - << HTTP/1.1 200 OK
11:50:49.267 [main] DEBUG org.apache.http.headers - << Content-Type: application/json; charset=UTF-8
11:50:49.267 [main] DEBUG org.apache.http.headers - << Vary: Origin
11:50:49.267 [main] DEBUG org.apache.http.headers - << Date: Mon, 26 Jun 2023 04:50:49 GMT
11:50:49.267 [main] DEBUG org.apache.http.headers - << Content-Length: 966
11:50:49.267 [main] DEBUG org.apache.http.impl.client.DefaultHttpClient - Connection can be kept alive indefinitely
11:50:49.267 [main] DEBUG io.restassured.internal.RestAssuredHttpBuilder - Parsing response as: application/json; charset=UTF-8
11:50:49.267 [main] DEBUG io.restassured.internal.RestAssuredHttpBuilder - Parsed data to instance of: class org.apache.http.conn.EofSensorInputStream
11:50:49.269 [main] DEBUG org.apache.http.wire -  << "{"data":{"data":[{"ID":34,"CreatedAt":"2023-06-25T14:17:38.826Z","UpdatedAt":"2023-06-25T14:46:59.631Z","DeletedAt":null,"nama":"Patung","deskripsi":"Patung ciri khas bali"},{"ID":35,"CreatedAt":"2023-06-25T15:52:54.596Z","UpdatedAt":"2023-06-25T15:52:54.596Z","DeletedAt":null,"nama":"Celana Chino","deskripsi":"Tersedia size 27, 28, 29 dan 30"},{"ID":36,"CreatedAt":"2023-06-25T16:33:33.249Z","UpdatedAt":"2023-06-25T16:33:33.249Z","DeletedAt":null,"nama":"Celana Chino","deskripsi":"Tersedia size 27, 28, 29 dan 30"},{"ID":37,"CreatedAt":"2023-06-25T16:39:42.634Z","UpdatedAt":"2023-06-25T16:39:42.634Z","DeletedAt":null,"nama":"Celana Chino","deskripsi":"Tersedia size 27, 28, 29 dan 30"},{"ID":38,"CreatedAt":"2023-06-25T16:47:20.818Z","UpdatedAt":"2023-06-25T16:47:20.818Z","DeletedAt":null,"nama":"Celana Chino","deskripsi":"Tersedia size 27, 28, 29 dan 30"}],"data_shown":5,"page":1,"total_data":5},"message":"Get all Kategori Produk success","status":true}[\n]"
11:50:49.269 [main] DEBUG org.apache.http.impl.conn.BasicClientConnectionManager - Releasing connection org.apache.http.impl.conn.ManagedClientConnectionImpl@2eb0932c
11:50:49.269 [main] DEBUG org.apache.http.impl.conn.BasicClientConnectionManager - Connection can be kept alive indefinitely
11:50:49.270 [main] DEBUG net.thucydides.core.steps.StepInterceptor - STEP DONE: admin receive a valid login and category HTTP response code 200
  &amp#27;[32mThen &amp#27;[0m&amp#27;[32madmin receive a valid login and category HTTP response code &amp#27;[0m&amp#27;[32m&amp#27;[1m200&amp#27;[0m &amp#27;[90m# starter.stepdefinitions.Website.categorySteps.adminReceiveAValidLoginAndCategoryHTTPResponseCode(int)&amp#27;[0m
11:50:49.271 [main] INFO  - 
  _____   ___   ___   _____     ___     _     ___   ___   ___   ___  
 |_   _| | __| / __| |_   _|   | _ \   /_\   / __| / __| | __| |   \ 
   | |   | _|  \__ \   | |     |  _/  / _ \  \__ \ \__ \ | _|  | |) |
   |_|   |___| |___/   |_|     |_|   /_/ \_\ |___/ |___/ |___| |___/ 

As admin, I can get all category data
----------------------------------------------------------------------
]]></system-out>
  </testcase>
  <testcase name="As admin, I can edit category data by ID" classname="As admin, I want to create, put, delete and get category and category by ID" time="0.325">
    <system-out><![CDATA[
@TCCATEGORY03
Scenario: As admin, I can edit category data by ID                     &amp#27;[90m# src/test/resources/Feature/Api/Website/Category.feature:22&amp#27;[0m
11:50:49.282 [main] INFO io.cucumber.core.plugin.SerenityReporter - Running feature from file:///Users/macbookpro/Documents/Capstone_API_CI/src/test/resources/Feature/Api/Website/Category.feature
11:50:49.282 [main] WARN io.cucumber.core.plugin.SerenityReporter - Feature from file:///Users/macbookpro/Documents/Capstone_API_CI/src/test/resources/Feature/Api/Website/Category.feature is not under the 'features' directory. Requirements report will not be correctly generated!
11:50:49.283 [main] INFO  - 
  _____   ___   ___   _____     ___   _____     _     ___   _____   ___   ___  
 |_   _| | __| / __| |_   _|   / __| |_   _|   /_\   | _ \ |_   _| | __| |   \ 
   | |   | _|  \__ \   | |     \__ \   | |    / _ \  |   /   | |   | _|  | |) |
   |_|   |___| |___/   |_|     |___/   |_|   /_/ \_\ |_|_\   |_|   |___| |___/ 

As admin, I can edit category data by ID(as-admin--i-want-to-create--put--delete-and-get-category-and-category-by-id;as-admin--i-can-edit-category-data-by-id)
--------------------------------------------------------------------------------
11:50:49.285 [main] DEBUG net.thucydides.core.steps.StepInterceptor - STARTING STEP: categorySteps.adminSetUpApiEndpointLoginInCategoryInWebsite - admin set up api endpoint login in category in website
11:50:49.286 [main] DEBUG net.thucydides.core.steps.StepInterceptor - STEP DONE: admin set up api endpoint login in category in website
  &amp#27;[32mGiven &amp#27;[0m&amp#27;[32madmin set up api endpoint login in category in website&amp#27;[0m         &amp#27;[90m# starter.stepdefinitions.Website.categorySteps.adminSetUpApiEndpointLoginInCategoryInWebsite()&amp#27;[0m
11:50:49.286 [main] DEBUG net.thucydides.core.steps.StepInterceptor - STARTING STEP: categorySteps.adminSendAHTTPRequestLoginInCategoryInWebsite - admin send a HTTP request login in category in website
11:50:49.287 [main] DEBUG net.thucydides.core.steps.StepInterceptor - STARTING STEP: category.adminSendAHTTPRequestLoginInCategoryInWebsite - admin set up api endpoint login in category in website
11:50:49.287 [main] DEBUG net.thucydides.core.steps.StepInterceptor - STEP DONE: admin set up api endpoint login in category in website
11:50:49.289 [main] DEBUG org.apache.http.impl.conn.BasicClientConnectionManager - Get connection for route {}->http://167.172.66.247:8002
11:50:49.289 [main] DEBUG org.apache.http.impl.conn.DefaultClientConnectionOperator - Connecting to 167.172.66.247:8002
11:50:49.327 [main] DEBUG org.apache.http.client.protocol.RequestAddCookies - CookieSpec selected: ignoreCookies
11:50:49.327 [main] DEBUG org.apache.http.client.protocol.RequestAuthCache - Auth cache not set in the context
11:50:49.327 [main] DEBUG org.apache.http.client.protocol.RequestTargetAuthentication - Target auth state: UNCHALLENGED
11:50:49.327 [main] DEBUG org.apache.http.client.protocol.RequestProxyAuthentication - Proxy auth state: UNCHALLENGED
11:50:49.327 [main] DEBUG org.apache.http.impl.client.DefaultHttpClient - Attempt 1 to execute request
11:50:49.327 [main] DEBUG org.apache.http.impl.conn.DefaultClientConnection - Sending request: POST /admin_login HTTP/1.1
11:50:49.327 [main] DEBUG org.apache.http.wire -  >> "POST /admin_login HTTP/1.1[\r][\n]"
11:50:49.327 [main] DEBUG org.apache.http.wire -  >> "Accept: */*[\r][\n]"
11:50:49.327 [main] DEBUG org.apache.http.wire -  >> "Content-Type: application/json[\r][\n]"
11:50:49.327 [main] DEBUG org.apache.http.wire -  >> "Content-Length: 54[\r][\n]"
11:50:49.327 [main] DEBUG org.apache.http.wire -  >> "Host: 167.172.66.247:8002[\r][\n]"
11:50:49.327 [main] DEBUG org.apache.http.wire -  >> "Connection: Keep-Alive[\r][\n]"
11:50:49.327 [main] DEBUG org.apache.http.wire -  >> "User-Agent: Apache-HttpClient/4.5.13 (Java/17.0.7)[\r][\n]"
11:50:49.327 [main] DEBUG org.apache.http.wire -  >> "Accept-Encoding: gzip,deflate[\r][\n]"
11:50:49.327 [main] DEBUG org.apache.http.wire -  >> "[\r][\n]"
11:50:49.327 [main] DEBUG org.apache.http.headers - >> POST /admin_login HTTP/1.1
11:50:49.327 [main] DEBUG org.apache.http.headers - >> Accept: */*
11:50:49.327 [main] DEBUG org.apache.http.headers - >> Content-Type: application/json
11:50:49.327 [main] DEBUG org.apache.http.headers - >> Content-Length: 54
11:50:49.327 [main] DEBUG org.apache.http.headers - >> Host: 167.172.66.247:8002
11:50:49.327 [main] DEBUG org.apache.http.headers - >> Connection: Keep-Alive
11:50:49.327 [main] DEBUG org.apache.http.headers - >> User-Agent: Apache-HttpClient/4.5.13 (Java/17.0.7)
11:50:49.327 [main] DEBUG org.apache.http.headers - >> Accept-Encoding: gzip,deflate
11:50:49.327 [main] DEBUG org.apache.http.wire -  >> "{"password":"123456","email":"BalinkBarong@gmail.com"}"
11:50:49.397 [main] DEBUG org.apache.http.wire -  << "HTTP/1.1 200 OK[\r][\n]"
11:50:49.397 [main] DEBUG org.apache.http.wire -  << "Content-Type: application/json; charset=UTF-8[\r][\n]"
11:50:49.397 [main] DEBUG org.apache.http.wire -  << "Vary: Origin[\r][\n]"
11:50:49.397 [main] DEBUG org.apache.http.wire -  << "Date: Mon, 26 Jun 2023 04:50:49 GMT[\r][\n]"
11:50:49.397 [main] DEBUG org.apache.http.wire -  << "Content-Length: 851[\r][\n]"
11:50:49.397 [main] DEBUG org.apache.http.wire -  << "[\r][\n]"
11:50:49.397 [main] DEBUG org.apache.http.impl.conn.DefaultClientConnection - Receiving response: HTTP/1.1 200 OK
11:50:49.397 [main] DEBUG org.apache.http.headers - << HTTP/1.1 200 OK
11:50:49.397 [main] DEBUG org.apache.http.headers - << Content-Type: application/json; charset=UTF-8
11:50:49.397 [main] DEBUG org.apache.http.headers - << Vary: Origin
11:50:49.397 [main] DEBUG org.apache.http.headers - << Date: Mon, 26 Jun 2023 04:50:49 GMT
11:50:49.397 [main] DEBUG org.apache.http.headers - << Content-Length: 851
11:50:49.397 [main] DEBUG org.apache.http.impl.client.DefaultHttpClient - Connection can be kept alive indefinitely
11:50:49.397 [main] DEBUG io.restassured.internal.RestAssuredHttpBuilder - Parsing response as: application/json; charset=UTF-8
11:50:49.397 [main] DEBUG io.restassured.internal.RestAssuredHttpBuilder - Parsed data to instance of: class org.apache.http.conn.EofSensorInputStream
11:50:49.397 [main] DEBUG org.apache.http.wire -  << "{"data":{"profile_perusahaan":{"ID":1,"CreatedAt":"0001-01-01T00:00:00Z","UpdatedAt":"2023-06-25T16:52:02.995Z","DeletedAt":null,"nama":"Sean 1","deskripsi":"lorem ipsum","foto_profile":"123","email":"BalinkBarong@gmail.com","password":"123456","no_telepon":"0811111111111","whatsapp":"0811111111111","instagram":"@balink","facebook":"balink","alamat":"Kecamatan Kuta, Sebelah Selata Kota Denpasar, Bali","negara":"Indonesia","kode_pos":"16442","rekening_bca":"0","rekening_mandiri":"12345678910","rekening_bri":"12345678910","rekening_bni":"12345678910","rekening_btn":"12345678910","rekening_seabank":"0","rekening_bpd_bali":"12345678910"},"token":"eyJhbGciOiJIUzI1NiIsInR5cCI6IkpXVCJ9.eyJleHAiOjE2ODc3NzMwNDksImlkIjoxLCJpc3MiOiJxd2VydHkiLCJuYW1lIjoiU2VhbiAxIn0.P_rTq9s09qJOJnPmG7-etrxM-tK6Rx290QvjSeovoGM"},"message":"Login success","status":true}[\n]"
11:50:49.397 [main] DEBUG org.apache.http.impl.conn.BasicClientConnectionManager - Releasing connection org.apache.http.impl.conn.ManagedClientConnectionImpl@25d87313
11:50:49.397 [main] DEBUG org.apache.http.impl.conn.BasicClientConnectionManager - Connection can be kept alive indefinitely
11:50:49.400 [main] DEBUG net.thucydides.core.steps.StepInterceptor - STEP DONE: admin send a HTTP request login in category in website
  &amp#27;[32mWhen &amp#27;[0m&amp#27;[32madmin send a HTTP request login in category in website&amp#27;[0m          &amp#27;[90m# starter.stepdefinitions.Website.categorySteps.adminSendAHTTPRequestLoginInCategoryInWebsite()&amp#27;[0m
11:50:49.401 [main] DEBUG net.thucydides.core.steps.StepInterceptor - STARTING STEP: categorySteps.adminSetThePUTApiEndpointCategory - admin set the PUT api endpoint category
11:50:49.401 [main] DEBUG net.thucydides.core.steps.StepInterceptor - STEP DONE: admin set the PUT api endpoint category
  &amp#27;[32mAnd &amp#27;[0m&amp#27;[32madmin set the PUT api endpoint category&amp#27;[0m                          &amp#27;[90m# starter.stepdefinitions.Website.categorySteps.adminSetThePUTApiEndpointCategory()&amp#27;[0m
11:50:49.401 [main] DEBUG net.thucydides.core.steps.StepInterceptor - STARTING STEP: categorySteps.adminSentHTTPPUTRequestCategoryByID - admin sent HTTP PUT request category by ID
11:50:49.402 [main] DEBUG net.thucydides.core.steps.StepInterceptor - STARTING STEP: category.adminSentHTTPPUTRequestCategoryByID - admin set the PUT api endpoint category
11:50:49.402 [main] DEBUG net.thucydides.core.steps.StepInterceptor - STEP DONE: admin set the PUT api endpoint category
11:50:49.403 [main] DEBUG org.apache.http.impl.conn.BasicClientConnectionManager - Get connection for route {}->http://167.172.66.247:8002
11:50:49.403 [main] DEBUG org.apache.http.impl.conn.DefaultClientConnectionOperator - Connecting to 167.172.66.247:8002
11:50:49.437 [main] DEBUG org.apache.http.client.protocol.RequestAddCookies - CookieSpec selected: ignoreCookies
11:50:49.437 [main] DEBUG org.apache.http.client.protocol.RequestAuthCache - Auth cache not set in the context
11:50:49.437 [main] DEBUG org.apache.http.client.protocol.RequestTargetAuthentication - Target auth state: UNCHALLENGED
11:50:49.437 [main] DEBUG org.apache.http.client.protocol.RequestProxyAuthentication - Proxy auth state: UNCHALLENGED
11:50:49.437 [main] DEBUG org.apache.http.impl.client.DefaultHttpClient - Attempt 1 to execute request
11:50:49.437 [main] DEBUG org.apache.http.impl.conn.DefaultClientConnection - Sending request: PUT /kategori_produk/1 HTTP/1.1
11:50:49.437 [main] DEBUG org.apache.http.wire -  >> "PUT /kategori_produk/1 HTTP/1.1[\r][\n]"
11:50:49.437 [main] DEBUG org.apache.http.wire -  >> "Accept: */*[\r][\n]"
11:50:49.437 [main] DEBUG org.apache.http.wire -  >> "Content-Type: application/json[\r][\n]"
11:50:49.437 [main] DEBUG org.apache.http.wire -  >> "Content-Length: 81[\r][\n]"
11:50:49.437 [main] DEBUG org.apache.http.wire -  >> "Host: 167.172.66.247:8002[\r][\n]"
11:50:49.437 [main] DEBUG org.apache.http.wire -  >> "Connection: Keep-Alive[\r][\n]"
11:50:49.437 [main] DEBUG org.apache.http.wire -  >> "User-Agent: Apache-HttpClient/4.5.13 (Java/17.0.7)[\r][\n]"
11:50:49.437 [main] DEBUG org.apache.http.wire -  >> "Accept-Encoding: gzip,deflate[\r][\n]"
11:50:49.437 [main] DEBUG org.apache.http.wire -  >> "[\r][\n]"
11:50:49.437 [main] DEBUG org.apache.http.headers - >> PUT /kategori_produk/1 HTTP/1.1
11:50:49.437 [main] DEBUG org.apache.http.headers - >> Accept: */*
11:50:49.437 [main] DEBUG org.apache.http.headers - >> Content-Type: application/json
11:50:49.437 [main] DEBUG org.apache.http.headers - >> Content-Length: 81
11:50:49.437 [main] DEBUG org.apache.http.headers - >> Host: 167.172.66.247:8002
11:50:49.437 [main] DEBUG org.apache.http.headers - >> Connection: Keep-Alive
11:50:49.437 [main] DEBUG org.apache.http.headers - >> User-Agent: Apache-HttpClient/4.5.13 (Java/17.0.7)
11:50:49.437 [main] DEBUG org.apache.http.headers - >> Accept-Encoding: gzip,deflate
11:50:49.437 [main] DEBUG org.apache.http.wire -  >> "[[\n]"
11:50:49.437 [main] DEBUG org.apache.http.wire -  >> "{"nama":"Perhiasan 2","deskripsi":"Aksessoris Cantik dan berkualitas tinggi"}[\n]"
11:50:49.437 [main] DEBUG org.apache.http.wire -  >> "]"
11:50:49.497 [main] DEBUG org.apache.http.wire -  << "HTTP/1.1 400 Bad Request[\r][\n]"
11:50:49.497 [main] DEBUG org.apache.http.wire -  << "Content-Type: application/json; charset=UTF-8[\r][\n]"
11:50:49.497 [main] DEBUG org.apache.http.wire -  << "Vary: Origin[\r][\n]"
11:50:49.497 [main] DEBUG org.apache.http.wire -  << "Date: Mon, 26 Jun 2023 04:50:49 GMT[\r][\n]"
11:50:49.497 [main] DEBUG org.apache.http.wire -  << "Content-Length: 39[\r][\n]"
11:50:49.497 [main] DEBUG org.apache.http.wire -  << "[\r][\n]"
11:50:49.497 [main] DEBUG org.apache.http.impl.conn.DefaultClientConnection - Receiving response: HTTP/1.1 400 Bad Request
11:50:49.497 [main] DEBUG org.apache.http.headers - << HTTP/1.1 400 Bad Request
11:50:49.497 [main] DEBUG org.apache.http.headers - << Content-Type: application/json; charset=UTF-8
11:50:49.497 [main] DEBUG org.apache.http.headers - << Vary: Origin
11:50:49.497 [main] DEBUG org.apache.http.headers - << Date: Mon, 26 Jun 2023 04:50:49 GMT
11:50:49.497 [main] DEBUG org.apache.http.headers - << Content-Length: 39
11:50:49.497 [main] DEBUG org.apache.http.impl.client.DefaultHttpClient - Connection can be kept alive indefinitely
11:50:49.497 [main] DEBUG io.restassured.internal.RestAssuredHttpBuilder - Parsing response as: application/json; charset=UTF-8
11:50:49.497 [main] DEBUG io.restassured.internal.RestAssuredHttpBuilder - Parsed data to instance of: class org.apache.http.conn.EofSensorInputStream
11:50:49.497 [main] DEBUG org.apache.http.wire -  << "{"message":"missing or malformed jwt"}[\n]"
11:50:49.497 [main] DEBUG org.apache.http.impl.conn.BasicClientConnectionManager - Releasing connection org.apache.http.impl.conn.ManagedClientConnectionImpl@5f1dadf4
11:50:49.497 [main] DEBUG org.apache.http.impl.conn.BasicClientConnectionManager - Connection can be kept alive indefinitely
11:50:49.497 [main] DEBUG net.thucydides.core.steps.StepInterceptor - STEP DONE: admin sent HTTP PUT request category by ID
  &amp#27;[32mAnd &amp#27;[0m&amp#27;[32madmin sent HTTP PUT request category by ID&amp#27;[0m                       &amp#27;[90m# starter.stepdefinitions.Website.categorySteps.adminSentHTTPPUTRequestCategoryByID()&amp#27;[0m
11:50:49.498 [main] DEBUG net.thucydides.core.steps.StepInterceptor - STARTING STEP: categorySteps.adminReceiveAValidLoginAndCategoryHTTPResponseCode - admin receive a valid login and category HTTP response code 200
11:50:49.498 [main] DEBUG net.thucydides.core.steps.StepInterceptor - STARTING STEP: category.adminReceiveAValidLoginAndCategoryHTTPResponseCode200 - admin set the POST api endpoint category
11:50:49.498 [main] DEBUG net.thucydides.core.steps.StepInterceptor - STEP DONE: admin set the POST api endpoint category
11:50:49.499 [main] DEBUG org.apache.http.impl.conn.BasicClientConnectionManager - Get connection for route {}->http://167.172.66.247:8002
11:50:49.499 [main] DEBUG org.apache.http.impl.conn.DefaultClientConnectionOperator - Connecting to 167.172.66.247:8002
11:50:49.537 [main] DEBUG org.apache.http.client.protocol.RequestAddCookies - CookieSpec selected: ignoreCookies
11:50:49.537 [main] DEBUG org.apache.http.client.protocol.RequestAuthCache - Auth cache not set in the context
11:50:49.537 [main] DEBUG org.apache.http.client.protocol.RequestProxyAuthentication - Proxy auth state: UNCHALLENGED
11:50:49.537 [main] DEBUG org.apache.http.impl.client.DefaultHttpClient - Attempt 1 to execute request
11:50:49.537 [main] DEBUG org.apache.http.impl.conn.DefaultClientConnection - Sending request: GET /kategori_produk HTTP/1.1
11:50:49.537 [main] DEBUG org.apache.http.wire -  >> "GET /kategori_produk HTTP/1.1[\r][\n]"
11:50:49.537 [main] DEBUG org.apache.http.wire -  >> "Authorization: Bearer eyJhbGciOiJIUzI1NiIsInR5cCI6IkpXVCJ9.eyJleHAiOjE2ODc3NzMwNDksImlkIjoxLCJpc3MiOiJxd2VydHkiLCJuYW1lIjoiU2VhbiAxIn0.P_rTq9s09qJOJnPmG7-etrxM-tK6Rx290QvjSeovoGM[\r][\n]"
11:50:49.537 [main] DEBUG org.apache.http.wire -  >> "Accept: */*[\r][\n]"
11:50:49.537 [main] DEBUG org.apache.http.wire -  >> "Host: 167.172.66.247:8002[\r][\n]"
11:50:49.537 [main] DEBUG org.apache.http.wire -  >> "Connection: Keep-Alive[\r][\n]"
11:50:49.537 [main] DEBUG org.apache.http.wire -  >> "User-Agent: Apache-HttpClient/4.5.13 (Java/17.0.7)[\r][\n]"
11:50:49.537 [main] DEBUG org.apache.http.wire -  >> "Accept-Encoding: gzip,deflate[\r][\n]"
11:50:49.537 [main] DEBUG org.apache.http.wire -  >> "[\r][\n]"
11:50:49.537 [main] DEBUG org.apache.http.headers - >> GET /kategori_produk HTTP/1.1
11:50:49.537 [main] DEBUG org.apache.http.headers - >> Authorization: Bearer eyJhbGciOiJIUzI1NiIsInR5cCI6IkpXVCJ9.eyJleHAiOjE2ODc3NzMwNDksImlkIjoxLCJpc3MiOiJxd2VydHkiLCJuYW1lIjoiU2VhbiAxIn0.P_rTq9s09qJOJnPmG7-etrxM-tK6Rx290QvjSeovoGM
11:50:49.537 [main] DEBUG org.apache.http.headers - >> Accept: */*
11:50:49.537 [main] DEBUG org.apache.http.headers - >> Host: 167.172.66.247:8002
11:50:49.537 [main] DEBUG org.apache.http.headers - >> Connection: Keep-Alive
11:50:49.537 [main] DEBUG org.apache.http.headers - >> User-Agent: Apache-HttpClient/4.5.13 (Java/17.0.7)
11:50:49.537 [main] DEBUG org.apache.http.headers - >> Accept-Encoding: gzip,deflate
11:50:49.597 [main] DEBUG org.apache.http.wire -  << "HTTP/1.1 200 OK[\r][\n]"
11:50:49.597 [main] DEBUG org.apache.http.wire -  << "Content-Type: application/json; charset=UTF-8[\r][\n]"
11:50:49.597 [main] DEBUG org.apache.http.wire -  << "Vary: Origin[\r][\n]"
11:50:49.597 [main] DEBUG org.apache.http.wire -  << "Date: Mon, 26 Jun 2023 04:50:49 GMT[\r][\n]"
11:50:49.597 [main] DEBUG org.apache.http.wire -  << "Content-Length: 966[\r][\n]"
11:50:49.597 [main] DEBUG org.apache.http.wire -  << "[\r][\n]"
11:50:49.597 [main] DEBUG org.apache.http.impl.conn.DefaultClientConnection - Receiving response: HTTP/1.1 200 OK
11:50:49.597 [main] DEBUG org.apache.http.headers - << HTTP/1.1 200 OK
11:50:49.597 [main] DEBUG org.apache.http.headers - << Content-Type: application/json; charset=UTF-8
11:50:49.597 [main] DEBUG org.apache.http.headers - << Vary: Origin
11:50:49.597 [main] DEBUG org.apache.http.headers - << Date: Mon, 26 Jun 2023 04:50:49 GMT
11:50:49.597 [main] DEBUG org.apache.http.headers - << Content-Length: 966
11:50:49.597 [main] DEBUG org.apache.http.impl.client.DefaultHttpClient - Connection can be kept alive indefinitely
11:50:49.597 [main] DEBUG io.restassured.internal.RestAssuredHttpBuilder - Parsing response as: application/json; charset=UTF-8
11:50:49.597 [main] DEBUG io.restassured.internal.RestAssuredHttpBuilder - Parsed data to instance of: class org.apache.http.conn.EofSensorInputStream
11:50:49.597 [main] DEBUG org.apache.http.wire -  << "{"data":{"data":[{"ID":34,"CreatedAt":"2023-06-25T14:17:38.826Z","UpdatedAt":"2023-06-25T14:46:59.631Z","DeletedAt":null,"nama":"Patung","deskripsi":"Patung ciri khas bali"},{"ID":35,"CreatedAt":"2023-06-25T15:52:54.596Z","UpdatedAt":"2023-06-25T15:52:54.596Z","DeletedAt":null,"nama":"Celana Chino","deskripsi":"Tersedia size 27, 28, 29 dan 30"},{"ID":36,"CreatedAt":"2023-06-25T16:33:33.249Z","UpdatedAt":"2023-06-25T16:33:33.249Z","DeletedAt":null,"nama":"Celana Chino","deskripsi":"Tersedia size 27, 28, 29 dan 30"},{"ID":37,"CreatedAt":"2023-06-25T16:39:42.634Z","UpdatedAt":"2023-06-25T16:39:42.634Z","DeletedAt":null,"nama":"Celana Chino","deskripsi":"Tersedia size 27, 28, 29 dan 30"},{"ID":38,"CreatedAt":"2023-06-25T16:47:20.818Z","UpdatedAt":"2023-06-25T16:47:20.818Z","DeletedAt":null,"nama":"Celana Chino","deskripsi":"Tersedia size 27, 28, 29 dan 30"}],"data_shown":5,"page":1,"total_data":5},"message":"Get all Kategori Produk success","status":true}[\n]"
11:50:49.597 [main] DEBUG org.apache.http.impl.conn.BasicClientConnectionManager - Releasing connection org.apache.http.impl.conn.ManagedClientConnectionImpl@6b888692
11:50:49.597 [main] DEBUG org.apache.http.impl.conn.BasicClientConnectionManager - Connection can be kept alive indefinitely
11:50:49.597 [main] DEBUG net.thucydides.core.steps.StepInterceptor - STEP DONE: admin receive a valid login and category HTTP response code 200
  &amp#27;[32mThen &amp#27;[0m&amp#27;[32madmin receive a valid login and category HTTP response code &amp#27;[0m&amp#27;[32m&amp#27;[1m200&amp#27;[0m &amp#27;[90m# starter.stepdefinitions.Website.categorySteps.adminReceiveAValidLoginAndCategoryHTTPResponseCode(int)&amp#27;[0m
11:50:49.598 [main] INFO  - 
  _____   ___   ___   _____     ___     _     ___   ___   ___   ___  
 |_   _| | __| / __| |_   _|   | _ \   /_\   / __| / __| | __| |   \ 
   | |   | _|  \__ \   | |     |  _/  / _ \  \__ \ \__ \ | _|  | |) |
   |_|   |___| |___/   |_|     |_|   /_/ \_\ |___/ |___/ |___| |___/ 

As admin, I can edit category data by ID
----------------------------------------------------------------------
]]></system-out>
  </testcase>
  <testcase name="As admin, I can delete category data by ID" classname="As admin, I want to create, put, delete and get category and category by ID" time="0.334">
    <system-out><![CDATA[
@TCCATEGORY04
Scenario: As admin, I can delete category data by ID                   &amp#27;[90m# src/test/resources/Feature/Api/Website/Category.feature:31&amp#27;[0m
11:50:49.602 [main] INFO io.cucumber.core.plugin.SerenityReporter - Running feature from file:///Users/macbookpro/Documents/Capstone_API_CI/src/test/resources/Feature/Api/Website/Category.feature
11:50:49.602 [main] WARN io.cucumber.core.plugin.SerenityReporter - Feature from file:///Users/macbookpro/Documents/Capstone_API_CI/src/test/resources/Feature/Api/Website/Category.feature is not under the 'features' directory. Requirements report will not be correctly generated!
11:50:49.602 [main] INFO  - 
  _____   ___   ___   _____     ___   _____     _     ___   _____   ___   ___  
 |_   _| | __| / __| |_   _|   / __| |_   _|   /_\   | _ \ |_   _| | __| |   \ 
   | |   | _|  \__ \   | |     \__ \   | |    / _ \  |   /   | |   | _|  | |) |
   |_|   |___| |___/   |_|     |___/   |_|   /_/ \_\ |_|_\   |_|   |___| |___/ 

As admin, I can delete category data by ID(as-admin--i-want-to-create--put--delete-and-get-category-and-category-by-id;as-admin--i-can-delete-category-data-by-id)
--------------------------------------------------------------------------------
11:50:49.603 [main] DEBUG net.thucydides.core.steps.StepInterceptor - STARTING STEP: categorySteps.adminSetUpApiEndpointLoginInCategoryInWebsite - admin set up api endpoint login in category in website
11:50:49.603 [main] DEBUG net.thucydides.core.steps.StepInterceptor - STEP DONE: admin set up api endpoint login in category in website
  &amp#27;[32mGiven &amp#27;[0m&amp#27;[32madmin set up api endpoint login in category in website&amp#27;[0m         &amp#27;[90m# starter.stepdefinitions.Website.categorySteps.adminSetUpApiEndpointLoginInCategoryInWebsite()&amp#27;[0m
11:50:49.604 [main] DEBUG net.thucydides.core.steps.StepInterceptor - STARTING STEP: categorySteps.adminSendAHTTPRequestLoginInCategoryInWebsite - admin send a HTTP request login in category in website
11:50:49.604 [main] DEBUG net.thucydides.core.steps.StepInterceptor - STARTING STEP: category.adminSendAHTTPRequestLoginInCategoryInWebsite - admin set up api endpoint login in category in website
11:50:49.604 [main] DEBUG net.thucydides.core.steps.StepInterceptor - STEP DONE: admin set up api endpoint login in category in website
11:50:49.605 [main] DEBUG org.apache.http.impl.conn.BasicClientConnectionManager - Get connection for route {}->http://167.172.66.247:8002
11:50:49.605 [main] DEBUG org.apache.http.impl.conn.DefaultClientConnectionOperator - Connecting to 167.172.66.247:8002
11:50:49.637 [main] DEBUG org.apache.http.client.protocol.RequestAddCookies - CookieSpec selected: ignoreCookies
11:50:49.637 [main] DEBUG org.apache.http.client.protocol.RequestAuthCache - Auth cache not set in the context
11:50:49.637 [main] DEBUG org.apache.http.client.protocol.RequestTargetAuthentication - Target auth state: UNCHALLENGED
11:50:49.637 [main] DEBUG org.apache.http.client.protocol.RequestProxyAuthentication - Proxy auth state: UNCHALLENGED
11:50:49.637 [main] DEBUG org.apache.http.impl.client.DefaultHttpClient - Attempt 1 to execute request
11:50:49.637 [main] DEBUG org.apache.http.impl.conn.DefaultClientConnection - Sending request: POST /admin_login HTTP/1.1
11:50:49.637 [main] DEBUG org.apache.http.wire -  >> "POST /admin_login HTTP/1.1[\r][\n]"
11:50:49.637 [main] DEBUG org.apache.http.wire -  >> "Accept: */*[\r][\n]"
11:50:49.637 [main] DEBUG org.apache.http.wire -  >> "Content-Type: application/json[\r][\n]"
11:50:49.637 [main] DEBUG org.apache.http.wire -  >> "Content-Length: 54[\r][\n]"
11:50:49.637 [main] DEBUG org.apache.http.wire -  >> "Host: 167.172.66.247:8002[\r][\n]"
11:50:49.637 [main] DEBUG org.apache.http.wire -  >> "Connection: Keep-Alive[\r][\n]"
11:50:49.637 [main] DEBUG org.apache.http.wire -  >> "User-Agent: Apache-HttpClient/4.5.13 (Java/17.0.7)[\r][\n]"
11:50:49.637 [main] DEBUG org.apache.http.wire -  >> "Accept-Encoding: gzip,deflate[\r][\n]"
11:50:49.637 [main] DEBUG org.apache.http.wire -  >> "[\r][\n]"
11:50:49.637 [main] DEBUG org.apache.http.headers - >> POST /admin_login HTTP/1.1
11:50:49.637 [main] DEBUG org.apache.http.headers - >> Accept: */*
11:50:49.637 [main] DEBUG org.apache.http.headers - >> Content-Type: application/json
11:50:49.637 [main] DEBUG org.apache.http.headers - >> Content-Length: 54
11:50:49.637 [main] DEBUG org.apache.http.headers - >> Host: 167.172.66.247:8002
11:50:49.637 [main] DEBUG org.apache.http.headers - >> Connection: Keep-Alive
11:50:49.637 [main] DEBUG org.apache.http.headers - >> User-Agent: Apache-HttpClient/4.5.13 (Java/17.0.7)
11:50:49.637 [main] DEBUG org.apache.http.headers - >> Accept-Encoding: gzip,deflate
11:50:49.637 [main] DEBUG org.apache.http.wire -  >> "{"password":"123456","email":"BalinkBarong@gmail.com"}"
11:50:49.717 [main] DEBUG org.apache.http.wire -  << "HTTP/1.1 200 OK[\r][\n]"
11:50:49.717 [main] DEBUG org.apache.http.wire -  << "Content-Type: application/json; charset=UTF-8[\r][\n]"
11:50:49.717 [main] DEBUG org.apache.http.wire -  << "Vary: Origin[\r][\n]"
11:50:49.717 [main] DEBUG org.apache.http.wire -  << "Date: Mon, 26 Jun 2023 04:50:49 GMT[\r][\n]"
11:50:49.717 [main] DEBUG org.apache.http.wire -  << "Content-Length: 851[\r][\n]"
11:50:49.717 [main] DEBUG org.apache.http.wire -  << "[\r][\n]"
11:50:49.717 [main] DEBUG org.apache.http.impl.conn.DefaultClientConnection - Receiving response: HTTP/1.1 200 OK
11:50:49.717 [main] DEBUG org.apache.http.headers - << HTTP/1.1 200 OK
11:50:49.717 [main] DEBUG org.apache.http.headers - << Content-Type: application/json; charset=UTF-8
11:50:49.717 [main] DEBUG org.apache.http.headers - << Vary: Origin
11:50:49.717 [main] DEBUG org.apache.http.headers - << Date: Mon, 26 Jun 2023 04:50:49 GMT
11:50:49.717 [main] DEBUG org.apache.http.headers - << Content-Length: 851
11:50:49.717 [main] DEBUG org.apache.http.impl.client.DefaultHttpClient - Connection can be kept alive indefinitely
11:50:49.717 [main] DEBUG io.restassured.internal.RestAssuredHttpBuilder - Parsing response as: application/json; charset=UTF-8
11:50:49.717 [main] DEBUG io.restassured.internal.RestAssuredHttpBuilder - Parsed data to instance of: class org.apache.http.conn.EofSensorInputStream
11:50:49.717 [main] DEBUG org.apache.http.wire -  << "{"data":{"profile_perusahaan":{"ID":1,"CreatedAt":"0001-01-01T00:00:00Z","UpdatedAt":"2023-06-25T16:52:02.995Z","DeletedAt":null,"nama":"Sean 1","deskripsi":"lorem ipsum","foto_profile":"123","email":"BalinkBarong@gmail.com","password":"123456","no_telepon":"0811111111111","whatsapp":"0811111111111","instagram":"@balink","facebook":"balink","alamat":"Kecamatan Kuta, Sebelah Selata Kota Denpasar, Bali","negara":"Indonesia","kode_pos":"16442","rekening_bca":"0","rekening_mandiri":"12345678910","rekening_bri":"12345678910","rekening_bni":"12345678910","rekening_btn":"12345678910","rekening_seabank":"0","rekening_bpd_bali":"12345678910"},"token":"eyJhbGciOiJIUzI1NiIsInR5cCI6IkpXVCJ9.eyJleHAiOjE2ODc3NzMwNDksImlkIjoxLCJpc3MiOiJxd2VydHkiLCJuYW1lIjoiU2VhbiAxIn0.P_rTq9s09qJOJnPmG7-etrxM-tK6Rx290QvjSeovoGM"},"message":"Login success","status":true}[\n]"
11:50:49.717 [main] DEBUG org.apache.http.impl.conn.BasicClientConnectionManager - Releasing connection org.apache.http.impl.conn.ManagedClientConnectionImpl@28705150
11:50:49.717 [main] DEBUG org.apache.http.impl.conn.BasicClientConnectionManager - Connection can be kept alive indefinitely
11:50:49.725 [main] DEBUG net.thucydides.core.steps.StepInterceptor - STEP DONE: admin send a HTTP request login in category in website
  &amp#27;[32mWhen &amp#27;[0m&amp#27;[32madmin send a HTTP request login in category in website&amp#27;[0m          &amp#27;[90m# starter.stepdefinitions.Website.categorySteps.adminSendAHTTPRequestLoginInCategoryInWebsite()&amp#27;[0m
11:50:49.727 [main] DEBUG net.thucydides.core.steps.StepInterceptor - STARTING STEP: categorySteps.adminSetTheDELETEApiEndpointCategory - admin set the DELETE api endpoint category
11:50:49.727 [main] DEBUG net.thucydides.core.steps.StepInterceptor - STEP DONE: admin set the DELETE api endpoint category
  &amp#27;[32mAnd &amp#27;[0m&amp#27;[32madmin set the DELETE api endpoint category&amp#27;[0m                       &amp#27;[90m# starter.stepdefinitions.Website.categorySteps.adminSetTheDELETEApiEndpointCategory()&amp#27;[0m
11:50:49.728 [main] DEBUG net.thucydides.core.steps.StepInterceptor - STARTING STEP: categorySteps.adminSentHTTPDELETERequestCategoryByID - admin sent HTTP DELETE request category by ID
11:50:49.728 [main] DEBUG net.thucydides.core.steps.StepInterceptor - STARTING STEP: category.adminSentHTTPDELETERequestCategoryByID - admin set the DELETE api endpoint category
11:50:49.728 [main] DEBUG net.thucydides.core.steps.StepInterceptor - STEP DONE: admin set the DELETE api endpoint category
11:50:49.731 [main] DEBUG org.apache.http.impl.conn.BasicClientConnectionManager - Get connection for route {}->http://167.172.66.247:8002
11:50:49.731 [main] DEBUG org.apache.http.impl.conn.DefaultClientConnectionOperator - Connecting to 167.172.66.247:8002
11:50:49.767 [main] DEBUG org.apache.http.client.protocol.RequestAddCookies - CookieSpec selected: ignoreCookies
11:50:49.767 [main] DEBUG org.apache.http.client.protocol.RequestAuthCache - Auth cache not set in the context
11:50:49.767 [main] DEBUG org.apache.http.client.protocol.RequestTargetAuthentication - Target auth state: UNCHALLENGED
11:50:49.767 [main] DEBUG org.apache.http.client.protocol.RequestProxyAuthentication - Proxy auth state: UNCHALLENGED
11:50:49.767 [main] DEBUG org.apache.http.impl.client.DefaultHttpClient - Attempt 1 to execute request
11:50:49.767 [main] DEBUG org.apache.http.impl.conn.DefaultClientConnection - Sending request: DELETE /kategori_produk/1 HTTP/1.1
11:50:49.767 [main] DEBUG org.apache.http.wire -  >> "DELETE /kategori_produk/1 HTTP/1.1[\r][\n]"
11:50:49.767 [main] DEBUG org.apache.http.wire -  >> "Accept: */*[\r][\n]"
11:50:49.767 [main] DEBUG org.apache.http.wire -  >> "Host: 167.172.66.247:8002[\r][\n]"
11:50:49.767 [main] DEBUG org.apache.http.wire -  >> "Connection: Keep-Alive[\r][\n]"
11:50:49.767 [main] DEBUG org.apache.http.wire -  >> "User-Agent: Apache-HttpClient/4.5.13 (Java/17.0.7)[\r][\n]"
11:50:49.767 [main] DEBUG org.apache.http.wire -  >> "Accept-Encoding: gzip,deflate[\r][\n]"
11:50:49.767 [main] DEBUG org.apache.http.wire -  >> "[\r][\n]"
11:50:49.767 [main] DEBUG org.apache.http.headers - >> DELETE /kategori_produk/1 HTTP/1.1
11:50:49.767 [main] DEBUG org.apache.http.headers - >> Accept: */*
11:50:49.767 [main] DEBUG org.apache.http.headers - >> Host: 167.172.66.247:8002
11:50:49.767 [main] DEBUG org.apache.http.headers - >> Connection: Keep-Alive
11:50:49.767 [main] DEBUG org.apache.http.headers - >> User-Agent: Apache-HttpClient/4.5.13 (Java/17.0.7)
11:50:49.767 [main] DEBUG org.apache.http.headers - >> Accept-Encoding: gzip,deflate
11:50:49.827 [main] DEBUG org.apache.http.wire -  << "HTTP/1.1 400 Bad Request[\r][\n]"
11:50:49.827 [main] DEBUG org.apache.http.wire -  << "Content-Type: application/json; charset=UTF-8[\r][\n]"
11:50:49.827 [main] DEBUG org.apache.http.wire -  << "Vary: Origin[\r][\n]"
11:50:49.827 [main] DEBUG org.apache.http.wire -  << "Date: Mon, 26 Jun 2023 04:50:50 GMT[\r][\n]"
11:50:49.827 [main] DEBUG org.apache.http.wire -  << "Content-Length: 39[\r][\n]"
11:50:49.827 [main] DEBUG org.apache.http.wire -  << "[\r][\n]"
11:50:49.827 [main] DEBUG org.apache.http.impl.conn.DefaultClientConnection - Receiving response: HTTP/1.1 400 Bad Request
11:50:49.827 [main] DEBUG org.apache.http.headers - << HTTP/1.1 400 Bad Request
11:50:49.827 [main] DEBUG org.apache.http.headers - << Content-Type: application/json; charset=UTF-8
11:50:49.827 [main] DEBUG org.apache.http.headers - << Vary: Origin
11:50:49.827 [main] DEBUG org.apache.http.headers - << Date: Mon, 26 Jun 2023 04:50:50 GMT
11:50:49.827 [main] DEBUG org.apache.http.headers - << Content-Length: 39
11:50:49.827 [main] DEBUG org.apache.http.impl.client.DefaultHttpClient - Connection can be kept alive indefinitely
11:50:49.827 [main] DEBUG io.restassured.internal.RestAssuredHttpBuilder - Parsing response as: application/json; charset=UTF-8
11:50:49.827 [main] DEBUG io.restassured.internal.RestAssuredHttpBuilder - Parsed data to instance of: class org.apache.http.conn.EofSensorInputStream
11:50:49.829 [main] DEBUG org.apache.http.wire -  << "{"message":"missing or malformed jwt"}[\n]"
11:50:49.829 [main] DEBUG org.apache.http.impl.conn.BasicClientConnectionManager - Releasing connection org.apache.http.impl.conn.ManagedClientConnectionImpl@6956081d
11:50:49.829 [main] DEBUG org.apache.http.impl.conn.BasicClientConnectionManager - Connection can be kept alive indefinitely
11:50:49.830 [main] DEBUG net.thucydides.core.steps.StepInterceptor - STEP DONE: admin sent HTTP DELETE request category by ID
  &amp#27;[32mAnd &amp#27;[0m&amp#27;[32madmin sent HTTP DELETE request category by ID&amp#27;[0m                    &amp#27;[90m# starter.stepdefinitions.Website.categorySteps.adminSentHTTPDELETERequestCategoryByID()&amp#27;[0m
11:50:49.833 [main] DEBUG net.thucydides.core.steps.StepInterceptor - STARTING STEP: categorySteps.adminReceiveAValidLoginAndCategoryHTTPResponseCode - admin receive a valid login and category HTTP response code 200
11:50:49.834 [main] DEBUG net.thucydides.core.steps.StepInterceptor - STARTING STEP: category.adminReceiveAValidLoginAndCategoryHTTPResponseCode200 - admin set the POST api endpoint category
11:50:49.834 [main] DEBUG net.thucydides.core.steps.StepInterceptor - STEP DONE: admin set the POST api endpoint category
11:50:49.837 [main] DEBUG org.apache.http.impl.conn.BasicClientConnectionManager - Get connection for route {}->http://167.172.66.247:8002
11:50:49.837 [main] DEBUG org.apache.http.impl.conn.DefaultClientConnectionOperator - Connecting to 167.172.66.247:8002
11:50:49.867 [main] DEBUG org.apache.http.client.protocol.RequestAddCookies - CookieSpec selected: ignoreCookies
11:50:49.867 [main] DEBUG org.apache.http.client.protocol.RequestAuthCache - Auth cache not set in the context
11:50:49.867 [main] DEBUG org.apache.http.client.protocol.RequestProxyAuthentication - Proxy auth state: UNCHALLENGED
11:50:49.867 [main] DEBUG org.apache.http.impl.client.DefaultHttpClient - Attempt 1 to execute request
11:50:49.867 [main] DEBUG org.apache.http.impl.conn.DefaultClientConnection - Sending request: GET /kategori_produk HTTP/1.1
11:50:49.867 [main] DEBUG org.apache.http.wire -  >> "GET /kategori_produk HTTP/1.1[\r][\n]"
11:50:49.867 [main] DEBUG org.apache.http.wire -  >> "Authorization: Bearer eyJhbGciOiJIUzI1NiIsInR5cCI6IkpXVCJ9.eyJleHAiOjE2ODc3NzMwNDksImlkIjoxLCJpc3MiOiJxd2VydHkiLCJuYW1lIjoiU2VhbiAxIn0.P_rTq9s09qJOJnPmG7-etrxM-tK6Rx290QvjSeovoGM[\r][\n]"
11:50:49.867 [main] DEBUG org.apache.http.wire -  >> "Accept: */*[\r][\n]"
11:50:49.867 [main] DEBUG org.apache.http.wire -  >> "Host: 167.172.66.247:8002[\r][\n]"
11:50:49.867 [main] DEBUG org.apache.http.wire -  >> "Connection: Keep-Alive[\r][\n]"
11:50:49.867 [main] DEBUG org.apache.http.wire -  >> "User-Agent: Apache-HttpClient/4.5.13 (Java/17.0.7)[\r][\n]"
11:50:49.867 [main] DEBUG org.apache.http.wire -  >> "Accept-Encoding: gzip,deflate[\r][\n]"
11:50:49.867 [main] DEBUG org.apache.http.wire -  >> "[\r][\n]"
11:50:49.867 [main] DEBUG org.apache.http.headers - >> GET /kategori_produk HTTP/1.1
11:50:49.867 [main] DEBUG org.apache.http.headers - >> Authorization: Bearer eyJhbGciOiJIUzI1NiIsInR5cCI6IkpXVCJ9.eyJleHAiOjE2ODc3NzMwNDksImlkIjoxLCJpc3MiOiJxd2VydHkiLCJuYW1lIjoiU2VhbiAxIn0.P_rTq9s09qJOJnPmG7-etrxM-tK6Rx290QvjSeovoGM
11:50:49.867 [main] DEBUG org.apache.http.headers - >> Accept: */*
11:50:49.867 [main] DEBUG org.apache.http.headers - >> Host: 167.172.66.247:8002
11:50:49.867 [main] DEBUG org.apache.http.headers - >> Connection: Keep-Alive
11:50:49.867 [main] DEBUG org.apache.http.headers - >> User-Agent: Apache-HttpClient/4.5.13 (Java/17.0.7)
11:50:49.867 [main] DEBUG org.apache.http.headers - >> Accept-Encoding: gzip,deflate
11:50:49.927 [main] DEBUG org.apache.http.wire -  << "HTTP/1.1 200 OK[\r][\n]"
11:50:49.927 [main] DEBUG org.apache.http.wire -  << "Content-Type: application/json; charset=UTF-8[\r][\n]"
11:50:49.927 [main] DEBUG org.apache.http.wire -  << "Vary: Origin[\r][\n]"
11:50:49.927 [main] DEBUG org.apache.http.wire -  << "Date: Mon, 26 Jun 2023 04:50:50 GMT[\r][\n]"
11:50:49.927 [main] DEBUG org.apache.http.wire -  << "Content-Length: 966[\r][\n]"
11:50:49.927 [main] DEBUG org.apache.http.wire -  << "[\r][\n]"
11:50:49.927 [main] DEBUG org.apache.http.impl.conn.DefaultClientConnection - Receiving response: HTTP/1.1 200 OK
11:50:49.927 [main] DEBUG org.apache.http.headers - << HTTP/1.1 200 OK
11:50:49.927 [main] DEBUG org.apache.http.headers - << Content-Type: application/json; charset=UTF-8
11:50:49.927 [main] DEBUG org.apache.http.headers - << Vary: Origin
11:50:49.927 [main] DEBUG org.apache.http.headers - << Date: Mon, 26 Jun 2023 04:50:50 GMT
11:50:49.927 [main] DEBUG org.apache.http.headers - << Content-Length: 966
11:50:49.927 [main] DEBUG org.apache.http.impl.client.DefaultHttpClient - Connection can be kept alive indefinitely
11:50:49.927 [main] DEBUG io.restassured.internal.RestAssuredHttpBuilder - Parsing response as: application/json; charset=UTF-8
11:50:49.927 [main] DEBUG io.restassured.internal.RestAssuredHttpBuilder - Parsed data to instance of: class org.apache.http.conn.EofSensorInputStream
11:50:49.928 [main] DEBUG org.apache.http.wire -  << "{"data":{"data":[{"ID":34,"CreatedAt":"2023-06-25T14:17:38.826Z","UpdatedAt":"2023-06-25T14:46:59.631Z","DeletedAt":null,"nama":"Patung","deskripsi":"Patung ciri khas bali"},{"ID":35,"CreatedAt":"2023-06-25T15:52:54.596Z","UpdatedAt":"2023-06-25T15:52:54.596Z","DeletedAt":null,"nama":"Celana Chino","deskripsi":"Tersedia size 27, 28, 29 dan 30"},{"ID":36,"CreatedAt":"2023-06-25T16:33:33.249Z","UpdatedAt":"2023-06-25T16:33:33.249Z","DeletedAt":null,"nama":"Celana Chino","deskripsi":"Tersedia size 27, 28, 29 dan 30"},{"ID":37,"CreatedAt":"2023-06-25T16:39:42.634Z","UpdatedAt":"2023-06-25T16:39:42.634Z","DeletedAt":null,"nama":"Celana Chino","deskripsi":"Tersedia size 27, 28, 29 dan 30"},{"ID":38,"CreatedAt":"2023-06-25T16:47:20.818Z","UpdatedAt":"2023-06-25T16:47:20.818Z","DeletedAt":null,"nama":"Celana Chino","deskripsi":"Tersedia size 27, 28, 29 dan 30"}],"data_shown":5,"page":1,"total_data":5},"message":"Get all Kategori Produk success","status":true}[\n]"
11:50:49.929 [main] DEBUG org.apache.http.impl.conn.BasicClientConnectionManager - Releasing connection org.apache.http.impl.conn.ManagedClientConnectionImpl@396f3bf2
11:50:49.929 [main] DEBUG org.apache.http.impl.conn.BasicClientConnectionManager - Connection can be kept alive indefinitely
11:50:49.930 [main] DEBUG net.thucydides.core.steps.StepInterceptor - STEP DONE: admin receive a valid login and category HTTP response code 200
  &amp#27;[32mThen &amp#27;[0m&amp#27;[32madmin receive a valid login and category HTTP response code &amp#27;[0m&amp#27;[32m&amp#27;[1m200&amp#27;[0m &amp#27;[90m# starter.stepdefinitions.Website.categorySteps.adminReceiveAValidLoginAndCategoryHTTPResponseCode(int)&amp#27;[0m
11:50:49.931 [main] INFO  - 
  _____   ___   ___   _____     ___     _     ___   ___   ___   ___  
 |_   _| | __| / __| |_   _|   | _ \   /_\   / __| / __| | __| |   \ 
   | |   | _|  \__ \   | |     |  _/  / _ \  \__ \ \__ \ | _|  | |) |
   |_|   |___| |___/   |_|     |_|   /_/ \_\ |___/ |___/ |___| |___/ 

As admin, I can delete category data by ID
----------------------------------------------------------------------
]]></system-out>
  </testcase>
  <testcase name="As admin, ensures that new event can be added correctly" classname="As Admin, I want to manage the event feature #2" time="0.371">
    <system-out><![CDATA[11:50:49.932 [main] INFO io.cucumber.core.plugin.SerenityReporter - Running feature from file:///Users/macbookpro/Documents/Capstone_API_CI/src/test/resources/Feature/Api/Website/Event.feature
11:50:49.932 [main] WARN io.cucumber.core.plugin.SerenityReporter - Feature from file:///Users/macbookpro/Documents/Capstone_API_CI/src/test/resources/Feature/Api/Website/Event.feature is not under the 'features' directory. Requirements report will not be correctly generated!
11:50:49.933 [main] DEBUG net.thucydides.core.steps.StepEventBus - Test suite started for story net.thucydides.core.model.Story@70505149
11:50:49.933 [main] INFO  - Test Suite Started: As Admin, I want to manage the event feature
11:50:49.946 [Finalizer] DEBUG org.apache.http.impl.conn.DefaultClientConnection - Connection 0.0.0.0:59789<->167.172.66.247:8002 closed
11:50:49.946 [Finalizer] DEBUG org.apache.http.impl.conn.DefaultClientConnection - Connection 0.0.0.0:59790<->167.172.66.247:8002 closed
11:50:49.946 [Finalizer] DEBUG org.apache.http.impl.conn.DefaultClientConnection - Connection 0.0.0.0:59791<->167.172.66.247:8002 closed
11:50:49.946 [Finalizer] DEBUG org.apache.http.impl.conn.DefaultClientConnection - Connection 0.0.0.0:59792<->167.172.66.247:8002 closed
11:50:49.946 [Finalizer] DEBUG org.apache.http.impl.conn.DefaultClientConnection - Connection 0.0.0.0:59793<->167.172.66.247:8002 closed
11:50:49.946 [Finalizer] DEBUG org.apache.http.impl.conn.DefaultClientConnection - Connection 0.0.0.0:59794<->167.172.66.247:8002 closed
11:50:49.946 [Finalizer] DEBUG org.apache.http.impl.conn.DefaultClientConnection - Connection 0.0.0.0:59795<->167.172.66.247:8002 closed
11:50:49.946 [Finalizer] DEBUG org.apache.http.impl.conn.DefaultClientConnection - Connection 0.0.0.0:59796<->167.172.66.247:8002 closed
11:50:49.946 [Finalizer] DEBUG org.apache.http.impl.conn.DefaultClientConnection - Connection 0.0.0.0:59782<->167.172.66.247:8002 closed
11:50:49.946 [Finalizer] DEBUG org.apache.http.impl.conn.DefaultClientConnection - Connection 0.0.0.0:59783<->167.172.66.247:8002 closed
11:50:49.946 [Finalizer] DEBUG org.apache.http.impl.conn.DefaultClientConnection - Connection 0.0.0.0:59784<->167.172.66.247:8002 closed
11:50:49.946 [Finalizer] DEBUG org.apache.http.impl.conn.DefaultClientConnection - Connection 0.0.0.0:59785<->167.172.66.247:8002 closed
11:50:49.946 [Finalizer] DEBUG org.apache.http.impl.conn.DefaultClientConnection - Connection 0.0.0.0:59786<->167.172.66.247:8002 closed
11:50:49.946 [Finalizer] DEBUG org.apache.http.impl.conn.DefaultClientConnection - Connection 0.0.0.0:59787<->167.172.66.247:8002 closed
11:50:49.947 [Finalizer] DEBUG org.apache.http.impl.conn.DefaultClientConnection - Connection 0.0.0.0:59788<->167.172.66.247:8002 closed

@TCEVENT01
Scenario: As admin, ensures that new event can be added correctly   &amp#27;[90m# src/test/resources/Feature/Api/Website/Event.feature:4&amp#27;[0m
11:50:49.950 [main] INFO io.cucumber.core.plugin.SerenityReporter - Running feature from file:///Users/macbookpro/Documents/Capstone_API_CI/src/test/resources/Feature/Api/Website/Event.feature
11:50:49.950 [main] WARN io.cucumber.core.plugin.SerenityReporter - Feature from file:///Users/macbookpro/Documents/Capstone_API_CI/src/test/resources/Feature/Api/Website/Event.feature is not under the 'features' directory. Requirements report will not be correctly generated!
11:50:49.950 [main] INFO  - 
  _____   ___   ___   _____     ___   _____     _     ___   _____   ___   ___  
 |_   _| | __| / __| |_   _|   / __| |_   _|   /_\   | _ \ |_   _| | __| |   \ 
   | |   | _|  \__ \   | |     \__ \   | |    / _ \  |   /   | |   | _|  | |) |
   |_|   |___| |___/   |_|     |___/   |_|   /_/ \_\ |_|_\   |_|   |___| |___/ 

As admin, ensures that new event can be added correctly(as-admin--i-want-to-manage-the-event-feature;as-admin--ensures-that-new-event-can-be-added-correctly)
--------------------------------------------------------------------------------
11:50:49.957 [main] DEBUG net.thucydides.core.steps.StepInterceptor - STARTING STEP: EventSteps.adminSetUpApiEndpointLoginEvent - admin set up api endpoint login in event
11:50:49.957 [main] DEBUG net.thucydides.core.steps.StepInterceptor - STEP DONE: admin set up api endpoint login in event
  &amp#27;[32mGiven &amp#27;[0m&amp#27;[32madmin set up api endpoint login in event&amp#27;[0m                    &amp#27;[90m# starter.stepdefinitions.Website.EventSteps.adminSetUpApiEndpointLoginEvent()&amp#27;[0m
11:50:49.958 [main] DEBUG net.thucydides.core.steps.StepInterceptor - STARTING STEP: EventSteps.adminSendSAHTTPRequestLoginEvent - admin send a HTTP request login in event
11:50:49.958 [main] DEBUG net.thucydides.core.steps.StepInterceptor - STARTING STEP: event.adminSendSAHTTPRequestLoginEvent - admin set up api endpoint login in event
11:50:49.958 [main] DEBUG net.thucydides.core.steps.StepInterceptor - STEP DONE: admin set up api endpoint login in event
11:50:49.961 [main] DEBUG org.apache.http.impl.conn.BasicClientConnectionManager - Get connection for route {}->http://167.172.66.247:8002
11:50:49.961 [main] DEBUG org.apache.http.impl.conn.DefaultClientConnectionOperator - Connecting to 167.172.66.247:8002
11:50:49.986 [main] DEBUG org.apache.http.client.protocol.RequestAddCookies - CookieSpec selected: ignoreCookies
11:50:49.986 [main] DEBUG org.apache.http.client.protocol.RequestAuthCache - Auth cache not set in the context
11:50:49.986 [main] DEBUG org.apache.http.client.protocol.RequestTargetAuthentication - Target auth state: UNCHALLENGED
11:50:49.986 [main] DEBUG org.apache.http.client.protocol.RequestProxyAuthentication - Proxy auth state: UNCHALLENGED
11:50:49.986 [main] DEBUG org.apache.http.impl.client.DefaultHttpClient - Attempt 1 to execute request
11:50:49.986 [main] DEBUG org.apache.http.impl.conn.DefaultClientConnection - Sending request: POST /admin_login HTTP/1.1
11:50:49.986 [main] DEBUG org.apache.http.wire -  >> "POST /admin_login HTTP/1.1[\r][\n]"
11:50:49.986 [main] DEBUG org.apache.http.wire -  >> "Accept: */*[\r][\n]"
11:50:49.986 [main] DEBUG org.apache.http.wire -  >> "Content-Type: application/json[\r][\n]"
11:50:49.986 [main] DEBUG org.apache.http.wire -  >> "Content-Length: 54[\r][\n]"
11:50:49.986 [main] DEBUG org.apache.http.wire -  >> "Host: 167.172.66.247:8002[\r][\n]"
11:50:49.986 [main] DEBUG org.apache.http.wire -  >> "Connection: Keep-Alive[\r][\n]"
11:50:49.986 [main] DEBUG org.apache.http.wire -  >> "User-Agent: Apache-HttpClient/4.5.13 (Java/17.0.7)[\r][\n]"
11:50:49.986 [main] DEBUG org.apache.http.wire -  >> "Accept-Encoding: gzip,deflate[\r][\n]"
11:50:49.986 [main] DEBUG org.apache.http.wire -  >> "[\r][\n]"
11:50:49.986 [main] DEBUG org.apache.http.headers - >> POST /admin_login HTTP/1.1
11:50:49.986 [main] DEBUG org.apache.http.headers - >> Accept: */*
11:50:49.986 [main] DEBUG org.apache.http.headers - >> Content-Type: application/json
11:50:49.986 [main] DEBUG org.apache.http.headers - >> Content-Length: 54
11:50:49.986 [main] DEBUG org.apache.http.headers - >> Host: 167.172.66.247:8002
11:50:49.986 [main] DEBUG org.apache.http.headers - >> Connection: Keep-Alive
11:50:49.986 [main] DEBUG org.apache.http.headers - >> User-Agent: Apache-HttpClient/4.5.13 (Java/17.0.7)
11:50:49.986 [main] DEBUG org.apache.http.headers - >> Accept-Encoding: gzip,deflate
11:50:49.986 [main] DEBUG org.apache.http.wire -  >> "{"password":"123456","email":"BalinkBarong@gmail.com"}"
11:50:50.057 [main] DEBUG org.apache.http.wire -  << "HTTP/1.1 200 OK[\r][\n]"
11:50:50.057 [main] DEBUG org.apache.http.wire -  << "Content-Type: application/json; charset=UTF-8[\r][\n]"
11:50:50.057 [main] DEBUG org.apache.http.wire -  << "Vary: Origin[\r][\n]"
11:50:50.057 [main] DEBUG org.apache.http.wire -  << "Date: Mon, 26 Jun 2023 04:50:50 GMT[\r][\n]"
11:50:50.057 [main] DEBUG org.apache.http.wire -  << "Content-Length: 851[\r][\n]"
11:50:50.057 [main] DEBUG org.apache.http.wire -  << "[\r][\n]"
11:50:50.057 [main] DEBUG org.apache.http.impl.conn.DefaultClientConnection - Receiving response: HTTP/1.1 200 OK
11:50:50.057 [main] DEBUG org.apache.http.headers - << HTTP/1.1 200 OK
11:50:50.057 [main] DEBUG org.apache.http.headers - << Content-Type: application/json; charset=UTF-8
11:50:50.057 [main] DEBUG org.apache.http.headers - << Vary: Origin
11:50:50.057 [main] DEBUG org.apache.http.headers - << Date: Mon, 26 Jun 2023 04:50:50 GMT
11:50:50.057 [main] DEBUG org.apache.http.headers - << Content-Length: 851
11:50:50.057 [main] DEBUG org.apache.http.impl.client.DefaultHttpClient - Connection can be kept alive indefinitely
11:50:50.057 [main] DEBUG io.restassured.internal.RestAssuredHttpBuilder - Parsing response as: application/json; charset=UTF-8
11:50:50.057 [main] DEBUG io.restassured.internal.RestAssuredHttpBuilder - Parsed data to instance of: class org.apache.http.conn.EofSensorInputStream
11:50:50.058 [main] DEBUG org.apache.http.wire -  << "{"data":{"profile_perusahaan":{"ID":1,"CreatedAt":"0001-01-01T00:00:00Z","UpdatedAt":"2023-06-25T16:52:02.995Z","DeletedAt":null,"nama":"Sean 1","deskripsi":"lorem ipsum","foto_profile":"123","email":"BalinkBarong@gmail.com","password":"123456","no_telepon":"0811111111111","whatsapp":"0811111111111","instagram":"@balink","facebook":"balink","alamat":"Kecamatan Kuta, Sebelah Selata Kota Denpasar, Bali","negara":"Indonesia","kode_pos":"16442","rekening_bca":"0","rekening_mandiri":"12345678910","rekening_bri":"12345678910","rekening_bni":"12345678910","rekening_btn":"12345678910","rekening_seabank":"0","rekening_bpd_bali":"12345678910"},"token":"eyJhbGciOiJIUzI1NiIsInR5cCI6IkpXVCJ9.eyJleHAiOjE2ODc3NzMwNTAsImlkIjoxLCJpc3MiOiJxd2VydHkiLCJuYW1lIjoiU2VhbiAxIn0.H_ghpP2HZYlBLw8yPCjhDODSoNL02ZitrDEwKACSD5E"},"message":"Login success","status":true}[\n]"
11:50:50.058 [main] DEBUG org.apache.http.impl.conn.BasicClientConnectionManager - Releasing connection org.apache.http.impl.conn.ManagedClientConnectionImpl@58922a00
11:50:50.058 [main] DEBUG org.apache.http.impl.conn.BasicClientConnectionManager - Connection can be kept alive indefinitely
11:50:50.068 [main] DEBUG net.thucydides.core.steps.StepInterceptor - STEP DONE: admin send a HTTP request login in event
  &amp#27;[32mWhen &amp#27;[0m&amp#27;[32madmin send a HTTP request login in event&amp#27;[0m                     &amp#27;[90m# starter.stepdefinitions.Website.EventSteps.adminSendSAHTTPRequestLoginEvent()&amp#27;[0m
11:50:50.069 [main] DEBUG net.thucydides.core.steps.StepInterceptor - STARTING STEP: EventSteps.adminSetThePOSTApiEndpointEvent - admin set the POST api endpoint event
11:50:50.069 [main] DEBUG net.thucydides.core.steps.StepInterceptor - STEP DONE: admin set the POST api endpoint event
  &amp#27;[32mAnd &amp#27;[0m&amp#27;[32madmin set the POST api endpoint event&amp#27;[0m                         &amp#27;[90m# starter.stepdefinitions.Website.EventSteps.adminSetThePOSTApiEndpointEvent()&amp#27;[0m
11:50:50.070 [main] DEBUG net.thucydides.core.steps.StepInterceptor - STARTING STEP: EventSteps.adminSentHTTPPOSTRequestPostEvent - admin sent HTTP POST request post event
11:50:50.071 [main] DEBUG net.thucydides.core.steps.StepInterceptor - STARTING STEP: event.adminSentHTTPPOSTRequestPostEvent - admin set the POST api endpoint event
11:50:50.071 [main] DEBUG net.thucydides.core.steps.StepInterceptor - STEP DONE: admin set the POST api endpoint event
11:50:50.073 [main] DEBUG org.apache.http.impl.conn.BasicClientConnectionManager - Get connection for route {}->http://167.172.66.247:8002
11:50:50.073 [main] DEBUG org.apache.http.impl.conn.DefaultClientConnectionOperator - Connecting to 167.172.66.247:8002
11:50:50.107 [main] DEBUG org.apache.http.client.protocol.RequestAddCookies - CookieSpec selected: ignoreCookies
11:50:50.107 [main] DEBUG org.apache.http.client.protocol.RequestAuthCache - Auth cache not set in the context
11:50:50.107 [main] DEBUG org.apache.http.client.protocol.RequestTargetAuthentication - Target auth state: UNCHALLENGED
11:50:50.107 [main] DEBUG org.apache.http.client.protocol.RequestProxyAuthentication - Proxy auth state: UNCHALLENGED
11:50:50.107 [main] DEBUG org.apache.http.impl.client.DefaultHttpClient - Attempt 1 to execute request
11:50:50.107 [main] DEBUG org.apache.http.impl.conn.DefaultClientConnection - Sending request: POST /event HTTP/1.1
11:50:50.107 [main] DEBUG org.apache.http.wire -  >> "POST /event HTTP/1.1[\r][\n]"
11:50:50.107 [main] DEBUG org.apache.http.wire -  >> "Accept: */*[\r][\n]"
11:50:50.107 [main] DEBUG org.apache.http.wire -  >> "Content-Type: application/json[\r][\n]"
11:50:50.107 [main] DEBUG org.apache.http.wire -  >> "Content-Length: 274[\r][\n]"
11:50:50.107 [main] DEBUG org.apache.http.wire -  >> "Host: 167.172.66.247:8002[\r][\n]"
11:50:50.107 [main] DEBUG org.apache.http.wire -  >> "Connection: Keep-Alive[\r][\n]"
11:50:50.107 [main] DEBUG org.apache.http.wire -  >> "User-Agent: Apache-HttpClient/4.5.13 (Java/17.0.7)[\r][\n]"
11:50:50.107 [main] DEBUG org.apache.http.wire -  >> "Accept-Encoding: gzip,deflate[\r][\n]"
11:50:50.107 [main] DEBUG org.apache.http.wire -  >> "[\r][\n]"
11:50:50.107 [main] DEBUG org.apache.http.headers - >> POST /event HTTP/1.1
11:50:50.107 [main] DEBUG org.apache.http.headers - >> Accept: */*
11:50:50.107 [main] DEBUG org.apache.http.headers - >> Content-Type: application/json
11:50:50.107 [main] DEBUG org.apache.http.headers - >> Content-Length: 274
11:50:50.107 [main] DEBUG org.apache.http.headers - >> Host: 167.172.66.247:8002
11:50:50.107 [main] DEBUG org.apache.http.headers - >> Connection: Keep-Alive
11:50:50.107 [main] DEBUG org.apache.http.headers - >> User-Agent: Apache-HttpClient/4.5.13 (Java/17.0.7)
11:50:50.107 [main] DEBUG org.apache.http.headers - >> Accept-Encoding: gzip,deflate
11:50:50.107 [main] DEBUG org.apache.http.wire -  >> "[[\n]"
11:50:50.107 [main] DEBUG org.apache.http.wire -  >> "{"waktu_selesai":"12.00","artikel_id":"1","harga_tiket":45000,"nama":"Kecak 2","tanggal_selesai":"12 Desember 2012","lokasi":"Jln. 123","tanggal_mulai":"12 Desember 2012","deskripsi":"Lorem Ipsum","gambar":"123","link_lokasi":"123","stok_tiket":15,"waktu_mulai":"10.00"}[\n]"
11:50:50.107 [main] DEBUG org.apache.http.wire -  >> "]"
11:50:50.167 [main] DEBUG org.apache.http.wire -  << "HTTP/1.1 400 Bad Request[\r][\n]"
11:50:50.167 [main] DEBUG org.apache.http.wire -  << "Content-Type: application/json; charset=UTF-8[\r][\n]"
11:50:50.167 [main] DEBUG org.apache.http.wire -  << "Vary: Origin[\r][\n]"
11:50:50.167 [main] DEBUG org.apache.http.wire -  << "Date: Mon, 26 Jun 2023 04:50:50 GMT[\r][\n]"
11:50:50.167 [main] DEBUG org.apache.http.wire -  << "Content-Length: 39[\r][\n]"
11:50:50.167 [main] DEBUG org.apache.http.wire -  << "[\r][\n]"
11:50:50.167 [main] DEBUG org.apache.http.impl.conn.DefaultClientConnection - Receiving response: HTTP/1.1 400 Bad Request
11:50:50.167 [main] DEBUG org.apache.http.headers - << HTTP/1.1 400 Bad Request
11:50:50.167 [main] DEBUG org.apache.http.headers - << Content-Type: application/json; charset=UTF-8
11:50:50.167 [main] DEBUG org.apache.http.headers - << Vary: Origin
11:50:50.167 [main] DEBUG org.apache.http.headers - << Date: Mon, 26 Jun 2023 04:50:50 GMT
11:50:50.167 [main] DEBUG org.apache.http.headers - << Content-Length: 39
11:50:50.167 [main] DEBUG org.apache.http.impl.client.DefaultHttpClient - Connection can be kept alive indefinitely
11:50:50.167 [main] DEBUG io.restassured.internal.RestAssuredHttpBuilder - Parsing response as: application/json; charset=UTF-8
11:50:50.167 [main] DEBUG io.restassured.internal.RestAssuredHttpBuilder - Parsed data to instance of: class org.apache.http.conn.EofSensorInputStream
11:50:50.167 [main] DEBUG org.apache.http.wire -  << "{"message":"missing or malformed jwt"}[\n]"
11:50:50.167 [main] DEBUG org.apache.http.impl.conn.BasicClientConnectionManager - Releasing connection org.apache.http.impl.conn.ManagedClientConnectionImpl@e38d655
11:50:50.167 [main] DEBUG org.apache.http.impl.conn.BasicClientConnectionManager - Connection can be kept alive indefinitely
11:50:50.168 [main] DEBUG net.thucydides.core.steps.StepInterceptor - STEP DONE: admin sent HTTP POST request post event
  &amp#27;[32mAnd &amp#27;[0m&amp#27;[32madmin sent HTTP POST request post event&amp#27;[0m                       &amp#27;[90m# starter.stepdefinitions.Website.EventSteps.adminSentHTTPPOSTRequestPostEvent()&amp#27;[0m
11:50:50.169 [main] DEBUG net.thucydides.core.steps.StepInterceptor - STARTING STEP: EventSteps.adminReceiveAValidLoginAndEventHTTPResponseCode200 - admin receive a valid login and event HTTP response code 200
11:50:50.170 [main] DEBUG net.thucydides.core.steps.StepInterceptor - STARTING STEP: event.adminReceiveAValidLoginAndEventHTTPResponseCode200 - admin set the POST api endpoint event
11:50:50.170 [main] DEBUG net.thucydides.core.steps.StepInterceptor - STEP DONE: admin set the POST api endpoint event
11:50:50.171 [main] DEBUG org.apache.http.impl.conn.BasicClientConnectionManager - Get connection for route {}->http://167.172.66.247:8002
11:50:50.172 [main] DEBUG org.apache.http.impl.conn.DefaultClientConnectionOperator - Connecting to 167.172.66.247:8002
11:50:50.197 [main] DEBUG org.apache.http.client.protocol.RequestAddCookies - CookieSpec selected: ignoreCookies
11:50:50.197 [main] DEBUG org.apache.http.client.protocol.RequestAuthCache - Auth cache not set in the context
11:50:50.197 [main] DEBUG org.apache.http.client.protocol.RequestProxyAuthentication - Proxy auth state: UNCHALLENGED
11:50:50.197 [main] DEBUG org.apache.http.impl.client.DefaultHttpClient - Attempt 1 to execute request
11:50:50.197 [main] DEBUG org.apache.http.impl.conn.DefaultClientConnection - Sending request: GET /event HTTP/1.1
11:50:50.197 [main] DEBUG org.apache.http.wire -  >> "GET /event HTTP/1.1[\r][\n]"
11:50:50.197 [main] DEBUG org.apache.http.wire -  >> "Authorization: Bearer eyJhbGciOiJIUzI1NiIsInR5cCI6IkpXVCJ9.eyJleHAiOjE2ODc3NzMwNTAsImlkIjoxLCJpc3MiOiJxd2VydHkiLCJuYW1lIjoiU2VhbiAxIn0.H_ghpP2HZYlBLw8yPCjhDODSoNL02ZitrDEwKACSD5E[\r][\n]"
11:50:50.197 [main] DEBUG org.apache.http.wire -  >> "Accept: */*[\r][\n]"
11:50:50.197 [main] DEBUG org.apache.http.wire -  >> "Host: 167.172.66.247:8002[\r][\n]"
11:50:50.197 [main] DEBUG org.apache.http.wire -  >> "Connection: Keep-Alive[\r][\n]"
11:50:50.197 [main] DEBUG org.apache.http.wire -  >> "User-Agent: Apache-HttpClient/4.5.13 (Java/17.0.7)[\r][\n]"
11:50:50.197 [main] DEBUG org.apache.http.wire -  >> "Accept-Encoding: gzip,deflate[\r][\n]"
11:50:50.197 [main] DEBUG org.apache.http.wire -  >> "[\r][\n]"
11:50:50.197 [main] DEBUG org.apache.http.headers - >> GET /event HTTP/1.1
11:50:50.197 [main] DEBUG org.apache.http.headers - >> Authorization: Bearer eyJhbGciOiJIUzI1NiIsInR5cCI6IkpXVCJ9.eyJleHAiOjE2ODc3NzMwNTAsImlkIjoxLCJpc3MiOiJxd2VydHkiLCJuYW1lIjoiU2VhbiAxIn0.H_ghpP2HZYlBLw8yPCjhDODSoNL02ZitrDEwKACSD5E
11:50:50.197 [main] DEBUG org.apache.http.headers - >> Accept: */*
11:50:50.197 [main] DEBUG org.apache.http.headers - >> Host: 167.172.66.247:8002
11:50:50.197 [main] DEBUG org.apache.http.headers - >> Connection: Keep-Alive
11:50:50.197 [main] DEBUG org.apache.http.headers - >> User-Agent: Apache-HttpClient/4.5.13 (Java/17.0.7)
11:50:50.197 [main] DEBUG org.apache.http.headers - >> Accept-Encoding: gzip,deflate
11:50:50.251 [main] DEBUG org.apache.http.wire -  << "HTTP/1.1 200 OK[\r][\n]"
11:50:50.252 [main] DEBUG org.apache.http.wire -  << "Content-Type: application/json; charset=UTF-8[\r][\n]"
11:50:50.252 [main] DEBUG org.apache.http.wire -  << "Vary: Origin[\r][\n]"
11:50:50.252 [main] DEBUG org.apache.http.wire -  << "Date: Mon, 26 Jun 2023 04:50:50 GMT[\r][\n]"
11:50:50.252 [main] DEBUG org.apache.http.wire -  << "Transfer-Encoding: chunked[\r][\n]"
11:50:50.252 [main] DEBUG org.apache.http.wire -  << "[\r][\n]"
11:50:50.252 [main] DEBUG org.apache.http.impl.conn.DefaultClientConnection - Receiving response: HTTP/1.1 200 OK
11:50:50.252 [main] DEBUG org.apache.http.headers - << HTTP/1.1 200 OK
11:50:50.252 [main] DEBUG org.apache.http.headers - << Content-Type: application/json; charset=UTF-8
11:50:50.252 [main] DEBUG org.apache.http.headers - << Vary: Origin
11:50:50.252 [main] DEBUG org.apache.http.headers - << Date: Mon, 26 Jun 2023 04:50:50 GMT
11:50:50.252 [main] DEBUG org.apache.http.headers - << Transfer-Encoding: chunked
11:50:50.252 [main] DEBUG org.apache.http.impl.client.DefaultHttpClient - Connection can be kept alive indefinitely
11:50:50.252 [main] DEBUG io.restassured.internal.RestAssuredHttpBuilder - Parsing response as: application/json; charset=UTF-8
11:50:50.252 [main] DEBUG io.restassured.internal.RestAssuredHttpBuilder - Parsed data to instance of: class org.apache.http.conn.EofSensorInputStream
11:50:50.254 [main] DEBUG org.apache.http.wire -  << "27eb[\r][\n]"
11:50:50.254 [main] DEBUG org.apache.http.wire -  << "{"data":{"data":[{"ID":85,"CreatedAt":"2023-06-25T06:43:54.874Z","UpdatedAt":"2023-06-25T13:48:26.219Z","DeletedAt":null,"artikel_id":"98","gambar":"123","nama":"Drama Gong","deskripsi":"Gong adalah serangkaian alat seni musik yang terdiri dari berbagai macam gamelan. Gong memang kerap menjadi pengiring pertunjukan seni lain. Namun drama Gong juga dapat berdiri sendiri dengan kolaborasi seni pertunjukan kontemporer. Kamu akan menyaksikan bagaimana para pemain alat musik ini bernyanyi dalam bahasa Sansekerta dan bahasa Bali klasik. Nyanyian tersebut menceritakan berbagai tema, seperti sejarah, percintaan, kepahlawanan, dan sebagainya. Pertunjukan ini hanya bisa kamu saksikan pada upacara spesial atau hari tertentu saja.","harga_tiket":45000,"stok_tiket":400,"waktu_mulai":"13:00 WITA","waktu_selesai":"14:00 WITA","tanggal_mulai":"13 Juli 2023","tanggal_selesai":"14 Juli 2023","lokasi":"Ubud, Bali","link_lokasi":"https://goo.gl/maps/fCBRPeGyGq8uR4yE7"},{"ID":86,"CreatedAt":"2023-06-25T06:46:44.184Z","UpdatedAt":"2023-06-25T13:57:49.129Z","DeletedAt":null,"artikel_id":"101","gambar":"123","nama":"Rumah Adat Bali","deskripsi":"Kesenian tidak hanya berbentuk pertunjukan, tapi juga seni rupa seperti rumah adat. Rumah Adat Bali memiliki filosofi Tri Hita Karana atau tiga unsur kehidupan. Yakni harmoni antara manusia dengan manusia, harmoni dengan alam, dan harmoni dengan yang diyakini atau Tuhan.\nFilosofi ini kemudian menjadi dasar untuk membangun rumah Adat Bali. Dasar ini dituangkan dalam aturan yang disebut Asta Kosala Kosali, yaitu aturan membangun rumah dalam masyarakat Bali dengan menentukan luas dan tata letak dalam ruangan.\n","harga_tiket":50000,"stok_tiket":200,"waktu_mulai":"13.00 WITA","waktu_selesai":"15.00 WITA","tanggal_mulai":"7 Juli 2023","tanggal_selesai":"10 Juli 2023","lokasi":"Ubud, Bali","link_lokasi":"https://goo.gl/maps/fCBRPeGyGq8uR4yE7"},{"ID":88,"CreatedAt":"2023-06-25T12:09:44.602Z","UpdatedAt":"2023-06-25T13:57:57.581Z","DeletedAt":null,"artikel_id":"93","gambar":"[object File]","nama":"Tari Kecak","deskripsi":"Tari kecak merupakan pertunjukkan seni khas Bali yang menggabungkan drama dan tari. Tari Kecak memiliki makna berupa kisah Ramayana. Tari Kecak menggambarkan kisah penculikan Dewi Sinta oleh Rahwana, kemudian Rama berusaha membebaskan istrinya tersebut dengan berbagai cara.\nKeunikan tari Kecak adalah ditampilkan tanpa iringan alat musik. Sepanjang tarian, para penari yang berjumlah sekitar 70 orang akan duduk melingkar sambil melantunkan 'cak cak cak', yang kemudian menjadi asal-usul nama tari Kecak. Tari Kecak sendiri diinisiasi oleh dua tokoh yakn"
11:50:50.257 [main] DEBUG org.apache.http.wire -  << "i Wayan Limbak yang merupakan penari Bali dan Walter Spies, seorang seniman lukis asal Jerman yang ingin menyajikan kisah Ramayana dalam bentuk tarian.\n","harga_tiket":0,"stok_tiket":0,"waktu_mulai":"19:00 WITA","waktu_selesai":"20:00 WITA","tanggal_mulai":"25 Juni 2023","tanggal_selesai":"27 Juni 2023","lokasi":"Ubud, Bali","link_lokasi":"https://goo.gl/maps/fCBRPeGyGq8uR4yE7"},{"ID":89,"CreatedAt":"2023-06-25T12:12:32.841Z","UpdatedAt":"2023-06-25T13:58:43.971Z","DeletedAt":null,"artikel_id":"99","gambar":"[object File]","nama":"Omed-omedan","deskripsi":"Tradisi ini termasuk unik dan menjadi daya tarik juga bagi wisatawan dari luar Bali. Omed-omedan artinya tarik-menarik dalam bahasa Indonesia. Omed-omedan dilakukan dengan berciuman antara ratusan anak muda Bali.\nNamun, tradisi ini lebih bertujuan untuk mempererat kekeluargaan dan kebersamaan secara adat, bukan untuk nafsu birahi. Anak muda dibagi ke dalam dua kelompok, yakni laki-laki dan perempuan. Mereka saling berhadapan, kemudian saat musik gamelan dimainkan, pemuda dan pemudi ini akan melakukan gelut (peluk), diman (cium), dan kedengin (tarik) sesuai dengan lirik lagu yang dinyanyikan.\n","harga_tiket":0,"stok_tiket":0,"waktu_mulai":"15:00 WITA","waktu_selesai":"17:00 WITA","tanggal_mulai":"14 Agustus 2023","tanggal_selesai":"16 Agustus 20"
11:50:50.267 [main] DEBUG org.apache.http.wire -  << "23","lokasi":"Ubud, Bali","link_lokasi":"https://goo.gl/maps/fCBRPeGyGq8uR4yE7"},{"ID":90,"CreatedAt":"2023-06-25T12:28:41.189Z","UpdatedAt":"2023-06-25T13:58:53.813Z","DeletedAt":null,"artikel_id":"102","gambar":"[object File]","nama":"Tari Pendet","deskripsi":"Tari Pendet merupakan tarian tradisional paling populer di Bali.  Makna Gerakan, dan Pola Lantainya', keunikan tari Pendet ada pada gerakan lirikan mata dan properti yang digunakan.\n\nTari Pendet diperagakan bersama iringan musik gamelan. Berbagai gerakan dalam tari Pendet memiliki nama tersendiri. Misalnya gerakan mata ke kanan dan kiri disebut nyeledet, sedangkan gerakan mata memutar disebut ngiler. Kemudian mimik wajah penari Pendet yang selalu tersenyum dinamakan entiah tjerengu.","harga_tiket":100000,"stok_tiket":250,"waktu_mulai":"12:00 WITA","waktu_selesai":"14:00 WITA","tanggal_mulai":"1 Agustus 2023","tanggal_selesai":"5 Agustus 2023","lokasi":"Ubud, Bali","link_lokasi":"https://goo.gl/maps/fCBRPeGyGq8uR4yE7"},{"ID":91,"CreatedAt":"2023-06-25T12:30:59.728Z","UpdatedAt":"2023-06-25T13:59:03.195Z","DeletedAt":null,"artikel_id":"97","gambar":"C:\\fakepath\\wisata.png","nama":"Tari Barong","deskripsi":"Tari Barong adalah tarian yang sering diasosiasikan dengan hal spiritual dan menggambarkan pertempuran klasik antara kebaikan dan kejahatan.\nSalah satu tokoh utama dalam tarian ini berwujud seperti singa. Barong dikatakan sebagai raja roh yang mewakili kebajikan dan dikenal sebagai sosok pelindung. Sementara lawan atau musuh bebuyutan barong bernama Rangda. Rangda merupakan ratu iblis yang memimpin pasukan penyihir jahat.\nTari Barong memiliki makna untuk menjaga keseimbangan antara kedua hal yang saling bertentangan, kebaikan dan kejahatan. Ada 6 jenis tari barong yang berbeda-beda untuk setiap wilayah di Bali.Yakni Barong keket, Barong Bangkal, Barong Landung, Barong Asu, Barong Macan, dan Barong Gajah.\n","harga_tiket":75000,"stok_tiket":200,"waktu_mulai":"13:00 WITA","waktu_selesai":"15:00 WITA","tanggal_mulai":"10 Agustus 2023","tanggal_selesai":"14 Agustus 2023","lokasi":"Ubud, Bali","link_lokasi":"https://goo.gl/maps/fCBRPeGyGq8uR4yE7"},{"ID":92,"CreatedAt":"2023-06-25T12:32:22.485Z","UpdatedAt":"2023-06-25T13:59:12.368Z","DeletedAt":null,"artikel_id":"103","gambar":"C:\\fakepath\\wisata.png","nama":"Ogoh-ogoh","deskripsi":"Tradisi ini merupakan salah satu kegiatan budaya yang hampir selalu dilaksanakan penganut agama Hindu di Bali. Mengutip Kadek Winarta dari Universitas Negeri Makassar, Ogoh-ogoh mulanya merupakan tradisi ngelewang oleh kesenian Ndong-nding dari Gianyar dan Karang Asem. Ogoh-ogoh diyakini merupakan perwujudan raja Jaya Pangus dan putri Kang Cing Wei sebagai Barong Landung.\nTradisi Ogoh-ogoh bermakna sebagai keseimbangan antara sisi posit"
11:50:50.277 [main] DEBUG org.apache.http.wire -  << "if dan negatif dalam diri manusia. Sisi negatif sendiri tidak diharapkan hilang tetapi dipertahankan dengan kadar yang sama dengan sisi positif sehingga sisi negatif akan menjadi netral.\n","harga_tiket":0,"stok_tiket":0,"waktu_mulai":"20:00 WITA","waktu_selesai":"23:00 WITA","tanggal_mulai":"13 Agustus 2023","tanggal_selesai":"13 Agustus 2023","lokasi":"Ubud, Bali","link_lokasi":"https://goo.gl/maps/fCBRPeGyGq8uR4yE7"},{"ID":93,"CreatedAt":"2023-06-25T12:33:59.904Z","UpdatedAt":"2023-06-25T13:59:22.066Z","DeletedAt":null,"artikel_id":"100","gambar":"C:\\fakepath\\wisata.png","nama":"Drama Tari Calonarang","deskripsi":"Calonarang adalah tokoh utama dalam seni tari ini yang identik dengan wajah seram dan menakutkan. Karena dalam kepercayaan Hindu Bali, Calonarang adalah wujud kekuatan mistis yang nantinya akan diseimbangkan oleh kekuatan ilmu putih. Seni drama tari Calonarang sering dikolaborasikan dengan seni tari lain, seperti drama Gong, tari Barong, dan sebagainya. Pertunjukannya pun tidak bisa di sembarang tempat karena tema horor yang dimilikinya. Jadi seni drama tari Calonarang sangat menarik untuk disaksikan. Bagaimana peperangan antara hal baik dan hal jahat ditunjukkan dalam seni tarian yang indah.","harga_tiket":80000,"stok_tiket":150,"waktu_mulai":"20:00 WITA","waktu_selesai":"21:00 WITA","tanggal_mulai":"15 Juli 2023 ","tanggal_selesai":"20 Juli 2023","lokasi":"Ubud, Bali","link_lokasi":"https://goo.gl/maps/fCBRPeGyGq8uR4yE7"},{"ID":94,"CreatedAt":"2023-06-25T12:36:04.17Z","UpdatedAt":"2023-06-25T13:59:35.25Z","DeletedAt":null,"artikel_id":"95","gambar":"C:\\fakepath\\wisata.png","nama":"Tari Legong","deskripsi":"Kesenian tradisional Bali berikutnya yang harus disaksikan adalah Tari Legong. Tari Legong dibawakan oleh perempuan dengan gerakan yang terstruktur. Daya tarik utama dari pertunjukan seni ini adalah kesesuaian antara mata dan tangan penari dengan alat musik gamelan yang mengiringinya, yaiti Gamelan Semar Pagulingan. Berasal dari kata [0xe2][0x80][0x9c]Leg[0xe2][0x80][0x9d] yang berarti luwes dan [0xe2][0x80][0x9c]Gong[0xe2][0x80][0x9d] adalah alat musik yang mengiringinya, tarian ini lebih sering disebut sebagai Tari Bali. Selain gerakannya yang lembut, riasan dan busana tradisional Bali yang cantik akan membuatmu terpana.","harga_tiket":90000,"stok_tiket":300,"waktu_mulai":"15:00 WITA","waktu_selesai":"17:00 WITA","tanggal_mulai":"1 Juli 2023","tanggal_selesai":"10 Juli 2023","lokasi":"Ubud, Bali","link_lokasi":"https://goo.gl/maps/fCBRPeGyGq8uR4yE7"},{"ID":95,"CreatedAt":"2023-06-25T12:37:12.327Z","UpdatedAt":"2023-06-25T13:59:47.985Z","DeletedAt":null,"artikel_id":"104","gambar":"C:\\fakepath\\wisata.png","nama":"Mekare-Kare","deskripsi":"Bagi penduduk pria di kawasan Tenganan, Karangasem, Bali, upacara Mekare-Kare adalah ajang untuk menunjukkan kehebatannya. Me"
11:50:50.297 [main] DEBUG org.apache.http.wire -  << "reka akan bertarung dan melakukan segala cara untuk memenangkan perang yang senjatanya adalah daun pandan yang memiliki duri tajam. \nMekare-Kare dilakukan setiap tahunnya untuk menghormati Indra yang merupakan dewa perang dalam Hindu. Dengan melakukan upacara ini, semua pria di desa akan dianggap kuat dan mampu melakukan perang. Upacara ini biasanya akan diadakan pada awal Juni setiap tahunnya.\n","harga_tiket":0,"stok_tiket":0,"waktu_mulai":"16:00 WITA","waktu_selesai":"17:00 WITA","tanggal_mulai":"20 Juli 2023","tanggal_selesai":"20 Juli 2023","lokasi":"Ubud, Bali","link_lokasi":"https://goo.gl/maps/fCBRPeGyGq8uR4yE7"}],"data_shown":10,"page":1,"total_data":11},"message":"Get all Event success","status":true}[\n]"
11:50:50.297 [main] DEBUG org.apache.http.wire -  << "[\r][\n]"
11:50:50.297 [main] DEBUG org.apache.http.wire -  << "0[\r][\n]"
11:50:50.297 [main] DEBUG org.apache.http.wire -  << "[\r][\n]"
11:50:50.297 [main] DEBUG org.apache.http.impl.conn.BasicClientConnectionManager - Releasing connection org.apache.http.impl.conn.ManagedClientConnectionImpl@31d8352e
11:50:50.297 [main] DEBUG org.apache.http.impl.conn.BasicClientConnectionManager - Connection can be kept alive indefinitely
11:50:50.303 [main] DEBUG net.thucydides.core.steps.StepInterceptor - STEP DONE: admin receive a valid login and event HTTP response code 200
  &amp#27;[32mThen &amp#27;[0m&amp#27;[32madmin receive a valid login and event HTTP response code 200&amp#27;[0m &amp#27;[90m# starter.stepdefinitions.Website.EventSteps.adminReceiveAValidLoginAndEventHTTPResponseCode200()&amp#27;[0m
11:50:50.304 [main] INFO  - 
  _____   ___   ___   _____     ___     _     ___   ___   ___   ___  
 |_   _| | __| / __| |_   _|   | _ \   /_\   / __| / __| | __| |   \ 
   | |   | _|  \__ \   | |     |  _/  / _ \  \__ \ \__ \ | _|  | |) |
   |_|   |___| |___/   |_|     |_|   /_/ \_\ |___/ |___/ |___| |___/ 

As admin, ensures that new event can be added correctly
----------------------------------------------------------------------
]]></system-out>
  </testcase>
  <testcase name="As admin, I can get all event data" classname="As Admin, I want to manage the event feature #2" time="0.374">
    <system-out><![CDATA[
@TCEVENT02
Scenario: As admin, I can get all event data                        &amp#27;[90m# src/test/resources/Feature/Api/Website/Event.feature:13&amp#27;[0m
11:50:50.315 [main] INFO io.cucumber.core.plugin.SerenityReporter - Running feature from file:///Users/macbookpro/Documents/Capstone_API_CI/src/test/resources/Feature/Api/Website/Event.feature
11:50:50.315 [main] WARN io.cucumber.core.plugin.SerenityReporter - Feature from file:///Users/macbookpro/Documents/Capstone_API_CI/src/test/resources/Feature/Api/Website/Event.feature is not under the 'features' directory. Requirements report will not be correctly generated!
11:50:50.315 [main] INFO  - 
  _____   ___   ___   _____     ___   _____     _     ___   _____   ___   ___  
 |_   _| | __| / __| |_   _|   / __| |_   _|   /_\   | _ \ |_   _| | __| |   \ 
   | |   | _|  \__ \   | |     \__ \   | |    / _ \  |   /   | |   | _|  | |) |
   |_|   |___| |___/   |_|     |___/   |_|   /_/ \_\ |_|_\   |_|   |___| |___/ 

As admin, I can get all event data(as-admin--i-want-to-manage-the-event-feature;as-admin--i-can-get-all-event-data)
--------------------------------------------------------------------------------
11:50:50.318 [main] DEBUG net.thucydides.core.steps.StepInterceptor - STARTING STEP: EventSteps.adminSetUpApiEndpointLoginEvent - admin set up api endpoint login in event
11:50:50.318 [main] DEBUG net.thucydides.core.steps.StepInterceptor - STEP DONE: admin set up api endpoint login in event
  &amp#27;[32mGiven &amp#27;[0m&amp#27;[32madmin set up api endpoint login in event&amp#27;[0m                    &amp#27;[90m# starter.stepdefinitions.Website.EventSteps.adminSetUpApiEndpointLoginEvent()&amp#27;[0m
11:50:50.318 [main] DEBUG net.thucydides.core.steps.StepInterceptor - STARTING STEP: EventSteps.adminSendSAHTTPRequestLoginEvent - admin send a HTTP request login in event
11:50:50.319 [main] DEBUG net.thucydides.core.steps.StepInterceptor - STARTING STEP: event.adminSendSAHTTPRequestLoginEvent - admin set up api endpoint login in event
11:50:50.319 [main] DEBUG net.thucydides.core.steps.StepInterceptor - STEP DONE: admin set up api endpoint login in event
11:50:50.321 [main] DEBUG org.apache.http.impl.conn.BasicClientConnectionManager - Get connection for route {}->http://167.172.66.247:8002
11:50:50.321 [main] DEBUG org.apache.http.impl.conn.DefaultClientConnectionOperator - Connecting to 167.172.66.247:8002
11:50:50.347 [main] DEBUG org.apache.http.client.protocol.RequestAddCookies - CookieSpec selected: ignoreCookies
11:50:50.347 [main] DEBUG org.apache.http.client.protocol.RequestAuthCache - Auth cache not set in the context
11:50:50.347 [main] DEBUG org.apache.http.client.protocol.RequestTargetAuthentication - Target auth state: UNCHALLENGED
11:50:50.347 [main] DEBUG org.apache.http.client.protocol.RequestProxyAuthentication - Proxy auth state: UNCHALLENGED
11:50:50.347 [main] DEBUG org.apache.http.impl.client.DefaultHttpClient - Attempt 1 to execute request
11:50:50.347 [main] DEBUG org.apache.http.impl.conn.DefaultClientConnection - Sending request: POST /admin_login HTTP/1.1
11:50:50.347 [main] DEBUG org.apache.http.wire -  >> "POST /admin_login HTTP/1.1[\r][\n]"
11:50:50.347 [main] DEBUG org.apache.http.wire -  >> "Accept: */*[\r][\n]"
11:50:50.347 [main] DEBUG org.apache.http.wire -  >> "Content-Type: application/json[\r][\n]"
11:50:50.347 [main] DEBUG org.apache.http.wire -  >> "Content-Length: 54[\r][\n]"
11:50:50.347 [main] DEBUG org.apache.http.wire -  >> "Host: 167.172.66.247:8002[\r][\n]"
11:50:50.347 [main] DEBUG org.apache.http.wire -  >> "Connection: Keep-Alive[\r][\n]"
11:50:50.347 [main] DEBUG org.apache.http.wire -  >> "User-Agent: Apache-HttpClient/4.5.13 (Java/17.0.7)[\r][\n]"
11:50:50.347 [main] DEBUG org.apache.http.wire -  >> "Accept-Encoding: gzip,deflate[\r][\n]"
11:50:50.347 [main] DEBUG org.apache.http.wire -  >> "[\r][\n]"
11:50:50.347 [main] DEBUG org.apache.http.headers - >> POST /admin_login HTTP/1.1
11:50:50.347 [main] DEBUG org.apache.http.headers - >> Accept: */*
11:50:50.347 [main] DEBUG org.apache.http.headers - >> Content-Type: application/json
11:50:50.347 [main] DEBUG org.apache.http.headers - >> Content-Length: 54
11:50:50.347 [main] DEBUG org.apache.http.headers - >> Host: 167.172.66.247:8002
11:50:50.347 [main] DEBUG org.apache.http.headers - >> Connection: Keep-Alive
11:50:50.347 [main] DEBUG org.apache.http.headers - >> User-Agent: Apache-HttpClient/4.5.13 (Java/17.0.7)
11:50:50.347 [main] DEBUG org.apache.http.headers - >> Accept-Encoding: gzip,deflate
11:50:50.347 [main] DEBUG org.apache.http.wire -  >> "{"password":"123456","email":"BalinkBarong@gmail.com"}"
11:50:50.417 [main] DEBUG org.apache.http.wire -  << "HTTP/1.1 200 OK[\r][\n]"
11:50:50.417 [main] DEBUG org.apache.http.wire -  << "Content-Type: application/json; charset=UTF-8[\r][\n]"
11:50:50.417 [main] DEBUG org.apache.http.wire -  << "Vary: Origin[\r][\n]"
11:50:50.417 [main] DEBUG org.apache.http.wire -  << "Date: Mon, 26 Jun 2023 04:50:50 GMT[\r][\n]"
11:50:50.417 [main] DEBUG org.apache.http.wire -  << "Content-Length: 851[\r][\n]"
11:50:50.417 [main] DEBUG org.apache.http.wire -  << "[\r][\n]"
11:50:50.417 [main] DEBUG org.apache.http.impl.conn.DefaultClientConnection - Receiving response: HTTP/1.1 200 OK
11:50:50.417 [main] DEBUG org.apache.http.headers - << HTTP/1.1 200 OK
11:50:50.417 [main] DEBUG org.apache.http.headers - << Content-Type: application/json; charset=UTF-8
11:50:50.417 [main] DEBUG org.apache.http.headers - << Vary: Origin
11:50:50.417 [main] DEBUG org.apache.http.headers - << Date: Mon, 26 Jun 2023 04:50:50 GMT
11:50:50.417 [main] DEBUG org.apache.http.headers - << Content-Length: 851
11:50:50.417 [main] DEBUG org.apache.http.impl.client.DefaultHttpClient - Connection can be kept alive indefinitely
11:50:50.417 [main] DEBUG io.restassured.internal.RestAssuredHttpBuilder - Parsing response as: application/json; charset=UTF-8
11:50:50.417 [main] DEBUG io.restassured.internal.RestAssuredHttpBuilder - Parsed data to instance of: class org.apache.http.conn.EofSensorInputStream
11:50:50.417 [main] DEBUG org.apache.http.wire -  << "{"data":{"profile_perusahaan":{"ID":1,"CreatedAt":"0001-01-01T00:00:00Z","UpdatedAt":"2023-06-25T16:52:02.995Z","DeletedAt":null,"nama":"Sean 1","deskripsi":"lorem ipsum","foto_profile":"123","email":"BalinkBarong@gmail.com","password":"123456","no_telepon":"0811111111111","whatsapp":"0811111111111","instagram":"@balink","facebook":"balink","alamat":"Kecamatan Kuta, Sebelah Selata Kota Denpasar, Bali","negara":"Indonesia","kode_pos":"16442","rekening_bca":"0","rekening_mandiri":"12345678910","rekening_bri":"12345678910","rekening_bni":"12345678910","rekening_btn":"12345678910","rekening_seabank":"0","rekening_bpd_bali":"12345678910"},"token":"eyJhbGciOiJIUzI1NiIsInR5cCI6IkpXVCJ9.eyJleHAiOjE2ODc3NzMwNTAsImlkIjoxLCJpc3MiOiJxd2VydHkiLCJuYW1lIjoiU2VhbiAxIn0.H_ghpP2HZYlBLw8yPCjhDODSoNL02ZitrDEwKACSD5E"},"message":"Login success","status":true}[\n]"
11:50:50.417 [main] DEBUG org.apache.http.impl.conn.BasicClientConnectionManager - Releasing connection org.apache.http.impl.conn.ManagedClientConnectionImpl@393d4e34
11:50:50.417 [main] DEBUG org.apache.http.impl.conn.BasicClientConnectionManager - Connection can be kept alive indefinitely
11:50:50.423 [main] DEBUG net.thucydides.core.steps.StepInterceptor - STEP DONE: admin send a HTTP request login in event
  &amp#27;[32mWhen &amp#27;[0m&amp#27;[32madmin send a HTTP request login in event&amp#27;[0m                     &amp#27;[90m# starter.stepdefinitions.Website.EventSteps.adminSendSAHTTPRequestLoginEvent()&amp#27;[0m
11:50:50.424 [main] DEBUG net.thucydides.core.steps.StepInterceptor - STARTING STEP: EventSteps.adminSetTheGETApiEndpointEvent - admin set the GET api endpoint event
11:50:50.424 [main] DEBUG net.thucydides.core.steps.StepInterceptor - STEP DONE: admin set the GET api endpoint event
  &amp#27;[32mAnd &amp#27;[0m&amp#27;[32madmin set the GET api endpoint event&amp#27;[0m                          &amp#27;[90m# starter.stepdefinitions.Website.EventSteps.adminSetTheGETApiEndpointEvent()&amp#27;[0m
11:50:50.425 [main] DEBUG net.thucydides.core.steps.StepInterceptor - STARTING STEP: EventSteps.adminSentHTTPGETRequestGetEvent - admin sent HTTP GET request get event
11:50:50.425 [main] DEBUG net.thucydides.core.steps.StepInterceptor - STARTING STEP: event.adminSentHTTPGETRequestGetEvent - admin set the GET api endpoint event
11:50:50.425 [main] DEBUG net.thucydides.core.steps.StepInterceptor - STEP DONE: admin set the GET api endpoint event
11:50:50.427 [main] DEBUG org.apache.http.impl.conn.BasicClientConnectionManager - Get connection for route {}->http://167.172.66.247:8002
11:50:50.427 [main] DEBUG org.apache.http.impl.conn.DefaultClientConnectionOperator - Connecting to 167.172.66.247:8002
11:50:50.457 [main] DEBUG org.apache.http.client.protocol.RequestAddCookies - CookieSpec selected: ignoreCookies
11:50:50.457 [main] DEBUG org.apache.http.client.protocol.RequestAuthCache - Auth cache not set in the context
11:50:50.457 [main] DEBUG org.apache.http.client.protocol.RequestTargetAuthentication - Target auth state: UNCHALLENGED
11:50:50.457 [main] DEBUG org.apache.http.client.protocol.RequestProxyAuthentication - Proxy auth state: UNCHALLENGED
11:50:50.457 [main] DEBUG org.apache.http.impl.client.DefaultHttpClient - Attempt 1 to execute request
11:50:50.457 [main] DEBUG org.apache.http.impl.conn.DefaultClientConnection - Sending request: GET /event?page=1&limit=5&order=desc HTTP/1.1
11:50:50.457 [main] DEBUG org.apache.http.wire -  >> "GET /event?page=1&limit=5&order=desc HTTP/1.1[\r][\n]"
11:50:50.457 [main] DEBUG org.apache.http.wire -  >> "Accept: */*[\r][\n]"
11:50:50.457 [main] DEBUG org.apache.http.wire -  >> "Host: 167.172.66.247:8002[\r][\n]"
11:50:50.457 [main] DEBUG org.apache.http.wire -  >> "Connection: Keep-Alive[\r][\n]"
11:50:50.457 [main] DEBUG org.apache.http.wire -  >> "User-Agent: Apache-HttpClient/4.5.13 (Java/17.0.7)[\r][\n]"
11:50:50.457 [main] DEBUG org.apache.http.wire -  >> "Accept-Encoding: gzip,deflate[\r][\n]"
11:50:50.457 [main] DEBUG org.apache.http.wire -  >> "[\r][\n]"
11:50:50.457 [main] DEBUG org.apache.http.headers - >> GET /event?page=1&limit=5&order=desc HTTP/1.1
11:50:50.457 [main] DEBUG org.apache.http.headers - >> Accept: */*
11:50:50.457 [main] DEBUG org.apache.http.headers - >> Host: 167.172.66.247:8002
11:50:50.457 [main] DEBUG org.apache.http.headers - >> Connection: Keep-Alive
11:50:50.457 [main] DEBUG org.apache.http.headers - >> User-Agent: Apache-HttpClient/4.5.13 (Java/17.0.7)
11:50:50.457 [main] DEBUG org.apache.http.headers - >> Accept-Encoding: gzip,deflate
11:50:50.516 [main] DEBUG org.apache.http.wire -  << "HTTP/1.1 400 Bad Request[\r][\n]"
11:50:50.516 [main] DEBUG org.apache.http.wire -  << "Content-Type: application/json; charset=UTF-8[\r][\n]"
11:50:50.516 [main] DEBUG org.apache.http.wire -  << "Vary: Origin[\r][\n]"
11:50:50.516 [main] DEBUG org.apache.http.wire -  << "Date: Mon, 26 Jun 2023 04:50:50 GMT[\r][\n]"
11:50:50.516 [main] DEBUG org.apache.http.wire -  << "Content-Length: 39[\r][\n]"
11:50:50.516 [main] DEBUG org.apache.http.wire -  << "[\r][\n]"
11:50:50.516 [main] DEBUG org.apache.http.impl.conn.DefaultClientConnection - Receiving response: HTTP/1.1 400 Bad Request
11:50:50.516 [main] DEBUG org.apache.http.headers - << HTTP/1.1 400 Bad Request
11:50:50.516 [main] DEBUG org.apache.http.headers - << Content-Type: application/json; charset=UTF-8
11:50:50.516 [main] DEBUG org.apache.http.headers - << Vary: Origin
11:50:50.516 [main] DEBUG org.apache.http.headers - << Date: Mon, 26 Jun 2023 04:50:50 GMT
11:50:50.516 [main] DEBUG org.apache.http.headers - << Content-Length: 39
11:50:50.517 [main] DEBUG org.apache.http.impl.client.DefaultHttpClient - Connection can be kept alive indefinitely
11:50:50.517 [main] DEBUG io.restassured.internal.RestAssuredHttpBuilder - Parsing response as: application/json; charset=UTF-8
11:50:50.517 [main] DEBUG io.restassured.internal.RestAssuredHttpBuilder - Parsed data to instance of: class org.apache.http.conn.EofSensorInputStream
11:50:50.517 [main] DEBUG org.apache.http.wire -  << "{"message":"missing or malformed jwt"}[\n]"
11:50:50.517 [main] DEBUG org.apache.http.impl.conn.BasicClientConnectionManager - Releasing connection org.apache.http.impl.conn.ManagedClientConnectionImpl@4417755b
11:50:50.517 [main] DEBUG org.apache.http.impl.conn.BasicClientConnectionManager - Connection can be kept alive indefinitely
11:50:50.517 [main] DEBUG net.thucydides.core.steps.StepInterceptor - STEP DONE: admin sent HTTP GET request get event
  &amp#27;[32mAnd &amp#27;[0m&amp#27;[32madmin sent HTTP GET request get event&amp#27;[0m                         &amp#27;[90m# starter.stepdefinitions.Website.EventSteps.adminSentHTTPGETRequestGetEvent()&amp#27;[0m
11:50:50.517 [main] DEBUG net.thucydides.core.steps.StepInterceptor - STARTING STEP: EventSteps.adminReceiveAValidLoginAndEventHTTPResponseCode200 - admin receive a valid login and event HTTP response code 200
11:50:50.518 [main] DEBUG net.thucydides.core.steps.StepInterceptor - STARTING STEP: event.adminReceiveAValidLoginAndEventHTTPResponseCode200 - admin set the POST api endpoint event
11:50:50.518 [main] DEBUG net.thucydides.core.steps.StepInterceptor - STEP DONE: admin set the POST api endpoint event
11:50:50.519 [main] DEBUG org.apache.http.impl.conn.BasicClientConnectionManager - Get connection for route {}->http://167.172.66.247:8002
11:50:50.519 [main] DEBUG org.apache.http.impl.conn.DefaultClientConnectionOperator - Connecting to 167.172.66.247:8002
11:50:50.557 [main] DEBUG org.apache.http.client.protocol.RequestAddCookies - CookieSpec selected: ignoreCookies
11:50:50.557 [main] DEBUG org.apache.http.client.protocol.RequestAuthCache - Auth cache not set in the context
11:50:50.557 [main] DEBUG org.apache.http.client.protocol.RequestProxyAuthentication - Proxy auth state: UNCHALLENGED
11:50:50.557 [main] DEBUG org.apache.http.impl.client.DefaultHttpClient - Attempt 1 to execute request
11:50:50.557 [main] DEBUG org.apache.http.impl.conn.DefaultClientConnection - Sending request: GET /event HTTP/1.1
11:50:50.557 [main] DEBUG org.apache.http.wire -  >> "GET /event HTTP/1.1[\r][\n]"
11:50:50.557 [main] DEBUG org.apache.http.wire -  >> "Authorization: Bearer eyJhbGciOiJIUzI1NiIsInR5cCI6IkpXVCJ9.eyJleHAiOjE2ODc3NzMwNTAsImlkIjoxLCJpc3MiOiJxd2VydHkiLCJuYW1lIjoiU2VhbiAxIn0.H_ghpP2HZYlBLw8yPCjhDODSoNL02ZitrDEwKACSD5E[\r][\n]"
11:50:50.557 [main] DEBUG org.apache.http.wire -  >> "Accept: */*[\r][\n]"
11:50:50.557 [main] DEBUG org.apache.http.wire -  >> "Host: 167.172.66.247:8002[\r][\n]"
11:50:50.557 [main] DEBUG org.apache.http.wire -  >> "Connection: Keep-Alive[\r][\n]"
11:50:50.557 [main] DEBUG org.apache.http.wire -  >> "User-Agent: Apache-HttpClient/4.5.13 (Java/17.0.7)[\r][\n]"
11:50:50.557 [main] DEBUG org.apache.http.wire -  >> "Accept-Encoding: gzip,deflate[\r][\n]"
11:50:50.557 [main] DEBUG org.apache.http.wire -  >> "[\r][\n]"
11:50:50.557 [main] DEBUG org.apache.http.headers - >> GET /event HTTP/1.1
11:50:50.557 [main] DEBUG org.apache.http.headers - >> Authorization: Bearer eyJhbGciOiJIUzI1NiIsInR5cCI6IkpXVCJ9.eyJleHAiOjE2ODc3NzMwNTAsImlkIjoxLCJpc3MiOiJxd2VydHkiLCJuYW1lIjoiU2VhbiAxIn0.H_ghpP2HZYlBLw8yPCjhDODSoNL02ZitrDEwKACSD5E
11:50:50.557 [main] DEBUG org.apache.http.headers - >> Accept: */*
11:50:50.557 [main] DEBUG org.apache.http.headers - >> Host: 167.172.66.247:8002
11:50:50.557 [main] DEBUG org.apache.http.headers - >> Connection: Keep-Alive
11:50:50.557 [main] DEBUG org.apache.http.headers - >> User-Agent: Apache-HttpClient/4.5.13 (Java/17.0.7)
11:50:50.557 [main] DEBUG org.apache.http.headers - >> Accept-Encoding: gzip,deflate
11:50:50.617 [main] DEBUG org.apache.http.wire -  << "HTTP/1.1 200 OK[\r][\n]"
11:50:50.617 [main] DEBUG org.apache.http.wire -  << "Content-Type: application/json; charset=UTF-8[\r][\n]"
11:50:50.617 [main] DEBUG org.apache.http.wire -  << "Vary: Origin[\r][\n]"
11:50:50.617 [main] DEBUG org.apache.http.wire -  << "Date: Mon, 26 Jun 2023 04:50:50 GMT[\r][\n]"
11:50:50.617 [main] DEBUG org.apache.http.wire -  << "Transfer-Encoding: chunked[\r][\n]"
11:50:50.617 [main] DEBUG org.apache.http.wire -  << "[\r][\n]"
11:50:50.617 [main] DEBUG org.apache.http.impl.conn.DefaultClientConnection - Receiving response: HTTP/1.1 200 OK
11:50:50.617 [main] DEBUG org.apache.http.headers - << HTTP/1.1 200 OK
11:50:50.617 [main] DEBUG org.apache.http.headers - << Content-Type: application/json; charset=UTF-8
11:50:50.617 [main] DEBUG org.apache.http.headers - << Vary: Origin
11:50:50.617 [main] DEBUG org.apache.http.headers - << Date: Mon, 26 Jun 2023 04:50:50 GMT
11:50:50.617 [main] DEBUG org.apache.http.headers - << Transfer-Encoding: chunked
11:50:50.617 [main] DEBUG org.apache.http.impl.client.DefaultHttpClient - Connection can be kept alive indefinitely
11:50:50.617 [main] DEBUG io.restassured.internal.RestAssuredHttpBuilder - Parsing response as: application/json; charset=UTF-8
11:50:50.617 [main] DEBUG io.restassured.internal.RestAssuredHttpBuilder - Parsed data to instance of: class org.apache.http.conn.EofSensorInputStream
11:50:50.617 [main] DEBUG org.apache.http.wire -  << "27eb[\r][\n]"
11:50:50.617 [main] DEBUG org.apache.http.wire -  << "{"data":{"data":[{"ID":85,"CreatedAt":"2023-06-25T06:43:54.874Z","UpdatedAt":"2023-06-25T13:48:26.219Z","DeletedAt":null,"artikel_id":"98","gambar":"123","nama":"Drama Gong","deskripsi":"Gong adalah serangkaian alat seni musik yang terdiri dari berbagai macam gamelan. Gong memang kerap menjadi pengiring pertunjukan seni lain. Namun drama Gong juga dapat berdiri sendiri dengan kolaborasi seni pertunjukan kontemporer. Kamu akan menyaksikan bagaimana para pemain alat musik ini bernyanyi dalam bahasa Sansekerta dan bahasa Bali klasik. Nyanyian tersebut menceritakan berbagai tema, seperti sejarah, percintaan, kepahlawanan, dan sebagainya. Pertunjukan ini hanya bisa kamu saksikan pada upacara spesial atau hari tertentu saja.","harga_tiket":45000,"stok_tiket":400,"waktu_mulai":"13:00 WITA","waktu_selesai":"14:00 WITA","tanggal_mulai":"13 Juli 2023","tanggal_selesai":"14 Juli 2023","lokasi":"Ubud, Bali","link_lokasi":"https://goo.gl/maps/fCBRPeGyGq8uR4yE7"},{"ID":86,"CreatedAt":"2023-06-25T06:46:44.184Z","UpdatedAt":"2023-06-25T13:57:49.129Z","DeletedAt":null,"artikel_id":"101","gambar":"123","nama":"Rumah Adat Bali","deskripsi":"Kesenian tidak hanya berbentuk pertunjukan, tapi juga seni rupa seperti rumah adat. Rumah Adat Ba"
11:50:50.627 [main] DEBUG org.apache.http.wire -  << "li memiliki filosofi Tri Hita Karana atau tiga unsur kehidupan. Yakni harmoni antara manusia dengan manusia, harmoni dengan alam, dan harmoni dengan yang diyakini atau Tuhan.\nFilosofi ini kemudian menjadi dasar untuk membangun rumah Adat Bali. Dasar ini dituangkan dalam aturan yang disebut Asta Kosala Kosali, yaitu aturan membangun rumah dalam masyarakat Bali dengan menentukan luas dan tata letak dalam ruangan.\n","harga_tiket":50000,"stok_tiket":200,"waktu_mulai":"13.00 WITA","waktu_selesai":"15.00 WITA","tanggal_mulai":"7 Juli 2023","tanggal_selesai":"10 Juli 2023","lokasi":"Ubud, Bali","link_lokasi":"https://goo.gl/maps/fCBRPeGyGq8uR4yE7"},{"ID":88,"CreatedAt":"2023-06-25T12:09:44.602Z","UpdatedAt":"2023-06-25T13:57:57.581Z","DeletedAt":null,"artikel_id":"93","gambar":"[object File]","nama":"Tari Kecak","deskripsi":"Tari kecak merupakan pertunjukkan seni khas Bali yang menggabungkan drama dan tari. Tari Kecak memiliki makna berupa kisah Ramayana. Tari Kecak menggambarkan kisah penculikan Dewi Sinta oleh Rahwana, kemudian Rama berusaha membebaskan istrinya tersebut dengan berbagai cara.\nKeunikan tari Kecak adalah ditampilkan tanpa iringan alat musik. Sepanjang tarian, para penari yang berjumlah sekitar 70 orang akan duduk melingkar sambil melantunkan 'cak cak cak', yang kemudian menjadi asal-usul nama tari Kecak. Tari Kecak sendiri diinisiasi oleh dua tokoh yakn"
11:50:50.637 [main] DEBUG org.apache.http.wire -  << "i Wayan Limbak yang merupakan penari Bali dan Walter Spies, seorang seniman lukis asal Jerman yang ingin menyajikan kisah Ramayana dalam bentuk tarian.\n","harga_tiket":0,"stok_tiket":0,"waktu_mulai":"19:00 WITA","waktu_selesai":"20:00 WITA","tanggal_mulai":"25 Juni 2023","tanggal_selesai":"27 Juni 2023","lokasi":"Ubud, Bali","link_lokasi":"https://goo.gl/maps/fCBRPeGyGq8uR4yE7"},{"ID":89,"CreatedAt":"2023-06-25T12:12:32.841Z","UpdatedAt":"2023-06-25T13:58:43.971Z","DeletedAt":null,"artikel_id":"99","gambar":"[object File]","nama":"Omed-omedan","deskripsi":"Tradisi ini termasuk unik dan menjadi daya tarik juga bagi wisatawan dari luar Bali. Omed-omedan artinya tarik-menarik dalam bahasa Indonesia. Omed-omedan dilakukan dengan berciuman antara ratusan anak muda Bali.\nNamun, tradisi ini lebih bertujuan untuk mempererat kekeluargaan dan kebersamaan secara adat, bukan untuk nafsu birahi. Anak muda dibagi ke dalam dua kelompok, yakni laki-laki dan perempuan. Mereka saling berhadapan, kemudian saat musik gamelan dimainkan, pemuda dan pemudi ini akan melakukan gelut (peluk), diman (cium), dan kedengin (tarik) sesuai dengan lirik lagu yang dinyanyikan.\n","harga_tiket":0,"stok_tiket":0,"waktu_mulai":"15:00 WITA","waktu_selesai":"17:00 WITA","tanggal_mulai":"14 Agustus 2023","tanggal_selesai":"16 Agustus 2023","lokasi":"Ubud, Bali","link_lokasi":"https://goo.gl/maps/fCBRPeGyGq8uR4yE7"},{"ID":90,"CreatedAt":"2023-06-25T12:28:41.189Z","UpdatedAt":"2023-06-25T13:58:53.813Z","DeletedAt":null,"artikel_id":"102","gambar":"[object File]","nama":"Tari Pendet","deskripsi":"Tari Pendet merupakan tarian tradisional paling populer di Bali.  Makna Gerakan, dan Pola Lantainya', keunikan tari Pendet ada pada gerakan lirikan mata dan properti yang digunakan.\n\nTari Pendet diperagakan bersama iringan musik gamelan. Berbagai gerakan dalam tari Pendet memiliki nama tersendiri. Misalnya gerakan mata ke kanan dan kiri disebut nyeledet, sedangkan gerakan mata memutar disebut ngiler. Kemudian mimik wajah penari Pendet yang selalu tersenyum dinamakan entiah tjerengu.","harga_tiket":100000,"stok_tiket":250,"waktu_mulai":"12:00 WITA","waktu_selesai":"14:00 WITA","tanggal_mulai":"1 Agustus 2023","tanggal_selesai":"5 Agustus 2023","lokasi":"Ubud, Bali","link_lokasi":"https://goo.gl/maps/fCBRPeGyGq8uR4yE7"},{"ID":91,"CreatedAt":"2023-06-25T12:30:59.728Z","UpdatedAt":"2023-06-25T13:59:03.195Z","DeletedAt":null,"artikel_id":"97","gambar":"C:\\fakepath\\wisata.png","nama":"Tari Barong","deskripsi":"Tari Barong adalah tarian yang sering diasosiasikan dengan hal spiritual dan menggambarkan pertempuran klasik antara kebaikan dan kejahatan.\nSalah satu tokoh utama dalam tarian ini berwujud seperti singa. Barong dikatakan sebagai raja roh yang mewakili kebajikan dan dik"
11:50:50.645 [main] DEBUG org.apache.http.wire -  << "enal sebagai sosok pelindung. Sementara lawan atau musuh bebuyutan barong bernama Rangda. Rangda merupakan ratu iblis yang memimpin pasukan penyihir jahat.\nTari Barong memiliki makna untuk menjaga keseimbangan antara kedua hal yang saling bertentangan, kebaikan dan kejahatan. Ada 6 jenis tari barong yang berbeda-beda untuk setiap wilayah di Bali.Yakni Barong keket, Barong Bangkal, Barong Landung, Barong Asu, Barong Macan, dan Barong Gajah.\n","harga_tiket":75000,"stok_tiket":200,"waktu_mulai":"13:00 WITA","waktu_selesai":"15:00 WITA","tanggal_mulai":"10 Agustus 2023","tanggal_selesai":"14 Agustus 2023","lokasi":"Ubud, Bali","link_lokasi":"https://goo.gl/maps/fCBRPeGyGq8uR4yE7"},{"ID":92,"CreatedAt":"2023-06-25T12:32:22.485Z","UpdatedAt":"2023-06-25T13:59:12.368Z","DeletedAt":null,"artikel_id":"103","gambar":"C:\\fakepath\\wisata.png","nama":"Ogoh-ogoh","deskripsi":"Tradisi ini merupakan salah satu kegiatan budaya yang hampir selalu dilaksanakan penganut agama Hindu di Bali. Mengutip Kadek Winarta dari Universitas Negeri Makassar, Ogoh-ogoh mulanya merupakan tradisi ngelewang oleh kesenian Ndong-nding dari Gianyar dan Karang Asem. Ogoh-ogoh diyakini merupakan perwujudan raja Jaya Pangus dan putri Kang Cing Wei sebagai Barong Landung.\nTradisi Ogoh-ogoh bermakna sebagai keseimbangan antara sisi positif dan negatif dalam diri manusia. Sisi negatif sendiri tidak diharapkan hilang tetapi dipertahankan dengan kadar yang sama dengan sisi positif sehingga sisi negatif akan menjadi netral.\n","harga_tiket":0,"stok_tiket":0,"waktu_mulai":"20:00 WITA","waktu_selesai":"23:00 WITA","tanggal_mulai":"13 Agustus 2023","tanggal_selesai":"13 Agustus 2023","lokasi":"Ubud, Bali","link_lokasi":"https://goo.gl/maps/fCBRPeGyGq8uR4yE7"},{"ID":93,"CreatedAt":"2023-06-25T12:33:59.904Z","UpdatedAt":"2023-06-25T13:59:22.066Z","DeletedAt":null,"artikel_id":"100","gambar":"C:\\fakepath\\wisata.png","nama":"Drama Tari Calonarang","deskripsi":"Calonarang adalah tokoh utama dalam seni tari ini yang identik dengan wajah seram dan menakutkan. Karena dalam kepercayaan Hindu Bali, Calonarang adalah wujud kekuatan mistis yang nantinya akan diseimbangkan oleh kekuatan ilmu putih. Seni drama tari Calonarang sering dikolaborasikan dengan seni tari lain, seperti drama Gong, tari Barong, dan sebagainya. Pertunjukannya pun tidak bisa di sembarang tempat karena tema horor yang dimilikinya. Jadi seni drama tari Calonarang sangat menarik untuk disaksikan. Bagaimana peperangan antara hal baik dan hal jahat ditunjukkan dalam seni tarian yang indah.","harga_tiket":80000,"stok_tiket":150,"waktu_mulai":"20:00 WITA","waktu_selesai":"21:00 WITA","tanggal_mulai":"15 Juli 2023 ","tanggal_selesai":"20 Juli 2023","l"
11:50:50.647 [main] DEBUG org.apache.http.wire -  << "okasi":"Ubud, Bali","link_lokasi":"https://goo.gl/maps/fCBRPeGyGq8uR4yE7"},{"ID":94,"CreatedAt":"2023-06-25T12:36:04.17Z","UpdatedAt":"2023-06-25T13:59:35.25Z","DeletedAt":null,"artikel_id":"95","gambar":"C:\\fakepath\\wisata.png","nama":"Tari Legong","deskripsi":"Kesenian tradisional Bali berikutnya yang harus disaksikan adalah Tari Legong. Tari Legong dibawakan oleh perempuan dengan gerakan yang terstruktur. Daya tarik utama dari pertunjukan seni ini adalah kesesuaian antara mata dan tangan penari dengan alat musik gamelan yang mengiringinya, yaiti Gamelan Semar Pagulingan. Berasal dari kata [0xe2][0x80][0x9c]Leg[0xe2][0x80][0x9d] yang berarti luwes dan [0xe2][0x80][0x9c]Gong[0xe2][0x80][0x9d] adalah alat musik yang mengiringinya, tarian ini lebih sering disebut sebagai Tari Bali. Selain gerakannya yang lembut, riasan dan busana tradisional Bali yang cantik akan membuatmu terpana.","harga_tiket":90000,"stok_tiket":300,"waktu_mulai":"15:00 WITA","waktu_selesai":"17:00 WITA","tanggal_mulai":"1 Juli 2023","tanggal_selesai":"10 Juli 2023","lokasi":"Ubud, Bali","link_lokasi":"https://goo.gl/maps/fCBRPeGyGq8uR4yE7"},{"ID":95,"CreatedAt":"2023-06-25T12:37:12.327Z","UpdatedAt":"2023-06-25T13:59:47.985Z","DeletedAt":null,"artikel_id":"104","gambar":"C:\\fakepath\\wisata.png","nama":"Mekare-Kare","deskripsi":"Bagi penduduk pria di kawasan Tenganan, Karangasem, Bali, upacara Mekare-Kare adalah ajang untuk menunjukkan kehebatannya. Me"
11:50:50.677 [main] DEBUG org.apache.http.wire -  << "reka akan bertarung dan melakukan segala cara untuk memenangkan perang yang senjatanya adalah daun pandan yang memiliki duri tajam. \nMekare-Kare dilakukan setiap tahunnya untuk menghormati Indra yang merupakan dewa perang dalam Hindu. Dengan melakukan upacara ini, semua pria di desa akan dianggap kuat dan mampu melakukan perang. Upacara ini biasanya akan diadakan pada awal Juni setiap tahunnya.\n","harga_tiket":0,"stok_tiket":0,"waktu_mulai":"16:00 WITA","waktu_selesai":"17:00 WITA","tanggal_mulai":"20 Juli 2023","tanggal_selesai":"20 Juli 2023","lokasi":"Ubud, Bali","link_lokasi":"https://goo.gl/maps/fCBRPeGyGq8uR4yE7"}],"data_shown":10,"page":1,"total_data":11},"message":"Get all Event success","status":true}[\n]"
11:50:50.677 [main] DEBUG org.apache.http.wire -  << "[\r][\n]"
11:50:50.677 [main] DEBUG org.apache.http.wire -  << "0[\r][\n]"
11:50:50.677 [main] DEBUG org.apache.http.wire -  << "[\r][\n]"
11:50:50.677 [main] DEBUG org.apache.http.impl.conn.BasicClientConnectionManager - Releasing connection org.apache.http.impl.conn.ManagedClientConnectionImpl@cda988
11:50:50.677 [main] DEBUG org.apache.http.impl.conn.BasicClientConnectionManager - Connection can be kept alive indefinitely
11:50:50.678 [main] DEBUG net.thucydides.core.steps.StepInterceptor - STEP DONE: admin receive a valid login and event HTTP response code 200
  &amp#27;[32mThen &amp#27;[0m&amp#27;[32madmin receive a valid login and event HTTP response code 200&amp#27;[0m &amp#27;[90m# starter.stepdefinitions.Website.EventSteps.adminReceiveAValidLoginAndEventHTTPResponseCode200()&amp#27;[0m
11:50:50.679 [main] INFO  - 
  _____   ___   ___   _____     ___     _     ___   ___   ___   ___  
 |_   _| | __| / __| |_   _|   | _ \   /_\   / __| / __| | __| |   \ 
   | |   | _|  \__ \   | |     |  _/  / _ \  \__ \ \__ \ | _|  | |) |
   |_|   |___| |___/   |_|     |_|   /_/ \_\ |___/ |___/ |___| |___/ 

As admin, I can get all event data
----------------------------------------------------------------------
]]></system-out>
  </testcase>
  <testcase name="As admin, I can edit event data by ID" classname="As Admin, I want to manage the event feature #2" time="0.218">
    <system-out><![CDATA[
@TCEVENT03
Scenario: As admin, I can edit event data by ID   &amp#27;[90m# src/test/resources/Feature/Api/Website/Event.feature:22&amp#27;[0m
11:50:50.686 [main] INFO io.cucumber.core.plugin.SerenityReporter - Running feature from file:///Users/macbookpro/Documents/Capstone_API_CI/src/test/resources/Feature/Api/Website/Event.feature
11:50:50.686 [main] WARN io.cucumber.core.plugin.SerenityReporter - Feature from file:///Users/macbookpro/Documents/Capstone_API_CI/src/test/resources/Feature/Api/Website/Event.feature is not under the 'features' directory. Requirements report will not be correctly generated!
11:50:50.686 [main] INFO  - 
  _____   ___   ___   _____     ___   _____     _     ___   _____   ___   ___  
 |_   _| | __| / __| |_   _|   / __| |_   _|   /_\   | _ \ |_   _| | __| |   \ 
   | |   | _|  \__ \   | |     \__ \   | |    / _ \  |   /   | |   | _|  | |) |
   |_|   |___| |___/   |_|     |___/   |_|   /_/ \_\ |_|_\   |_|   |___| |___/ 

As admin, I can edit event data by ID(as-admin--i-want-to-manage-the-event-feature;as-admin--i-can-edit-event-data-by-id)
--------------------------------------------------------------------------------
11:50:50.689 [main] DEBUG net.thucydides.core.steps.StepInterceptor - STARTING STEP: AccountSteps.adminSetUpApiEndpointLogin - I have endpoint auth
11:50:50.689 [main] DEBUG net.thucydides.core.steps.StepInterceptor - STEP DONE: I have endpoint auth
  &amp#27;[32mGiven &amp#27;[0m&amp#27;[32madmin set up api endpoint login&amp#27;[0m           &amp#27;[90m# starter.stepdefinitions.Website.AccountSteps.adminSetUpApiEndpointLogin()&amp#27;[0m
11:50:50.690 [main] DEBUG net.thucydides.core.steps.StepInterceptor - STARTING STEP: AccountSteps.adminSendAHTTPRequestLogin - I Send endpoint auth
11:50:50.690 [main] DEBUG net.thucydides.core.steps.StepInterceptor - STARTING STEP: Account.sendEndpointAuth - I have endpoint auth
11:50:50.690 [main] DEBUG net.thucydides.core.steps.StepInterceptor - STEP DONE: I have endpoint auth
11:50:50.693 [main] DEBUG org.apache.http.impl.conn.BasicClientConnectionManager - Get connection for route {}->http://167.172.66.247:8002
11:50:50.693 [main] DEBUG org.apache.http.impl.conn.DefaultClientConnectionOperator - Connecting to 167.172.66.247:8002
11:50:50.727 [main] DEBUG org.apache.http.client.protocol.RequestAddCookies - CookieSpec selected: ignoreCookies
11:50:50.727 [main] DEBUG org.apache.http.client.protocol.RequestAuthCache - Auth cache not set in the context
11:50:50.727 [main] DEBUG org.apache.http.client.protocol.RequestTargetAuthentication - Target auth state: UNCHALLENGED
11:50:50.727 [main] DEBUG org.apache.http.client.protocol.RequestProxyAuthentication - Proxy auth state: UNCHALLENGED
11:50:50.727 [main] DEBUG org.apache.http.impl.client.DefaultHttpClient - Attempt 1 to execute request
11:50:50.727 [main] DEBUG org.apache.http.impl.conn.DefaultClientConnection - Sending request: POST /admin_login HTTP/1.1
11:50:50.727 [main] DEBUG org.apache.http.wire -  >> "POST /admin_login HTTP/1.1[\r][\n]"
11:50:50.727 [main] DEBUG org.apache.http.wire -  >> "Accept: */*[\r][\n]"
11:50:50.727 [main] DEBUG org.apache.http.wire -  >> "Content-Type: application/json[\r][\n]"
11:50:50.727 [main] DEBUG org.apache.http.wire -  >> "Content-Length: 54[\r][\n]"
11:50:50.727 [main] DEBUG org.apache.http.wire -  >> "Host: 167.172.66.247:8002[\r][\n]"
11:50:50.727 [main] DEBUG org.apache.http.wire -  >> "Connection: Keep-Alive[\r][\n]"
11:50:50.727 [main] DEBUG org.apache.http.wire -  >> "User-Agent: Apache-HttpClient/4.5.13 (Java/17.0.7)[\r][\n]"
11:50:50.727 [main] DEBUG org.apache.http.wire -  >> "Accept-Encoding: gzip,deflate[\r][\n]"
11:50:50.727 [main] DEBUG org.apache.http.wire -  >> "[\r][\n]"
11:50:50.727 [main] DEBUG org.apache.http.headers - >> POST /admin_login HTTP/1.1
11:50:50.727 [main] DEBUG org.apache.http.headers - >> Accept: */*
11:50:50.727 [main] DEBUG org.apache.http.headers - >> Content-Type: application/json
11:50:50.727 [main] DEBUG org.apache.http.headers - >> Content-Length: 54
11:50:50.727 [main] DEBUG org.apache.http.headers - >> Host: 167.172.66.247:8002
11:50:50.727 [main] DEBUG org.apache.http.headers - >> Connection: Keep-Alive
11:50:50.727 [main] DEBUG org.apache.http.headers - >> User-Agent: Apache-HttpClient/4.5.13 (Java/17.0.7)
11:50:50.727 [main] DEBUG org.apache.http.headers - >> Accept-Encoding: gzip,deflate
11:50:50.727 [main] DEBUG org.apache.http.wire -  >> "{"password":"123456","email":"BalinkBarong@gmail.com"}"
11:50:50.787 [main] DEBUG org.apache.http.wire -  << "HTTP/1.1 200 OK[\r][\n]"
11:50:50.787 [main] DEBUG org.apache.http.wire -  << "Content-Type: application/json; charset=UTF-8[\r][\n]"
11:50:50.787 [main] DEBUG org.apache.http.wire -  << "Vary: Origin[\r][\n]"
11:50:50.787 [main] DEBUG org.apache.http.wire -  << "Date: Mon, 26 Jun 2023 04:50:50 GMT[\r][\n]"
11:50:50.787 [main] DEBUG org.apache.http.wire -  << "Content-Length: 851[\r][\n]"
11:50:50.787 [main] DEBUG org.apache.http.wire -  << "[\r][\n]"
11:50:50.787 [main] DEBUG org.apache.http.impl.conn.DefaultClientConnection - Receiving response: HTTP/1.1 200 OK
11:50:50.787 [main] DEBUG org.apache.http.headers - << HTTP/1.1 200 OK
11:50:50.787 [main] DEBUG org.apache.http.headers - << Content-Type: application/json; charset=UTF-8
11:50:50.787 [main] DEBUG org.apache.http.headers - << Vary: Origin
11:50:50.787 [main] DEBUG org.apache.http.headers - << Date: Mon, 26 Jun 2023 04:50:50 GMT
11:50:50.787 [main] DEBUG org.apache.http.headers - << Content-Length: 851
11:50:50.787 [main] DEBUG org.apache.http.impl.client.DefaultHttpClient - Connection can be kept alive indefinitely
11:50:50.787 [main] DEBUG io.restassured.internal.RestAssuredHttpBuilder - Parsing response as: application/json; charset=UTF-8
11:50:50.787 [main] DEBUG io.restassured.internal.RestAssuredHttpBuilder - Parsed data to instance of: class org.apache.http.conn.EofSensorInputStream
11:50:50.788 [main] DEBUG org.apache.http.wire -  << "{"data":{"profile_perusahaan":{"ID":1,"CreatedAt":"0001-01-01T00:00:00Z","UpdatedAt":"2023-06-25T16:52:02.995Z","DeletedAt":null,"nama":"Sean 1","deskripsi":"lorem ipsum","foto_profile":"123","email":"BalinkBarong@gmail.com","password":"123456","no_telepon":"0811111111111","whatsapp":"0811111111111","instagram":"@balink","facebook":"balink","alamat":"Kecamatan Kuta, Sebelah Selata Kota Denpasar, Bali","negara":"Indonesia","kode_pos":"16442","rekening_bca":"0","rekening_mandiri":"12345678910","rekening_bri":"12345678910","rekening_bni":"12345678910","rekening_btn":"12345678910","rekening_seabank":"0","rekening_bpd_bali":"12345678910"},"token":"eyJhbGciOiJIUzI1NiIsInR5cCI6IkpXVCJ9.eyJleHAiOjE2ODc3NzMwNTAsImlkIjoxLCJpc3MiOiJxd2VydHkiLCJuYW1lIjoiU2VhbiAxIn0.H_ghpP2HZYlBLw8yPCjhDODSoNL02ZitrDEwKACSD5E"},"message":"Login success","status":true}[\n]"
11:50:50.788 [main] DEBUG org.apache.http.impl.conn.BasicClientConnectionManager - Releasing connection org.apache.http.impl.conn.ManagedClientConnectionImpl@5481f204
11:50:50.788 [main] DEBUG org.apache.http.impl.conn.BasicClientConnectionManager - Connection can be kept alive indefinitely
11:50:50.794 [main] DEBUG net.thucydides.core.steps.StepInterceptor - STEP DONE: I Send endpoint auth
  &amp#27;[32mWhen &amp#27;[0m&amp#27;[32madmin send a HTTP request login&amp#27;[0m            &amp#27;[90m# starter.stepdefinitions.Website.AccountSteps.adminSendAHTTPRequestLogin()&amp#27;[0m
11:50:50.796 [main] DEBUG net.thucydides.core.steps.StepInterceptor - STARTING STEP: EventSteps.adminSetThePUTApEndpointEvent - admin set the PUT api endpoint event
11:50:50.796 [main] DEBUG net.thucydides.core.steps.StepInterceptor - STEP DONE: admin set the PUT api endpoint event
  &amp#27;[32mAnd &amp#27;[0m&amp#27;[32madmin set the PUT api endpoint event&amp#27;[0m        &amp#27;[90m# starter.stepdefinitions.Website.EventSteps.adminSetThePUTApEndpointEvent()&amp#27;[0m
11:50:50.796 [main] DEBUG net.thucydides.core.steps.StepInterceptor - STARTING STEP: EventSteps.adminSentHTTPPUTRequestGetEventByID - admin sent HTTP PUT request post event
11:50:50.797 [main] DEBUG net.thucydides.core.steps.StepInterceptor - STARTING STEP: event.adminSentHTTPPUTRequestGetEventByID - admin set the PUT api endpoint event
11:50:50.797 [main] DEBUG net.thucydides.core.steps.StepInterceptor - STEP DONE: admin set the PUT api endpoint event
11:50:50.799 [main] DEBUG org.apache.http.impl.conn.BasicClientConnectionManager - Get connection for route {}->http://167.172.66.247:8002
11:50:50.799 [main] DEBUG org.apache.http.impl.conn.DefaultClientConnectionOperator - Connecting to 167.172.66.247:8002
11:50:50.837 [main] DEBUG org.apache.http.client.protocol.RequestAddCookies - CookieSpec selected: ignoreCookies
11:50:50.837 [main] DEBUG org.apache.http.client.protocol.RequestAuthCache - Auth cache not set in the context
11:50:50.837 [main] DEBUG org.apache.http.client.protocol.RequestTargetAuthentication - Target auth state: UNCHALLENGED
11:50:50.837 [main] DEBUG org.apache.http.client.protocol.RequestProxyAuthentication - Proxy auth state: UNCHALLENGED
11:50:50.837 [main] DEBUG org.apache.http.impl.client.DefaultHttpClient - Attempt 1 to execute request
11:50:50.837 [main] DEBUG org.apache.http.impl.conn.DefaultClientConnection - Sending request: PUT /event/70 HTTP/1.1
11:50:50.837 [main] DEBUG org.apache.http.wire -  >> "PUT /event/70 HTTP/1.1[\r][\n]"
11:50:50.837 [main] DEBUG org.apache.http.wire -  >> "Accept: */*[\r][\n]"
11:50:50.837 [main] DEBUG org.apache.http.wire -  >> "Content-Type: application/json[\r][\n]"
11:50:50.837 [main] DEBUG org.apache.http.wire -  >> "Content-Length: 274[\r][\n]"
11:50:50.837 [main] DEBUG org.apache.http.wire -  >> "Host: 167.172.66.247:8002[\r][\n]"
11:50:50.837 [main] DEBUG org.apache.http.wire -  >> "Connection: Keep-Alive[\r][\n]"
11:50:50.837 [main] DEBUG org.apache.http.wire -  >> "User-Agent: Apache-HttpClient/4.5.13 (Java/17.0.7)[\r][\n]"
11:50:50.837 [main] DEBUG org.apache.http.wire -  >> "Accept-Encoding: gzip,deflate[\r][\n]"
11:50:50.837 [main] DEBUG org.apache.http.wire -  >> "[\r][\n]"
11:50:50.837 [main] DEBUG org.apache.http.headers - >> PUT /event/70 HTTP/1.1
11:50:50.837 [main] DEBUG org.apache.http.headers - >> Accept: */*
11:50:50.837 [main] DEBUG org.apache.http.headers - >> Content-Type: application/json
11:50:50.837 [main] DEBUG org.apache.http.headers - >> Content-Length: 274
11:50:50.837 [main] DEBUG org.apache.http.headers - >> Host: 167.172.66.247:8002
11:50:50.837 [main] DEBUG org.apache.http.headers - >> Connection: Keep-Alive
11:50:50.837 [main] DEBUG org.apache.http.headers - >> User-Agent: Apache-HttpClient/4.5.13 (Java/17.0.7)
11:50:50.837 [main] DEBUG org.apache.http.headers - >> Accept-Encoding: gzip,deflate
11:50:50.837 [main] DEBUG org.apache.http.wire -  >> "[[\n]"
11:50:50.837 [main] DEBUG org.apache.http.wire -  >> "{"waktu_selesai":"12.00","artikel_id":"1","harga_tiket":45000,"nama":"Kecak 2","tanggal_selesai":"12 Desember 2012","lokasi":"Jln. 123","tanggal_mulai":"12 Desember 2012","deskripsi":"Lorem Ipsum","gambar":"123","link_lokasi":"123","stok_tiket":15,"waktu_mulai":"10.00"}[\n]"
11:50:50.837 [main] DEBUG org.apache.http.wire -  >> "]"
11:50:50.897 [main] DEBUG org.apache.http.wire -  << "HTTP/1.1 400 Bad Request[\r][\n]"
11:50:50.897 [main] DEBUG org.apache.http.wire -  << "Content-Type: application/json; charset=UTF-8[\r][\n]"
11:50:50.897 [main] DEBUG org.apache.http.wire -  << "Vary: Origin[\r][\n]"
11:50:50.897 [main] DEBUG org.apache.http.wire -  << "Date: Mon, 26 Jun 2023 04:50:51 GMT[\r][\n]"
11:50:50.897 [main] DEBUG org.apache.http.wire -  << "Content-Length: 39[\r][\n]"
11:50:50.897 [main] DEBUG org.apache.http.wire -  << "[\r][\n]"
11:50:50.897 [main] DEBUG org.apache.http.impl.conn.DefaultClientConnection - Receiving response: HTTP/1.1 400 Bad Request
11:50:50.897 [main] DEBUG org.apache.http.headers - << HTTP/1.1 400 Bad Request
11:50:50.897 [main] DEBUG org.apache.http.headers - << Content-Type: application/json; charset=UTF-8
11:50:50.897 [main] DEBUG org.apache.http.headers - << Vary: Origin
11:50:50.897 [main] DEBUG org.apache.http.headers - << Date: Mon, 26 Jun 2023 04:50:51 GMT
11:50:50.897 [main] DEBUG org.apache.http.headers - << Content-Length: 39
11:50:50.897 [main] DEBUG org.apache.http.impl.client.DefaultHttpClient - Connection can be kept alive indefinitely
11:50:50.897 [main] DEBUG io.restassured.internal.RestAssuredHttpBuilder - Parsing response as: application/json; charset=UTF-8
11:50:50.897 [main] DEBUG io.restassured.internal.RestAssuredHttpBuilder - Parsed data to instance of: class org.apache.http.conn.EofSensorInputStream
11:50:50.897 [main] DEBUG org.apache.http.wire -  << "{"message":"missing or malformed jwt"}[\n]"
11:50:50.897 [main] DEBUG org.apache.http.impl.conn.BasicClientConnectionManager - Releasing connection org.apache.http.impl.conn.ManagedClientConnectionImpl@694dc99b
11:50:50.897 [main] DEBUG org.apache.http.impl.conn.BasicClientConnectionManager - Connection can be kept alive indefinitely
11:50:50.897 [main] DEBUG net.thucydides.core.steps.StepInterceptor - STEP DONE: admin sent HTTP PUT request post event
  &amp#27;[32mAnd &amp#27;[0m&amp#27;[32madmin sent HTTP PUT request get event by ID&amp#27;[0m &amp#27;[90m# starter.stepdefinitions.Website.EventSteps.adminSentHTTPPUTRequestGetEventByID()&amp#27;[0m
11:50:50.898 [main] INFO  - 
  _____   ___   ___   _____     ___     _     ___   ___   ___   ___  
 |_   _| | __| / __| |_   _|   | _ \   /_\   / __| / __| | __| |   \ 
   | |   | _|  \__ \   | |     |  _/  / _ \  \__ \ \__ \ | _|  | |) |
   |_|   |___| |___/   |_|     |_|   /_/ \_\ |___/ |___/ |___| |___/ 

As admin, I can edit event data by ID
----------------------------------------------------------------------
]]></system-out>
  </testcase>
  <testcase name="As admin, I can delete event data by ID" classname="As Admin, I want to manage the event feature #2" time="0.233">
    <system-out><![CDATA[
@TCEVENT04
Scenario: As admin, I can delete event data by ID &amp#27;[90m# src/test/resources/Feature/Api/Website/Event.feature:31&amp#27;[0m
11:50:50.904 [main] INFO io.cucumber.core.plugin.SerenityReporter - Running feature from file:///Users/macbookpro/Documents/Capstone_API_CI/src/test/resources/Feature/Api/Website/Event.feature
11:50:50.904 [main] WARN io.cucumber.core.plugin.SerenityReporter - Feature from file:///Users/macbookpro/Documents/Capstone_API_CI/src/test/resources/Feature/Api/Website/Event.feature is not under the 'features' directory. Requirements report will not be correctly generated!
11:50:50.904 [main] INFO  - 
  _____   ___   ___   _____     ___   _____     _     ___   _____   ___   ___  
 |_   _| | __| / __| |_   _|   / __| |_   _|   /_\   | _ \ |_   _| | __| |   \ 
   | |   | _|  \__ \   | |     \__ \   | |    / _ \  |   /   | |   | _|  | |) |
   |_|   |___| |___/   |_|     |___/   |_|   /_/ \_\ |_|_\   |_|   |___| |___/ 

As admin, I can delete event data by ID(as-admin--i-want-to-manage-the-event-feature;as-admin--i-can-delete-event-data-by-id)
--------------------------------------------------------------------------------
11:50:50.906 [main] DEBUG net.thucydides.core.steps.StepInterceptor - STARTING STEP: AccountSteps.adminSetUpApiEndpointLogin - I have endpoint auth
11:50:50.906 [main] DEBUG net.thucydides.core.steps.StepInterceptor - STEP DONE: I have endpoint auth
  &amp#27;[32mGiven &amp#27;[0m&amp#27;[32madmin set up api endpoint login&amp#27;[0m           &amp#27;[90m# starter.stepdefinitions.Website.AccountSteps.adminSetUpApiEndpointLogin()&amp#27;[0m
11:50:50.907 [main] DEBUG net.thucydides.core.steps.StepInterceptor - STARTING STEP: AccountSteps.adminSendAHTTPRequestLogin - I Send endpoint auth
11:50:50.907 [main] DEBUG net.thucydides.core.steps.StepInterceptor - STARTING STEP: Account.sendEndpointAuth - I have endpoint auth
11:50:50.907 [main] DEBUG net.thucydides.core.steps.StepInterceptor - STEP DONE: I have endpoint auth
11:50:50.908 [main] DEBUG org.apache.http.impl.conn.BasicClientConnectionManager - Get connection for route {}->http://167.172.66.247:8002
11:50:50.908 [main] DEBUG org.apache.http.impl.conn.DefaultClientConnectionOperator - Connecting to 167.172.66.247:8002
11:50:50.957 [main] DEBUG org.apache.http.client.protocol.RequestAddCookies - CookieSpec selected: ignoreCookies
11:50:50.957 [main] DEBUG org.apache.http.client.protocol.RequestAuthCache - Auth cache not set in the context
11:50:50.957 [main] DEBUG org.apache.http.client.protocol.RequestTargetAuthentication - Target auth state: UNCHALLENGED
11:50:50.957 [main] DEBUG org.apache.http.client.protocol.RequestProxyAuthentication - Proxy auth state: UNCHALLENGED
11:50:50.957 [main] DEBUG org.apache.http.impl.client.DefaultHttpClient - Attempt 1 to execute request
11:50:50.957 [main] DEBUG org.apache.http.impl.conn.DefaultClientConnection - Sending request: POST /admin_login HTTP/1.1
11:50:50.957 [main] DEBUG org.apache.http.wire -  >> "POST /admin_login HTTP/1.1[\r][\n]"
11:50:50.957 [main] DEBUG org.apache.http.wire -  >> "Accept: */*[\r][\n]"
11:50:50.957 [main] DEBUG org.apache.http.wire -  >> "Content-Type: application/json[\r][\n]"
11:50:50.957 [main] DEBUG org.apache.http.wire -  >> "Content-Length: 54[\r][\n]"
11:50:50.957 [main] DEBUG org.apache.http.wire -  >> "Host: 167.172.66.247:8002[\r][\n]"
11:50:50.957 [main] DEBUG org.apache.http.wire -  >> "Connection: Keep-Alive[\r][\n]"
11:50:50.957 [main] DEBUG org.apache.http.wire -  >> "User-Agent: Apache-HttpClient/4.5.13 (Java/17.0.7)[\r][\n]"
11:50:50.957 [main] DEBUG org.apache.http.wire -  >> "Accept-Encoding: gzip,deflate[\r][\n]"
11:50:50.957 [main] DEBUG org.apache.http.wire -  >> "[\r][\n]"
11:50:50.957 [main] DEBUG org.apache.http.headers - >> POST /admin_login HTTP/1.1
11:50:50.957 [main] DEBUG org.apache.http.headers - >> Accept: */*
11:50:50.957 [main] DEBUG org.apache.http.headers - >> Content-Type: application/json
11:50:50.957 [main] DEBUG org.apache.http.headers - >> Content-Length: 54
11:50:50.957 [main] DEBUG org.apache.http.headers - >> Host: 167.172.66.247:8002
11:50:50.957 [main] DEBUG org.apache.http.headers - >> Connection: Keep-Alive
11:50:50.957 [main] DEBUG org.apache.http.headers - >> User-Agent: Apache-HttpClient/4.5.13 (Java/17.0.7)
11:50:50.957 [main] DEBUG org.apache.http.headers - >> Accept-Encoding: gzip,deflate
11:50:50.957 [main] DEBUG org.apache.http.wire -  >> "{"password":"123456","email":"BalinkBarong@gmail.com"}"
11:50:51.017 [main] DEBUG org.apache.http.wire -  << "HTTP/1.1 200 OK[\r][\n]"
11:50:51.017 [main] DEBUG org.apache.http.wire -  << "Content-Type: application/json; charset=UTF-8[\r][\n]"
11:50:51.017 [main] DEBUG org.apache.http.wire -  << "Vary: Origin[\r][\n]"
11:50:51.017 [main] DEBUG org.apache.http.wire -  << "Date: Mon, 26 Jun 2023 04:50:51 GMT[\r][\n]"
11:50:51.017 [main] DEBUG org.apache.http.wire -  << "Content-Length: 851[\r][\n]"
11:50:51.017 [main] DEBUG org.apache.http.wire -  << "[\r][\n]"
11:50:51.017 [main] DEBUG org.apache.http.impl.conn.DefaultClientConnection - Receiving response: HTTP/1.1 200 OK
11:50:51.017 [main] DEBUG org.apache.http.headers - << HTTP/1.1 200 OK
11:50:51.017 [main] DEBUG org.apache.http.headers - << Content-Type: application/json; charset=UTF-8
11:50:51.017 [main] DEBUG org.apache.http.headers - << Vary: Origin
11:50:51.017 [main] DEBUG org.apache.http.headers - << Date: Mon, 26 Jun 2023 04:50:51 GMT
11:50:51.017 [main] DEBUG org.apache.http.headers - << Content-Length: 851
11:50:51.017 [main] DEBUG org.apache.http.impl.client.DefaultHttpClient - Connection can be kept alive indefinitely
11:50:51.017 [main] DEBUG io.restassured.internal.RestAssuredHttpBuilder - Parsing response as: application/json; charset=UTF-8
11:50:51.017 [main] DEBUG io.restassured.internal.RestAssuredHttpBuilder - Parsed data to instance of: class org.apache.http.conn.EofSensorInputStream
11:50:51.017 [main] DEBUG org.apache.http.wire -  << "{"data":{"profile_perusahaan":{"ID":1,"CreatedAt":"0001-01-01T00:00:00Z","UpdatedAt":"2023-06-25T16:52:02.995Z","DeletedAt":null,"nama":"Sean 1","deskripsi":"lorem ipsum","foto_profile":"123","email":"BalinkBarong@gmail.com","password":"123456","no_telepon":"0811111111111","whatsapp":"0811111111111","instagram":"@balink","facebook":"balink","alamat":"Kecamatan Kuta, Sebelah Selata Kota Denpasar, Bali","negara":"Indonesia","kode_pos":"16442","rekening_bca":"0","rekening_mandiri":"12345678910","rekening_bri":"12345678910","rekening_bni":"12345678910","rekening_btn":"12345678910","rekening_seabank":"0","rekening_bpd_bali":"12345678910"},"token":"eyJhbGciOiJIUzI1NiIsInR5cCI6IkpXVCJ9.eyJleHAiOjE2ODc3NzMwNTEsImlkIjoxLCJpc3MiOiJxd2VydHkiLCJuYW1lIjoiU2VhbiAxIn0.fxXhjxRYXZVOKkJQV1kLNi8TbEzFVqfqVbj_OXNqMAU"},"message":"Login success","status":true}[\n]"
11:50:51.017 [main] DEBUG org.apache.http.impl.conn.BasicClientConnectionManager - Releasing connection org.apache.http.impl.conn.ManagedClientConnectionImpl@dd025d9
11:50:51.017 [main] DEBUG org.apache.http.impl.conn.BasicClientConnectionManager - Connection can be kept alive indefinitely
11:50:51.023 [main] DEBUG net.thucydides.core.steps.StepInterceptor - STEP DONE: I Send endpoint auth
  &amp#27;[32mWhen &amp#27;[0m&amp#27;[32madmin send a HTTP request login&amp#27;[0m            &amp#27;[90m# starter.stepdefinitions.Website.AccountSteps.adminSendAHTTPRequestLogin()&amp#27;[0m
11:50:51.024 [main] DEBUG net.thucydides.core.steps.StepInterceptor - STARTING STEP: EventSteps.adminSetTheDELApiEndpointEvent - admin set the DEL api endpoint event
11:50:51.024 [main] DEBUG net.thucydides.core.steps.StepInterceptor - STEP DONE: admin set the DEL api endpoint event
  &amp#27;[32mAnd &amp#27;[0m&amp#27;[32madmin set the DEL api endpoint event&amp#27;[0m        &amp#27;[90m# starter.stepdefinitions.Website.EventSteps.adminSetTheDELApiEndpointEvent()&amp#27;[0m
11:50:51.025 [main] DEBUG net.thucydides.core.steps.StepInterceptor - STARTING STEP: EventSteps.adminSentHTTPDELRequestEventByID - admin sent HTTP DEL request event by ID
11:50:51.025 [main] DEBUG net.thucydides.core.steps.StepInterceptor - STARTING STEP: event.adminSentHTTPDELRequestEventByID - admin set the DEL api endpoint event
11:50:51.025 [main] DEBUG net.thucydides.core.steps.StepInterceptor - STEP DONE: admin set the DEL api endpoint event
11:50:51.027 [main] DEBUG org.apache.http.impl.conn.BasicClientConnectionManager - Get connection for route {}->http://167.172.66.247:8002
11:50:51.027 [main] DEBUG org.apache.http.impl.conn.DefaultClientConnectionOperator - Connecting to 167.172.66.247:8002
11:50:51.067 [main] DEBUG org.apache.http.client.protocol.RequestAddCookies - CookieSpec selected: ignoreCookies
11:50:51.067 [main] DEBUG org.apache.http.client.protocol.RequestAuthCache - Auth cache not set in the context
11:50:51.067 [main] DEBUG org.apache.http.client.protocol.RequestTargetAuthentication - Target auth state: UNCHALLENGED
11:50:51.067 [main] DEBUG org.apache.http.client.protocol.RequestProxyAuthentication - Proxy auth state: UNCHALLENGED
11:50:51.067 [main] DEBUG org.apache.http.impl.client.DefaultHttpClient - Attempt 1 to execute request
11:50:51.067 [main] DEBUG org.apache.http.impl.conn.DefaultClientConnection - Sending request: DELETE /event/70 HTTP/1.1
11:50:51.067 [main] DEBUG org.apache.http.wire -  >> "DELETE /event/70 HTTP/1.1[\r][\n]"
11:50:51.067 [main] DEBUG org.apache.http.wire -  >> "Accept: */*[\r][\n]"
11:50:51.067 [main] DEBUG org.apache.http.wire -  >> "Host: 167.172.66.247:8002[\r][\n]"
11:50:51.067 [main] DEBUG org.apache.http.wire -  >> "Connection: Keep-Alive[\r][\n]"
11:50:51.067 [main] DEBUG org.apache.http.wire -  >> "User-Agent: Apache-HttpClient/4.5.13 (Java/17.0.7)[\r][\n]"
11:50:51.067 [main] DEBUG org.apache.http.wire -  >> "Accept-Encoding: gzip,deflate[\r][\n]"
11:50:51.067 [main] DEBUG org.apache.http.wire -  >> "[\r][\n]"
11:50:51.067 [main] DEBUG org.apache.http.headers - >> DELETE /event/70 HTTP/1.1
11:50:51.067 [main] DEBUG org.apache.http.headers - >> Accept: */*
11:50:51.067 [main] DEBUG org.apache.http.headers - >> Host: 167.172.66.247:8002
11:50:51.067 [main] DEBUG org.apache.http.headers - >> Connection: Keep-Alive
11:50:51.067 [main] DEBUG org.apache.http.headers - >> User-Agent: Apache-HttpClient/4.5.13 (Java/17.0.7)
11:50:51.067 [main] DEBUG org.apache.http.headers - >> Accept-Encoding: gzip,deflate
11:50:51.127 [main] DEBUG org.apache.http.wire -  << "HTTP/1.1 400 Bad Request[\r][\n]"
11:50:51.127 [main] DEBUG org.apache.http.wire -  << "Content-Type: application/json; charset=UTF-8[\r][\n]"
11:50:51.127 [main] DEBUG org.apache.http.wire -  << "Vary: Origin[\r][\n]"
11:50:51.127 [main] DEBUG org.apache.http.wire -  << "Date: Mon, 26 Jun 2023 04:50:51 GMT[\r][\n]"
11:50:51.127 [main] DEBUG org.apache.http.wire -  << "Content-Length: 39[\r][\n]"
11:50:51.127 [main] DEBUG org.apache.http.wire -  << "[\r][\n]"
11:50:51.127 [main] DEBUG org.apache.http.impl.conn.DefaultClientConnection - Receiving response: HTTP/1.1 400 Bad Request
11:50:51.127 [main] DEBUG org.apache.http.headers - << HTTP/1.1 400 Bad Request
11:50:51.127 [main] DEBUG org.apache.http.headers - << Content-Type: application/json; charset=UTF-8
11:50:51.127 [main] DEBUG org.apache.http.headers - << Vary: Origin
11:50:51.127 [main] DEBUG org.apache.http.headers - << Date: Mon, 26 Jun 2023 04:50:51 GMT
11:50:51.127 [main] DEBUG org.apache.http.headers - << Content-Length: 39
11:50:51.127 [main] DEBUG org.apache.http.impl.client.DefaultHttpClient - Connection can be kept alive indefinitely
11:50:51.127 [main] DEBUG io.restassured.internal.RestAssuredHttpBuilder - Parsing response as: application/json; charset=UTF-8
11:50:51.127 [main] DEBUG io.restassured.internal.RestAssuredHttpBuilder - Parsed data to instance of: class org.apache.http.conn.EofSensorInputStream
11:50:51.128 [main] DEBUG org.apache.http.wire -  << "{"message":"missing or malformed jwt"}[\n]"
11:50:51.128 [main] DEBUG org.apache.http.impl.conn.BasicClientConnectionManager - Releasing connection org.apache.http.impl.conn.ManagedClientConnectionImpl@62b2bc2e
11:50:51.128 [main] DEBUG org.apache.http.impl.conn.BasicClientConnectionManager - Connection can be kept alive indefinitely
11:50:51.128 [main] DEBUG net.thucydides.core.steps.StepInterceptor - STEP DONE: admin sent HTTP DEL request event by ID
  &amp#27;[32mAnd &amp#27;[0m&amp#27;[32madmin sent HTTP DEL request event by ID&amp#27;[0m     &amp#27;[90m# starter.stepdefinitions.Website.EventSteps.adminSentHTTPDELRequestEventByID()&amp#27;[0m
11:50:51.130 [main] INFO  - 
  _____   ___   ___   _____     ___     _     ___   ___   ___   ___  
 |_   _| | __| / __| |_   _|   | _ \   /_\   / __| / __| | __| |   \ 
   | |   | _|  \__ \   | |     |  _/  / _ \  \__ \ \__ \ | _|  | |) |
   |_|   |___| |___/   |_|     |_|   /_/ \_\ |___/ |___/ |___| |___/ 

As admin, I can delete event data by ID
----------------------------------------------------------------------
]]></system-out>
  </testcase>
  <testcase name="As Admin I want to input valid data to then i can see success login" classname="As a admin, I logged in successfully" time="0.121">
    <system-out><![CDATA[11:50:51.131 [main] INFO io.cucumber.core.plugin.SerenityReporter - Running feature from file:///Users/macbookpro/Documents/Capstone_API_CI/src/test/resources/Feature/Api/Website/Login.feature
11:50:51.131 [main] WARN io.cucumber.core.plugin.SerenityReporter - Feature from file:///Users/macbookpro/Documents/Capstone_API_CI/src/test/resources/Feature/Api/Website/Login.feature is not under the 'features' directory. Requirements report will not be correctly generated!
11:50:51.132 [main] DEBUG net.thucydides.core.steps.StepEventBus - Test suite started for story net.thucydides.core.model.Story@586c3e14
11:50:51.132 [main] INFO  - Test Suite Started: As a admin, I logged in successfully

@Login
Scenario: As Admin I want to input valid data to then i can see success login &amp#27;[90m# src/test/resources/Feature/Api/Website/Login.feature:4&amp#27;[0m
11:50:51.140 [main] INFO io.cucumber.core.plugin.SerenityReporter - Running feature from file:///Users/macbookpro/Documents/Capstone_API_CI/src/test/resources/Feature/Api/Website/Login.feature
11:50:51.140 [main] WARN io.cucumber.core.plugin.SerenityReporter - Feature from file:///Users/macbookpro/Documents/Capstone_API_CI/src/test/resources/Feature/Api/Website/Login.feature is not under the 'features' directory. Requirements report will not be correctly generated!
11:50:51.140 [main] INFO  - 
  _____   ___   ___   _____     ___   _____     _     ___   _____   ___   ___  
 |_   _| | __| / __| |_   _|   / __| |_   _|   /_\   | _ \ |_   _| | __| |   \ 
   | |   | _|  \__ \   | |     \__ \   | |    / _ \  |   /   | |   | _|  | |) |
   |_|   |___| |___/   |_|     |___/   |_|   /_/ \_\ |_|_\   |_|   |___| |___/ 

As Admin I want to input valid data to then i can see success login(as-a-admin--i-logged-in-successfully;as-admin-i-want-to-input-valid-data-to-then-i-can-see-success-login)
--------------------------------------------------------------------------------
11:50:51.145 [main] DEBUG net.thucydides.core.steps.StepInterceptor - STARTING STEP: LoginSteps.adminHasSetEndpointLogin - I have endpoint login
11:50:51.145 [main] DEBUG net.thucydides.core.steps.StepInterceptor - STEP DONE: I have endpoint login
  &amp#27;[32mGiven &amp#27;[0m&amp#27;[32mAdmin has set endpoint login&amp#27;[0m                                          &amp#27;[90m# starter.stepdefinitions.Website.LoginSteps.adminHasSetEndpointLogin()&amp#27;[0m
11:50:51.146 [main] DEBUG net.thucydides.core.steps.StepInterceptor - STARTING STEP: LoginSteps.adminSendPOSTHTTPRequestLogin - i send method post endpoint login
11:50:51.147 [main] DEBUG net.thucydides.core.steps.StepInterceptor - STARTING STEP: login.sendPostHttpRequestLogin - I have endpoint login
11:50:51.147 [main] DEBUG net.thucydides.core.steps.StepInterceptor - STEP DONE: I have endpoint login
11:50:51.148 [main] DEBUG org.apache.http.impl.conn.BasicClientConnectionManager - Get connection for route {}->http://167.172.66.247:8002
11:50:51.148 [main] DEBUG org.apache.http.impl.conn.DefaultClientConnectionOperator - Connecting to 167.172.66.247:8002
11:50:51.187 [main] DEBUG org.apache.http.client.protocol.RequestAddCookies - CookieSpec selected: ignoreCookies
11:50:51.187 [main] DEBUG org.apache.http.client.protocol.RequestAuthCache - Auth cache not set in the context
11:50:51.187 [main] DEBUG org.apache.http.client.protocol.RequestTargetAuthentication - Target auth state: UNCHALLENGED
11:50:51.187 [main] DEBUG org.apache.http.client.protocol.RequestProxyAuthentication - Proxy auth state: UNCHALLENGED
11:50:51.187 [main] DEBUG org.apache.http.impl.client.DefaultHttpClient - Attempt 1 to execute request
11:50:51.187 [main] DEBUG org.apache.http.impl.conn.DefaultClientConnection - Sending request: POST /admin_login HTTP/1.1
11:50:51.187 [main] DEBUG org.apache.http.wire -  >> "POST /admin_login HTTP/1.1[\r][\n]"
11:50:51.187 [main] DEBUG org.apache.http.wire -  >> "Accept: */*[\r][\n]"
11:50:51.187 [main] DEBUG org.apache.http.wire -  >> "Content-Type: application/json[\r][\n]"
11:50:51.187 [main] DEBUG org.apache.http.wire -  >> "Content-Length: 54[\r][\n]"
11:50:51.187 [main] DEBUG org.apache.http.wire -  >> "Host: 167.172.66.247:8002[\r][\n]"
11:50:51.187 [main] DEBUG org.apache.http.wire -  >> "Connection: Keep-Alive[\r][\n]"
11:50:51.187 [main] DEBUG org.apache.http.wire -  >> "User-Agent: Apache-HttpClient/4.5.13 (Java/17.0.7)[\r][\n]"
11:50:51.187 [main] DEBUG org.apache.http.wire -  >> "Accept-Encoding: gzip,deflate[\r][\n]"
11:50:51.187 [main] DEBUG org.apache.http.wire -  >> "[\r][\n]"
11:50:51.187 [main] DEBUG org.apache.http.headers - >> POST /admin_login HTTP/1.1
11:50:51.187 [main] DEBUG org.apache.http.headers - >> Accept: */*
11:50:51.187 [main] DEBUG org.apache.http.headers - >> Content-Type: application/json
11:50:51.187 [main] DEBUG org.apache.http.headers - >> Content-Length: 54
11:50:51.187 [main] DEBUG org.apache.http.headers - >> Host: 167.172.66.247:8002
11:50:51.187 [main] DEBUG org.apache.http.headers - >> Connection: Keep-Alive
11:50:51.187 [main] DEBUG org.apache.http.headers - >> User-Agent: Apache-HttpClient/4.5.13 (Java/17.0.7)
11:50:51.187 [main] DEBUG org.apache.http.headers - >> Accept-Encoding: gzip,deflate
11:50:51.187 [main] DEBUG org.apache.http.wire -  >> "{"password":"123456","email":"BalinkBarong@gmail.com"}"
11:50:51.247 [main] DEBUG org.apache.http.wire -  << "HTTP/1.1 200 OK[\r][\n]"
11:50:51.247 [main] DEBUG org.apache.http.wire -  << "Content-Type: application/json; charset=UTF-8[\r][\n]"
11:50:51.247 [main] DEBUG org.apache.http.wire -  << "Vary: Origin[\r][\n]"
11:50:51.247 [main] DEBUG org.apache.http.wire -  << "Date: Mon, 26 Jun 2023 04:50:51 GMT[\r][\n]"
11:50:51.247 [main] DEBUG org.apache.http.wire -  << "Content-Length: 851[\r][\n]"
11:50:51.247 [main] DEBUG org.apache.http.wire -  << "[\r][\n]"
11:50:51.247 [main] DEBUG org.apache.http.impl.conn.DefaultClientConnection - Receiving response: HTTP/1.1 200 OK
11:50:51.247 [main] DEBUG org.apache.http.headers - << HTTP/1.1 200 OK
11:50:51.247 [main] DEBUG org.apache.http.headers - << Content-Type: application/json; charset=UTF-8
11:50:51.247 [main] DEBUG org.apache.http.headers - << Vary: Origin
11:50:51.247 [main] DEBUG org.apache.http.headers - << Date: Mon, 26 Jun 2023 04:50:51 GMT
11:50:51.247 [main] DEBUG org.apache.http.headers - << Content-Length: 851
11:50:51.247 [main] DEBUG org.apache.http.impl.client.DefaultHttpClient - Connection can be kept alive indefinitely
11:50:51.247 [main] DEBUG io.restassured.internal.RestAssuredHttpBuilder - Parsing response as: application/json; charset=UTF-8
11:50:51.247 [main] DEBUG io.restassured.internal.RestAssuredHttpBuilder - Parsed data to instance of: class org.apache.http.conn.EofSensorInputStream
11:50:51.248 [main] DEBUG org.apache.http.wire -  << "{"data":{"profile_perusahaan":{"ID":1,"CreatedAt":"0001-01-01T00:00:00Z","UpdatedAt":"2023-06-25T16:52:02.995Z","DeletedAt":null,"nama":"Sean 1","deskripsi":"lorem ipsum","foto_profile":"123","email":"BalinkBarong@gmail.com","password":"123456","no_telepon":"0811111111111","whatsapp":"0811111111111","instagram":"@balink","facebook":"balink","alamat":"Kecamatan Kuta, Sebelah Selata Kota Denpasar, Bali","negara":"Indonesia","kode_pos":"16442","rekening_bca":"0","rekening_mandiri":"12345678910","rekening_bri":"12345678910","rekening_bni":"12345678910","rekening_btn":"12345678910","rekening_seabank":"0","rekening_bpd_bali":"12345678910"},"token":"eyJhbGciOiJIUzI1NiIsInR5cCI6IkpXVCJ9.eyJleHAiOjE2ODc3NzMwNTEsImlkIjoxLCJpc3MiOiJxd2VydHkiLCJuYW1lIjoiU2VhbiAxIn0.fxXhjxRYXZVOKkJQV1kLNi8TbEzFVqfqVbj_OXNqMAU"},"message":"Login success","status":true}[\n]"
11:50:51.248 [main] DEBUG org.apache.http.impl.conn.BasicClientConnectionManager - Releasing connection org.apache.http.impl.conn.ManagedClientConnectionImpl@2a23c061
11:50:51.248 [main] DEBUG org.apache.http.impl.conn.BasicClientConnectionManager - Connection can be kept alive indefinitely
11:50:51.249 [main] DEBUG net.thucydides.core.steps.StepInterceptor - STEP DONE: i send method post endpoint login
  &amp#27;[32mWhen &amp#27;[0m&amp#27;[32mAdmin send POST HTTP request login&amp#27;[0m                                     &amp#27;[90m# starter.stepdefinitions.Website.LoginSteps.adminSendPOSTHTTPRequestLogin()&amp#27;[0m
11:50:51.252 [main] DEBUG net.thucydides.core.steps.StepInterceptor - STARTING STEP: LoginSteps.adminSeeResponseCodeLogin - i see response code login
11:50:51.252 [main] DEBUG net.thucydides.core.steps.StepInterceptor - STEP DONE: i see response code login
  &amp#27;[32mThen &amp#27;[0m&amp#27;[32mAdmin see response code login &amp#27;[0m&amp#27;[32m&amp#27;[1m200&amp#27;[0m                                      &amp#27;[90m# starter.stepdefinitions.Website.LoginSteps.adminSeeResponseCodeLogin(int)&amp#27;[0m
11:50:51.253 [main] INFO  - 
  _____   ___   ___   _____     ___     _     ___   ___   ___   ___  
 |_   _| | __| / __| |_   _|   | _ \   /_\   / __| / __| | __| |   \ 
   | |   | _|  \__ \   | |     |  _/  / _ \  \__ \ \__ \ | _|  | |) |
   |_|   |___| |___/   |_|     |_|   /_/ \_\ |___/ |___/ |___| |___/ 

As Admin I want to input valid data to then i can see success login
----------------------------------------------------------------------
]]></system-out>
  </testcase>
  <testcase name="As admin, I can get all Product data" classname="As Admin, I want to manage Product features" time="0.229">
    <system-out><![CDATA[11:50:51.254 [main] INFO io.cucumber.core.plugin.SerenityReporter - Running feature from file:///Users/macbookpro/Documents/Capstone_API_CI/src/test/resources/Feature/Api/Website/Product.feature
11:50:51.254 [main] WARN io.cucumber.core.plugin.SerenityReporter - Feature from file:///Users/macbookpro/Documents/Capstone_API_CI/src/test/resources/Feature/Api/Website/Product.feature is not under the 'features' directory. Requirements report will not be correctly generated!
11:50:51.254 [main] DEBUG net.thucydides.core.steps.StepEventBus - Test suite started for story net.thucydides.core.model.Story@a144b894
11:50:51.254 [main] INFO  - Test Suite Started: As Admin, I want to manage Product features

@Product
Scenario: As admin, I can get all Product data                        &amp#27;[90m# src/test/resources/Feature/Api/Website/Product.feature:4&amp#27;[0m
11:50:51.261 [main] INFO io.cucumber.core.plugin.SerenityReporter - Running feature from file:///Users/macbookpro/Documents/Capstone_API_CI/src/test/resources/Feature/Api/Website/Product.feature
11:50:51.261 [main] WARN io.cucumber.core.plugin.SerenityReporter - Feature from file:///Users/macbookpro/Documents/Capstone_API_CI/src/test/resources/Feature/Api/Website/Product.feature is not under the 'features' directory. Requirements report will not be correctly generated!
11:50:51.265 [Finalizer] DEBUG org.apache.http.impl.conn.DefaultClientConnection - Connection 0.0.0.0:59807<->167.172.66.247:8002 closed
11:50:51.265 [Finalizer] DEBUG org.apache.http.impl.conn.DefaultClientConnection - Connection 0.0.0.0:59806<->167.172.66.247:8002 closed
11:50:51.265 [Finalizer] DEBUG org.apache.http.impl.conn.DefaultClientConnection - Connection 0.0.0.0:59805<->167.172.66.247:8002 closed
11:50:51.265 [Finalizer] DEBUG org.apache.http.impl.conn.DefaultClientConnection - Connection 0.0.0.0:59804<->167.172.66.247:8002 closed
11:50:51.265 [Finalizer] DEBUG org.apache.http.impl.conn.DefaultClientConnection - Connection 0.0.0.0:59803<->167.172.66.247:8002 closed
11:50:51.265 [Finalizer] DEBUG org.apache.http.impl.conn.DefaultClientConnection - Connection 0.0.0.0:59802<->167.172.66.247:8002 closed
11:50:51.265 [main] INFO  - 
  _____   ___   ___   _____     ___   _____     _     ___   _____   ___   ___  
 |_   _| | __| / __| |_   _|   / __| |_   _|   /_\   | _ \ |_   _| | __| |   \ 
   | |   | _|  \__ \   | |     \__ \   | |    / _ \  |   /   | |   | _|  | |) |
   |_|   |___| |___/   |_|     |___/   |_|   /_/ \_\ |_|_\   |_|   |___| |___/ 

As admin, I can get all Product data(as-admin--i-want-to-manage-product-features;as-admin--i-can-get-all-product-data)
--------------------------------------------------------------------------------
11:50:51.265 [Finalizer] DEBUG org.apache.http.impl.conn.DefaultClientConnection - Connection 0.0.0.0:59801<->167.172.66.247:8002 closed
11:50:51.265 [Finalizer] DEBUG org.apache.http.impl.conn.DefaultClientConnection - Connection 0.0.0.0:59800<->167.172.66.247:8002 closed
11:50:51.265 [Finalizer] DEBUG org.apache.http.impl.conn.DefaultClientConnection - Connection 0.0.0.0:59799<->167.172.66.247:8002 closed
11:50:51.265 [Finalizer] DEBUG org.apache.http.impl.conn.DefaultClientConnection - Connection 0.0.0.0:59798<->167.172.66.247:8002 closed
11:50:51.266 [Finalizer] DEBUG org.apache.http.impl.conn.DefaultClientConnection - Connection 0.0.0.0:59797<->167.172.66.247:8002 closed
11:50:51.271 [main] DEBUG net.thucydides.core.steps.StepInterceptor - STARTING STEP: ProductSteps.adminSetUpApiAuthLogin - I have endpoint auth
11:50:51.271 [main] DEBUG net.thucydides.core.steps.StepInterceptor - STEP DONE: I have endpoint auth
  &amp#27;[32mGiven &amp#27;[0m&amp#27;[32madmin set up api auth login&amp#27;[0m                                   &amp#27;[90m# starter.stepdefinitions.Website.ProductSteps.adminSetUpApiAuthLogin()&amp#27;[0m
11:50:51.271 [main] DEBUG net.thucydides.core.steps.StepInterceptor - STARTING STEP: ProductSteps.adminSendAHTTPRequestLogin - I Send endpoint auth
11:50:51.272 [main] DEBUG net.thucydides.core.steps.StepInterceptor - STARTING STEP: Product.sendEndpointAuth - I have endpoint auth
11:50:51.272 [main] DEBUG net.thucydides.core.steps.StepInterceptor - STEP DONE: I have endpoint auth
11:50:51.274 [main] DEBUG org.apache.http.impl.conn.BasicClientConnectionManager - Get connection for route {}->http://167.172.66.247:8002
11:50:51.274 [main] DEBUG org.apache.http.impl.conn.DefaultClientConnectionOperator - Connecting to 167.172.66.247:8002
11:50:51.307 [main] DEBUG org.apache.http.client.protocol.RequestAddCookies - CookieSpec selected: ignoreCookies
11:50:51.307 [main] DEBUG org.apache.http.client.protocol.RequestAuthCache - Auth cache not set in the context
11:50:51.307 [main] DEBUG org.apache.http.client.protocol.RequestTargetAuthentication - Target auth state: UNCHALLENGED
11:50:51.307 [main] DEBUG org.apache.http.client.protocol.RequestProxyAuthentication - Proxy auth state: UNCHALLENGED
11:50:51.307 [main] DEBUG org.apache.http.impl.client.DefaultHttpClient - Attempt 1 to execute request
11:50:51.307 [main] DEBUG org.apache.http.impl.conn.DefaultClientConnection - Sending request: POST /admin_login HTTP/1.1
11:50:51.307 [main] DEBUG org.apache.http.wire -  >> "POST /admin_login HTTP/1.1[\r][\n]"
11:50:51.307 [main] DEBUG org.apache.http.wire -  >> "Accept: */*[\r][\n]"
11:50:51.307 [main] DEBUG org.apache.http.wire -  >> "Content-Type: application/json[\r][\n]"
11:50:51.307 [main] DEBUG org.apache.http.wire -  >> "Content-Length: 54[\r][\n]"
11:50:51.307 [main] DEBUG org.apache.http.wire -  >> "Host: 167.172.66.247:8002[\r][\n]"
11:50:51.307 [main] DEBUG org.apache.http.wire -  >> "Connection: Keep-Alive[\r][\n]"
11:50:51.307 [main] DEBUG org.apache.http.wire -  >> "User-Agent: Apache-HttpClient/4.5.13 (Java/17.0.7)[\r][\n]"
11:50:51.307 [main] DEBUG org.apache.http.wire -  >> "Accept-Encoding: gzip,deflate[\r][\n]"
11:50:51.307 [main] DEBUG org.apache.http.wire -  >> "[\r][\n]"
11:50:51.307 [main] DEBUG org.apache.http.headers - >> POST /admin_login HTTP/1.1
11:50:51.307 [main] DEBUG org.apache.http.headers - >> Accept: */*
11:50:51.307 [main] DEBUG org.apache.http.headers - >> Content-Type: application/json
11:50:51.307 [main] DEBUG org.apache.http.headers - >> Content-Length: 54
11:50:51.307 [main] DEBUG org.apache.http.headers - >> Host: 167.172.66.247:8002
11:50:51.307 [main] DEBUG org.apache.http.headers - >> Connection: Keep-Alive
11:50:51.307 [main] DEBUG org.apache.http.headers - >> User-Agent: Apache-HttpClient/4.5.13 (Java/17.0.7)
11:50:51.307 [main] DEBUG org.apache.http.headers - >> Accept-Encoding: gzip,deflate
11:50:51.307 [main] DEBUG org.apache.http.wire -  >> "{"password":"123456","email":"BalinkBarong@gmail.com"}"
11:50:51.367 [main] DEBUG org.apache.http.wire -  << "HTTP/1.1 200 OK[\r][\n]"
11:50:51.367 [main] DEBUG org.apache.http.wire -  << "Content-Type: application/json; charset=UTF-8[\r][\n]"
11:50:51.367 [main] DEBUG org.apache.http.wire -  << "Vary: Origin[\r][\n]"
11:50:51.367 [main] DEBUG org.apache.http.wire -  << "Date: Mon, 26 Jun 2023 04:50:51 GMT[\r][\n]"
11:50:51.367 [main] DEBUG org.apache.http.wire -  << "Content-Length: 851[\r][\n]"
11:50:51.367 [main] DEBUG org.apache.http.wire -  << "[\r][\n]"
11:50:51.367 [main] DEBUG org.apache.http.impl.conn.DefaultClientConnection - Receiving response: HTTP/1.1 200 OK
11:50:51.367 [main] DEBUG org.apache.http.headers - << HTTP/1.1 200 OK
11:50:51.367 [main] DEBUG org.apache.http.headers - << Content-Type: application/json; charset=UTF-8
11:50:51.367 [main] DEBUG org.apache.http.headers - << Vary: Origin
11:50:51.367 [main] DEBUG org.apache.http.headers - << Date: Mon, 26 Jun 2023 04:50:51 GMT
11:50:51.367 [main] DEBUG org.apache.http.headers - << Content-Length: 851
11:50:51.367 [main] DEBUG org.apache.http.impl.client.DefaultHttpClient - Connection can be kept alive indefinitely
11:50:51.367 [main] DEBUG io.restassured.internal.RestAssuredHttpBuilder - Parsing response as: application/json; charset=UTF-8
11:50:51.367 [main] DEBUG io.restassured.internal.RestAssuredHttpBuilder - Parsed data to instance of: class org.apache.http.conn.EofSensorInputStream
11:50:51.367 [main] DEBUG org.apache.http.wire -  << "{"data":{"profile_perusahaan":{"ID":1,"CreatedAt":"0001-01-01T00:00:00Z","UpdatedAt":"2023-06-25T16:52:02.995Z","DeletedAt":null,"nama":"Sean 1","deskripsi":"lorem ipsum","foto_profile":"123","email":"BalinkBarong@gmail.com","password":"123456","no_telepon":"0811111111111","whatsapp":"0811111111111","instagram":"@balink","facebook":"balink","alamat":"Kecamatan Kuta, Sebelah Selata Kota Denpasar, Bali","negara":"Indonesia","kode_pos":"16442","rekening_bca":"0","rekening_mandiri":"12345678910","rekening_bri":"12345678910","rekening_bni":"12345678910","rekening_btn":"12345678910","rekening_seabank":"0","rekening_bpd_bali":"12345678910"},"token":"eyJhbGciOiJIUzI1NiIsInR5cCI6IkpXVCJ9.eyJleHAiOjE2ODc3NzMwNTEsImlkIjoxLCJpc3MiOiJxd2VydHkiLCJuYW1lIjoiU2VhbiAxIn0.fxXhjxRYXZVOKkJQV1kLNi8TbEzFVqfqVbj_OXNqMAU"},"message":"Login success","status":true}[\n]"
11:50:51.367 [main] DEBUG org.apache.http.impl.conn.BasicClientConnectionManager - Releasing connection org.apache.http.impl.conn.ManagedClientConnectionImpl@21cb5648
11:50:51.367 [main] DEBUG org.apache.http.impl.conn.BasicClientConnectionManager - Connection can be kept alive indefinitely
11:50:51.373 [main] DEBUG net.thucydides.core.steps.StepInterceptor - STEP DONE: I Send endpoint auth
  &amp#27;[32mWhen &amp#27;[0m&amp#27;[32madmin send a HTTP Request login&amp#27;[0m                                &amp#27;[90m# starter.stepdefinitions.Website.ProductSteps.adminSendAHTTPRequestLogin()&amp#27;[0m
11:50:51.374 [main] DEBUG net.thucydides.core.steps.StepInterceptor - STARTING STEP: ProductSteps.adminSetTheGETApiEndpointProduct - I set Get API endpoint product
11:50:51.374 [main] DEBUG net.thucydides.core.steps.StepInterceptor - STEP DONE: I set Get API endpoint product
  &amp#27;[32mAnd &amp#27;[0m&amp#27;[32madmin set the GET api endpoint Product&amp#27;[0m                          &amp#27;[90m# starter.stepdefinitions.Website.ProductSteps.adminSetTheGETApiEndpointProduct()&amp#27;[0m
11:50:51.375 [main] DEBUG net.thucydides.core.steps.StepInterceptor - STARTING STEP: ProductSteps.adminSendHTTPGETRequestGetProduct - I send GET HTTP request Get product
11:50:51.375 [main] DEBUG net.thucydides.core.steps.StepInterceptor - STARTING STEP: Product.sendGetHttpRequestGetProduct - I set Get API endpoint product
11:50:51.375 [main] DEBUG net.thucydides.core.steps.StepInterceptor - STEP DONE: I set Get API endpoint product
11:50:51.377 [main] DEBUG org.apache.http.impl.conn.BasicClientConnectionManager - Get connection for route {}->http://167.172.66.247:8002
11:50:51.377 [main] DEBUG org.apache.http.impl.conn.DefaultClientConnectionOperator - Connecting to 167.172.66.247:8002
11:50:51.407 [main] DEBUG org.apache.http.client.protocol.RequestAddCookies - CookieSpec selected: ignoreCookies
11:50:51.407 [main] DEBUG org.apache.http.client.protocol.RequestAuthCache - Auth cache not set in the context
11:50:51.407 [main] DEBUG org.apache.http.client.protocol.RequestProxyAuthentication - Proxy auth state: UNCHALLENGED
11:50:51.407 [main] DEBUG org.apache.http.impl.client.DefaultHttpClient - Attempt 1 to execute request
11:50:51.407 [main] DEBUG org.apache.http.impl.conn.DefaultClientConnection - Sending request: GET /produk?page=1&limit=5&order=desc HTTP/1.1
11:50:51.407 [main] DEBUG org.apache.http.wire -  >> "GET /produk?page=1&limit=5&order=desc HTTP/1.1[\r][\n]"
11:50:51.407 [main] DEBUG org.apache.http.wire -  >> "Authorization: Bearer eyJhbGciOiJIUzI1NiIsInR5cCI6IkpXVCJ9.eyJleHAiOjE2ODc3NzMwNTEsImlkIjoxLCJpc3MiOiJxd2VydHkiLCJuYW1lIjoiU2VhbiAxIn0.fxXhjxRYXZVOKkJQV1kLNi8TbEzFVqfqVbj_OXNqMAU[\r][\n]"
11:50:51.407 [main] DEBUG org.apache.http.wire -  >> "Accept: */*[\r][\n]"
11:50:51.407 [main] DEBUG org.apache.http.wire -  >> "Host: 167.172.66.247:8002[\r][\n]"
11:50:51.407 [main] DEBUG org.apache.http.wire -  >> "Connection: Keep-Alive[\r][\n]"
11:50:51.407 [main] DEBUG org.apache.http.wire -  >> "User-Agent: Apache-HttpClient/4.5.13 (Java/17.0.7)[\r][\n]"
11:50:51.407 [main] DEBUG org.apache.http.wire -  >> "Accept-Encoding: gzip,deflate[\r][\n]"
11:50:51.407 [main] DEBUG org.apache.http.wire -  >> "[\r][\n]"
11:50:51.407 [main] DEBUG org.apache.http.headers - >> GET /produk?page=1&limit=5&order=desc HTTP/1.1
11:50:51.407 [main] DEBUG org.apache.http.headers - >> Authorization: Bearer eyJhbGciOiJIUzI1NiIsInR5cCI6IkpXVCJ9.eyJleHAiOjE2ODc3NzMwNTEsImlkIjoxLCJpc3MiOiJxd2VydHkiLCJuYW1lIjoiU2VhbiAxIn0.fxXhjxRYXZVOKkJQV1kLNi8TbEzFVqfqVbj_OXNqMAU
11:50:51.407 [main] DEBUG org.apache.http.headers - >> Accept: */*
11:50:51.407 [main] DEBUG org.apache.http.headers - >> Host: 167.172.66.247:8002
11:50:51.407 [main] DEBUG org.apache.http.headers - >> Connection: Keep-Alive
11:50:51.407 [main] DEBUG org.apache.http.headers - >> User-Agent: Apache-HttpClient/4.5.13 (Java/17.0.7)
11:50:51.407 [main] DEBUG org.apache.http.headers - >> Accept-Encoding: gzip,deflate
11:50:51.477 [main] DEBUG org.apache.http.wire -  << "HTTP/1.1 200 OK[\r][\n]"
11:50:51.477 [main] DEBUG org.apache.http.wire -  << "Content-Type: application/json; charset=UTF-8[\r][\n]"
11:50:51.477 [main] DEBUG org.apache.http.wire -  << "Vary: Origin[\r][\n]"
11:50:51.477 [main] DEBUG org.apache.http.wire -  << "Date: Mon, 26 Jun 2023 04:50:51 GMT[\r][\n]"
11:50:51.477 [main] DEBUG org.apache.http.wire -  << "Content-Length: 536[\r][\n]"
11:50:51.477 [main] DEBUG org.apache.http.wire -  << "[\r][\n]"
11:50:51.477 [main] DEBUG org.apache.http.impl.conn.DefaultClientConnection - Receiving response: HTTP/1.1 200 OK
11:50:51.477 [main] DEBUG org.apache.http.headers - << HTTP/1.1 200 OK
11:50:51.477 [main] DEBUG org.apache.http.headers - << Content-Type: application/json; charset=UTF-8
11:50:51.477 [main] DEBUG org.apache.http.headers - << Vary: Origin
11:50:51.477 [main] DEBUG org.apache.http.headers - << Date: Mon, 26 Jun 2023 04:50:51 GMT
11:50:51.477 [main] DEBUG org.apache.http.headers - << Content-Length: 536
11:50:51.477 [main] DEBUG org.apache.http.impl.client.DefaultHttpClient - Connection can be kept alive indefinitely
11:50:51.477 [main] DEBUG io.restassured.internal.RestAssuredHttpBuilder - Parsing response as: application/json; charset=UTF-8
11:50:51.477 [main] DEBUG io.restassured.internal.RestAssuredHttpBuilder - Parsed data to instance of: class org.apache.http.conn.EofSensorInputStream
11:50:51.478 [main] DEBUG org.apache.http.wire -  << "{"data":{"data":[{"ID":54,"CreatedAt":"2023-06-25T16:41:21.51Z","UpdatedAt":"2023-06-25T16:41:21.51Z","DeletedAt":null,"kategori_id":"35","nama":"Produk Baru","deskripsi":"Produk ini merupakan produk terbaru","harga":11,"stok":3},{"ID":53,"CreatedAt":"2023-06-25T16:35:04.495Z","UpdatedAt":"2023-06-25T16:35:04.495Z","DeletedAt":null,"kategori_id":"35","nama":"Produk Baru","deskripsi":"Produk ini merupakan produk terbaru","harga":11,"stok":3}],"data_shown":2,"page":1,"total_data":2},"message":"Get all Produk success","status":true}[\n]"
11:50:51.478 [main] DEBUG org.apache.http.impl.conn.BasicClientConnectionManager - Releasing connection org.apache.http.impl.conn.ManagedClientConnectionImpl@430dbcb0
11:50:51.478 [main] DEBUG org.apache.http.impl.conn.BasicClientConnectionManager - Connection can be kept alive indefinitely
11:50:51.479 [main] DEBUG net.thucydides.core.steps.StepInterceptor - STEP DONE: I send GET HTTP request Get product
  &amp#27;[32mAnd &amp#27;[0m&amp#27;[32madmin send HTTP GET request get Product&amp#27;[0m                         &amp#27;[90m# starter.stepdefinitions.Website.ProductSteps.adminSendHTTPGETRequestGetProduct()&amp#27;[0m
11:50:51.481 [main] DEBUG net.thucydides.core.steps.StepInterceptor - STARTING STEP: ProductSteps.adminReceiveAValidLoginAndProductHTTPResponseCode - I receive valid HTTP response code Get product 200
11:50:51.481 [main] DEBUG net.thucydides.core.steps.StepInterceptor - STEP DONE: I receive valid HTTP response code Get product 200
  &amp#27;[32mThen &amp#27;[0m&amp#27;[32madmin receive a valid login and Product HTTP response code &amp#27;[0m&amp#27;[32m&amp#27;[1m200&amp#27;[0m &amp#27;[90m# starter.stepdefinitions.Website.ProductSteps.adminReceiveAValidLoginAndProductHTTPResponseCode(int)&amp#27;[0m
11:50:51.482 [main] INFO  - 
  _____   ___   ___   _____     ___     _     ___   ___   ___   ___  
 |_   _| | __| / __| |_   _|   | _ \   /_\   / __| / __| | __| |   \ 
   | |   | _|  \__ \   | |     |  _/  / _ \  \__ \ \__ \ | _|  | |) |
   |_|   |___| |___/   |_|     |_|   /_/ \_\ |___/ |___/ |___| |___/ 

As admin, I can get all Product data
----------------------------------------------------------------------
]]></system-out>
  </testcase>
  <testcase name="As admin, I can get product data by ID" classname="As Admin, I want to manage Product features" time="0.249">
    <system-out><![CDATA[
@GetProductByID
Scenario: As admin, I can get product data by ID                          &amp#27;[90m# src/test/resources/Feature/Api/Website/Product.feature:12&amp#27;[0m
11:50:51.493 [main] INFO io.cucumber.core.plugin.SerenityReporter - Running feature from file:///Users/macbookpro/Documents/Capstone_API_CI/src/test/resources/Feature/Api/Website/Product.feature
11:50:51.493 [main] WARN io.cucumber.core.plugin.SerenityReporter - Feature from file:///Users/macbookpro/Documents/Capstone_API_CI/src/test/resources/Feature/Api/Website/Product.feature is not under the 'features' directory. Requirements report will not be correctly generated!
11:50:51.493 [main] INFO  - 
  _____   ___   ___   _____     ___   _____     _     ___   _____   ___   ___  
 |_   _| | __| / __| |_   _|   / __| |_   _|   /_\   | _ \ |_   _| | __| |   \ 
   | |   | _|  \__ \   | |     \__ \   | |    / _ \  |   /   | |   | _|  | |) |
   |_|   |___| |___/   |_|     |___/   |_|   /_/ \_\ |_|_\   |_|   |___| |___/ 

As admin, I can get product data by ID(as-admin--i-want-to-manage-product-features;as-admin--i-can-get-product-data-by-id)
--------------------------------------------------------------------------------
11:50:51.496 [main] DEBUG net.thucydides.core.steps.StepInterceptor - STARTING STEP: ProductSteps.adminSetUpApiAuthLogin - I have endpoint auth
11:50:51.496 [main] DEBUG net.thucydides.core.steps.StepInterceptor - STEP DONE: I have endpoint auth
  &amp#27;[32mGiven &amp#27;[0m&amp#27;[32madmin set up api auth login&amp#27;[0m                                       &amp#27;[90m# starter.stepdefinitions.Website.ProductSteps.adminSetUpApiAuthLogin()&amp#27;[0m
11:50:51.497 [main] DEBUG net.thucydides.core.steps.StepInterceptor - STARTING STEP: ProductSteps.adminSendAHTTPRequestLogin - I Send endpoint auth
11:50:51.498 [main] DEBUG net.thucydides.core.steps.StepInterceptor - STARTING STEP: Product.sendEndpointAuth - I have endpoint auth
11:50:51.498 [main] DEBUG net.thucydides.core.steps.StepInterceptor - STEP DONE: I have endpoint auth
11:50:51.499 [main] DEBUG org.apache.http.impl.conn.BasicClientConnectionManager - Get connection for route {}->http://167.172.66.247:8002
11:50:51.499 [main] DEBUG org.apache.http.impl.conn.DefaultClientConnectionOperator - Connecting to 167.172.66.247:8002
11:50:51.547 [main] DEBUG org.apache.http.client.protocol.RequestAddCookies - CookieSpec selected: ignoreCookies
11:50:51.547 [main] DEBUG org.apache.http.client.protocol.RequestAuthCache - Auth cache not set in the context
11:50:51.547 [main] DEBUG org.apache.http.client.protocol.RequestTargetAuthentication - Target auth state: UNCHALLENGED
11:50:51.547 [main] DEBUG org.apache.http.client.protocol.RequestProxyAuthentication - Proxy auth state: UNCHALLENGED
11:50:51.547 [main] DEBUG org.apache.http.impl.client.DefaultHttpClient - Attempt 1 to execute request
11:50:51.547 [main] DEBUG org.apache.http.impl.conn.DefaultClientConnection - Sending request: POST /admin_login HTTP/1.1
11:50:51.547 [main] DEBUG org.apache.http.wire -  >> "POST /admin_login HTTP/1.1[\r][\n]"
11:50:51.547 [main] DEBUG org.apache.http.wire -  >> "Accept: */*[\r][\n]"
11:50:51.547 [main] DEBUG org.apache.http.wire -  >> "Content-Type: application/json[\r][\n]"
11:50:51.547 [main] DEBUG org.apache.http.wire -  >> "Content-Length: 54[\r][\n]"
11:50:51.547 [main] DEBUG org.apache.http.wire -  >> "Host: 167.172.66.247:8002[\r][\n]"
11:50:51.547 [main] DEBUG org.apache.http.wire -  >> "Connection: Keep-Alive[\r][\n]"
11:50:51.547 [main] DEBUG org.apache.http.wire -  >> "User-Agent: Apache-HttpClient/4.5.13 (Java/17.0.7)[\r][\n]"
11:50:51.547 [main] DEBUG org.apache.http.wire -  >> "Accept-Encoding: gzip,deflate[\r][\n]"
11:50:51.547 [main] DEBUG org.apache.http.wire -  >> "[\r][\n]"
11:50:51.547 [main] DEBUG org.apache.http.headers - >> POST /admin_login HTTP/1.1
11:50:51.547 [main] DEBUG org.apache.http.headers - >> Accept: */*
11:50:51.547 [main] DEBUG org.apache.http.headers - >> Content-Type: application/json
11:50:51.547 [main] DEBUG org.apache.http.headers - >> Content-Length: 54
11:50:51.547 [main] DEBUG org.apache.http.headers - >> Host: 167.172.66.247:8002
11:50:51.547 [main] DEBUG org.apache.http.headers - >> Connection: Keep-Alive
11:50:51.547 [main] DEBUG org.apache.http.headers - >> User-Agent: Apache-HttpClient/4.5.13 (Java/17.0.7)
11:50:51.547 [main] DEBUG org.apache.http.headers - >> Accept-Encoding: gzip,deflate
11:50:51.547 [main] DEBUG org.apache.http.wire -  >> "{"password":"123456","email":"BalinkBarong@gmail.com"}"
11:50:51.617 [main] DEBUG org.apache.http.wire -  << "HTTP/1.1 200 OK[\r][\n]"
11:50:51.617 [main] DEBUG org.apache.http.wire -  << "Content-Type: application/json; charset=UTF-8[\r][\n]"
11:50:51.617 [main] DEBUG org.apache.http.wire -  << "Vary: Origin[\r][\n]"
11:50:51.617 [main] DEBUG org.apache.http.wire -  << "Date: Mon, 26 Jun 2023 04:50:51 GMT[\r][\n]"
11:50:51.617 [main] DEBUG org.apache.http.wire -  << "Content-Length: 851[\r][\n]"
11:50:51.617 [main] DEBUG org.apache.http.wire -  << "[\r][\n]"
11:50:51.617 [main] DEBUG org.apache.http.impl.conn.DefaultClientConnection - Receiving response: HTTP/1.1 200 OK
11:50:51.617 [main] DEBUG org.apache.http.headers - << HTTP/1.1 200 OK
11:50:51.617 [main] DEBUG org.apache.http.headers - << Content-Type: application/json; charset=UTF-8
11:50:51.617 [main] DEBUG org.apache.http.headers - << Vary: Origin
11:50:51.617 [main] DEBUG org.apache.http.headers - << Date: Mon, 26 Jun 2023 04:50:51 GMT
11:50:51.617 [main] DEBUG org.apache.http.headers - << Content-Length: 851
11:50:51.617 [main] DEBUG org.apache.http.impl.client.DefaultHttpClient - Connection can be kept alive indefinitely
11:50:51.617 [main] DEBUG io.restassured.internal.RestAssuredHttpBuilder - Parsing response as: application/json; charset=UTF-8
11:50:51.617 [main] DEBUG io.restassured.internal.RestAssuredHttpBuilder - Parsed data to instance of: class org.apache.http.conn.EofSensorInputStream
11:50:51.617 [main] DEBUG org.apache.http.wire -  << "{"data":{"profile_perusahaan":{"ID":1,"CreatedAt":"0001-01-01T00:00:00Z","UpdatedAt":"2023-06-25T16:52:02.995Z","DeletedAt":null,"nama":"Sean 1","deskripsi":"lorem ipsum","foto_profile":"123","email":"BalinkBarong@gmail.com","password":"123456","no_telepon":"0811111111111","whatsapp":"0811111111111","instagram":"@balink","facebook":"balink","alamat":"Kecamatan Kuta, Sebelah Selata Kota Denpasar, Bali","negara":"Indonesia","kode_pos":"16442","rekening_bca":"0","rekening_mandiri":"12345678910","rekening_bri":"12345678910","rekening_bni":"12345678910","rekening_btn":"12345678910","rekening_seabank":"0","rekening_bpd_bali":"12345678910"},"token":"eyJhbGciOiJIUzI1NiIsInR5cCI6IkpXVCJ9.eyJleHAiOjE2ODc3NzMwNTEsImlkIjoxLCJpc3MiOiJxd2VydHkiLCJuYW1lIjoiU2VhbiAxIn0.fxXhjxRYXZVOKkJQV1kLNi8TbEzFVqfqVbj_OXNqMAU"},"message":"Login success","status":true}[\n]"
11:50:51.617 [main] DEBUG org.apache.http.impl.conn.BasicClientConnectionManager - Releasing connection org.apache.http.impl.conn.ManagedClientConnectionImpl@34ac72c3
11:50:51.617 [main] DEBUG org.apache.http.impl.conn.BasicClientConnectionManager - Connection can be kept alive indefinitely
11:50:51.623 [main] DEBUG net.thucydides.core.steps.StepInterceptor - STEP DONE: I Send endpoint auth
  &amp#27;[32mWhen &amp#27;[0m&amp#27;[32madmin send a HTTP Request login&amp#27;[0m                                    &amp#27;[90m# starter.stepdefinitions.Website.ProductSteps.adminSendAHTTPRequestLogin()&amp#27;[0m
11:50:51.625 [main] DEBUG net.thucydides.core.steps.StepInterceptor - STARTING STEP: ProductSteps.adminSetTheGETApiEndpointProductByID - I set Get API endpoint Product by ID
11:50:51.625 [main] DEBUG net.thucydides.core.steps.StepInterceptor - STEP DONE: I set Get API endpoint Product by ID
  &amp#27;[32mAnd &amp#27;[0m&amp#27;[32madmin set the GET api endpoint product by ID&amp#27;[0m                        &amp#27;[90m# starter.stepdefinitions.Website.ProductSteps.adminSetTheGETApiEndpointProductByID()&amp#27;[0m
11:50:51.625 [main] DEBUG net.thucydides.core.steps.StepInterceptor - STARTING STEP: ProductSteps.adminSendHTTPGETRequestGetProductByID - I send GET HTTP request Get Product By ID
11:50:51.626 [main] DEBUG net.thucydides.core.steps.StepInterceptor - STARTING STEP: Product.sendGetHttpRequestGetProductByID - I set Get API endpoint Product by ID
11:50:51.626 [main] DEBUG net.thucydides.core.steps.StepInterceptor - STEP DONE: I set Get API endpoint Product by ID
11:50:51.628 [main] DEBUG org.apache.http.impl.conn.BasicClientConnectionManager - Get connection for route {}->http://167.172.66.247:8002
11:50:51.628 [main] DEBUG org.apache.http.impl.conn.DefaultClientConnectionOperator - Connecting to 167.172.66.247:8002
11:50:51.667 [main] DEBUG org.apache.http.client.protocol.RequestAddCookies - CookieSpec selected: ignoreCookies
11:50:51.667 [main] DEBUG org.apache.http.client.protocol.RequestAuthCache - Auth cache not set in the context
11:50:51.667 [main] DEBUG org.apache.http.client.protocol.RequestProxyAuthentication - Proxy auth state: UNCHALLENGED
11:50:51.667 [main] DEBUG org.apache.http.impl.client.DefaultHttpClient - Attempt 1 to execute request
11:50:51.667 [main] DEBUG org.apache.http.impl.conn.DefaultClientConnection - Sending request: GET /produk?page=1&limit=5&order=desc HTTP/1.1
11:50:51.667 [main] DEBUG org.apache.http.wire -  >> "GET /produk?page=1&limit=5&order=desc HTTP/1.1[\r][\n]"
11:50:51.667 [main] DEBUG org.apache.http.wire -  >> "Authorization: Bearer eyJhbGciOiJIUzI1NiIsInR5cCI6IkpXVCJ9.eyJleHAiOjE2ODc3NzMwNTEsImlkIjoxLCJpc3MiOiJxd2VydHkiLCJuYW1lIjoiU2VhbiAxIn0.fxXhjxRYXZVOKkJQV1kLNi8TbEzFVqfqVbj_OXNqMAU[\r][\n]"
11:50:51.667 [main] DEBUG org.apache.http.wire -  >> "Accept: */*[\r][\n]"
11:50:51.667 [main] DEBUG org.apache.http.wire -  >> "Host: 167.172.66.247:8002[\r][\n]"
11:50:51.667 [main] DEBUG org.apache.http.wire -  >> "Connection: Keep-Alive[\r][\n]"
11:50:51.667 [main] DEBUG org.apache.http.wire -  >> "User-Agent: Apache-HttpClient/4.5.13 (Java/17.0.7)[\r][\n]"
11:50:51.667 [main] DEBUG org.apache.http.wire -  >> "Accept-Encoding: gzip,deflate[\r][\n]"
11:50:51.667 [main] DEBUG org.apache.http.wire -  >> "[\r][\n]"
11:50:51.667 [main] DEBUG org.apache.http.headers - >> GET /produk?page=1&limit=5&order=desc HTTP/1.1
11:50:51.667 [main] DEBUG org.apache.http.headers - >> Authorization: Bearer eyJhbGciOiJIUzI1NiIsInR5cCI6IkpXVCJ9.eyJleHAiOjE2ODc3NzMwNTEsImlkIjoxLCJpc3MiOiJxd2VydHkiLCJuYW1lIjoiU2VhbiAxIn0.fxXhjxRYXZVOKkJQV1kLNi8TbEzFVqfqVbj_OXNqMAU
11:50:51.667 [main] DEBUG org.apache.http.headers - >> Accept: */*
11:50:51.667 [main] DEBUG org.apache.http.headers - >> Host: 167.172.66.247:8002
11:50:51.667 [main] DEBUG org.apache.http.headers - >> Connection: Keep-Alive
11:50:51.667 [main] DEBUG org.apache.http.headers - >> User-Agent: Apache-HttpClient/4.5.13 (Java/17.0.7)
11:50:51.667 [main] DEBUG org.apache.http.headers - >> Accept-Encoding: gzip,deflate
11:50:51.727 [main] DEBUG org.apache.http.wire -  << "HTTP/1.1 200 OK[\r][\n]"
11:50:51.727 [main] DEBUG org.apache.http.wire -  << "Content-Type: application/json; charset=UTF-8[\r][\n]"
11:50:51.727 [main] DEBUG org.apache.http.wire -  << "Vary: Origin[\r][\n]"
11:50:51.727 [main] DEBUG org.apache.http.wire -  << "Date: Mon, 26 Jun 2023 04:50:51 GMT[\r][\n]"
11:50:51.727 [main] DEBUG org.apache.http.wire -  << "Content-Length: 536[\r][\n]"
11:50:51.727 [main] DEBUG org.apache.http.wire -  << "[\r][\n]"
11:50:51.727 [main] DEBUG org.apache.http.impl.conn.DefaultClientConnection - Receiving response: HTTP/1.1 200 OK
11:50:51.727 [main] DEBUG org.apache.http.headers - << HTTP/1.1 200 OK
11:50:51.727 [main] DEBUG org.apache.http.headers - << Content-Type: application/json; charset=UTF-8
11:50:51.727 [main] DEBUG org.apache.http.headers - << Vary: Origin
11:50:51.727 [main] DEBUG org.apache.http.headers - << Date: Mon, 26 Jun 2023 04:50:51 GMT
11:50:51.727 [main] DEBUG org.apache.http.headers - << Content-Length: 536
11:50:51.727 [main] DEBUG org.apache.http.impl.client.DefaultHttpClient - Connection can be kept alive indefinitely
11:50:51.727 [main] DEBUG io.restassured.internal.RestAssuredHttpBuilder - Parsing response as: application/json; charset=UTF-8
11:50:51.727 [main] DEBUG io.restassured.internal.RestAssuredHttpBuilder - Parsed data to instance of: class org.apache.http.conn.EofSensorInputStream
11:50:51.728 [main] DEBUG org.apache.http.wire -  << "{"data":{"data":[{"ID":54,"CreatedAt":"2023-06-25T16:41:21.51Z","UpdatedAt":"2023-06-25T16:41:21.51Z","DeletedAt":null,"kategori_id":"35","nama":"Produk Baru","deskripsi":"Produk ini merupakan produk terbaru","harga":11,"stok":3},{"ID":53,"CreatedAt":"2023-06-25T16:35:04.495Z","UpdatedAt":"2023-06-25T16:35:04.495Z","DeletedAt":null,"kategori_id":"35","nama":"Produk Baru","deskripsi":"Produk ini merupakan produk terbaru","harga":11,"stok":3}],"data_shown":2,"page":1,"total_data":2},"message":"Get all Produk success","status":true}[\n]"
11:50:51.728 [main] DEBUG org.apache.http.impl.conn.BasicClientConnectionManager - Releasing connection org.apache.http.impl.conn.ManagedClientConnectionImpl@381c826c
11:50:51.728 [main] DEBUG org.apache.http.impl.conn.BasicClientConnectionManager - Connection can be kept alive indefinitely
11:50:51.728 [main] DEBUG net.thucydides.core.steps.StepInterceptor - STEP DONE: I send GET HTTP request Get Product By ID
  &amp#27;[32mAnd &amp#27;[0m&amp#27;[32madmin send HTTP GET request get product by ID&amp#27;[0m                       &amp#27;[90m# starter.stepdefinitions.Website.ProductSteps.adminSendHTTPGETRequestGetProductByID()&amp#27;[0m
11:50:51.730 [main] DEBUG net.thucydides.core.steps.StepInterceptor - STARTING STEP: ProductSteps.adminReceiveAValidLoginAndGetProductHTTPResponseCode - I receive valid HTTP response code Get Product 200
11:50:51.731 [main] DEBUG net.thucydides.core.steps.StepInterceptor - STEP DONE: I receive valid HTTP response code Get Product 200
  &amp#27;[32mThen &amp#27;[0m&amp#27;[32madmin receive a valid login and Get product HTTP response code &amp#27;[0m&amp#27;[32m&amp#27;[1m200&amp#27;[0m &amp#27;[90m# starter.stepdefinitions.Website.ProductSteps.adminReceiveAValidLoginAndGetProductHTTPResponseCode(int)&amp#27;[0m
11:50:51.732 [main] INFO  - 
  _____   ___   ___   _____     ___     _     ___   ___   ___   ___  
 |_   _| | __| / __| |_   _|   | _ \   /_\   / __| / __| | __| |   \ 
   | |   | _|  \__ \   | |     |  _/  / _ \  \__ \ \__ \ | _|  | |) |
   |_|   |___| |___/   |_|     |_|   /_/ \_\ |___/ |___/ |___| |___/ 

As admin, I can get product data by ID
----------------------------------------------------------------------
]]></system-out>
  </testcase>
  <testcase name="As admin, I can add new product data" classname="As Admin, I want to manage Product features" time="0.44">
    <system-out><![CDATA[
@addNewProduct
Scenario: As admin, I can add new product data                                &amp#27;[90m# src/test/resources/Feature/Api/Website/Product.feature:20&amp#27;[0m
11:50:51.743 [main] INFO io.cucumber.core.plugin.SerenityReporter - Running feature from file:///Users/macbookpro/Documents/Capstone_API_CI/src/test/resources/Feature/Api/Website/Product.feature
11:50:51.743 [main] WARN io.cucumber.core.plugin.SerenityReporter - Feature from file:///Users/macbookpro/Documents/Capstone_API_CI/src/test/resources/Feature/Api/Website/Product.feature is not under the 'features' directory. Requirements report will not be correctly generated!
11:50:51.744 [main] INFO  - 
  _____   ___   ___   _____     ___   _____     _     ___   _____   ___   ___  
 |_   _| | __| / __| |_   _|   / __| |_   _|   /_\   | _ \ |_   _| | __| |   \ 
   | |   | _|  \__ \   | |     \__ \   | |    / _ \  |   /   | |   | _|  | |) |
   |_|   |___| |___/   |_|     |___/   |_|   /_/ \_\ |_|_\   |_|   |___| |___/ 

As admin, I can add new product data(as-admin--i-want-to-manage-product-features;as-admin--i-can-add-new-product-data)
--------------------------------------------------------------------------------
11:50:51.747 [main] DEBUG net.thucydides.core.steps.StepInterceptor - STARTING STEP: ProductSteps.adminSetUpApiAuthLogin - I have endpoint auth
11:50:51.747 [main] DEBUG net.thucydides.core.steps.StepInterceptor - STEP DONE: I have endpoint auth
  &amp#27;[32mGiven &amp#27;[0m&amp#27;[32madmin set up api auth login&amp#27;[0m                                           &amp#27;[90m# starter.stepdefinitions.Website.ProductSteps.adminSetUpApiAuthLogin()&amp#27;[0m
11:50:51.747 [main] DEBUG net.thucydides.core.steps.StepInterceptor - STARTING STEP: ProductSteps.adminSendAHTTPRequestLogin - I Send endpoint auth
11:50:51.748 [main] DEBUG net.thucydides.core.steps.StepInterceptor - STARTING STEP: Product.sendEndpointAuth - I have endpoint auth
11:50:51.748 [main] DEBUG net.thucydides.core.steps.StepInterceptor - STEP DONE: I have endpoint auth
11:50:51.750 [main] DEBUG org.apache.http.impl.conn.BasicClientConnectionManager - Get connection for route {}->http://167.172.66.247:8002
11:50:51.750 [main] DEBUG org.apache.http.impl.conn.DefaultClientConnectionOperator - Connecting to 167.172.66.247:8002
11:50:51.787 [main] DEBUG org.apache.http.client.protocol.RequestAddCookies - CookieSpec selected: ignoreCookies
11:50:51.787 [main] DEBUG org.apache.http.client.protocol.RequestAuthCache - Auth cache not set in the context
11:50:51.787 [main] DEBUG org.apache.http.client.protocol.RequestTargetAuthentication - Target auth state: UNCHALLENGED
11:50:51.787 [main] DEBUG org.apache.http.client.protocol.RequestProxyAuthentication - Proxy auth state: UNCHALLENGED
11:50:51.787 [main] DEBUG org.apache.http.impl.client.DefaultHttpClient - Attempt 1 to execute request
11:50:51.787 [main] DEBUG org.apache.http.impl.conn.DefaultClientConnection - Sending request: POST /admin_login HTTP/1.1
11:50:51.787 [main] DEBUG org.apache.http.wire -  >> "POST /admin_login HTTP/1.1[\r][\n]"
11:50:51.787 [main] DEBUG org.apache.http.wire -  >> "Accept: */*[\r][\n]"
11:50:51.787 [main] DEBUG org.apache.http.wire -  >> "Content-Type: application/json[\r][\n]"
11:50:51.787 [main] DEBUG org.apache.http.wire -  >> "Content-Length: 54[\r][\n]"
11:50:51.787 [main] DEBUG org.apache.http.wire -  >> "Host: 167.172.66.247:8002[\r][\n]"
11:50:51.787 [main] DEBUG org.apache.http.wire -  >> "Connection: Keep-Alive[\r][\n]"
11:50:51.787 [main] DEBUG org.apache.http.wire -  >> "User-Agent: Apache-HttpClient/4.5.13 (Java/17.0.7)[\r][\n]"
11:50:51.787 [main] DEBUG org.apache.http.wire -  >> "Accept-Encoding: gzip,deflate[\r][\n]"
11:50:51.787 [main] DEBUG org.apache.http.wire -  >> "[\r][\n]"
11:50:51.787 [main] DEBUG org.apache.http.headers - >> POST /admin_login HTTP/1.1
11:50:51.787 [main] DEBUG org.apache.http.headers - >> Accept: */*
11:50:51.787 [main] DEBUG org.apache.http.headers - >> Content-Type: application/json
11:50:51.787 [main] DEBUG org.apache.http.headers - >> Content-Length: 54
11:50:51.787 [main] DEBUG org.apache.http.headers - >> Host: 167.172.66.247:8002
11:50:51.787 [main] DEBUG org.apache.http.headers - >> Connection: Keep-Alive
11:50:51.787 [main] DEBUG org.apache.http.headers - >> User-Agent: Apache-HttpClient/4.5.13 (Java/17.0.7)
11:50:51.787 [main] DEBUG org.apache.http.headers - >> Accept-Encoding: gzip,deflate
11:50:51.787 [main] DEBUG org.apache.http.wire -  >> "{"password":"123456","email":"BalinkBarong@gmail.com"}"
11:50:51.847 [main] DEBUG org.apache.http.wire -  << "HTTP/1.1 200 OK[\r][\n]"
11:50:51.847 [main] DEBUG org.apache.http.wire -  << "Content-Type: application/json; charset=UTF-8[\r][\n]"
11:50:51.847 [main] DEBUG org.apache.http.wire -  << "Vary: Origin[\r][\n]"
11:50:51.847 [main] DEBUG org.apache.http.wire -  << "Date: Mon, 26 Jun 2023 04:50:52 GMT[\r][\n]"
11:50:51.847 [main] DEBUG org.apache.http.wire -  << "Content-Length: 851[\r][\n]"
11:50:51.847 [main] DEBUG org.apache.http.wire -  << "[\r][\n]"
11:50:51.847 [main] DEBUG org.apache.http.impl.conn.DefaultClientConnection - Receiving response: HTTP/1.1 200 OK
11:50:51.847 [main] DEBUG org.apache.http.headers - << HTTP/1.1 200 OK
11:50:51.847 [main] DEBUG org.apache.http.headers - << Content-Type: application/json; charset=UTF-8
11:50:51.847 [main] DEBUG org.apache.http.headers - << Vary: Origin
11:50:51.847 [main] DEBUG org.apache.http.headers - << Date: Mon, 26 Jun 2023 04:50:52 GMT
11:50:51.847 [main] DEBUG org.apache.http.headers - << Content-Length: 851
11:50:51.847 [main] DEBUG org.apache.http.impl.client.DefaultHttpClient - Connection can be kept alive indefinitely
11:50:51.847 [main] DEBUG io.restassured.internal.RestAssuredHttpBuilder - Parsing response as: application/json; charset=UTF-8
11:50:51.847 [main] DEBUG io.restassured.internal.RestAssuredHttpBuilder - Parsed data to instance of: class org.apache.http.conn.EofSensorInputStream
11:50:51.847 [main] DEBUG org.apache.http.wire -  << "{"data":{"profile_perusahaan":{"ID":1,"CreatedAt":"0001-01-01T00:00:00Z","UpdatedAt":"2023-06-25T16:52:02.995Z","DeletedAt":null,"nama":"Sean 1","deskripsi":"lorem ipsum","foto_profile":"123","email":"BalinkBarong@gmail.com","password":"123456","no_telepon":"0811111111111","whatsapp":"0811111111111","instagram":"@balink","facebook":"balink","alamat":"Kecamatan Kuta, Sebelah Selata Kota Denpasar, Bali","negara":"Indonesia","kode_pos":"16442","rekening_bca":"0","rekening_mandiri":"12345678910","rekening_bri":"12345678910","rekening_bni":"12345678910","rekening_btn":"12345678910","rekening_seabank":"0","rekening_bpd_bali":"12345678910"},"token":"eyJhbGciOiJIUzI1NiIsInR5cCI6IkpXVCJ9.eyJleHAiOjE2ODc3NzMwNTIsImlkIjoxLCJpc3MiOiJxd2VydHkiLCJuYW1lIjoiU2VhbiAxIn0.pES8zUPBTHLHiHs0HkQf7rbk7sp8ybuDaKYgadoufqY"},"message":"Login success","status":true}[\n]"
11:50:51.847 [main] DEBUG org.apache.http.impl.conn.BasicClientConnectionManager - Releasing connection org.apache.http.impl.conn.ManagedClientConnectionImpl@2b0d6bf2
11:50:51.847 [main] DEBUG org.apache.http.impl.conn.BasicClientConnectionManager - Connection can be kept alive indefinitely
11:50:51.854 [main] DEBUG net.thucydides.core.steps.StepInterceptor - STEP DONE: I Send endpoint auth
  &amp#27;[32mWhen &amp#27;[0m&amp#27;[32madmin send a HTTP Request login&amp#27;[0m                                        &amp#27;[90m# starter.stepdefinitions.Website.ProductSteps.adminSendAHTTPRequestLogin()&amp#27;[0m
11:50:51.855 [main] DEBUG net.thucydides.core.steps.StepInterceptor - STARTING STEP: ProductSteps.adminSetThePOSTApiEndpointProduct - I set POST API endpoint Product
11:50:51.855 [main] DEBUG net.thucydides.core.steps.StepInterceptor - STEP DONE: I set POST API endpoint Product
  &amp#27;[32mAnd &amp#27;[0m&amp#27;[32madmin set the POST api endpoint Product&amp#27;[0m                                 &amp#27;[90m# starter.stepdefinitions.Website.ProductSteps.adminSetThePOSTApiEndpointProduct()&amp#27;[0m
11:50:51.856 [main] DEBUG net.thucydides.core.steps.StepInterceptor - STARTING STEP: ProductSteps.adminSendHTTPPOSTRequestPostProduct - I send POST HTTP request Product
11:50:51.856 [main] DEBUG net.thucydides.core.steps.StepInterceptor - STARTING STEP: Product.sendPOSTHttpRequestProduct - I set POST API endpoint Product
11:50:51.856 [main] DEBUG net.thucydides.core.steps.StepInterceptor - STEP DONE: I set POST API endpoint Product
11:50:51.860 [main] DEBUG org.apache.http.impl.conn.BasicClientConnectionManager - Get connection for route {}->http://167.172.66.247:8002
11:50:51.860 [main] DEBUG org.apache.http.impl.conn.DefaultClientConnectionOperator - Connecting to 167.172.66.247:8002
11:50:51.896 [main] DEBUG org.apache.http.client.protocol.RequestAddCookies - CookieSpec selected: ignoreCookies
11:50:51.896 [main] DEBUG org.apache.http.client.protocol.RequestAuthCache - Auth cache not set in the context
11:50:51.897 [main] DEBUG org.apache.http.client.protocol.RequestProxyAuthentication - Proxy auth state: UNCHALLENGED
11:50:51.897 [main] DEBUG org.apache.http.impl.client.DefaultHttpClient - Attempt 1 to execute request
11:50:51.897 [main] DEBUG org.apache.http.impl.conn.DefaultClientConnection - Sending request: POST /produk HTTP/1.1
11:50:51.897 [main] DEBUG org.apache.http.wire -  >> "POST /produk HTTP/1.1[\r][\n]"
11:50:51.897 [main] DEBUG org.apache.http.wire -  >> "Authorization: Bearer eyJhbGciOiJIUzI1NiIsInR5cCI6IkpXVCJ9.eyJleHAiOjE2ODc3NzMwNTIsImlkIjoxLCJpc3MiOiJxd2VydHkiLCJuYW1lIjoiU2VhbiAxIn0.pES8zUPBTHLHiHs0HkQf7rbk7sp8ybuDaKYgadoufqY[\r][\n]"
11:50:51.897 [main] DEBUG org.apache.http.wire -  >> "Accept: */*[\r][\n]"
11:50:51.897 [main] DEBUG org.apache.http.wire -  >> "Content-Type: text/plain; charset=ISO-8859-1[\r][\n]"
11:50:51.897 [main] DEBUG org.apache.http.wire -  >> "Content-Length: 91[\r][\n]"
11:50:51.897 [main] DEBUG org.apache.http.wire -  >> "Host: 167.172.66.247:8002[\r][\n]"
11:50:51.897 [main] DEBUG org.apache.http.wire -  >> "Connection: Keep-Alive[\r][\n]"
11:50:51.897 [main] DEBUG org.apache.http.wire -  >> "User-Agent: Apache-HttpClient/4.5.13 (Java/17.0.7)[\r][\n]"
11:50:51.897 [main] DEBUG org.apache.http.wire -  >> "Accept-Encoding: gzip,deflate[\r][\n]"
11:50:51.897 [main] DEBUG org.apache.http.wire -  >> "[\r][\n]"
11:50:51.897 [main] DEBUG org.apache.http.headers - >> POST /produk HTTP/1.1
11:50:51.897 [main] DEBUG org.apache.http.headers - >> Authorization: Bearer eyJhbGciOiJIUzI1NiIsInR5cCI6IkpXVCJ9.eyJleHAiOjE2ODc3NzMwNTIsImlkIjoxLCJpc3MiOiJxd2VydHkiLCJuYW1lIjoiU2VhbiAxIn0.pES8zUPBTHLHiHs0HkQf7rbk7sp8ybuDaKYgadoufqY
11:50:51.897 [main] DEBUG org.apache.http.headers - >> Accept: */*
11:50:51.897 [main] DEBUG org.apache.http.headers - >> Content-Type: text/plain; charset=ISO-8859-1
11:50:51.897 [main] DEBUG org.apache.http.headers - >> Content-Length: 91
11:50:51.897 [main] DEBUG org.apache.http.headers - >> Host: 167.172.66.247:8002
11:50:51.897 [main] DEBUG org.apache.http.headers - >> Connection: Keep-Alive
11:50:51.897 [main] DEBUG org.apache.http.headers - >> User-Agent: Apache-HttpClient/4.5.13 (Java/17.0.7)
11:50:51.897 [main] DEBUG org.apache.http.headers - >> Accept-Encoding: gzip,deflate
11:50:51.897 [main] DEBUG org.apache.http.wire -  >> "[[\n]"
11:50:51.897 [main] DEBUG org.apache.http.wire -  >> "{"kategori_id":"1","nama":"Produk 1","harga":45000,"deskripsi":"Lorem Ipsum","stok":15}[\n]"
11:50:51.897 [main] DEBUG org.apache.http.wire -  >> "]"
11:50:51.947 [main] DEBUG org.apache.http.wire -  << "HTTP/1.1 400 Bad Request[\r][\n]"
11:50:51.947 [main] DEBUG org.apache.http.wire -  << "Content-Type: application/json; charset=UTF-8[\r][\n]"
11:50:51.947 [main] DEBUG org.apache.http.wire -  << "Vary: Origin[\r][\n]"
11:50:51.947 [main] DEBUG org.apache.http.wire -  << "Date: Mon, 26 Jun 2023 04:50:52 GMT[\r][\n]"
11:50:51.947 [main] DEBUG org.apache.http.wire -  << "Content-Length: 82[\r][\n]"
11:50:51.947 [main] DEBUG org.apache.http.wire -  << "[\r][\n]"
11:50:51.947 [main] DEBUG org.apache.http.impl.conn.DefaultClientConnection - Receiving response: HTTP/1.1 400 Bad Request
11:50:51.947 [main] DEBUG org.apache.http.headers - << HTTP/1.1 400 Bad Request
11:50:51.947 [main] DEBUG org.apache.http.headers - << Content-Type: application/json; charset=UTF-8
11:50:51.947 [main] DEBUG org.apache.http.headers - << Vary: Origin
11:50:51.947 [main] DEBUG org.apache.http.headers - << Date: Mon, 26 Jun 2023 04:50:52 GMT
11:50:51.947 [main] DEBUG org.apache.http.headers - << Content-Length: 82
11:50:51.947 [main] DEBUG org.apache.http.impl.client.DefaultHttpClient - Connection can be kept alive indefinitely
11:50:51.947 [main] DEBUG io.restassured.internal.RestAssuredHttpBuilder - Parsing response as: application/json; charset=UTF-8
11:50:51.947 [main] DEBUG io.restassured.internal.RestAssuredHttpBuilder - Parsed data to instance of: class org.apache.http.conn.EofSensorInputStream
11:50:51.947 [main] DEBUG org.apache.http.wire -  << "{"data":null,"message":"code=415, message=Unsupported Media Type","status":false}[\n]"
11:50:51.947 [main] DEBUG org.apache.http.impl.conn.BasicClientConnectionManager - Releasing connection org.apache.http.impl.conn.ManagedClientConnectionImpl@2bc21edd
11:50:51.947 [main] DEBUG org.apache.http.impl.conn.BasicClientConnectionManager - Connection can be kept alive indefinitely
11:50:51.947 [main] DEBUG net.thucydides.core.steps.StepInterceptor - STEP DONE: I send POST HTTP request Product
  &amp#27;[32mAnd &amp#27;[0m&amp#27;[32madmin send HTTP POST request post Product&amp#27;[0m                               &amp#27;[90m# starter.stepdefinitions.Website.ProductSteps.adminSendHTTPPOSTRequestPostProduct()&amp#27;[0m
11:50:51.948 [main] DEBUG net.thucydides.core.steps.StepInterceptor - STARTING STEP: ProductSteps.adminReceiveAValidLoginAndAddNewProductHTTPResponseCode - I receive valid HTTP response code POST Product 200
11:50:51.949 [main] DEBUG net.thucydides.core.steps.StepInterceptor - STARTING STEP: Product.validateResponseCodePOSTProduct - I set POST API endpoint Product
11:50:51.949 [main] DEBUG net.thucydides.core.steps.StepInterceptor - STEP DONE: I set POST API endpoint Product
11:50:51.950 [main] DEBUG org.apache.http.impl.conn.BasicClientConnectionManager - Get connection for route {}->http://167.172.66.247:8002
11:50:51.950 [main] DEBUG org.apache.http.impl.conn.DefaultClientConnectionOperator - Connecting to 167.172.66.247:8002
11:50:52.097 [main] DEBUG org.apache.http.client.protocol.RequestAddCookies - CookieSpec selected: ignoreCookies
11:50:52.097 [main] DEBUG org.apache.http.client.protocol.RequestAuthCache - Auth cache not set in the context
11:50:52.097 [main] DEBUG org.apache.http.client.protocol.RequestProxyAuthentication - Proxy auth state: UNCHALLENGED
11:50:52.097 [main] DEBUG org.apache.http.impl.client.DefaultHttpClient - Attempt 1 to execute request
11:50:52.097 [main] DEBUG org.apache.http.impl.conn.DefaultClientConnection - Sending request: GET /produk HTTP/1.1
11:50:52.097 [main] DEBUG org.apache.http.wire -  >> "GET /produk HTTP/1.1[\r][\n]"
11:50:52.097 [main] DEBUG org.apache.http.wire -  >> "Authorization: Bearer eyJhbGciOiJIUzI1NiIsInR5cCI6IkpXVCJ9.eyJleHAiOjE2ODc3NzMwNTIsImlkIjoxLCJpc3MiOiJxd2VydHkiLCJuYW1lIjoiU2VhbiAxIn0.pES8zUPBTHLHiHs0HkQf7rbk7sp8ybuDaKYgadoufqY[\r][\n]"
11:50:52.097 [main] DEBUG org.apache.http.wire -  >> "Accept: */*[\r][\n]"
11:50:52.097 [main] DEBUG org.apache.http.wire -  >> "Host: 167.172.66.247:8002[\r][\n]"
11:50:52.097 [main] DEBUG org.apache.http.wire -  >> "Connection: Keep-Alive[\r][\n]"
11:50:52.098 [main] DEBUG org.apache.http.wire -  >> "User-Agent: Apache-HttpClient/4.5.13 (Java/17.0.7)[\r][\n]"
11:50:52.098 [main] DEBUG org.apache.http.wire -  >> "Accept-Encoding: gzip,deflate[\r][\n]"
11:50:52.098 [main] DEBUG org.apache.http.wire -  >> "[\r][\n]"
11:50:52.098 [main] DEBUG org.apache.http.headers - >> GET /produk HTTP/1.1
11:50:52.098 [main] DEBUG org.apache.http.headers - >> Authorization: Bearer eyJhbGciOiJIUzI1NiIsInR5cCI6IkpXVCJ9.eyJleHAiOjE2ODc3NzMwNTIsImlkIjoxLCJpc3MiOiJxd2VydHkiLCJuYW1lIjoiU2VhbiAxIn0.pES8zUPBTHLHiHs0HkQf7rbk7sp8ybuDaKYgadoufqY
11:50:52.098 [main] DEBUG org.apache.http.headers - >> Accept: */*
11:50:52.098 [main] DEBUG org.apache.http.headers - >> Host: 167.172.66.247:8002
11:50:52.098 [main] DEBUG org.apache.http.headers - >> Connection: Keep-Alive
11:50:52.098 [main] DEBUG org.apache.http.headers - >> User-Agent: Apache-HttpClient/4.5.13 (Java/17.0.7)
11:50:52.098 [main] DEBUG org.apache.http.headers - >> Accept-Encoding: gzip,deflate
11:50:52.167 [main] DEBUG org.apache.http.wire -  << "HTTP/1.1 200 OK[\r][\n]"
11:50:52.167 [main] DEBUG org.apache.http.wire -  << "Content-Type: application/json; charset=UTF-8[\r][\n]"
11:50:52.167 [main] DEBUG org.apache.http.wire -  << "Vary: Origin[\r][\n]"
11:50:52.167 [main] DEBUG org.apache.http.wire -  << "Date: Mon, 26 Jun 2023 04:50:52 GMT[\r][\n]"
11:50:52.167 [main] DEBUG org.apache.http.wire -  << "Content-Length: 536[\r][\n]"
11:50:52.167 [main] DEBUG org.apache.http.wire -  << "[\r][\n]"
11:50:52.167 [main] DEBUG org.apache.http.impl.conn.DefaultClientConnection - Receiving response: HTTP/1.1 200 OK
11:50:52.167 [main] DEBUG org.apache.http.headers - << HTTP/1.1 200 OK
11:50:52.167 [main] DEBUG org.apache.http.headers - << Content-Type: application/json; charset=UTF-8
11:50:52.167 [main] DEBUG org.apache.http.headers - << Vary: Origin
11:50:52.167 [main] DEBUG org.apache.http.headers - << Date: Mon, 26 Jun 2023 04:50:52 GMT
11:50:52.167 [main] DEBUG org.apache.http.headers - << Content-Length: 536
11:50:52.167 [main] DEBUG org.apache.http.impl.client.DefaultHttpClient - Connection can be kept alive indefinitely
11:50:52.167 [main] DEBUG io.restassured.internal.RestAssuredHttpBuilder - Parsing response as: application/json; charset=UTF-8
11:50:52.167 [main] DEBUG io.restassured.internal.RestAssuredHttpBuilder - Parsed data to instance of: class org.apache.http.conn.EofSensorInputStream
11:50:52.169 [main] DEBUG org.apache.http.wire -  << "{"data":{"data":[{"ID":53,"CreatedAt":"2023-06-25T16:35:04.495Z","UpdatedAt":"2023-06-25T16:35:04.495Z","DeletedAt":null,"kategori_id":"35","nama":"Produk Baru","deskripsi":"Produk ini merupakan produk terbaru","harga":11,"stok":3},{"ID":54,"CreatedAt":"2023-06-25T16:41:21.51Z","UpdatedAt":"2023-06-25T16:41:21.51Z","DeletedAt":null,"kategori_id":"35","nama":"Produk Baru","deskripsi":"Produk ini merupakan produk terbaru","harga":11,"stok":3}],"data_shown":2,"page":1,"total_data":2},"message":"Get all Produk success","status":true}[\n]"
11:50:52.169 [main] DEBUG org.apache.http.impl.conn.BasicClientConnectionManager - Releasing connection org.apache.http.impl.conn.ManagedClientConnectionImpl@771b2b5b
11:50:52.169 [main] DEBUG org.apache.http.impl.conn.BasicClientConnectionManager - Connection can be kept alive indefinitely
11:50:52.171 [main] DEBUG net.thucydides.core.steps.StepInterceptor - STEP DONE: I receive valid HTTP response code POST Product 200
  &amp#27;[32mThen &amp#27;[0m&amp#27;[32madmin receive a valid login and Add New Product HTTP response code &amp#27;[0m&amp#27;[32m&amp#27;[1m200&amp#27;[0m &amp#27;[90m# starter.stepdefinitions.Website.ProductSteps.adminReceiveAValidLoginAndAddNewProductHTTPResponseCode(int)&amp#27;[0m
11:50:52.173 [main] INFO  - 
  _____   ___   ___   _____     ___     _     ___   ___   ___   ___  
 |_   _| | __| / __| |_   _|   | _ \   /_\   / __| / __| | __| |   \ 
   | |   | _|  \__ \   | |     |  _/  / _ \  \__ \ \__ \ | _|  | |) |
   |_|   |___| |___/   |_|     |_|   /_/ \_\ |___/ |___/ |___| |___/ 

As admin, I can add new product data
----------------------------------------------------------------------
]]></system-out>
  </testcase>
  <testcase name="As admin, I can update product data" classname="As Admin, I want to manage Product features" time="0.236">
    <system-out><![CDATA[
@updateProduct
Scenario: As admin, I can update product data                                &amp#27;[90m# src/test/resources/Feature/Api/Website/Product.feature:28&amp#27;[0m
11:50:52.182 [main] INFO io.cucumber.core.plugin.SerenityReporter - Running feature from file:///Users/macbookpro/Documents/Capstone_API_CI/src/test/resources/Feature/Api/Website/Product.feature
11:50:52.182 [main] WARN io.cucumber.core.plugin.SerenityReporter - Feature from file:///Users/macbookpro/Documents/Capstone_API_CI/src/test/resources/Feature/Api/Website/Product.feature is not under the 'features' directory. Requirements report will not be correctly generated!
11:50:52.182 [main] INFO  - 
  _____   ___   ___   _____     ___   _____     _     ___   _____   ___   ___  
 |_   _| | __| / __| |_   _|   / __| |_   _|   /_\   | _ \ |_   _| | __| |   \ 
   | |   | _|  \__ \   | |     \__ \   | |    / _ \  |   /   | |   | _|  | |) |
   |_|   |___| |___/   |_|     |___/   |_|   /_/ \_\ |_|_\   |_|   |___| |___/ 

As admin, I can update product data(as-admin--i-want-to-manage-product-features;as-admin--i-can-update-product-data)
--------------------------------------------------------------------------------
11:50:52.185 [main] DEBUG net.thucydides.core.steps.StepInterceptor - STARTING STEP: ProductSteps.adminSetUpApiAuthLogin - I have endpoint auth
11:50:52.185 [main] DEBUG net.thucydides.core.steps.StepInterceptor - STEP DONE: I have endpoint auth
  &amp#27;[32mGiven &amp#27;[0m&amp#27;[32madmin set up api auth login&amp#27;[0m                                          &amp#27;[90m# starter.stepdefinitions.Website.ProductSteps.adminSetUpApiAuthLogin()&amp#27;[0m
11:50:52.185 [main] DEBUG net.thucydides.core.steps.StepInterceptor - STARTING STEP: ProductSteps.adminSendAHTTPRequestLogin - I Send endpoint auth
11:50:52.186 [main] DEBUG net.thucydides.core.steps.StepInterceptor - STARTING STEP: Product.sendEndpointAuth - I have endpoint auth
11:50:52.186 [main] DEBUG net.thucydides.core.steps.StepInterceptor - STEP DONE: I have endpoint auth
11:50:52.187 [main] DEBUG org.apache.http.impl.conn.BasicClientConnectionManager - Get connection for route {}->http://167.172.66.247:8002
11:50:52.187 [main] DEBUG org.apache.http.impl.conn.DefaultClientConnectionOperator - Connecting to 167.172.66.247:8002
11:50:52.237 [main] DEBUG org.apache.http.client.protocol.RequestAddCookies - CookieSpec selected: ignoreCookies
11:50:52.237 [main] DEBUG org.apache.http.client.protocol.RequestAuthCache - Auth cache not set in the context
11:50:52.237 [main] DEBUG org.apache.http.client.protocol.RequestTargetAuthentication - Target auth state: UNCHALLENGED
11:50:52.237 [main] DEBUG org.apache.http.client.protocol.RequestProxyAuthentication - Proxy auth state: UNCHALLENGED
11:50:52.237 [main] DEBUG org.apache.http.impl.client.DefaultHttpClient - Attempt 1 to execute request
11:50:52.237 [main] DEBUG org.apache.http.impl.conn.DefaultClientConnection - Sending request: POST /admin_login HTTP/1.1
11:50:52.237 [main] DEBUG org.apache.http.wire -  >> "POST /admin_login HTTP/1.1[\r][\n]"
11:50:52.237 [main] DEBUG org.apache.http.wire -  >> "Accept: */*[\r][\n]"
11:50:52.237 [main] DEBUG org.apache.http.wire -  >> "Content-Type: application/json[\r][\n]"
11:50:52.237 [main] DEBUG org.apache.http.wire -  >> "Content-Length: 54[\r][\n]"
11:50:52.237 [main] DEBUG org.apache.http.wire -  >> "Host: 167.172.66.247:8002[\r][\n]"
11:50:52.237 [main] DEBUG org.apache.http.wire -  >> "Connection: Keep-Alive[\r][\n]"
11:50:52.237 [main] DEBUG org.apache.http.wire -  >> "User-Agent: Apache-HttpClient/4.5.13 (Java/17.0.7)[\r][\n]"
11:50:52.237 [main] DEBUG org.apache.http.wire -  >> "Accept-Encoding: gzip,deflate[\r][\n]"
11:50:52.237 [main] DEBUG org.apache.http.wire -  >> "[\r][\n]"
11:50:52.237 [main] DEBUG org.apache.http.headers - >> POST /admin_login HTTP/1.1
11:50:52.237 [main] DEBUG org.apache.http.headers - >> Accept: */*
11:50:52.237 [main] DEBUG org.apache.http.headers - >> Content-Type: application/json
11:50:52.237 [main] DEBUG org.apache.http.headers - >> Content-Length: 54
11:50:52.237 [main] DEBUG org.apache.http.headers - >> Host: 167.172.66.247:8002
11:50:52.237 [main] DEBUG org.apache.http.headers - >> Connection: Keep-Alive
11:50:52.237 [main] DEBUG org.apache.http.headers - >> User-Agent: Apache-HttpClient/4.5.13 (Java/17.0.7)
11:50:52.237 [main] DEBUG org.apache.http.headers - >> Accept-Encoding: gzip,deflate
11:50:52.237 [main] DEBUG org.apache.http.wire -  >> "{"password":"123456","email":"BalinkBarong@gmail.com"}"
11:50:52.297 [main] DEBUG org.apache.http.wire -  << "HTTP/1.1 200 OK[\r][\n]"
11:50:52.297 [main] DEBUG org.apache.http.wire -  << "Content-Type: application/json; charset=UTF-8[\r][\n]"
11:50:52.297 [main] DEBUG org.apache.http.wire -  << "Vary: Origin[\r][\n]"
11:50:52.297 [main] DEBUG org.apache.http.wire -  << "Date: Mon, 26 Jun 2023 04:50:52 GMT[\r][\n]"
11:50:52.297 [main] DEBUG org.apache.http.wire -  << "Content-Length: 851[\r][\n]"
11:50:52.297 [main] DEBUG org.apache.http.wire -  << "[\r][\n]"
11:50:52.297 [main] DEBUG org.apache.http.impl.conn.DefaultClientConnection - Receiving response: HTTP/1.1 200 OK
11:50:52.297 [main] DEBUG org.apache.http.headers - << HTTP/1.1 200 OK
11:50:52.297 [main] DEBUG org.apache.http.headers - << Content-Type: application/json; charset=UTF-8
11:50:52.297 [main] DEBUG org.apache.http.headers - << Vary: Origin
11:50:52.297 [main] DEBUG org.apache.http.headers - << Date: Mon, 26 Jun 2023 04:50:52 GMT
11:50:52.297 [main] DEBUG org.apache.http.headers - << Content-Length: 851
11:50:52.297 [main] DEBUG org.apache.http.impl.client.DefaultHttpClient - Connection can be kept alive indefinitely
11:50:52.297 [main] DEBUG io.restassured.internal.RestAssuredHttpBuilder - Parsing response as: application/json; charset=UTF-8
11:50:52.297 [main] DEBUG io.restassured.internal.RestAssuredHttpBuilder - Parsed data to instance of: class org.apache.http.conn.EofSensorInputStream
11:50:52.298 [main] DEBUG org.apache.http.wire -  << "{"data":{"profile_perusahaan":{"ID":1,"CreatedAt":"0001-01-01T00:00:00Z","UpdatedAt":"2023-06-25T16:52:02.995Z","DeletedAt":null,"nama":"Sean 1","deskripsi":"lorem ipsum","foto_profile":"123","email":"BalinkBarong@gmail.com","password":"123456","no_telepon":"0811111111111","whatsapp":"0811111111111","instagram":"@balink","facebook":"balink","alamat":"Kecamatan Kuta, Sebelah Selata Kota Denpasar, Bali","negara":"Indonesia","kode_pos":"16442","rekening_bca":"0","rekening_mandiri":"12345678910","rekening_bri":"12345678910","rekening_bni":"12345678910","rekening_btn":"12345678910","rekening_seabank":"0","rekening_bpd_bali":"12345678910"},"token":"eyJhbGciOiJIUzI1NiIsInR5cCI6IkpXVCJ9.eyJleHAiOjE2ODc3NzMwNTIsImlkIjoxLCJpc3MiOiJxd2VydHkiLCJuYW1lIjoiU2VhbiAxIn0.pES8zUPBTHLHiHs0HkQf7rbk7sp8ybuDaKYgadoufqY"},"message":"Login success","status":true}[\n]"
11:50:52.298 [main] DEBUG org.apache.http.impl.conn.BasicClientConnectionManager - Releasing connection org.apache.http.impl.conn.ManagedClientConnectionImpl@740530b
11:50:52.298 [main] DEBUG org.apache.http.impl.conn.BasicClientConnectionManager - Connection can be kept alive indefinitely
11:50:52.308 [main] DEBUG net.thucydides.core.steps.StepInterceptor - STEP DONE: I Send endpoint auth
  &amp#27;[32mWhen &amp#27;[0m&amp#27;[32madmin send a HTTP Request login&amp#27;[0m                                       &amp#27;[90m# starter.stepdefinitions.Website.ProductSteps.adminSendAHTTPRequestLogin()&amp#27;[0m
11:50:52.310 [main] DEBUG net.thucydides.core.steps.StepInterceptor - STARTING STEP: ProductSteps.adminSetThePUTApiEndpointProduct - admin set the PUT api endpoint Product
11:50:52.310 [main] DEBUG net.thucydides.core.steps.StepInterceptor - STEP DONE: admin set the PUT api endpoint Product
  &amp#27;[32mAnd &amp#27;[0m&amp#27;[32madmin set the PUT api endpoint Product&amp#27;[0m                                 &amp#27;[90m# starter.stepdefinitions.Website.ProductSteps.adminSetThePUTApiEndpointProduct()&amp#27;[0m
11:50:52.311 [main] DEBUG net.thucydides.core.steps.StepInterceptor - STARTING STEP: ProductSteps.adminSendHTTPPUTRequestPostProduct - admin sent HTTP PUT request get Product by ID
11:50:52.312 [main] DEBUG net.thucydides.core.steps.StepInterceptor - STARTING STEP: Product.adminSentHTTPPUTRequestGetProductByID - admin set the PUT api endpoint Product
11:50:52.312 [main] DEBUG net.thucydides.core.steps.StepInterceptor - STEP DONE: admin set the PUT api endpoint Product
11:50:52.314 [main] DEBUG org.apache.http.impl.conn.BasicClientConnectionManager - Get connection for route {}->http://167.172.66.247:8002
11:50:52.314 [main] DEBUG org.apache.http.impl.conn.DefaultClientConnectionOperator - Connecting to 167.172.66.247:8002
11:50:52.347 [main] DEBUG org.apache.http.client.protocol.RequestAddCookies - CookieSpec selected: ignoreCookies
11:50:52.347 [main] DEBUG org.apache.http.client.protocol.RequestAuthCache - Auth cache not set in the context
11:50:52.347 [main] DEBUG org.apache.http.client.protocol.RequestProxyAuthentication - Proxy auth state: UNCHALLENGED
11:50:52.347 [main] DEBUG org.apache.http.impl.client.DefaultHttpClient - Attempt 1 to execute request
11:50:52.347 [main] DEBUG org.apache.http.impl.conn.DefaultClientConnection - Sending request: PUT /produk/54 HTTP/1.1
11:50:52.347 [main] DEBUG org.apache.http.wire -  >> "PUT /produk/54 HTTP/1.1[\r][\n]"
11:50:52.347 [main] DEBUG org.apache.http.wire -  >> "Authorization: Bearer eyJhbGciOiJIUzI1NiIsInR5cCI6IkpXVCJ9.eyJleHAiOjE2ODc3NzMwNTIsImlkIjoxLCJpc3MiOiJxd2VydHkiLCJuYW1lIjoiU2VhbiAxIn0.pES8zUPBTHLHiHs0HkQf7rbk7sp8ybuDaKYgadoufqY[\r][\n]"
11:50:52.347 [main] DEBUG org.apache.http.wire -  >> "Accept: */*[\r][\n]"
11:50:52.347 [main] DEBUG org.apache.http.wire -  >> "Content-Type: application/json[\r][\n]"
11:50:52.347 [main] DEBUG org.apache.http.wire -  >> "Content-Length: 89[\r][\n]"
11:50:52.347 [main] DEBUG org.apache.http.wire -  >> "Host: 167.172.66.247:8002[\r][\n]"
11:50:52.347 [main] DEBUG org.apache.http.wire -  >> "Connection: Keep-Alive[\r][\n]"
11:50:52.347 [main] DEBUG org.apache.http.wire -  >> "User-Agent: Apache-HttpClient/4.5.13 (Java/17.0.7)[\r][\n]"
11:50:52.347 [main] DEBUG org.apache.http.wire -  >> "Accept-Encoding: gzip,deflate[\r][\n]"
11:50:52.347 [main] DEBUG org.apache.http.wire -  >> "[\r][\n]"
11:50:52.347 [main] DEBUG org.apache.http.headers - >> PUT /produk/54 HTTP/1.1
11:50:52.347 [main] DEBUG org.apache.http.headers - >> Authorization: Bearer eyJhbGciOiJIUzI1NiIsInR5cCI6IkpXVCJ9.eyJleHAiOjE2ODc3NzMwNTIsImlkIjoxLCJpc3MiOiJxd2VydHkiLCJuYW1lIjoiU2VhbiAxIn0.pES8zUPBTHLHiHs0HkQf7rbk7sp8ybuDaKYgadoufqY
11:50:52.347 [main] DEBUG org.apache.http.headers - >> Accept: */*
11:50:52.347 [main] DEBUG org.apache.http.headers - >> Content-Type: application/json
11:50:52.347 [main] DEBUG org.apache.http.headers - >> Content-Length: 89
11:50:52.347 [main] DEBUG org.apache.http.headers - >> Host: 167.172.66.247:8002
11:50:52.347 [main] DEBUG org.apache.http.headers - >> Connection: Keep-Alive
11:50:52.347 [main] DEBUG org.apache.http.headers - >> User-Agent: Apache-HttpClient/4.5.13 (Java/17.0.7)
11:50:52.347 [main] DEBUG org.apache.http.headers - >> Accept-Encoding: gzip,deflate
11:50:52.347 [main] DEBUG org.apache.http.wire -  >> "{"kategori_id":"1","nama":"Produk 1.1","harga":45000,"deskripsi":"Lorem Ipsum","stok":15}"
11:50:52.407 [main] DEBUG org.apache.http.wire -  << "HTTP/1.1 200 OK[\r][\n]"
11:50:52.407 [main] DEBUG org.apache.http.wire -  << "Content-Type: application/json; charset=UTF-8[\r][\n]"
11:50:52.407 [main] DEBUG org.apache.http.wire -  << "Vary: Origin[\r][\n]"
11:50:52.407 [main] DEBUG org.apache.http.wire -  << "Date: Mon, 26 Jun 2023 04:50:52 GMT[\r][\n]"
11:50:52.407 [main] DEBUG org.apache.http.wire -  << "Content-Length: 248[\r][\n]"
11:50:52.407 [main] DEBUG org.apache.http.wire -  << "[\r][\n]"
11:50:52.407 [main] DEBUG org.apache.http.impl.conn.DefaultClientConnection - Receiving response: HTTP/1.1 200 OK
11:50:52.407 [main] DEBUG org.apache.http.headers - << HTTP/1.1 200 OK
11:50:52.407 [main] DEBUG org.apache.http.headers - << Content-Type: application/json; charset=UTF-8
11:50:52.407 [main] DEBUG org.apache.http.headers - << Vary: Origin
11:50:52.407 [main] DEBUG org.apache.http.headers - << Date: Mon, 26 Jun 2023 04:50:52 GMT
11:50:52.407 [main] DEBUG org.apache.http.headers - << Content-Length: 248
11:50:52.407 [main] DEBUG org.apache.http.impl.client.DefaultHttpClient - Connection can be kept alive indefinitely
11:50:52.407 [main] DEBUG io.restassured.internal.RestAssuredHttpBuilder - Parsing response as: application/json; charset=UTF-8
11:50:52.407 [main] DEBUG io.restassured.internal.RestAssuredHttpBuilder - Parsed data to instance of: class org.apache.http.conn.EofSensorInputStream
11:50:52.407 [main] DEBUG org.apache.http.wire -  << "{"data":{"ID":54,"CreatedAt":"2023-06-25T16:41:21.51Z","UpdatedAt":"2023-06-25T16:41:21.51Z","DeletedAt":null,"kategori_id":"1","nama":"Produk 1.1","deskripsi":"Lorem Ipsum","harga":45000,"stok":15},"message":"Update Produk success","status":true}[\n]"
11:50:52.407 [main] DEBUG org.apache.http.impl.conn.BasicClientConnectionManager - Releasing connection org.apache.http.impl.conn.ManagedClientConnectionImpl@1deca369
11:50:52.407 [main] DEBUG org.apache.http.impl.conn.BasicClientConnectionManager - Connection can be kept alive indefinitely
11:50:52.407 [main] DEBUG net.thucydides.core.steps.StepInterceptor - STEP DONE: admin sent HTTP PUT request get Product by ID
  &amp#27;[32mAnd &amp#27;[0m&amp#27;[32madmin send HTTP PUT request post Product&amp#27;[0m                               &amp#27;[90m# starter.stepdefinitions.Website.ProductSteps.adminSendHTTPPUTRequestPostProduct()&amp#27;[0m
11:50:52.408 [main] DEBUG net.thucydides.core.steps.StepInterceptor - STARTING STEP: ProductSteps.adminReceiveAValidLoginAndUpdateProductHTTPResponseCode - admin receive valid data for Product by ID
11:50:52.409 [main] DEBUG net.thucydides.core.steps.StepInterceptor - STEP DONE: admin receive valid data for Product by ID
  &amp#27;[32mThen &amp#27;[0m&amp#27;[32madmin receive a valid login and Update Product HTTP response code &amp#27;[0m&amp#27;[32m&amp#27;[1m200&amp#27;[0m &amp#27;[90m# starter.stepdefinitions.Website.ProductSteps.adminReceiveAValidLoginAndUpdateProductHTTPResponseCode(int)&amp#27;[0m
11:50:52.409 [main] INFO  - 
  _____   ___   ___   _____     ___     _     ___   ___   ___   ___  
 |_   _| | __| / __| |_   _|   | _ \   /_\   / __| / __| | __| |   \ 
   | |   | _|  \__ \   | |     |  _/  / _ \  \__ \ \__ \ | _|  | |) |
   |_|   |___| |___/   |_|     |_|   /_/ \_\ |___/ |___/ |___| |___/ 

As admin, I can update product data
----------------------------------------------------------------------
]]></system-out>
  </testcase>
  <testcase name="As admin, I can delete product data" classname="As Admin, I want to manage Product features" time="0.219">
    <system-out><![CDATA[
@deleteProduct
Scenario: As admin, I can delete product data                                &amp#27;[90m# src/test/resources/Feature/Api/Website/Product.feature:36&amp#27;[0m
11:50:52.415 [main] INFO io.cucumber.core.plugin.SerenityReporter - Running feature from file:///Users/macbookpro/Documents/Capstone_API_CI/src/test/resources/Feature/Api/Website/Product.feature
11:50:52.415 [main] WARN io.cucumber.core.plugin.SerenityReporter - Feature from file:///Users/macbookpro/Documents/Capstone_API_CI/src/test/resources/Feature/Api/Website/Product.feature is not under the 'features' directory. Requirements report will not be correctly generated!
11:50:52.415 [main] INFO  - 
  _____   ___   ___   _____     ___   _____     _     ___   _____   ___   ___  
 |_   _| | __| / __| |_   _|   / __| |_   _|   /_\   | _ \ |_   _| | __| |   \ 
   | |   | _|  \__ \   | |     \__ \   | |    / _ \  |   /   | |   | _|  | |) |
   |_|   |___| |___/   |_|     |___/   |_|   /_/ \_\ |_|_\   |_|   |___| |___/ 

As admin, I can delete product data(as-admin--i-want-to-manage-product-features;as-admin--i-can-delete-product-data)
--------------------------------------------------------------------------------
11:50:52.417 [main] DEBUG net.thucydides.core.steps.StepInterceptor - STARTING STEP: ProductSteps.adminSetUpApiAuthLogin - I have endpoint auth
11:50:52.417 [main] DEBUG net.thucydides.core.steps.StepInterceptor - STEP DONE: I have endpoint auth
  &amp#27;[32mGiven &amp#27;[0m&amp#27;[32madmin set up api auth login&amp#27;[0m                                          &amp#27;[90m# starter.stepdefinitions.Website.ProductSteps.adminSetUpApiAuthLogin()&amp#27;[0m
11:50:52.418 [main] DEBUG net.thucydides.core.steps.StepInterceptor - STARTING STEP: ProductSteps.adminSendAHTTPRequestLogin - I Send endpoint auth
11:50:52.418 [main] DEBUG net.thucydides.core.steps.StepInterceptor - STARTING STEP: Product.sendEndpointAuth - I have endpoint auth
11:50:52.418 [main] DEBUG net.thucydides.core.steps.StepInterceptor - STEP DONE: I have endpoint auth
11:50:52.420 [main] DEBUG org.apache.http.impl.conn.BasicClientConnectionManager - Get connection for route {}->http://167.172.66.247:8002
11:50:52.420 [main] DEBUG org.apache.http.impl.conn.DefaultClientConnectionOperator - Connecting to 167.172.66.247:8002
11:50:52.446 [main] DEBUG org.apache.http.client.protocol.RequestAddCookies - CookieSpec selected: ignoreCookies
11:50:52.447 [main] DEBUG org.apache.http.client.protocol.RequestAuthCache - Auth cache not set in the context
11:50:52.447 [main] DEBUG org.apache.http.client.protocol.RequestTargetAuthentication - Target auth state: UNCHALLENGED
11:50:52.447 [main] DEBUG org.apache.http.client.protocol.RequestProxyAuthentication - Proxy auth state: UNCHALLENGED
11:50:52.447 [main] DEBUG org.apache.http.impl.client.DefaultHttpClient - Attempt 1 to execute request
11:50:52.447 [main] DEBUG org.apache.http.impl.conn.DefaultClientConnection - Sending request: POST /admin_login HTTP/1.1
11:50:52.447 [main] DEBUG org.apache.http.wire -  >> "POST /admin_login HTTP/1.1[\r][\n]"
11:50:52.447 [main] DEBUG org.apache.http.wire -  >> "Accept: */*[\r][\n]"
11:50:52.447 [main] DEBUG org.apache.http.wire -  >> "Content-Type: application/json[\r][\n]"
11:50:52.447 [main] DEBUG org.apache.http.wire -  >> "Content-Length: 54[\r][\n]"
11:50:52.447 [main] DEBUG org.apache.http.wire -  >> "Host: 167.172.66.247:8002[\r][\n]"
11:50:52.447 [main] DEBUG org.apache.http.wire -  >> "Connection: Keep-Alive[\r][\n]"
11:50:52.447 [main] DEBUG org.apache.http.wire -  >> "User-Agent: Apache-HttpClient/4.5.13 (Java/17.0.7)[\r][\n]"
11:50:52.447 [main] DEBUG org.apache.http.wire -  >> "Accept-Encoding: gzip,deflate[\r][\n]"
11:50:52.447 [main] DEBUG org.apache.http.wire -  >> "[\r][\n]"
11:50:52.447 [main] DEBUG org.apache.http.headers - >> POST /admin_login HTTP/1.1
11:50:52.447 [main] DEBUG org.apache.http.headers - >> Accept: */*
11:50:52.447 [main] DEBUG org.apache.http.headers - >> Content-Type: application/json
11:50:52.447 [main] DEBUG org.apache.http.headers - >> Content-Length: 54
11:50:52.447 [main] DEBUG org.apache.http.headers - >> Host: 167.172.66.247:8002
11:50:52.447 [main] DEBUG org.apache.http.headers - >> Connection: Keep-Alive
11:50:52.447 [main] DEBUG org.apache.http.headers - >> User-Agent: Apache-HttpClient/4.5.13 (Java/17.0.7)
11:50:52.447 [main] DEBUG org.apache.http.headers - >> Accept-Encoding: gzip,deflate
11:50:52.447 [main] DEBUG org.apache.http.wire -  >> "{"password":"123456","email":"BalinkBarong@gmail.com"}"
11:50:52.516 [main] DEBUG org.apache.http.wire -  << "HTTP/1.1 200 OK[\r][\n]"
11:50:52.517 [main] DEBUG org.apache.http.wire -  << "Content-Type: application/json; charset=UTF-8[\r][\n]"
11:50:52.517 [main] DEBUG org.apache.http.wire -  << "Vary: Origin[\r][\n]"
11:50:52.517 [main] DEBUG org.apache.http.wire -  << "Date: Mon, 26 Jun 2023 04:50:52 GMT[\r][\n]"
11:50:52.517 [main] DEBUG org.apache.http.wire -  << "Content-Length: 851[\r][\n]"
11:50:52.517 [main] DEBUG org.apache.http.wire -  << "[\r][\n]"
11:50:52.517 [main] DEBUG org.apache.http.impl.conn.DefaultClientConnection - Receiving response: HTTP/1.1 200 OK
11:50:52.517 [main] DEBUG org.apache.http.headers - << HTTP/1.1 200 OK
11:50:52.517 [main] DEBUG org.apache.http.headers - << Content-Type: application/json; charset=UTF-8
11:50:52.517 [main] DEBUG org.apache.http.headers - << Vary: Origin
11:50:52.517 [main] DEBUG org.apache.http.headers - << Date: Mon, 26 Jun 2023 04:50:52 GMT
11:50:52.517 [main] DEBUG org.apache.http.headers - << Content-Length: 851
11:50:52.517 [main] DEBUG org.apache.http.impl.client.DefaultHttpClient - Connection can be kept alive indefinitely
11:50:52.517 [main] DEBUG io.restassured.internal.RestAssuredHttpBuilder - Parsing response as: application/json; charset=UTF-8
11:50:52.517 [main] DEBUG io.restassured.internal.RestAssuredHttpBuilder - Parsed data to instance of: class org.apache.http.conn.EofSensorInputStream
11:50:52.517 [main] DEBUG org.apache.http.wire -  << "{"data":{"profile_perusahaan":{"ID":1,"CreatedAt":"0001-01-01T00:00:00Z","UpdatedAt":"2023-06-25T16:52:02.995Z","DeletedAt":null,"nama":"Sean 1","deskripsi":"lorem ipsum","foto_profile":"123","email":"BalinkBarong@gmail.com","password":"123456","no_telepon":"0811111111111","whatsapp":"0811111111111","instagram":"@balink","facebook":"balink","alamat":"Kecamatan Kuta, Sebelah Selata Kota Denpasar, Bali","negara":"Indonesia","kode_pos":"16442","rekening_bca":"0","rekening_mandiri":"12345678910","rekening_bri":"12345678910","rekening_bni":"12345678910","rekening_btn":"12345678910","rekening_seabank":"0","rekening_bpd_bali":"12345678910"},"token":"eyJhbGciOiJIUzI1NiIsInR5cCI6IkpXVCJ9.eyJleHAiOjE2ODc3NzMwNTIsImlkIjoxLCJpc3MiOiJxd2VydHkiLCJuYW1lIjoiU2VhbiAxIn0.pES8zUPBTHLHiHs0HkQf7rbk7sp8ybuDaKYgadoufqY"},"message":"Login success","status":true}[\n]"
11:50:52.517 [main] DEBUG org.apache.http.impl.conn.BasicClientConnectionManager - Releasing connection org.apache.http.impl.conn.ManagedClientConnectionImpl@3fecdd00
11:50:52.517 [main] DEBUG org.apache.http.impl.conn.BasicClientConnectionManager - Connection can be kept alive indefinitely
11:50:52.520 [main] DEBUG net.thucydides.core.steps.StepInterceptor - STEP DONE: I Send endpoint auth
  &amp#27;[32mWhen &amp#27;[0m&amp#27;[32madmin send a HTTP Request login&amp#27;[0m                                       &amp#27;[90m# starter.stepdefinitions.Website.ProductSteps.adminSendAHTTPRequestLogin()&amp#27;[0m
11:50:52.521 [main] DEBUG net.thucydides.core.steps.StepInterceptor - STARTING STEP: ProductSteps.adminSetTheDELApiEndpointProduct - I set Delete api endpoints delete product
11:50:52.521 [main] DEBUG net.thucydides.core.steps.StepInterceptor - STEP DONE: I set Delete api endpoints delete product
  &amp#27;[32mAnd &amp#27;[0m&amp#27;[32madmin set the DEL api endpoint Product&amp#27;[0m                                 &amp#27;[90m# starter.stepdefinitions.Website.ProductSteps.adminSetTheDELApiEndpointProduct()&amp#27;[0m
11:50:52.521 [main] DEBUG net.thucydides.core.steps.StepInterceptor - STARTING STEP: ProductSteps.adminSendHTTPDELRequestDeleteProduct - I send Delete HTTP request Delete Product
11:50:52.522 [main] DEBUG net.thucydides.core.steps.StepInterceptor - STARTING STEP: Product.sendDeleteHttpRequestGetProduct - I set Delete api endpoints delete product
11:50:52.522 [main] DEBUG net.thucydides.core.steps.StepInterceptor - STEP DONE: I set Delete api endpoints delete product
11:50:52.523 [main] DEBUG org.apache.http.impl.conn.BasicClientConnectionManager - Get connection for route {}->http://167.172.66.247:8002
11:50:52.523 [main] DEBUG org.apache.http.impl.conn.DefaultClientConnectionOperator - Connecting to 167.172.66.247:8002
11:50:52.557 [main] DEBUG org.apache.http.client.protocol.RequestAddCookies - CookieSpec selected: ignoreCookies
11:50:52.557 [main] DEBUG org.apache.http.client.protocol.RequestAuthCache - Auth cache not set in the context
11:50:52.557 [main] DEBUG org.apache.http.client.protocol.RequestProxyAuthentication - Proxy auth state: UNCHALLENGED
11:50:52.557 [main] DEBUG org.apache.http.impl.client.DefaultHttpClient - Attempt 1 to execute request
11:50:52.557 [main] DEBUG org.apache.http.impl.conn.DefaultClientConnection - Sending request: DELETE /produk/54 HTTP/1.1
11:50:52.557 [main] DEBUG org.apache.http.wire -  >> "DELETE /produk/54 HTTP/1.1[\r][\n]"
11:50:52.557 [main] DEBUG org.apache.http.wire -  >> "Authorization: Bearer eyJhbGciOiJIUzI1NiIsInR5cCI6IkpXVCJ9.eyJleHAiOjE2ODc3NzMwNTIsImlkIjoxLCJpc3MiOiJxd2VydHkiLCJuYW1lIjoiU2VhbiAxIn0.pES8zUPBTHLHiHs0HkQf7rbk7sp8ybuDaKYgadoufqY[\r][\n]"
11:50:52.557 [main] DEBUG org.apache.http.wire -  >> "Accept: */*[\r][\n]"
11:50:52.557 [main] DEBUG org.apache.http.wire -  >> "Host: 167.172.66.247:8002[\r][\n]"
11:50:52.557 [main] DEBUG org.apache.http.wire -  >> "Connection: Keep-Alive[\r][\n]"
11:50:52.557 [main] DEBUG org.apache.http.wire -  >> "User-Agent: Apache-HttpClient/4.5.13 (Java/17.0.7)[\r][\n]"
11:50:52.557 [main] DEBUG org.apache.http.wire -  >> "Accept-Encoding: gzip,deflate[\r][\n]"
11:50:52.557 [main] DEBUG org.apache.http.wire -  >> "[\r][\n]"
11:50:52.557 [main] DEBUG org.apache.http.headers - >> DELETE /produk/54 HTTP/1.1
11:50:52.557 [main] DEBUG org.apache.http.headers - >> Authorization: Bearer eyJhbGciOiJIUzI1NiIsInR5cCI6IkpXVCJ9.eyJleHAiOjE2ODc3NzMwNTIsImlkIjoxLCJpc3MiOiJxd2VydHkiLCJuYW1lIjoiU2VhbiAxIn0.pES8zUPBTHLHiHs0HkQf7rbk7sp8ybuDaKYgadoufqY
11:50:52.557 [main] DEBUG org.apache.http.headers - >> Accept: */*
11:50:52.557 [main] DEBUG org.apache.http.headers - >> Host: 167.172.66.247:8002
11:50:52.557 [main] DEBUG org.apache.http.headers - >> Connection: Keep-Alive
11:50:52.557 [main] DEBUG org.apache.http.headers - >> User-Agent: Apache-HttpClient/4.5.13 (Java/17.0.7)
11:50:52.557 [main] DEBUG org.apache.http.headers - >> Accept-Encoding: gzip,deflate
11:50:52.627 [main] DEBUG org.apache.http.wire -  << "HTTP/1.1 200 OK[\r][\n]"
11:50:52.627 [main] DEBUG org.apache.http.wire -  << "Content-Type: application/json; charset=UTF-8[\r][\n]"
11:50:52.627 [main] DEBUG org.apache.http.wire -  << "Vary: Origin[\r][\n]"
11:50:52.627 [main] DEBUG org.apache.http.wire -  << "Date: Mon, 26 Jun 2023 04:50:52 GMT[\r][\n]"
11:50:52.627 [main] DEBUG org.apache.http.wire -  << "Content-Length: 62[\r][\n]"
11:50:52.627 [main] DEBUG org.apache.http.wire -  << "[\r][\n]"
11:50:52.627 [main] DEBUG org.apache.http.impl.conn.DefaultClientConnection - Receiving response: HTTP/1.1 200 OK
11:50:52.627 [main] DEBUG org.apache.http.headers - << HTTP/1.1 200 OK
11:50:52.627 [main] DEBUG org.apache.http.headers - << Content-Type: application/json; charset=UTF-8
11:50:52.627 [main] DEBUG org.apache.http.headers - << Vary: Origin
11:50:52.627 [main] DEBUG org.apache.http.headers - << Date: Mon, 26 Jun 2023 04:50:52 GMT
11:50:52.627 [main] DEBUG org.apache.http.headers - << Content-Length: 62
11:50:52.627 [main] DEBUG org.apache.http.impl.client.DefaultHttpClient - Connection can be kept alive indefinitely
11:50:52.627 [main] DEBUG io.restassured.internal.RestAssuredHttpBuilder - Parsing response as: application/json; charset=UTF-8
11:50:52.627 [main] DEBUG io.restassured.internal.RestAssuredHttpBuilder - Parsed data to instance of: class org.apache.http.conn.EofSensorInputStream
11:50:52.627 [main] DEBUG org.apache.http.wire -  << "{"data":null,"message":"Delete Produk success","status":true}[\n]"
11:50:52.627 [main] DEBUG org.apache.http.impl.conn.BasicClientConnectionManager - Releasing connection org.apache.http.impl.conn.ManagedClientConnectionImpl@216de23a
11:50:52.627 [main] DEBUG org.apache.http.impl.conn.BasicClientConnectionManager - Connection can be kept alive indefinitely
11:50:52.628 [main] DEBUG net.thucydides.core.steps.StepInterceptor - STEP DONE: I send Delete HTTP request Delete Product
  &amp#27;[32mAnd &amp#27;[0m&amp#27;[32madmin send HTTP DEL request delete Product&amp#27;[0m                             &amp#27;[90m# starter.stepdefinitions.Website.ProductSteps.adminSendHTTPDELRequestDeleteProduct()&amp#27;[0m
11:50:52.628 [main] DEBUG net.thucydides.core.steps.StepInterceptor - STARTING STEP: ProductSteps.adminReceiveAValidLoginAndDeleteProductHTTPResponseCode - I receive valid HTTP response code Delete product 200
11:50:52.629 [main] DEBUG net.thucydides.core.steps.StepInterceptor - STEP DONE: I receive valid HTTP response code Delete product 200
  &amp#27;[32mThen &amp#27;[0m&amp#27;[32madmin receive a valid login and delete Product HTTP response code &amp#27;[0m&amp#27;[32m&amp#27;[1m200&amp#27;[0m &amp#27;[90m# starter.stepdefinitions.Website.ProductSteps.adminReceiveAValidLoginAndDeleteProductHTTPResponseCode(int)&amp#27;[0m
11:50:52.629 [main] INFO  - 
  _____   ___   ___   _____     ___     _     ___   ___   ___   ___  
 |_   _| | __| / __| |_   _|   | _ \   /_\   / __| / __| | __| |   \ 
   | |   | _|  \__ \   | |     |  _/  / _ \  \__ \ \__ \ | _|  | |) |
   |_|   |___| |___/   |_|     |_|   /_/ \_\ |___/ |___/ |___| |___/ 

As admin, I can delete product data
----------------------------------------------------------------------
]]></system-out>
  </testcase>
  <testcase name="As admin, ensures that get admin data" classname="As Admin, I want to manage the event feature #3" time="0.373">
    <system-out><![CDATA[11:50:52.629 [main] INFO io.cucumber.core.plugin.SerenityReporter - Running feature from file:///Users/macbookpro/Documents/Capstone_API_CI/src/test/resources/Feature/Api/Website/Profile.feature
11:50:52.629 [main] WARN io.cucumber.core.plugin.SerenityReporter - Feature from file:///Users/macbookpro/Documents/Capstone_API_CI/src/test/resources/Feature/Api/Website/Profile.feature is not under the 'features' directory. Requirements report will not be correctly generated!
11:50:52.630 [main] DEBUG net.thucydides.core.steps.StepEventBus - Test suite started for story net.thucydides.core.model.Story@bcc3d898
11:50:52.630 [main] INFO  - Test Suite Started: As Admin, I want to manage the event feature

@TCPROFILE01
Scenario: As admin, ensures that get admin data                             &amp#27;[90m# src/test/resources/Feature/Api/Website/Profile.feature:4&amp#27;[0m
11:50:52.634 [main] INFO io.cucumber.core.plugin.SerenityReporter - Running feature from file:///Users/macbookpro/Documents/Capstone_API_CI/src/test/resources/Feature/Api/Website/Profile.feature
11:50:52.634 [main] WARN io.cucumber.core.plugin.SerenityReporter - Feature from file:///Users/macbookpro/Documents/Capstone_API_CI/src/test/resources/Feature/Api/Website/Profile.feature is not under the 'features' directory. Requirements report will not be correctly generated!
11:50:52.635 [main] INFO  - 
  _____   ___   ___   _____     ___   _____     _     ___   _____   ___   ___  
 |_   _| | __| / __| |_   _|   / __| |_   _|   /_\   | _ \ |_   _| | __| |   \ 
   | |   | _|  \__ \   | |     \__ \   | |    / _ \  |   /   | |   | _|  | |) |
   |_|   |___| |___/   |_|     |___/   |_|   /_/ \_\ |_|_\   |_|   |___| |___/ 

As admin, ensures that get admin data(as-admin--i-want-to-manage-the-event-feature;as-admin--ensures-that-get-admin-data)
--------------------------------------------------------------------------------
11:50:52.640 [main] DEBUG net.thucydides.core.steps.StepInterceptor - STARTING STEP: ProfileSteps.adminSetUpApiEndpointLoginInProfileAdmin - admin set up api endpoint login in profile admin
11:50:52.640 [main] DEBUG net.thucydides.core.steps.StepInterceptor - STEP DONE: admin set up api endpoint login in profile admin
  &amp#27;[32mGiven &amp#27;[0m&amp#27;[32madmin set up api endpoint login in profile admin&amp#27;[0m                    &amp#27;[90m# starter.stepdefinitions.Website.ProfileSteps.adminSetUpApiEndpointLoginInProfileAdmin()&amp#27;[0m
11:50:52.640 [main] DEBUG net.thucydides.core.steps.StepInterceptor - STARTING STEP: ProfileSteps.adminSendAHTTPRequestLoginInProfileAdmin - admin send a HTTP request login in profile admin
11:50:52.641 [main] DEBUG net.thucydides.core.steps.StepInterceptor - STARTING STEP: profile.adminSendAHTTPRequestLoginInProfileAdmin - admin set up api endpoint login in profile admin
11:50:52.641 [main] DEBUG net.thucydides.core.steps.StepInterceptor - STEP DONE: admin set up api endpoint login in profile admin
11:50:52.642 [main] DEBUG org.apache.http.impl.conn.BasicClientConnectionManager - Get connection for route {}->http://167.172.66.247:8002
11:50:52.642 [main] DEBUG org.apache.http.impl.conn.DefaultClientConnectionOperator - Connecting to 167.172.66.247:8002
11:50:52.676 [main] DEBUG org.apache.http.client.protocol.RequestAddCookies - CookieSpec selected: ignoreCookies
11:50:52.676 [main] DEBUG org.apache.http.client.protocol.RequestAuthCache - Auth cache not set in the context
11:50:52.676 [main] DEBUG org.apache.http.client.protocol.RequestTargetAuthentication - Target auth state: UNCHALLENGED
11:50:52.676 [main] DEBUG org.apache.http.client.protocol.RequestProxyAuthentication - Proxy auth state: UNCHALLENGED
11:50:52.676 [main] DEBUG org.apache.http.impl.client.DefaultHttpClient - Attempt 1 to execute request
11:50:52.676 [main] DEBUG org.apache.http.impl.conn.DefaultClientConnection - Sending request: POST /admin_login HTTP/1.1
11:50:52.677 [main] DEBUG org.apache.http.wire -  >> "POST /admin_login HTTP/1.1[\r][\n]"
11:50:52.677 [main] DEBUG org.apache.http.wire -  >> "Accept: */*[\r][\n]"
11:50:52.677 [main] DEBUG org.apache.http.wire -  >> "Content-Type: application/json[\r][\n]"
11:50:52.677 [main] DEBUG org.apache.http.wire -  >> "Content-Length: 54[\r][\n]"
11:50:52.677 [main] DEBUG org.apache.http.wire -  >> "Host: 167.172.66.247:8002[\r][\n]"
11:50:52.677 [main] DEBUG org.apache.http.wire -  >> "Connection: Keep-Alive[\r][\n]"
11:50:52.677 [main] DEBUG org.apache.http.wire -  >> "User-Agent: Apache-HttpClient/4.5.13 (Java/17.0.7)[\r][\n]"
11:50:52.677 [main] DEBUG org.apache.http.wire -  >> "Accept-Encoding: gzip,deflate[\r][\n]"
11:50:52.677 [main] DEBUG org.apache.http.wire -  >> "[\r][\n]"
11:50:52.677 [main] DEBUG org.apache.http.headers - >> POST /admin_login HTTP/1.1
11:50:52.677 [main] DEBUG org.apache.http.headers - >> Accept: */*
11:50:52.677 [main] DEBUG org.apache.http.headers - >> Content-Type: application/json
11:50:52.677 [main] DEBUG org.apache.http.headers - >> Content-Length: 54
11:50:52.677 [main] DEBUG org.apache.http.headers - >> Host: 167.172.66.247:8002
11:50:52.677 [main] DEBUG org.apache.http.headers - >> Connection: Keep-Alive
11:50:52.677 [main] DEBUG org.apache.http.headers - >> User-Agent: Apache-HttpClient/4.5.13 (Java/17.0.7)
11:50:52.677 [main] DEBUG org.apache.http.headers - >> Accept-Encoding: gzip,deflate
11:50:52.677 [main] DEBUG org.apache.http.wire -  >> "{"password":"123456","email":"BalinkBarong@gmail.com"}"
11:50:52.736 [main] DEBUG org.apache.http.wire -  << "HTTP/1.1 200 OK[\r][\n]"
11:50:52.736 [main] DEBUG org.apache.http.wire -  << "Content-Type: application/json; charset=UTF-8[\r][\n]"
11:50:52.736 [main] DEBUG org.apache.http.wire -  << "Vary: Origin[\r][\n]"
11:50:52.736 [main] DEBUG org.apache.http.wire -  << "Date: Mon, 26 Jun 2023 04:50:52 GMT[\r][\n]"
11:50:52.736 [main] DEBUG org.apache.http.wire -  << "Content-Length: 851[\r][\n]"
11:50:52.736 [main] DEBUG org.apache.http.wire -  << "[\r][\n]"
11:50:52.737 [main] DEBUG org.apache.http.impl.conn.DefaultClientConnection - Receiving response: HTTP/1.1 200 OK
11:50:52.737 [main] DEBUG org.apache.http.headers - << HTTP/1.1 200 OK
11:50:52.737 [main] DEBUG org.apache.http.headers - << Content-Type: application/json; charset=UTF-8
11:50:52.737 [main] DEBUG org.apache.http.headers - << Vary: Origin
11:50:52.737 [main] DEBUG org.apache.http.headers - << Date: Mon, 26 Jun 2023 04:50:52 GMT
11:50:52.737 [main] DEBUG org.apache.http.headers - << Content-Length: 851
11:50:52.737 [main] DEBUG org.apache.http.impl.client.DefaultHttpClient - Connection can be kept alive indefinitely
11:50:52.737 [main] DEBUG io.restassured.internal.RestAssuredHttpBuilder - Parsing response as: application/json; charset=UTF-8
11:50:52.737 [main] DEBUG io.restassured.internal.RestAssuredHttpBuilder - Parsed data to instance of: class org.apache.http.conn.EofSensorInputStream
11:50:52.737 [main] DEBUG org.apache.http.wire -  << "{"data":{"profile_perusahaan":{"ID":1,"CreatedAt":"0001-01-01T00:00:00Z","UpdatedAt":"2023-06-25T16:52:02.995Z","DeletedAt":null,"nama":"Sean 1","deskripsi":"lorem ipsum","foto_profile":"123","email":"BalinkBarong@gmail.com","password":"123456","no_telepon":"0811111111111","whatsapp":"0811111111111","instagram":"@balink","facebook":"balink","alamat":"Kecamatan Kuta, Sebelah Selata Kota Denpasar, Bali","negara":"Indonesia","kode_pos":"16442","rekening_bca":"0","rekening_mandiri":"12345678910","rekening_bri":"12345678910","rekening_bni":"12345678910","rekening_btn":"12345678910","rekening_seabank":"0","rekening_bpd_bali":"12345678910"},"token":"eyJhbGciOiJIUzI1NiIsInR5cCI6IkpXVCJ9.eyJleHAiOjE2ODc3NzMwNTIsImlkIjoxLCJpc3MiOiJxd2VydHkiLCJuYW1lIjoiU2VhbiAxIn0.pES8zUPBTHLHiHs0HkQf7rbk7sp8ybuDaKYgadoufqY"},"message":"Login success","status":true}[\n]"
11:50:52.737 [main] DEBUG org.apache.http.impl.conn.BasicClientConnectionManager - Releasing connection org.apache.http.impl.conn.ManagedClientConnectionImpl@1c10eb3a
11:50:52.737 [main] DEBUG org.apache.http.impl.conn.BasicClientConnectionManager - Connection can be kept alive indefinitely
11:50:52.742 [main] DEBUG net.thucydides.core.steps.StepInterceptor - STEP DONE: admin send a HTTP request login in profile admin
  &amp#27;[32mWhen &amp#27;[0m&amp#27;[32madmin send a HTTP request login in profile admin&amp#27;[0m                     &amp#27;[90m# starter.stepdefinitions.Website.ProfileSteps.adminSendAHTTPRequestLoginInProfileAdmin()&amp#27;[0m
11:50:52.743 [main] DEBUG net.thucydides.core.steps.StepInterceptor - STARTING STEP: ProfileSteps.adminSetTheGETApiEndpointProfileAdmin - admin set the GET api endpoint profile admin
11:50:52.743 [main] DEBUG net.thucydides.core.steps.StepInterceptor - STEP DONE: admin set the GET api endpoint profile admin
  &amp#27;[32mAnd &amp#27;[0m&amp#27;[32madmin set the GET api endpoint profile admin&amp#27;[0m                          &amp#27;[90m# starter.stepdefinitions.Website.ProfileSteps.adminSetTheGETApiEndpointProfileAdmin()&amp#27;[0m
11:50:52.746 [main] DEBUG net.thucydides.core.steps.StepInterceptor - STARTING STEP: ProfileSteps.adminSentHTTPGETRequestPostProfileAdmin - admin sent HTTP GET request post profile admin
11:50:52.746 [Finalizer] DEBUG org.apache.http.impl.conn.DefaultClientConnection - Connection 0.0.0.0:59814<->167.172.66.247:8002 closed
11:50:52.746 [Finalizer] DEBUG org.apache.http.impl.conn.DefaultClientConnection - Connection 0.0.0.0:59813<->167.172.66.247:8002 closed
11:50:52.746 [Finalizer] DEBUG org.apache.http.impl.conn.DefaultClientConnection - Connection 0.0.0.0:59812<->167.172.66.247:8002 closed
11:50:52.746 [Finalizer] DEBUG org.apache.http.impl.conn.DefaultClientConnection - Connection 0.0.0.0:59811<->167.172.66.247:8002 closed
11:50:52.746 [Finalizer] DEBUG org.apache.http.impl.conn.DefaultClientConnection - Connection 0.0.0.0:59810<->167.172.66.247:8002 closed
11:50:52.746 [Finalizer] DEBUG org.apache.http.impl.conn.DefaultClientConnection - Connection 0.0.0.0:59809<->167.172.66.247:8002 closed
11:50:52.746 [Finalizer] DEBUG org.apache.http.impl.conn.DefaultClientConnection - Connection 0.0.0.0:59808<->167.172.66.247:8002 closed
11:50:52.746 [Finalizer] DEBUG org.apache.http.impl.conn.DefaultClientConnection - Connection 0.0.0.0:59819<->167.172.66.247:8002 closed
11:50:52.746 [Finalizer] DEBUG org.apache.http.impl.conn.DefaultClientConnection - Connection 0.0.0.0:59818<->167.172.66.247:8002 closed
11:50:52.746 [Finalizer] DEBUG org.apache.http.impl.conn.DefaultClientConnection - Connection 0.0.0.0:59817<->167.172.66.247:8002 closed
11:50:52.746 [Finalizer] DEBUG org.apache.http.impl.conn.DefaultClientConnection - Connection 0.0.0.0:59816<->167.172.66.247:8002 closed
11:50:52.746 [Finalizer] DEBUG org.apache.http.impl.conn.DefaultClientConnection - Connection 0.0.0.0:59815<->167.172.66.247:8002 closed
11:50:52.746 [main] DEBUG net.thucydides.core.steps.StepInterceptor - STARTING STEP: profile.adminSentHTTPGETRequestPostProfileAdmin - admin set the GET api endpoint profile admin
11:50:52.746 [main] DEBUG net.thucydides.core.steps.StepInterceptor - STEP DONE: admin set the GET api endpoint profile admin
11:50:52.747 [main] DEBUG org.apache.http.impl.conn.BasicClientConnectionManager - Get connection for route {}->http://167.172.66.247:8002
11:50:52.747 [main] DEBUG org.apache.http.impl.conn.DefaultClientConnectionOperator - Connecting to 167.172.66.247:8002
11:50:52.787 [main] DEBUG org.apache.http.client.protocol.RequestAddCookies - CookieSpec selected: ignoreCookies
11:50:52.787 [main] DEBUG org.apache.http.client.protocol.RequestAuthCache - Auth cache not set in the context
11:50:52.787 [main] DEBUG org.apache.http.client.protocol.RequestTargetAuthentication - Target auth state: UNCHALLENGED
11:50:52.787 [main] DEBUG org.apache.http.client.protocol.RequestProxyAuthentication - Proxy auth state: UNCHALLENGED
11:50:52.787 [main] DEBUG org.apache.http.impl.client.DefaultHttpClient - Attempt 1 to execute request
11:50:52.787 [main] DEBUG org.apache.http.impl.conn.DefaultClientConnection - Sending request: GET /event?page=1&limit=5&order=desc HTTP/1.1
11:50:52.787 [main] DEBUG org.apache.http.wire -  >> "GET /event?page=1&limit=5&order=desc HTTP/1.1[\r][\n]"
11:50:52.787 [main] DEBUG org.apache.http.wire -  >> "Accept: */*[\r][\n]"
11:50:52.787 [main] DEBUG org.apache.http.wire -  >> "Host: 167.172.66.247:8002[\r][\n]"
11:50:52.787 [main] DEBUG org.apache.http.wire -  >> "Connection: Keep-Alive[\r][\n]"
11:50:52.787 [main] DEBUG org.apache.http.wire -  >> "User-Agent: Apache-HttpClient/4.5.13 (Java/17.0.7)[\r][\n]"
11:50:52.787 [main] DEBUG org.apache.http.wire -  >> "Accept-Encoding: gzip,deflate[\r][\n]"
11:50:52.787 [main] DEBUG org.apache.http.wire -  >> "[\r][\n]"
11:50:52.787 [main] DEBUG org.apache.http.headers - >> GET /event?page=1&limit=5&order=desc HTTP/1.1
11:50:52.787 [main] DEBUG org.apache.http.headers - >> Accept: */*
11:50:52.787 [main] DEBUG org.apache.http.headers - >> Host: 167.172.66.247:8002
11:50:52.787 [main] DEBUG org.apache.http.headers - >> Connection: Keep-Alive
11:50:52.787 [main] DEBUG org.apache.http.headers - >> User-Agent: Apache-HttpClient/4.5.13 (Java/17.0.7)
11:50:52.787 [main] DEBUG org.apache.http.headers - >> Accept-Encoding: gzip,deflate
11:50:52.847 [main] DEBUG org.apache.http.wire -  << "HTTP/1.1 400 Bad Request[\r][\n]"
11:50:52.847 [main] DEBUG org.apache.http.wire -  << "Content-Type: application/json; charset=UTF-8[\r][\n]"
11:50:52.847 [main] DEBUG org.apache.http.wire -  << "Vary: Origin[\r][\n]"
11:50:52.847 [main] DEBUG org.apache.http.wire -  << "Date: Mon, 26 Jun 2023 04:50:53 GMT[\r][\n]"
11:50:52.847 [main] DEBUG org.apache.http.wire -  << "Content-Length: 39[\r][\n]"
11:50:52.847 [main] DEBUG org.apache.http.wire -  << "[\r][\n]"
11:50:52.847 [main] DEBUG org.apache.http.impl.conn.DefaultClientConnection - Receiving response: HTTP/1.1 400 Bad Request
11:50:52.847 [main] DEBUG org.apache.http.headers - << HTTP/1.1 400 Bad Request
11:50:52.847 [main] DEBUG org.apache.http.headers - << Content-Type: application/json; charset=UTF-8
11:50:52.847 [main] DEBUG org.apache.http.headers - << Vary: Origin
11:50:52.847 [main] DEBUG org.apache.http.headers - << Date: Mon, 26 Jun 2023 04:50:53 GMT
11:50:52.847 [main] DEBUG org.apache.http.headers - << Content-Length: 39
11:50:52.847 [main] DEBUG org.apache.http.impl.client.DefaultHttpClient - Connection can be kept alive indefinitely
11:50:52.847 [main] DEBUG io.restassured.internal.RestAssuredHttpBuilder - Parsing response as: application/json; charset=UTF-8
11:50:52.847 [main] DEBUG io.restassured.internal.RestAssuredHttpBuilder - Parsed data to instance of: class org.apache.http.conn.EofSensorInputStream
11:50:52.847 [main] DEBUG org.apache.http.wire -  << "{"message":"missing or malformed jwt"}[\n]"
11:50:52.847 [main] DEBUG org.apache.http.impl.conn.BasicClientConnectionManager - Releasing connection org.apache.http.impl.conn.ManagedClientConnectionImpl@19370af1
11:50:52.847 [main] DEBUG org.apache.http.impl.conn.BasicClientConnectionManager - Connection can be kept alive indefinitely
11:50:52.847 [main] DEBUG net.thucydides.core.steps.StepInterceptor - STEP DONE: admin sent HTTP GET request post profile admin
  &amp#27;[32mAnd &amp#27;[0m&amp#27;[32madmin sent HTTP GET request post profile admin&amp#27;[0m                        &amp#27;[90m# starter.stepdefinitions.Website.ProfileSteps.adminSentHTTPGETRequestPostProfileAdmin()&amp#27;[0m
11:50:52.848 [main] DEBUG net.thucydides.core.steps.StepInterceptor - STARTING STEP: ProfileSteps.adminReceiveAValidLoginAndProfileAdminHTTPResponseCode200 - admin receive a valid login and profile admin HTTP response code 200
11:50:52.848 [main] DEBUG net.thucydides.core.steps.StepInterceptor - STARTING STEP: profile.adminReceiveAValidLoginAndProfileAdminHTTPResponseCode200 - admin set the GET api endpoint profile admin
11:50:52.848 [main] DEBUG net.thucydides.core.steps.StepInterceptor - STEP DONE: admin set the GET api endpoint profile admin
11:50:52.850 [main] DEBUG org.apache.http.impl.conn.BasicClientConnectionManager - Get connection for route {}->http://167.172.66.247:8002
11:50:52.850 [main] DEBUG org.apache.http.impl.conn.DefaultClientConnectionOperator - Connecting to 167.172.66.247:8002
11:50:52.897 [main] DEBUG org.apache.http.client.protocol.RequestAddCookies - CookieSpec selected: ignoreCookies
11:50:52.897 [main] DEBUG org.apache.http.client.protocol.RequestAuthCache - Auth cache not set in the context
11:50:52.897 [main] DEBUG org.apache.http.client.protocol.RequestProxyAuthentication - Proxy auth state: UNCHALLENGED
11:50:52.897 [main] DEBUG org.apache.http.impl.client.DefaultHttpClient - Attempt 1 to execute request
11:50:52.897 [main] DEBUG org.apache.http.impl.conn.DefaultClientConnection - Sending request: GET /event?page=1&limit=5&order=desc HTTP/1.1
11:50:52.897 [main] DEBUG org.apache.http.wire -  >> "GET /event?page=1&limit=5&order=desc HTTP/1.1[\r][\n]"
11:50:52.897 [main] DEBUG org.apache.http.wire -  >> "Authorization: Bearer eyJhbGciOiJIUzI1NiIsInR5cCI6IkpXVCJ9.eyJleHAiOjE2ODc3NzMwNTIsImlkIjoxLCJpc3MiOiJxd2VydHkiLCJuYW1lIjoiU2VhbiAxIn0.pES8zUPBTHLHiHs0HkQf7rbk7sp8ybuDaKYgadoufqY[\r][\n]"
11:50:52.897 [main] DEBUG org.apache.http.wire -  >> "Accept: */*[\r][\n]"
11:50:52.897 [main] DEBUG org.apache.http.wire -  >> "Host: 167.172.66.247:8002[\r][\n]"
11:50:52.897 [main] DEBUG org.apache.http.wire -  >> "Connection: Keep-Alive[\r][\n]"
11:50:52.897 [main] DEBUG org.apache.http.wire -  >> "User-Agent: Apache-HttpClient/4.5.13 (Java/17.0.7)[\r][\n]"
11:50:52.897 [main] DEBUG org.apache.http.wire -  >> "Accept-Encoding: gzip,deflate[\r][\n]"
11:50:52.897 [main] DEBUG org.apache.http.wire -  >> "[\r][\n]"
11:50:52.897 [main] DEBUG org.apache.http.headers - >> GET /event?page=1&limit=5&order=desc HTTP/1.1
11:50:52.897 [main] DEBUG org.apache.http.headers - >> Authorization: Bearer eyJhbGciOiJIUzI1NiIsInR5cCI6IkpXVCJ9.eyJleHAiOjE2ODc3NzMwNTIsImlkIjoxLCJpc3MiOiJxd2VydHkiLCJuYW1lIjoiU2VhbiAxIn0.pES8zUPBTHLHiHs0HkQf7rbk7sp8ybuDaKYgadoufqY
11:50:52.897 [main] DEBUG org.apache.http.headers - >> Accept: */*
11:50:52.897 [main] DEBUG org.apache.http.headers - >> Host: 167.172.66.247:8002
11:50:52.897 [main] DEBUG org.apache.http.headers - >> Connection: Keep-Alive
11:50:52.897 [main] DEBUG org.apache.http.headers - >> User-Agent: Apache-HttpClient/4.5.13 (Java/17.0.7)
11:50:52.897 [main] DEBUG org.apache.http.headers - >> Accept-Encoding: gzip,deflate
11:50:52.964 [main] DEBUG org.apache.http.wire -  << "HTTP/1.1 200 OK[\r][\n]"
11:50:52.964 [main] DEBUG org.apache.http.wire -  << "Content-Type: application/json; charset=UTF-8[\r][\n]"
11:50:52.964 [main] DEBUG org.apache.http.wire -  << "Vary: Origin[\r][\n]"
11:50:52.964 [main] DEBUG org.apache.http.wire -  << "Date: Mon, 26 Jun 2023 04:50:53 GMT[\r][\n]"
11:50:52.964 [main] DEBUG org.apache.http.wire -  << "Transfer-Encoding: chunked[\r][\n]"
11:50:52.964 [main] DEBUG org.apache.http.wire -  << "[\r][\n]"
11:50:52.964 [main] DEBUG org.apache.http.impl.conn.DefaultClientConnection - Receiving response: HTTP/1.1 200 OK
11:50:52.964 [main] DEBUG org.apache.http.headers - << HTTP/1.1 200 OK
11:50:52.964 [main] DEBUG org.apache.http.headers - << Content-Type: application/json; charset=UTF-8
11:50:52.964 [main] DEBUG org.apache.http.headers - << Vary: Origin
11:50:52.964 [main] DEBUG org.apache.http.headers - << Date: Mon, 26 Jun 2023 04:50:53 GMT
11:50:52.964 [main] DEBUG org.apache.http.headers - << Transfer-Encoding: chunked
11:50:52.964 [main] DEBUG org.apache.http.impl.client.DefaultHttpClient - Connection can be kept alive indefinitely
11:50:52.964 [main] DEBUG io.restassured.internal.RestAssuredHttpBuilder - Parsing response as: application/json; charset=UTF-8
11:50:52.964 [main] DEBUG io.restassured.internal.RestAssuredHttpBuilder - Parsed data to instance of: class org.apache.http.conn.EofSensorInputStream
11:50:52.965 [main] DEBUG org.apache.http.wire -  << "13f3[\r][\n]"
11:50:52.965 [main] DEBUG org.apache.http.wire -  << "{"data":{"data":[{"ID":96,"CreatedAt":"2023-06-25T12:43:02.762Z","UpdatedAt":"2023-06-25T13:59:58.989Z","DeletedAt":null,"artikel_id":"94","gambar":"C:\\fakepath\\wisata.png","nama":"Wayang Kulit","deskripsi":"Seni rupa sekaligus pertunjukan terakhir yang harus diikuti adalah pertunjukan wayang kulit. Dengan tokoh yang hampir sama dengan tokoh pewayangan di daerah luar Bali, cerita yang dibawakan oleh dalang sangat beragam. Mulai dari cerita sakral umat Hindu Bali yang hanya dilangsungkan saat upacara keagamaan tertentu saja. Hingga cerita berupa celotehan lucu dan nilai kehidupan ringan yang ditampilkan saat pesta rakyat menjadi daya tarik tersendiri. Seperti halnya yang biasa ditampilkan dalam Pesta Kesenian Bali setiap tahunnya.","harga_tiket":50000,"stok_tiket":100,"waktu_mulai":"15:00 WITA","waktu_selesai":"16:00 WITA","tanggal_mulai":"23 juli 2023 ","tanggal_selesai":"24 Juli 2023","lokasi":"Ubud, Bali","link_lokasi":"https://goo.gl/maps/fCBRPeGyGq8uR4yE7"},{"ID":95,"CreatedAt":"2023-06-25T12:37:12.327Z","UpdatedAt":"2023-06-25T13:59:47.985Z","DeletedAt":null,"artikel_id":"104","gambar":"C:\\fakepath\\wisata.png","nama":"Mekare-Kare","deskripsi":"Bagi penduduk pria di kawasan Tenganan, Karangasem, Bali, upacara Mekare-Kare adalah ajang untuk menunjukkan kehebatannya. Mereka akan bertarung dan melakukan segala cara untuk memenangkan perang yang senjatanya adalah daun pandan yang memiliki duri tajam. \nMekare-Kare dilakukan setiap tahunnya untuk menghormati Indra yang merupakan dewa perang dalam Hindu. Dengan melakukan upacara ini, semua pria di desa akan dianggap kuat dan mampu melakukan perang. Upacara ini biasanya akan diadakan pada awal Juni setiap tahunnya.\n","harga_tiket":0,"stok_tiket":0,"waktu_mulai":"16:00 WITA","waktu_selesai":"17:00 WITA","tanggal_mulai":"20 Juli 2023","tanggal_selesai":"20 Juli 2023","lokasi":"Ubud, Bali","link_lokasi":"https://goo.gl/maps/fCBRPeGyGq8uR4yE7"},{"ID":94,"CreatedAt":"2023-06-25T12:36:04.17Z","UpdatedAt":"2023-06-25T13:59:35.25Z","DeletedAt":null,"artikel_id":"95","gambar":"C:\\fakepath\\wisata.png","nama":"Tari Legong","deskripsi":"Kesenian tradisional Bali berikutnya yang harus disaksikan adalah Tari Legong. Tari Legong dibawakan oleh perempuan dengan gerakan yang terstruktur. Daya tarik utama dari pertunjukan seni ini adalah kesesuaian antara mata dan tangan penari dengan alat musik gamelan yang mengiringinya, yaiti Gamelan Semar Pagulingan. Berasal dari kata [0xe2][0x80][0x9c]Leg[0xe2][0x80][0x9d] yang berarti luwes dan [0xe2][0x80][0x9c]Gong[0xe2][0x80][0x9d] adalah alat musik yang mengiringinya, tarian ini lebih sering disebut sebagai Tari Bali. Selain gerakannya yang lembut, riasan da"
11:50:52.967 [main] DEBUG org.apache.http.wire -  << "n busana tradisional Bali yang cantik akan membuatmu terpana.","harga_tiket":90000,"stok_tiket":300,"waktu_mulai":"15:00 WITA","waktu_selesai":"17:00 WITA","tanggal_mulai":"1 Juli 2023","tanggal_selesai":"10 Juli 2023","lokasi":"Ubud, Bali","link_lokasi":"https://goo.gl/maps/fCBRPeGyGq8uR4yE7"},{"ID":93,"CreatedAt":"2023-06-25T12:33:59.904Z","UpdatedAt":"2023-06-25T13:59:22.066Z","DeletedAt":null,"artikel_id":"100","gambar":"C:\\fakepath\\wisata.png","nama":"Drama Tari Calonarang","deskripsi":"Calonarang adalah tokoh utama dalam seni tari ini yang identik dengan wajah seram dan menakutkan. Karena dalam kepercayaan Hindu Bali, Calonarang adalah wujud kekuatan mistis yang nantinya akan diseimbangkan oleh kekuatan ilmu putih. Seni drama tari Calonarang sering dikolaborasikan dengan seni tari lain, seperti drama Gong, tari Barong, dan sebagainya. Pertunjukannya pun tidak bisa di sembarang tempat karena tema horor yang dimilikinya. Jadi seni drama tari Calonarang sangat menarik untuk disaksikan. Bagaimana peperangan antara hal baik dan hal jahat ditunjukkan dalam seni tarian yang indah.","harga_tiket":80000,"stok_tiket":150,"waktu_mulai":"20:00 WITA","waktu_selesai":"21:00 WITA","tanggal_mulai":"15 Juli 2023 ","tanggal_selesai":"20 Juli 2023","lokasi":"Ubud, Bali","link_lokasi":"https://goo.gl/maps/fCBRP"
11:50:52.997 [main] DEBUG org.apache.http.wire -  << "eGyGq8uR4yE7"},{"ID":92,"CreatedAt":"2023-06-25T12:32:22.485Z","UpdatedAt":"2023-06-25T13:59:12.368Z","DeletedAt":null,"artikel_id":"103","gambar":"C:\\fakepath\\wisata.png","nama":"Ogoh-ogoh","deskripsi":"Tradisi ini merupakan salah satu kegiatan budaya yang hampir selalu dilaksanakan penganut agama Hindu di Bali. Mengutip Kadek Winarta dari Universitas Negeri Makassar, Ogoh-ogoh mulanya merupakan tradisi ngelewang oleh kesenian Ndong-nding dari Gianyar dan Karang Asem. Ogoh-ogoh diyakini merupakan perwujudan raja Jaya Pangus dan putri Kang Cing Wei sebagai Barong Landung.\nTradisi Ogoh-ogoh bermakna sebagai keseimbangan antara sisi positif dan negatif dalam diri manusia. Sisi negatif sendiri tidak diharapkan hilang tetapi dipertahankan dengan kadar yang sama dengan sisi positif sehingga sisi negatif akan menjadi netral.\n","harga_tiket":0,"stok_tiket":0,"waktu_mulai":"20:00 WITA","waktu_selesai":"23:00 WITA","tanggal_mulai":"13 Agustus 2023","tanggal_selesai":"13 Agustus 2023","lokasi":"Ubud, Bali","link_lokasi":"https://goo.gl/maps/fCBRPeGyGq8uR4yE7"}],"data_shown":5,"page":1,"total_data":11},"message":"Get all Event success","status":true}[\n]"
11:50:52.997 [main] DEBUG org.apache.http.wire -  << "[\r][\n]"
11:50:52.997 [main] DEBUG org.apache.http.wire -  << "0[\r][\n]"
11:50:52.997 [main] DEBUG org.apache.http.wire -  << "[\r][\n]"
11:50:52.997 [main] DEBUG org.apache.http.impl.conn.BasicClientConnectionManager - Releasing connection org.apache.http.impl.conn.ManagedClientConnectionImpl@8a0a1d1
11:50:52.997 [main] DEBUG org.apache.http.impl.conn.BasicClientConnectionManager - Connection can be kept alive indefinitely
11:50:53.001 [main] DEBUG net.thucydides.core.steps.StepInterceptor - STEP DONE: admin receive a valid login and profile admin HTTP response code 200
  &amp#27;[32mThen &amp#27;[0m&amp#27;[32madmin receive a valid login and profile admin HTTP response code 200&amp#27;[0m &amp#27;[90m# starter.stepdefinitions.Website.ProfileSteps.adminReceiveAValidLoginAndProfileAdminHTTPResponseCode200()&amp#27;[0m
11:50:53.002 [main] INFO  - 
  _____   ___   ___   _____     ___     _     ___   ___   ___   ___  
 |_   _| | __| / __| |_   _|   | _ \   /_\   / __| / __| | __| |   \ 
   | |   | _|  \__ \   | |     |  _/  / _ \  \__ \ \__ \ | _|  | |) |
   |_|   |___| |___/   |_|     |_|   /_/ \_\ |___/ |___/ |___| |___/ 

As admin, ensures that get admin data
----------------------------------------------------------------------
]]></system-out>
  </testcase>
  <testcase name="As admin, ensures that new event can be added correctly" classname="As Admin, I want to manage the event feature #3" time="0.39">
    <system-out><![CDATA[
@TCPROFILE02
Scenario: As admin, ensures that new event can be added correctly           &amp#27;[90m# src/test/resources/Feature/Api/Website/Profile.feature:13&amp#27;[0m
11:50:53.012 [main] INFO io.cucumber.core.plugin.SerenityReporter - Running feature from file:///Users/macbookpro/Documents/Capstone_API_CI/src/test/resources/Feature/Api/Website/Profile.feature
11:50:53.012 [main] WARN io.cucumber.core.plugin.SerenityReporter - Feature from file:///Users/macbookpro/Documents/Capstone_API_CI/src/test/resources/Feature/Api/Website/Profile.feature is not under the 'features' directory. Requirements report will not be correctly generated!
11:50:53.013 [main] INFO  - 
  _____   ___   ___   _____     ___   _____     _     ___   _____   ___   ___  
 |_   _| | __| / __| |_   _|   / __| |_   _|   /_\   | _ \ |_   _| | __| |   \ 
   | |   | _|  \__ \   | |     \__ \   | |    / _ \  |   /   | |   | _|  | |) |
   |_|   |___| |___/   |_|     |___/   |_|   /_/ \_\ |_|_\   |_|   |___| |___/ 

As admin, ensures that new event can be added correctly(as-admin--i-want-to-manage-the-event-feature;as-admin--ensures-that-new-event-can-be-added-correctly)
--------------------------------------------------------------------------------
11:50:53.015 [main] DEBUG net.thucydides.core.steps.StepInterceptor - STARTING STEP: ProfileSteps.adminSetUpApiEndpointLoginInProfileAdmin - admin set up api endpoint login in profile admin
11:50:53.015 [main] DEBUG net.thucydides.core.steps.StepInterceptor - STEP DONE: admin set up api endpoint login in profile admin
  &amp#27;[32mGiven &amp#27;[0m&amp#27;[32madmin set up api endpoint login in profile admin&amp#27;[0m                    &amp#27;[90m# starter.stepdefinitions.Website.ProfileSteps.adminSetUpApiEndpointLoginInProfileAdmin()&amp#27;[0m
11:50:53.016 [main] DEBUG net.thucydides.core.steps.StepInterceptor - STARTING STEP: ProfileSteps.adminSendAHTTPRequestLoginInProfileAdmin - admin send a HTTP request login in profile admin
11:50:53.017 [main] DEBUG net.thucydides.core.steps.StepInterceptor - STARTING STEP: profile.adminSendAHTTPRequestLoginInProfileAdmin - admin set up api endpoint login in profile admin
11:50:53.017 [main] DEBUG net.thucydides.core.steps.StepInterceptor - STEP DONE: admin set up api endpoint login in profile admin
11:50:53.018 [main] DEBUG org.apache.http.impl.conn.BasicClientConnectionManager - Get connection for route {}->http://167.172.66.247:8002
11:50:53.018 [main] DEBUG org.apache.http.impl.conn.DefaultClientConnectionOperator - Connecting to 167.172.66.247:8002
11:50:53.057 [main] DEBUG org.apache.http.client.protocol.RequestAddCookies - CookieSpec selected: ignoreCookies
11:50:53.057 [main] DEBUG org.apache.http.client.protocol.RequestAuthCache - Auth cache not set in the context
11:50:53.057 [main] DEBUG org.apache.http.client.protocol.RequestTargetAuthentication - Target auth state: UNCHALLENGED
11:50:53.057 [main] DEBUG org.apache.http.client.protocol.RequestProxyAuthentication - Proxy auth state: UNCHALLENGED
11:50:53.057 [main] DEBUG org.apache.http.impl.client.DefaultHttpClient - Attempt 1 to execute request
11:50:53.057 [main] DEBUG org.apache.http.impl.conn.DefaultClientConnection - Sending request: POST /admin_login HTTP/1.1
11:50:53.057 [main] DEBUG org.apache.http.wire -  >> "POST /admin_login HTTP/1.1[\r][\n]"
11:50:53.057 [main] DEBUG org.apache.http.wire -  >> "Accept: */*[\r][\n]"
11:50:53.057 [main] DEBUG org.apache.http.wire -  >> "Content-Type: application/json[\r][\n]"
11:50:53.057 [main] DEBUG org.apache.http.wire -  >> "Content-Length: 54[\r][\n]"
11:50:53.057 [main] DEBUG org.apache.http.wire -  >> "Host: 167.172.66.247:8002[\r][\n]"
11:50:53.057 [main] DEBUG org.apache.http.wire -  >> "Connection: Keep-Alive[\r][\n]"
11:50:53.057 [main] DEBUG org.apache.http.wire -  >> "User-Agent: Apache-HttpClient/4.5.13 (Java/17.0.7)[\r][\n]"
11:50:53.057 [main] DEBUG org.apache.http.wire -  >> "Accept-Encoding: gzip,deflate[\r][\n]"
11:50:53.057 [main] DEBUG org.apache.http.wire -  >> "[\r][\n]"
11:50:53.057 [main] DEBUG org.apache.http.headers - >> POST /admin_login HTTP/1.1
11:50:53.057 [main] DEBUG org.apache.http.headers - >> Accept: */*
11:50:53.057 [main] DEBUG org.apache.http.headers - >> Content-Type: application/json
11:50:53.057 [main] DEBUG org.apache.http.headers - >> Content-Length: 54
11:50:53.057 [main] DEBUG org.apache.http.headers - >> Host: 167.172.66.247:8002
11:50:53.057 [main] DEBUG org.apache.http.headers - >> Connection: Keep-Alive
11:50:53.057 [main] DEBUG org.apache.http.headers - >> User-Agent: Apache-HttpClient/4.5.13 (Java/17.0.7)
11:50:53.057 [main] DEBUG org.apache.http.headers - >> Accept-Encoding: gzip,deflate
11:50:53.057 [main] DEBUG org.apache.http.wire -  >> "{"password":"123456","email":"BalinkBarong@gmail.com"}"
11:50:53.127 [main] DEBUG org.apache.http.wire -  << "HTTP/1.1 200 OK[\r][\n]"
11:50:53.127 [main] DEBUG org.apache.http.wire -  << "Content-Type: application/json; charset=UTF-8[\r][\n]"
11:50:53.127 [main] DEBUG org.apache.http.wire -  << "Vary: Origin[\r][\n]"
11:50:53.127 [main] DEBUG org.apache.http.wire -  << "Date: Mon, 26 Jun 2023 04:50:53 GMT[\r][\n]"
11:50:53.127 [main] DEBUG org.apache.http.wire -  << "Content-Length: 851[\r][\n]"
11:50:53.127 [main] DEBUG org.apache.http.wire -  << "[\r][\n]"
11:50:53.127 [main] DEBUG org.apache.http.impl.conn.DefaultClientConnection - Receiving response: HTTP/1.1 200 OK
11:50:53.127 [main] DEBUG org.apache.http.headers - << HTTP/1.1 200 OK
11:50:53.127 [main] DEBUG org.apache.http.headers - << Content-Type: application/json; charset=UTF-8
11:50:53.127 [main] DEBUG org.apache.http.headers - << Vary: Origin
11:50:53.127 [main] DEBUG org.apache.http.headers - << Date: Mon, 26 Jun 2023 04:50:53 GMT
11:50:53.127 [main] DEBUG org.apache.http.headers - << Content-Length: 851
11:50:53.127 [main] DEBUG org.apache.http.impl.client.DefaultHttpClient - Connection can be kept alive indefinitely
11:50:53.127 [main] DEBUG io.restassured.internal.RestAssuredHttpBuilder - Parsing response as: application/json; charset=UTF-8
11:50:53.127 [main] DEBUG io.restassured.internal.RestAssuredHttpBuilder - Parsed data to instance of: class org.apache.http.conn.EofSensorInputStream
11:50:53.128 [main] DEBUG org.apache.http.wire -  << "{"data":{"profile_perusahaan":{"ID":1,"CreatedAt":"0001-01-01T00:00:00Z","UpdatedAt":"2023-06-25T16:52:02.995Z","DeletedAt":null,"nama":"Sean 1","deskripsi":"lorem ipsum","foto_profile":"123","email":"BalinkBarong@gmail.com","password":"123456","no_telepon":"0811111111111","whatsapp":"0811111111111","instagram":"@balink","facebook":"balink","alamat":"Kecamatan Kuta, Sebelah Selata Kota Denpasar, Bali","negara":"Indonesia","kode_pos":"16442","rekening_bca":"0","rekening_mandiri":"12345678910","rekening_bri":"12345678910","rekening_bni":"12345678910","rekening_btn":"12345678910","rekening_seabank":"0","rekening_bpd_bali":"12345678910"},"token":"eyJhbGciOiJIUzI1NiIsInR5cCI6IkpXVCJ9.eyJleHAiOjE2ODc3NzMwNTMsImlkIjoxLCJpc3MiOiJxd2VydHkiLCJuYW1lIjoiU2VhbiAxIn0.QcwuOWTQKbj-0Vbmz9NknYsBJ4DSvddss-5JGJprjes"},"message":"Login success","status":true}[\n]"
11:50:53.128 [main] DEBUG org.apache.http.impl.conn.BasicClientConnectionManager - Releasing connection org.apache.http.impl.conn.ManagedClientConnectionImpl@72bef795
11:50:53.128 [main] DEBUG org.apache.http.impl.conn.BasicClientConnectionManager - Connection can be kept alive indefinitely
11:50:53.137 [main] DEBUG net.thucydides.core.steps.StepInterceptor - STEP DONE: admin send a HTTP request login in profile admin
  &amp#27;[32mWhen &amp#27;[0m&amp#27;[32madmin send a HTTP request login in profile admin&amp#27;[0m                     &amp#27;[90m# starter.stepdefinitions.Website.ProfileSteps.adminSendAHTTPRequestLoginInProfileAdmin()&amp#27;[0m
11:50:53.139 [main] DEBUG net.thucydides.core.steps.StepInterceptor - STARTING STEP: ProfileSteps.adminSetThePUTApiEndpointProfileAdmin - admin set the PUT api endpoint profile admin
11:50:53.139 [main] DEBUG net.thucydides.core.steps.StepInterceptor - STEP DONE: admin set the PUT api endpoint profile admin
  &amp#27;[32mAnd &amp#27;[0m&amp#27;[32madmin set the PUT api endpoint profile admin&amp#27;[0m                          &amp#27;[90m# starter.stepdefinitions.Website.ProfileSteps.adminSetThePUTApiEndpointProfileAdmin()&amp#27;[0m
11:50:53.139 [main] DEBUG net.thucydides.core.steps.StepInterceptor - STARTING STEP: ProfileSteps.adminSentHTTPPUTRequestPostProfileAdmin - admin sent HTTP PUT request post profile admin
11:50:53.140 [main] DEBUG net.thucydides.core.steps.StepInterceptor - STARTING STEP: profile.adminSentHTTPPUTRequestPostProfileAdmin - admin set the PUT api endpoint profile admin
11:50:53.140 [main] DEBUG net.thucydides.core.steps.StepInterceptor - STEP DONE: admin set the PUT api endpoint profile admin
11:50:53.142 [main] DEBUG org.apache.http.impl.conn.BasicClientConnectionManager - Get connection for route {}->http://167.172.66.247:8002
11:50:53.142 [main] DEBUG org.apache.http.impl.conn.DefaultClientConnectionOperator - Connecting to 167.172.66.247:8002
11:50:53.177 [main] DEBUG org.apache.http.client.protocol.RequestAddCookies - CookieSpec selected: ignoreCookies
11:50:53.177 [main] DEBUG org.apache.http.client.protocol.RequestAuthCache - Auth cache not set in the context
11:50:53.177 [main] DEBUG org.apache.http.client.protocol.RequestTargetAuthentication - Target auth state: UNCHALLENGED
11:50:53.177 [main] DEBUG org.apache.http.client.protocol.RequestProxyAuthentication - Proxy auth state: UNCHALLENGED
11:50:53.177 [main] DEBUG org.apache.http.impl.client.DefaultHttpClient - Attempt 1 to execute request
11:50:53.177 [main] DEBUG org.apache.http.impl.conn.DefaultClientConnection - Sending request: PUT /admin HTTP/1.1
11:50:53.177 [main] DEBUG org.apache.http.wire -  >> "PUT /admin HTTP/1.1[\r][\n]"
11:50:53.177 [main] DEBUG org.apache.http.wire -  >> "Accept: */*[\r][\n]"
11:50:53.177 [main] DEBUG org.apache.http.wire -  >> "Content-Type: application/json[\r][\n]"
11:50:53.177 [main] DEBUG org.apache.http.wire -  >> "Content-Length: 143[\r][\n]"
11:50:53.177 [main] DEBUG org.apache.http.wire -  >> "Host: 167.172.66.247:8002[\r][\n]"
11:50:53.177 [main] DEBUG org.apache.http.wire -  >> "Connection: Keep-Alive[\r][\n]"
11:50:53.177 [main] DEBUG org.apache.http.wire -  >> "User-Agent: Apache-HttpClient/4.5.13 (Java/17.0.7)[\r][\n]"
11:50:53.177 [main] DEBUG org.apache.http.wire -  >> "Accept-Encoding: gzip,deflate[\r][\n]"
11:50:53.177 [main] DEBUG org.apache.http.wire -  >> "[\r][\n]"
11:50:53.177 [main] DEBUG org.apache.http.headers - >> PUT /admin HTTP/1.1
11:50:53.177 [main] DEBUG org.apache.http.headers - >> Accept: */*
11:50:53.177 [main] DEBUG org.apache.http.headers - >> Content-Type: application/json
11:50:53.177 [main] DEBUG org.apache.http.headers - >> Content-Length: 143
11:50:53.177 [main] DEBUG org.apache.http.headers - >> Host: 167.172.66.247:8002
11:50:53.177 [main] DEBUG org.apache.http.headers - >> Connection: Keep-Alive
11:50:53.177 [main] DEBUG org.apache.http.headers - >> User-Agent: Apache-HttpClient/4.5.13 (Java/17.0.7)
11:50:53.177 [main] DEBUG org.apache.http.headers - >> Accept-Encoding: gzip,deflate
11:50:53.177 [main] DEBUG org.apache.http.wire -  >> "[[\n]"
11:50:53.177 [main] DEBUG org.apache.http.wire -  >> "{"password":"123456","nama":"Sean 2","foto_profile":"123","email":"BalinkBarong@gmail.com","no_telepon":"0811111111111","alamat":"Jl. 123"}[\n]"
11:50:53.177 [main] DEBUG org.apache.http.wire -  >> "]"
11:50:53.247 [main] DEBUG org.apache.http.wire -  << "HTTP/1.1 400 Bad Request[\r][\n]"
11:50:53.247 [main] DEBUG org.apache.http.wire -  << "Content-Type: application/json; charset=UTF-8[\r][\n]"
11:50:53.247 [main] DEBUG org.apache.http.wire -  << "Vary: Origin[\r][\n]"
11:50:53.247 [main] DEBUG org.apache.http.wire -  << "Date: Mon, 26 Jun 2023 04:50:53 GMT[\r][\n]"
11:50:53.247 [main] DEBUG org.apache.http.wire -  << "Content-Length: 39[\r][\n]"
11:50:53.247 [main] DEBUG org.apache.http.wire -  << "[\r][\n]"
11:50:53.247 [main] DEBUG org.apache.http.impl.conn.DefaultClientConnection - Receiving response: HTTP/1.1 400 Bad Request
11:50:53.247 [main] DEBUG org.apache.http.headers - << HTTP/1.1 400 Bad Request
11:50:53.247 [main] DEBUG org.apache.http.headers - << Content-Type: application/json; charset=UTF-8
11:50:53.247 [main] DEBUG org.apache.http.headers - << Vary: Origin
11:50:53.247 [main] DEBUG org.apache.http.headers - << Date: Mon, 26 Jun 2023 04:50:53 GMT
11:50:53.247 [main] DEBUG org.apache.http.headers - << Content-Length: 39
11:50:53.247 [main] DEBUG org.apache.http.impl.client.DefaultHttpClient - Connection can be kept alive indefinitely
11:50:53.247 [main] DEBUG io.restassured.internal.RestAssuredHttpBuilder - Parsing response as: application/json; charset=UTF-8
11:50:53.247 [main] DEBUG io.restassured.internal.RestAssuredHttpBuilder - Parsed data to instance of: class org.apache.http.conn.EofSensorInputStream
11:50:53.248 [main] DEBUG org.apache.http.wire -  << "{"message":"missing or malformed jwt"}[\n]"
11:50:53.249 [main] DEBUG org.apache.http.impl.conn.BasicClientConnectionManager - Releasing connection org.apache.http.impl.conn.ManagedClientConnectionImpl@4c663fda
11:50:53.249 [main] DEBUG org.apache.http.impl.conn.BasicClientConnectionManager - Connection can be kept alive indefinitely
11:50:53.249 [main] DEBUG net.thucydides.core.steps.StepInterceptor - STEP DONE: admin sent HTTP PUT request post profile admin
  &amp#27;[32mAnd &amp#27;[0m&amp#27;[32madmin sent HTTP PUT request post profile admin&amp#27;[0m                        &amp#27;[90m# starter.stepdefinitions.Website.ProfileSteps.adminSentHTTPPUTRequestPostProfileAdmin()&amp#27;[0m
11:50:53.251 [main] DEBUG net.thucydides.core.steps.StepInterceptor - STARTING STEP: ProfileSteps.adminReceiveAValidLoginAndProfileAdminHTTPResponseCode200 - admin receive a valid login and profile admin HTTP response code 200
11:50:53.252 [main] DEBUG net.thucydides.core.steps.StepInterceptor - STARTING STEP: profile.adminReceiveAValidLoginAndProfileAdminHTTPResponseCode200 - admin set the GET api endpoint profile admin
11:50:53.252 [main] DEBUG net.thucydides.core.steps.StepInterceptor - STEP DONE: admin set the GET api endpoint profile admin
11:50:53.256 [main] DEBUG org.apache.http.impl.conn.BasicClientConnectionManager - Get connection for route {}->http://167.172.66.247:8002
11:50:53.256 [main] DEBUG org.apache.http.impl.conn.DefaultClientConnectionOperator - Connecting to 167.172.66.247:8002
11:50:53.297 [main] DEBUG org.apache.http.client.protocol.RequestAddCookies - CookieSpec selected: ignoreCookies
11:50:53.297 [main] DEBUG org.apache.http.client.protocol.RequestAuthCache - Auth cache not set in the context
11:50:53.297 [main] DEBUG org.apache.http.client.protocol.RequestProxyAuthentication - Proxy auth state: UNCHALLENGED
11:50:53.297 [main] DEBUG org.apache.http.impl.client.DefaultHttpClient - Attempt 1 to execute request
11:50:53.297 [main] DEBUG org.apache.http.impl.conn.DefaultClientConnection - Sending request: GET /event?page=1&limit=5&order=desc HTTP/1.1
11:50:53.297 [main] DEBUG org.apache.http.wire -  >> "GET /event?page=1&limit=5&order=desc HTTP/1.1[\r][\n]"
11:50:53.297 [main] DEBUG org.apache.http.wire -  >> "Authorization: Bearer eyJhbGciOiJIUzI1NiIsInR5cCI6IkpXVCJ9.eyJleHAiOjE2ODc3NzMwNTMsImlkIjoxLCJpc3MiOiJxd2VydHkiLCJuYW1lIjoiU2VhbiAxIn0.QcwuOWTQKbj-0Vbmz9NknYsBJ4DSvddss-5JGJprjes[\r][\n]"
11:50:53.297 [main] DEBUG org.apache.http.wire -  >> "Accept: */*[\r][\n]"
11:50:53.297 [main] DEBUG org.apache.http.wire -  >> "Host: 167.172.66.247:8002[\r][\n]"
11:50:53.297 [main] DEBUG org.apache.http.wire -  >> "Connection: Keep-Alive[\r][\n]"
11:50:53.297 [main] DEBUG org.apache.http.wire -  >> "User-Agent: Apache-HttpClient/4.5.13 (Java/17.0.7)[\r][\n]"
11:50:53.297 [main] DEBUG org.apache.http.wire -  >> "Accept-Encoding: gzip,deflate[\r][\n]"
11:50:53.297 [main] DEBUG org.apache.http.wire -  >> "[\r][\n]"
11:50:53.297 [main] DEBUG org.apache.http.headers - >> GET /event?page=1&limit=5&order=desc HTTP/1.1
11:50:53.297 [main] DEBUG org.apache.http.headers - >> Authorization: Bearer eyJhbGciOiJIUzI1NiIsInR5cCI6IkpXVCJ9.eyJleHAiOjE2ODc3NzMwNTMsImlkIjoxLCJpc3MiOiJxd2VydHkiLCJuYW1lIjoiU2VhbiAxIn0.QcwuOWTQKbj-0Vbmz9NknYsBJ4DSvddss-5JGJprjes
11:50:53.297 [main] DEBUG org.apache.http.headers - >> Accept: */*
11:50:53.297 [main] DEBUG org.apache.http.headers - >> Host: 167.172.66.247:8002
11:50:53.297 [main] DEBUG org.apache.http.headers - >> Connection: Keep-Alive
11:50:53.297 [main] DEBUG org.apache.http.headers - >> User-Agent: Apache-HttpClient/4.5.13 (Java/17.0.7)
11:50:53.297 [main] DEBUG org.apache.http.headers - >> Accept-Encoding: gzip,deflate
11:50:53.350 [main] DEBUG org.apache.http.wire -  << "HTTP/1.1 200 OK[\r][\n]"
11:50:53.350 [main] DEBUG org.apache.http.wire -  << "Content-Type: application/json; charset=UTF-8[\r][\n]"
11:50:53.351 [main] DEBUG org.apache.http.wire -  << "Vary: Origin[\r][\n]"
11:50:53.351 [main] DEBUG org.apache.http.wire -  << "Date: Mon, 26 Jun 2023 04:50:53 GMT[\r][\n]"
11:50:53.351 [main] DEBUG org.apache.http.wire -  << "Transfer-Encoding: chunked[\r][\n]"
11:50:53.351 [main] DEBUG org.apache.http.wire -  << "[\r][\n]"
11:50:53.351 [main] DEBUG org.apache.http.impl.conn.DefaultClientConnection - Receiving response: HTTP/1.1 200 OK
11:50:53.351 [main] DEBUG org.apache.http.headers - << HTTP/1.1 200 OK
11:50:53.351 [main] DEBUG org.apache.http.headers - << Content-Type: application/json; charset=UTF-8
11:50:53.351 [main] DEBUG org.apache.http.headers - << Vary: Origin
11:50:53.351 [main] DEBUG org.apache.http.headers - << Date: Mon, 26 Jun 2023 04:50:53 GMT
11:50:53.351 [main] DEBUG org.apache.http.headers - << Transfer-Encoding: chunked
11:50:53.351 [main] DEBUG org.apache.http.impl.client.DefaultHttpClient - Connection can be kept alive indefinitely
11:50:53.351 [main] DEBUG io.restassured.internal.RestAssuredHttpBuilder - Parsing response as: application/json; charset=UTF-8
11:50:53.351 [main] DEBUG io.restassured.internal.RestAssuredHttpBuilder - Parsed data to instance of: class org.apache.http.conn.EofSensorInputStream
11:50:53.352 [main] DEBUG org.apache.http.wire -  << "13f3[\r][\n]"
11:50:53.352 [main] DEBUG org.apache.http.wire -  << "{"data":{"data":[{"ID":96,"CreatedAt":"2023-06-25T12:43:02.762Z","UpdatedAt":"2023-06-25T13:59:58.989Z","DeletedAt":null,"artikel_id":"94","gambar":"C:\\fakepath\\wisata.png","nama":"Wayang Kulit","deskripsi":"Seni rupa sekaligus pertunjukan terakhir yang harus diikuti adalah pertunjukan wayang kulit. Dengan tokoh yang hampir sama dengan tokoh pewayangan di daerah luar Bali, cerita yang dibawakan oleh dalang sangat beragam. Mulai dari cerita sakral umat Hindu Bali yang hanya dilangsungkan saat upacara keagamaan tertentu saja. Hingga cerita berupa celotehan lucu dan nilai kehidupan ringan yang ditampilkan saat pesta rakyat menjadi daya tarik tersendiri. Seperti halnya yang biasa ditampilkan dalam Pesta Kesenian Bali setiap tahunnya.","harga_tiket":50000,"stok_tiket":100,"waktu_mulai":"15:00 WITA","waktu_selesai":"16:00 WITA","tanggal_mulai":"23 juli 2023 ","tanggal_selesai":"24 Juli 2023","lokasi":"Ubud, Bali","link_lokasi":"https://goo.gl/maps/fCBRPeGyGq8uR4yE7"},{"ID":95,"CreatedAt":"2023-06-25T12:37:12.327Z","UpdatedAt":"2023-06-25T13:59:47.985Z","DeletedAt":null,"artikel_id":"104","gambar":"C:\\fakepath\\wisata.png","nama":"Mekare-Kare","deskripsi":"Bagi penduduk pria di kawasan Tenganan, Karangasem, Bali, upacara Mekare-Kare adalah ajang untuk menunjukkan kehebatannya. Mereka akan bertarung dan melakukan segala cara untuk memenangkan perang yang senjatanya adalah daun pandan yang memiliki duri tajam. \nMekare-Kare dilakukan setiap tahunnya untuk menghormati Indra yang merupakan dewa perang dalam Hindu. Dengan melakukan upacara ini, semua pria di desa akan dianggap kuat dan mampu melakukan perang. Upacara ini biasanya akan diadakan pada awal Juni setiap tahunnya.\n","harga_tiket":0,"stok_tiket":0,"waktu_mulai":"16:00 WITA","waktu_selesai":"17:00 WITA","tanggal_mulai":"20 Juli 2023","tanggal_selesai":"20 Juli 2023","lokasi":"Ubud, Bali","link_lokasi":"https://goo.gl/maps/fCBRPeGyGq8uR4yE7"},{"ID":94,"CreatedAt":"2023-06-25T12:36:04.17Z","UpdatedAt":"2023-06-25T13:59:35.25Z","DeletedAt":null,"artikel_id":"95","gambar":"C:\\fakepath\\wisata.png","nama":"Tari Legong","deskripsi":"Kesenian tradisional Bali berikutnya yang harus disaksikan adalah Tari Legong. Tari Legong dibawakan oleh perempuan dengan gerakan yang terstruktur. Daya tarik utama dari pertunjukan seni ini adalah kesesuaian antara mata dan tangan penari dengan alat musik gamelan yang mengiringinya, yaiti Gamelan Semar Pagulingan. Berasal dari kata [0xe2][0x80][0x9c]Leg[0xe2][0x80][0x9d] yang berarti luwes dan [0xe2][0x80][0x9c]Gong[0xe2][0x80][0x9d] adalah alat musik yang mengiringinya, tarian ini lebih sering disebut sebagai Tari Bali. Selain gerakannya yang lembut, riasan da"
11:50:53.357 [main] DEBUG org.apache.http.wire -  << "n busana tradisional Bali yang cantik akan membuatmu terpana.","harga_tiket":90000,"stok_tiket":300,"waktu_mulai":"15:00 WITA","waktu_selesai":"17:00 WITA","tanggal_mulai":"1 Juli 2023","tanggal_selesai":"10 Juli 2023","lokasi":"Ubud, Bali","link_lokasi":"https://goo.gl/maps/fCBRPeGyGq8uR4yE7"},{"ID":93,"CreatedAt":"2023-06-25T12:33:59.904Z","UpdatedAt":"2023-06-25T13:59:22.066Z","DeletedAt":null,"artikel_id":"100","gambar":"C:\\fakepath\\wisata.png","nama":"Drama Tari Calonarang","deskripsi":"Calonarang adalah tokoh utama dalam seni tari ini yang identik dengan wajah seram dan menakutkan. Karena dalam kepercayaan Hindu Bali, Calonarang adalah wujud kekuatan mistis yang nantinya akan diseimbangkan oleh kekuatan ilmu putih. Seni drama tari Calonarang sering dikolaborasikan dengan seni tari lain, seperti drama Gong, tari Barong, dan sebagainya. Pertunjukannya pun tidak bisa di sembarang tempat karena tema horor yang dimilikinya. Jadi seni drama tari Calonarang sangat menarik untuk disaksikan. Bagaimana peperangan antara hal baik dan hal jahat ditunjukkan dalam seni tarian yang indah.","harga_tiket":80000,"stok_tiket":150,"waktu_mulai":"20:00 WITA","waktu_selesai":"21:00 WITA","tanggal_mulai":"15 Juli 2023 ","tanggal_selesai":"20 Juli 2023","lokasi":"Ubud, Bali","link_lokasi":"https://goo.gl/maps/fCBRP"
11:50:53.387 [main] DEBUG org.apache.http.wire -  << "eGyGq8uR4yE7"},{"ID":92,"CreatedAt":"2023-06-25T12:32:22.485Z","UpdatedAt":"2023-06-25T13:59:12.368Z","DeletedAt":null,"artikel_id":"103","gambar":"C:\\fakepath\\wisata.png","nama":"Ogoh-ogoh","deskripsi":"Tradisi ini merupakan salah satu kegiatan budaya yang hampir selalu dilaksanakan penganut agama Hindu di Bali. Mengutip Kadek Winarta dari Universitas Negeri Makassar, Ogoh-ogoh mulanya merupakan tradisi ngelewang oleh kesenian Ndong-nding dari Gianyar dan Karang Asem. Ogoh-ogoh diyakini merupakan perwujudan raja Jaya Pangus dan putri Kang Cing Wei sebagai Barong Landung.\nTradisi Ogoh-ogoh bermakna sebagai keseimbangan antara sisi positif dan negatif dalam diri manusia. Sisi negatif sendiri tidak diharapkan hilang tetapi dipertahankan dengan kadar yang sama dengan sisi positif sehingga sisi negatif akan menjadi netral.\n","harga_tiket":0,"stok_tiket":0,"waktu_mulai":"20:00 WITA","waktu_selesai":"23:00 WITA","tanggal_mulai":"13 Agustus 2023","tanggal_selesai":"13 Agustus 2023","lokasi":"Ubud, Bali","link_lokasi":"https://goo.gl/maps/fCBRPeGyGq8uR4yE7"}],"data_shown":5,"page":1,"total_data":11},"message":"Get all Event success","status":true}[\n]"
11:50:53.387 [main] DEBUG org.apache.http.wire -  << "[\r][\n]"
11:50:53.387 [main] DEBUG org.apache.http.wire -  << "0[\r][\n]"
11:50:53.387 [main] DEBUG org.apache.http.wire -  << "[\r][\n]"
11:50:53.387 [main] DEBUG org.apache.http.impl.conn.BasicClientConnectionManager - Releasing connection org.apache.http.impl.conn.ManagedClientConnectionImpl@2552cb80
11:50:53.387 [main] DEBUG org.apache.http.impl.conn.BasicClientConnectionManager - Connection can be kept alive indefinitely
11:50:53.390 [main] DEBUG net.thucydides.core.steps.StepInterceptor - STEP DONE: admin receive a valid login and profile admin HTTP response code 200
  &amp#27;[32mThen &amp#27;[0m&amp#27;[32madmin receive a valid login and profile admin HTTP response code 200&amp#27;[0m &amp#27;[90m# starter.stepdefinitions.Website.ProfileSteps.adminReceiveAValidLoginAndProfileAdminHTTPResponseCode200()&amp#27;[0m
11:50:53.392 [main] INFO  - 
  _____   ___   ___   _____     ___     _     ___   ___   ___   ___  
 |_   _| | __| / __| |_   _|   | _ \   /_\   / __| / __| | __| |   \ 
   | |   | _|  \__ \   | |     |  _/  / _ \  \__ \ \__ \ | _|  | |) |
   |_|   |___| |___/   |_|     |_|   /_/ \_\ |___/ |___/ |___| |___/ 

As admin, ensures that new event can be added correctly
----------------------------------------------------------------------
]]></system-out>
  </testcase>
  <testcase name="As admin, ensures that new promo can be added correctly" classname="As Admin, I want to manage the event feature #4" time="0.379">
    <system-out><![CDATA[11:50:53.393 [main] INFO io.cucumber.core.plugin.SerenityReporter - Running feature from file:///Users/macbookpro/Documents/Capstone_API_CI/src/test/resources/Feature/Api/Website/Promo.feature
11:50:53.393 [main] WARN io.cucumber.core.plugin.SerenityReporter - Feature from file:///Users/macbookpro/Documents/Capstone_API_CI/src/test/resources/Feature/Api/Website/Promo.feature is not under the 'features' directory. Requirements report will not be correctly generated!
11:50:53.394 [main] DEBUG net.thucydides.core.steps.StepEventBus - Test suite started for story net.thucydides.core.model.Story@887a62be
11:50:53.394 [main] INFO  - Test Suite Started: As Admin, I want to manage the event feature

@TCPROMO01
Scenario: As admin, ensures that new promo can be added correctly   &amp#27;[90m# src/test/resources/Feature/Api/Website/Promo.feature:4&amp#27;[0m
11:50:53.403 [main] INFO io.cucumber.core.plugin.SerenityReporter - Running feature from file:///Users/macbookpro/Documents/Capstone_API_CI/src/test/resources/Feature/Api/Website/Promo.feature
11:50:53.403 [main] WARN io.cucumber.core.plugin.SerenityReporter - Feature from file:///Users/macbookpro/Documents/Capstone_API_CI/src/test/resources/Feature/Api/Website/Promo.feature is not under the 'features' directory. Requirements report will not be correctly generated!
11:50:53.404 [main] INFO  - 
  _____   ___   ___   _____     ___   _____     _     ___   _____   ___   ___  
 |_   _| | __| / __| |_   _|   / __| |_   _|   /_\   | _ \ |_   _| | __| |   \ 
   | |   | _|  \__ \   | |     \__ \   | |    / _ \  |   /   | |   | _|  | |) |
   |_|   |___| |___/   |_|     |___/   |_|   /_/ \_\ |_|_\   |_|   |___| |___/ 

As admin, ensures that new promo can be added correctly(as-admin--i-want-to-manage-the-event-feature;as-admin--ensures-that-new-promo-can-be-added-correctly)
--------------------------------------------------------------------------------
11:50:53.412 [main] DEBUG net.thucydides.core.steps.StepInterceptor - STARTING STEP: PromoSteps.adminSetUpApiEndpointLoginInPromo - admin set up api endpoint login in promo
11:50:53.412 [main] DEBUG net.thucydides.core.steps.StepInterceptor - STEP DONE: admin set up api endpoint login in promo
  &amp#27;[32mGiven &amp#27;[0m&amp#27;[32madmin set up api endpoint login in promo&amp#27;[0m                    &amp#27;[90m# starter.stepdefinitions.Website.PromoSteps.adminSetUpApiEndpointLoginInPromo()&amp#27;[0m
11:50:53.413 [main] DEBUG net.thucydides.core.steps.StepInterceptor - STARTING STEP: PromoSteps.adminSendAHTTPRequestLoginInPromo - admin send a HTTP request login in promo
11:50:53.414 [main] DEBUG net.thucydides.core.steps.StepInterceptor - STARTING STEP: promo.adminSendAHTTPRequestLoginInPromo - admin set up api endpoint login in promo
11:50:53.414 [main] DEBUG net.thucydides.core.steps.StepInterceptor - STEP DONE: admin set up api endpoint login in promo
11:50:53.416 [main] DEBUG org.apache.http.impl.conn.BasicClientConnectionManager - Get connection for route {}->http://167.172.66.247:8002
11:50:53.416 [main] DEBUG org.apache.http.impl.conn.DefaultClientConnectionOperator - Connecting to 167.172.66.247:8002
11:50:53.467 [main] DEBUG org.apache.http.client.protocol.RequestAddCookies - CookieSpec selected: ignoreCookies
11:50:53.467 [main] DEBUG org.apache.http.client.protocol.RequestAuthCache - Auth cache not set in the context
11:50:53.467 [main] DEBUG org.apache.http.client.protocol.RequestTargetAuthentication - Target auth state: UNCHALLENGED
11:50:53.467 [main] DEBUG org.apache.http.client.protocol.RequestProxyAuthentication - Proxy auth state: UNCHALLENGED
11:50:53.467 [main] DEBUG org.apache.http.impl.client.DefaultHttpClient - Attempt 1 to execute request
11:50:53.467 [main] DEBUG org.apache.http.impl.conn.DefaultClientConnection - Sending request: POST /admin_login HTTP/1.1
11:50:53.467 [main] DEBUG org.apache.http.wire -  >> "POST /admin_login HTTP/1.1[\r][\n]"
11:50:53.467 [main] DEBUG org.apache.http.wire -  >> "Accept: */*[\r][\n]"
11:50:53.467 [main] DEBUG org.apache.http.wire -  >> "Content-Type: application/json[\r][\n]"
11:50:53.467 [main] DEBUG org.apache.http.wire -  >> "Content-Length: 54[\r][\n]"
11:50:53.467 [main] DEBUG org.apache.http.wire -  >> "Host: 167.172.66.247:8002[\r][\n]"
11:50:53.467 [main] DEBUG org.apache.http.wire -  >> "Connection: Keep-Alive[\r][\n]"
11:50:53.467 [main] DEBUG org.apache.http.wire -  >> "User-Agent: Apache-HttpClient/4.5.13 (Java/17.0.7)[\r][\n]"
11:50:53.467 [main] DEBUG org.apache.http.wire -  >> "Accept-Encoding: gzip,deflate[\r][\n]"
11:50:53.467 [main] DEBUG org.apache.http.wire -  >> "[\r][\n]"
11:50:53.467 [main] DEBUG org.apache.http.headers - >> POST /admin_login HTTP/1.1
11:50:53.467 [main] DEBUG org.apache.http.headers - >> Accept: */*
11:50:53.467 [main] DEBUG org.apache.http.headers - >> Content-Type: application/json
11:50:53.467 [main] DEBUG org.apache.http.headers - >> Content-Length: 54
11:50:53.467 [main] DEBUG org.apache.http.headers - >> Host: 167.172.66.247:8002
11:50:53.467 [main] DEBUG org.apache.http.headers - >> Connection: Keep-Alive
11:50:53.467 [main] DEBUG org.apache.http.headers - >> User-Agent: Apache-HttpClient/4.5.13 (Java/17.0.7)
11:50:53.467 [main] DEBUG org.apache.http.headers - >> Accept-Encoding: gzip,deflate
11:50:53.467 [main] DEBUG org.apache.http.wire -  >> "{"password":"123456","email":"BalinkBarong@gmail.com"}"
11:50:53.527 [main] DEBUG org.apache.http.wire -  << "HTTP/1.1 200 OK[\r][\n]"
11:50:53.527 [main] DEBUG org.apache.http.wire -  << "Content-Type: application/json; charset=UTF-8[\r][\n]"
11:50:53.527 [main] DEBUG org.apache.http.wire -  << "Vary: Origin[\r][\n]"
11:50:53.527 [main] DEBUG org.apache.http.wire -  << "Date: Mon, 26 Jun 2023 04:50:53 GMT[\r][\n]"
11:50:53.527 [main] DEBUG org.apache.http.wire -  << "Content-Length: 851[\r][\n]"
11:50:53.527 [main] DEBUG org.apache.http.wire -  << "[\r][\n]"
11:50:53.527 [main] DEBUG org.apache.http.impl.conn.DefaultClientConnection - Receiving response: HTTP/1.1 200 OK
11:50:53.527 [main] DEBUG org.apache.http.headers - << HTTP/1.1 200 OK
11:50:53.527 [main] DEBUG org.apache.http.headers - << Content-Type: application/json; charset=UTF-8
11:50:53.527 [main] DEBUG org.apache.http.headers - << Vary: Origin
11:50:53.527 [main] DEBUG org.apache.http.headers - << Date: Mon, 26 Jun 2023 04:50:53 GMT
11:50:53.527 [main] DEBUG org.apache.http.headers - << Content-Length: 851
11:50:53.527 [main] DEBUG org.apache.http.impl.client.DefaultHttpClient - Connection can be kept alive indefinitely
11:50:53.527 [main] DEBUG io.restassured.internal.RestAssuredHttpBuilder - Parsing response as: application/json; charset=UTF-8
11:50:53.527 [main] DEBUG io.restassured.internal.RestAssuredHttpBuilder - Parsed data to instance of: class org.apache.http.conn.EofSensorInputStream
11:50:53.527 [main] DEBUG org.apache.http.wire -  << "{"data":{"profile_perusahaan":{"ID":1,"CreatedAt":"0001-01-01T00:00:00Z","UpdatedAt":"2023-06-25T16:52:02.995Z","DeletedAt":null,"nama":"Sean 1","deskripsi":"lorem ipsum","foto_profile":"123","email":"BalinkBarong@gmail.com","password":"123456","no_telepon":"0811111111111","whatsapp":"0811111111111","instagram":"@balink","facebook":"balink","alamat":"Kecamatan Kuta, Sebelah Selata Kota Denpasar, Bali","negara":"Indonesia","kode_pos":"16442","rekening_bca":"0","rekening_mandiri":"12345678910","rekening_bri":"12345678910","rekening_bni":"12345678910","rekening_btn":"12345678910","rekening_seabank":"0","rekening_bpd_bali":"12345678910"},"token":"eyJhbGciOiJIUzI1NiIsInR5cCI6IkpXVCJ9.eyJleHAiOjE2ODc3NzMwNTMsImlkIjoxLCJpc3MiOiJxd2VydHkiLCJuYW1lIjoiU2VhbiAxIn0.QcwuOWTQKbj-0Vbmz9NknYsBJ4DSvddss-5JGJprjes"},"message":"Login success","status":true}[\n]"
11:50:53.527 [main] DEBUG org.apache.http.impl.conn.BasicClientConnectionManager - Releasing connection org.apache.http.impl.conn.ManagedClientConnectionImpl@359f3401
11:50:53.527 [main] DEBUG org.apache.http.impl.conn.BasicClientConnectionManager - Connection can be kept alive indefinitely
11:50:53.533 [main] DEBUG net.thucydides.core.steps.StepInterceptor - STEP DONE: admin send a HTTP request login in promo
  &amp#27;[32mWhen &amp#27;[0m&amp#27;[32madmin send a HTTP request login in promo&amp#27;[0m                     &amp#27;[90m# starter.stepdefinitions.Website.PromoSteps.adminSendAHTTPRequestLoginInPromo()&amp#27;[0m
11:50:53.533 [main] DEBUG net.thucydides.core.steps.StepInterceptor - STARTING STEP: PromoSteps.adminSetThePOSTApiEndpointPromo - admin set the POST api endpoint promo
11:50:53.533 [main] DEBUG net.thucydides.core.steps.StepInterceptor - STEP DONE: admin set the POST api endpoint promo
  &amp#27;[32mAnd &amp#27;[0m&amp#27;[32madmin set the POST api endpoint promo&amp#27;[0m                         &amp#27;[90m# starter.stepdefinitions.Website.PromoSteps.adminSetThePOSTApiEndpointPromo()&amp#27;[0m
11:50:53.534 [main] DEBUG net.thucydides.core.steps.StepInterceptor - STARTING STEP: PromoSteps.adminSentHTTPPOSTRequestPostPromo - admin sent HTTP POST request post promo
11:50:53.535 [main] DEBUG net.thucydides.core.steps.StepInterceptor - STARTING STEP: promo.adminSentHTTPPOSTRequestPostPromo - admin set the POST api endpoint promo
11:50:53.535 [main] DEBUG net.thucydides.core.steps.StepInterceptor - STEP DONE: admin set the POST api endpoint promo
11:50:53.536 [main] DEBUG org.apache.http.impl.conn.BasicClientConnectionManager - Get connection for route {}->http://167.172.66.247:8002
11:50:53.536 [main] DEBUG org.apache.http.impl.conn.DefaultClientConnectionOperator - Connecting to 167.172.66.247:8002
11:50:53.577 [main] DEBUG org.apache.http.client.protocol.RequestAddCookies - CookieSpec selected: ignoreCookies
11:50:53.577 [main] DEBUG org.apache.http.client.protocol.RequestAuthCache - Auth cache not set in the context
11:50:53.577 [main] DEBUG org.apache.http.client.protocol.RequestTargetAuthentication - Target auth state: UNCHALLENGED
11:50:53.577 [main] DEBUG org.apache.http.client.protocol.RequestProxyAuthentication - Proxy auth state: UNCHALLENGED
11:50:53.577 [main] DEBUG org.apache.http.impl.client.DefaultHttpClient - Attempt 1 to execute request
11:50:53.577 [main] DEBUG org.apache.http.impl.conn.DefaultClientConnection - Sending request: POST /promo HTTP/1.1
11:50:53.577 [main] DEBUG org.apache.http.wire -  >> "POST /promo HTTP/1.1[\r][\n]"
11:50:53.577 [main] DEBUG org.apache.http.wire -  >> "Accept: */*[\r][\n]"
11:50:53.577 [main] DEBUG org.apache.http.wire -  >> "Content-Type: application/json[\r][\n]"
11:50:53.577 [main] DEBUG org.apache.http.wire -  >> "Content-Length: 87[\r][\n]"
11:50:53.577 [main] DEBUG org.apache.http.wire -  >> "Host: 167.172.66.247:8002[\r][\n]"
11:50:53.577 [main] DEBUG org.apache.http.wire -  >> "Connection: Keep-Alive[\r][\n]"
11:50:53.577 [main] DEBUG org.apache.http.wire -  >> "User-Agent: Apache-HttpClient/4.5.13 (Java/17.0.7)[\r][\n]"
11:50:53.577 [main] DEBUG org.apache.http.wire -  >> "Accept-Encoding: gzip,deflate[\r][\n]"
11:50:53.577 [main] DEBUG org.apache.http.wire -  >> "[\r][\n]"
11:50:53.577 [main] DEBUG org.apache.http.headers - >> POST /promo HTTP/1.1
11:50:53.577 [main] DEBUG org.apache.http.headers - >> Accept: */*
11:50:53.577 [main] DEBUG org.apache.http.headers - >> Content-Type: application/json
11:50:53.577 [main] DEBUG org.apache.http.headers - >> Content-Length: 87
11:50:53.577 [main] DEBUG org.apache.http.headers - >> Host: 167.172.66.247:8002
11:50:53.577 [main] DEBUG org.apache.http.headers - >> Connection: Keep-Alive
11:50:53.577 [main] DEBUG org.apache.http.headers - >> User-Agent: Apache-HttpClient/4.5.13 (Java/17.0.7)
11:50:53.577 [main] DEBUG org.apache.http.headers - >> Accept-Encoding: gzip,deflate
11:50:53.577 [main] DEBUG org.apache.http.wire -  >> "[[\n]"
11:50:53.577 [main] DEBUG org.apache.http.wire -  >> "{"nama":"Promo 1","kode":"123def","deskripsi":"lorem ipsum","potongan_harga":20000}[\n]"
11:50:53.577 [main] DEBUG org.apache.http.wire -  >> "]"
11:50:53.637 [main] DEBUG org.apache.http.wire -  << "HTTP/1.1 400 Bad Request[\r][\n]"
11:50:53.637 [main] DEBUG org.apache.http.wire -  << "Content-Type: application/json; charset=UTF-8[\r][\n]"
11:50:53.637 [main] DEBUG org.apache.http.wire -  << "Vary: Origin[\r][\n]"
11:50:53.637 [main] DEBUG org.apache.http.wire -  << "Date: Mon, 26 Jun 2023 04:50:53 GMT[\r][\n]"
11:50:53.637 [main] DEBUG org.apache.http.wire -  << "Content-Length: 39[\r][\n]"
11:50:53.637 [main] DEBUG org.apache.http.wire -  << "[\r][\n]"
11:50:53.637 [main] DEBUG org.apache.http.impl.conn.DefaultClientConnection - Receiving response: HTTP/1.1 400 Bad Request
11:50:53.637 [main] DEBUG org.apache.http.headers - << HTTP/1.1 400 Bad Request
11:50:53.637 [main] DEBUG org.apache.http.headers - << Content-Type: application/json; charset=UTF-8
11:50:53.637 [main] DEBUG org.apache.http.headers - << Vary: Origin
11:50:53.637 [main] DEBUG org.apache.http.headers - << Date: Mon, 26 Jun 2023 04:50:53 GMT
11:50:53.637 [main] DEBUG org.apache.http.headers - << Content-Length: 39
11:50:53.637 [main] DEBUG org.apache.http.impl.client.DefaultHttpClient - Connection can be kept alive indefinitely
11:50:53.637 [main] DEBUG io.restassured.internal.RestAssuredHttpBuilder - Parsing response as: application/json; charset=UTF-8
11:50:53.637 [main] DEBUG io.restassured.internal.RestAssuredHttpBuilder - Parsed data to instance of: class org.apache.http.conn.EofSensorInputStream
11:50:53.638 [main] DEBUG org.apache.http.wire -  << "{"message":"missing or malformed jwt"}[\n]"
11:50:53.638 [main] DEBUG org.apache.http.impl.conn.BasicClientConnectionManager - Releasing connection org.apache.http.impl.conn.ManagedClientConnectionImpl@123a21ad
11:50:53.638 [main] DEBUG org.apache.http.impl.conn.BasicClientConnectionManager - Connection can be kept alive indefinitely
11:50:53.638 [main] DEBUG net.thucydides.core.steps.StepInterceptor - STEP DONE: admin sent HTTP POST request post promo
  &amp#27;[32mAnd &amp#27;[0m&amp#27;[32madmin sent HTTP POST request post promo&amp#27;[0m                       &amp#27;[90m# starter.stepdefinitions.Website.PromoSteps.adminSentHTTPPOSTRequestPostPromo()&amp#27;[0m
11:50:53.640 [main] DEBUG net.thucydides.core.steps.StepInterceptor - STARTING STEP: PromoSteps.adminReceiveAValidLoginAndPromoHTTPResponseCode200 - admin receive a valid login and promo HTTP response code 200
11:50:53.641 [main] DEBUG net.thucydides.core.steps.StepInterceptor - STARTING STEP: promo.adminReceiveAValidLoginAndPromoHTTPResponseCode200 - admin set the POST api endpoint promo
11:50:53.641 [main] DEBUG net.thucydides.core.steps.StepInterceptor - STEP DONE: admin set the POST api endpoint promo
11:50:53.644 [main] DEBUG org.apache.http.impl.conn.BasicClientConnectionManager - Get connection for route {}->http://167.172.66.247:8002
11:50:53.644 [main] DEBUG org.apache.http.impl.conn.DefaultClientConnectionOperator - Connecting to 167.172.66.247:8002
11:50:53.677 [main] DEBUG org.apache.http.client.protocol.RequestAddCookies - CookieSpec selected: ignoreCookies
11:50:53.677 [main] DEBUG org.apache.http.client.protocol.RequestAuthCache - Auth cache not set in the context
11:50:53.677 [main] DEBUG org.apache.http.client.protocol.RequestProxyAuthentication - Proxy auth state: UNCHALLENGED
11:50:53.677 [main] DEBUG org.apache.http.impl.client.DefaultHttpClient - Attempt 1 to execute request
11:50:53.677 [main] DEBUG org.apache.http.impl.conn.DefaultClientConnection - Sending request: GET /promo HTTP/1.1
11:50:53.677 [main] DEBUG org.apache.http.wire -  >> "GET /promo HTTP/1.1[\r][\n]"
11:50:53.677 [main] DEBUG org.apache.http.wire -  >> "Authorization: Bearer eyJhbGciOiJIUzI1NiIsInR5cCI6IkpXVCJ9.eyJleHAiOjE2ODc3NzMwNTMsImlkIjoxLCJpc3MiOiJxd2VydHkiLCJuYW1lIjoiU2VhbiAxIn0.QcwuOWTQKbj-0Vbmz9NknYsBJ4DSvddss-5JGJprjes[\r][\n]"
11:50:53.677 [main] DEBUG org.apache.http.wire -  >> "Accept: */*[\r][\n]"
11:50:53.677 [main] DEBUG org.apache.http.wire -  >> "Host: 167.172.66.247:8002[\r][\n]"
11:50:53.677 [main] DEBUG org.apache.http.wire -  >> "Connection: Keep-Alive[\r][\n]"
11:50:53.677 [main] DEBUG org.apache.http.wire -  >> "User-Agent: Apache-HttpClient/4.5.13 (Java/17.0.7)[\r][\n]"
11:50:53.677 [main] DEBUG org.apache.http.wire -  >> "Accept-Encoding: gzip,deflate[\r][\n]"
11:50:53.677 [main] DEBUG org.apache.http.wire -  >> "[\r][\n]"
11:50:53.677 [main] DEBUG org.apache.http.headers - >> GET /promo HTTP/1.1
11:50:53.677 [main] DEBUG org.apache.http.headers - >> Authorization: Bearer eyJhbGciOiJIUzI1NiIsInR5cCI6IkpXVCJ9.eyJleHAiOjE2ODc3NzMwNTMsImlkIjoxLCJpc3MiOiJxd2VydHkiLCJuYW1lIjoiU2VhbiAxIn0.QcwuOWTQKbj-0Vbmz9NknYsBJ4DSvddss-5JGJprjes
11:50:53.677 [main] DEBUG org.apache.http.headers - >> Accept: */*
11:50:53.677 [main] DEBUG org.apache.http.headers - >> Host: 167.172.66.247:8002
11:50:53.677 [main] DEBUG org.apache.http.headers - >> Connection: Keep-Alive
11:50:53.677 [main] DEBUG org.apache.http.headers - >> User-Agent: Apache-HttpClient/4.5.13 (Java/17.0.7)
11:50:53.677 [main] DEBUG org.apache.http.headers - >> Accept-Encoding: gzip,deflate
11:50:53.737 [main] DEBUG org.apache.http.wire -  << "HTTP/1.1 200 OK[\r][\n]"
11:50:53.737 [main] DEBUG org.apache.http.wire -  << "Content-Type: application/json; charset=UTF-8[\r][\n]"
11:50:53.737 [main] DEBUG org.apache.http.wire -  << "Vary: Origin[\r][\n]"
11:50:53.737 [main] DEBUG org.apache.http.wire -  << "Date: Mon, 26 Jun 2023 04:50:53 GMT[\r][\n]"
11:50:53.737 [main] DEBUG org.apache.http.wire -  << "Transfer-Encoding: chunked[\r][\n]"
11:50:53.737 [main] DEBUG org.apache.http.wire -  << "[\r][\n]"
11:50:53.737 [main] DEBUG org.apache.http.impl.conn.DefaultClientConnection - Receiving response: HTTP/1.1 200 OK
11:50:53.737 [main] DEBUG org.apache.http.headers - << HTTP/1.1 200 OK
11:50:53.737 [main] DEBUG org.apache.http.headers - << Content-Type: application/json; charset=UTF-8
11:50:53.737 [main] DEBUG org.apache.http.headers - << Vary: Origin
11:50:53.737 [main] DEBUG org.apache.http.headers - << Date: Mon, 26 Jun 2023 04:50:53 GMT
11:50:53.737 [main] DEBUG org.apache.http.headers - << Transfer-Encoding: chunked
11:50:53.737 [main] DEBUG org.apache.http.impl.client.DefaultHttpClient - Connection can be kept alive indefinitely
11:50:53.737 [main] DEBUG io.restassured.internal.RestAssuredHttpBuilder - Parsing response as: application/json; charset=UTF-8
11:50:53.737 [main] DEBUG io.restassured.internal.RestAssuredHttpBuilder - Parsed data to instance of: class org.apache.http.conn.EofSensorInputStream
11:50:53.738 [main] DEBUG org.apache.http.wire -  << "845[\r][\n]"
11:50:53.738 [main] DEBUG org.apache.http.wire -  << "{"data":{"data":[{"ID":16,"CreatedAt":"2023-06-18T02:54:20.765Z","UpdatedAt":"2023-06-25T14:21:59.998Z","DeletedAt":null,"nama":"BaliNyepi","deskripsi":"Promo menyambut hari suci umat Hindu","kode":"NYEPI","potongan_harga":18000},{"ID":19,"CreatedAt":"2023-06-18T02:54:38.326Z","UpdatedAt":"2023-06-25T12:38:19.763Z","DeletedAt":null,"nama":"Promo Merdeka","deskripsi":"Promo menyambut hari kemerdekaan","kode":"MERAHPUTIH","potongan_harga":30000},{"ID":20,"CreatedAt":"2023-06-18T02:54:40.272Z","UpdatedAt":"2023-06-25T13:54:27.183Z","DeletedAt":null,"nama":"SEMI","deskripsi":"Promo setiap hari Senin dan Minggu","kode":"SEMI2023","potongan_harga":2000},{"ID":21,"CreatedAt":"2023-06-18T02:54:42.087Z","UpdatedAt":"2023-06-25T13:10:00.663Z","DeletedAt":null,"nama":"Mid year sale","deskripsi":"Promo pertengahan tahun","kode":"JULI23","potongan_harga":20000},{"ID":22,"CreatedAt":"2023-06-18T02:54:43.979Z","UpdatedAt":"2023-06-25T13:12:13.261Z","DeletedAt":null,"nama":"PDKT","deskripsi":"Promo Diskon Akhir Tahun","kode":"PDKT","potongan_harga":40000},{"ID":23,"CreatedAt":"2023-06-18T03:15:28.984Z","UpdatedAt":"2023-06-25T13:38:47.144Z","DeletedAt":null,"nama":"Balink Happy","deskripsi":"Promo ulang tahun balink","kode":"HAPPY","p"
11:50:53.767 [main] DEBUG org.apache.http.wire -  << "otongan_harga":50000},{"ID":45,"CreatedAt":"2023-06-25T13:47:42.567Z","UpdatedAt":"2023-06-25T13:57:42.104Z","DeletedAt":null,"nama":"Promo 1.1","deskripsi":"Promo bulan Januari","kode":"P11","potongan_harga":10000},{"ID":46,"CreatedAt":"2023-06-25T13:58:24Z","UpdatedAt":"2023-06-25T13:58:24Z","DeletedAt":null,"nama":"Promo 2.2","deskripsi":"Promo bulan Februari","kode":"P22","potongan_harga":12000},{"ID":47,"CreatedAt":"2023-06-25T13:58:59.449Z","UpdatedAt":"2023-06-25T13:58:59.449Z","DeletedAt":null,"nama":"Promo 3.3","deskripsi":"Promo bulan Maret","kode":"P33","potongan_harga":13000},{"ID":48,"CreatedAt":"2023-06-25T13:59:35.373Z","UpdatedAt":"2023-06-25T13:59:35.373Z","DeletedAt":null,"nama":"Promo 4.4","deskripsi":"Promo bulan April","kode":"P44","potongan_harga":14000}],"data_shown":10,"page":1,"total_data":11},"message":"Get all Promo success","status":true}[\n]"
11:50:53.767 [main] DEBUG org.apache.http.wire -  << "[\r][\n]"
11:50:53.767 [main] DEBUG org.apache.http.wire -  << "0[\r][\n]"
11:50:53.767 [main] DEBUG org.apache.http.wire -  << "[\r][\n]"
11:50:53.767 [main] DEBUG org.apache.http.impl.conn.BasicClientConnectionManager - Releasing connection org.apache.http.impl.conn.ManagedClientConnectionImpl@4f0381cd
11:50:53.767 [main] DEBUG org.apache.http.impl.conn.BasicClientConnectionManager - Connection can be kept alive indefinitely
11:50:53.769 [main] DEBUG net.thucydides.core.steps.StepInterceptor - STEP DONE: admin receive a valid login and promo HTTP response code 200
  &amp#27;[32mThen &amp#27;[0m&amp#27;[32madmin receive a valid login and promo HTTP response code 200&amp#27;[0m &amp#27;[90m# starter.stepdefinitions.Website.PromoSteps.adminReceiveAValidLoginAndPromoHTTPResponseCode200()&amp#27;[0m
11:50:53.771 [main] INFO  - 
  _____   ___   ___   _____     ___     _     ___   ___   ___   ___  
 |_   _| | __| / __| |_   _|   | _ \   /_\   / __| / __| | __| |   \ 
   | |   | _|  \__ \   | |     |  _/  / _ \  \__ \ \__ \ | _|  | |) |
   |_|   |___| |___/   |_|     |_|   /_/ \_\ |___/ |___/ |___| |___/ 

As admin, ensures that new promo can be added correctly
----------------------------------------------------------------------
]]></system-out>
  </testcase>
  <testcase name="As admin, I can get all promo data" classname="As Admin, I want to manage the event feature #4" time="0.335">
    <system-out><![CDATA[
@TCPROMO02
Scenario: As admin, I can get all promo data                        &amp#27;[90m# src/test/resources/Feature/Api/Website/Promo.feature:13&amp#27;[0m
11:50:53.781 [main] INFO io.cucumber.core.plugin.SerenityReporter - Running feature from file:///Users/macbookpro/Documents/Capstone_API_CI/src/test/resources/Feature/Api/Website/Promo.feature
11:50:53.781 [main] WARN io.cucumber.core.plugin.SerenityReporter - Feature from file:///Users/macbookpro/Documents/Capstone_API_CI/src/test/resources/Feature/Api/Website/Promo.feature is not under the 'features' directory. Requirements report will not be correctly generated!
11:50:53.781 [main] INFO  - 
  _____   ___   ___   _____     ___   _____     _     ___   _____   ___   ___  
 |_   _| | __| / __| |_   _|   / __| |_   _|   /_\   | _ \ |_   _| | __| |   \ 
   | |   | _|  \__ \   | |     \__ \   | |    / _ \  |   /   | |   | _|  | |) |
   |_|   |___| |___/   |_|     |___/   |_|   /_/ \_\ |_|_\   |_|   |___| |___/ 

As admin, I can get all promo data(as-admin--i-want-to-manage-the-event-feature;as-admin--i-can-get-all-promo-data)
--------------------------------------------------------------------------------
11:50:53.784 [main] DEBUG net.thucydides.core.steps.StepInterceptor - STARTING STEP: PromoSteps.adminSetUpApiEndpointLoginInPromo - admin set up api endpoint login in promo
11:50:53.784 [main] DEBUG net.thucydides.core.steps.StepInterceptor - STEP DONE: admin set up api endpoint login in promo
  &amp#27;[32mGiven &amp#27;[0m&amp#27;[32madmin set up api endpoint login in promo&amp#27;[0m                    &amp#27;[90m# starter.stepdefinitions.Website.PromoSteps.adminSetUpApiEndpointLoginInPromo()&amp#27;[0m
11:50:53.784 [main] DEBUG net.thucydides.core.steps.StepInterceptor - STARTING STEP: PromoSteps.adminSendAHTTPRequestLoginInPromo - admin send a HTTP request login in promo
11:50:53.785 [main] DEBUG net.thucydides.core.steps.StepInterceptor - STARTING STEP: promo.adminSendAHTTPRequestLoginInPromo - admin set up api endpoint login in promo
11:50:53.785 [main] DEBUG net.thucydides.core.steps.StepInterceptor - STEP DONE: admin set up api endpoint login in promo
11:50:53.787 [main] DEBUG org.apache.http.impl.conn.BasicClientConnectionManager - Get connection for route {}->http://167.172.66.247:8002
11:50:53.787 [main] DEBUG org.apache.http.impl.conn.DefaultClientConnectionOperator - Connecting to 167.172.66.247:8002
11:50:53.817 [main] DEBUG org.apache.http.client.protocol.RequestAddCookies - CookieSpec selected: ignoreCookies
11:50:53.817 [main] DEBUG org.apache.http.client.protocol.RequestAuthCache - Auth cache not set in the context
11:50:53.817 [main] DEBUG org.apache.http.client.protocol.RequestTargetAuthentication - Target auth state: UNCHALLENGED
11:50:53.817 [main] DEBUG org.apache.http.client.protocol.RequestProxyAuthentication - Proxy auth state: UNCHALLENGED
11:50:53.817 [main] DEBUG org.apache.http.impl.client.DefaultHttpClient - Attempt 1 to execute request
11:50:53.817 [main] DEBUG org.apache.http.impl.conn.DefaultClientConnection - Sending request: POST /admin_login HTTP/1.1
11:50:53.817 [main] DEBUG org.apache.http.wire -  >> "POST /admin_login HTTP/1.1[\r][\n]"
11:50:53.817 [main] DEBUG org.apache.http.wire -  >> "Accept: */*[\r][\n]"
11:50:53.817 [main] DEBUG org.apache.http.wire -  >> "Content-Type: application/json[\r][\n]"
11:50:53.817 [main] DEBUG org.apache.http.wire -  >> "Content-Length: 54[\r][\n]"
11:50:53.817 [main] DEBUG org.apache.http.wire -  >> "Host: 167.172.66.247:8002[\r][\n]"
11:50:53.817 [main] DEBUG org.apache.http.wire -  >> "Connection: Keep-Alive[\r][\n]"
11:50:53.817 [main] DEBUG org.apache.http.wire -  >> "User-Agent: Apache-HttpClient/4.5.13 (Java/17.0.7)[\r][\n]"
11:50:53.817 [main] DEBUG org.apache.http.wire -  >> "Accept-Encoding: gzip,deflate[\r][\n]"
11:50:53.817 [main] DEBUG org.apache.http.wire -  >> "[\r][\n]"
11:50:53.817 [main] DEBUG org.apache.http.headers - >> POST /admin_login HTTP/1.1
11:50:53.817 [main] DEBUG org.apache.http.headers - >> Accept: */*
11:50:53.817 [main] DEBUG org.apache.http.headers - >> Content-Type: application/json
11:50:53.817 [main] DEBUG org.apache.http.headers - >> Content-Length: 54
11:50:53.817 [main] DEBUG org.apache.http.headers - >> Host: 167.172.66.247:8002
11:50:53.817 [main] DEBUG org.apache.http.headers - >> Connection: Keep-Alive
11:50:53.817 [main] DEBUG org.apache.http.headers - >> User-Agent: Apache-HttpClient/4.5.13 (Java/17.0.7)
11:50:53.817 [main] DEBUG org.apache.http.headers - >> Accept-Encoding: gzip,deflate
11:50:53.817 [main] DEBUG org.apache.http.wire -  >> "{"password":"123456","email":"BalinkBarong@gmail.com"}"
11:50:53.887 [main] DEBUG org.apache.http.wire -  << "HTTP/1.1 200 OK[\r][\n]"
11:50:53.887 [main] DEBUG org.apache.http.wire -  << "Content-Type: application/json; charset=UTF-8[\r][\n]"
11:50:53.887 [main] DEBUG org.apache.http.wire -  << "Vary: Origin[\r][\n]"
11:50:53.887 [main] DEBUG org.apache.http.wire -  << "Date: Mon, 26 Jun 2023 04:50:54 GMT[\r][\n]"
11:50:53.887 [main] DEBUG org.apache.http.wire -  << "Content-Length: 851[\r][\n]"
11:50:53.887 [main] DEBUG org.apache.http.wire -  << "[\r][\n]"
11:50:53.887 [main] DEBUG org.apache.http.impl.conn.DefaultClientConnection - Receiving response: HTTP/1.1 200 OK
11:50:53.887 [main] DEBUG org.apache.http.headers - << HTTP/1.1 200 OK
11:50:53.887 [main] DEBUG org.apache.http.headers - << Content-Type: application/json; charset=UTF-8
11:50:53.887 [main] DEBUG org.apache.http.headers - << Vary: Origin
11:50:53.887 [main] DEBUG org.apache.http.headers - << Date: Mon, 26 Jun 2023 04:50:54 GMT
11:50:53.887 [main] DEBUG org.apache.http.headers - << Content-Length: 851
11:50:53.887 [main] DEBUG org.apache.http.impl.client.DefaultHttpClient - Connection can be kept alive indefinitely
11:50:53.887 [main] DEBUG io.restassured.internal.RestAssuredHttpBuilder - Parsing response as: application/json; charset=UTF-8
11:50:53.887 [main] DEBUG io.restassured.internal.RestAssuredHttpBuilder - Parsed data to instance of: class org.apache.http.conn.EofSensorInputStream
11:50:53.887 [main] DEBUG org.apache.http.wire -  << "{"data":{"profile_perusahaan":{"ID":1,"CreatedAt":"0001-01-01T00:00:00Z","UpdatedAt":"2023-06-25T16:52:02.995Z","DeletedAt":null,"nama":"Sean 1","deskripsi":"lorem ipsum","foto_profile":"123","email":"BalinkBarong@gmail.com","password":"123456","no_telepon":"0811111111111","whatsapp":"0811111111111","instagram":"@balink","facebook":"balink","alamat":"Kecamatan Kuta, Sebelah Selata Kota Denpasar, Bali","negara":"Indonesia","kode_pos":"16442","rekening_bca":"0","rekening_mandiri":"12345678910","rekening_bri":"12345678910","rekening_bni":"12345678910","rekening_btn":"12345678910","rekening_seabank":"0","rekening_bpd_bali":"12345678910"},"token":"eyJhbGciOiJIUzI1NiIsInR5cCI6IkpXVCJ9.eyJleHAiOjE2ODc3NzMwNTQsImlkIjoxLCJpc3MiOiJxd2VydHkiLCJuYW1lIjoiU2VhbiAxIn0.ogxjPyx20ZBrm_jNZAmV-ZKXtUKI05OAwZxHec0e0tg"},"message":"Login success","status":true}[\n]"
11:50:53.887 [main] DEBUG org.apache.http.impl.conn.BasicClientConnectionManager - Releasing connection org.apache.http.impl.conn.ManagedClientConnectionImpl@504a9352
11:50:53.887 [main] DEBUG org.apache.http.impl.conn.BasicClientConnectionManager - Connection can be kept alive indefinitely
11:50:53.891 [main] DEBUG net.thucydides.core.steps.StepInterceptor - STEP DONE: admin send a HTTP request login in promo
  &amp#27;[32mWhen &amp#27;[0m&amp#27;[32madmin send a HTTP request login in promo&amp#27;[0m                     &amp#27;[90m# starter.stepdefinitions.Website.PromoSteps.adminSendAHTTPRequestLoginInPromo()&amp#27;[0m
11:50:53.891 [main] DEBUG net.thucydides.core.steps.StepInterceptor - STARTING STEP: PromoSteps.adminSetTheGETApiEndpointPromo - admin set the GET api endpoint promo
11:50:53.892 [main] DEBUG net.thucydides.core.steps.StepInterceptor - STEP DONE: admin set the GET api endpoint promo
  &amp#27;[32mAnd &amp#27;[0m&amp#27;[32madmin set the GET api endpoint promo&amp#27;[0m                          &amp#27;[90m# starter.stepdefinitions.Website.PromoSteps.adminSetTheGETApiEndpointPromo()&amp#27;[0m
11:50:53.892 [main] DEBUG net.thucydides.core.steps.StepInterceptor - STARTING STEP: PromoSteps.adminSentHTTPGETRequestGetPromo - admin sent HTTP GET request get promo
11:50:53.892 [main] DEBUG net.thucydides.core.steps.StepInterceptor - STARTING STEP: promo.adminSentHTTPGETRequestGetPromo - admin set the GET api endpoint promo
11:50:53.892 [main] DEBUG net.thucydides.core.steps.StepInterceptor - STEP DONE: admin set the GET api endpoint promo
11:50:53.893 [main] DEBUG org.apache.http.impl.conn.BasicClientConnectionManager - Get connection for route {}->http://167.172.66.247:8002
11:50:53.894 [main] DEBUG org.apache.http.impl.conn.DefaultClientConnectionOperator - Connecting to 167.172.66.247:8002
11:50:53.927 [main] DEBUG org.apache.http.client.protocol.RequestAddCookies - CookieSpec selected: ignoreCookies
11:50:53.927 [main] DEBUG org.apache.http.client.protocol.RequestAuthCache - Auth cache not set in the context
11:50:53.927 [main] DEBUG org.apache.http.client.protocol.RequestTargetAuthentication - Target auth state: UNCHALLENGED
11:50:53.927 [main] DEBUG org.apache.http.client.protocol.RequestProxyAuthentication - Proxy auth state: UNCHALLENGED
11:50:53.927 [main] DEBUG org.apache.http.impl.client.DefaultHttpClient - Attempt 1 to execute request
11:50:53.927 [main] DEBUG org.apache.http.impl.conn.DefaultClientConnection - Sending request: GET /promo?page=1&limit=10 HTTP/1.1
11:50:53.927 [main] DEBUG org.apache.http.wire -  >> "GET /promo?page=1&limit=10 HTTP/1.1[\r][\n]"
11:50:53.927 [main] DEBUG org.apache.http.wire -  >> "Accept: */*[\r][\n]"
11:50:53.927 [main] DEBUG org.apache.http.wire -  >> "Host: 167.172.66.247:8002[\r][\n]"
11:50:53.927 [main] DEBUG org.apache.http.wire -  >> "Connection: Keep-Alive[\r][\n]"
11:50:53.927 [main] DEBUG org.apache.http.wire -  >> "User-Agent: Apache-HttpClient/4.5.13 (Java/17.0.7)[\r][\n]"
11:50:53.927 [main] DEBUG org.apache.http.wire -  >> "Accept-Encoding: gzip,deflate[\r][\n]"
11:50:53.927 [main] DEBUG org.apache.http.wire -  >> "[\r][\n]"
11:50:53.927 [main] DEBUG org.apache.http.headers - >> GET /promo?page=1&limit=10 HTTP/1.1
11:50:53.927 [main] DEBUG org.apache.http.headers - >> Accept: */*
11:50:53.927 [main] DEBUG org.apache.http.headers - >> Host: 167.172.66.247:8002
11:50:53.927 [main] DEBUG org.apache.http.headers - >> Connection: Keep-Alive
11:50:53.927 [main] DEBUG org.apache.http.headers - >> User-Agent: Apache-HttpClient/4.5.13 (Java/17.0.7)
11:50:53.927 [main] DEBUG org.apache.http.headers - >> Accept-Encoding: gzip,deflate
11:50:53.997 [main] DEBUG org.apache.http.wire -  << "HTTP/1.1 400 Bad Request[\r][\n]"
11:50:53.997 [main] DEBUG org.apache.http.wire -  << "Content-Type: application/json; charset=UTF-8[\r][\n]"
11:50:53.997 [main] DEBUG org.apache.http.wire -  << "Vary: Origin[\r][\n]"
11:50:53.997 [main] DEBUG org.apache.http.wire -  << "Date: Mon, 26 Jun 2023 04:50:54 GMT[\r][\n]"
11:50:53.997 [main] DEBUG org.apache.http.wire -  << "Content-Length: 39[\r][\n]"
11:50:53.997 [main] DEBUG org.apache.http.wire -  << "[\r][\n]"
11:50:53.997 [main] DEBUG org.apache.http.impl.conn.DefaultClientConnection - Receiving response: HTTP/1.1 400 Bad Request
11:50:53.997 [main] DEBUG org.apache.http.headers - << HTTP/1.1 400 Bad Request
11:50:53.997 [main] DEBUG org.apache.http.headers - << Content-Type: application/json; charset=UTF-8
11:50:53.997 [main] DEBUG org.apache.http.headers - << Vary: Origin
11:50:53.997 [main] DEBUG org.apache.http.headers - << Date: Mon, 26 Jun 2023 04:50:54 GMT
11:50:53.997 [main] DEBUG org.apache.http.headers - << Content-Length: 39
11:50:53.997 [main] DEBUG org.apache.http.impl.client.DefaultHttpClient - Connection can be kept alive indefinitely
11:50:53.997 [main] DEBUG io.restassured.internal.RestAssuredHttpBuilder - Parsing response as: application/json; charset=UTF-8
11:50:53.997 [main] DEBUG io.restassured.internal.RestAssuredHttpBuilder - Parsed data to instance of: class org.apache.http.conn.EofSensorInputStream
11:50:53.997 [main] DEBUG org.apache.http.wire -  << "{"message":"missing or malformed jwt"}[\n]"
11:50:53.997 [main] DEBUG org.apache.http.impl.conn.BasicClientConnectionManager - Releasing connection org.apache.http.impl.conn.ManagedClientConnectionImpl@1c3eeda4
11:50:53.997 [main] DEBUG org.apache.http.impl.conn.BasicClientConnectionManager - Connection can be kept alive indefinitely
11:50:53.997 [main] DEBUG net.thucydides.core.steps.StepInterceptor - STEP DONE: admin sent HTTP GET request get promo
  &amp#27;[32mAnd &amp#27;[0m&amp#27;[32madmin sent HTTP GET request get promo&amp#27;[0m                         &amp#27;[90m# starter.stepdefinitions.Website.PromoSteps.adminSentHTTPGETRequestGetPromo()&amp#27;[0m
11:50:53.998 [main] DEBUG net.thucydides.core.steps.StepInterceptor - STARTING STEP: PromoSteps.adminReceiveAValidLoginAndPromoHTTPResponseCode200 - admin receive a valid login and promo HTTP response code 200
11:50:53.999 [main] DEBUG net.thucydides.core.steps.StepInterceptor - STARTING STEP: promo.adminReceiveAValidLoginAndPromoHTTPResponseCode200 - admin set the POST api endpoint promo
11:50:53.999 [main] DEBUG net.thucydides.core.steps.StepInterceptor - STEP DONE: admin set the POST api endpoint promo
11:50:54.001 [main] DEBUG org.apache.http.impl.conn.BasicClientConnectionManager - Get connection for route {}->http://167.172.66.247:8002
11:50:54.001 [main] DEBUG org.apache.http.impl.conn.DefaultClientConnectionOperator - Connecting to 167.172.66.247:8002
11:50:54.037 [main] DEBUG org.apache.http.client.protocol.RequestAddCookies - CookieSpec selected: ignoreCookies
11:50:54.037 [main] DEBUG org.apache.http.client.protocol.RequestAuthCache - Auth cache not set in the context
11:50:54.037 [main] DEBUG org.apache.http.client.protocol.RequestProxyAuthentication - Proxy auth state: UNCHALLENGED
11:50:54.037 [main] DEBUG org.apache.http.impl.client.DefaultHttpClient - Attempt 1 to execute request
11:50:54.037 [main] DEBUG org.apache.http.impl.conn.DefaultClientConnection - Sending request: GET /promo HTTP/1.1
11:50:54.037 [main] DEBUG org.apache.http.wire -  >> "GET /promo HTTP/1.1[\r][\n]"
11:50:54.037 [main] DEBUG org.apache.http.wire -  >> "Authorization: Bearer eyJhbGciOiJIUzI1NiIsInR5cCI6IkpXVCJ9.eyJleHAiOjE2ODc3NzMwNTQsImlkIjoxLCJpc3MiOiJxd2VydHkiLCJuYW1lIjoiU2VhbiAxIn0.ogxjPyx20ZBrm_jNZAmV-ZKXtUKI05OAwZxHec0e0tg[\r][\n]"
11:50:54.037 [main] DEBUG org.apache.http.wire -  >> "Accept: */*[\r][\n]"
11:50:54.037 [main] DEBUG org.apache.http.wire -  >> "Host: 167.172.66.247:8002[\r][\n]"
11:50:54.037 [main] DEBUG org.apache.http.wire -  >> "Connection: Keep-Alive[\r][\n]"
11:50:54.037 [main] DEBUG org.apache.http.wire -  >> "User-Agent: Apache-HttpClient/4.5.13 (Java/17.0.7)[\r][\n]"
11:50:54.037 [main] DEBUG org.apache.http.wire -  >> "Accept-Encoding: gzip,deflate[\r][\n]"
11:50:54.037 [main] DEBUG org.apache.http.wire -  >> "[\r][\n]"
11:50:54.037 [main] DEBUG org.apache.http.headers - >> GET /promo HTTP/1.1
11:50:54.037 [main] DEBUG org.apache.http.headers - >> Authorization: Bearer eyJhbGciOiJIUzI1NiIsInR5cCI6IkpXVCJ9.eyJleHAiOjE2ODc3NzMwNTQsImlkIjoxLCJpc3MiOiJxd2VydHkiLCJuYW1lIjoiU2VhbiAxIn0.ogxjPyx20ZBrm_jNZAmV-ZKXtUKI05OAwZxHec0e0tg
11:50:54.037 [main] DEBUG org.apache.http.headers - >> Accept: */*
11:50:54.037 [main] DEBUG org.apache.http.headers - >> Host: 167.172.66.247:8002
11:50:54.037 [main] DEBUG org.apache.http.headers - >> Connection: Keep-Alive
11:50:54.037 [main] DEBUG org.apache.http.headers - >> User-Agent: Apache-HttpClient/4.5.13 (Java/17.0.7)
11:50:54.037 [main] DEBUG org.apache.http.headers - >> Accept-Encoding: gzip,deflate
11:50:54.097 [main] DEBUG org.apache.http.wire -  << "HTTP/1.1 200 OK[\r][\n]"
11:50:54.097 [main] DEBUG org.apache.http.wire -  << "Content-Type: application/json; charset=UTF-8[\r][\n]"
11:50:54.097 [main] DEBUG org.apache.http.wire -  << "Vary: Origin[\r][\n]"
11:50:54.097 [main] DEBUG org.apache.http.wire -  << "Date: Mon, 26 Jun 2023 04:50:54 GMT[\r][\n]"
11:50:54.097 [main] DEBUG org.apache.http.wire -  << "Transfer-Encoding: chunked[\r][\n]"
11:50:54.097 [main] DEBUG org.apache.http.wire -  << "[\r][\n]"
11:50:54.097 [main] DEBUG org.apache.http.impl.conn.DefaultClientConnection - Receiving response: HTTP/1.1 200 OK
11:50:54.097 [main] DEBUG org.apache.http.headers - << HTTP/1.1 200 OK
11:50:54.097 [main] DEBUG org.apache.http.headers - << Content-Type: application/json; charset=UTF-8
11:50:54.097 [main] DEBUG org.apache.http.headers - << Vary: Origin
11:50:54.097 [main] DEBUG org.apache.http.headers - << Date: Mon, 26 Jun 2023 04:50:54 GMT
11:50:54.097 [main] DEBUG org.apache.http.headers - << Transfer-Encoding: chunked
11:50:54.097 [main] DEBUG org.apache.http.impl.client.DefaultHttpClient - Connection can be kept alive indefinitely
11:50:54.097 [main] DEBUG io.restassured.internal.RestAssuredHttpBuilder - Parsing response as: application/json; charset=UTF-8
11:50:54.097 [main] DEBUG io.restassured.internal.RestAssuredHttpBuilder - Parsed data to instance of: class org.apache.http.conn.EofSensorInputStream
11:50:54.097 [main] DEBUG org.apache.http.wire -  << "845[\r][\n]"
11:50:54.097 [main] DEBUG org.apache.http.wire -  << "{"data":{"data":[{"ID":16,"CreatedAt":"2023-06-18T02:54:20.765Z","UpdatedAt":"2023-06-25T14:21:59.998Z","DeletedAt":null,"nama":"BaliNyepi","deskripsi":"Promo menyambut hari suci umat Hindu","kode":"NYEPI","potongan_harga":18000},{"ID":19,"CreatedAt":"2023-06-18T02:54:38.326Z","UpdatedAt":"2023-06-25T12:38:19.763Z","DeletedAt":null,"nama":"Promo Merdeka","deskripsi":"Promo menyambut hari kemerdekaan","kode":"MERAHPUTIH","potongan_harga":30000},{"ID":20,"CreatedAt":"2023-06-18T02:54:40.272Z","UpdatedAt":"2023-06-25T13:54:27.183Z","DeletedAt":null,"nama":"SEMI","deskripsi":"Promo setiap hari Senin dan Minggu","kode":"SEMI2023","potongan_harga":2000},{"ID":21,"CreatedAt":"2023-06-18T02:54:42.087Z","UpdatedAt":"2023-06-25T13:10:00.663Z","DeletedAt":null,"nama":"Mid year sale","deskripsi":"Promo pertengahan tahun","kode":"JULI23","potongan_harga":20000},{"ID":22,"CreatedAt":"2023-06-18T02:54:43.979Z","UpdatedAt":"2023-06-25T13:12:13.261Z","DeletedAt":null,"nama":"PDKT","deskripsi":"Promo Diskon Akhir Tahun","kode":"PDKT","potongan_harga":40000},{"ID":23,"CreatedAt":"2023-06-18T03:15:28.984Z","UpdatedAt":"2023-06-25T13:38:47.144Z","DeletedAt":null,"nama":"Balink Happy","deskripsi":"Promo ulang tahun balink","kode":"HAPPY","p"
11:50:54.106 [main] DEBUG org.apache.http.wire -  << "otongan_harga":50000},{"ID":45,"CreatedAt":"2023-06-25T13:47:42.567Z","UpdatedAt":"2023-06-25T13:57:42.104Z","DeletedAt":null,"nama":"Promo 1.1","deskripsi":"Promo bulan Januari","kode":"P11","potongan_harga":10000},{"ID":46,"CreatedAt":"2023-06-25T13:58:24Z","UpdatedAt":"2023-06-25T13:58:24Z","DeletedAt":null,"nama":"Promo 2.2","deskripsi":"Promo bulan Februari","kode":"P22","potongan_harga":12000},{"ID":47,"CreatedAt":"2023-06-25T13:58:59.449Z","UpdatedAt":"2023-06-25T13:58:59.449Z","DeletedAt":null,"nama":"Promo 3.3","deskripsi":"Promo bulan Maret","kode":"P33","potongan_harga":13000},{"ID":48,"CreatedAt":"2023-06-25T13:59:35.373Z","UpdatedAt":"2023-06-25T13:59:35.373Z","DeletedAt":null,"nama":"Promo 4.4","deskripsi":"Promo bulan April","kode":"P44","potongan_harga":14000}],"data_shown":10,"page":1,"total_data":11},"message":"Get all Promo success","status":true}[\n]"
11:50:54.107 [main] DEBUG org.apache.http.wire -  << "[\r][\n]"
11:50:54.107 [main] DEBUG org.apache.http.wire -  << "0[\r][\n]"
11:50:54.107 [main] DEBUG org.apache.http.wire -  << "[\r][\n]"
11:50:54.107 [main] DEBUG org.apache.http.impl.conn.BasicClientConnectionManager - Releasing connection org.apache.http.impl.conn.ManagedClientConnectionImpl@4d37c996
11:50:54.107 [main] DEBUG org.apache.http.impl.conn.BasicClientConnectionManager - Connection can be kept alive indefinitely
11:50:54.107 [main] DEBUG net.thucydides.core.steps.StepInterceptor - STEP DONE: admin receive a valid login and promo HTTP response code 200
  &amp#27;[32mThen &amp#27;[0m&amp#27;[32madmin receive a valid login and promo HTTP response code 200&amp#27;[0m &amp#27;[90m# starter.stepdefinitions.Website.PromoSteps.adminReceiveAValidLoginAndPromoHTTPResponseCode200()&amp#27;[0m
11:50:54.108 [main] INFO  - 
  _____   ___   ___   _____     ___     _     ___   ___   ___   ___  
 |_   _| | __| / __| |_   _|   | _ \   /_\   / __| / __| | __| |   \ 
   | |   | _|  \__ \   | |     |  _/  / _ \  \__ \ \__ \ | _|  | |) |
   |_|   |___| |___/   |_|     |_|   /_/ \_\ |___/ |___/ |___| |___/ 

As admin, I can get all promo data
----------------------------------------------------------------------
]]></system-out>
  </testcase>
  <testcase name="As admin, I can edit promo data by ID" classname="As Admin, I want to manage the event feature #4" time="0.323">
    <system-out><![CDATA[
@TCPROMO03
Scenario: As admin, I can edit promo data by ID                     &amp#27;[90m# src/test/resources/Feature/Api/Website/Promo.feature:22&amp#27;[0m
11:50:54.115 [main] INFO io.cucumber.core.plugin.SerenityReporter - Running feature from file:///Users/macbookpro/Documents/Capstone_API_CI/src/test/resources/Feature/Api/Website/Promo.feature
11:50:54.115 [main] WARN io.cucumber.core.plugin.SerenityReporter - Feature from file:///Users/macbookpro/Documents/Capstone_API_CI/src/test/resources/Feature/Api/Website/Promo.feature is not under the 'features' directory. Requirements report will not be correctly generated!
11:50:54.115 [main] INFO  - 
  _____   ___   ___   _____     ___   _____     _     ___   _____   ___   ___  
 |_   _| | __| / __| |_   _|   / __| |_   _|   /_\   | _ \ |_   _| | __| |   \ 
   | |   | _|  \__ \   | |     \__ \   | |    / _ \  |   /   | |   | _|  | |) |
   |_|   |___| |___/   |_|     |___/   |_|   /_/ \_\ |_|_\   |_|   |___| |___/ 

As admin, I can edit promo data by ID(as-admin--i-want-to-manage-the-event-feature;as-admin--i-can-edit-promo-data-by-id)
--------------------------------------------------------------------------------
11:50:54.117 [main] DEBUG net.thucydides.core.steps.StepInterceptor - STARTING STEP: PromoSteps.adminSetUpApiEndpointLoginInPromo - admin set up api endpoint login in promo
11:50:54.117 [main] DEBUG net.thucydides.core.steps.StepInterceptor - STEP DONE: admin set up api endpoint login in promo
  &amp#27;[32mGiven &amp#27;[0m&amp#27;[32madmin set up api endpoint login in promo&amp#27;[0m                    &amp#27;[90m# starter.stepdefinitions.Website.PromoSteps.adminSetUpApiEndpointLoginInPromo()&amp#27;[0m
11:50:54.118 [main] DEBUG net.thucydides.core.steps.StepInterceptor - STARTING STEP: PromoSteps.adminSendAHTTPRequestLoginInPromo - admin send a HTTP request login in promo
11:50:54.118 [main] DEBUG net.thucydides.core.steps.StepInterceptor - STARTING STEP: promo.adminSendAHTTPRequestLoginInPromo - admin set up api endpoint login in promo
11:50:54.118 [main] DEBUG net.thucydides.core.steps.StepInterceptor - STEP DONE: admin set up api endpoint login in promo
11:50:54.120 [main] DEBUG org.apache.http.impl.conn.BasicClientConnectionManager - Get connection for route {}->http://167.172.66.247:8002
11:50:54.120 [main] DEBUG org.apache.http.impl.conn.DefaultClientConnectionOperator - Connecting to 167.172.66.247:8002
11:50:54.157 [main] DEBUG org.apache.http.client.protocol.RequestAddCookies - CookieSpec selected: ignoreCookies
11:50:54.157 [main] DEBUG org.apache.http.client.protocol.RequestAuthCache - Auth cache not set in the context
11:50:54.157 [main] DEBUG org.apache.http.client.protocol.RequestTargetAuthentication - Target auth state: UNCHALLENGED
11:50:54.157 [main] DEBUG org.apache.http.client.protocol.RequestProxyAuthentication - Proxy auth state: UNCHALLENGED
11:50:54.157 [main] DEBUG org.apache.http.impl.client.DefaultHttpClient - Attempt 1 to execute request
11:50:54.157 [main] DEBUG org.apache.http.impl.conn.DefaultClientConnection - Sending request: POST /admin_login HTTP/1.1
11:50:54.157 [main] DEBUG org.apache.http.wire -  >> "POST /admin_login HTTP/1.1[\r][\n]"
11:50:54.157 [main] DEBUG org.apache.http.wire -  >> "Accept: */*[\r][\n]"
11:50:54.157 [main] DEBUG org.apache.http.wire -  >> "Content-Type: application/json[\r][\n]"
11:50:54.157 [main] DEBUG org.apache.http.wire -  >> "Content-Length: 54[\r][\n]"
11:50:54.157 [main] DEBUG org.apache.http.wire -  >> "Host: 167.172.66.247:8002[\r][\n]"
11:50:54.157 [main] DEBUG org.apache.http.wire -  >> "Connection: Keep-Alive[\r][\n]"
11:50:54.157 [main] DEBUG org.apache.http.wire -  >> "User-Agent: Apache-HttpClient/4.5.13 (Java/17.0.7)[\r][\n]"
11:50:54.157 [main] DEBUG org.apache.http.wire -  >> "Accept-Encoding: gzip,deflate[\r][\n]"
11:50:54.157 [main] DEBUG org.apache.http.wire -  >> "[\r][\n]"
11:50:54.157 [main] DEBUG org.apache.http.headers - >> POST /admin_login HTTP/1.1
11:50:54.157 [main] DEBUG org.apache.http.headers - >> Accept: */*
11:50:54.157 [main] DEBUG org.apache.http.headers - >> Content-Type: application/json
11:50:54.157 [main] DEBUG org.apache.http.headers - >> Content-Length: 54
11:50:54.157 [main] DEBUG org.apache.http.headers - >> Host: 167.172.66.247:8002
11:50:54.157 [main] DEBUG org.apache.http.headers - >> Connection: Keep-Alive
11:50:54.157 [main] DEBUG org.apache.http.headers - >> User-Agent: Apache-HttpClient/4.5.13 (Java/17.0.7)
11:50:54.157 [main] DEBUG org.apache.http.headers - >> Accept-Encoding: gzip,deflate
11:50:54.157 [main] DEBUG org.apache.http.wire -  >> "{"password":"123456","email":"BalinkBarong@gmail.com"}"
11:50:54.217 [main] DEBUG org.apache.http.wire -  << "HTTP/1.1 200 OK[\r][\n]"
11:50:54.217 [main] DEBUG org.apache.http.wire -  << "Content-Type: application/json; charset=UTF-8[\r][\n]"
11:50:54.217 [main] DEBUG org.apache.http.wire -  << "Vary: Origin[\r][\n]"
11:50:54.217 [main] DEBUG org.apache.http.wire -  << "Date: Mon, 26 Jun 2023 04:50:54 GMT[\r][\n]"
11:50:54.217 [main] DEBUG org.apache.http.wire -  << "Content-Length: 851[\r][\n]"
11:50:54.217 [main] DEBUG org.apache.http.wire -  << "[\r][\n]"
11:50:54.217 [main] DEBUG org.apache.http.impl.conn.DefaultClientConnection - Receiving response: HTTP/1.1 200 OK
11:50:54.217 [main] DEBUG org.apache.http.headers - << HTTP/1.1 200 OK
11:50:54.217 [main] DEBUG org.apache.http.headers - << Content-Type: application/json; charset=UTF-8
11:50:54.217 [main] DEBUG org.apache.http.headers - << Vary: Origin
11:50:54.217 [main] DEBUG org.apache.http.headers - << Date: Mon, 26 Jun 2023 04:50:54 GMT
11:50:54.217 [main] DEBUG org.apache.http.headers - << Content-Length: 851
11:50:54.217 [main] DEBUG org.apache.http.impl.client.DefaultHttpClient - Connection can be kept alive indefinitely
11:50:54.217 [main] DEBUG io.restassured.internal.RestAssuredHttpBuilder - Parsing response as: application/json; charset=UTF-8
11:50:54.217 [main] DEBUG io.restassured.internal.RestAssuredHttpBuilder - Parsed data to instance of: class org.apache.http.conn.EofSensorInputStream
11:50:54.218 [main] DEBUG org.apache.http.wire -  << "{"data":{"profile_perusahaan":{"ID":1,"CreatedAt":"0001-01-01T00:00:00Z","UpdatedAt":"2023-06-25T16:52:02.995Z","DeletedAt":null,"nama":"Sean 1","deskripsi":"lorem ipsum","foto_profile":"123","email":"BalinkBarong@gmail.com","password":"123456","no_telepon":"0811111111111","whatsapp":"0811111111111","instagram":"@balink","facebook":"balink","alamat":"Kecamatan Kuta, Sebelah Selata Kota Denpasar, Bali","negara":"Indonesia","kode_pos":"16442","rekening_bca":"0","rekening_mandiri":"12345678910","rekening_bri":"12345678910","rekening_bni":"12345678910","rekening_btn":"12345678910","rekening_seabank":"0","rekening_bpd_bali":"12345678910"},"token":"eyJhbGciOiJIUzI1NiIsInR5cCI6IkpXVCJ9.eyJleHAiOjE2ODc3NzMwNTQsImlkIjoxLCJpc3MiOiJxd2VydHkiLCJuYW1lIjoiU2VhbiAxIn0.ogxjPyx20ZBrm_jNZAmV-ZKXtUKI05OAwZxHec0e0tg"},"message":"Login success","status":true}[\n]"
11:50:54.218 [main] DEBUG org.apache.http.impl.conn.BasicClientConnectionManager - Releasing connection org.apache.http.impl.conn.ManagedClientConnectionImpl@70799ca7
11:50:54.218 [main] DEBUG org.apache.http.impl.conn.BasicClientConnectionManager - Connection can be kept alive indefinitely
11:50:54.226 [main] DEBUG net.thucydides.core.steps.StepInterceptor - STEP DONE: admin send a HTTP request login in promo
  &amp#27;[32mWhen &amp#27;[0m&amp#27;[32madmin send a HTTP request login in promo&amp#27;[0m                     &amp#27;[90m# starter.stepdefinitions.Website.PromoSteps.adminSendAHTTPRequestLoginInPromo()&amp#27;[0m
11:50:54.227 [main] DEBUG net.thucydides.core.steps.StepInterceptor - STARTING STEP: PromoSteps.adminSetThePUTApiEndpointPromo - admin set the PUT api endpoint promo
11:50:54.227 [main] DEBUG net.thucydides.core.steps.StepInterceptor - STEP DONE: admin set the PUT api endpoint promo
  &amp#27;[32mAnd &amp#27;[0m&amp#27;[32madmin set the PUT api endpoint promo&amp#27;[0m                          &amp#27;[90m# starter.stepdefinitions.Website.PromoSteps.adminSetThePUTApiEndpointPromo()&amp#27;[0m
11:50:54.228 [main] DEBUG net.thucydides.core.steps.StepInterceptor - STARTING STEP: PromoSteps.adminSentHTTPPUTRequestGetPromoByID - admin sent HTTP PUT request get promo by ID
11:50:54.229 [main] DEBUG net.thucydides.core.steps.StepInterceptor - STARTING STEP: promo.adminSentHTTPPUTRequestGetPromoByID - admin set the PUT api endpoint promo
11:50:54.229 [main] DEBUG net.thucydides.core.steps.StepInterceptor - STEP DONE: admin set the PUT api endpoint promo
11:50:54.231 [main] DEBUG org.apache.http.impl.conn.BasicClientConnectionManager - Get connection for route {}->http://167.172.66.247:8002
11:50:54.231 [main] DEBUG org.apache.http.impl.conn.DefaultClientConnectionOperator - Connecting to 167.172.66.247:8002
11:50:54.267 [main] DEBUG org.apache.http.client.protocol.RequestAddCookies - CookieSpec selected: ignoreCookies
11:50:54.267 [main] DEBUG org.apache.http.client.protocol.RequestAuthCache - Auth cache not set in the context
11:50:54.267 [main] DEBUG org.apache.http.client.protocol.RequestTargetAuthentication - Target auth state: UNCHALLENGED
11:50:54.267 [main] DEBUG org.apache.http.client.protocol.RequestProxyAuthentication - Proxy auth state: UNCHALLENGED
11:50:54.267 [main] DEBUG org.apache.http.impl.client.DefaultHttpClient - Attempt 1 to execute request
11:50:54.267 [main] DEBUG org.apache.http.impl.conn.DefaultClientConnection - Sending request: PUT /promo/16 HTTP/1.1
11:50:54.267 [main] DEBUG org.apache.http.wire -  >> "PUT /promo/16 HTTP/1.1[\r][\n]"
11:50:54.267 [main] DEBUG org.apache.http.wire -  >> "Accept: */*[\r][\n]"
11:50:54.267 [main] DEBUG org.apache.http.wire -  >> "Content-Type: application/json[\r][\n]"
11:50:54.267 [main] DEBUG org.apache.http.wire -  >> "Content-Length: 87[\r][\n]"
11:50:54.267 [main] DEBUG org.apache.http.wire -  >> "Host: 167.172.66.247:8002[\r][\n]"
11:50:54.267 [main] DEBUG org.apache.http.wire -  >> "Connection: Keep-Alive[\r][\n]"
11:50:54.267 [main] DEBUG org.apache.http.wire -  >> "User-Agent: Apache-HttpClient/4.5.13 (Java/17.0.7)[\r][\n]"
11:50:54.267 [main] DEBUG org.apache.http.wire -  >> "Accept-Encoding: gzip,deflate[\r][\n]"
11:50:54.267 [main] DEBUG org.apache.http.wire -  >> "[\r][\n]"
11:50:54.267 [main] DEBUG org.apache.http.headers - >> PUT /promo/16 HTTP/1.1
11:50:54.267 [main] DEBUG org.apache.http.headers - >> Accept: */*
11:50:54.267 [main] DEBUG org.apache.http.headers - >> Content-Type: application/json
11:50:54.267 [main] DEBUG org.apache.http.headers - >> Content-Length: 87
11:50:54.267 [main] DEBUG org.apache.http.headers - >> Host: 167.172.66.247:8002
11:50:54.267 [main] DEBUG org.apache.http.headers - >> Connection: Keep-Alive
11:50:54.267 [main] DEBUG org.apache.http.headers - >> User-Agent: Apache-HttpClient/4.5.13 (Java/17.0.7)
11:50:54.267 [main] DEBUG org.apache.http.headers - >> Accept-Encoding: gzip,deflate
11:50:54.267 [main] DEBUG org.apache.http.wire -  >> "[[\n]"
11:50:54.267 [main] DEBUG org.apache.http.wire -  >> "{"nama":"Promo 1","kode":"123def","deskripsi":"lorem ipsum","potongan_harga":30000}[\n]"
11:50:54.267 [main] DEBUG org.apache.http.wire -  >> "]"
11:50:54.327 [main] DEBUG org.apache.http.wire -  << "HTTP/1.1 400 Bad Request[\r][\n]"
11:50:54.327 [main] DEBUG org.apache.http.wire -  << "Content-Type: application/json; charset=UTF-8[\r][\n]"
11:50:54.327 [main] DEBUG org.apache.http.wire -  << "Vary: Origin[\r][\n]"
11:50:54.327 [main] DEBUG org.apache.http.wire -  << "Date: Mon, 26 Jun 2023 04:50:54 GMT[\r][\n]"
11:50:54.327 [main] DEBUG org.apache.http.wire -  << "Content-Length: 39[\r][\n]"
11:50:54.327 [main] DEBUG org.apache.http.wire -  << "[\r][\n]"
11:50:54.327 [main] DEBUG org.apache.http.impl.conn.DefaultClientConnection - Receiving response: HTTP/1.1 400 Bad Request
11:50:54.327 [main] DEBUG org.apache.http.headers - << HTTP/1.1 400 Bad Request
11:50:54.327 [main] DEBUG org.apache.http.headers - << Content-Type: application/json; charset=UTF-8
11:50:54.327 [main] DEBUG org.apache.http.headers - << Vary: Origin
11:50:54.327 [main] DEBUG org.apache.http.headers - << Date: Mon, 26 Jun 2023 04:50:54 GMT
11:50:54.327 [main] DEBUG org.apache.http.headers - << Content-Length: 39
11:50:54.327 [main] DEBUG org.apache.http.impl.client.DefaultHttpClient - Connection can be kept alive indefinitely
11:50:54.327 [main] DEBUG io.restassured.internal.RestAssuredHttpBuilder - Parsing response as: application/json; charset=UTF-8
11:50:54.327 [main] DEBUG io.restassured.internal.RestAssuredHttpBuilder - Parsed data to instance of: class org.apache.http.conn.EofSensorInputStream
11:50:54.328 [main] DEBUG org.apache.http.wire -  << "{"message":"missing or malformed jwt"}[\n]"
11:50:54.329 [main] DEBUG org.apache.http.impl.conn.BasicClientConnectionManager - Releasing connection org.apache.http.impl.conn.ManagedClientConnectionImpl@22781286
11:50:54.329 [main] DEBUG org.apache.http.impl.conn.BasicClientConnectionManager - Connection can be kept alive indefinitely
11:50:54.329 [main] DEBUG net.thucydides.core.steps.StepInterceptor - STEP DONE: admin sent HTTP PUT request get promo by ID
  &amp#27;[32mAnd &amp#27;[0m&amp#27;[32madmin sent HTTP PUT request get promo by ID&amp#27;[0m                   &amp#27;[90m# starter.stepdefinitions.Website.PromoSteps.adminSentHTTPPUTRequestGetPromoByID()&amp#27;[0m
11:50:54.331 [main] DEBUG net.thucydides.core.steps.StepInterceptor - STARTING STEP: PromoSteps.adminReceiveAValidLoginAndPromoHTTPResponseCode200 - admin receive a valid login and promo HTTP response code 200
11:50:54.332 [main] DEBUG net.thucydides.core.steps.StepInterceptor - STARTING STEP: promo.adminReceiveAValidLoginAndPromoHTTPResponseCode200 - admin set the POST api endpoint promo
11:50:54.332 [main] DEBUG net.thucydides.core.steps.StepInterceptor - STEP DONE: admin set the POST api endpoint promo
11:50:54.335 [main] DEBUG org.apache.http.impl.conn.BasicClientConnectionManager - Get connection for route {}->http://167.172.66.247:8002
11:50:54.335 [main] DEBUG org.apache.http.impl.conn.DefaultClientConnectionOperator - Connecting to 167.172.66.247:8002
11:50:54.368 [main] DEBUG org.apache.http.client.protocol.RequestAddCookies - CookieSpec selected: ignoreCookies
11:50:54.368 [main] DEBUG org.apache.http.client.protocol.RequestAuthCache - Auth cache not set in the context
11:50:54.368 [main] DEBUG org.apache.http.client.protocol.RequestProxyAuthentication - Proxy auth state: UNCHALLENGED
11:50:54.368 [main] DEBUG org.apache.http.impl.client.DefaultHttpClient - Attempt 1 to execute request
11:50:54.368 [main] DEBUG org.apache.http.impl.conn.DefaultClientConnection - Sending request: GET /promo HTTP/1.1
11:50:54.368 [main] DEBUG org.apache.http.wire -  >> "GET /promo HTTP/1.1[\r][\n]"
11:50:54.368 [main] DEBUG org.apache.http.wire -  >> "Authorization: Bearer eyJhbGciOiJIUzI1NiIsInR5cCI6IkpXVCJ9.eyJleHAiOjE2ODc3NzMwNTQsImlkIjoxLCJpc3MiOiJxd2VydHkiLCJuYW1lIjoiU2VhbiAxIn0.ogxjPyx20ZBrm_jNZAmV-ZKXtUKI05OAwZxHec0e0tg[\r][\n]"
11:50:54.368 [main] DEBUG org.apache.http.wire -  >> "Accept: */*[\r][\n]"
11:50:54.368 [main] DEBUG org.apache.http.wire -  >> "Host: 167.172.66.247:8002[\r][\n]"
11:50:54.368 [main] DEBUG org.apache.http.wire -  >> "Connection: Keep-Alive[\r][\n]"
11:50:54.368 [main] DEBUG org.apache.http.wire -  >> "User-Agent: Apache-HttpClient/4.5.13 (Java/17.0.7)[\r][\n]"
11:50:54.368 [main] DEBUG org.apache.http.wire -  >> "Accept-Encoding: gzip,deflate[\r][\n]"
11:50:54.368 [main] DEBUG org.apache.http.wire -  >> "[\r][\n]"
11:50:54.368 [main] DEBUG org.apache.http.headers - >> GET /promo HTTP/1.1
11:50:54.368 [main] DEBUG org.apache.http.headers - >> Authorization: Bearer eyJhbGciOiJIUzI1NiIsInR5cCI6IkpXVCJ9.eyJleHAiOjE2ODc3NzMwNTQsImlkIjoxLCJpc3MiOiJxd2VydHkiLCJuYW1lIjoiU2VhbiAxIn0.ogxjPyx20ZBrm_jNZAmV-ZKXtUKI05OAwZxHec0e0tg
11:50:54.368 [main] DEBUG org.apache.http.headers - >> Accept: */*
11:50:54.368 [main] DEBUG org.apache.http.headers - >> Host: 167.172.66.247:8002
11:50:54.368 [main] DEBUG org.apache.http.headers - >> Connection: Keep-Alive
11:50:54.368 [main] DEBUG org.apache.http.headers - >> User-Agent: Apache-HttpClient/4.5.13 (Java/17.0.7)
11:50:54.368 [main] DEBUG org.apache.http.headers - >> Accept-Encoding: gzip,deflate
11:50:54.427 [main] DEBUG org.apache.http.wire -  << "HTTP/1.1 200 OK[\r][\n]"
11:50:54.427 [main] DEBUG org.apache.http.wire -  << "Content-Type: application/json; charset=UTF-8[\r][\n]"
11:50:54.427 [main] DEBUG org.apache.http.wire -  << "Vary: Origin[\r][\n]"
11:50:54.427 [main] DEBUG org.apache.http.wire -  << "Date: Mon, 26 Jun 2023 04:50:54 GMT[\r][\n]"
11:50:54.427 [main] DEBUG org.apache.http.wire -  << "Transfer-Encoding: chunked[\r][\n]"
11:50:54.427 [main] DEBUG org.apache.http.wire -  << "[\r][\n]"
11:50:54.427 [main] DEBUG org.apache.http.impl.conn.DefaultClientConnection - Receiving response: HTTP/1.1 200 OK
11:50:54.427 [main] DEBUG org.apache.http.headers - << HTTP/1.1 200 OK
11:50:54.427 [main] DEBUG org.apache.http.headers - << Content-Type: application/json; charset=UTF-8
11:50:54.427 [main] DEBUG org.apache.http.headers - << Vary: Origin
11:50:54.427 [main] DEBUG org.apache.http.headers - << Date: Mon, 26 Jun 2023 04:50:54 GMT
11:50:54.427 [main] DEBUG org.apache.http.headers - << Transfer-Encoding: chunked
11:50:54.427 [main] DEBUG org.apache.http.impl.client.DefaultHttpClient - Connection can be kept alive indefinitely
11:50:54.427 [main] DEBUG io.restassured.internal.RestAssuredHttpBuilder - Parsing response as: application/json; charset=UTF-8
11:50:54.427 [main] DEBUG io.restassured.internal.RestAssuredHttpBuilder - Parsed data to instance of: class org.apache.http.conn.EofSensorInputStream
11:50:54.428 [main] DEBUG org.apache.http.wire -  << "845[\r][\n]"
11:50:54.428 [main] DEBUG org.apache.http.wire -  << "{"data":{"data":[{"ID":16,"CreatedAt":"2023-06-18T02:54:20.765Z","UpdatedAt":"2023-06-25T14:21:59.998Z","DeletedAt":null,"nama":"BaliNyepi","deskripsi":"Promo menyambut hari suci umat Hindu","kode":"NYEPI","potongan_harga":18000},{"ID":19,"CreatedAt":"2023-06-18T02:54:38.326Z","UpdatedAt":"2023-06-25T12:38:19.763Z","DeletedAt":null,"nama":"Promo Merdeka","deskripsi":"Promo menyambut hari kemerdekaan","kode":"MERAHPUTIH","potongan_harga":30000},{"ID":20,"CreatedAt":"2023-06-18T02:54:40.272Z","UpdatedAt":"2023-06-25T13:54:27.183Z","DeletedAt":null,"nama":"SEMI","deskripsi":"Promo setiap hari Senin dan Minggu","kode":"SEMI2023","potongan_harga":2000},{"ID":21,"CreatedAt":"2023-06-18T02:54:42.087Z","UpdatedAt":"2023-06-25T13:10:00.663Z","DeletedAt":null,"nama":"Mid year sale","deskripsi":"Promo pertengahan tahun","kode":"JULI23","potongan_harga":20000},{"ID":22,"CreatedAt":"2023-06-18T02:54:43.979Z","UpdatedAt":"2023-06-25T13:12:13.261Z","DeletedAt":null,"nama":"PDKT","deskripsi":"Promo Diskon Akhir Tahun","kode":"PDKT","potongan_harga":40000},{"ID":23,"CreatedAt":"2023-06-18T03:15:28.984Z","UpdatedAt":"2023-06-25T13:38:47.144Z","DeletedAt":null,"nama":"Balink Happy","deskripsi":"Promo ulang tahun balink","kode":"HAPPY","potongan_harga":50000},{"ID":45,"CreatedAt":"2023-06-25T13:47:42.567Z","UpdatedAt":"2023-06-25T13:57:42.104Z","DeletedAt":null,"nama":"Promo 1.1","deskripsi":"Promo bulan Januari","kode":"P11","potongan_harga":10000},{"ID":46,"CreatedAt":"2023-06-25T13:58:24Z","UpdatedAt":"2023-06-25T13:58:24Z","DeletedAt":null,"nama":"Promo 2.2","deskripsi":"Promo bulan Februari","kode":"P22","potongan_harga":12000},{"ID":47,"CreatedAt":"2023-06-25T13:58:59.449Z","UpdatedAt":"2023-06-25T13:58:59.449Z","DeletedAt":null,"nama":"Promo 3.3","deskripsi":"Promo bulan Maret","kode":"P33","potongan_harga":13000},{"ID":48,"CreatedAt":"2023-06-25T13:59:35.373Z","UpdatedAt":"2023-06-25T13:59:35.373Z","DeletedAt":null,"nama":"Promo 4.4","deskripsi":"Promo bulan April","kode":"P44","potongan_harga":14000}],"data_shown":10,"page":1,"total_data":11},"message":"Get all Promo success","status":true}[\n]"
11:50:54.428 [main] DEBUG org.apache.http.wire -  << "[\r][\n]"
11:50:54.428 [main] DEBUG org.apache.http.wire -  << "0[\r][\n]"
11:50:54.428 [main] DEBUG org.apache.http.wire -  << "[\r][\n]"
11:50:54.428 [main] DEBUG org.apache.http.impl.conn.BasicClientConnectionManager - Releasing connection org.apache.http.impl.conn.ManagedClientConnectionImpl@21632bf8
11:50:54.428 [main] DEBUG org.apache.http.impl.conn.BasicClientConnectionManager - Connection can be kept alive indefinitely
11:50:54.430 [main] DEBUG net.thucydides.core.steps.StepInterceptor - STEP DONE: admin receive a valid login and promo HTTP response code 200
  &amp#27;[32mThen &amp#27;[0m&amp#27;[32madmin receive a valid login and promo HTTP response code 200&amp#27;[0m &amp#27;[90m# starter.stepdefinitions.Website.PromoSteps.adminReceiveAValidLoginAndPromoHTTPResponseCode200()&amp#27;[0m
11:50:54.431 [main] INFO  - 
  _____   ___   ___   _____     ___     _     ___   ___   ___   ___  
 |_   _| | __| / __| |_   _|   | _ \   /_\   / __| / __| | __| |   \ 
   | |   | _|  \__ \   | |     |  _/  / _ \  \__ \ \__ \ | _|  | |) |
   |_|   |___| |___/   |_|     |_|   /_/ \_\ |___/ |___/ |___| |___/ 

As admin, I can edit promo data by ID
----------------------------------------------------------------------
]]></system-out>
  </testcase>
  <testcase name="As admin, I can delete event data by ID" classname="As Admin, I want to manage the event feature #4" time="0.336">
    <system-out><![CDATA[11:50:54.443 [Finalizer] DEBUG org.apache.http.impl.conn.DefaultClientConnection - Connection 0.0.0.0:59826<->167.172.66.247:8002 closed
11:50:54.444 [Finalizer] DEBUG org.apache.http.impl.conn.DefaultClientConnection - Connection 0.0.0.0:59827<->167.172.66.247:8002 closed
11:50:54.444 [Finalizer] DEBUG org.apache.http.impl.conn.DefaultClientConnection - Connection 0.0.0.0:59828<->167.172.66.247:8002 closed
11:50:54.444 [Finalizer] DEBUG org.apache.http.impl.conn.DefaultClientConnection - Connection 0.0.0.0:59829<->167.172.66.247:8002 closed
11:50:54.444 [Finalizer] DEBUG org.apache.http.impl.conn.DefaultClientConnection - Connection 0.0.0.0:59830<->167.172.66.247:8002 closed
11:50:54.444 [Finalizer] DEBUG org.apache.http.impl.conn.DefaultClientConnection - Connection 0.0.0.0:59831<->167.172.66.247:8002 closed
11:50:54.444 [Finalizer] DEBUG org.apache.http.impl.conn.DefaultClientConnection - Connection 0.0.0.0:59832<->167.172.66.247:8002 closed
11:50:54.444 [Finalizer] DEBUG org.apache.http.impl.conn.DefaultClientConnection - Connection 0.0.0.0:59833<->167.172.66.247:8002 closed
11:50:54.444 [Finalizer] DEBUG org.apache.http.impl.conn.DefaultClientConnection - Connection 0.0.0.0:59820<->167.172.66.247:8002 closed
11:50:54.444 [Finalizer] DEBUG org.apache.http.impl.conn.DefaultClientConnection - Connection 0.0.0.0:59821<->167.172.66.247:8002 closed
11:50:54.444 [Finalizer] DEBUG org.apache.http.impl.conn.DefaultClientConnection - Connection 0.0.0.0:59822<->167.172.66.247:8002 closed
11:50:54.444 [Finalizer] DEBUG org.apache.http.impl.conn.DefaultClientConnection - Connection 0.0.0.0:59823<->167.172.66.247:8002 closed
11:50:54.444 [Finalizer] DEBUG org.apache.http.impl.conn.DefaultClientConnection - Connection 0.0.0.0:59824<->167.172.66.247:8002 closed
11:50:54.444 [Finalizer] DEBUG org.apache.http.impl.conn.DefaultClientConnection - Connection 0.0.0.0:59825<->167.172.66.247:8002 closed

@TCPROMO04
Scenario: As admin, I can delete event data by ID                   &amp#27;[90m# src/test/resources/Feature/Api/Website/Promo.feature:31&amp#27;[0m
11:50:54.447 [main] INFO io.cucumber.core.plugin.SerenityReporter - Running feature from file:///Users/macbookpro/Documents/Capstone_API_CI/src/test/resources/Feature/Api/Website/Promo.feature
11:50:54.447 [main] WARN io.cucumber.core.plugin.SerenityReporter - Feature from file:///Users/macbookpro/Documents/Capstone_API_CI/src/test/resources/Feature/Api/Website/Promo.feature is not under the 'features' directory. Requirements report will not be correctly generated!
11:50:54.447 [main] INFO  - 
  _____   ___   ___   _____     ___   _____     _     ___   _____   ___   ___  
 |_   _| | __| / __| |_   _|   / __| |_   _|   /_\   | _ \ |_   _| | __| |   \ 
   | |   | _|  \__ \   | |     \__ \   | |    / _ \  |   /   | |   | _|  | |) |
   |_|   |___| |___/   |_|     |___/   |_|   /_/ \_\ |_|_\   |_|   |___| |___/ 

As admin, I can delete event data by ID(as-admin--i-want-to-manage-the-event-feature;as-admin--i-can-delete-event-data-by-id)
--------------------------------------------------------------------------------
11:50:54.449 [main] DEBUG net.thucydides.core.steps.StepInterceptor - STARTING STEP: PromoSteps.adminSetUpApiEndpointLoginInPromo - admin set up api endpoint login in promo
11:50:54.449 [main] DEBUG net.thucydides.core.steps.StepInterceptor - STEP DONE: admin set up api endpoint login in promo
  &amp#27;[32mGiven &amp#27;[0m&amp#27;[32madmin set up api endpoint login in promo&amp#27;[0m                    &amp#27;[90m# starter.stepdefinitions.Website.PromoSteps.adminSetUpApiEndpointLoginInPromo()&amp#27;[0m
11:50:54.450 [main] DEBUG net.thucydides.core.steps.StepInterceptor - STARTING STEP: PromoSteps.adminSendAHTTPRequestLoginInPromo - admin send a HTTP request login in promo
11:50:54.450 [main] DEBUG net.thucydides.core.steps.StepInterceptor - STARTING STEP: promo.adminSendAHTTPRequestLoginInPromo - admin set up api endpoint login in promo
11:50:54.450 [main] DEBUG net.thucydides.core.steps.StepInterceptor - STEP DONE: admin set up api endpoint login in promo
11:50:54.452 [main] DEBUG org.apache.http.impl.conn.BasicClientConnectionManager - Get connection for route {}->http://167.172.66.247:8002
11:50:54.452 [main] DEBUG org.apache.http.impl.conn.DefaultClientConnectionOperator - Connecting to 167.172.66.247:8002
11:50:54.477 [main] DEBUG org.apache.http.client.protocol.RequestAddCookies - CookieSpec selected: ignoreCookies
11:50:54.477 [main] DEBUG org.apache.http.client.protocol.RequestAuthCache - Auth cache not set in the context
11:50:54.477 [main] DEBUG org.apache.http.client.protocol.RequestTargetAuthentication - Target auth state: UNCHALLENGED
11:50:54.477 [main] DEBUG org.apache.http.client.protocol.RequestProxyAuthentication - Proxy auth state: UNCHALLENGED
11:50:54.477 [main] DEBUG org.apache.http.impl.client.DefaultHttpClient - Attempt 1 to execute request
11:50:54.477 [main] DEBUG org.apache.http.impl.conn.DefaultClientConnection - Sending request: POST /admin_login HTTP/1.1
11:50:54.477 [main] DEBUG org.apache.http.wire -  >> "POST /admin_login HTTP/1.1[\r][\n]"
11:50:54.477 [main] DEBUG org.apache.http.wire -  >> "Accept: */*[\r][\n]"
11:50:54.477 [main] DEBUG org.apache.http.wire -  >> "Content-Type: application/json[\r][\n]"
11:50:54.477 [main] DEBUG org.apache.http.wire -  >> "Content-Length: 54[\r][\n]"
11:50:54.477 [main] DEBUG org.apache.http.wire -  >> "Host: 167.172.66.247:8002[\r][\n]"
11:50:54.477 [main] DEBUG org.apache.http.wire -  >> "Connection: Keep-Alive[\r][\n]"
11:50:54.477 [main] DEBUG org.apache.http.wire -  >> "User-Agent: Apache-HttpClient/4.5.13 (Java/17.0.7)[\r][\n]"
11:50:54.477 [main] DEBUG org.apache.http.wire -  >> "Accept-Encoding: gzip,deflate[\r][\n]"
11:50:54.477 [main] DEBUG org.apache.http.wire -  >> "[\r][\n]"
11:50:54.477 [main] DEBUG org.apache.http.headers - >> POST /admin_login HTTP/1.1
11:50:54.477 [main] DEBUG org.apache.http.headers - >> Accept: */*
11:50:54.477 [main] DEBUG org.apache.http.headers - >> Content-Type: application/json
11:50:54.477 [main] DEBUG org.apache.http.headers - >> Content-Length: 54
11:50:54.477 [main] DEBUG org.apache.http.headers - >> Host: 167.172.66.247:8002
11:50:54.477 [main] DEBUG org.apache.http.headers - >> Connection: Keep-Alive
11:50:54.477 [main] DEBUG org.apache.http.headers - >> User-Agent: Apache-HttpClient/4.5.13 (Java/17.0.7)
11:50:54.477 [main] DEBUG org.apache.http.headers - >> Accept-Encoding: gzip,deflate
11:50:54.477 [main] DEBUG org.apache.http.wire -  >> "{"password":"123456","email":"BalinkBarong@gmail.com"}"
11:50:54.536 [main] DEBUG org.apache.http.wire -  << "HTTP/1.1 200 OK[\r][\n]"
11:50:54.536 [main] DEBUG org.apache.http.wire -  << "Content-Type: application/json; charset=UTF-8[\r][\n]"
11:50:54.536 [main] DEBUG org.apache.http.wire -  << "Vary: Origin[\r][\n]"
11:50:54.536 [main] DEBUG org.apache.http.wire -  << "Date: Mon, 26 Jun 2023 04:50:54 GMT[\r][\n]"
11:50:54.536 [main] DEBUG org.apache.http.wire -  << "Content-Length: 851[\r][\n]"
11:50:54.536 [main] DEBUG org.apache.http.wire -  << "[\r][\n]"
11:50:54.537 [main] DEBUG org.apache.http.impl.conn.DefaultClientConnection - Receiving response: HTTP/1.1 200 OK
11:50:54.537 [main] DEBUG org.apache.http.headers - << HTTP/1.1 200 OK
11:50:54.537 [main] DEBUG org.apache.http.headers - << Content-Type: application/json; charset=UTF-8
11:50:54.537 [main] DEBUG org.apache.http.headers - << Vary: Origin
11:50:54.537 [main] DEBUG org.apache.http.headers - << Date: Mon, 26 Jun 2023 04:50:54 GMT
11:50:54.537 [main] DEBUG org.apache.http.headers - << Content-Length: 851
11:50:54.537 [main] DEBUG org.apache.http.impl.client.DefaultHttpClient - Connection can be kept alive indefinitely
11:50:54.537 [main] DEBUG io.restassured.internal.RestAssuredHttpBuilder - Parsing response as: application/json; charset=UTF-8
11:50:54.537 [main] DEBUG io.restassured.internal.RestAssuredHttpBuilder - Parsed data to instance of: class org.apache.http.conn.EofSensorInputStream
11:50:54.537 [main] DEBUG org.apache.http.wire -  << "{"data":{"profile_perusahaan":{"ID":1,"CreatedAt":"0001-01-01T00:00:00Z","UpdatedAt":"2023-06-25T16:52:02.995Z","DeletedAt":null,"nama":"Sean 1","deskripsi":"lorem ipsum","foto_profile":"123","email":"BalinkBarong@gmail.com","password":"123456","no_telepon":"0811111111111","whatsapp":"0811111111111","instagram":"@balink","facebook":"balink","alamat":"Kecamatan Kuta, Sebelah Selata Kota Denpasar, Bali","negara":"Indonesia","kode_pos":"16442","rekening_bca":"0","rekening_mandiri":"12345678910","rekening_bri":"12345678910","rekening_bni":"12345678910","rekening_btn":"12345678910","rekening_seabank":"0","rekening_bpd_bali":"12345678910"},"token":"eyJhbGciOiJIUzI1NiIsInR5cCI6IkpXVCJ9.eyJleHAiOjE2ODc3NzMwNTQsImlkIjoxLCJpc3MiOiJxd2VydHkiLCJuYW1lIjoiU2VhbiAxIn0.ogxjPyx20ZBrm_jNZAmV-ZKXtUKI05OAwZxHec0e0tg"},"message":"Login success","status":true}[\n]"
11:50:54.537 [main] DEBUG org.apache.http.impl.conn.BasicClientConnectionManager - Releasing connection org.apache.http.impl.conn.ManagedClientConnectionImpl@7234db3
11:50:54.537 [main] DEBUG org.apache.http.impl.conn.BasicClientConnectionManager - Connection can be kept alive indefinitely
11:50:54.544 [main] DEBUG net.thucydides.core.steps.StepInterceptor - STEP DONE: admin send a HTTP request login in promo
  &amp#27;[32mWhen &amp#27;[0m&amp#27;[32madmin send a HTTP request login in promo&amp#27;[0m                     &amp#27;[90m# starter.stepdefinitions.Website.PromoSteps.adminSendAHTTPRequestLoginInPromo()&amp#27;[0m
11:50:54.545 [main] DEBUG net.thucydides.core.steps.StepInterceptor - STARTING STEP: PromoSteps.adminSetTheDELApiEndpointPromo - admin set the DEL api endpoint promo
11:50:54.545 [main] DEBUG net.thucydides.core.steps.StepInterceptor - STEP DONE: admin set the DEL api endpoint promo
  &amp#27;[32mAnd &amp#27;[0m&amp#27;[32madmin set the DEL api endpoint promo&amp#27;[0m                          &amp#27;[90m# starter.stepdefinitions.Website.PromoSteps.adminSetTheDELApiEndpointPromo()&amp#27;[0m
11:50:54.545 [main] DEBUG net.thucydides.core.steps.StepInterceptor - STARTING STEP: PromoSteps.adminSentHTTPDELRequestPromoByID - admin sent HTTP DEL request promo by ID
11:50:54.546 [main] DEBUG net.thucydides.core.steps.StepInterceptor - STARTING STEP: promo.adminSentHTTPDELRequestPromoByID - admin set the DEL api endpoint promo
11:50:54.546 [main] DEBUG net.thucydides.core.steps.StepInterceptor - STEP DONE: admin set the DEL api endpoint promo
11:50:54.548 [main] DEBUG org.apache.http.impl.conn.BasicClientConnectionManager - Get connection for route {}->http://167.172.66.247:8002
11:50:54.548 [main] DEBUG org.apache.http.impl.conn.DefaultClientConnectionOperator - Connecting to 167.172.66.247:8002
11:50:54.577 [main] DEBUG org.apache.http.client.protocol.RequestAddCookies - CookieSpec selected: ignoreCookies
11:50:54.577 [main] DEBUG org.apache.http.client.protocol.RequestAuthCache - Auth cache not set in the context
11:50:54.577 [main] DEBUG org.apache.http.client.protocol.RequestTargetAuthentication - Target auth state: UNCHALLENGED
11:50:54.577 [main] DEBUG org.apache.http.client.protocol.RequestProxyAuthentication - Proxy auth state: UNCHALLENGED
11:50:54.577 [main] DEBUG org.apache.http.impl.client.DefaultHttpClient - Attempt 1 to execute request
11:50:54.577 [main] DEBUG org.apache.http.impl.conn.DefaultClientConnection - Sending request: DELETE /promo/16 HTTP/1.1
11:50:54.577 [main] DEBUG org.apache.http.wire -  >> "DELETE /promo/16 HTTP/1.1[\r][\n]"
11:50:54.577 [main] DEBUG org.apache.http.wire -  >> "Accept: */*[\r][\n]"
11:50:54.577 [main] DEBUG org.apache.http.wire -  >> "Host: 167.172.66.247:8002[\r][\n]"
11:50:54.577 [main] DEBUG org.apache.http.wire -  >> "Connection: Keep-Alive[\r][\n]"
11:50:54.577 [main] DEBUG org.apache.http.wire -  >> "User-Agent: Apache-HttpClient/4.5.13 (Java/17.0.7)[\r][\n]"
11:50:54.577 [main] DEBUG org.apache.http.wire -  >> "Accept-Encoding: gzip,deflate[\r][\n]"
11:50:54.577 [main] DEBUG org.apache.http.wire -  >> "[\r][\n]"
11:50:54.577 [main] DEBUG org.apache.http.headers - >> DELETE /promo/16 HTTP/1.1
11:50:54.577 [main] DEBUG org.apache.http.headers - >> Accept: */*
11:50:54.577 [main] DEBUG org.apache.http.headers - >> Host: 167.172.66.247:8002
11:50:54.577 [main] DEBUG org.apache.http.headers - >> Connection: Keep-Alive
11:50:54.577 [main] DEBUG org.apache.http.headers - >> User-Agent: Apache-HttpClient/4.5.13 (Java/17.0.7)
11:50:54.577 [main] DEBUG org.apache.http.headers - >> Accept-Encoding: gzip,deflate
11:50:54.657 [main] DEBUG org.apache.http.wire -  << "HTTP/1.1 400 Bad Request[\r][\n]"
11:50:54.657 [main] DEBUG org.apache.http.wire -  << "Content-Type: application/json; charset=UTF-8[\r][\n]"
11:50:54.657 [main] DEBUG org.apache.http.wire -  << "Vary: Origin[\r][\n]"
11:50:54.657 [main] DEBUG org.apache.http.wire -  << "Date: Mon, 26 Jun 2023 04:50:54 GMT[\r][\n]"
11:50:54.657 [main] DEBUG org.apache.http.wire -  << "Content-Length: 39[\r][\n]"
11:50:54.657 [main] DEBUG org.apache.http.wire -  << "[\r][\n]"
11:50:54.657 [main] DEBUG org.apache.http.impl.conn.DefaultClientConnection - Receiving response: HTTP/1.1 400 Bad Request
11:50:54.657 [main] DEBUG org.apache.http.headers - << HTTP/1.1 400 Bad Request
11:50:54.657 [main] DEBUG org.apache.http.headers - << Content-Type: application/json; charset=UTF-8
11:50:54.657 [main] DEBUG org.apache.http.headers - << Vary: Origin
11:50:54.657 [main] DEBUG org.apache.http.headers - << Date: Mon, 26 Jun 2023 04:50:54 GMT
11:50:54.657 [main] DEBUG org.apache.http.headers - << Content-Length: 39
11:50:54.657 [main] DEBUG org.apache.http.impl.client.DefaultHttpClient - Connection can be kept alive indefinitely
11:50:54.657 [main] DEBUG io.restassured.internal.RestAssuredHttpBuilder - Parsing response as: application/json; charset=UTF-8
11:50:54.657 [main] DEBUG io.restassured.internal.RestAssuredHttpBuilder - Parsed data to instance of: class org.apache.http.conn.EofSensorInputStream
11:50:54.657 [main] DEBUG org.apache.http.wire -  << "{"message":"missing or malformed jwt"}[\n]"
11:50:54.657 [main] DEBUG org.apache.http.impl.conn.BasicClientConnectionManager - Releasing connection org.apache.http.impl.conn.ManagedClientConnectionImpl@149162a4
11:50:54.657 [main] DEBUG org.apache.http.impl.conn.BasicClientConnectionManager - Connection can be kept alive indefinitely
11:50:54.657 [main] DEBUG net.thucydides.core.steps.StepInterceptor - STEP DONE: admin sent HTTP DEL request promo by ID
  &amp#27;[32mAnd &amp#27;[0m&amp#27;[32madmin sent HTTP DEL request promo by ID&amp#27;[0m                       &amp#27;[90m# starter.stepdefinitions.Website.PromoSteps.adminSentHTTPDELRequestPromoByID()&amp#27;[0m
11:50:54.658 [main] DEBUG net.thucydides.core.steps.StepInterceptor - STARTING STEP: PromoSteps.adminReceiveAValidLoginAndPromoHTTPResponseCode200 - admin receive a valid login and promo HTTP response code 200
11:50:54.658 [main] DEBUG net.thucydides.core.steps.StepInterceptor - STARTING STEP: promo.adminReceiveAValidLoginAndPromoHTTPResponseCode200 - admin set the POST api endpoint promo
11:50:54.658 [main] DEBUG net.thucydides.core.steps.StepInterceptor - STEP DONE: admin set the POST api endpoint promo
11:50:54.659 [main] DEBUG org.apache.http.impl.conn.BasicClientConnectionManager - Get connection for route {}->http://167.172.66.247:8002
11:50:54.659 [main] DEBUG org.apache.http.impl.conn.DefaultClientConnectionOperator - Connecting to 167.172.66.247:8002
11:50:54.697 [main] DEBUG org.apache.http.client.protocol.RequestAddCookies - CookieSpec selected: ignoreCookies
11:50:54.697 [main] DEBUG org.apache.http.client.protocol.RequestAuthCache - Auth cache not set in the context
11:50:54.697 [main] DEBUG org.apache.http.client.protocol.RequestProxyAuthentication - Proxy auth state: UNCHALLENGED
11:50:54.697 [main] DEBUG org.apache.http.impl.client.DefaultHttpClient - Attempt 1 to execute request
11:50:54.697 [main] DEBUG org.apache.http.impl.conn.DefaultClientConnection - Sending request: GET /promo HTTP/1.1
11:50:54.697 [main] DEBUG org.apache.http.wire -  >> "GET /promo HTTP/1.1[\r][\n]"
11:50:54.697 [main] DEBUG org.apache.http.wire -  >> "Authorization: Bearer eyJhbGciOiJIUzI1NiIsInR5cCI6IkpXVCJ9.eyJleHAiOjE2ODc3NzMwNTQsImlkIjoxLCJpc3MiOiJxd2VydHkiLCJuYW1lIjoiU2VhbiAxIn0.ogxjPyx20ZBrm_jNZAmV-ZKXtUKI05OAwZxHec0e0tg[\r][\n]"
11:50:54.697 [main] DEBUG org.apache.http.wire -  >> "Accept: */*[\r][\n]"
11:50:54.697 [main] DEBUG org.apache.http.wire -  >> "Host: 167.172.66.247:8002[\r][\n]"
11:50:54.697 [main] DEBUG org.apache.http.wire -  >> "Connection: Keep-Alive[\r][\n]"
11:50:54.697 [main] DEBUG org.apache.http.wire -  >> "User-Agent: Apache-HttpClient/4.5.13 (Java/17.0.7)[\r][\n]"
11:50:54.697 [main] DEBUG org.apache.http.wire -  >> "Accept-Encoding: gzip,deflate[\r][\n]"
11:50:54.697 [main] DEBUG org.apache.http.wire -  >> "[\r][\n]"
11:50:54.697 [main] DEBUG org.apache.http.headers - >> GET /promo HTTP/1.1
11:50:54.697 [main] DEBUG org.apache.http.headers - >> Authorization: Bearer eyJhbGciOiJIUzI1NiIsInR5cCI6IkpXVCJ9.eyJleHAiOjE2ODc3NzMwNTQsImlkIjoxLCJpc3MiOiJxd2VydHkiLCJuYW1lIjoiU2VhbiAxIn0.ogxjPyx20ZBrm_jNZAmV-ZKXtUKI05OAwZxHec0e0tg
11:50:54.697 [main] DEBUG org.apache.http.headers - >> Accept: */*
11:50:54.697 [main] DEBUG org.apache.http.headers - >> Host: 167.172.66.247:8002
11:50:54.697 [main] DEBUG org.apache.http.headers - >> Connection: Keep-Alive
11:50:54.697 [main] DEBUG org.apache.http.headers - >> User-Agent: Apache-HttpClient/4.5.13 (Java/17.0.7)
11:50:54.697 [main] DEBUG org.apache.http.headers - >> Accept-Encoding: gzip,deflate
11:50:54.767 [main] DEBUG org.apache.http.wire -  << "HTTP/1.1 200 OK[\r][\n]"
11:50:54.767 [main] DEBUG org.apache.http.wire -  << "Content-Type: application/json; charset=UTF-8[\r][\n]"
11:50:54.767 [main] DEBUG org.apache.http.wire -  << "Vary: Origin[\r][\n]"
11:50:54.767 [main] DEBUG org.apache.http.wire -  << "Date: Mon, 26 Jun 2023 04:50:54 GMT[\r][\n]"
11:50:54.767 [main] DEBUG org.apache.http.wire -  << "Transfer-Encoding: chunked[\r][\n]"
11:50:54.767 [main] DEBUG org.apache.http.wire -  << "[\r][\n]"
11:50:54.767 [main] DEBUG org.apache.http.impl.conn.DefaultClientConnection - Receiving response: HTTP/1.1 200 OK
11:50:54.767 [main] DEBUG org.apache.http.headers - << HTTP/1.1 200 OK
11:50:54.767 [main] DEBUG org.apache.http.headers - << Content-Type: application/json; charset=UTF-8
11:50:54.767 [main] DEBUG org.apache.http.headers - << Vary: Origin
11:50:54.767 [main] DEBUG org.apache.http.headers - << Date: Mon, 26 Jun 2023 04:50:54 GMT
11:50:54.767 [main] DEBUG org.apache.http.headers - << Transfer-Encoding: chunked
11:50:54.767 [main] DEBUG org.apache.http.impl.client.DefaultHttpClient - Connection can be kept alive indefinitely
11:50:54.767 [main] DEBUG io.restassured.internal.RestAssuredHttpBuilder - Parsing response as: application/json; charset=UTF-8
11:50:54.767 [main] DEBUG io.restassured.internal.RestAssuredHttpBuilder - Parsed data to instance of: class org.apache.http.conn.EofSensorInputStream
11:50:54.767 [main] DEBUG org.apache.http.wire -  << "845[\r][\n]"
11:50:54.767 [main] DEBUG org.apache.http.wire -  << "{"data":{"data":[{"ID":16,"CreatedAt":"2023-06-18T02:54:20.765Z","UpdatedAt":"2023-06-25T14:21:59.998Z","DeletedAt":null,"nama":"BaliNyepi","deskripsi":"Promo menyambut hari suci umat Hindu","kode":"NYEPI","potongan_harga":18000},{"ID":19,"CreatedAt":"2023-06-18T02:54:38.326Z","UpdatedAt":"2023-06-25T12:38:19.763Z","DeletedAt":null,"nama":"Promo Merdeka","deskripsi":"Promo menyambut hari kemerdekaan","kode":"MERAHPUTIH","potongan_harga":30000},{"ID":20,"CreatedAt":"2023-06-18T02:54:40.272Z","UpdatedAt":"2023-06-25T13:54:27.183Z","DeletedAt":null,"nama":"SEMI","deskripsi":"Promo setiap hari Senin dan Minggu","kode":"SEMI2023","potongan_harga":2000},{"ID":21,"CreatedAt":"2023-06-18T02:54:42.087Z","UpdatedAt":"2023-06-25T13:10:00.663Z","DeletedAt":null,"nama":"Mid year sale","deskripsi":"Promo pertengahan tahun","kode":"JULI23","potongan_harga":20000},{"ID":22,"CreatedAt":"2023-06-18T02:54:43.979Z","UpdatedAt":"2023-06-25T13:12:13.261Z","DeletedAt":null,"nama":"PDKT","deskripsi":"Promo Diskon Akhir Tahun","kode":"PDKT","potongan_harga":40000},{"ID":23,"CreatedAt":"2023-06-18T03:15:28.984Z","UpdatedAt":"2023-06-25T13:38:47.144Z","DeletedAt":null,"nama":"Balink Happy","deskripsi":"Promo ulang tahun balink","kode":"HAPPY","potongan_harga":50000},{"ID":45,"CreatedAt":"2023-06-25T13:47:42.567Z","UpdatedAt":"2023-06-25T13:57:42.104Z","DeletedAt":null,"nama":"Promo 1.1","deskripsi":"Promo bulan Januari","kode":"P11","potongan_harga":10000},{"ID":46,"CreatedAt":"2023-06-25T13:58:24Z","UpdatedAt":"2023-06-25T13:58:24Z","DeletedAt":null,"nama":"Promo 2.2","deskripsi":"Promo bulan Februari","kode":"P22","potongan_harga":12000},{"ID":47,"CreatedAt":"2023-06-25T13:58:59.449Z","UpdatedAt":"2023-06-25T13:58:59.449Z","DeletedAt":null,"nama":"Promo 3.3","deskripsi":"Promo bulan Maret","kode":"P33","potongan_harga":13000},{"ID":48,"CreatedAt":"2023-06-25T13:59:35.373Z","UpdatedAt":"2023-06-25T13:59:35.373Z","DeletedAt":null,"nama":"Promo 4.4","deskripsi":"Promo bulan April","kode":"P44","potongan_harga":14000}],"data_shown":10,"page":1,"total_data":11},"message":"Get all Promo success","status":true}[\n]"
11:50:54.767 [main] DEBUG org.apache.http.wire -  << "[\r][\n]"
11:50:54.767 [main] DEBUG org.apache.http.wire -  << "0[\r][\n]"
11:50:54.767 [main] DEBUG org.apache.http.wire -  << "[\r][\n]"
11:50:54.767 [main] DEBUG org.apache.http.impl.conn.BasicClientConnectionManager - Releasing connection org.apache.http.impl.conn.ManagedClientConnectionImpl@354ed5c4
11:50:54.767 [main] DEBUG org.apache.http.impl.conn.BasicClientConnectionManager - Connection can be kept alive indefinitely
11:50:54.768 [main] DEBUG net.thucydides.core.steps.StepInterceptor - STEP DONE: admin receive a valid login and promo HTTP response code 200
  &amp#27;[32mThen &amp#27;[0m&amp#27;[32madmin receive a valid login and promo HTTP response code 200&amp#27;[0m &amp#27;[90m# starter.stepdefinitions.Website.PromoSteps.adminReceiveAValidLoginAndPromoHTTPResponseCode200()&amp#27;[0m
11:50:54.769 [main] INFO  - 
  _____   ___   ___   _____     ___     _     ___   ___   ___   ___  
 |_   _| | __| / __| |_   _|   | _ \   /_\   / __| / __| | __| |   \ 
   | |   | _|  \__ \   | |     |  _/  / _ \  \__ \ \__ \ | _|  | |) |
   |_|   |___| |___/   |_|     |_|   /_/ \_\ |___/ |___/ |___| |___/ 

As admin, I can delete event data by ID
----------------------------------------------------------------------
]]></system-out>
  </testcase>
</testsuite>